Starting job 6259288 on c24-9 on fram at Tue May 27 19:13:59 CEST 2025


Currently Loaded Modules:
  1) StdEnv (S)

  Where:
   S:  Module is Sticky, requires --force to unload or purge

 


The following have been reloaded with a version change:
  1) FFTW/3.3.10-GCC-13.3.0 => FFTW/3.3.10-GCC-11.3.0
  2) FlexiBLAS/3.4.4-GCC-13.3.0 => FlexiBLAS/3.2.0-GCC-11.3.0
  3) GCC/13.3.0 => GCC/11.3.0
  4) GCCcore/13.3.0 => GCCcore/11.3.0
  5) OpenBLAS/0.3.27-GCC-13.3.0 => OpenBLAS/0.3.20-GCC-11.3.0
  6) OpenSSL/3 => OpenSSL/1.1
  7) Python/3.12.3-GCCcore-13.3.0 => Python/3.10.4-GCCcore-11.3.0
  8) SQLite/3.45.3-GCCcore-13.3.0 => SQLite/3.38.3-GCCcore-11.3.0
  9) SciPy-bundle/2024.05-gfbf-2024a => SciPy-bundle/2022.05-foss-2022a
 10) Tcl/8.6.14-GCCcore-13.3.0 => Tcl/8.6.12-GCCcore-11.3.0
 11) XZ/5.4.5-GCCcore-13.3.0 => XZ/5.2.5-GCCcore-11.3.0
 12) binutils/2.42-GCCcore-13.3.0 => binutils/2.38-GCCcore-11.3.0
 13) bzip2/1.0.8-GCCcore-13.3.0 => bzip2/1.0.8-GCCcore-11.3.0
 14) gzip/1.13-GCCcore-13.3.0 => gzip/1.12-GCCcore-11.3.0
 15) libffi/3.4.5-GCCcore-13.3.0 => libffi/3.4.2-GCCcore-11.3.0
 16) libreadline/8.2-GCCcore-13.3.0 => libreadline/8.1.2-GCCcore-11.3.0
 17) lz4/1.9.4-GCCcore-13.3.0 => lz4/1.9.3-GCCcore-11.3.0
 18) ncurses/6.5-GCCcore-13.3.0 => ncurses/6.3-GCCcore-11.3.0
 19) pybind11/2.12.0-GCC-13.3.0 => pybind11/2.9.2-GCCcore-11.3.0
 20) zlib/1.3.1-GCCcore-13.3.0 => zlib/1.2.12-GCCcore-11.3.0
 21) zstd/1.5.6-GCCcore-13.3.0 => zstd/1.5.2-GCCcore-11.3.0

[Parallel(n_jobs=32)]: Using backend LokyBackend with 32 concurrent workers.
[Parallel(n_jobs=32)]: Done   5 out of  32 | elapsed:  1.5min remaining:  8.1min
[Parallel(n_jobs=32)]: Done   9 out of  32 | elapsed:  1.5min remaining:  3.9min
[Parallel(n_jobs=32)]: Done  13 out of  32 | elapsed:  1.5min remaining:  2.2min
[Parallel(n_jobs=32)]: Done  17 out of  32 | elapsed:  1.5min remaining:  1.4min
[Parallel(n_jobs=32)]: Done  21 out of  32 | elapsed:  1.5min remaining:   48.3s
[Parallel(n_jobs=32)]: Done  25 out of  32 | elapsed:  1.5min remaining:   26.0s
[Parallel(n_jobs=32)]: Done  29 out of  32 | elapsed:  1.6min remaining:    9.6s
[Parallel(n_jobs=32)]: Done  32 out of  32 | elapsed:  1.6min finished
[Parallel(n_jobs=32)]: Using backend LokyBackend with 32 concurrent workers.
[Parallel(n_jobs=32)]: Done   5 out of  32 | elapsed:  1.5min remaining:  8.2min
[Parallel(n_jobs=32)]: Done   9 out of  32 | elapsed:  1.5min remaining:  3.9min
[Parallel(n_jobs=32)]: Done  13 out of  32 | elapsed:  1.5min remaining:  2.2min
[Parallel(n_jobs=32)]: Done  17 out of  32 | elapsed:  1.5min remaining:  1.3min
[Parallel(n_jobs=32)]: Done  21 out of  32 | elapsed:  1.5min remaining:   48.6s
[Parallel(n_jobs=32)]: Done  25 out of  32 | elapsed:  1.6min remaining:   26.1s
[Parallel(n_jobs=32)]: Done  29 out of  32 | elapsed:  1.6min remaining:    9.7s
[Parallel(n_jobs=32)]: Done  32 out of  32 | elapsed:  1.6min finished

real	4m0.369s
user	0m0.022s
sys	0m0.066s
EBVERSIONNUMACTL=2.0.14
SLURM_JOB_NUM_NODES=1
EBROOTNUMACTL=/cluster/software/numactl/2.0.14-GCCcore-11.3.0
EBDEVELNUMACTL=/cluster/software/numactl/2.0.14-GCCcore-11.3.0/easybuild/numactl-2.0.14-GCCcore-11.3.0-easybuild-devel
OMP_NUM_THREADS=32

Job 6259288 consumed 2.2 billing hours from project nn8008k.

Submitted 2025-05-27T19:13:58; waited 1.0 seconds in the queue after becoming eligible to run.

Requested wallclock time: 6.3 hours
Elapsed wallclock time:   4.1 minutes

Job exited normally.

Task and CPU statistics:
ID              CPUs  Tasks  CPU util                Start  Elapsed  Exit status
6259288           32            0.0 %  2025-05-27T19:13:59  247.0 s  0
6259288.batch     32      1     0.1 %  2025-05-27T19:13:59  247.0 s  0
6259288.python    32      1    75.7 %  2025-05-27T19:14:05  241.0 s  0

Used CPU time:   1.6 CPU hours
Unused CPU time: 34.3 CPU minutes

Memory statistics, in GiB:
ID               Alloc   Usage
6259288           59.0        
6259288.batch     59.0     0.0
6259288.python    59.0     1.9

Job 6259288 completed at Tue May 27 19:18:06 CEST 2025
Starting job 6259323 on c4-8 on fram at Tue May 27 22:09:29 CEST 2025


Currently Loaded Modules:
  1) StdEnv (S)

  Where:
   S:  Module is Sticky, requires --force to unload or purge

 


The following have been reloaded with a version change:
  1) FFTW/3.3.10-GCC-13.3.0 => FFTW/3.3.10-GCC-11.3.0
  2) FlexiBLAS/3.4.4-GCC-13.3.0 => FlexiBLAS/3.2.0-GCC-11.3.0
  3) GCC/13.3.0 => GCC/11.3.0
  4) GCCcore/13.3.0 => GCCcore/11.3.0
  5) OpenBLAS/0.3.27-GCC-13.3.0 => OpenBLAS/0.3.20-GCC-11.3.0
  6) OpenSSL/3 => OpenSSL/1.1
  7) Python/3.12.3-GCCcore-13.3.0 => Python/3.10.4-GCCcore-11.3.0
  8) SQLite/3.45.3-GCCcore-13.3.0 => SQLite/3.38.3-GCCcore-11.3.0
  9) SciPy-bundle/2024.05-gfbf-2024a => SciPy-bundle/2022.05-foss-2022a
 10) Tcl/8.6.14-GCCcore-13.3.0 => Tcl/8.6.12-GCCcore-11.3.0
 11) XZ/5.4.5-GCCcore-13.3.0 => XZ/5.2.5-GCCcore-11.3.0
 12) binutils/2.42-GCCcore-13.3.0 => binutils/2.38-GCCcore-11.3.0
 13) bzip2/1.0.8-GCCcore-13.3.0 => bzip2/1.0.8-GCCcore-11.3.0
 14) gzip/1.13-GCCcore-13.3.0 => gzip/1.12-GCCcore-11.3.0
 15) libffi/3.4.5-GCCcore-13.3.0 => libffi/3.4.2-GCCcore-11.3.0
 16) libreadline/8.2-GCCcore-13.3.0 => libreadline/8.1.2-GCCcore-11.3.0
 17) lz4/1.9.4-GCCcore-13.3.0 => lz4/1.9.3-GCCcore-11.3.0
 18) ncurses/6.5-GCCcore-13.3.0 => ncurses/6.3-GCCcore-11.3.0
 19) pybind11/2.12.0-GCC-13.3.0 => pybind11/2.9.2-GCCcore-11.3.0
 20) zlib/1.3.1-GCCcore-13.3.0 => zlib/1.2.12-GCCcore-11.3.0
 21) zstd/1.5.6-GCCcore-13.3.0 => zstd/1.5.2-GCCcore-11.3.0

Traceback (most recent call last):
  File "/cluster/work/users/llpui9007/seasonal_runs/similarity/clean_Fmap.py", line 82, in <module>
    formatted_e = f"{e:.2f}"
NameError: name 'e' is not defined
srun: error: c4-8: task 0: Exited with exit code 1
srun: Terminating StepId=6259323.0

real	1m8.500s
user	0m0.021s
sys	0m0.064s

Job 6259323 consumed 0.7 billing hours from project nn8008k.

Submitted 2025-05-27T22:09:28; waited 1.0 seconds in the queue after becoming eligible to run.

Requested wallclock time: 6.3 hours
Elapsed wallclock time:   1.2 minutes

Job failed.

Task and CPU statistics:
ID              CPUs  Tasks  CPU util                Start  Elapsed  Exit status
6259323           32            0.0 %  2025-05-27T22:09:29   75.0 s  1
6259323.batch     32      1     0.2 %  2025-05-27T22:09:29   75.0 s  1
6259323.python    32      1     0.3 %  2025-05-27T22:09:36   68.0 s  1

Used CPU time:   10.1 CPU seconds
Unused CPU time: 39.8 CPU minutes

Memory statistics, in GiB:
ID               Alloc   Usage
6259323           59.0        
6259323.batch     59.0     0.0
6259323.python    59.0     0.3

Job 6259323 completed at Tue May 27 22:10:45 CEST 2025
Starting job 6259369 on c11-7 on fram at Tue May 27 22:43:43 CEST 2025


Currently Loaded Modules:
  1) StdEnv (S)

  Where:
   S:  Module is Sticky, requires --force to unload or purge

 


The following have been reloaded with a version change:
  1) FFTW/3.3.10-GCC-13.3.0 => FFTW/3.3.10-GCC-11.3.0
  2) FlexiBLAS/3.4.4-GCC-13.3.0 => FlexiBLAS/3.2.0-GCC-11.3.0
  3) GCC/13.3.0 => GCC/11.3.0
  4) GCCcore/13.3.0 => GCCcore/11.3.0
  5) OpenBLAS/0.3.27-GCC-13.3.0 => OpenBLAS/0.3.20-GCC-11.3.0
  6) OpenSSL/3 => OpenSSL/1.1
  7) Python/3.12.3-GCCcore-13.3.0 => Python/3.10.4-GCCcore-11.3.0
  8) SQLite/3.45.3-GCCcore-13.3.0 => SQLite/3.38.3-GCCcore-11.3.0
  9) SciPy-bundle/2024.05-gfbf-2024a => SciPy-bundle/2022.05-foss-2022a
 10) Tcl/8.6.14-GCCcore-13.3.0 => Tcl/8.6.12-GCCcore-11.3.0
 11) XZ/5.4.5-GCCcore-13.3.0 => XZ/5.2.5-GCCcore-11.3.0
 12) binutils/2.42-GCCcore-13.3.0 => binutils/2.38-GCCcore-11.3.0
 13) bzip2/1.0.8-GCCcore-13.3.0 => bzip2/1.0.8-GCCcore-11.3.0
 14) gzip/1.13-GCCcore-13.3.0 => gzip/1.12-GCCcore-11.3.0
 15) libffi/3.4.5-GCCcore-13.3.0 => libffi/3.4.2-GCCcore-11.3.0
 16) libreadline/8.2-GCCcore-13.3.0 => libreadline/8.1.2-GCCcore-11.3.0
 17) lz4/1.9.4-GCCcore-13.3.0 => lz4/1.9.3-GCCcore-11.3.0
 18) ncurses/6.5-GCCcore-13.3.0 => ncurses/6.3-GCCcore-11.3.0
 19) pybind11/2.12.0-GCC-13.3.0 => pybind11/2.9.2-GCCcore-11.3.0
 20) zlib/1.3.1-GCCcore-13.3.0 => zlib/1.2.12-GCCcore-11.3.0
 21) zstd/1.5.6-GCCcore-13.3.0 => zstd/1.5.2-GCCcore-11.3.0


real	0m21.755s
user	0m0.023s
sys	0m0.053s
EBVERSIONNUMACTL=2.0.14
SLURM_JOB_NUM_NODES=1
EBROOTNUMACTL=/cluster/software/numactl/2.0.14-GCCcore-11.3.0
EBDEVELNUMACTL=/cluster/software/numactl/2.0.14-GCCcore-11.3.0/easybuild/numactl-2.0.14-GCCcore-11.3.0-easybuild-devel
OMP_NUM_THREADS=32

Job 6259369 consumed 0.2 billing hours from project nn8008k.

Submitted 2025-05-27T22:43:40; waited 2.0 seconds in the queue after becoming eligible to run.

Requested wallclock time: 6.3 hours
Elapsed wallclock time:   27.0 seconds

Job exited normally.

Task and CPU statistics:
ID              CPUs  Tasks  CPU util                Start  Elapsed  Exit status
6259369           32            0.0 %  2025-05-27T22:43:42   27.0 s  0
6259369.batch     32      1     0.5 %  2025-05-27T22:43:42   27.0 s  0
6259369.python    32      1     4.4 %  2025-05-27T22:43:48   21.0 s  0

Used CPU time:   33.9 CPU seconds
Unused CPU time: 13.8 CPU minutes

Memory statistics, in GiB:
ID               Alloc   Usage
6259369           59.0        
6259369.batch     59.0     0.0
6259369.python    59.0     0.9

Job 6259369 completed at Tue May 27 22:44:10 CEST 2025
Starting job 6265107 on c42-1 on fram at Wed Jun 4 11:51:02 CEST 2025


Currently Loaded Modules:
  1) StdEnv (S)

  Where:
   S:  Module is Sticky, requires --force to unload or purge

 


The following have been reloaded with a version change:
  1) FFTW/3.3.10-GCC-13.3.0 => FFTW/3.3.10-GCC-11.3.0
  2) FlexiBLAS/3.4.4-GCC-13.3.0 => FlexiBLAS/3.2.0-GCC-11.3.0
  3) GCC/13.3.0 => GCC/11.3.0
  4) GCCcore/13.3.0 => GCCcore/11.3.0
  5) OpenBLAS/0.3.27-GCC-13.3.0 => OpenBLAS/0.3.20-GCC-11.3.0
  6) OpenSSL/3 => OpenSSL/1.1
  7) Python/3.12.3-GCCcore-13.3.0 => Python/3.10.4-GCCcore-11.3.0
  8) SQLite/3.45.3-GCCcore-13.3.0 => SQLite/3.38.3-GCCcore-11.3.0
  9) SciPy-bundle/2024.05-gfbf-2024a => SciPy-bundle/2022.05-foss-2022a
 10) Tcl/8.6.14-GCCcore-13.3.0 => Tcl/8.6.12-GCCcore-11.3.0
 11) XZ/5.4.5-GCCcore-13.3.0 => XZ/5.2.5-GCCcore-11.3.0
 12) binutils/2.42-GCCcore-13.3.0 => binutils/2.38-GCCcore-11.3.0
 13) bzip2/1.0.8-GCCcore-13.3.0 => bzip2/1.0.8-GCCcore-11.3.0
 14) gzip/1.13-GCCcore-13.3.0 => gzip/1.12-GCCcore-11.3.0
 15) libffi/3.4.5-GCCcore-13.3.0 => libffi/3.4.2-GCCcore-11.3.0
 16) libreadline/8.2-GCCcore-13.3.0 => libreadline/8.1.2-GCCcore-11.3.0
 17) lz4/1.9.4-GCCcore-13.3.0 => lz4/1.9.3-GCCcore-11.3.0
 18) ncurses/6.5-GCCcore-13.3.0 => ncurses/6.3-GCCcore-11.3.0
 19) pybind11/2.12.0-GCC-13.3.0 => pybind11/2.9.2-GCCcore-11.3.0
 20) zlib/1.3.1-GCCcore-13.3.0 => zlib/1.2.12-GCCcore-11.3.0
 21) zstd/1.5.6-GCCcore-13.3.0 => zstd/1.5.2-GCCcore-11.3.0


real	0m31.948s
user	0m0.015s
sys	0m0.060s
EBVERSIONNUMACTL=2.0.14
SLURM_JOB_NUM_NODES=1
EBROOTNUMACTL=/cluster/software/numactl/2.0.14-GCCcore-11.3.0
EBDEVELNUMACTL=/cluster/software/numactl/2.0.14-GCCcore-11.3.0/easybuild/numactl-2.0.14-GCCcore-11.3.0-easybuild-devel
OMP_NUM_THREADS=32

Job 6265107 consumed 0.3 billing hours from project nn8008k.

Submitted 2025-06-04T11:50:47; waited 15.0 seconds in the queue after becoming eligible to run.

Requested wallclock time: 6.3 hours
Elapsed wallclock time:   38.0 seconds

Job exited normally.

Task and CPU statistics:
ID              CPUs  Tasks  CPU util                Start  Elapsed  Exit status
6265107           32            0.0 %  2025-06-04T11:51:02   38.0 s  0
6265107.batch     32      1     0.4 %  2025-06-04T11:51:02   38.0 s  0
6265107.python    32      1     3.1 %  2025-06-04T11:51:09   31.0 s  0

Used CPU time:   35.4 CPU seconds
Unused CPU time: 19.7 CPU minutes

Memory statistics, in GiB:
ID               Alloc   Usage
6265107           59.0        
6265107.batch     59.0     0.0
6265107.python    59.0     2.7

Job 6265107 completed at Wed Jun 4 11:51:41 CEST 2025
Starting job 6265144 on c58-4 on fram at Wed Jun 4 11:53:35 CEST 2025


Currently Loaded Modules:
  1) StdEnv (S)

  Where:
   S:  Module is Sticky, requires --force to unload or purge

 


The following have been reloaded with a version change:
  1) FFTW/3.3.10-GCC-13.3.0 => FFTW/3.3.10-GCC-11.3.0
  2) FlexiBLAS/3.4.4-GCC-13.3.0 => FlexiBLAS/3.2.0-GCC-11.3.0
  3) GCC/13.3.0 => GCC/11.3.0
  4) GCCcore/13.3.0 => GCCcore/11.3.0
  5) OpenBLAS/0.3.27-GCC-13.3.0 => OpenBLAS/0.3.20-GCC-11.3.0
  6) OpenSSL/3 => OpenSSL/1.1
  7) Python/3.12.3-GCCcore-13.3.0 => Python/3.10.4-GCCcore-11.3.0
  8) SQLite/3.45.3-GCCcore-13.3.0 => SQLite/3.38.3-GCCcore-11.3.0
  9) SciPy-bundle/2024.05-gfbf-2024a => SciPy-bundle/2022.05-foss-2022a
 10) Tcl/8.6.14-GCCcore-13.3.0 => Tcl/8.6.12-GCCcore-11.3.0
 11) XZ/5.4.5-GCCcore-13.3.0 => XZ/5.2.5-GCCcore-11.3.0
 12) binutils/2.42-GCCcore-13.3.0 => binutils/2.38-GCCcore-11.3.0
 13) bzip2/1.0.8-GCCcore-13.3.0 => bzip2/1.0.8-GCCcore-11.3.0
 14) gzip/1.13-GCCcore-13.3.0 => gzip/1.12-GCCcore-11.3.0
 15) libffi/3.4.5-GCCcore-13.3.0 => libffi/3.4.2-GCCcore-11.3.0
 16) libreadline/8.2-GCCcore-13.3.0 => libreadline/8.1.2-GCCcore-11.3.0
 17) lz4/1.9.4-GCCcore-13.3.0 => lz4/1.9.3-GCCcore-11.3.0
 18) ncurses/6.5-GCCcore-13.3.0 => ncurses/6.3-GCCcore-11.3.0
 19) pybind11/2.12.0-GCC-13.3.0 => pybind11/2.9.2-GCCcore-11.3.0
 20) zlib/1.3.1-GCCcore-13.3.0 => zlib/1.2.12-GCCcore-11.3.0
 21) zstd/1.5.6-GCCcore-13.3.0 => zstd/1.5.2-GCCcore-11.3.0


real	0m22.689s
user	0m0.024s
sys	0m0.056s
EBVERSIONNUMACTL=2.0.14
SLURM_JOB_NUM_NODES=1
EBROOTNUMACTL=/cluster/software/numactl/2.0.14-GCCcore-11.3.0
EBDEVELNUMACTL=/cluster/software/numactl/2.0.14-GCCcore-11.3.0/easybuild/numactl-2.0.14-GCCcore-11.3.0-easybuild-devel
OMP_NUM_THREADS=32

Job 6265144 consumed 0.3 billing hours from project nn8008k.

Submitted 2025-06-04T11:53:25; waited 7.0 seconds in the queue after becoming eligible to run.

Requested wallclock time: 6.3 hours
Elapsed wallclock time:   31.0 seconds

Job exited normally.

Task and CPU statistics:
ID              CPUs  Tasks  CPU util                Start  Elapsed  Exit status
6265144           32            0.0 %  2025-06-04T11:53:32   31.0 s  0
6265144.batch     32      1     0.5 %  2025-06-04T11:53:32   31.0 s  0
6265144.python    32      1     4.1 %  2025-06-04T11:53:41   22.0 s  0

Used CPU time:   33.9 CPU seconds
Unused CPU time: 16.0 CPU minutes

Memory statistics, in GiB:
ID               Alloc   Usage
6265144           59.0        
6265144.batch     59.0     0.0
6265144.python    59.0     0.9

Job 6265144 completed at Wed Jun 4 11:54:04 CEST 2025
Starting job 6265152 on c85-7 on fram at Wed Jun 4 11:57:07 CEST 2025


Currently Loaded Modules:
  1) StdEnv (S)

  Where:
   S:  Module is Sticky, requires --force to unload or purge

 


The following have been reloaded with a version change:
  1) FFTW/3.3.10-GCC-13.3.0 => FFTW/3.3.10-GCC-11.3.0
  2) FlexiBLAS/3.4.4-GCC-13.3.0 => FlexiBLAS/3.2.0-GCC-11.3.0
  3) GCC/13.3.0 => GCC/11.3.0
  4) GCCcore/13.3.0 => GCCcore/11.3.0
  5) OpenBLAS/0.3.27-GCC-13.3.0 => OpenBLAS/0.3.20-GCC-11.3.0
  6) OpenSSL/3 => OpenSSL/1.1
  7) Python/3.12.3-GCCcore-13.3.0 => Python/3.10.4-GCCcore-11.3.0
  8) SQLite/3.45.3-GCCcore-13.3.0 => SQLite/3.38.3-GCCcore-11.3.0
  9) SciPy-bundle/2024.05-gfbf-2024a => SciPy-bundle/2022.05-foss-2022a
 10) Tcl/8.6.14-GCCcore-13.3.0 => Tcl/8.6.12-GCCcore-11.3.0
 11) XZ/5.4.5-GCCcore-13.3.0 => XZ/5.2.5-GCCcore-11.3.0
 12) binutils/2.42-GCCcore-13.3.0 => binutils/2.38-GCCcore-11.3.0
 13) bzip2/1.0.8-GCCcore-13.3.0 => bzip2/1.0.8-GCCcore-11.3.0
 14) gzip/1.13-GCCcore-13.3.0 => gzip/1.12-GCCcore-11.3.0
 15) libffi/3.4.5-GCCcore-13.3.0 => libffi/3.4.2-GCCcore-11.3.0
 16) libreadline/8.2-GCCcore-13.3.0 => libreadline/8.1.2-GCCcore-11.3.0
 17) lz4/1.9.4-GCCcore-13.3.0 => lz4/1.9.3-GCCcore-11.3.0
 18) ncurses/6.5-GCCcore-13.3.0 => ncurses/6.3-GCCcore-11.3.0
 19) pybind11/2.12.0-GCC-13.3.0 => pybind11/2.9.2-GCCcore-11.3.0
 20) zlib/1.3.1-GCCcore-13.3.0 => zlib/1.2.12-GCCcore-11.3.0
 21) zstd/1.5.6-GCCcore-13.3.0 => zstd/1.5.2-GCCcore-11.3.0


real	0m31.736s
user	0m0.021s
sys	0m0.050s
EBVERSIONNUMACTL=2.0.14
SLURM_JOB_NUM_NODES=1
EBROOTNUMACTL=/cluster/software/numactl/2.0.14-GCCcore-11.3.0
EBDEVELNUMACTL=/cluster/software/numactl/2.0.14-GCCcore-11.3.0/easybuild/numactl-2.0.14-GCCcore-11.3.0-easybuild-devel
OMP_NUM_THREADS=1

Job 6265152 consumed 0.3 billing hours from project nn8008k.

Submitted 2025-06-04T11:56:39; waited 28.0 seconds in the queue after becoming eligible to run.

Requested wallclock time: 6.3 hours
Elapsed wallclock time:   37.0 seconds

Job exited normally.

Task and CPU statistics:
ID              CPUs  Tasks  CPU util                Start  Elapsed  Exit status
6265152           32            0.0 %  2025-06-04T11:57:07   37.0 s  0
6265152.batch     32      1     0.4 %  2025-06-04T11:57:07   37.0 s  0
6265152.python     1      1   107.9 %  2025-06-04T11:57:12   32.0 s  0

Used CPU time:   39.1 CPU seconds
Unused CPU time: 19.1 CPU minutes

Memory statistics, in GiB:
ID               Alloc   Usage
6265152           59.0        
6265152.batch     59.0     0.0
6265152.python    59.0     3.3

Job 6265152 completed at Wed Jun 4 11:57:44 CEST 2025
