Starting job 6237676 on c3-6 on fram at Fri May 16 08:34:57 CEST 2025


Currently Loaded Modules:
  1) StdEnv (S)

  Where:
   S:  Module is Sticky, requires --force to unload or purge

 


The following have been reloaded with a version change:
  1) FFTW/3.3.10-GCC-13.3.0 => FFTW/3.3.10-GCC-11.3.0
  2) FlexiBLAS/3.4.4-GCC-13.3.0 => FlexiBLAS/3.2.0-GCC-11.3.0
  3) GCC/13.3.0 => GCC/11.3.0
  4) GCCcore/13.3.0 => GCCcore/11.3.0
  5) OpenBLAS/0.3.27-GCC-13.3.0 => OpenBLAS/0.3.20-GCC-11.3.0
  6) OpenSSL/3 => OpenSSL/1.1
  7) Python/3.12.3-GCCcore-13.3.0 => Python/3.10.4-GCCcore-11.3.0
  8) SQLite/3.45.3-GCCcore-13.3.0 => SQLite/3.38.3-GCCcore-11.3.0
  9) SciPy-bundle/2024.05-gfbf-2024a => SciPy-bundle/2022.05-foss-2022a
 10) Tcl/8.6.14-GCCcore-13.3.0 => Tcl/8.6.12-GCCcore-11.3.0
 11) XZ/5.4.5-GCCcore-13.3.0 => XZ/5.2.5-GCCcore-11.3.0
 12) binutils/2.42-GCCcore-13.3.0 => binutils/2.38-GCCcore-11.3.0
 13) bzip2/1.0.8-GCCcore-13.3.0 => bzip2/1.0.8-GCCcore-11.3.0
 14) gzip/1.13-GCCcore-13.3.0 => gzip/1.12-GCCcore-11.3.0
 15) libffi/3.4.5-GCCcore-13.3.0 => libffi/3.4.2-GCCcore-11.3.0
 16) libreadline/8.2-GCCcore-13.3.0 => libreadline/8.1.2-GCCcore-11.3.0
 17) lz4/1.9.4-GCCcore-13.3.0 => lz4/1.9.3-GCCcore-11.3.0
 18) ncurses/6.5-GCCcore-13.3.0 => ncurses/6.3-GCCcore-11.3.0
 19) pybind11/2.12.0-GCC-13.3.0 => pybind11/2.9.2-GCCcore-11.3.0
 20) zlib/1.3.1-GCCcore-13.3.0 => zlib/1.2.12-GCCcore-11.3.0
 21) zstd/1.5.6-GCCcore-13.3.0 => zstd/1.5.2-GCCcore-11.3.0

[Parallel(n_jobs=32)]: Using backend LokyBackend with 32 concurrent workers.
[Parallel(n_jobs=32)]: Done   5 out of  32 | elapsed:    5.9s remaining:   32.0s
[Parallel(n_jobs=32)]: Done   9 out of  32 | elapsed:    6.0s remaining:   15.4s
[Parallel(n_jobs=32)]: Done  13 out of  32 | elapsed:    6.4s remaining:    9.3s
[Parallel(n_jobs=32)]: Done  17 out of  32 | elapsed:    6.6s remaining:    5.8s
[Parallel(n_jobs=32)]: Done  21 out of  32 | elapsed:    6.8s remaining:    3.5s
[Parallel(n_jobs=32)]: Done  25 out of  32 | elapsed:    7.1s remaining:    2.0s
[Parallel(n_jobs=32)]: Done  29 out of  32 | elapsed:    7.3s remaining:    0.8s
[Parallel(n_jobs=32)]: Done  32 out of  32 | elapsed:    7.5s finished
[Parallel(n_jobs=30)]: Using backend LokyBackend with 30 concurrent workers.
[Parallel(n_jobs=30)]: Done   3 out of  30 | elapsed:    5.0s remaining:   45.3s
[Parallel(n_jobs=30)]: Done   7 out of  30 | elapsed:    5.1s remaining:   16.8s
[Parallel(n_jobs=30)]: Done  11 out of  30 | elapsed:    5.2s remaining:    8.9s
[Parallel(n_jobs=30)]: Done  15 out of  30 | elapsed:    5.2s remaining:    5.2s
[Parallel(n_jobs=30)]: Done  19 out of  30 | elapsed:    5.2s remaining:    3.0s
[Parallel(n_jobs=30)]: Done  23 out of  30 | elapsed:    5.3s remaining:    1.6s
[Parallel(n_jobs=30)]: Done  27 out of  30 | elapsed:    5.4s remaining:    0.6s
[Parallel(n_jobs=30)]: Done  30 out of  30 | elapsed:    5.8s finished

real	1m9.502s
user	0m0.020s
sys	0m0.082s
EBVERSIONNUMACTL=2.0.14
SLURM_JOB_NUM_NODES=1
EBROOTNUMACTL=/cluster/software/numactl/2.0.14-GCCcore-11.3.0
EBDEVELNUMACTL=/cluster/software/numactl/2.0.14-GCCcore-11.3.0/easybuild/numactl-2.0.14-GCCcore-11.3.0-easybuild-devel
OMP_NUM_THREADS=32

Job 6237676 consumed 0.7 billing hours from project nn8008k.

Submitted 2025-05-16T08:34:56; waited 1.0 seconds in the queue after becoming eligible to run.

Requested wallclock time: 6.3 hours
Elapsed wallclock time:   1.2 minutes

Job exited normally.

Task and CPU statistics:
ID              CPUs  Tasks  CPU util                Start  Elapsed  Exit status
6237676           32            0.0 %  2025-05-16T08:34:57   75.0 s  0
6237676.batch     32      1     0.2 %  2025-05-16T08:34:57   75.0 s  0
6237676.python    32      1    15.8 %  2025-05-16T08:35:03   69.0 s  0

Used CPU time:   5.9 CPU minutes
Unused CPU time: 34.1 CPU minutes

Memory statistics, in GiB:
ID               Alloc   Usage
6237676           59.0        
6237676.batch     59.0     0.0
6237676.python    59.0     1.5

Job 6237676 completed at Fri May 16 08:36:12 CEST 2025
