Starting job 6237694 on c43-10 on fram at Fri May 16 08:35:01 CEST 2025


Currently Loaded Modules:
  1) StdEnv (S)

  Where:
   S:  Module is Sticky, requires --force to unload or purge

 


The following have been reloaded with a version change:
  1) FFTW/3.3.10-GCC-13.3.0 => FFTW/3.3.10-GCC-11.3.0
  2) FlexiBLAS/3.4.4-GCC-13.3.0 => FlexiBLAS/3.2.0-GCC-11.3.0
  3) GCC/13.3.0 => GCC/11.3.0
  4) GCCcore/13.3.0 => GCCcore/11.3.0
  5) OpenBLAS/0.3.27-GCC-13.3.0 => OpenBLAS/0.3.20-GCC-11.3.0
  6) OpenSSL/3 => OpenSSL/1.1
  7) Python/3.12.3-GCCcore-13.3.0 => Python/3.10.4-GCCcore-11.3.0
  8) SQLite/3.45.3-GCCcore-13.3.0 => SQLite/3.38.3-GCCcore-11.3.0
  9) SciPy-bundle/2024.05-gfbf-2024a => SciPy-bundle/2022.05-foss-2022a
 10) Tcl/8.6.14-GCCcore-13.3.0 => Tcl/8.6.12-GCCcore-11.3.0
 11) XZ/5.4.5-GCCcore-13.3.0 => XZ/5.2.5-GCCcore-11.3.0
 12) binutils/2.42-GCCcore-13.3.0 => binutils/2.38-GCCcore-11.3.0
 13) bzip2/1.0.8-GCCcore-13.3.0 => bzip2/1.0.8-GCCcore-11.3.0
 14) gzip/1.13-GCCcore-13.3.0 => gzip/1.12-GCCcore-11.3.0
 15) libffi/3.4.5-GCCcore-13.3.0 => libffi/3.4.2-GCCcore-11.3.0
 16) libreadline/8.2-GCCcore-13.3.0 => libreadline/8.1.2-GCCcore-11.3.0
 17) lz4/1.9.4-GCCcore-13.3.0 => lz4/1.9.3-GCCcore-11.3.0
 18) ncurses/6.5-GCCcore-13.3.0 => ncurses/6.3-GCCcore-11.3.0
 19) pybind11/2.12.0-GCC-13.3.0 => pybind11/2.9.2-GCCcore-11.3.0
 20) zlib/1.3.1-GCCcore-13.3.0 => zlib/1.2.12-GCCcore-11.3.0
 21) zstd/1.5.6-GCCcore-13.3.0 => zstd/1.5.2-GCCcore-11.3.0

[Parallel(n_jobs=32)]: Using backend LokyBackend with 32 concurrent workers.
[Parallel(n_jobs=32)]: Done   5 out of  32 | elapsed:   38.8s remaining:  3.5min
[Parallel(n_jobs=32)]: Done   9 out of  32 | elapsed:   39.3s remaining:  1.7min
[Parallel(n_jobs=32)]: Done  13 out of  32 | elapsed:   39.5s remaining:   57.7s
[Parallel(n_jobs=32)]: Done  17 out of  32 | elapsed:   39.9s remaining:   35.2s
[Parallel(n_jobs=32)]: Done  21 out of  32 | elapsed:   40.1s remaining:   21.0s
[Parallel(n_jobs=32)]: Done  25 out of  32 | elapsed:   40.2s remaining:   11.3s
[Parallel(n_jobs=32)]: Done  29 out of  32 | elapsed:   40.4s remaining:    4.2s
[Parallel(n_jobs=32)]: Done  32 out of  32 | elapsed:   40.6s finished
[Parallel(n_jobs=30)]: Using backend LokyBackend with 30 concurrent workers.
[Parallel(n_jobs=30)]: Done   3 out of  30 | elapsed:   43.2s remaining:  6.5min
[Parallel(n_jobs=30)]: Done   7 out of  30 | elapsed:   43.6s remaining:  2.4min
[Parallel(n_jobs=30)]: Done  11 out of  30 | elapsed:   44.0s remaining:  1.3min
[Parallel(n_jobs=30)]: Done  15 out of  30 | elapsed:   44.3s remaining:   44.3s
[Parallel(n_jobs=30)]: Done  19 out of  30 | elapsed:   44.3s remaining:   25.7s
[Parallel(n_jobs=30)]: Done  23 out of  30 | elapsed:   44.4s remaining:   13.5s
[Parallel(n_jobs=30)]: Done  27 out of  30 | elapsed:   44.6s remaining:    5.0s
[Parallel(n_jobs=30)]: Done  30 out of  30 | elapsed:   44.8s finished

real	2m18.485s
user	0m0.024s
sys	0m0.059s
EBVERSIONNUMACTL=2.0.14
SLURM_JOB_NUM_NODES=1
EBROOTNUMACTL=/cluster/software/numactl/2.0.14-GCCcore-11.3.0
EBDEVELNUMACTL=/cluster/software/numactl/2.0.14-GCCcore-11.3.0/easybuild/numactl-2.0.14-GCCcore-11.3.0-easybuild-devel
OMP_NUM_THREADS=32

Job 6237694 consumed 1.3 billing hours from project nn8008k.

Submitted 2025-05-16T08:34:57; waited 3.0 seconds in the queue after becoming eligible to run.

Requested wallclock time: 6.3 hours
Elapsed wallclock time:   2.4 minutes

Job exited normally.

Task and CPU statistics:
ID              CPUs  Tasks  CPU util                Start  Elapsed  Exit status
6237694           32            0.0 %  2025-05-16T08:35:00  145.0 s  0
6237694.batch     32      1     0.1 %  2025-05-16T08:35:00  145.0 s  0
6237694.python    32      1    57.5 %  2025-05-16T08:35:06  139.0 s  0

Used CPU time:   42.7 CPU minutes
Unused CPU time: 34.7 CPU minutes

Memory statistics, in GiB:
ID               Alloc   Usage
6237694           59.0        
6237694.batch     59.0     0.0
6237694.python    59.0     1.7

Job 6237694 completed at Fri May 16 08:37:25 CEST 2025
