Starting job 6237074 on c85-8 on fram at Thu May 15 18:21:24 CEST 2025


Currently Loaded Modules:
  1) StdEnv (S)

  Where:
   S:  Module is Sticky, requires --force to unload or purge

 


The following have been reloaded with a version change:
  1) FFTW/3.3.10-GCC-13.3.0 => FFTW/3.3.10-GCC-11.3.0
  2) FlexiBLAS/3.4.4-GCC-13.3.0 => FlexiBLAS/3.2.0-GCC-11.3.0
  3) GCC/13.3.0 => GCC/11.3.0
  4) GCCcore/13.3.0 => GCCcore/11.3.0
  5) OpenBLAS/0.3.27-GCC-13.3.0 => OpenBLAS/0.3.20-GCC-11.3.0
  6) OpenSSL/3 => OpenSSL/1.1
  7) Python/3.12.3-GCCcore-13.3.0 => Python/3.10.4-GCCcore-11.3.0
  8) SQLite/3.45.3-GCCcore-13.3.0 => SQLite/3.38.3-GCCcore-11.3.0
  9) SciPy-bundle/2024.05-gfbf-2024a => SciPy-bundle/2022.05-foss-2022a
 10) Tcl/8.6.14-GCCcore-13.3.0 => Tcl/8.6.12-GCCcore-11.3.0
 11) XZ/5.4.5-GCCcore-13.3.0 => XZ/5.2.5-GCCcore-11.3.0
 12) binutils/2.42-GCCcore-13.3.0 => binutils/2.38-GCCcore-11.3.0
 13) bzip2/1.0.8-GCCcore-13.3.0 => bzip2/1.0.8-GCCcore-11.3.0
 14) gzip/1.13-GCCcore-13.3.0 => gzip/1.12-GCCcore-11.3.0
 15) libffi/3.4.5-GCCcore-13.3.0 => libffi/3.4.2-GCCcore-11.3.0
 16) libreadline/8.2-GCCcore-13.3.0 => libreadline/8.1.2-GCCcore-11.3.0
 17) lz4/1.9.4-GCCcore-13.3.0 => lz4/1.9.3-GCCcore-11.3.0
 18) ncurses/6.5-GCCcore-13.3.0 => ncurses/6.3-GCCcore-11.3.0
 19) pybind11/2.12.0-GCC-13.3.0 => pybind11/2.9.2-GCCcore-11.3.0
 20) zlib/1.3.1-GCCcore-13.3.0 => zlib/1.2.12-GCCcore-11.3.0
 21) zstd/1.5.6-GCCcore-13.3.0 => zstd/1.5.2-GCCcore-11.3.0

usage: recalculate_similarity.py [-h] --year YEAR --season SEASON
recalculate_similarity.py: error: the following arguments are required: --year, --season
srun: error: c85-8: task 0: Exited with exit code 2
srun: Terminating StepId=6237074.0

real	0m43.668s
user	0m0.021s
sys	0m0.057s

Job 6237074 consumed 0.4 billing hours from project nn8008k.

Submitted 2025-05-15T18:21:23; waited 1.0 seconds in the queue after becoming eligible to run.

Requested wallclock time: 6.3 hours
Elapsed wallclock time:   49.0 seconds

Job failed.

Task and CPU statistics:
ID              CPUs  Tasks  CPU util                Start  Elapsed  Exit status
6237074           32            0.0 %  2025-05-15T18:21:24   49.0 s  2 (shell builtin error)
6237074.batch     32      1     0.3 %  2025-05-15T18:21:24   49.0 s  2 (shell builtin error)
6237074.python     1      1     9.9 %  2025-05-15T18:21:29   44.0 s  2 (shell builtin error)

Used CPU time:   8.9 CPU seconds
Unused CPU time: 26.0 CPU minutes

Memory statistics, in GiB:
ID               Alloc   Usage
6237074           59.0        
6237074.batch     59.0     0.0
6237074.python    59.0     0.3

Job 6237074 completed at Thu May 15 18:22:13 CEST 2025
Starting job 6237077 on c85-8 on fram at Thu May 15 18:24:33 CEST 2025


Currently Loaded Modules:
  1) StdEnv (S)

  Where:
   S:  Module is Sticky, requires --force to unload or purge

 


The following have been reloaded with a version change:
  1) FFTW/3.3.10-GCC-13.3.0 => FFTW/3.3.10-GCC-11.3.0
  2) FlexiBLAS/3.4.4-GCC-13.3.0 => FlexiBLAS/3.2.0-GCC-11.3.0
  3) GCC/13.3.0 => GCC/11.3.0
  4) GCCcore/13.3.0 => GCCcore/11.3.0
  5) OpenBLAS/0.3.27-GCC-13.3.0 => OpenBLAS/0.3.20-GCC-11.3.0
  6) OpenSSL/3 => OpenSSL/1.1
  7) Python/3.12.3-GCCcore-13.3.0 => Python/3.10.4-GCCcore-11.3.0
  8) SQLite/3.45.3-GCCcore-13.3.0 => SQLite/3.38.3-GCCcore-11.3.0
  9) SciPy-bundle/2024.05-gfbf-2024a => SciPy-bundle/2022.05-foss-2022a
 10) Tcl/8.6.14-GCCcore-13.3.0 => Tcl/8.6.12-GCCcore-11.3.0
 11) XZ/5.4.5-GCCcore-13.3.0 => XZ/5.2.5-GCCcore-11.3.0
 12) binutils/2.42-GCCcore-13.3.0 => binutils/2.38-GCCcore-11.3.0
 13) bzip2/1.0.8-GCCcore-13.3.0 => bzip2/1.0.8-GCCcore-11.3.0
 14) gzip/1.13-GCCcore-13.3.0 => gzip/1.12-GCCcore-11.3.0
 15) libffi/3.4.5-GCCcore-13.3.0 => libffi/3.4.2-GCCcore-11.3.0
 16) libreadline/8.2-GCCcore-13.3.0 => libreadline/8.1.2-GCCcore-11.3.0
 17) lz4/1.9.4-GCCcore-13.3.0 => lz4/1.9.3-GCCcore-11.3.0
 18) ncurses/6.5-GCCcore-13.3.0 => ncurses/6.3-GCCcore-11.3.0
 19) pybind11/2.12.0-GCC-13.3.0 => pybind11/2.9.2-GCCcore-11.3.0
 20) zlib/1.3.1-GCCcore-13.3.0 => zlib/1.2.12-GCCcore-11.3.0
 21) zstd/1.5.6-GCCcore-13.3.0 => zstd/1.5.2-GCCcore-11.3.0

[Parallel(n_jobs=30)]: Using backend LokyBackend with 30 concurrent workers.
srun: Job step aborted: Waiting up to 32 seconds for job step to finish.
slurmstepd: error: *** JOB 6237077 ON c85-8 CANCELLED AT 2025-05-15T18:25:48 ***
slurmstepd: error: *** STEP 6237077.0 ON c85-8 CANCELLED AT 2025-05-15T18:25:48 ***

Job 6237077 consumed 0.7 billing hours from project nn8008k.

Submitted 2025-05-15T18:24:32; waited 1.0 seconds in the queue after becoming eligible to run.

Requested wallclock time: 6.3 hours
Elapsed wallclock time:   1.2 minutes

Job was cancelled.

Task and CPU statistics:
ID              CPUs  Tasks  CPU util                Start  Elapsed  Exit status
6237077           32            0.0 %  2025-05-15T18:24:33   75.0 s  0
6237077.batch     32      1     0.2 %  2025-05-15T18:24:33   76.0 s  Signal 15
6237077.python     1      1   167.6 %  2025-05-15T18:24:38   73.0 s  Signal 15

Used CPU time:   2.1 CPU minutes
Unused CPU time: 37.9 CPU minutes

Memory statistics, in GiB:
ID               Alloc   Usage
6237077           59.0        
6237077.batch     59.0     0.0
6237077.python    59.0     1.5

Job 6237077 completed at Thu May 15 18:25:53 CEST 2025
Starting job 6237078 on c11-8 on fram at Thu May 15 18:26:36 CEST 2025


Currently Loaded Modules:
  1) StdEnv (S)

  Where:
   S:  Module is Sticky, requires --force to unload or purge

 


The following have been reloaded with a version change:
  1) FFTW/3.3.10-GCC-13.3.0 => FFTW/3.3.10-GCC-11.3.0
  2) FlexiBLAS/3.4.4-GCC-13.3.0 => FlexiBLAS/3.2.0-GCC-11.3.0
  3) GCC/13.3.0 => GCC/11.3.0
  4) GCCcore/13.3.0 => GCCcore/11.3.0
  5) OpenBLAS/0.3.27-GCC-13.3.0 => OpenBLAS/0.3.20-GCC-11.3.0
  6) OpenSSL/3 => OpenSSL/1.1
  7) Python/3.12.3-GCCcore-13.3.0 => Python/3.10.4-GCCcore-11.3.0
  8) SQLite/3.45.3-GCCcore-13.3.0 => SQLite/3.38.3-GCCcore-11.3.0
  9) SciPy-bundle/2024.05-gfbf-2024a => SciPy-bundle/2022.05-foss-2022a
 10) Tcl/8.6.14-GCCcore-13.3.0 => Tcl/8.6.12-GCCcore-11.3.0
 11) XZ/5.4.5-GCCcore-13.3.0 => XZ/5.2.5-GCCcore-11.3.0
 12) binutils/2.42-GCCcore-13.3.0 => binutils/2.38-GCCcore-11.3.0
 13) bzip2/1.0.8-GCCcore-13.3.0 => bzip2/1.0.8-GCCcore-11.3.0
 14) gzip/1.13-GCCcore-13.3.0 => gzip/1.12-GCCcore-11.3.0
 15) libffi/3.4.5-GCCcore-13.3.0 => libffi/3.4.2-GCCcore-11.3.0
 16) libreadline/8.2-GCCcore-13.3.0 => libreadline/8.1.2-GCCcore-11.3.0
 17) lz4/1.9.4-GCCcore-13.3.0 => lz4/1.9.3-GCCcore-11.3.0
 18) ncurses/6.5-GCCcore-13.3.0 => ncurses/6.3-GCCcore-11.3.0
 19) pybind11/2.12.0-GCC-13.3.0 => pybind11/2.9.2-GCCcore-11.3.0
 20) zlib/1.3.1-GCCcore-13.3.0 => zlib/1.2.12-GCCcore-11.3.0
 21) zstd/1.5.6-GCCcore-13.3.0 => zstd/1.5.2-GCCcore-11.3.0

[Parallel(n_jobs=32)]: Using backend LokyBackend with 32 concurrent workers.
[Parallel(n_jobs=32)]: Done   5 out of  32 | elapsed:  1.5min remaining:  8.2min
[Parallel(n_jobs=32)]: Done   9 out of  32 | elapsed:  1.5min remaining:  3.9min
[Parallel(n_jobs=32)]: Done  13 out of  32 | elapsed:  1.5min remaining:  2.3min
[Parallel(n_jobs=32)]: Done  17 out of  32 | elapsed:  1.6min remaining:  1.4min
[Parallel(n_jobs=32)]: Done  21 out of  32 | elapsed:  1.6min remaining:   48.9s
[Parallel(n_jobs=32)]: Done  25 out of  32 | elapsed:  1.6min remaining:   26.2s
[Parallel(n_jobs=32)]: Done  29 out of  32 | elapsed:  1.6min remaining:    9.7s
[Parallel(n_jobs=32)]: Done  32 out of  32 | elapsed:  1.6min finished
[Parallel(n_jobs=30)]: Using backend LokyBackend with 30 concurrent workers.
[Parallel(n_jobs=30)]: Done   3 out of  30 | elapsed:  1.7min remaining: 15.0min
[Parallel(n_jobs=30)]: Done   7 out of  30 | elapsed:  1.7min remaining:  5.5min
[Parallel(n_jobs=30)]: Done  11 out of  30 | elapsed:  1.7min remaining:  2.9min
[Parallel(n_jobs=30)]: Done  15 out of  30 | elapsed:  1.7min remaining:  1.7min
[Parallel(n_jobs=30)]: Done  19 out of  30 | elapsed:  1.7min remaining:   58.8s
[Parallel(n_jobs=30)]: Done  23 out of  30 | elapsed:  1.7min remaining:   30.9s
[Parallel(n_jobs=30)]: Done  27 out of  30 | elapsed:  1.7min remaining:   11.3s
[Parallel(n_jobs=30)]: Done  30 out of  30 | elapsed:  1.7min finished

real	3m30.938s
user	0m0.021s
sys	0m0.062s
EBVERSIONNUMACTL=2.0.14
SLURM_JOB_NUM_NODES=1
EBROOTNUMACTL=/cluster/software/numactl/2.0.14-GCCcore-11.3.0
EBDEVELNUMACTL=/cluster/software/numactl/2.0.14-GCCcore-11.3.0/easybuild/numactl-2.0.14-GCCcore-11.3.0-easybuild-devel
OMP_NUM_THREADS=32

Job 6237078 consumed 1.9 billing hours from project nn8008k.

Submitted 2025-05-15T18:26:35; waited 1.0 seconds in the queue after becoming eligible to run.

Requested wallclock time: 6.3 hours
Elapsed wallclock time:   3.6 minutes

Job exited normally.

Task and CPU statistics:
ID              CPUs  Tasks  CPU util                Start  Elapsed  Exit status
6237078           32            0.0 %  2025-05-15T18:26:36  216.0 s  0
6237078.batch     32      1     0.1 %  2025-05-15T18:26:36  216.0 s  0
6237078.python    32      1    88.4 %  2025-05-15T18:26:41  211.0 s  0

Used CPU time:   1.7 CPU hours
Unused CPU time: 15.7 CPU minutes

Memory statistics, in GiB:
ID               Alloc   Usage
6237078           59.0        
6237078.batch     59.0     0.0
6237078.python    59.0     1.9

Job 6237078 completed at Thu May 15 18:30:12 CEST 2025
Starting job 6237080 on c11-8 on fram at Thu May 15 18:31:09 CEST 2025


Currently Loaded Modules:
  1) StdEnv (S)

  Where:
   S:  Module is Sticky, requires --force to unload or purge

 


The following have been reloaded with a version change:
  1) FFTW/3.3.10-GCC-13.3.0 => FFTW/3.3.10-GCC-11.3.0
  2) FlexiBLAS/3.4.4-GCC-13.3.0 => FlexiBLAS/3.2.0-GCC-11.3.0
  3) GCC/13.3.0 => GCC/11.3.0
  4) GCCcore/13.3.0 => GCCcore/11.3.0
  5) OpenBLAS/0.3.27-GCC-13.3.0 => OpenBLAS/0.3.20-GCC-11.3.0
  6) OpenSSL/3 => OpenSSL/1.1
  7) Python/3.12.3-GCCcore-13.3.0 => Python/3.10.4-GCCcore-11.3.0
  8) SQLite/3.45.3-GCCcore-13.3.0 => SQLite/3.38.3-GCCcore-11.3.0
  9) SciPy-bundle/2024.05-gfbf-2024a => SciPy-bundle/2022.05-foss-2022a
 10) Tcl/8.6.14-GCCcore-13.3.0 => Tcl/8.6.12-GCCcore-11.3.0
 11) XZ/5.4.5-GCCcore-13.3.0 => XZ/5.2.5-GCCcore-11.3.0
 12) binutils/2.42-GCCcore-13.3.0 => binutils/2.38-GCCcore-11.3.0
 13) bzip2/1.0.8-GCCcore-13.3.0 => bzip2/1.0.8-GCCcore-11.3.0
 14) gzip/1.13-GCCcore-13.3.0 => gzip/1.12-GCCcore-11.3.0
 15) libffi/3.4.5-GCCcore-13.3.0 => libffi/3.4.2-GCCcore-11.3.0
 16) libreadline/8.2-GCCcore-13.3.0 => libreadline/8.1.2-GCCcore-11.3.0
 17) lz4/1.9.4-GCCcore-13.3.0 => lz4/1.9.3-GCCcore-11.3.0
 18) ncurses/6.5-GCCcore-13.3.0 => ncurses/6.3-GCCcore-11.3.0
 19) pybind11/2.12.0-GCC-13.3.0 => pybind11/2.9.2-GCCcore-11.3.0
 20) zlib/1.3.1-GCCcore-13.3.0 => zlib/1.2.12-GCCcore-11.3.0
 21) zstd/1.5.6-GCCcore-13.3.0 => zstd/1.5.2-GCCcore-11.3.0

[Parallel(n_jobs=32)]: Using backend LokyBackend with 32 concurrent workers.
[Parallel(n_jobs=32)]: Done   5 out of  32 | elapsed:  1.5min remaining:  8.2min
[Parallel(n_jobs=32)]: Done   9 out of  32 | elapsed:  1.5min remaining:  3.9min
[Parallel(n_jobs=32)]: Done  13 out of  32 | elapsed:  1.5min remaining:  2.3min
[Parallel(n_jobs=32)]: Done  17 out of  32 | elapsed:  1.5min remaining:  1.4min
[Parallel(n_jobs=32)]: Done  21 out of  32 | elapsed:  1.6min remaining:   48.8s
[Parallel(n_jobs=32)]: Done  25 out of  32 | elapsed:  1.6min remaining:   26.2s
[Parallel(n_jobs=32)]: Done  29 out of  32 | elapsed:  1.6min remaining:    9.7s
[Parallel(n_jobs=32)]: Done  32 out of  32 | elapsed:  1.6min finished
[Parallel(n_jobs=30)]: Using backend LokyBackend with 30 concurrent workers.
[Parallel(n_jobs=30)]: Done   3 out of  30 | elapsed:  1.7min remaining: 15.0min
[Parallel(n_jobs=30)]: Done   7 out of  30 | elapsed:  1.7min remaining:  5.5min
[Parallel(n_jobs=30)]: Done  11 out of  30 | elapsed:  1.7min remaining:  2.9min
[Parallel(n_jobs=30)]: Done  15 out of  30 | elapsed:  1.7min remaining:  1.7min
[Parallel(n_jobs=30)]: Done  19 out of  30 | elapsed:  1.7min remaining:   59.0s
[Parallel(n_jobs=30)]: Done  23 out of  30 | elapsed:  1.7min remaining:   31.2s
[Parallel(n_jobs=30)]: Done  27 out of  30 | elapsed:  1.7min remaining:   11.4s
[Parallel(n_jobs=30)]: Done  30 out of  30 | elapsed:  1.7min finished

real	3m30.295s
user	0m0.020s
sys	0m0.060s
EBVERSIONNUMACTL=2.0.14
SLURM_JOB_NUM_NODES=1
EBROOTNUMACTL=/cluster/software/numactl/2.0.14-GCCcore-11.3.0
EBDEVELNUMACTL=/cluster/software/numactl/2.0.14-GCCcore-11.3.0/easybuild/numactl-2.0.14-GCCcore-11.3.0-easybuild-devel
OMP_NUM_THREADS=32

Job 6237080 consumed 1.9 billing hours from project nn8008k.

Submitted 2025-05-15T18:31:08; waited 1.0 seconds in the queue after becoming eligible to run.

Requested wallclock time: 6.3 hours
Elapsed wallclock time:   3.6 minutes

Job exited normally.

Task and CPU statistics:
ID              CPUs  Tasks  CPU util                Start  Elapsed  Exit status
6237080           32            0.0 %  2025-05-15T18:31:09  215.0 s  0
6237080.batch     32      1     0.1 %  2025-05-15T18:31:09  215.0 s  0
6237080.python    32      1    88.8 %  2025-05-15T18:31:14  210.0 s  0

Used CPU time:   1.7 CPU hours
Unused CPU time: 15.2 CPU minutes

Memory statistics, in GiB:
ID               Alloc   Usage
6237080           59.0        
6237080.batch     59.0     0.0
6237080.python    59.0     1.9

Job 6237080 completed at Thu May 15 18:34:45 CEST 2025
