Starting job 6228427 on c4-10,c5-8,c13-[1-3,6-8] on fram at Fri May 2 14:20:10 CEST 2025


Currently Loaded Modules:
  1) StdEnv (S)

  Where:
   S:  Module is Sticky, requires --force to unload or purge

 


The following have been reloaded with a version change:
  1) GCCcore/13.3.0 => GCCcore/13.2.0
  2) OpenSSL/3 => OpenSSL/1.1
  3) Python/3.12.3-GCCcore-13.3.0 => Python/3.11.5-GCCcore-13.2.0
  4) SQLite/3.45.3-GCCcore-13.3.0 => SQLite/3.43.1-GCCcore-13.2.0
  5) Tcl/8.6.14-GCCcore-13.3.0 => Tcl/8.6.13-GCCcore-13.2.0
  6) XZ/5.4.5-GCCcore-13.3.0 => XZ/5.4.4-GCCcore-13.2.0
  7) binutils/2.42-GCCcore-13.3.0 => binutils/2.40-GCCcore-13.2.0
  8) bzip2/1.0.8-GCCcore-13.3.0 => bzip2/1.0.8-GCCcore-13.2.0
  9) libffi/3.4.5-GCCcore-13.3.0 => libffi/3.4.4-GCCcore-13.2.0
 10) libreadline/8.2-GCCcore-13.3.0 => libreadline/8.2-GCCcore-13.2.0
 11) ncurses/6.5-GCCcore-13.3.0 => ncurses/6.4-GCCcore-13.2.0
 12) zlib/1.3.1-GCCcore-13.3.0 => zlib/1.2.13-GCCcore-13.2.0


real	0m48.205s
user	0m0.035s
sys	0m0.060s
EBVERSIONNUMACTL=2.0.16
SLURM_JOB_NUM_NODES=8
EBROOTNUMACTL=/cluster/software/numactl/2.0.16-GCCcore-13.2.0
EBDEVELNUMACTL=/cluster/software/numactl/2.0.16-GCCcore-13.2.0/easybuild/numactl-2.0.16-GCCcore-13.2.0-easybuild-devel
OMP_NUM_THREADS=1

Job 6228427 consumed 3.6 billing hours from project nn8008k.

Submitted 2025-05-02T14:19:55; waited 15.0 seconds in the queue after becoming eligible to run.

Requested wallclock time: 20.0 minutes
Elapsed wallclock time:   51.0 seconds

Job exited normally.

Task and CPU statistics:
ID              CPUs  Tasks  CPU util                Start  Elapsed  Exit status
6228427          256            0.0 %  2025-05-02T14:20:10   51.0 s  0
6228427.batch     32      1     0.1 %  2025-05-02T14:20:10   51.0 s  0
6228427.python   256    256    58.2 %  2025-05-02T14:20:12   49.0 s  0

Used CPU time:   2.0 CPU hours
Unused CPU time: 1.6 CPU hours

Memory statistics, in GiB:
ID               Alloc   Usage
6228427          472.0        
6228427.batch     59.0     0.0
6228427.python   472.0   106.6

Job 6228427 completed at Fri May 2 14:21:01 CEST 2025
Starting job 6228429 on c4-10,c5-8,c13-[1-3,6-8] on fram at Fri May 2 14:22:40 CEST 2025


Currently Loaded Modules:
  1) StdEnv (S)

  Where:
   S:  Module is Sticky, requires --force to unload or purge

 


The following have been reloaded with a version change:
  1) GCCcore/13.3.0 => GCCcore/13.2.0
  2) OpenSSL/3 => OpenSSL/1.1
  3) Python/3.12.3-GCCcore-13.3.0 => Python/3.11.5-GCCcore-13.2.0
  4) SQLite/3.45.3-GCCcore-13.3.0 => SQLite/3.43.1-GCCcore-13.2.0
  5) Tcl/8.6.14-GCCcore-13.3.0 => Tcl/8.6.13-GCCcore-13.2.0
  6) XZ/5.4.5-GCCcore-13.3.0 => XZ/5.4.4-GCCcore-13.2.0
  7) binutils/2.42-GCCcore-13.3.0 => binutils/2.40-GCCcore-13.2.0
  8) bzip2/1.0.8-GCCcore-13.3.0 => bzip2/1.0.8-GCCcore-13.2.0
  9) libffi/3.4.5-GCCcore-13.3.0 => libffi/3.4.4-GCCcore-13.2.0
 10) libreadline/8.2-GCCcore-13.3.0 => libreadline/8.2-GCCcore-13.2.0
 11) ncurses/6.5-GCCcore-13.3.0 => ncurses/6.4-GCCcore-13.2.0
 12) zlib/1.3.1-GCCcore-13.3.0 => zlib/1.2.13-GCCcore-13.2.0


real	0m50.292s
user	0m0.041s
sys	0m0.054s
EBVERSIONNUMACTL=2.0.16
SLURM_JOB_NUM_NODES=8
EBROOTNUMACTL=/cluster/software/numactl/2.0.16-GCCcore-13.2.0
EBDEVELNUMACTL=/cluster/software/numactl/2.0.16-GCCcore-13.2.0/easybuild/numactl-2.0.16-GCCcore-13.2.0-easybuild-devel
OMP_NUM_THREADS=1

Job 6228429 consumed 3.9 billing hours from project nn8008k.

Submitted 2025-05-02T14:22:31; waited 9.0 seconds in the queue after becoming eligible to run.

Requested wallclock time: 20.0 minutes
Elapsed wallclock time:   55.0 seconds

Job exited normally.

Task and CPU statistics:
ID              CPUs  Tasks  CPU util                Start  Elapsed  Exit status
6228429          256            0.0 %  2025-05-02T14:22:40   55.0 s  0
6228429.batch     32      1     0.1 %  2025-05-02T14:22:40   55.0 s  0
6228429.python   256    256    57.4 %  2025-05-02T14:22:45   50.0 s  0

Used CPU time:   2.0 CPU hours
Unused CPU time: 1.9 CPU hours

Memory statistics, in GiB:
ID               Alloc   Usage
6228429          472.0        
6228429.batch     59.0     0.0
6228429.python   472.0   106.6

Job 6228429 completed at Fri May 2 14:23:35 CEST 2025
Starting job 6228455 on c27-[5-12] on fram at Fri May 2 14:56:23 CEST 2025


Currently Loaded Modules:
  1) StdEnv (S)

  Where:
   S:  Module is Sticky, requires --force to unload or purge

 


The following have been reloaded with a version change:
  1) GCCcore/13.3.0 => GCCcore/13.2.0
  2) OpenSSL/3 => OpenSSL/1.1
  3) Python/3.12.3-GCCcore-13.3.0 => Python/3.11.5-GCCcore-13.2.0
  4) SQLite/3.45.3-GCCcore-13.3.0 => SQLite/3.43.1-GCCcore-13.2.0
  5) Tcl/8.6.14-GCCcore-13.3.0 => Tcl/8.6.13-GCCcore-13.2.0
  6) XZ/5.4.5-GCCcore-13.3.0 => XZ/5.4.4-GCCcore-13.2.0
  7) binutils/2.42-GCCcore-13.3.0 => binutils/2.40-GCCcore-13.2.0
  8) bzip2/1.0.8-GCCcore-13.3.0 => bzip2/1.0.8-GCCcore-13.2.0
  9) libffi/3.4.5-GCCcore-13.3.0 => libffi/3.4.4-GCCcore-13.2.0
 10) libreadline/8.2-GCCcore-13.3.0 => libreadline/8.2-GCCcore-13.2.0
 11) ncurses/6.5-GCCcore-13.3.0 => ncurses/6.4-GCCcore-13.2.0
 12) zlib/1.3.1-GCCcore-13.3.0 => zlib/1.2.13-GCCcore-13.2.0


real	1m9.266s
user	0m0.032s
sys	0m0.065s
EBVERSIONNUMACTL=2.0.16
SLURM_JOB_NUM_NODES=8
EBROOTNUMACTL=/cluster/software/numactl/2.0.16-GCCcore-13.2.0
EBDEVELNUMACTL=/cluster/software/numactl/2.0.16-GCCcore-13.2.0/easybuild/numactl-2.0.16-GCCcore-13.2.0-easybuild-devel
OMP_NUM_THREADS=1

Job 6228455 consumed 5.3 billing hours from project nn8008k.

Submitted 2025-05-02T14:56:19; waited 1.0 seconds in the queue after becoming eligible to run.

Requested wallclock time: 20.0 minutes
Elapsed wallclock time:   1.2 minutes

Job exited normally.

Task and CPU statistics:
ID              CPUs  Tasks  CPU util                Start  Elapsed  Exit status
6228455          256            0.0 %  2025-05-02T14:56:20   74.0 s  0
6228455.batch     32      1     0.1 %  2025-05-02T14:56:20   74.0 s  0
6228455.python   256    256    40.3 %  2025-05-02T14:56:25   69.0 s  0

Used CPU time:   2.0 CPU hours
Unused CPU time: 3.3 CPU hours

Memory statistics, in GiB:
ID               Alloc   Usage
6228455          472.0        
6228455.batch     59.0     0.0
6228455.python   472.0   106.7

Job 6228455 completed at Fri May 2 14:57:35 CEST 2025
