Starting job 6228473 on c74-11,c75-[1-7] on fram at Fri May 2 14:56:23 CEST 2025


Currently Loaded Modules:
  1) StdEnv (S)

  Where:
   S:  Module is Sticky, requires --force to unload or purge

 


The following have been reloaded with a version change:
  1) GCCcore/13.3.0 => GCCcore/13.2.0
  2) OpenSSL/3 => OpenSSL/1.1
  3) Python/3.12.3-GCCcore-13.3.0 => Python/3.11.5-GCCcore-13.2.0
  4) SQLite/3.45.3-GCCcore-13.3.0 => SQLite/3.43.1-GCCcore-13.2.0
  5) Tcl/8.6.14-GCCcore-13.3.0 => Tcl/8.6.13-GCCcore-13.2.0
  6) XZ/5.4.5-GCCcore-13.3.0 => XZ/5.4.4-GCCcore-13.2.0
  7) binutils/2.42-GCCcore-13.3.0 => binutils/2.40-GCCcore-13.2.0
  8) bzip2/1.0.8-GCCcore-13.3.0 => bzip2/1.0.8-GCCcore-13.2.0
  9) libffi/3.4.5-GCCcore-13.3.0 => libffi/3.4.4-GCCcore-13.2.0
 10) libreadline/8.2-GCCcore-13.3.0 => libreadline/8.2-GCCcore-13.2.0
 11) ncurses/6.5-GCCcore-13.3.0 => ncurses/6.4-GCCcore-13.2.0
 12) zlib/1.3.1-GCCcore-13.3.0 => zlib/1.2.13-GCCcore-13.2.0


real	1m41.258s
user	0m0.031s
sys	0m0.066s
EBVERSIONNUMACTL=2.0.16
SLURM_JOB_NUM_NODES=8
EBROOTNUMACTL=/cluster/software/numactl/2.0.16-GCCcore-13.2.0
EBDEVELNUMACTL=/cluster/software/numactl/2.0.16-GCCcore-13.2.0/easybuild/numactl-2.0.16-GCCcore-13.2.0-easybuild-devel
OMP_NUM_THREADS=1

Job 6228473 consumed 7.5 billing hours from project nn8008k.

Submitted 2025-05-02T14:56:20; waited 0.0 seconds in the queue after becoming eligible to run.

Requested wallclock time: 20.0 minutes
Elapsed wallclock time:   1.8 minutes

Job exited normally.

Task and CPU statistics:
ID              CPUs  Tasks  CPU util                Start  Elapsed  Exit status
6228473          256            0.0 %  2025-05-02T14:56:20  106.0 s  0
6228473.batch     32      1     0.1 %  2025-05-02T14:56:20  106.0 s  0
6228473.python   256    256    51.8 %  2025-05-02T14:56:25  101.0 s  0

Used CPU time:   3.7 CPU hours
Unused CPU time: 3.8 CPU hours

Memory statistics, in GiB:
ID               Alloc   Usage
6228473          472.0        
6228473.batch     59.0     0.0
6228473.python   472.0   131.3

Job 6228473 completed at Fri May 2 14:58:07 CEST 2025
