Starting job 6269785 on c64-3 on fram at Mon Jun 9 16:49:45 CEST 2025


Currently Loaded Modules:
  1) StdEnv (S)

  Where:
   S:  Module is Sticky, requires --force to unload or purge

 


The following have been reloaded with a version change:
  1) FFTW/3.3.10-GCC-13.3.0 => FFTW/3.3.10-GCC-11.3.0
  2) FlexiBLAS/3.4.4-GCC-13.3.0 => FlexiBLAS/3.2.0-GCC-11.3.0
  3) GCC/13.3.0 => GCC/11.3.0
  4) GCCcore/13.3.0 => GCCcore/11.3.0
  5) OpenBLAS/0.3.27-GCC-13.3.0 => OpenBLAS/0.3.20-GCC-11.3.0
  6) OpenSSL/3 => OpenSSL/1.1
  7) Python/3.12.3-GCCcore-13.3.0 => Python/3.10.4-GCCcore-11.3.0
  8) SQLite/3.45.3-GCCcore-13.3.0 => SQLite/3.38.3-GCCcore-11.3.0
  9) SciPy-bundle/2024.05-gfbf-2024a => SciPy-bundle/2022.05-foss-2022a
 10) Tcl/8.6.14-GCCcore-13.3.0 => Tcl/8.6.12-GCCcore-11.3.0
 11) XZ/5.4.5-GCCcore-13.3.0 => XZ/5.2.5-GCCcore-11.3.0
 12) binutils/2.42-GCCcore-13.3.0 => binutils/2.38-GCCcore-11.3.0
 13) bzip2/1.0.8-GCCcore-13.3.0 => bzip2/1.0.8-GCCcore-11.3.0
 14) gzip/1.13-GCCcore-13.3.0 => gzip/1.12-GCCcore-11.3.0
 15) libffi/3.4.5-GCCcore-13.3.0 => libffi/3.4.2-GCCcore-11.3.0
 16) libreadline/8.2-GCCcore-13.3.0 => libreadline/8.1.2-GCCcore-11.3.0
 17) lz4/1.9.4-GCCcore-13.3.0 => lz4/1.9.3-GCCcore-11.3.0
 18) ncurses/6.5-GCCcore-13.3.0 => ncurses/6.3-GCCcore-11.3.0
 19) pybind11/2.12.0-GCC-13.3.0 => pybind11/2.9.2-GCCcore-11.3.0
 20) zlib/1.3.1-GCCcore-13.3.0 => zlib/1.2.12-GCCcore-11.3.0
 21) zstd/1.5.6-GCCcore-13.3.0 => zstd/1.5.2-GCCcore-11.3.0

Processing year: 2009, period: OND, time: 72

real	93m28.239s
user	0m0.019s
sys	0m0.053s
EBVERSIONNUMACTL=2.0.14
SLURM_JOB_NUM_NODES=1
EBROOTNUMACTL=/cluster/software/numactl/2.0.14-GCCcore-11.3.0
EBDEVELNUMACTL=/cluster/software/numactl/2.0.14-GCCcore-11.3.0/easybuild/numactl-2.0.14-GCCcore-11.3.0-easybuild-devel
OMP_NUM_THREADS=1

Job 6269785 consumed 50.0 billing hours from project nn8008k.

Submitted 2025-06-09T16:49:10; waited 20.0 seconds in the queue after becoming eligible to run.

Requested wallclock time: 1.0 days
Elapsed wallclock time:   1.6 hours

Job exited normally.

Task and CPU statistics:
ID              CPUs  Tasks  CPU util                Start  Elapsed  Exit status
6269785           32            0.0 %  2025-06-09T16:49:30    1.6 h  0
6269785.batch     32      1     0.0 %  2025-06-09T16:49:30    1.6 h  0
6269785.python     1      1    99.4 %  2025-06-09T16:49:51    1.6 h  0

Used CPU time:   1.6 CPU hours
Unused CPU time: 2.0 CPU days

Memory statistics, in GiB:
ID               Alloc   Usage
6269785           59.0        
6269785.batch     59.0     0.0
6269785.python    59.0     1.1

Job 6269785 completed at Mon Jun 9 18:23:19 CEST 2025
Starting job 6270046 on c72-1 on fram at Mon Jun 9 19:21:59 CEST 2025


Currently Loaded Modules:
  1) StdEnv (S)

  Where:
   S:  Module is Sticky, requires --force to unload or purge

 


The following have been reloaded with a version change:
  1) FFTW/3.3.10-GCC-13.3.0 => FFTW/3.3.10-GCC-11.3.0
  2) FlexiBLAS/3.4.4-GCC-13.3.0 => FlexiBLAS/3.2.0-GCC-11.3.0
  3) GCC/13.3.0 => GCC/11.3.0
  4) GCCcore/13.3.0 => GCCcore/11.3.0
  5) OpenBLAS/0.3.27-GCC-13.3.0 => OpenBLAS/0.3.20-GCC-11.3.0
  6) OpenSSL/3 => OpenSSL/1.1
  7) Python/3.12.3-GCCcore-13.3.0 => Python/3.10.4-GCCcore-11.3.0
  8) SQLite/3.45.3-GCCcore-13.3.0 => SQLite/3.38.3-GCCcore-11.3.0
  9) SciPy-bundle/2024.05-gfbf-2024a => SciPy-bundle/2022.05-foss-2022a
 10) Tcl/8.6.14-GCCcore-13.3.0 => Tcl/8.6.12-GCCcore-11.3.0
 11) XZ/5.4.5-GCCcore-13.3.0 => XZ/5.2.5-GCCcore-11.3.0
 12) binutils/2.42-GCCcore-13.3.0 => binutils/2.38-GCCcore-11.3.0
 13) bzip2/1.0.8-GCCcore-13.3.0 => bzip2/1.0.8-GCCcore-11.3.0
 14) gzip/1.13-GCCcore-13.3.0 => gzip/1.12-GCCcore-11.3.0
 15) libffi/3.4.5-GCCcore-13.3.0 => libffi/3.4.2-GCCcore-11.3.0
 16) libreadline/8.2-GCCcore-13.3.0 => libreadline/8.1.2-GCCcore-11.3.0
 17) lz4/1.9.4-GCCcore-13.3.0 => lz4/1.9.3-GCCcore-11.3.0
 18) ncurses/6.5-GCCcore-13.3.0 => ncurses/6.3-GCCcore-11.3.0
 19) pybind11/2.12.0-GCC-13.3.0 => pybind11/2.9.2-GCCcore-11.3.0
 20) zlib/1.3.1-GCCcore-13.3.0 => zlib/1.2.12-GCCcore-11.3.0
 21) zstd/1.5.6-GCCcore-13.3.0 => zstd/1.5.2-GCCcore-11.3.0

Processing year: 2009, period: OND, time: 72
Traceback (most recent call last):
  File "/cluster/work/users/llpui9007/ndaily_runs/clusters/clusters_newW3.py", line 175, in <module>
    np.fill_diagonal(W,K)
NameError: name 'W' is not defined
srun: error: c72-1: task 0: Exited with exit code 1
srun: Terminating StepId=6270046.0

real	1m30.060s
user	0m0.025s
sys	0m0.055s

Job 6270046 consumed 0.9 billing hours from project nn8008k.

Submitted 2025-06-09T19:21:50; waited 1.0 seconds in the queue after becoming eligible to run.

Requested wallclock time: 1.0 days
Elapsed wallclock time:   1.7 minutes

Job failed.

Task and CPU statistics:
ID              CPUs  Tasks  CPU util                Start  Elapsed  Exit status
6270046           32            0.0 %  2025-06-09T19:21:51  103.0 s  1
6270046.batch     32      1     0.1 %  2025-06-09T19:21:51  103.0 s  1
6270046.python     1      1    45.9 %  2025-06-09T19:22:04   90.0 s  1

Used CPU time:   46.0 CPU seconds
Unused CPU time: 54.2 CPU minutes

Memory statistics, in GiB:
ID               Alloc   Usage
6270046           59.0        
6270046.batch     59.0     0.0
6270046.python    59.0     0.8

Job 6270046 completed at Mon Jun 9 19:23:36 CEST 2025
Starting job 6270370 on c72-2 on fram at Mon Jun 9 19:30:01 CEST 2025


Currently Loaded Modules:
  1) StdEnv (S)

  Where:
   S:  Module is Sticky, requires --force to unload or purge

 


The following have been reloaded with a version change:
  1) FFTW/3.3.10-GCC-13.3.0 => FFTW/3.3.10-GCC-11.3.0
  2) FlexiBLAS/3.4.4-GCC-13.3.0 => FlexiBLAS/3.2.0-GCC-11.3.0
  3) GCC/13.3.0 => GCC/11.3.0
  4) GCCcore/13.3.0 => GCCcore/11.3.0
  5) OpenBLAS/0.3.27-GCC-13.3.0 => OpenBLAS/0.3.20-GCC-11.3.0
  6) OpenSSL/3 => OpenSSL/1.1
  7) Python/3.12.3-GCCcore-13.3.0 => Python/3.10.4-GCCcore-11.3.0
  8) SQLite/3.45.3-GCCcore-13.3.0 => SQLite/3.38.3-GCCcore-11.3.0
  9) SciPy-bundle/2024.05-gfbf-2024a => SciPy-bundle/2022.05-foss-2022a
 10) Tcl/8.6.14-GCCcore-13.3.0 => Tcl/8.6.12-GCCcore-11.3.0
 11) XZ/5.4.5-GCCcore-13.3.0 => XZ/5.2.5-GCCcore-11.3.0
 12) binutils/2.42-GCCcore-13.3.0 => binutils/2.38-GCCcore-11.3.0
 13) bzip2/1.0.8-GCCcore-13.3.0 => bzip2/1.0.8-GCCcore-11.3.0
 14) gzip/1.13-GCCcore-13.3.0 => gzip/1.12-GCCcore-11.3.0
 15) libffi/3.4.5-GCCcore-13.3.0 => libffi/3.4.2-GCCcore-11.3.0
 16) libreadline/8.2-GCCcore-13.3.0 => libreadline/8.1.2-GCCcore-11.3.0
 17) lz4/1.9.4-GCCcore-13.3.0 => lz4/1.9.3-GCCcore-11.3.0
 18) ncurses/6.5-GCCcore-13.3.0 => ncurses/6.3-GCCcore-11.3.0
 19) pybind11/2.12.0-GCC-13.3.0 => pybind11/2.9.2-GCCcore-11.3.0
 20) zlib/1.3.1-GCCcore-13.3.0 => zlib/1.2.12-GCCcore-11.3.0
 21) zstd/1.5.6-GCCcore-13.3.0 => zstd/1.5.2-GCCcore-11.3.0

Processing year: 2009, period: OND, time: 72

real	85m27.585s
user	0m0.020s
sys	0m0.090s
EBVERSIONNUMACTL=2.0.14
SLURM_JOB_NUM_NODES=1
EBROOTNUMACTL=/cluster/software/numactl/2.0.14-GCCcore-11.3.0
EBDEVELNUMACTL=/cluster/software/numactl/2.0.14-GCCcore-11.3.0/easybuild/numactl-2.0.14-GCCcore-11.3.0-easybuild-devel
OMP_NUM_THREADS=1

Job 6270370 consumed 45.7 billing hours from project nn8008k.

Submitted 2025-06-09T19:29:38; waited 16.0 seconds in the queue after becoming eligible to run.

Requested wallclock time: 1.0 days
Elapsed wallclock time:   1.4 hours

Job exited normally.

Task and CPU statistics:
ID              CPUs  Tasks  CPU util                Start  Elapsed  Exit status
6270370           32            0.0 %  2025-06-09T19:29:54    1.4 h  0
6270370.batch     32      1     0.0 %  2025-06-09T19:29:54    1.4 h  0
6270370.python     1      1    99.3 %  2025-06-09T19:30:07    1.4 h  0

Used CPU time:   1.4 CPU hours
Unused CPU time: 1.8 CPU days

Memory statistics, in GiB:
ID               Alloc   Usage
6270370           59.0        
6270370.batch     59.0     0.0
6270370.python    59.0     1.1

Job 6270370 completed at Mon Jun 9 20:55:35 CEST 2025
