Starting job 6269532 on c85-2 on fram at Mon Jun 9 16:30:23 CEST 2025


Currently Loaded Modules:
  1) StdEnv (S)

  Where:
   S:  Module is Sticky, requires --force to unload or purge

 


The following have been reloaded with a version change:
  1) FFTW/3.3.10-GCC-13.3.0 => FFTW/3.3.10-GCC-11.3.0
  2) FlexiBLAS/3.4.4-GCC-13.3.0 => FlexiBLAS/3.2.0-GCC-11.3.0
  3) GCC/13.3.0 => GCC/11.3.0
  4) GCCcore/13.3.0 => GCCcore/11.3.0
  5) OpenBLAS/0.3.27-GCC-13.3.0 => OpenBLAS/0.3.20-GCC-11.3.0
  6) OpenSSL/3 => OpenSSL/1.1
  7) Python/3.12.3-GCCcore-13.3.0 => Python/3.10.4-GCCcore-11.3.0
  8) SQLite/3.45.3-GCCcore-13.3.0 => SQLite/3.38.3-GCCcore-11.3.0
  9) SciPy-bundle/2024.05-gfbf-2024a => SciPy-bundle/2022.05-foss-2022a
 10) Tcl/8.6.14-GCCcore-13.3.0 => Tcl/8.6.12-GCCcore-11.3.0
 11) XZ/5.4.5-GCCcore-13.3.0 => XZ/5.2.5-GCCcore-11.3.0
 12) binutils/2.42-GCCcore-13.3.0 => binutils/2.38-GCCcore-11.3.0
 13) bzip2/1.0.8-GCCcore-13.3.0 => bzip2/1.0.8-GCCcore-11.3.0
 14) gzip/1.13-GCCcore-13.3.0 => gzip/1.12-GCCcore-11.3.0
 15) libffi/3.4.5-GCCcore-13.3.0 => libffi/3.4.2-GCCcore-11.3.0
 16) libreadline/8.2-GCCcore-13.3.0 => libreadline/8.1.2-GCCcore-11.3.0
 17) lz4/1.9.4-GCCcore-13.3.0 => lz4/1.9.3-GCCcore-11.3.0
 18) ncurses/6.5-GCCcore-13.3.0 => ncurses/6.3-GCCcore-11.3.0
 19) pybind11/2.12.0-GCC-13.3.0 => pybind11/2.9.2-GCCcore-11.3.0
 20) zlib/1.3.1-GCCcore-13.3.0 => zlib/1.2.12-GCCcore-11.3.0
 21) zstd/1.5.6-GCCcore-13.3.0 => zstd/1.5.2-GCCcore-11.3.0

Processing year: 2009, period: JAS, time: 3
Traceback (most recent call last):
  File "/cluster/work/users/llpui9007/ndaily_runs/clusters/clusters_newW3.py", line 237, in <module>
    labels_reweighted, labels_disp, labels = kmeans(n_clusters,l_vect,Fmap_cut_dist,d)
ValueError: too many values to unpack (expected 3)
srun: error: c85-2: task 0: Exited with exit code 1
srun: Terminating StepId=6269532.0

real	1m12.780s
user	0m0.019s
sys	0m0.061s

Job 6269532 consumed 0.7 billing hours from project nn8008k.

Submitted 2025-06-09T16:30:00; waited 22.0 seconds in the queue after becoming eligible to run.

Requested wallclock time: 1.0 days
Elapsed wallclock time:   1.3 minutes

Job failed.

Task and CPU statistics:
ID              CPUs  Tasks  CPU util                Start  Elapsed  Exit status
6269532           32            0.0 %  2025-06-09T16:30:22   80.0 s  1
6269532.batch     32      1     0.2 %  2025-06-09T16:30:22   80.0 s  1
6269532.python     1      1    56.5 %  2025-06-09T16:30:29   73.0 s  1

Used CPU time:   45.9 CPU seconds
Unused CPU time: 41.9 CPU minutes

Memory statistics, in GiB:
ID               Alloc   Usage
6269532           59.0        
6269532.batch     59.0     0.0
6269532.python    59.0     0.7

Job 6269532 completed at Mon Jun 9 16:31:42 CEST 2025
Starting job 6269540 on c85-2 on fram at Mon Jun 9 16:37:56 CEST 2025


Currently Loaded Modules:
  1) StdEnv (S)

  Where:
   S:  Module is Sticky, requires --force to unload or purge

 


The following have been reloaded with a version change:
  1) FFTW/3.3.10-GCC-13.3.0 => FFTW/3.3.10-GCC-11.3.0
  2) FlexiBLAS/3.4.4-GCC-13.3.0 => FlexiBLAS/3.2.0-GCC-11.3.0
  3) GCC/13.3.0 => GCC/11.3.0
  4) GCCcore/13.3.0 => GCCcore/11.3.0
  5) OpenBLAS/0.3.27-GCC-13.3.0 => OpenBLAS/0.3.20-GCC-11.3.0
  6) OpenSSL/3 => OpenSSL/1.1
  7) Python/3.12.3-GCCcore-13.3.0 => Python/3.10.4-GCCcore-11.3.0
  8) SQLite/3.45.3-GCCcore-13.3.0 => SQLite/3.38.3-GCCcore-11.3.0
  9) SciPy-bundle/2024.05-gfbf-2024a => SciPy-bundle/2022.05-foss-2022a
 10) Tcl/8.6.14-GCCcore-13.3.0 => Tcl/8.6.12-GCCcore-11.3.0
 11) XZ/5.4.5-GCCcore-13.3.0 => XZ/5.2.5-GCCcore-11.3.0
 12) binutils/2.42-GCCcore-13.3.0 => binutils/2.38-GCCcore-11.3.0
 13) bzip2/1.0.8-GCCcore-13.3.0 => bzip2/1.0.8-GCCcore-11.3.0
 14) gzip/1.13-GCCcore-13.3.0 => gzip/1.12-GCCcore-11.3.0
 15) libffi/3.4.5-GCCcore-13.3.0 => libffi/3.4.2-GCCcore-11.3.0
 16) libreadline/8.2-GCCcore-13.3.0 => libreadline/8.1.2-GCCcore-11.3.0
 17) lz4/1.9.4-GCCcore-13.3.0 => lz4/1.9.3-GCCcore-11.3.0
 18) ncurses/6.5-GCCcore-13.3.0 => ncurses/6.3-GCCcore-11.3.0
 19) pybind11/2.12.0-GCC-13.3.0 => pybind11/2.9.2-GCCcore-11.3.0
 20) zlib/1.3.1-GCCcore-13.3.0 => zlib/1.2.12-GCCcore-11.3.0
 21) zstd/1.5.6-GCCcore-13.3.0 => zstd/1.5.2-GCCcore-11.3.0

Processing year: 2009, period: JAS, time: 3
Traceback (most recent call last):
  File "/cluster/work/users/llpui9007/ndaily_runs/clusters/clusters_newW3.py", line 232, in <module>
    labels_reweighted, labels_disp, labels = kmeans_w(n_clusters,l_vect,Fmap_cut_dist,d)
TypeError: kmeans_w() takes 2 positional arguments but 4 were given
srun: error: c85-2: task 0: Exited with exit code 1
srun: Terminating StepId=6269540.0

real	0m49.227s
user	0m0.026s
sys	0m0.053s

Job 6269540 consumed 0.5 billing hours from project nn8008k.

Submitted 2025-06-09T16:37:48; waited 8.0 seconds in the queue after becoming eligible to run.

Requested wallclock time: 1.0 days
Elapsed wallclock time:   55.0 seconds

Job failed.

Task and CPU statistics:
ID              CPUs  Tasks  CPU util                Start  Elapsed  Exit status
6269540           32            0.0 %  2025-06-09T16:37:56   55.0 s  1
6269540.batch     32      1     0.3 %  2025-06-09T16:37:56   55.0 s  1
6269540.python     1      1    87.9 %  2025-06-09T16:38:01   50.0 s  1

Used CPU time:   48.6 CPU seconds
Unused CPU time: 28.5 CPU minutes

Memory statistics, in GiB:
ID               Alloc   Usage
6269540           59.0        
6269540.batch     59.0     0.0
6269540.python    59.0     0.7

Job 6269540 completed at Mon Jun 9 16:38:51 CEST 2025
Starting job 6269546 on c85-2 on fram at Mon Jun 9 16:43:27 CEST 2025


Currently Loaded Modules:
  1) StdEnv (S)

  Where:
   S:  Module is Sticky, requires --force to unload or purge

 


The following have been reloaded with a version change:
  1) FFTW/3.3.10-GCC-13.3.0 => FFTW/3.3.10-GCC-11.3.0
  2) FlexiBLAS/3.4.4-GCC-13.3.0 => FlexiBLAS/3.2.0-GCC-11.3.0
  3) GCC/13.3.0 => GCC/11.3.0
  4) GCCcore/13.3.0 => GCCcore/11.3.0
  5) OpenBLAS/0.3.27-GCC-13.3.0 => OpenBLAS/0.3.20-GCC-11.3.0
  6) OpenSSL/3 => OpenSSL/1.1
  7) Python/3.12.3-GCCcore-13.3.0 => Python/3.10.4-GCCcore-11.3.0
  8) SQLite/3.45.3-GCCcore-13.3.0 => SQLite/3.38.3-GCCcore-11.3.0
  9) SciPy-bundle/2024.05-gfbf-2024a => SciPy-bundle/2022.05-foss-2022a
 10) Tcl/8.6.14-GCCcore-13.3.0 => Tcl/8.6.12-GCCcore-11.3.0
 11) XZ/5.4.5-GCCcore-13.3.0 => XZ/5.2.5-GCCcore-11.3.0
 12) binutils/2.42-GCCcore-13.3.0 => binutils/2.38-GCCcore-11.3.0
 13) bzip2/1.0.8-GCCcore-13.3.0 => bzip2/1.0.8-GCCcore-11.3.0
 14) gzip/1.13-GCCcore-13.3.0 => gzip/1.12-GCCcore-11.3.0
 15) libffi/3.4.5-GCCcore-13.3.0 => libffi/3.4.2-GCCcore-11.3.0
 16) libreadline/8.2-GCCcore-13.3.0 => libreadline/8.1.2-GCCcore-11.3.0
 17) lz4/1.9.4-GCCcore-13.3.0 => lz4/1.9.3-GCCcore-11.3.0
 18) ncurses/6.5-GCCcore-13.3.0 => ncurses/6.3-GCCcore-11.3.0
 19) pybind11/2.12.0-GCC-13.3.0 => pybind11/2.9.2-GCCcore-11.3.0
 20) zlib/1.3.1-GCCcore-13.3.0 => zlib/1.2.12-GCCcore-11.3.0
 21) zstd/1.5.6-GCCcore-13.3.0 => zstd/1.5.2-GCCcore-11.3.0

Processing year: 2009, period: JAS, time: 3
Traceback (most recent call last):
  File "/cluster/work/users/llpui9007/ndaily_runs/clusters/clusters_newW3.py", line 232, in <module>
    labels_reweighted, labels_disp, labels = kmeans_w(n_clusters,l_vect)
ValueError: too many values to unpack (expected 3)
srun: error: c85-2: task 0: Exited with exit code 1
srun: Terminating StepId=6269546.0

real	0m45.423s
user	0m0.018s
sys	0m0.062s

Job 6269546 consumed 0.5 billing hours from project nn8008k.

Submitted 2025-06-09T16:43:00; waited 27.0 seconds in the queue after becoming eligible to run.

Requested wallclock time: 1.0 days
Elapsed wallclock time:   51.0 seconds

Job failed.

Task and CPU statistics:
ID              CPUs  Tasks  CPU util                Start  Elapsed  Exit status
6269546           32            0.0 %  2025-06-09T16:43:27   51.0 s  1
6269546.batch     32      1     0.3 %  2025-06-09T16:43:27   51.0 s  1
6269546.python     1      1    89.1 %  2025-06-09T16:43:33   45.0 s  1

Used CPU time:   44.7 CPU seconds
Unused CPU time: 26.5 CPU minutes

Memory statistics, in GiB:
ID               Alloc   Usage
6269546           59.0        
6269546.batch     59.0     0.0
6269546.python    59.0     0.7

Job 6269546 completed at Mon Jun 9 16:44:18 CEST 2025
Starting job 6269553 on c85-2 on fram at Mon Jun 9 16:45:28 CEST 2025


Currently Loaded Modules:
  1) StdEnv (S)

  Where:
   S:  Module is Sticky, requires --force to unload or purge

 


The following have been reloaded with a version change:
  1) FFTW/3.3.10-GCC-13.3.0 => FFTW/3.3.10-GCC-11.3.0
  2) FlexiBLAS/3.4.4-GCC-13.3.0 => FlexiBLAS/3.2.0-GCC-11.3.0
  3) GCC/13.3.0 => GCC/11.3.0
  4) GCCcore/13.3.0 => GCCcore/11.3.0
  5) OpenBLAS/0.3.27-GCC-13.3.0 => OpenBLAS/0.3.20-GCC-11.3.0
  6) OpenSSL/3 => OpenSSL/1.1
  7) Python/3.12.3-GCCcore-13.3.0 => Python/3.10.4-GCCcore-11.3.0
  8) SQLite/3.45.3-GCCcore-13.3.0 => SQLite/3.38.3-GCCcore-11.3.0
  9) SciPy-bundle/2024.05-gfbf-2024a => SciPy-bundle/2022.05-foss-2022a
 10) Tcl/8.6.14-GCCcore-13.3.0 => Tcl/8.6.12-GCCcore-11.3.0
 11) XZ/5.4.5-GCCcore-13.3.0 => XZ/5.2.5-GCCcore-11.3.0
 12) binutils/2.42-GCCcore-13.3.0 => binutils/2.38-GCCcore-11.3.0
 13) bzip2/1.0.8-GCCcore-13.3.0 => bzip2/1.0.8-GCCcore-11.3.0
 14) gzip/1.13-GCCcore-13.3.0 => gzip/1.12-GCCcore-11.3.0
 15) libffi/3.4.5-GCCcore-13.3.0 => libffi/3.4.2-GCCcore-11.3.0
 16) libreadline/8.2-GCCcore-13.3.0 => libreadline/8.1.2-GCCcore-11.3.0
 17) lz4/1.9.4-GCCcore-13.3.0 => lz4/1.9.3-GCCcore-11.3.0
 18) ncurses/6.5-GCCcore-13.3.0 => ncurses/6.3-GCCcore-11.3.0
 19) pybind11/2.12.0-GCC-13.3.0 => pybind11/2.9.2-GCCcore-11.3.0
 20) zlib/1.3.1-GCCcore-13.3.0 => zlib/1.2.12-GCCcore-11.3.0
 21) zstd/1.5.6-GCCcore-13.3.0 => zstd/1.5.2-GCCcore-11.3.0

Processing year: 2009, period: JAS, time: 3

real	76m37.552s
user	0m0.027s
sys	0m0.046s
EBVERSIONNUMACTL=2.0.14
SLURM_JOB_NUM_NODES=1
EBROOTNUMACTL=/cluster/software/numactl/2.0.14-GCCcore-11.3.0
EBDEVELNUMACTL=/cluster/software/numactl/2.0.14-GCCcore-11.3.0/easybuild/numactl-2.0.14-GCCcore-11.3.0-easybuild-devel
OMP_NUM_THREADS=1

Job 6269553 consumed 40.9 billing hours from project nn8008k.

Submitted 2025-06-09T16:45:20; waited 8.0 seconds in the queue after becoming eligible to run.

Requested wallclock time: 1.0 days
Elapsed wallclock time:   1.3 hours

Job exited normally.

Task and CPU statistics:
ID              CPUs  Tasks  CPU util                Start  Elapsed  Exit status
6269553           32            0.0 %  2025-06-09T16:45:28    1.3 h  0
6269553.batch     32      1     0.0 %  2025-06-09T16:45:28    1.3 h  0
6269553.python     1      1    99.4 %  2025-06-09T16:45:33    1.3 h  0

Used CPU time:   1.3 CPU hours
Unused CPU time: 1.7 CPU days

Memory statistics, in GiB:
ID               Alloc   Usage
6269553           59.0        
6269553.batch     59.0     0.0
6269553.python    59.0     1.0

Job 6269553 completed at Mon Jun 9 18:02:11 CEST 2025
Starting job 6270139 on c63-3 on fram at Mon Jun 9 19:22:27 CEST 2025


Currently Loaded Modules:
  1) StdEnv (S)

  Where:
   S:  Module is Sticky, requires --force to unload or purge

 


The following have been reloaded with a version change:
  1) FFTW/3.3.10-GCC-13.3.0 => FFTW/3.3.10-GCC-11.3.0
  2) FlexiBLAS/3.4.4-GCC-13.3.0 => FlexiBLAS/3.2.0-GCC-11.3.0
  3) GCC/13.3.0 => GCC/11.3.0
  4) GCCcore/13.3.0 => GCCcore/11.3.0
  5) OpenBLAS/0.3.27-GCC-13.3.0 => OpenBLAS/0.3.20-GCC-11.3.0
  6) OpenSSL/3 => OpenSSL/1.1
  7) Python/3.12.3-GCCcore-13.3.0 => Python/3.10.4-GCCcore-11.3.0
  8) SQLite/3.45.3-GCCcore-13.3.0 => SQLite/3.38.3-GCCcore-11.3.0
  9) SciPy-bundle/2024.05-gfbf-2024a => SciPy-bundle/2022.05-foss-2022a
 10) Tcl/8.6.14-GCCcore-13.3.0 => Tcl/8.6.12-GCCcore-11.3.0
 11) XZ/5.4.5-GCCcore-13.3.0 => XZ/5.2.5-GCCcore-11.3.0
 12) binutils/2.42-GCCcore-13.3.0 => binutils/2.38-GCCcore-11.3.0
 13) bzip2/1.0.8-GCCcore-13.3.0 => bzip2/1.0.8-GCCcore-11.3.0
 14) gzip/1.13-GCCcore-13.3.0 => gzip/1.12-GCCcore-11.3.0
 15) libffi/3.4.5-GCCcore-13.3.0 => libffi/3.4.2-GCCcore-11.3.0
 16) libreadline/8.2-GCCcore-13.3.0 => libreadline/8.1.2-GCCcore-11.3.0
 17) lz4/1.9.4-GCCcore-13.3.0 => lz4/1.9.3-GCCcore-11.3.0
 18) ncurses/6.5-GCCcore-13.3.0 => ncurses/6.3-GCCcore-11.3.0
 19) pybind11/2.12.0-GCC-13.3.0 => pybind11/2.9.2-GCCcore-11.3.0
 20) zlib/1.3.1-GCCcore-13.3.0 => zlib/1.2.12-GCCcore-11.3.0
 21) zstd/1.5.6-GCCcore-13.3.0 => zstd/1.5.2-GCCcore-11.3.0

Processing year: 2009, period: JAS, time: 3
Traceback (most recent call last):
  File "/cluster/work/users/llpui9007/ndaily_runs/clusters/clusters_newW3.py", line 175, in <module>
    np.fill_diagonal(W,K)
NameError: name 'W' is not defined
srun: error: c63-3: task 0: Exited with exit code 1
srun: Terminating StepId=6270139.0

real	1m0.639s
user	0m0.018s
sys	0m0.062s

Job 6270139 consumed 0.6 billing hours from project nn8008k.

Submitted 2025-06-09T19:21:53; waited 29.0 seconds in the queue after becoming eligible to run.

Requested wallclock time: 1.0 days
Elapsed wallclock time:   1.2 minutes

Job failed.

Task and CPU statistics:
ID              CPUs  Tasks  CPU util                Start  Elapsed  Exit status
6270139           32            0.0 %  2025-06-09T19:22:22   71.0 s  1
6270139.batch     32      1     0.2 %  2025-06-09T19:22:22   71.0 s  1
6270139.python     1      1    64.2 %  2025-06-09T19:22:32   61.0 s  1

Used CPU time:   43.8 CPU seconds
Unused CPU time: 37.1 CPU minutes

Memory statistics, in GiB:
ID               Alloc   Usage
6270139           59.0        
6270139.batch     59.0     0.0
6270139.python    59.0     1.1

Job 6270139 completed at Mon Jun 9 19:23:33 CEST 2025
Starting job 6270463 on c63-6 on fram at Mon Jun 9 19:29:56 CEST 2025


Currently Loaded Modules:
  1) StdEnv (S)

  Where:
   S:  Module is Sticky, requires --force to unload or purge

 


The following have been reloaded with a version change:
  1) FFTW/3.3.10-GCC-13.3.0 => FFTW/3.3.10-GCC-11.3.0
  2) FlexiBLAS/3.4.4-GCC-13.3.0 => FlexiBLAS/3.2.0-GCC-11.3.0
  3) GCC/13.3.0 => GCC/11.3.0
  4) GCCcore/13.3.0 => GCCcore/11.3.0
  5) OpenBLAS/0.3.27-GCC-13.3.0 => OpenBLAS/0.3.20-GCC-11.3.0
  6) OpenSSL/3 => OpenSSL/1.1
  7) Python/3.12.3-GCCcore-13.3.0 => Python/3.10.4-GCCcore-11.3.0
  8) SQLite/3.45.3-GCCcore-13.3.0 => SQLite/3.38.3-GCCcore-11.3.0
  9) SciPy-bundle/2024.05-gfbf-2024a => SciPy-bundle/2022.05-foss-2022a
 10) Tcl/8.6.14-GCCcore-13.3.0 => Tcl/8.6.12-GCCcore-11.3.0
 11) XZ/5.4.5-GCCcore-13.3.0 => XZ/5.2.5-GCCcore-11.3.0
 12) binutils/2.42-GCCcore-13.3.0 => binutils/2.38-GCCcore-11.3.0
 13) bzip2/1.0.8-GCCcore-13.3.0 => bzip2/1.0.8-GCCcore-11.3.0
 14) gzip/1.13-GCCcore-13.3.0 => gzip/1.12-GCCcore-11.3.0
 15) libffi/3.4.5-GCCcore-13.3.0 => libffi/3.4.2-GCCcore-11.3.0
 16) libreadline/8.2-GCCcore-13.3.0 => libreadline/8.1.2-GCCcore-11.3.0
 17) lz4/1.9.4-GCCcore-13.3.0 => lz4/1.9.3-GCCcore-11.3.0
 18) ncurses/6.5-GCCcore-13.3.0 => ncurses/6.3-GCCcore-11.3.0
 19) pybind11/2.12.0-GCC-13.3.0 => pybind11/2.9.2-GCCcore-11.3.0
 20) zlib/1.3.1-GCCcore-13.3.0 => zlib/1.2.12-GCCcore-11.3.0
 21) zstd/1.5.6-GCCcore-13.3.0 => zstd/1.5.2-GCCcore-11.3.0

Processing year: 2009, period: JAS, time: 3

real	79m32.314s
user	0m0.021s
sys	0m0.059s
EBVERSIONNUMACTL=2.0.14
SLURM_JOB_NUM_NODES=1
EBROOTNUMACTL=/cluster/software/numactl/2.0.14-GCCcore-11.3.0
EBDEVELNUMACTL=/cluster/software/numactl/2.0.14-GCCcore-11.3.0/easybuild/numactl-2.0.14-GCCcore-11.3.0-easybuild-devel
OMP_NUM_THREADS=1

Job 6270463 consumed 42.5 billing hours from project nn8008k.

Submitted 2025-06-09T19:29:40; waited 14.0 seconds in the queue after becoming eligible to run.

Requested wallclock time: 1.0 days
Elapsed wallclock time:   1.3 hours

Job exited normally.

Task and CPU statistics:
ID              CPUs  Tasks  CPU util                Start  Elapsed  Exit status
6270463           32            0.0 %  2025-06-09T19:29:54    1.3 h  0
6270463.batch     32      1     0.0 %  2025-06-09T19:29:54    1.3 h  0
6270463.python     1      1    99.4 %  2025-06-09T19:30:01    1.3 h  0

Used CPU time:   1.3 CPU hours
Unused CPU time: 1.7 CPU days

Memory statistics, in GiB:
ID               Alloc   Usage
6270463           59.0        
6270463.batch     59.0     0.0
6270463.python    59.0     1.0

Job 6270463 completed at Mon Jun 9 20:49:34 CEST 2025
