Starting job 6269534 on c84-12 on fram at Mon Jun 9 16:30:23 CEST 2025


Currently Loaded Modules:
  1) StdEnv (S)

  Where:
   S:  Module is Sticky, requires --force to unload or purge

 


The following have been reloaded with a version change:
  1) FFTW/3.3.10-GCC-13.3.0 => FFTW/3.3.10-GCC-11.3.0
  2) FlexiBLAS/3.4.4-GCC-13.3.0 => FlexiBLAS/3.2.0-GCC-11.3.0
  3) GCC/13.3.0 => GCC/11.3.0
  4) GCCcore/13.3.0 => GCCcore/11.3.0
  5) OpenBLAS/0.3.27-GCC-13.3.0 => OpenBLAS/0.3.20-GCC-11.3.0
  6) OpenSSL/3 => OpenSSL/1.1
  7) Python/3.12.3-GCCcore-13.3.0 => Python/3.10.4-GCCcore-11.3.0
  8) SQLite/3.45.3-GCCcore-13.3.0 => SQLite/3.38.3-GCCcore-11.3.0
  9) SciPy-bundle/2024.05-gfbf-2024a => SciPy-bundle/2022.05-foss-2022a
 10) Tcl/8.6.14-GCCcore-13.3.0 => Tcl/8.6.12-GCCcore-11.3.0
 11) XZ/5.4.5-GCCcore-13.3.0 => XZ/5.2.5-GCCcore-11.3.0
 12) binutils/2.42-GCCcore-13.3.0 => binutils/2.38-GCCcore-11.3.0
 13) bzip2/1.0.8-GCCcore-13.3.0 => bzip2/1.0.8-GCCcore-11.3.0
 14) gzip/1.13-GCCcore-13.3.0 => gzip/1.12-GCCcore-11.3.0
 15) libffi/3.4.5-GCCcore-13.3.0 => libffi/3.4.2-GCCcore-11.3.0
 16) libreadline/8.2-GCCcore-13.3.0 => libreadline/8.1.2-GCCcore-11.3.0
 17) lz4/1.9.4-GCCcore-13.3.0 => lz4/1.9.3-GCCcore-11.3.0
 18) ncurses/6.5-GCCcore-13.3.0 => ncurses/6.3-GCCcore-11.3.0
 19) pybind11/2.12.0-GCC-13.3.0 => pybind11/2.9.2-GCCcore-11.3.0
 20) zlib/1.3.1-GCCcore-13.3.0 => zlib/1.2.12-GCCcore-11.3.0
 21) zstd/1.5.6-GCCcore-13.3.0 => zstd/1.5.2-GCCcore-11.3.0

Processing year: 2009, period: JAS, time: 5
Traceback (most recent call last):
  File "/cluster/work/users/llpui9007/ndaily_runs/clusters/clusters_newW3.py", line 237, in <module>
    labels_reweighted, labels_disp, labels = kmeans(n_clusters,l_vect,Fmap_cut_dist,d)
ValueError: too many values to unpack (expected 3)
srun: error: c84-12: task 0: Exited with exit code 1
srun: Terminating StepId=6269534.0

real	1m13.925s
user	0m0.021s
sys	0m0.059s

Job 6269534 consumed 0.7 billing hours from project nn8008k.

Submitted 2025-06-09T16:30:00; waited 22.0 seconds in the queue after becoming eligible to run.

Requested wallclock time: 1.0 days
Elapsed wallclock time:   1.4 minutes

Job failed.

Task and CPU statistics:
ID              CPUs  Tasks  CPU util                Start  Elapsed  Exit status
6269534           32            0.0 %  2025-06-09T16:30:22   81.0 s  1
6269534.batch     32      1     0.2 %  2025-06-09T16:30:22   81.0 s  1
6269534.python     1      1    58.6 %  2025-06-09T16:30:29   74.0 s  1

Used CPU time:   48.0 CPU seconds
Unused CPU time: 42.4 CPU minutes

Memory statistics, in GiB:
ID               Alloc   Usage
6269534           59.0        
6269534.batch     59.0     0.0
6269534.python    59.0     0.7

Job 6269534 completed at Mon Jun 9 16:31:43 CEST 2025
Starting job 6269542 on c84-12 on fram at Mon Jun 9 16:37:56 CEST 2025


Currently Loaded Modules:
  1) StdEnv (S)

  Where:
   S:  Module is Sticky, requires --force to unload or purge

 


The following have been reloaded with a version change:
  1) FFTW/3.3.10-GCC-13.3.0 => FFTW/3.3.10-GCC-11.3.0
  2) FlexiBLAS/3.4.4-GCC-13.3.0 => FlexiBLAS/3.2.0-GCC-11.3.0
  3) GCC/13.3.0 => GCC/11.3.0
  4) GCCcore/13.3.0 => GCCcore/11.3.0
  5) OpenBLAS/0.3.27-GCC-13.3.0 => OpenBLAS/0.3.20-GCC-11.3.0
  6) OpenSSL/3 => OpenSSL/1.1
  7) Python/3.12.3-GCCcore-13.3.0 => Python/3.10.4-GCCcore-11.3.0
  8) SQLite/3.45.3-GCCcore-13.3.0 => SQLite/3.38.3-GCCcore-11.3.0
  9) SciPy-bundle/2024.05-gfbf-2024a => SciPy-bundle/2022.05-foss-2022a
 10) Tcl/8.6.14-GCCcore-13.3.0 => Tcl/8.6.12-GCCcore-11.3.0
 11) XZ/5.4.5-GCCcore-13.3.0 => XZ/5.2.5-GCCcore-11.3.0
 12) binutils/2.42-GCCcore-13.3.0 => binutils/2.38-GCCcore-11.3.0
 13) bzip2/1.0.8-GCCcore-13.3.0 => bzip2/1.0.8-GCCcore-11.3.0
 14) gzip/1.13-GCCcore-13.3.0 => gzip/1.12-GCCcore-11.3.0
 15) libffi/3.4.5-GCCcore-13.3.0 => libffi/3.4.2-GCCcore-11.3.0
 16) libreadline/8.2-GCCcore-13.3.0 => libreadline/8.1.2-GCCcore-11.3.0
 17) lz4/1.9.4-GCCcore-13.3.0 => lz4/1.9.3-GCCcore-11.3.0
 18) ncurses/6.5-GCCcore-13.3.0 => ncurses/6.3-GCCcore-11.3.0
 19) pybind11/2.12.0-GCC-13.3.0 => pybind11/2.9.2-GCCcore-11.3.0
 20) zlib/1.3.1-GCCcore-13.3.0 => zlib/1.2.12-GCCcore-11.3.0
 21) zstd/1.5.6-GCCcore-13.3.0 => zstd/1.5.2-GCCcore-11.3.0

Processing year: 2009, period: JAS, time: 5
Traceback (most recent call last):
  File "/cluster/work/users/llpui9007/ndaily_runs/clusters/clusters_newW3.py", line 232, in <module>
    labels_reweighted, labels_disp, labels = kmeans_w(n_clusters,l_vect,Fmap_cut_dist,d)
TypeError: kmeans_w() takes 2 positional arguments but 4 were given
srun: error: c84-12: task 0: Exited with exit code 1
srun: Terminating StepId=6269542.0

real	0m45.444s
user	0m0.028s
sys	0m0.049s

Job 6269542 consumed 0.5 billing hours from project nn8008k.

Submitted 2025-06-09T16:37:48; waited 8.0 seconds in the queue after becoming eligible to run.

Requested wallclock time: 1.0 days
Elapsed wallclock time:   51.0 seconds

Job failed.

Task and CPU statistics:
ID              CPUs  Tasks  CPU util                Start  Elapsed  Exit status
6269542           32            0.0 %  2025-06-09T16:37:56   51.0 s  1
6269542.batch     32      1     0.3 %  2025-06-09T16:37:56   51.0 s  1
6269542.python     1      1    87.4 %  2025-06-09T16:38:01   46.0 s  1

Used CPU time:   44.9 CPU seconds
Unused CPU time: 26.5 CPU minutes

Memory statistics, in GiB:
ID               Alloc   Usage
6269542           59.0        
6269542.batch     59.0     0.0
6269542.python    59.0     0.7

Job 6269542 completed at Mon Jun 9 16:38:47 CEST 2025
Starting job 6269548 on c84-12 on fram at Mon Jun 9 16:43:28 CEST 2025


Currently Loaded Modules:
  1) StdEnv (S)

  Where:
   S:  Module is Sticky, requires --force to unload or purge

 


The following have been reloaded with a version change:
  1) FFTW/3.3.10-GCC-13.3.0 => FFTW/3.3.10-GCC-11.3.0
  2) FlexiBLAS/3.4.4-GCC-13.3.0 => FlexiBLAS/3.2.0-GCC-11.3.0
  3) GCC/13.3.0 => GCC/11.3.0
  4) GCCcore/13.3.0 => GCCcore/11.3.0
  5) OpenBLAS/0.3.27-GCC-13.3.0 => OpenBLAS/0.3.20-GCC-11.3.0
  6) OpenSSL/3 => OpenSSL/1.1
  7) Python/3.12.3-GCCcore-13.3.0 => Python/3.10.4-GCCcore-11.3.0
  8) SQLite/3.45.3-GCCcore-13.3.0 => SQLite/3.38.3-GCCcore-11.3.0
  9) SciPy-bundle/2024.05-gfbf-2024a => SciPy-bundle/2022.05-foss-2022a
 10) Tcl/8.6.14-GCCcore-13.3.0 => Tcl/8.6.12-GCCcore-11.3.0
 11) XZ/5.4.5-GCCcore-13.3.0 => XZ/5.2.5-GCCcore-11.3.0
 12) binutils/2.42-GCCcore-13.3.0 => binutils/2.38-GCCcore-11.3.0
 13) bzip2/1.0.8-GCCcore-13.3.0 => bzip2/1.0.8-GCCcore-11.3.0
 14) gzip/1.13-GCCcore-13.3.0 => gzip/1.12-GCCcore-11.3.0
 15) libffi/3.4.5-GCCcore-13.3.0 => libffi/3.4.2-GCCcore-11.3.0
 16) libreadline/8.2-GCCcore-13.3.0 => libreadline/8.1.2-GCCcore-11.3.0
 17) lz4/1.9.4-GCCcore-13.3.0 => lz4/1.9.3-GCCcore-11.3.0
 18) ncurses/6.5-GCCcore-13.3.0 => ncurses/6.3-GCCcore-11.3.0
 19) pybind11/2.12.0-GCC-13.3.0 => pybind11/2.9.2-GCCcore-11.3.0
 20) zlib/1.3.1-GCCcore-13.3.0 => zlib/1.2.12-GCCcore-11.3.0
 21) zstd/1.5.6-GCCcore-13.3.0 => zstd/1.5.2-GCCcore-11.3.0

Processing year: 2009, period: JAS, time: 5
Traceback (most recent call last):
  File "/cluster/work/users/llpui9007/ndaily_runs/clusters/clusters_newW3.py", line 232, in <module>
    labels_reweighted, labels_disp, labels = kmeans_w(n_clusters,l_vect)
ValueError: too many values to unpack (expected 3)
srun: error: c84-12: task 0: Exited with exit code 1
srun: Terminating StepId=6269548.0

real	0m48.295s
user	0m0.019s
sys	0m0.062s

Job 6269548 consumed 0.5 billing hours from project nn8008k.

Submitted 2025-06-09T16:43:00; waited 27.0 seconds in the queue after becoming eligible to run.

Requested wallclock time: 1.0 days
Elapsed wallclock time:   54.0 seconds

Job failed.

Task and CPU statistics:
ID              CPUs  Tasks  CPU util                Start  Elapsed  Exit status
6269548           32            0.0 %  2025-06-09T16:43:27   54.0 s  1
6269548.batch     32      1     0.3 %  2025-06-09T16:43:27   54.0 s  1
6269548.python     1      1    89.9 %  2025-06-09T16:43:33   48.0 s  1

Used CPU time:   47.8 CPU seconds
Unused CPU time: 28.0 CPU minutes

Memory statistics, in GiB:
ID               Alloc   Usage
6269548           59.0        
6269548.batch     59.0     0.0
6269548.python    59.0     0.7

Job 6269548 completed at Mon Jun 9 16:44:21 CEST 2025
Starting job 6269555 on c84-12 on fram at Mon Jun 9 16:45:28 CEST 2025


Currently Loaded Modules:
  1) StdEnv (S)

  Where:
   S:  Module is Sticky, requires --force to unload or purge

 


The following have been reloaded with a version change:
  1) FFTW/3.3.10-GCC-13.3.0 => FFTW/3.3.10-GCC-11.3.0
  2) FlexiBLAS/3.4.4-GCC-13.3.0 => FlexiBLAS/3.2.0-GCC-11.3.0
  3) GCC/13.3.0 => GCC/11.3.0
  4) GCCcore/13.3.0 => GCCcore/11.3.0
  5) OpenBLAS/0.3.27-GCC-13.3.0 => OpenBLAS/0.3.20-GCC-11.3.0
  6) OpenSSL/3 => OpenSSL/1.1
  7) Python/3.12.3-GCCcore-13.3.0 => Python/3.10.4-GCCcore-11.3.0
  8) SQLite/3.45.3-GCCcore-13.3.0 => SQLite/3.38.3-GCCcore-11.3.0
  9) SciPy-bundle/2024.05-gfbf-2024a => SciPy-bundle/2022.05-foss-2022a
 10) Tcl/8.6.14-GCCcore-13.3.0 => Tcl/8.6.12-GCCcore-11.3.0
 11) XZ/5.4.5-GCCcore-13.3.0 => XZ/5.2.5-GCCcore-11.3.0
 12) binutils/2.42-GCCcore-13.3.0 => binutils/2.38-GCCcore-11.3.0
 13) bzip2/1.0.8-GCCcore-13.3.0 => bzip2/1.0.8-GCCcore-11.3.0
 14) gzip/1.13-GCCcore-13.3.0 => gzip/1.12-GCCcore-11.3.0
 15) libffi/3.4.5-GCCcore-13.3.0 => libffi/3.4.2-GCCcore-11.3.0
 16) libreadline/8.2-GCCcore-13.3.0 => libreadline/8.1.2-GCCcore-11.3.0
 17) lz4/1.9.4-GCCcore-13.3.0 => lz4/1.9.3-GCCcore-11.3.0
 18) ncurses/6.5-GCCcore-13.3.0 => ncurses/6.3-GCCcore-11.3.0
 19) pybind11/2.12.0-GCC-13.3.0 => pybind11/2.9.2-GCCcore-11.3.0
 20) zlib/1.3.1-GCCcore-13.3.0 => zlib/1.2.12-GCCcore-11.3.0
 21) zstd/1.5.6-GCCcore-13.3.0 => zstd/1.5.2-GCCcore-11.3.0

Processing year: 2009, period: JAS, time: 5

real	77m10.269s
user	0m0.023s
sys	0m0.055s
EBVERSIONNUMACTL=2.0.14
SLURM_JOB_NUM_NODES=1
EBROOTNUMACTL=/cluster/software/numactl/2.0.14-GCCcore-11.3.0
EBDEVELNUMACTL=/cluster/software/numactl/2.0.14-GCCcore-11.3.0/easybuild/numactl-2.0.14-GCCcore-11.3.0-easybuild-devel
OMP_NUM_THREADS=1

Job 6269555 consumed 41.2 billing hours from project nn8008k.

Submitted 2025-06-09T16:45:20; waited 8.0 seconds in the queue after becoming eligible to run.

Requested wallclock time: 1.0 days
Elapsed wallclock time:   1.3 hours

Job exited normally.

Task and CPU statistics:
ID              CPUs  Tasks  CPU util                Start  Elapsed  Exit status
6269555           32            0.0 %  2025-06-09T16:45:28    1.3 h  0
6269555.batch     32      1     0.0 %  2025-06-09T16:45:28    1.3 h  0
6269555.python     1      1    99.4 %  2025-06-09T16:45:33    1.3 h  0

Used CPU time:   1.3 CPU hours
Unused CPU time: 1.7 CPU days

Memory statistics, in GiB:
ID               Alloc   Usage
6269555           59.0        
6269555.batch     59.0     0.0
6269555.python    59.0     1.0

Job 6269555 completed at Mon Jun 9 18:02:44 CEST 2025
Starting job 6270141 on c63-1 on fram at Mon Jun 9 19:22:23 CEST 2025


Currently Loaded Modules:
  1) StdEnv (S)

  Where:
   S:  Module is Sticky, requires --force to unload or purge

 


The following have been reloaded with a version change:
  1) FFTW/3.3.10-GCC-13.3.0 => FFTW/3.3.10-GCC-11.3.0
  2) FlexiBLAS/3.4.4-GCC-13.3.0 => FlexiBLAS/3.2.0-GCC-11.3.0
  3) GCC/13.3.0 => GCC/11.3.0
  4) GCCcore/13.3.0 => GCCcore/11.3.0
  5) OpenBLAS/0.3.27-GCC-13.3.0 => OpenBLAS/0.3.20-GCC-11.3.0
  6) OpenSSL/3 => OpenSSL/1.1
  7) Python/3.12.3-GCCcore-13.3.0 => Python/3.10.4-GCCcore-11.3.0
  8) SQLite/3.45.3-GCCcore-13.3.0 => SQLite/3.38.3-GCCcore-11.3.0
  9) SciPy-bundle/2024.05-gfbf-2024a => SciPy-bundle/2022.05-foss-2022a
 10) Tcl/8.6.14-GCCcore-13.3.0 => Tcl/8.6.12-GCCcore-11.3.0
 11) XZ/5.4.5-GCCcore-13.3.0 => XZ/5.2.5-GCCcore-11.3.0
 12) binutils/2.42-GCCcore-13.3.0 => binutils/2.38-GCCcore-11.3.0
 13) bzip2/1.0.8-GCCcore-13.3.0 => bzip2/1.0.8-GCCcore-11.3.0
 14) gzip/1.13-GCCcore-13.3.0 => gzip/1.12-GCCcore-11.3.0
 15) libffi/3.4.5-GCCcore-13.3.0 => libffi/3.4.2-GCCcore-11.3.0
 16) libreadline/8.2-GCCcore-13.3.0 => libreadline/8.1.2-GCCcore-11.3.0
 17) lz4/1.9.4-GCCcore-13.3.0 => lz4/1.9.3-GCCcore-11.3.0
 18) ncurses/6.5-GCCcore-13.3.0 => ncurses/6.3-GCCcore-11.3.0
 19) pybind11/2.12.0-GCC-13.3.0 => pybind11/2.9.2-GCCcore-11.3.0
 20) zlib/1.3.1-GCCcore-13.3.0 => zlib/1.2.12-GCCcore-11.3.0
 21) zstd/1.5.6-GCCcore-13.3.0 => zstd/1.5.2-GCCcore-11.3.0

Processing year: 2009, period: JAS, time: 5
Traceback (most recent call last):
  File "/cluster/work/users/llpui9007/ndaily_runs/clusters/clusters_newW3.py", line 175, in <module>
    np.fill_diagonal(W,K)
NameError: name 'W' is not defined
srun: error: c63-1: task 0: Exited with exit code 1
srun: Terminating StepId=6270141.0

real	1m5.490s
user	0m0.022s
sys	0m0.058s

Job 6270141 consumed 0.6 billing hours from project nn8008k.

Submitted 2025-06-09T19:21:53; waited 29.0 seconds in the queue after becoming eligible to run.

Requested wallclock time: 1.0 days
Elapsed wallclock time:   1.2 minutes

Job failed.

Task and CPU statistics:
ID              CPUs  Tasks  CPU util                Start  Elapsed  Exit status
6270141           32            0.0 %  2025-06-09T19:22:22   71.0 s  1
6270141.batch     32      1     0.2 %  2025-06-09T19:22:22   71.0 s  1
6270141.python     1      1    61.8 %  2025-06-09T19:22:28   65.0 s  1

Used CPU time:   44.8 CPU seconds
Unused CPU time: 37.1 CPU minutes

Memory statistics, in GiB:
ID               Alloc   Usage
6270141           59.0        
6270141.batch     59.0     0.0
6270141.python    59.0     0.8

Job 6270141 completed at Mon Jun 9 19:23:34 CEST 2025
Starting job 6270465 on c63-4 on fram at Mon Jun 9 19:30:00 CEST 2025


Currently Loaded Modules:
  1) StdEnv (S)

  Where:
   S:  Module is Sticky, requires --force to unload or purge

 


The following have been reloaded with a version change:
  1) FFTW/3.3.10-GCC-13.3.0 => FFTW/3.3.10-GCC-11.3.0
  2) FlexiBLAS/3.4.4-GCC-13.3.0 => FlexiBLAS/3.2.0-GCC-11.3.0
  3) GCC/13.3.0 => GCC/11.3.0
  4) GCCcore/13.3.0 => GCCcore/11.3.0
  5) OpenBLAS/0.3.27-GCC-13.3.0 => OpenBLAS/0.3.20-GCC-11.3.0
  6) OpenSSL/3 => OpenSSL/1.1
  7) Python/3.12.3-GCCcore-13.3.0 => Python/3.10.4-GCCcore-11.3.0
  8) SQLite/3.45.3-GCCcore-13.3.0 => SQLite/3.38.3-GCCcore-11.3.0
  9) SciPy-bundle/2024.05-gfbf-2024a => SciPy-bundle/2022.05-foss-2022a
 10) Tcl/8.6.14-GCCcore-13.3.0 => Tcl/8.6.12-GCCcore-11.3.0
 11) XZ/5.4.5-GCCcore-13.3.0 => XZ/5.2.5-GCCcore-11.3.0
 12) binutils/2.42-GCCcore-13.3.0 => binutils/2.38-GCCcore-11.3.0
 13) bzip2/1.0.8-GCCcore-13.3.0 => bzip2/1.0.8-GCCcore-11.3.0
 14) gzip/1.13-GCCcore-13.3.0 => gzip/1.12-GCCcore-11.3.0
 15) libffi/3.4.5-GCCcore-13.3.0 => libffi/3.4.2-GCCcore-11.3.0
 16) libreadline/8.2-GCCcore-13.3.0 => libreadline/8.1.2-GCCcore-11.3.0
 17) lz4/1.9.4-GCCcore-13.3.0 => lz4/1.9.3-GCCcore-11.3.0
 18) ncurses/6.5-GCCcore-13.3.0 => ncurses/6.3-GCCcore-11.3.0
 19) pybind11/2.12.0-GCC-13.3.0 => pybind11/2.9.2-GCCcore-11.3.0
 20) zlib/1.3.1-GCCcore-13.3.0 => zlib/1.2.12-GCCcore-11.3.0
 21) zstd/1.5.6-GCCcore-13.3.0 => zstd/1.5.2-GCCcore-11.3.0

Processing year: 2009, period: JAS, time: 5

real	65m58.959s
user	0m0.025s
sys	0m0.068s
EBVERSIONNUMACTL=2.0.14
SLURM_JOB_NUM_NODES=1
EBROOTNUMACTL=/cluster/software/numactl/2.0.14-GCCcore-11.3.0
EBDEVELNUMACTL=/cluster/software/numactl/2.0.14-GCCcore-11.3.0/easybuild/numactl-2.0.14-GCCcore-11.3.0-easybuild-devel
OMP_NUM_THREADS=1

Job 6270465 consumed 35.3 billing hours from project nn8008k.

Submitted 2025-06-09T19:29:40; waited 15.0 seconds in the queue after becoming eligible to run.

Requested wallclock time: 1.0 days
Elapsed wallclock time:   1.1 hours

Job exited normally.

Task and CPU statistics:
ID              CPUs  Tasks  CPU util                Start  Elapsed  Exit status
6270465           32            0.0 %  2025-06-09T19:29:55    1.1 h  0
6270465.batch     32      1     0.0 %  2025-06-09T19:29:55    1.1 h  0
6270465.python     1      1    99.3 %  2025-06-09T19:30:05    1.1 h  0

Used CPU time:   1.1 CPU hours
Unused CPU time: 1.4 CPU days

Memory statistics, in GiB:
ID               Alloc   Usage
6270465           59.0        
6270465.batch     59.0     0.0
6270465.python    59.0     1.0

Job 6270465 completed at Mon Jun 9 20:36:05 CEST 2025
