Starting job 6271204 on c68-5 on fram at Mon Jun 9 22:41:01 CEST 2025


Currently Loaded Modules:
  1) StdEnv (S)

  Where:
   S:  Module is Sticky, requires --force to unload or purge

 


The following have been reloaded with a version change:
  1) FFTW/3.3.10-GCC-13.3.0 => FFTW/3.3.10-GCC-11.3.0
  2) FlexiBLAS/3.4.4-GCC-13.3.0 => FlexiBLAS/3.2.0-GCC-11.3.0
  3) GCC/13.3.0 => GCC/11.3.0
  4) GCCcore/13.3.0 => GCCcore/11.3.0
  5) OpenBLAS/0.3.27-GCC-13.3.0 => OpenBLAS/0.3.20-GCC-11.3.0
  6) OpenSSL/3 => OpenSSL/1.1
  7) Python/3.12.3-GCCcore-13.3.0 => Python/3.10.4-GCCcore-11.3.0
  8) SQLite/3.45.3-GCCcore-13.3.0 => SQLite/3.38.3-GCCcore-11.3.0
  9) SciPy-bundle/2024.05-gfbf-2024a => SciPy-bundle/2022.05-foss-2022a
 10) Tcl/8.6.14-GCCcore-13.3.0 => Tcl/8.6.12-GCCcore-11.3.0
 11) XZ/5.4.5-GCCcore-13.3.0 => XZ/5.2.5-GCCcore-11.3.0
 12) binutils/2.42-GCCcore-13.3.0 => binutils/2.38-GCCcore-11.3.0
 13) bzip2/1.0.8-GCCcore-13.3.0 => bzip2/1.0.8-GCCcore-11.3.0
 14) gzip/1.13-GCCcore-13.3.0 => gzip/1.12-GCCcore-11.3.0
 15) libffi/3.4.5-GCCcore-13.3.0 => libffi/3.4.2-GCCcore-11.3.0
 16) libreadline/8.2-GCCcore-13.3.0 => libreadline/8.1.2-GCCcore-11.3.0
 17) lz4/1.9.4-GCCcore-13.3.0 => lz4/1.9.3-GCCcore-11.3.0
 18) ncurses/6.5-GCCcore-13.3.0 => ncurses/6.3-GCCcore-11.3.0
 19) pybind11/2.12.0-GCC-13.3.0 => pybind11/2.9.2-GCCcore-11.3.0
 20) zlib/1.3.1-GCCcore-13.3.0 => zlib/1.2.12-GCCcore-11.3.0
 21) zstd/1.5.6-GCCcore-13.3.0 => zstd/1.5.2-GCCcore-11.3.0

Processing year: 2010, period: JAS, time: 78
Traceback (most recent call last):
  File "/cluster/work/users/llpui9007/ndaily_runs/clusters/movies.py", line 513, in <module>
    t0 = time_data[0, tmin_idx]
  File "/cluster/software/SciPy-bundle/2022.05-foss-2022a/lib/python3.10/site-packages/numpy/ma/core.py", line 3222, in __getitem__
    dout = self.data[indx]
IndexError: index 1248 is out of bounds for axis 1 with size 368
srun: error: c68-5: task 0: Exited with exit code 1
srun: Terminating StepId=6271204.0

real	0m7.639s
user	0m0.020s
sys	0m0.067s

Job 6271204 consumed 0.1 billing hours from project nn8008k.

Submitted 2025-06-09T22:39:45; waited 1.2 minutes in the queue after becoming eligible to run.

Requested wallclock time: 1.0 days
Elapsed wallclock time:   15.0 seconds

Job failed.

Task and CPU statistics:
ID              CPUs  Tasks  CPU util                Start  Elapsed  Exit status
6271204           32            0.0 %  2025-06-09T22:40:59   15.0 s  1
6271204.batch     32      1     1.0 %  2025-06-09T22:40:59   15.0 s  1
6271204.python     1      1    43.0 %  2025-06-09T22:41:06    8.0 s  1

Used CPU time:   8.1 CPU seconds
Unused CPU time: 7.9 CPU minutes

Memory statistics, in GiB:
ID               Alloc   Usage
6271204           59.0        
6271204.batch     59.0     0.0
6271204.python    59.0     0.2

Job 6271204 completed at Mon Jun 9 22:41:15 CEST 2025
