Starting job 6233425 on c4-6 on fram at Tue May 13 10:35:58 CEST 2025


Currently Loaded Modules:
  1) StdEnv (S)

  Where:
   S:  Module is Sticky, requires --force to unload or purge

 


The following have been reloaded with a version change:
  1) FFTW/3.3.10-GCC-13.3.0 => FFTW/3.3.10-GCC-11.3.0
  2) FlexiBLAS/3.4.4-GCC-13.3.0 => FlexiBLAS/3.2.0-GCC-11.3.0
  3) GCC/13.3.0 => GCC/11.3.0
  4) GCCcore/13.3.0 => GCCcore/11.3.0
  5) OpenBLAS/0.3.27-GCC-13.3.0 => OpenBLAS/0.3.20-GCC-11.3.0
  6) OpenSSL/3 => OpenSSL/1.1
  7) Python/3.12.3-GCCcore-13.3.0 => Python/3.10.4-GCCcore-11.3.0
  8) SQLite/3.45.3-GCCcore-13.3.0 => SQLite/3.38.3-GCCcore-11.3.0
  9) SciPy-bundle/2024.05-gfbf-2024a => SciPy-bundle/2022.05-foss-2022a
 10) Tcl/8.6.14-GCCcore-13.3.0 => Tcl/8.6.12-GCCcore-11.3.0
 11) XZ/5.4.5-GCCcore-13.3.0 => XZ/5.2.5-GCCcore-11.3.0
 12) binutils/2.42-GCCcore-13.3.0 => binutils/2.38-GCCcore-11.3.0
 13) bzip2/1.0.8-GCCcore-13.3.0 => bzip2/1.0.8-GCCcore-11.3.0
 14) gzip/1.13-GCCcore-13.3.0 => gzip/1.12-GCCcore-11.3.0
 15) libffi/3.4.5-GCCcore-13.3.0 => libffi/3.4.2-GCCcore-11.3.0
 16) libreadline/8.2-GCCcore-13.3.0 => libreadline/8.1.2-GCCcore-11.3.0
 17) lz4/1.9.4-GCCcore-13.3.0 => lz4/1.9.3-GCCcore-11.3.0
 18) ncurses/6.5-GCCcore-13.3.0 => ncurses/6.3-GCCcore-11.3.0
 19) pybind11/2.12.0-GCC-13.3.0 => pybind11/2.9.2-GCCcore-11.3.0
 20) zlib/1.3.1-GCCcore-13.3.0 => zlib/1.2.12-GCCcore-11.3.0
 21) zstd/1.5.6-GCCcore-13.3.0 => zstd/1.5.2-GCCcore-11.3.0

0
40
Generating /cluster/projects/nn8008k/lluisa/NextSIM/seas//Fmap_10days/FTLE_2005_OND_dx0.100_dy0.100_dt0.100_grid_ratio0.0100_FTLE.npy

real	2m39.046s
user	0m0.015s
sys	0m0.050s
4
44
Generating /cluster/projects/nn8008k/lluisa/NextSIM/seas//Fmap_10days/FTLE_2005_OND_dx0.100_dy0.100_dt0.100_grid_ratio0.0101_FTLE.npy

real	2m6.845s
user	0m0.024s
sys	0m0.056s
8
48
Generating /cluster/projects/nn8008k/lluisa/NextSIM/seas//Fmap_10days/FTLE_2005_OND_dx0.100_dy0.100_dt0.100_grid_ratio0.0102_FTLE.npy

real	2m5.562s
user	0m0.020s
sys	0m0.058s
12
52
Generating /cluster/projects/nn8008k/lluisa/NextSIM/seas//Fmap_10days/FTLE_2005_OND_dx0.100_dy0.100_dt0.100_grid_ratio0.0103_FTLE.npy

real	2m6.139s
user	0m0.025s
sys	0m0.052s
16
56
Generating /cluster/projects/nn8008k/lluisa/NextSIM/seas//Fmap_10days/FTLE_2005_OND_dx0.100_dy0.100_dt0.100_grid_ratio0.0104_FTLE.npy

real	2m10.643s
user	0m0.021s
sys	0m0.058s
20
60
Generating /cluster/projects/nn8008k/lluisa/NextSIM/seas//Fmap_10days/FTLE_2005_OND_dx0.100_dy0.100_dt0.100_grid_ratio0.0105_FTLE.npy

real	2m4.892s
user	0m0.016s
sys	0m0.070s
24
64
Generating /cluster/projects/nn8008k/lluisa/NextSIM/seas//Fmap_10days/FTLE_2005_OND_dx0.100_dy0.100_dt0.100_grid_ratio0.0106_FTLE.npy

real	2m5.328s
user	0m0.021s
sys	0m0.061s
28
68
Generating /cluster/projects/nn8008k/lluisa/NextSIM/seas//Fmap_10days/FTLE_2005_OND_dx0.100_dy0.100_dt0.100_grid_ratio0.0107_FTLE.npy

real	2m4.643s
user	0m0.026s
sys	0m0.056s
32
72
Generating /cluster/projects/nn8008k/lluisa/NextSIM/seas//Fmap_10days/FTLE_2005_OND_dx0.100_dy0.100_dt0.100_grid_ratio0.0108_FTLE.npy

real	2m5.248s
user	0m0.020s
sys	0m0.068s
36
76
Generating /cluster/projects/nn8008k/lluisa/NextSIM/seas//Fmap_10days/FTLE_2005_OND_dx0.100_dy0.100_dt0.100_grid_ratio0.0109_FTLE.npy

real	2m5.316s
user	0m0.018s
sys	0m0.068s
40
80
Generating /cluster/projects/nn8008k/lluisa/NextSIM/seas//Fmap_10days/FTLE_2005_OND_dx0.100_dy0.100_dt0.100_grid_ratio0.01010_FTLE.npy

real	2m5.121s
user	0m0.022s
sys	0m0.066s
44
84
Generating /cluster/projects/nn8008k/lluisa/NextSIM/seas//Fmap_10days/FTLE_2005_OND_dx0.100_dy0.100_dt0.100_grid_ratio0.01011_FTLE.npy

real	2m5.997s
user	0m0.016s
sys	0m0.070s
48
88
Generating /cluster/projects/nn8008k/lluisa/NextSIM/seas//Fmap_10days/FTLE_2005_OND_dx0.100_dy0.100_dt0.100_grid_ratio0.01012_FTLE.npy

real	2m5.321s
user	0m0.017s
sys	0m0.074s
52
92
Generating /cluster/projects/nn8008k/lluisa/NextSIM/seas//Fmap_10days/FTLE_2005_OND_dx0.100_dy0.100_dt0.100_grid_ratio0.01013_FTLE.npy

real	2m5.743s
user	0m0.018s
sys	0m0.071s
56
96
Generating /cluster/projects/nn8008k/lluisa/NextSIM/seas//Fmap_10days/FTLE_2005_OND_dx0.100_dy0.100_dt0.100_grid_ratio0.01014_FTLE.npy

real	2m6.025s
user	0m0.022s
sys	0m0.058s
60
100
Generating /cluster/projects/nn8008k/lluisa/NextSIM/seas//Fmap_10days/FTLE_2005_OND_dx0.100_dy0.100_dt0.100_grid_ratio0.01015_FTLE.npy

real	2m5.942s
user	0m0.018s
sys	0m0.067s
64
104
Generating /cluster/projects/nn8008k/lluisa/NextSIM/seas//Fmap_10days/FTLE_2005_OND_dx0.100_dy0.100_dt0.100_grid_ratio0.01016_FTLE.npy

real	2m5.706s
user	0m0.020s
sys	0m0.059s
68
108
Generating /cluster/projects/nn8008k/lluisa/NextSIM/seas//Fmap_10days/FTLE_2005_OND_dx0.100_dy0.100_dt0.100_grid_ratio0.01017_FTLE.npy

real	2m6.160s
user	0m0.019s
sys	0m0.059s
72
112
Generating /cluster/projects/nn8008k/lluisa/NextSIM/seas//Fmap_10days/FTLE_2005_OND_dx0.100_dy0.100_dt0.100_grid_ratio0.01018_FTLE.npy

real	2m5.308s
user	0m0.022s
sys	0m0.057s
76
116
Generating /cluster/projects/nn8008k/lluisa/NextSIM/seas//Fmap_10days/FTLE_2005_OND_dx0.100_dy0.100_dt0.100_grid_ratio0.01019_FTLE.npy

real	2m5.665s
user	0m0.017s
sys	0m0.062s
80
120
Generating /cluster/projects/nn8008k/lluisa/NextSIM/seas//Fmap_10days/FTLE_2005_OND_dx0.100_dy0.100_dt0.100_grid_ratio0.01020_FTLE.npy

real	2m5.198s
user	0m0.018s
sys	0m0.061s
84
124
Generating /cluster/projects/nn8008k/lluisa/NextSIM/seas//Fmap_10days/FTLE_2005_OND_dx0.100_dy0.100_dt0.100_grid_ratio0.01021_FTLE.npy

real	2m7.118s
user	0m0.016s
sys	0m0.061s
88
128
Generating /cluster/projects/nn8008k/lluisa/NextSIM/seas//Fmap_10days/FTLE_2005_OND_dx0.100_dy0.100_dt0.100_grid_ratio0.01022_FTLE.npy

real	2m6.766s
user	0m0.017s
sys	0m0.063s
92
132
Generating /cluster/projects/nn8008k/lluisa/NextSIM/seas//Fmap_10days/FTLE_2005_OND_dx0.100_dy0.100_dt0.100_grid_ratio0.01023_FTLE.npy

real	2m5.666s
user	0m0.022s
sys	0m0.056s
96
136
Generating /cluster/projects/nn8008k/lluisa/NextSIM/seas//Fmap_10days/FTLE_2005_OND_dx0.100_dy0.100_dt0.100_grid_ratio0.01024_FTLE.npy

real	2m5.313s
user	0m0.020s
sys	0m0.059s
100
140
Generating /cluster/projects/nn8008k/lluisa/NextSIM/seas//Fmap_10days/FTLE_2005_OND_dx0.100_dy0.100_dt0.100_grid_ratio0.01025_FTLE.npy

real	2m5.387s
user	0m0.021s
sys	0m0.068s
104
144
Generating /cluster/projects/nn8008k/lluisa/NextSIM/seas//Fmap_10days/FTLE_2005_OND_dx0.100_dy0.100_dt0.100_grid_ratio0.01026_FTLE.npy

real	2m5.511s
user	0m0.024s
sys	0m0.076s
108
148
Generating /cluster/projects/nn8008k/lluisa/NextSIM/seas//Fmap_10days/FTLE_2005_OND_dx0.100_dy0.100_dt0.100_grid_ratio0.01027_FTLE.npy

real	2m5.360s
user	0m0.021s
sys	0m0.066s
112
152
Generating /cluster/projects/nn8008k/lluisa/NextSIM/seas//Fmap_10days/FTLE_2005_OND_dx0.100_dy0.100_dt0.100_grid_ratio0.01028_FTLE.npy

real	2m5.294s
user	0m0.022s
sys	0m0.058s
116
156
Generating /cluster/projects/nn8008k/lluisa/NextSIM/seas//Fmap_10days/FTLE_2005_OND_dx0.100_dy0.100_dt0.100_grid_ratio0.01029_FTLE.npy

real	2m5.484s
user	0m0.022s
sys	0m0.061s
120
160
Generating /cluster/projects/nn8008k/lluisa/NextSIM/seas//Fmap_10days/FTLE_2005_OND_dx0.100_dy0.100_dt0.100_grid_ratio0.01030_FTLE.npy

real	2m6.429s
user	0m0.028s
sys	0m0.050s
124
164
Generating /cluster/projects/nn8008k/lluisa/NextSIM/seas//Fmap_10days/FTLE_2005_OND_dx0.100_dy0.100_dt0.100_grid_ratio0.01031_FTLE.npy

real	2m7.290s
user	0m0.022s
sys	0m0.063s
128
168
Generating /cluster/projects/nn8008k/lluisa/NextSIM/seas//Fmap_10days/FTLE_2005_OND_dx0.100_dy0.100_dt0.100_grid_ratio0.01032_FTLE.npy

real	2m6.929s
user	0m0.023s
sys	0m0.059s
132
172
Generating /cluster/projects/nn8008k/lluisa/NextSIM/seas//Fmap_10days/FTLE_2005_OND_dx0.100_dy0.100_dt0.100_grid_ratio0.01033_FTLE.npy

real	2m4.831s
user	0m0.022s
sys	0m0.055s
136
176
Generating /cluster/projects/nn8008k/lluisa/NextSIM/seas//Fmap_10days/FTLE_2005_OND_dx0.100_dy0.100_dt0.100_grid_ratio0.01034_FTLE.npy

real	2m5.275s
user	0m0.019s
sys	0m0.060s
140
180
Generating /cluster/projects/nn8008k/lluisa/NextSIM/seas//Fmap_10days/FTLE_2005_OND_dx0.100_dy0.100_dt0.100_grid_ratio0.01035_FTLE.npy

real	2m8.071s
user	0m0.020s
sys	0m0.061s
144
184
Generating /cluster/projects/nn8008k/lluisa/NextSIM/seas//Fmap_10days/FTLE_2005_OND_dx0.100_dy0.100_dt0.100_grid_ratio0.01036_FTLE.npy

real	2m5.051s
user	0m0.021s
sys	0m0.063s
148
188
Generating /cluster/projects/nn8008k/lluisa/NextSIM/seas//Fmap_10days/FTLE_2005_OND_dx0.100_dy0.100_dt0.100_grid_ratio0.01037_FTLE.npy

real	2m5.641s
user	0m0.019s
sys	0m0.059s
152
192
Generating /cluster/projects/nn8008k/lluisa/NextSIM/seas//Fmap_10days/FTLE_2005_OND_dx0.100_dy0.100_dt0.100_grid_ratio0.01038_FTLE.npy

real	2m5.934s
user	0m0.018s
sys	0m0.067s
156
196
Generating /cluster/projects/nn8008k/lluisa/NextSIM/seas//Fmap_10days/FTLE_2005_OND_dx0.100_dy0.100_dt0.100_grid_ratio0.01039_FTLE.npy

real	2m5.702s
user	0m0.022s
sys	0m0.055s
160
200
Generating /cluster/projects/nn8008k/lluisa/NextSIM/seas//Fmap_10days/FTLE_2005_OND_dx0.100_dy0.100_dt0.100_grid_ratio0.01040_FTLE.npy

real	2m5.628s
user	0m0.021s
sys	0m0.068s
164
204
Generating /cluster/projects/nn8008k/lluisa/NextSIM/seas//Fmap_10days/FTLE_2005_OND_dx0.100_dy0.100_dt0.100_grid_ratio0.01041_FTLE.npy

real	2m5.191s
user	0m0.022s
sys	0m0.072s
168
208
Generating /cluster/projects/nn8008k/lluisa/NextSIM/seas//Fmap_10days/FTLE_2005_OND_dx0.100_dy0.100_dt0.100_grid_ratio0.01042_FTLE.npy

real	2m7.130s
user	0m0.020s
sys	0m0.065s
172
212
Generating /cluster/projects/nn8008k/lluisa/NextSIM/seas//Fmap_10days/FTLE_2005_OND_dx0.100_dy0.100_dt0.100_grid_ratio0.01043_FTLE.npy

real	2m5.561s
user	0m0.021s
sys	0m0.066s
176
216
Generating /cluster/projects/nn8008k/lluisa/NextSIM/seas//Fmap_10days/FTLE_2005_OND_dx0.100_dy0.100_dt0.100_grid_ratio0.01044_FTLE.npy

real	2m5.843s
user	0m0.018s
sys	0m0.069s
180
220
Generating /cluster/projects/nn8008k/lluisa/NextSIM/seas//Fmap_10days/FTLE_2005_OND_dx0.100_dy0.100_dt0.100_grid_ratio0.01045_FTLE.npy

real	2m6.250s
user	0m0.019s
sys	0m0.065s
184
224
Generating /cluster/projects/nn8008k/lluisa/NextSIM/seas//Fmap_10days/FTLE_2005_OND_dx0.100_dy0.100_dt0.100_grid_ratio0.01046_FTLE.npy

real	2m4.134s
user	0m0.023s
sys	0m0.069s
188
228
Generating /cluster/projects/nn8008k/lluisa/NextSIM/seas//Fmap_10days/FTLE_2005_OND_dx0.100_dy0.100_dt0.100_grid_ratio0.01047_FTLE.npy

real	2m5.451s
user	0m0.018s
sys	0m0.072s
192
232
Generating /cluster/projects/nn8008k/lluisa/NextSIM/seas//Fmap_10days/FTLE_2005_OND_dx0.100_dy0.100_dt0.100_grid_ratio0.01048_FTLE.npy

real	2m6.234s
user	0m0.019s
sys	0m0.059s
196
236
Generating /cluster/projects/nn8008k/lluisa/NextSIM/seas//Fmap_10days/FTLE_2005_OND_dx0.100_dy0.100_dt0.100_grid_ratio0.01049_FTLE.npy

real	2m5.823s
user	0m0.019s
sys	0m0.057s
200
240
Generating /cluster/projects/nn8008k/lluisa/NextSIM/seas//Fmap_10days/FTLE_2005_OND_dx0.100_dy0.100_dt0.100_grid_ratio0.01050_FTLE.npy

real	2m5.115s
user	0m0.019s
sys	0m0.068s
204
244
Generating /cluster/projects/nn8008k/lluisa/NextSIM/seas//Fmap_10days/FTLE_2005_OND_dx0.100_dy0.100_dt0.100_grid_ratio0.01051_FTLE.npy

real	2m5.323s
user	0m0.019s
sys	0m0.069s
208
248
Generating /cluster/projects/nn8008k/lluisa/NextSIM/seas//Fmap_10days/FTLE_2005_OND_dx0.100_dy0.100_dt0.100_grid_ratio0.01052_FTLE.npy

real	2m5.401s
user	0m0.015s
sys	0m0.077s
212
252
Generating /cluster/projects/nn8008k/lluisa/NextSIM/seas//Fmap_10days/FTLE_2005_OND_dx0.100_dy0.100_dt0.100_grid_ratio0.01053_FTLE.npy

real	2m5.292s
user	0m0.022s
sys	0m0.071s
216
256
Generating /cluster/projects/nn8008k/lluisa/NextSIM/seas//Fmap_10days/FTLE_2005_OND_dx0.100_dy0.100_dt0.100_grid_ratio0.01054_FTLE.npy

real	2m7.341s
user	0m0.020s
sys	0m0.071s
220
260
Generating /cluster/projects/nn8008k/lluisa/NextSIM/seas//Fmap_10days/FTLE_2005_OND_dx0.100_dy0.100_dt0.100_grid_ratio0.01055_FTLE.npy

real	2m6.589s
user	0m0.020s
sys	0m0.068s
224
264
Generating /cluster/projects/nn8008k/lluisa/NextSIM/seas//Fmap_10days/FTLE_2005_OND_dx0.100_dy0.100_dt0.100_grid_ratio0.01056_FTLE.npy

real	2m5.121s
user	0m0.020s
sys	0m0.060s
228
268
Generating /cluster/projects/nn8008k/lluisa/NextSIM/seas//Fmap_10days/FTLE_2005_OND_dx0.100_dy0.100_dt0.100_grid_ratio0.01057_FTLE.npy

real	2m5.187s
user	0m0.017s
sys	0m0.061s
232
272
Generating /cluster/projects/nn8008k/lluisa/NextSIM/seas//Fmap_10days/FTLE_2005_OND_dx0.100_dy0.100_dt0.100_grid_ratio0.01058_FTLE.npy

real	2m5.966s
user	0m0.020s
sys	0m0.070s
236
276
Generating /cluster/projects/nn8008k/lluisa/NextSIM/seas//Fmap_10days/FTLE_2005_OND_dx0.100_dy0.100_dt0.100_grid_ratio0.01059_FTLE.npy

real	2m6.632s
user	0m0.021s
sys	0m0.066s
240
280
Generating /cluster/projects/nn8008k/lluisa/NextSIM/seas//Fmap_10days/FTLE_2005_OND_dx0.100_dy0.100_dt0.100_grid_ratio0.01060_FTLE.npy

real	2m6.062s
user	0m0.022s
sys	0m0.069s
244
284
Generating /cluster/projects/nn8008k/lluisa/NextSIM/seas//Fmap_10days/FTLE_2005_OND_dx0.100_dy0.100_dt0.100_grid_ratio0.01061_FTLE.npy

real	2m4.920s
user	0m0.018s
sys	0m0.072s
248
288
Generating /cluster/projects/nn8008k/lluisa/NextSIM/seas//Fmap_10days/FTLE_2005_OND_dx0.100_dy0.100_dt0.100_grid_ratio0.01062_FTLE.npy

real	2m5.476s
user	0m0.020s
sys	0m0.067s
252
292
Generating /cluster/projects/nn8008k/lluisa/NextSIM/seas//Fmap_10days/FTLE_2005_OND_dx0.100_dy0.100_dt0.100_grid_ratio0.01063_FTLE.npy

real	2m5.277s
user	0m0.020s
sys	0m0.071s
256
296
Generating /cluster/projects/nn8008k/lluisa/NextSIM/seas//Fmap_10days/FTLE_2005_OND_dx0.100_dy0.100_dt0.100_grid_ratio0.01064_FTLE.npy

real	2m4.545s
user	0m0.018s
sys	0m0.066s
260
300
Generating /cluster/projects/nn8008k/lluisa/NextSIM/seas//Fmap_10days/FTLE_2005_OND_dx0.100_dy0.100_dt0.100_grid_ratio0.01065_FTLE.npy
Traceback (most recent call last):
  File "/cluster/home/llpui9007/Programs/FTLE/FTLEIce.py", line 281, in <module>
    plotpolar_scatter_masked_ftle(X_domain, Y_domain, masked_ftle, time[0], time[-1], results_directory+'/'+str(int(tmin/time_steps_per_day))+"_FTLE.png","viridis",0.4)
TypeError: plotpolar_scatter_masked_ftle() missing 1 required positional argument: 'vmax'
srun: error: c4-6: task 0: Exited with exit code 1
srun: Terminating StepId=6233425.65

real	1m59.077s
user	0m0.018s
sys	0m0.067s

Job 6233425 consumed 74.1 billing hours from project nn8008k.

Submitted 2025-05-13T10:35:54; waited 3.0 seconds in the queue after becoming eligible to run.

Requested wallclock time: 6.3 hours
Elapsed wallclock time:   2.3 hours

Job failed.

Task and CPU statistics:
ID              CPUs  Tasks  CPU util                Start  Elapsed  Exit status
6233425           32            0.0 %  2025-05-13T10:35:57    2.3 h  1
6233425.batch     32      1     0.0 %  2025-05-13T10:35:57    2.3 h  1
6233425.python    32      1    46.2 %  2025-05-13T10:36:03    0.0 h  0
6233425.python    32      1    58.2 %  2025-05-13T10:38:43    0.0 h  0
6233425.python    32      1    58.3 %  2025-05-13T10:40:49    0.0 h  0
6233425.python    32      1    58.2 %  2025-05-13T10:42:55    0.0 h  0
6233425.python    32      1    56.2 %  2025-05-13T10:45:01    0.0 h  0
6233425.python    32      1    58.7 %  2025-05-13T10:47:12    0.0 h  0
6233425.python    32      1    58.8 %  2025-05-13T10:49:17    0.0 h  0
6233425.python    32      1    58.7 %  2025-05-13T10:51:22    0.0 h  0
6233425.python    32      1    58.7 %  2025-05-13T10:53:27    0.0 h  0
6233425.python    32      1    58.7 %  2025-05-13T10:55:32    0.0 h  0
6233425.python    32      1    58.8 %  2025-05-13T10:57:37    0.0 h  0
6233425.python    32      1    58.4 %  2025-05-13T10:59:42    0.0 h  0
6233425.python    32      1    58.3 %  2025-05-13T11:01:48    0.0 h  0
6233425.python    32      1    58.7 %  2025-05-13T11:03:54    0.0 h  0
6233425.python    32      1    58.9 %  2025-05-13T11:06:00    0.0 h  0
6233425.python    32      1    58.6 %  2025-05-13T11:08:06    0.0 h  0
6233425.python    32      1    58.7 %  2025-05-13T11:10:12    0.0 h  0
6233425.python    32      1    58.2 %  2025-05-13T11:12:17    0.0 h  0
6233425.python    32      1    58.3 %  2025-05-13T11:14:23    0.0 h  0
6233425.python    32      1    58.7 %  2025-05-13T11:16:29    0.0 h  0
6233425.python    32      1    58.2 %  2025-05-13T11:18:34    0.0 h  0
6233425.python    32      1    57.8 %  2025-05-13T11:20:40    0.0 h  0
6233425.python    32      1    58.4 %  2025-05-13T11:22:47    0.0 h  0
6233425.python    32      1    58.7 %  2025-05-13T11:24:54    0.0 h  0
6233425.python    32      1    58.9 %  2025-05-13T11:26:59    0.0 h  0
6233425.python    32      1    58.9 %  2025-05-13T11:29:05    0.0 h  0
6233425.python    32      1    58.7 %  2025-05-13T11:31:10    0.0 h  0
6233425.python    32      1    58.7 %  2025-05-13T11:33:16    0.0 h  0
6233425.python    32      1    58.8 %  2025-05-13T11:35:21    0.0 h  0
6233425.python    32      1    58.4 %  2025-05-13T11:37:26    0.0 h  0
6233425.python    32      1    58.2 %  2025-05-13T11:39:32    0.0 h  0
6233425.python    32      1    57.7 %  2025-05-13T11:41:38    0.0 h  0
6233425.python    32      1    57.8 %  2025-05-13T11:43:45    0.0 h  0
6233425.python    32      1    58.6 %  2025-05-13T11:45:52    0.0 h  0
6233425.python    32      1    59.1 %  2025-05-13T11:47:57    0.0 h  0
6233425.python    32      1    57.3 %  2025-05-13T11:50:03    0.0 h  0
6233425.python    32      1    58.7 %  2025-05-13T11:52:11    0.0 h  0
6233425.python    32      1    58.8 %  2025-05-13T11:54:16    0.0 h  0
6233425.python    32      1    58.3 %  2025-05-13T11:56:21    0.0 h  0
6233425.python    32      1    58.3 %  2025-05-13T11:58:27    0.0 h  0
6233425.python    32      1    58.4 %  2025-05-13T12:00:33    0.0 h  0
6233425.python    32      1    58.7 %  2025-05-13T12:02:39    0.0 h  0
6233425.python    32      1    57.9 %  2025-05-13T12:04:44    0.0 h  0
6233425.python    32      1    59.0 %  2025-05-13T12:06:51    0.0 h  0
6233425.python    32      1    58.8 %  2025-05-13T12:08:57    0.0 h  0
6233425.python    32      1    58.0 %  2025-05-13T12:11:02    0.0 h  0
6233425.python    32      1    59.1 %  2025-05-13T12:13:09    0.0 h  0
6233425.python    32      1    58.9 %  2025-05-13T12:15:13    0.0 h  0
6233425.python    32      1    58.3 %  2025-05-13T12:17:18    0.0 h  0
6233425.python    32      1    58.7 %  2025-05-13T12:19:25    0.0 h  0
6233425.python    32      1    58.7 %  2025-05-13T12:21:30    0.0 h  0
6233425.python    32      1    58.9 %  2025-05-13T12:23:36    0.0 h  0
6233425.python    32      1    58.7 %  2025-05-13T12:25:41    0.0 h  0
6233425.python    32      1    58.1 %  2025-05-13T12:27:46    0.0 h  0
6233425.python    32      1    57.8 %  2025-05-13T12:29:52    0.0 h  0
6233425.python    32      1    58.3 %  2025-05-13T12:31:59    0.0 h  0
6233425.python    32      1    58.8 %  2025-05-13T12:34:06    0.0 h  0
6233425.python    32      1    58.6 %  2025-05-13T12:36:11    0.0 h  0
6233425.python    32      1    58.4 %  2025-05-13T12:38:16    0.0 h  0
6233425.python    32      1    58.4 %  2025-05-13T12:40:22    0.0 h  0
6233425.python    32      1    58.3 %  2025-05-13T12:42:29    0.0 h  0
6233425.python    32      1    59.2 %  2025-05-13T12:44:35    0.0 h  0
6233425.python    32      1    58.7 %  2025-05-13T12:46:40    0.0 h  0
6233425.python    32      1    58.6 %  2025-05-13T12:48:45    0.0 h  0
6233425.python    32      1    58.7 %  2025-05-13T12:50:50    0.0 h  0
6233425.python    32      1    61.6 %  2025-05-13T12:52:55    0.0 h  1

Used CPU time:   1.8 CPU days
Unused CPU time: 1.3 CPU days

Memory statistics, in GiB:
ID               Alloc   Usage
6233425           59.0        
6233425.batch     59.0     0.0
6233425.python    59.0    10.3
6233425.python    59.0     9.6
6233425.python    59.0     9.6
6233425.python    59.0     9.6
6233425.python    59.0     9.7
6233425.python    59.0     9.6
6233425.python    59.0     9.6
6233425.python    59.0     9.6
6233425.python    59.0     9.6
6233425.python    59.0     9.6
6233425.python    59.0     9.6
6233425.python    59.0     9.6
6233425.python    59.0     9.6
6233425.python    59.0     9.6
6233425.python    59.0     9.6
6233425.python    59.0     9.6
6233425.python    59.0     9.5
6233425.python    59.0     9.6
6233425.python    59.0     9.6
6233425.python    59.0     9.7
6233425.python    59.0     9.3
6233425.python    59.0     9.6
6233425.python    59.0     9.6
6233425.python    59.0     9.4
6233425.python    59.0     9.6
6233425.python    59.0     9.6
6233425.python    59.0     9.6
6233425.python    59.0     9.6
6233425.python    59.0     9.6
6233425.python    59.0     9.4
6233425.python    59.0     9.7
6233425.python    59.0     9.8
6233425.python    59.0     9.6
6233425.python    59.0     9.7
6233425.python    59.0     9.5
6233425.python    59.0     9.6
6233425.python    59.0     9.6
6233425.python    59.0     9.7
6233425.python    59.0     9.7
6233425.python    59.0     9.7
6233425.python    59.0     9.4
6233425.python    59.0     9.6
6233425.python    59.0     9.6
6233425.python    59.0     9.6
6233425.python    59.0     9.6
6233425.python    59.0     9.5
6233425.python    59.0     9.5
6233425.python    59.0     9.6
6233425.python    59.0     9.6
6233425.python    59.0     9.6
6233425.python    59.0     9.6
6233425.python    59.0     9.7
6233425.python    59.0     9.6
6233425.python    59.0     9.6
6233425.python    59.0     9.9
6233425.python    59.0     9.7
6233425.python    59.0     9.7
6233425.python    59.0     9.6
6233425.python    59.0     9.6
6233425.python    59.0     9.7
6233425.python    59.0     9.6
6233425.python    59.0     9.5
6233425.python    59.0     9.4
6233425.python    59.0     9.7
6233425.python    59.0     9.7
6233425.python    59.0     9.8

Job 6233425 completed at Tue May 13 12:54:54 CEST 2025
