Starting job 6233426 on c4-8 on fram at Tue May 13 10:35:58 CEST 2025


Currently Loaded Modules:
  1) StdEnv (S)

  Where:
   S:  Module is Sticky, requires --force to unload or purge

 


The following have been reloaded with a version change:
  1) FFTW/3.3.10-GCC-13.3.0 => FFTW/3.3.10-GCC-11.3.0
  2) FlexiBLAS/3.4.4-GCC-13.3.0 => FlexiBLAS/3.2.0-GCC-11.3.0
  3) GCC/13.3.0 => GCC/11.3.0
  4) GCCcore/13.3.0 => GCCcore/11.3.0
  5) OpenBLAS/0.3.27-GCC-13.3.0 => OpenBLAS/0.3.20-GCC-11.3.0
  6) OpenSSL/3 => OpenSSL/1.1
  7) Python/3.12.3-GCCcore-13.3.0 => Python/3.10.4-GCCcore-11.3.0
  8) SQLite/3.45.3-GCCcore-13.3.0 => SQLite/3.38.3-GCCcore-11.3.0
  9) SciPy-bundle/2024.05-gfbf-2024a => SciPy-bundle/2022.05-foss-2022a
 10) Tcl/8.6.14-GCCcore-13.3.0 => Tcl/8.6.12-GCCcore-11.3.0
 11) XZ/5.4.5-GCCcore-13.3.0 => XZ/5.2.5-GCCcore-11.3.0
 12) binutils/2.42-GCCcore-13.3.0 => binutils/2.38-GCCcore-11.3.0
 13) bzip2/1.0.8-GCCcore-13.3.0 => bzip2/1.0.8-GCCcore-11.3.0
 14) gzip/1.13-GCCcore-13.3.0 => gzip/1.12-GCCcore-11.3.0
 15) libffi/3.4.5-GCCcore-13.3.0 => libffi/3.4.2-GCCcore-11.3.0
 16) libreadline/8.2-GCCcore-13.3.0 => libreadline/8.1.2-GCCcore-11.3.0
 17) lz4/1.9.4-GCCcore-13.3.0 => lz4/1.9.3-GCCcore-11.3.0
 18) ncurses/6.5-GCCcore-13.3.0 => ncurses/6.3-GCCcore-11.3.0
 19) pybind11/2.12.0-GCC-13.3.0 => pybind11/2.9.2-GCCcore-11.3.0
 20) zlib/1.3.1-GCCcore-13.3.0 => zlib/1.2.12-GCCcore-11.3.0
 21) zstd/1.5.6-GCCcore-13.3.0 => zstd/1.5.2-GCCcore-11.3.0

0
40
Generating /cluster/projects/nn8008k/lluisa/NextSIM/seas//Fmap_10days/FTLE_2005_JFM_dx0.100_dy0.100_dt0.100_grid_ratio0.0100_FTLE.npy

real	2m39.049s
user	0m0.019s
sys	0m0.046s
4
44
Generating /cluster/projects/nn8008k/lluisa/NextSIM/seas//Fmap_10days/FTLE_2005_JFM_dx0.100_dy0.100_dt0.100_grid_ratio0.0101_FTLE.npy

real	2m7.242s
user	0m0.023s
sys	0m0.070s
8
48
Generating /cluster/projects/nn8008k/lluisa/NextSIM/seas//Fmap_10days/FTLE_2005_JFM_dx0.100_dy0.100_dt0.100_grid_ratio0.0102_FTLE.npy

real	2m5.276s
user	0m0.021s
sys	0m0.069s
12
52
Generating /cluster/projects/nn8008k/lluisa/NextSIM/seas//Fmap_10days/FTLE_2005_JFM_dx0.100_dy0.100_dt0.100_grid_ratio0.0103_FTLE.npy

real	2m6.383s
user	0m0.022s
sys	0m0.068s
16
56
Generating /cluster/projects/nn8008k/lluisa/NextSIM/seas//Fmap_10days/FTLE_2005_JFM_dx0.100_dy0.100_dt0.100_grid_ratio0.0104_FTLE.npy

real	2m5.439s
user	0m0.017s
sys	0m0.074s
20
60
Generating /cluster/projects/nn8008k/lluisa/NextSIM/seas//Fmap_10days/FTLE_2005_JFM_dx0.100_dy0.100_dt0.100_grid_ratio0.0105_FTLE.npy

real	2m5.216s
user	0m0.019s
sys	0m0.073s
24
64
Generating /cluster/projects/nn8008k/lluisa/NextSIM/seas//Fmap_10days/FTLE_2005_JFM_dx0.100_dy0.100_dt0.100_grid_ratio0.0106_FTLE.npy

real	2m5.362s
user	0m0.017s
sys	0m0.073s
28
68
Generating /cluster/projects/nn8008k/lluisa/NextSIM/seas//Fmap_10days/FTLE_2005_JFM_dx0.100_dy0.100_dt0.100_grid_ratio0.0107_FTLE.npy

real	2m5.414s
user	0m0.021s
sys	0m0.067s
32
72
Generating /cluster/projects/nn8008k/lluisa/NextSIM/seas//Fmap_10days/FTLE_2005_JFM_dx0.100_dy0.100_dt0.100_grid_ratio0.0108_FTLE.npy

real	2m5.519s
user	0m0.018s
sys	0m0.074s
36
76
Generating /cluster/projects/nn8008k/lluisa/NextSIM/seas//Fmap_10days/FTLE_2005_JFM_dx0.100_dy0.100_dt0.100_grid_ratio0.0109_FTLE.npy

real	2m4.823s
user	0m0.023s
sys	0m0.070s
40
80
Generating /cluster/projects/nn8008k/lluisa/NextSIM/seas//Fmap_10days/FTLE_2005_JFM_dx0.100_dy0.100_dt0.100_grid_ratio0.01010_FTLE.npy

real	2m5.579s
user	0m0.022s
sys	0m0.059s
44
84
Generating /cluster/projects/nn8008k/lluisa/NextSIM/seas//Fmap_10days/FTLE_2005_JFM_dx0.100_dy0.100_dt0.100_grid_ratio0.01011_FTLE.npy

real	2m7.188s
user	0m0.019s
sys	0m0.066s
48
88
Generating /cluster/projects/nn8008k/lluisa/NextSIM/seas//Fmap_10days/FTLE_2005_JFM_dx0.100_dy0.100_dt0.100_grid_ratio0.01012_FTLE.npy

real	2m5.610s
user	0m0.020s
sys	0m0.064s
52
92
Generating /cluster/projects/nn8008k/lluisa/NextSIM/seas//Fmap_10days/FTLE_2005_JFM_dx0.100_dy0.100_dt0.100_grid_ratio0.01013_FTLE.npy

real	2m5.534s
user	0m0.020s
sys	0m0.065s
56
96
Generating /cluster/projects/nn8008k/lluisa/NextSIM/seas//Fmap_10days/FTLE_2005_JFM_dx0.100_dy0.100_dt0.100_grid_ratio0.01014_FTLE.npy

real	2m4.622s
user	0m0.024s
sys	0m0.058s
60
100
Generating /cluster/projects/nn8008k/lluisa/NextSIM/seas//Fmap_10days/FTLE_2005_JFM_dx0.100_dy0.100_dt0.100_grid_ratio0.01015_FTLE.npy

real	2m6.414s
user	0m0.018s
sys	0m0.065s
64
104
Generating /cluster/projects/nn8008k/lluisa/NextSIM/seas//Fmap_10days/FTLE_2005_JFM_dx0.100_dy0.100_dt0.100_grid_ratio0.01016_FTLE.npy

real	2m5.624s
user	0m0.019s
sys	0m0.078s
68
108
Generating /cluster/projects/nn8008k/lluisa/NextSIM/seas//Fmap_10days/FTLE_2005_JFM_dx0.100_dy0.100_dt0.100_grid_ratio0.01017_FTLE.npy

real	2m5.430s
user	0m0.023s
sys	0m0.072s
72
112
Generating /cluster/projects/nn8008k/lluisa/NextSIM/seas//Fmap_10days/FTLE_2005_JFM_dx0.100_dy0.100_dt0.100_grid_ratio0.01018_FTLE.npy

real	2m6.444s
user	0m0.017s
sys	0m0.074s
76
116
Generating /cluster/projects/nn8008k/lluisa/NextSIM/seas//Fmap_10days/FTLE_2005_JFM_dx0.100_dy0.100_dt0.100_grid_ratio0.01019_FTLE.npy

real	2m6.173s
user	0m0.017s
sys	0m0.078s
80
120
Generating /cluster/projects/nn8008k/lluisa/NextSIM/seas//Fmap_10days/FTLE_2005_JFM_dx0.100_dy0.100_dt0.100_grid_ratio0.01020_FTLE.npy

real	2m6.018s
user	0m0.021s
sys	0m0.072s
84
124
Generating /cluster/projects/nn8008k/lluisa/NextSIM/seas//Fmap_10days/FTLE_2005_JFM_dx0.100_dy0.100_dt0.100_grid_ratio0.01021_FTLE.npy

real	2m4.370s
user	0m0.025s
sys	0m0.068s
88
128
Generating /cluster/projects/nn8008k/lluisa/NextSIM/seas//Fmap_10days/FTLE_2005_JFM_dx0.100_dy0.100_dt0.100_grid_ratio0.01022_FTLE.npy

real	2m6.419s
user	0m0.022s
sys	0m0.071s
92
132
Generating /cluster/projects/nn8008k/lluisa/NextSIM/seas//Fmap_10days/FTLE_2005_JFM_dx0.100_dy0.100_dt0.100_grid_ratio0.01023_FTLE.npy

real	2m5.358s
user	0m0.021s
sys	0m0.073s
96
136
Generating /cluster/projects/nn8008k/lluisa/NextSIM/seas//Fmap_10days/FTLE_2005_JFM_dx0.100_dy0.100_dt0.100_grid_ratio0.01024_FTLE.npy

real	2m7.162s
user	0m0.020s
sys	0m0.076s
100
140
Generating /cluster/projects/nn8008k/lluisa/NextSIM/seas//Fmap_10days/FTLE_2005_JFM_dx0.100_dy0.100_dt0.100_grid_ratio0.01025_FTLE.npy

real	2m4.826s
user	0m0.019s
sys	0m0.075s
104
144
Generating /cluster/projects/nn8008k/lluisa/NextSIM/seas//Fmap_10days/FTLE_2005_JFM_dx0.100_dy0.100_dt0.100_grid_ratio0.01026_FTLE.npy

real	2m5.219s
user	0m0.022s
sys	0m0.072s
108
148
Generating /cluster/projects/nn8008k/lluisa/NextSIM/seas//Fmap_10days/FTLE_2005_JFM_dx0.100_dy0.100_dt0.100_grid_ratio0.01027_FTLE.npy

real	2m5.321s
user	0m0.015s
sys	0m0.076s
112
152
Generating /cluster/projects/nn8008k/lluisa/NextSIM/seas//Fmap_10days/FTLE_2005_JFM_dx0.100_dy0.100_dt0.100_grid_ratio0.01028_FTLE.npy

real	2m5.191s
user	0m0.018s
sys	0m0.075s
116
156
Generating /cluster/projects/nn8008k/lluisa/NextSIM/seas//Fmap_10days/FTLE_2005_JFM_dx0.100_dy0.100_dt0.100_grid_ratio0.01029_FTLE.npy

real	2m5.937s
user	0m0.022s
sys	0m0.072s
120
160
Generating /cluster/projects/nn8008k/lluisa/NextSIM/seas//Fmap_10days/FTLE_2005_JFM_dx0.100_dy0.100_dt0.100_grid_ratio0.01030_FTLE.npy

real	2m5.984s
user	0m0.018s
sys	0m0.072s
124
164
Generating /cluster/projects/nn8008k/lluisa/NextSIM/seas//Fmap_10days/FTLE_2005_JFM_dx0.100_dy0.100_dt0.100_grid_ratio0.01031_FTLE.npy

real	2m6.922s
user	0m0.019s
sys	0m0.073s
128
168
Generating /cluster/projects/nn8008k/lluisa/NextSIM/seas//Fmap_10days/FTLE_2005_JFM_dx0.100_dy0.100_dt0.100_grid_ratio0.01032_FTLE.npy

real	2m5.893s
user	0m0.017s
sys	0m0.075s
132
172
Generating /cluster/projects/nn8008k/lluisa/NextSIM/seas//Fmap_10days/FTLE_2005_JFM_dx0.100_dy0.100_dt0.100_grid_ratio0.01033_FTLE.npy

real	2m5.247s
user	0m0.021s
sys	0m0.060s
136
176
Generating /cluster/projects/nn8008k/lluisa/NextSIM/seas//Fmap_10days/FTLE_2005_JFM_dx0.100_dy0.100_dt0.100_grid_ratio0.01034_FTLE.npy

real	2m5.917s
user	0m0.022s
sys	0m0.063s
140
180
Generating /cluster/projects/nn8008k/lluisa/NextSIM/seas//Fmap_10days/FTLE_2005_JFM_dx0.100_dy0.100_dt0.100_grid_ratio0.01035_FTLE.npy

real	2m5.129s
user	0m0.019s
sys	0m0.063s
144
184
Generating /cluster/projects/nn8008k/lluisa/NextSIM/seas//Fmap_10days/FTLE_2005_JFM_dx0.100_dy0.100_dt0.100_grid_ratio0.01036_FTLE.npy

real	2m5.125s
user	0m0.018s
sys	0m0.064s
148
188
Generating /cluster/projects/nn8008k/lluisa/NextSIM/seas//Fmap_10days/FTLE_2005_JFM_dx0.100_dy0.100_dt0.100_grid_ratio0.01037_FTLE.npy

real	2m4.816s
user	0m0.020s
sys	0m0.064s
152
192
Generating /cluster/projects/nn8008k/lluisa/NextSIM/seas//Fmap_10days/FTLE_2005_JFM_dx0.100_dy0.100_dt0.100_grid_ratio0.01038_FTLE.npy

real	2m4.708s
user	0m0.025s
sys	0m0.058s
156
196
Generating /cluster/projects/nn8008k/lluisa/NextSIM/seas//Fmap_10days/FTLE_2005_JFM_dx0.100_dy0.100_dt0.100_grid_ratio0.01039_FTLE.npy

real	2m6.051s
user	0m0.021s
sys	0m0.063s
160
200
Generating /cluster/projects/nn8008k/lluisa/NextSIM/seas//Fmap_10days/FTLE_2005_JFM_dx0.100_dy0.100_dt0.100_grid_ratio0.01040_FTLE.npy

real	2m6.328s
user	0m0.020s
sys	0m0.066s
164
204
Generating /cluster/projects/nn8008k/lluisa/NextSIM/seas//Fmap_10days/FTLE_2005_JFM_dx0.100_dy0.100_dt0.100_grid_ratio0.01041_FTLE.npy

real	2m5.153s
user	0m0.021s
sys	0m0.063s
168
208
Generating /cluster/projects/nn8008k/lluisa/NextSIM/seas//Fmap_10days/FTLE_2005_JFM_dx0.100_dy0.100_dt0.100_grid_ratio0.01042_FTLE.npy

real	2m5.060s
user	0m0.020s
sys	0m0.064s
172
212
Generating /cluster/projects/nn8008k/lluisa/NextSIM/seas//Fmap_10days/FTLE_2005_JFM_dx0.100_dy0.100_dt0.100_grid_ratio0.01043_FTLE.npy

real	2m4.672s
user	0m0.020s
sys	0m0.061s
176
216
Generating /cluster/projects/nn8008k/lluisa/NextSIM/seas//Fmap_10days/FTLE_2005_JFM_dx0.100_dy0.100_dt0.100_grid_ratio0.01044_FTLE.npy

real	2m6.271s
user	0m0.022s
sys	0m0.073s
180
220
Generating /cluster/projects/nn8008k/lluisa/NextSIM/seas//Fmap_10days/FTLE_2005_JFM_dx0.100_dy0.100_dt0.100_grid_ratio0.01045_FTLE.npy

real	2m5.631s
user	0m0.018s
sys	0m0.074s
184
224
Generating /cluster/projects/nn8008k/lluisa/NextSIM/seas//Fmap_10days/FTLE_2005_JFM_dx0.100_dy0.100_dt0.100_grid_ratio0.01046_FTLE.npy

real	2m5.053s
user	0m0.022s
sys	0m0.069s
188
228
Generating /cluster/projects/nn8008k/lluisa/NextSIM/seas//Fmap_10days/FTLE_2005_JFM_dx0.100_dy0.100_dt0.100_grid_ratio0.01047_FTLE.npy

real	2m5.305s
user	0m0.019s
sys	0m0.076s
192
232
Generating /cluster/projects/nn8008k/lluisa/NextSIM/seas//Fmap_10days/FTLE_2005_JFM_dx0.100_dy0.100_dt0.100_grid_ratio0.01048_FTLE.npy

real	2m8.528s
user	0m0.020s
sys	0m0.075s
196
236
Generating /cluster/projects/nn8008k/lluisa/NextSIM/seas//Fmap_10days/FTLE_2005_JFM_dx0.100_dy0.100_dt0.100_grid_ratio0.01049_FTLE.npy

real	2m4.406s
user	0m0.018s
sys	0m0.072s
200
240
Generating /cluster/projects/nn8008k/lluisa/NextSIM/seas//Fmap_10days/FTLE_2005_JFM_dx0.100_dy0.100_dt0.100_grid_ratio0.01050_FTLE.npy

real	2m4.915s
user	0m0.021s
sys	0m0.071s
204
244
Generating /cluster/projects/nn8008k/lluisa/NextSIM/seas//Fmap_10days/FTLE_2005_JFM_dx0.100_dy0.100_dt0.100_grid_ratio0.01051_FTLE.npy

real	2m5.459s
user	0m0.021s
sys	0m0.060s
208
248
Generating /cluster/projects/nn8008k/lluisa/NextSIM/seas//Fmap_10days/FTLE_2005_JFM_dx0.100_dy0.100_dt0.100_grid_ratio0.01052_FTLE.npy

real	2m5.721s
user	0m0.020s
sys	0m0.062s
212
252
Generating /cluster/projects/nn8008k/lluisa/NextSIM/seas//Fmap_10days/FTLE_2005_JFM_dx0.100_dy0.100_dt0.100_grid_ratio0.01053_FTLE.npy

real	2m5.414s
user	0m0.015s
sys	0m0.069s
216
256
Generating /cluster/projects/nn8008k/lluisa/NextSIM/seas//Fmap_10days/FTLE_2005_JFM_dx0.100_dy0.100_dt0.100_grid_ratio0.01054_FTLE.npy

real	2m5.093s
user	0m0.018s
sys	0m0.062s
220
260
Generating /cluster/projects/nn8008k/lluisa/NextSIM/seas//Fmap_10days/FTLE_2005_JFM_dx0.100_dy0.100_dt0.100_grid_ratio0.01055_FTLE.npy

real	2m5.062s
user	0m0.018s
sys	0m0.066s
224
264
Generating /cluster/projects/nn8008k/lluisa/NextSIM/seas//Fmap_10days/FTLE_2005_JFM_dx0.100_dy0.100_dt0.100_grid_ratio0.01056_FTLE.npy

real	2m5.098s
user	0m0.019s
sys	0m0.063s
228
268
Generating /cluster/projects/nn8008k/lluisa/NextSIM/seas//Fmap_10days/FTLE_2005_JFM_dx0.100_dy0.100_dt0.100_grid_ratio0.01057_FTLE.npy

real	2m5.811s
user	0m0.020s
sys	0m0.064s
232
272
Generating /cluster/projects/nn8008k/lluisa/NextSIM/seas//Fmap_10days/FTLE_2005_JFM_dx0.100_dy0.100_dt0.100_grid_ratio0.01058_FTLE.npy

real	2m5.372s
user	0m0.022s
sys	0m0.060s
236
276
Generating /cluster/projects/nn8008k/lluisa/NextSIM/seas//Fmap_10days/FTLE_2005_JFM_dx0.100_dy0.100_dt0.100_grid_ratio0.01059_FTLE.npy

real	2m5.535s
user	0m0.018s
sys	0m0.056s
240
280
Generating /cluster/projects/nn8008k/lluisa/NextSIM/seas//Fmap_10days/FTLE_2005_JFM_dx0.100_dy0.100_dt0.100_grid_ratio0.01060_FTLE.npy

real	2m5.113s
user	0m0.019s
sys	0m0.063s
244
284
Generating /cluster/projects/nn8008k/lluisa/NextSIM/seas//Fmap_10days/FTLE_2005_JFM_dx0.100_dy0.100_dt0.100_grid_ratio0.01061_FTLE.npy

real	2m4.925s
user	0m0.022s
sys	0m0.059s
248
288
Generating /cluster/projects/nn8008k/lluisa/NextSIM/seas//Fmap_10days/FTLE_2005_JFM_dx0.100_dy0.100_dt0.100_grid_ratio0.01062_FTLE.npy

real	2m4.933s
user	0m0.018s
sys	0m0.062s
252
292
Generating /cluster/projects/nn8008k/lluisa/NextSIM/seas//Fmap_10days/FTLE_2005_JFM_dx0.100_dy0.100_dt0.100_grid_ratio0.01063_FTLE.npy

real	2m5.544s
user	0m0.021s
sys	0m0.060s
256
296
Generating /cluster/projects/nn8008k/lluisa/NextSIM/seas//Fmap_10days/FTLE_2005_JFM_dx0.100_dy0.100_dt0.100_grid_ratio0.01064_FTLE.npy

real	2m4.982s
user	0m0.019s
sys	0m0.060s
260
300
Generating /cluster/projects/nn8008k/lluisa/NextSIM/seas//Fmap_10days/FTLE_2005_JFM_dx0.100_dy0.100_dt0.100_grid_ratio0.01065_FTLE.npy

real	2m5.963s
user	0m0.020s
sys	0m0.060s
264
304
Generating /cluster/projects/nn8008k/lluisa/NextSIM/seas//Fmap_10days/FTLE_2005_JFM_dx0.100_dy0.100_dt0.100_grid_ratio0.01066_FTLE.npy

real	2m5.638s
user	0m0.027s
sys	0m0.062s
268
308
Generating /cluster/projects/nn8008k/lluisa/NextSIM/seas//Fmap_10days/FTLE_2005_JFM_dx0.100_dy0.100_dt0.100_grid_ratio0.01067_FTLE.npy

real	2m5.969s
user	0m0.023s
sys	0m0.066s
272
312
Generating /cluster/projects/nn8008k/lluisa/NextSIM/seas//Fmap_10days/FTLE_2005_JFM_dx0.100_dy0.100_dt0.100_grid_ratio0.01068_FTLE.npy

real	2m5.085s
user	0m0.022s
sys	0m0.070s
276
316
Generating /cluster/projects/nn8008k/lluisa/NextSIM/seas//Fmap_10days/FTLE_2005_JFM_dx0.100_dy0.100_dt0.100_grid_ratio0.01069_FTLE.npy

real	2m5.616s
user	0m0.022s
sys	0m0.069s
280
320
Generating /cluster/projects/nn8008k/lluisa/NextSIM/seas//Fmap_10days/FTLE_2005_JFM_dx0.100_dy0.100_dt0.100_grid_ratio0.01070_FTLE.npy

real	2m5.492s
user	0m0.021s
sys	0m0.070s
284
324
Generating /cluster/projects/nn8008k/lluisa/NextSIM/seas//Fmap_10days/FTLE_2005_JFM_dx0.100_dy0.100_dt0.100_grid_ratio0.01071_FTLE.npy

real	2m5.445s
user	0m0.021s
sys	0m0.073s
288
328
Generating /cluster/projects/nn8008k/lluisa/NextSIM/seas//Fmap_10days/FTLE_2005_JFM_dx0.100_dy0.100_dt0.100_grid_ratio0.01072_FTLE.npy

real	2m5.189s
user	0m0.021s
sys	0m0.072s
292
332
Generating /cluster/projects/nn8008k/lluisa/NextSIM/seas//Fmap_10days/FTLE_2005_JFM_dx0.100_dy0.100_dt0.100_grid_ratio0.01073_FTLE.npy

real	2m4.975s
user	0m0.014s
sys	0m0.080s
296
336
Generating /cluster/projects/nn8008k/lluisa/NextSIM/seas//Fmap_10days/FTLE_2005_JFM_dx0.100_dy0.100_dt0.100_grid_ratio0.01074_FTLE.npy

real	2m6.386s
user	0m0.015s
sys	0m0.077s
300
340
Generating /cluster/projects/nn8008k/lluisa/NextSIM/seas//Fmap_10days/FTLE_2005_JFM_dx0.100_dy0.100_dt0.100_grid_ratio0.01075_FTLE.npy

real	2m6.554s
user	0m0.024s
sys	0m0.058s
304
344
Generating /cluster/projects/nn8008k/lluisa/NextSIM/seas//Fmap_10days/FTLE_2005_JFM_dx0.100_dy0.100_dt0.100_grid_ratio0.01076_FTLE.npy

real	2m4.535s
user	0m0.022s
sys	0m0.074s
308
348
Generating /cluster/projects/nn8008k/lluisa/NextSIM/seas//Fmap_10days/FTLE_2005_JFM_dx0.100_dy0.100_dt0.100_grid_ratio0.01077_FTLE.npy

real	2m6.171s
user	0m0.020s
sys	0m0.072s
312
352
Generating /cluster/projects/nn8008k/lluisa/NextSIM/seas//Fmap_10days/FTLE_2005_JFM_dx0.100_dy0.100_dt0.100_grid_ratio0.01078_FTLE.npy

real	2m5.026s
user	0m0.023s
sys	0m0.065s
316
356
Generating /cluster/projects/nn8008k/lluisa/NextSIM/seas//Fmap_10days/FTLE_2005_JFM_dx0.100_dy0.100_dt0.100_grid_ratio0.01079_FTLE.npy

real	2m5.779s
user	0m0.023s
sys	0m0.060s
320
360
Generating /cluster/projects/nn8008k/lluisa/NextSIM/seas//Fmap_10days/FTLE_2005_JFM_dx0.100_dy0.100_dt0.100_grid_ratio0.01080_FTLE.npy

real	2m4.686s
user	0m0.016s
sys	0m0.064s
EBVERSIONNUMACTL=2.0.14
SLURM_JOB_NUM_NODES=1
EBROOTNUMACTL=/cluster/software/numactl/2.0.14-GCCcore-11.3.0
EBDEVELNUMACTL=/cluster/software/numactl/2.0.14-GCCcore-11.3.0/easybuild/numactl-2.0.14-GCCcore-11.3.0-easybuild-devel
OMP_NUM_THREADS=32

Job 6233426 consumed 90.8 billing hours from project nn8008k.

Submitted 2025-05-13T10:35:54; waited 3.0 seconds in the queue after becoming eligible to run.

Requested wallclock time: 6.3 hours
Elapsed wallclock time:   2.8 hours

Job exited normally.

Task and CPU statistics:
ID              CPUs  Tasks  CPU util                Start  Elapsed  Exit status
6233426           32            0.0 %  2025-05-13T10:35:57    2.8 h  0
6233426.batch     32      1     0.0 %  2025-05-13T10:35:57    2.8 h  0
6233426.python    32      1    46.2 %  2025-05-13T10:36:03    0.0 h  0
6233426.python    32      1    57.8 %  2025-05-13T10:38:43    0.0 h  0
6233426.python    32      1    58.8 %  2025-05-13T10:40:50    0.0 h  0
6233426.python    32      1    58.2 %  2025-05-13T10:42:55    0.0 h  0
6233426.python    32      1    58.8 %  2025-05-13T10:45:02    0.0 h  0
6233426.python    32      1    58.6 %  2025-05-13T10:47:07    0.0 h  0
6233426.python    32      1    58.7 %  2025-05-13T10:49:12    0.0 h  0
6233426.python    32      1    58.6 %  2025-05-13T10:51:18    0.0 h  0
6233426.python    32      1    58.7 %  2025-05-13T10:53:23    0.0 h  0
6233426.python    32      1    59.2 %  2025-05-13T10:55:29    0.0 h  0
6233426.python    32      1    58.3 %  2025-05-13T10:57:33    0.0 h  0
6233426.python    32      1    57.8 %  2025-05-13T10:59:39    0.0 h  0
6233426.python    32      1    58.2 %  2025-05-13T11:01:46    0.0 h  0
6233426.python    32      1    58.8 %  2025-05-13T11:03:52    0.0 h  0
6233426.python    32      1    58.6 %  2025-05-13T11:05:57    0.0 h  0
6233426.python    32      1    58.2 %  2025-05-13T11:08:02    0.0 h  0
6233426.python    32      1    58.2 %  2025-05-13T11:10:08    0.0 h  0
6233426.python    32      1    58.6 %  2025-05-13T11:12:14    0.0 h  0
6233426.python    32      1    58.3 %  2025-05-13T11:14:20    0.0 h  0
6233426.python    32      1    58.3 %  2025-05-13T11:16:26    0.0 h  0
6233426.python    32      1    58.2 %  2025-05-13T11:18:32    0.0 h  0
6233426.python    32      1    59.1 %  2025-05-13T11:20:38    0.0 h  0
6233426.python    32      1    58.1 %  2025-05-13T11:22:43    0.0 h  0
6233426.python    32      1    58.7 %  2025-05-13T11:24:49    0.0 h  0
6233426.python    32      1    57.8 %  2025-05-13T11:26:54    0.0 h  0
6233426.python    32      1    59.1 %  2025-05-13T11:29:02    0.0 h  0
6233426.python    32      1    58.7 %  2025-05-13T11:31:06    0.0 h  0
6233426.python    32      1    58.7 %  2025-05-13T11:33:12    0.0 h  0
6233426.python    32      1    58.6 %  2025-05-13T11:35:17    0.0 h  0
6233426.python    32      1    58.2 %  2025-05-13T11:37:22    0.0 h  0
6233426.python    32      1    58.2 %  2025-05-13T11:39:28    0.0 h  0
6233426.python    32      1    57.7 %  2025-05-13T11:41:34    0.0 h  0
6233426.python    32      1    58.2 %  2025-05-13T11:43:41    0.0 h  0
6233426.python    32      1    58.7 %  2025-05-13T11:45:47    0.0 h  0
6233426.python    32      1    58.1 %  2025-05-13T11:47:52    0.0 h  0
6233426.python    32      1    58.7 %  2025-05-13T11:49:58    0.0 h  0
6233426.python    32      1    58.6 %  2025-05-13T11:52:03    0.0 h  0
6233426.python    32      1    58.7 %  2025-05-13T11:54:08    0.0 h  0
6233426.python    32      1    58.7 %  2025-05-13T11:56:13    0.0 h  0
6233426.python    32      1    58.3 %  2025-05-13T11:58:18    0.0 h  0
6233426.python    32      1    58.3 %  2025-05-13T12:00:24    0.0 h  0
6233426.python    32      1    58.6 %  2025-05-13T12:02:30    0.0 h  0
6233426.python    32      1    58.6 %  2025-05-13T12:04:36    0.0 h  0
6233426.python    32      1    59.1 %  2025-05-13T12:06:41    0.0 h  0
6233426.python    32      1    57.7 %  2025-05-13T12:08:45    0.0 h  0
6233426.python    32      1    58.8 %  2025-05-13T12:10:52    0.0 h  0
6233426.python    32      1    58.7 %  2025-05-13T12:12:57    0.0 h  0
6233426.python    32      1    58.2 %  2025-05-13T12:15:02    0.0 h  0
6233426.python    32      1    57.4 %  2025-05-13T12:17:08    0.0 h  0
6233426.python    32      1    58.7 %  2025-05-13T12:19:16    0.0 h  0
6233426.python    32      1    59.2 %  2025-05-13T12:21:21    0.0 h  0
6233426.python    32      1    58.6 %  2025-05-13T12:23:26    0.0 h  0
6233426.python    32      1    58.3 %  2025-05-13T12:25:31    0.0 h  0
6233426.python    32      1    58.7 %  2025-05-13T12:27:37    0.0 h  0
6233426.python    32      1    58.7 %  2025-05-13T12:29:42    0.0 h  0
6233426.python    32      1    58.7 %  2025-05-13T12:31:47    0.0 h  0
6233426.python    32      1    58.6 %  2025-05-13T12:33:52    0.0 h  0
6233426.python    32      1    58.7 %  2025-05-13T12:35:58    0.0 h  0
6233426.python    32      1    58.3 %  2025-05-13T12:38:03    0.0 h  0
6233426.python    32      1    58.7 %  2025-05-13T12:40:09    0.0 h  0
6233426.python    32      1    58.8 %  2025-05-13T12:42:14    0.0 h  0
6233426.python    32      1    58.7 %  2025-05-13T12:44:19    0.0 h  0
6233426.python    32      1    58.7 %  2025-05-13T12:46:24    0.0 h  0
6233426.python    32      1    58.2 %  2025-05-13T12:48:29    0.0 h  0
6233426.python    32      1    58.7 %  2025-05-13T12:50:35    0.0 h  0
6233426.python    32      1    58.2 %  2025-05-13T12:52:40    0.0 h  0
6233426.python    32      1    58.7 %  2025-05-13T12:54:46    0.0 h  0
6233426.python    32      1    58.7 %  2025-05-13T12:56:52    0.0 h  0
6233426.python    32      1    59.2 %  2025-05-13T12:58:58    0.0 h  0
6233426.python    32      1    58.7 %  2025-05-13T13:01:03    0.0 h  0
6233426.python    32      1    58.1 %  2025-05-13T13:03:08    0.0 h  0
6233426.python    32      1    58.8 %  2025-05-13T13:05:14    0.0 h  0
6233426.python    32      1    58.6 %  2025-05-13T13:07:19    0.0 h  0
6233426.python    32      1    58.7 %  2025-05-13T13:09:24    0.0 h  0
6233426.python    32      1    57.8 %  2025-05-13T13:11:29    0.0 h  0
6233426.python    32      1    58.3 %  2025-05-13T13:13:36    0.0 h  0
6233426.python    32      1    58.6 %  2025-05-13T13:15:42    0.0 h  0
6233426.python    32      1    58.2 %  2025-05-13T13:17:47    0.0 h  0
6233426.python    32      1    58.7 %  2025-05-13T13:19:53    0.0 h  0
6233426.python    32      1    58.2 %  2025-05-13T13:21:58    0.0 h  0
6233426.python    32      1    58.7 %  2025-05-13T13:24:04    0.0 h  0

Used CPU time:   2.2 CPU days
Unused CPU time: 1.6 CPU days

Memory statistics, in GiB:
ID               Alloc   Usage
6233426           59.0        
6233426.batch     59.0     0.0
6233426.python    59.0    10.2
6233426.python    59.0     9.6
6233426.python    59.0     9.6
6233426.python    59.0     9.5
6233426.python    59.0     9.4
6233426.python    59.0     9.6
6233426.python    59.0     9.7
6233426.python    59.0     9.5
6233426.python    59.0     9.6
6233426.python    59.0     9.5
6233426.python    59.0     9.8
6233426.python    59.0     9.7
6233426.python    59.0     9.8
6233426.python    59.0     9.7
6233426.python    59.0     9.6
6233426.python    59.0     9.6
6233426.python    59.0     9.7
6233426.python    59.0     9.6
6233426.python    59.0     9.4
6233426.python    59.0     9.7
6233426.python    59.0     9.6
6233426.python    59.0     9.5
6233426.python    59.0     9.6
6233426.python    59.0     9.6
6233426.python    59.0     9.6
6233426.python    59.0     9.6
6233426.python    59.0     9.6
6233426.python    59.0     9.6
6233426.python    59.0     9.6
6233426.python    59.0     9.6
6233426.python    59.0     9.6
6233426.python    59.0    10.2
6233426.python    59.0     9.6
6233426.python    59.0     9.3
6233426.python    59.0     9.6
6233426.python    59.0     9.6
6233426.python    59.0     9.6
6233426.python    59.0     9.6
6233426.python    59.0     9.6
6233426.python    59.0     9.7
6233426.python    59.0     9.7
6233426.python    59.0     9.6
6233426.python    59.0     9.6
6233426.python    59.0     9.6
6233426.python    59.0     9.6
6233426.python    59.0     9.6
6233426.python    59.0     9.7
6233426.python    59.0     9.5
6233426.python    59.0     9.6
6233426.python    59.0     9.6
6233426.python    59.0     9.7
6233426.python    59.0     9.6
6233426.python    59.0     9.7
6233426.python    59.0     9.4
6233426.python    59.0     9.6
6233426.python    59.0     9.6
6233426.python    59.0     9.6
6233426.python    59.0     9.5
6233426.python    59.0     9.5
6233426.python    59.0     9.6
6233426.python    59.0     9.7
6233426.python    59.0     9.6
6233426.python    59.0     9.6
6233426.python    59.0     9.6
6233426.python    59.0     9.6
6233426.python    59.0     9.7
6233426.python    59.0     9.5
6233426.python    59.0     9.6
6233426.python    59.0     9.7
6233426.python    59.0     9.7
6233426.python    59.0     9.6
6233426.python    59.0     9.5
6233426.python    59.0     9.7
6233426.python    59.0     9.6
6233426.python    59.0     9.7
6233426.python    59.0     9.5
6233426.python    59.0     9.6
6233426.python    59.0     9.5
6233426.python    59.0     9.7
6233426.python    59.0     9.6
6233426.python    59.0     9.7

Job 6233426 completed at Tue May 13 13:26:09 CEST 2025
