Starting job 6233418 on c3-10 on fram at Tue May 13 10:35:58 CEST 2025


Currently Loaded Modules:
  1) StdEnv (S)

  Where:
   S:  Module is Sticky, requires --force to unload or purge

 


The following have been reloaded with a version change:
  1) FFTW/3.3.10-GCC-13.3.0 => FFTW/3.3.10-GCC-11.3.0
  2) FlexiBLAS/3.4.4-GCC-13.3.0 => FlexiBLAS/3.2.0-GCC-11.3.0
  3) GCC/13.3.0 => GCC/11.3.0
  4) GCCcore/13.3.0 => GCCcore/11.3.0
  5) OpenBLAS/0.3.27-GCC-13.3.0 => OpenBLAS/0.3.20-GCC-11.3.0
  6) OpenSSL/3 => OpenSSL/1.1
  7) Python/3.12.3-GCCcore-13.3.0 => Python/3.10.4-GCCcore-11.3.0
  8) SQLite/3.45.3-GCCcore-13.3.0 => SQLite/3.38.3-GCCcore-11.3.0
  9) SciPy-bundle/2024.05-gfbf-2024a => SciPy-bundle/2022.05-foss-2022a
 10) Tcl/8.6.14-GCCcore-13.3.0 => Tcl/8.6.12-GCCcore-11.3.0
 11) XZ/5.4.5-GCCcore-13.3.0 => XZ/5.2.5-GCCcore-11.3.0
 12) binutils/2.42-GCCcore-13.3.0 => binutils/2.38-GCCcore-11.3.0
 13) bzip2/1.0.8-GCCcore-13.3.0 => bzip2/1.0.8-GCCcore-11.3.0
 14) gzip/1.13-GCCcore-13.3.0 => gzip/1.12-GCCcore-11.3.0
 15) libffi/3.4.5-GCCcore-13.3.0 => libffi/3.4.2-GCCcore-11.3.0
 16) libreadline/8.2-GCCcore-13.3.0 => libreadline/8.1.2-GCCcore-11.3.0
 17) lz4/1.9.4-GCCcore-13.3.0 => lz4/1.9.3-GCCcore-11.3.0
 18) ncurses/6.5-GCCcore-13.3.0 => ncurses/6.3-GCCcore-11.3.0
 19) pybind11/2.12.0-GCC-13.3.0 => pybind11/2.9.2-GCCcore-11.3.0
 20) zlib/1.3.1-GCCcore-13.3.0 => zlib/1.2.12-GCCcore-11.3.0
 21) zstd/1.5.6-GCCcore-13.3.0 => zstd/1.5.2-GCCcore-11.3.0

0
40
Generating /cluster/projects/nn8008k/lluisa/NextSIM/seas//Fmap_10days/FTLE_2003_JFM_dx0.100_dy0.100_dt0.100_grid_ratio0.0100_FTLE.npy

real	2m39.042s
user	0m0.018s
sys	0m0.050s
4
44
Generating /cluster/projects/nn8008k/lluisa/NextSIM/seas//Fmap_10days/FTLE_2003_JFM_dx0.100_dy0.100_dt0.100_grid_ratio0.0101_FTLE.npy

real	2m6.537s
user	0m0.024s
sys	0m0.067s
8
48
Generating /cluster/projects/nn8008k/lluisa/NextSIM/seas//Fmap_10days/FTLE_2003_JFM_dx0.100_dy0.100_dt0.100_grid_ratio0.0102_FTLE.npy

real	2m5.518s
user	0m0.019s
sys	0m0.066s
12
52
Generating /cluster/projects/nn8008k/lluisa/NextSIM/seas//Fmap_10days/FTLE_2003_JFM_dx0.100_dy0.100_dt0.100_grid_ratio0.0103_FTLE.npy

real	2m5.876s
user	0m0.016s
sys	0m0.075s
16
56
Generating /cluster/projects/nn8008k/lluisa/NextSIM/seas//Fmap_10days/FTLE_2003_JFM_dx0.100_dy0.100_dt0.100_grid_ratio0.0104_FTLE.npy

real	2m5.354s
user	0m0.021s
sys	0m0.066s
20
60
Generating /cluster/projects/nn8008k/lluisa/NextSIM/seas//Fmap_10days/FTLE_2003_JFM_dx0.100_dy0.100_dt0.100_grid_ratio0.0105_FTLE.npy

real	2m7.944s
user	0m0.021s
sys	0m0.066s
24
64
Generating /cluster/projects/nn8008k/lluisa/NextSIM/seas//Fmap_10days/FTLE_2003_JFM_dx0.100_dy0.100_dt0.100_grid_ratio0.0106_FTLE.npy

real	2m5.159s
user	0m0.020s
sys	0m0.065s
28
68
Generating /cluster/projects/nn8008k/lluisa/NextSIM/seas//Fmap_10days/FTLE_2003_JFM_dx0.100_dy0.100_dt0.100_grid_ratio0.0107_FTLE.npy

real	2m5.926s
user	0m0.017s
sys	0m0.072s
32
72
Generating /cluster/projects/nn8008k/lluisa/NextSIM/seas//Fmap_10days/FTLE_2003_JFM_dx0.100_dy0.100_dt0.100_grid_ratio0.0108_FTLE.npy

real	2m5.327s
user	0m0.022s
sys	0m0.061s
36
76
Generating /cluster/projects/nn8008k/lluisa/NextSIM/seas//Fmap_10days/FTLE_2003_JFM_dx0.100_dy0.100_dt0.100_grid_ratio0.0109_FTLE.npy

real	2m5.868s
user	0m0.021s
sys	0m0.071s
40
80
Generating /cluster/projects/nn8008k/lluisa/NextSIM/seas//Fmap_10days/FTLE_2003_JFM_dx0.100_dy0.100_dt0.100_grid_ratio0.01010_FTLE.npy

real	2m4.916s
user	0m0.021s
sys	0m0.069s
44
84
Generating /cluster/projects/nn8008k/lluisa/NextSIM/seas//Fmap_10days/FTLE_2003_JFM_dx0.100_dy0.100_dt0.100_grid_ratio0.01011_FTLE.npy

real	2m4.903s
user	0m0.019s
sys	0m0.070s
48
88
Generating /cluster/projects/nn8008k/lluisa/NextSIM/seas//Fmap_10days/FTLE_2003_JFM_dx0.100_dy0.100_dt0.100_grid_ratio0.01012_FTLE.npy

real	2m5.167s
user	0m0.022s
sys	0m0.069s
52
92
Generating /cluster/projects/nn8008k/lluisa/NextSIM/seas//Fmap_10days/FTLE_2003_JFM_dx0.100_dy0.100_dt0.100_grid_ratio0.01013_FTLE.npy

real	2m5.323s
user	0m0.021s
sys	0m0.069s
56
96
Generating /cluster/projects/nn8008k/lluisa/NextSIM/seas//Fmap_10days/FTLE_2003_JFM_dx0.100_dy0.100_dt0.100_grid_ratio0.01014_FTLE.npy

real	2m5.001s
user	0m0.022s
sys	0m0.068s
60
100
Generating /cluster/projects/nn8008k/lluisa/NextSIM/seas//Fmap_10days/FTLE_2003_JFM_dx0.100_dy0.100_dt0.100_grid_ratio0.01015_FTLE.npy

real	2m5.131s
user	0m0.017s
sys	0m0.066s
64
104
Generating /cluster/projects/nn8008k/lluisa/NextSIM/seas//Fmap_10days/FTLE_2003_JFM_dx0.100_dy0.100_dt0.100_grid_ratio0.01016_FTLE.npy

real	2m4.990s
user	0m0.020s
sys	0m0.067s
68
108
Generating /cluster/projects/nn8008k/lluisa/NextSIM/seas//Fmap_10days/FTLE_2003_JFM_dx0.100_dy0.100_dt0.100_grid_ratio0.01017_FTLE.npy

real	2m5.850s
user	0m0.022s
sys	0m0.069s
72
112
Generating /cluster/projects/nn8008k/lluisa/NextSIM/seas//Fmap_10days/FTLE_2003_JFM_dx0.100_dy0.100_dt0.100_grid_ratio0.01018_FTLE.npy

real	2m6.266s
user	0m0.020s
sys	0m0.070s
76
116
Generating /cluster/projects/nn8008k/lluisa/NextSIM/seas//Fmap_10days/FTLE_2003_JFM_dx0.100_dy0.100_dt0.100_grid_ratio0.01019_FTLE.npy

real	2m4.971s
user	0m0.020s
sys	0m0.071s
80
120
Generating /cluster/projects/nn8008k/lluisa/NextSIM/seas//Fmap_10days/FTLE_2003_JFM_dx0.100_dy0.100_dt0.100_grid_ratio0.01020_FTLE.npy

real	2m4.814s
user	0m0.019s
sys	0m0.068s
84
124
Generating /cluster/projects/nn8008k/lluisa/NextSIM/seas//Fmap_10days/FTLE_2003_JFM_dx0.100_dy0.100_dt0.100_grid_ratio0.01021_FTLE.npy

real	2m6.156s
user	0m0.022s
sys	0m0.068s
88
128
Generating /cluster/projects/nn8008k/lluisa/NextSIM/seas//Fmap_10days/FTLE_2003_JFM_dx0.100_dy0.100_dt0.100_grid_ratio0.01022_FTLE.npy

real	2m5.870s
user	0m0.022s
sys	0m0.071s
92
132
Generating /cluster/projects/nn8008k/lluisa/NextSIM/seas//Fmap_10days/FTLE_2003_JFM_dx0.100_dy0.100_dt0.100_grid_ratio0.01023_FTLE.npy

real	2m6.141s
user	0m0.017s
sys	0m0.074s
96
136
Generating /cluster/projects/nn8008k/lluisa/NextSIM/seas//Fmap_10days/FTLE_2003_JFM_dx0.100_dy0.100_dt0.100_grid_ratio0.01024_FTLE.npy

real	2m4.821s
user	0m0.013s
sys	0m0.081s
100
140
Generating /cluster/projects/nn8008k/lluisa/NextSIM/seas//Fmap_10days/FTLE_2003_JFM_dx0.100_dy0.100_dt0.100_grid_ratio0.01025_FTLE.npy

real	2m5.001s
user	0m0.019s
sys	0m0.073s
104
144
Generating /cluster/projects/nn8008k/lluisa/NextSIM/seas//Fmap_10days/FTLE_2003_JFM_dx0.100_dy0.100_dt0.100_grid_ratio0.01026_FTLE.npy

real	2m5.643s
user	0m0.017s
sys	0m0.075s
108
148
Generating /cluster/projects/nn8008k/lluisa/NextSIM/seas//Fmap_10days/FTLE_2003_JFM_dx0.100_dy0.100_dt0.100_grid_ratio0.01027_FTLE.npy

real	2m4.915s
user	0m0.018s
sys	0m0.061s
112
152
Generating /cluster/projects/nn8008k/lluisa/NextSIM/seas//Fmap_10days/FTLE_2003_JFM_dx0.100_dy0.100_dt0.100_grid_ratio0.01028_FTLE.npy

real	2m5.372s
user	0m0.022s
sys	0m0.058s
116
156
Generating /cluster/projects/nn8008k/lluisa/NextSIM/seas//Fmap_10days/FTLE_2003_JFM_dx0.100_dy0.100_dt0.100_grid_ratio0.01029_FTLE.npy

real	2m5.476s
user	0m0.019s
sys	0m0.065s
120
160
Generating /cluster/projects/nn8008k/lluisa/NextSIM/seas//Fmap_10days/FTLE_2003_JFM_dx0.100_dy0.100_dt0.100_grid_ratio0.01030_FTLE.npy

real	2m5.973s
user	0m0.019s
sys	0m0.063s
124
164
Generating /cluster/projects/nn8008k/lluisa/NextSIM/seas//Fmap_10days/FTLE_2003_JFM_dx0.100_dy0.100_dt0.100_grid_ratio0.01031_FTLE.npy

real	2m7.723s
user	0m0.021s
sys	0m0.056s
128
168
Generating /cluster/projects/nn8008k/lluisa/NextSIM/seas//Fmap_10days/FTLE_2003_JFM_dx0.100_dy0.100_dt0.100_grid_ratio0.01032_FTLE.npy

real	2m6.885s
user	0m0.018s
sys	0m0.064s
132
172
Generating /cluster/projects/nn8008k/lluisa/NextSIM/seas//Fmap_10days/FTLE_2003_JFM_dx0.100_dy0.100_dt0.100_grid_ratio0.01033_FTLE.npy

real	2m4.639s
user	0m0.016s
sys	0m0.078s
136
176
Generating /cluster/projects/nn8008k/lluisa/NextSIM/seas//Fmap_10days/FTLE_2003_JFM_dx0.100_dy0.100_dt0.100_grid_ratio0.01034_FTLE.npy

real	2m4.499s
user	0m0.022s
sys	0m0.071s
140
180
Generating /cluster/projects/nn8008k/lluisa/NextSIM/seas//Fmap_10days/FTLE_2003_JFM_dx0.100_dy0.100_dt0.100_grid_ratio0.01035_FTLE.npy

real	2m4.936s
user	0m0.021s
sys	0m0.071s
144
184
Generating /cluster/projects/nn8008k/lluisa/NextSIM/seas//Fmap_10days/FTLE_2003_JFM_dx0.100_dy0.100_dt0.100_grid_ratio0.01036_FTLE.npy

real	2m4.664s
user	0m0.014s
sys	0m0.068s
148
188
Generating /cluster/projects/nn8008k/lluisa/NextSIM/seas//Fmap_10days/FTLE_2003_JFM_dx0.100_dy0.100_dt0.100_grid_ratio0.01037_FTLE.npy

real	2m5.239s
user	0m0.023s
sys	0m0.055s
152
192
Generating /cluster/projects/nn8008k/lluisa/NextSIM/seas//Fmap_10days/FTLE_2003_JFM_dx0.100_dy0.100_dt0.100_grid_ratio0.01038_FTLE.npy

real	2m5.080s
user	0m0.018s
sys	0m0.061s
156
196
Generating /cluster/projects/nn8008k/lluisa/NextSIM/seas//Fmap_10days/FTLE_2003_JFM_dx0.100_dy0.100_dt0.100_grid_ratio0.01039_FTLE.npy

real	2m5.081s
user	0m0.018s
sys	0m0.067s
160
200
Generating /cluster/projects/nn8008k/lluisa/NextSIM/seas//Fmap_10days/FTLE_2003_JFM_dx0.100_dy0.100_dt0.100_grid_ratio0.01040_FTLE.npy

real	2m4.520s
user	0m0.019s
sys	0m0.064s
164
204
Generating /cluster/projects/nn8008k/lluisa/NextSIM/seas//Fmap_10days/FTLE_2003_JFM_dx0.100_dy0.100_dt0.100_grid_ratio0.01041_FTLE.npy

real	2m6.258s
user	0m0.020s
sys	0m0.062s
168
208
Generating /cluster/projects/nn8008k/lluisa/NextSIM/seas//Fmap_10days/FTLE_2003_JFM_dx0.100_dy0.100_dt0.100_grid_ratio0.01042_FTLE.npy

real	2m5.519s
user	0m0.021s
sys	0m0.056s
172
212
Generating /cluster/projects/nn8008k/lluisa/NextSIM/seas//Fmap_10days/FTLE_2003_JFM_dx0.100_dy0.100_dt0.100_grid_ratio0.01043_FTLE.npy

real	2m5.358s
user	0m0.016s
sys	0m0.071s
176
216
Generating /cluster/projects/nn8008k/lluisa/NextSIM/seas//Fmap_10days/FTLE_2003_JFM_dx0.100_dy0.100_dt0.100_grid_ratio0.01044_FTLE.npy

real	2m5.841s
user	0m0.026s
sys	0m0.058s
180
220
Generating /cluster/projects/nn8008k/lluisa/NextSIM/seas//Fmap_10days/FTLE_2003_JFM_dx0.100_dy0.100_dt0.100_grid_ratio0.01045_FTLE.npy

real	2m6.826s
user	0m0.026s
sys	0m0.055s
184
224
Generating /cluster/projects/nn8008k/lluisa/NextSIM/seas//Fmap_10days/FTLE_2003_JFM_dx0.100_dy0.100_dt0.100_grid_ratio0.01046_FTLE.npy

real	2m4.718s
user	0m0.018s
sys	0m0.065s
188
228
Generating /cluster/projects/nn8008k/lluisa/NextSIM/seas//Fmap_10days/FTLE_2003_JFM_dx0.100_dy0.100_dt0.100_grid_ratio0.01047_FTLE.npy

real	2m4.774s
user	0m0.024s
sys	0m0.054s
192
232
Generating /cluster/projects/nn8008k/lluisa/NextSIM/seas//Fmap_10days/FTLE_2003_JFM_dx0.100_dy0.100_dt0.100_grid_ratio0.01048_FTLE.npy

real	2m5.278s
user	0m0.020s
sys	0m0.058s
196
236
Generating /cluster/projects/nn8008k/lluisa/NextSIM/seas//Fmap_10days/FTLE_2003_JFM_dx0.100_dy0.100_dt0.100_grid_ratio0.01049_FTLE.npy

real	2m5.322s
user	0m0.020s
sys	0m0.061s
200
240
Generating /cluster/projects/nn8008k/lluisa/NextSIM/seas//Fmap_10days/FTLE_2003_JFM_dx0.100_dy0.100_dt0.100_grid_ratio0.01050_FTLE.npy

real	2m4.937s
user	0m0.020s
sys	0m0.058s
204
244
Generating /cluster/projects/nn8008k/lluisa/NextSIM/seas//Fmap_10days/FTLE_2003_JFM_dx0.100_dy0.100_dt0.100_grid_ratio0.01051_FTLE.npy

real	2m5.506s
user	0m0.021s
sys	0m0.062s
208
248
Generating /cluster/projects/nn8008k/lluisa/NextSIM/seas//Fmap_10days/FTLE_2003_JFM_dx0.100_dy0.100_dt0.100_grid_ratio0.01052_FTLE.npy

real	2m5.265s
user	0m0.023s
sys	0m0.057s
212
252
Generating /cluster/projects/nn8008k/lluisa/NextSIM/seas//Fmap_10days/FTLE_2003_JFM_dx0.100_dy0.100_dt0.100_grid_ratio0.01053_FTLE.npy

real	2m6.303s
user	0m0.023s
sys	0m0.054s
216
256
Generating /cluster/projects/nn8008k/lluisa/NextSIM/seas//Fmap_10days/FTLE_2003_JFM_dx0.100_dy0.100_dt0.100_grid_ratio0.01054_FTLE.npy

real	2m5.639s
user	0m0.023s
sys	0m0.057s
220
260
Generating /cluster/projects/nn8008k/lluisa/NextSIM/seas//Fmap_10days/FTLE_2003_JFM_dx0.100_dy0.100_dt0.100_grid_ratio0.01055_FTLE.npy

real	2m4.492s
user	0m0.021s
sys	0m0.056s
224
264
Generating /cluster/projects/nn8008k/lluisa/NextSIM/seas//Fmap_10days/FTLE_2003_JFM_dx0.100_dy0.100_dt0.100_grid_ratio0.01056_FTLE.npy

real	2m5.664s
user	0m0.022s
sys	0m0.070s
228
268
Generating /cluster/projects/nn8008k/lluisa/NextSIM/seas//Fmap_10days/FTLE_2003_JFM_dx0.100_dy0.100_dt0.100_grid_ratio0.01057_FTLE.npy

real	2m5.251s
user	0m0.017s
sys	0m0.068s
232
272
Generating /cluster/projects/nn8008k/lluisa/NextSIM/seas//Fmap_10days/FTLE_2003_JFM_dx0.100_dy0.100_dt0.100_grid_ratio0.01058_FTLE.npy

real	2m5.430s
user	0m0.024s
sys	0m0.064s
236
276
Generating /cluster/projects/nn8008k/lluisa/NextSIM/seas//Fmap_10days/FTLE_2003_JFM_dx0.100_dy0.100_dt0.100_grid_ratio0.01059_FTLE.npy

real	2m4.871s
user	0m0.023s
sys	0m0.067s
240
280
Generating /cluster/projects/nn8008k/lluisa/NextSIM/seas//Fmap_10days/FTLE_2003_JFM_dx0.100_dy0.100_dt0.100_grid_ratio0.01060_FTLE.npy

real	2m5.014s
user	0m0.020s
sys	0m0.070s
244
284
Generating /cluster/projects/nn8008k/lluisa/NextSIM/seas//Fmap_10days/FTLE_2003_JFM_dx0.100_dy0.100_dt0.100_grid_ratio0.01061_FTLE.npy

real	2m5.611s
user	0m0.021s
sys	0m0.070s
248
288
Generating /cluster/projects/nn8008k/lluisa/NextSIM/seas//Fmap_10days/FTLE_2003_JFM_dx0.100_dy0.100_dt0.100_grid_ratio0.01062_FTLE.npy

real	2m4.928s
user	0m0.022s
sys	0m0.070s
252
292
Generating /cluster/projects/nn8008k/lluisa/NextSIM/seas//Fmap_10days/FTLE_2003_JFM_dx0.100_dy0.100_dt0.100_grid_ratio0.01063_FTLE.npy

real	2m6.801s
user	0m0.023s
sys	0m0.068s
256
296
Generating /cluster/projects/nn8008k/lluisa/NextSIM/seas//Fmap_10days/FTLE_2003_JFM_dx0.100_dy0.100_dt0.100_grid_ratio0.01064_FTLE.npy

real	2m5.256s
user	0m0.019s
sys	0m0.071s
260
300
Generating /cluster/projects/nn8008k/lluisa/NextSIM/seas//Fmap_10days/FTLE_2003_JFM_dx0.100_dy0.100_dt0.100_grid_ratio0.01065_FTLE.npy

real	2m5.327s
user	0m0.029s
sys	0m0.060s
264
304
Generating /cluster/projects/nn8008k/lluisa/NextSIM/seas//Fmap_10days/FTLE_2003_JFM_dx0.100_dy0.100_dt0.100_grid_ratio0.01066_FTLE.npy

real	2m7.991s
user	0m0.022s
sys	0m0.056s
268
308
Generating /cluster/projects/nn8008k/lluisa/NextSIM/seas//Fmap_10days/FTLE_2003_JFM_dx0.100_dy0.100_dt0.100_grid_ratio0.01067_FTLE.npy

real	2m5.590s
user	0m0.021s
sys	0m0.060s
272
312
Generating /cluster/projects/nn8008k/lluisa/NextSIM/seas//Fmap_10days/FTLE_2003_JFM_dx0.100_dy0.100_dt0.100_grid_ratio0.01068_FTLE.npy

real	2m6.771s
user	0m0.022s
sys	0m0.058s
276
316
Generating /cluster/projects/nn8008k/lluisa/NextSIM/seas//Fmap_10days/FTLE_2003_JFM_dx0.100_dy0.100_dt0.100_grid_ratio0.01069_FTLE.npy

real	2m5.003s
user	0m0.024s
sys	0m0.059s
280
320
Generating /cluster/projects/nn8008k/lluisa/NextSIM/seas//Fmap_10days/FTLE_2003_JFM_dx0.100_dy0.100_dt0.100_grid_ratio0.01070_FTLE.npy

real	2m4.771s
user	0m0.022s
sys	0m0.059s
284
324
Generating /cluster/projects/nn8008k/lluisa/NextSIM/seas//Fmap_10days/FTLE_2003_JFM_dx0.100_dy0.100_dt0.100_grid_ratio0.01071_FTLE.npy

real	2m4.806s
user	0m0.021s
sys	0m0.073s
288
328
Generating /cluster/projects/nn8008k/lluisa/NextSIM/seas//Fmap_10days/FTLE_2003_JFM_dx0.100_dy0.100_dt0.100_grid_ratio0.01072_FTLE.npy

real	2m5.468s
user	0m0.020s
sys	0m0.071s
292
332
Generating /cluster/projects/nn8008k/lluisa/NextSIM/seas//Fmap_10days/FTLE_2003_JFM_dx0.100_dy0.100_dt0.100_grid_ratio0.01073_FTLE.npy

real	2m5.225s
user	0m0.018s
sys	0m0.072s
296
336
Generating /cluster/projects/nn8008k/lluisa/NextSIM/seas//Fmap_10days/FTLE_2003_JFM_dx0.100_dy0.100_dt0.100_grid_ratio0.01074_FTLE.npy

real	2m5.865s
user	0m0.020s
sys	0m0.072s
300
340
Generating /cluster/projects/nn8008k/lluisa/NextSIM/seas//Fmap_10days/FTLE_2003_JFM_dx0.100_dy0.100_dt0.100_grid_ratio0.01075_FTLE.npy

real	2m5.889s
user	0m0.015s
sys	0m0.075s
304
344
Generating /cluster/projects/nn8008k/lluisa/NextSIM/seas//Fmap_10days/FTLE_2003_JFM_dx0.100_dy0.100_dt0.100_grid_ratio0.01076_FTLE.npy

real	2m5.584s
user	0m0.018s
sys	0m0.073s
308
348
Generating /cluster/projects/nn8008k/lluisa/NextSIM/seas//Fmap_10days/FTLE_2003_JFM_dx0.100_dy0.100_dt0.100_grid_ratio0.01077_FTLE.npy

real	2m5.671s
user	0m0.015s
sys	0m0.074s
312
352
Generating /cluster/projects/nn8008k/lluisa/NextSIM/seas//Fmap_10days/FTLE_2003_JFM_dx0.100_dy0.100_dt0.100_grid_ratio0.01078_FTLE.npy

real	2m5.492s
user	0m0.024s
sys	0m0.062s
316
356
Generating /cluster/projects/nn8008k/lluisa/NextSIM/seas//Fmap_10days/FTLE_2003_JFM_dx0.100_dy0.100_dt0.100_grid_ratio0.01079_FTLE.npy

real	2m6.654s
user	0m0.024s
sys	0m0.062s
320
360
Generating /cluster/projects/nn8008k/lluisa/NextSIM/seas//Fmap_10days/FTLE_2003_JFM_dx0.100_dy0.100_dt0.100_grid_ratio0.01080_FTLE.npy

real	2m5.565s
user	0m0.020s
sys	0m0.072s
EBVERSIONNUMACTL=2.0.14
SLURM_JOB_NUM_NODES=1
EBROOTNUMACTL=/cluster/software/numactl/2.0.14-GCCcore-11.3.0
EBDEVELNUMACTL=/cluster/software/numactl/2.0.14-GCCcore-11.3.0/easybuild/numactl-2.0.14-GCCcore-11.3.0-easybuild-devel
OMP_NUM_THREADS=32

Job 6233418 consumed 90.7 billing hours from project nn8008k.

Submitted 2025-05-13T10:35:54; waited 3.0 seconds in the queue after becoming eligible to run.

Requested wallclock time: 6.3 hours
Elapsed wallclock time:   2.8 hours

Job exited normally.

Task and CPU statistics:
ID              CPUs  Tasks  CPU util                Start  Elapsed  Exit status
6233418           32            0.0 %  2025-05-13T10:35:57    2.8 h  0
6233418.batch     32      1     0.0 %  2025-05-13T10:35:57    2.8 h  0
6233418.python    32      1    46.1 %  2025-05-13T10:36:03    0.0 h  0
6233418.python    32      1    58.2 %  2025-05-13T10:38:43    0.0 h  0
6233418.python    32      1    58.6 %  2025-05-13T10:40:49    0.0 h  0
6233418.python    32      1    58.7 %  2025-05-13T10:42:55    0.0 h  0
6233418.python    32      1    58.6 %  2025-05-13T10:45:01    0.0 h  0
6233418.python    32      1    57.3 %  2025-05-13T10:47:06    0.0 h  0
6233418.python    32      1    58.6 %  2025-05-13T10:49:14    0.0 h  0
6233418.python    32      1    58.1 %  2025-05-13T10:51:19    0.0 h  0
6233418.python    32      1    58.5 %  2025-05-13T10:53:25    0.0 h  0
6233418.python    32      1    58.2 %  2025-05-13T10:55:30    0.0 h  0
6233418.python    32      1    58.6 %  2025-05-13T10:57:36    0.0 h  0
6233418.python    32      1    58.7 %  2025-05-13T10:59:41    0.0 h  0
6233418.python    32      1    58.6 %  2025-05-13T11:01:46    0.0 h  0
6233418.python    32      1    58.6 %  2025-05-13T11:03:51    0.0 h  0
6233418.python    32      1    59.1 %  2025-05-13T11:05:57    0.0 h  0
6233418.python    32      1    58.8 %  2025-05-13T11:08:02    0.0 h  0
6233418.python    32      1    58.7 %  2025-05-13T11:10:07    0.0 h  0
6233418.python    32      1    58.7 %  2025-05-13T11:12:12    0.0 h  0
6233418.python    32      1    58.2 %  2025-05-13T11:14:18    0.0 h  0
6233418.python    32      1    58.7 %  2025-05-13T11:16:24    0.0 h  0
6233418.python    32      1    58.5 %  2025-05-13T11:18:29    0.0 h  0
6233418.python    32      1    58.2 %  2025-05-13T11:20:34    0.0 h  0
6233418.python    32      1    58.2 %  2025-05-13T11:22:40    0.0 h  0
6233418.python    32      1    58.3 %  2025-05-13T11:24:46    0.0 h  0
6233418.python    32      1    58.9 %  2025-05-13T11:26:52    0.0 h  0
6233418.python    32      1    58.6 %  2025-05-13T11:28:57    0.0 h  0
6233418.python    32      1    58.7 %  2025-05-13T11:31:02    0.0 h  0
6233418.python    32      1    58.6 %  2025-05-13T11:33:07    0.0 h  0
6233418.python    32      1    58.2 %  2025-05-13T11:35:12    0.0 h  0
6233418.python    32      1    58.6 %  2025-05-13T11:37:18    0.0 h  0
6233418.python    32      1    58.3 %  2025-05-13T11:39:23    0.0 h  0
6233418.python    32      1    57.3 %  2025-05-13T11:41:29    0.0 h  0
6233418.python    32      1    57.9 %  2025-05-13T11:43:37    0.0 h  0
6233418.python    32      1    59.1 %  2025-05-13T11:45:44    0.0 h  0
6233418.python    32      1    59.1 %  2025-05-13T11:47:49    0.0 h  0
6233418.python    32      1    58.6 %  2025-05-13T11:49:53    0.0 h  0
6233418.python    32      1    58.6 %  2025-05-13T11:51:58    0.0 h  0
6233418.python    32      1    58.7 %  2025-05-13T11:54:03    0.0 h  0
6233418.python    32      1    58.7 %  2025-05-13T11:56:08    0.0 h  0
6233418.python    32      1    58.8 %  2025-05-13T11:58:13    0.0 h  0
6233418.python    32      1    58.6 %  2025-05-13T12:00:18    0.0 h  0
6233418.python    32      1    58.1 %  2025-05-13T12:02:23    0.0 h  0
6233418.python    32      1    58.6 %  2025-05-13T12:04:29    0.0 h  0
6233418.python    32      1    58.6 %  2025-05-13T12:06:35    0.0 h  0
6233418.python    32      1    58.2 %  2025-05-13T12:08:40    0.0 h  0
6233418.python    32      1    58.3 %  2025-05-13T12:10:46    0.0 h  0
6233418.python    32      1    59.1 %  2025-05-13T12:12:53    0.0 h  0
6233418.python    32      1    58.7 %  2025-05-13T12:14:57    0.0 h  0
6233418.python    32      1    58.6 %  2025-05-13T12:17:02    0.0 h  0
6233418.python    32      1    58.3 %  2025-05-13T12:19:07    0.0 h  0
6233418.python    32      1    58.7 %  2025-05-13T12:21:13    0.0 h  0
6233418.python    32      1    58.7 %  2025-05-13T12:23:18    0.0 h  0
6233418.python    32      1    58.6 %  2025-05-13T12:25:23    0.0 h  0
6233418.python    32      1    58.2 %  2025-05-13T12:27:29    0.0 h  0
6233418.python    32      1    58.6 %  2025-05-13T12:29:35    0.0 h  0
6233418.python    32      1    58.6 %  2025-05-13T12:31:40    0.0 h  0
6233418.python    32      1    58.2 %  2025-05-13T12:33:45    0.0 h  0
6233418.python    32      1    58.7 %  2025-05-13T12:35:51    0.0 h  0
6233418.python    32      1    58.8 %  2025-05-13T12:37:56    0.0 h  0
6233418.python    32      1    58.6 %  2025-05-13T12:40:01    0.0 h  0
6233418.python    32      1    58.6 %  2025-05-13T12:42:06    0.0 h  0
6233418.python    32      1    58.2 %  2025-05-13T12:44:11    0.0 h  0
6233418.python    32      1    58.6 %  2025-05-13T12:46:17    0.0 h  0
6233418.python    32      1    57.6 %  2025-05-13T12:48:22    0.0 h  0
6233418.python    32      1    58.7 %  2025-05-13T12:50:29    0.0 h  0
6233418.python    32      1    58.7 %  2025-05-13T12:52:34    0.0 h  0
6233418.python    32      1    57.2 %  2025-05-13T12:54:39    0.0 h  0
6233418.python    32      1    58.2 %  2025-05-13T12:56:47    0.0 h  0
6233418.python    32      1    58.0 %  2025-05-13T12:58:53    0.0 h  0
6233418.python    32      1    58.7 %  2025-05-13T13:01:00    0.0 h  0
6233418.python    32      1    59.0 %  2025-05-13T13:03:05    0.0 h  0
6233418.python    32      1    59.1 %  2025-05-13T13:05:10    0.0 h  0
6233418.python    32      1    58.4 %  2025-05-13T13:07:14    0.0 h  0
6233418.python    32      1    58.7 %  2025-05-13T13:09:20    0.0 h  0
6233418.python    32      1    58.2 %  2025-05-13T13:11:25    0.0 h  0
6233418.python    32      1    58.2 %  2025-05-13T13:13:31    0.0 h  0
6233418.python    32      1    58.8 %  2025-05-13T13:15:37    0.0 h  0
6233418.python    32      1    58.2 %  2025-05-13T13:17:42    0.0 h  0
6233418.python    32      1    58.8 %  2025-05-13T13:19:48    0.0 h  0
6233418.python    32      1    58.2 %  2025-05-13T13:21:54    0.0 h  0
6233418.python    32      1    58.2 %  2025-05-13T13:24:00    0.0 h  0

Used CPU time:   2.2 CPU days
Unused CPU time: 1.6 CPU days

Memory statistics, in GiB:
ID               Alloc   Usage
6233418           59.0        
6233418.batch     59.0     0.0
6233418.python    59.0    10.3
6233418.python    59.0     9.9
6233418.python    59.0     9.7
6233418.python    59.0     9.6
6233418.python    59.0     9.7
6233418.python    59.0     9.6
6233418.python    59.0     9.6
6233418.python    59.0     9.6
6233418.python    59.0     9.6
6233418.python    59.0     9.6
6233418.python    59.0     9.7
6233418.python    59.0     9.7
6233418.python    59.0     9.6
6233418.python    59.0     9.3
6233418.python    59.0     9.6
6233418.python    59.0     9.4
6233418.python    59.0     9.6
6233418.python    59.0     9.6
6233418.python    59.0     9.7
6233418.python    59.0     9.6
6233418.python    59.0     9.6
6233418.python    59.0     9.7
6233418.python    59.0     9.6
6233418.python    59.0     9.5
6233418.python    59.0     9.5
6233418.python    59.0     9.5
6233418.python    59.0     9.5
6233418.python    59.0     9.5
6233418.python    59.0     9.7
6233418.python    59.0     9.7
6233418.python    59.0     9.4
6233418.python    59.0    10.1
6233418.python    59.0     9.4
6233418.python    59.0     9.7
6233418.python    59.0     9.6
6233418.python    59.0     9.6
6233418.python    59.0     9.6
6233418.python    59.0     9.6
6233418.python    59.0     9.6
6233418.python    59.0     9.5
6233418.python    59.0     9.6
6233418.python    59.0     9.4
6233418.python    59.0     9.6
6233418.python    59.0     9.6
6233418.python    59.0     9.6
6233418.python    59.0     9.6
6233418.python    59.0     9.6
6233418.python    59.0     9.6
6233418.python    59.0     9.5
6233418.python    59.0     9.6
6233418.python    59.0     9.6
6233418.python    59.0     9.4
6233418.python    59.0     9.6
6233418.python    59.0     9.7
6233418.python    59.0     9.6
6233418.python    59.0     9.6
6233418.python    59.0     9.7
6233418.python    59.0     9.4
6233418.python    59.0     9.6
6233418.python    59.0     9.7
6233418.python    59.0     9.6
6233418.python    59.0     9.6
6233418.python    59.0     9.6
6233418.python    59.0     9.7
6233418.python    59.0     9.6
6233418.python    59.0     9.4
6233418.python    59.0     9.6
6233418.python    59.0     9.6
6233418.python    59.0     9.8
6233418.python    59.0     9.6
6233418.python    59.0     9.7
6233418.python    59.0     9.5
6233418.python    59.0     9.6
6233418.python    59.0     9.5
6233418.python    59.0     9.6
6233418.python    59.0     9.7
6233418.python    59.0     9.5
6233418.python    59.0     9.6
6233418.python    59.0     9.6
6233418.python    59.0     9.7
6233418.python    59.0     9.6

Job 6233418 completed at Tue May 13 13:26:06 CEST 2025
