Starting job 6233422 on c4-3 on fram at Tue May 13 10:35:58 CEST 2025


Currently Loaded Modules:
  1) StdEnv (S)

  Where:
   S:  Module is Sticky, requires --force to unload or purge

 


The following have been reloaded with a version change:
  1) FFTW/3.3.10-GCC-13.3.0 => FFTW/3.3.10-GCC-11.3.0
  2) FlexiBLAS/3.4.4-GCC-13.3.0 => FlexiBLAS/3.2.0-GCC-11.3.0
  3) GCC/13.3.0 => GCC/11.3.0
  4) GCCcore/13.3.0 => GCCcore/11.3.0
  5) OpenBLAS/0.3.27-GCC-13.3.0 => OpenBLAS/0.3.20-GCC-11.3.0
  6) OpenSSL/3 => OpenSSL/1.1
  7) Python/3.12.3-GCCcore-13.3.0 => Python/3.10.4-GCCcore-11.3.0
  8) SQLite/3.45.3-GCCcore-13.3.0 => SQLite/3.38.3-GCCcore-11.3.0
  9) SciPy-bundle/2024.05-gfbf-2024a => SciPy-bundle/2022.05-foss-2022a
 10) Tcl/8.6.14-GCCcore-13.3.0 => Tcl/8.6.12-GCCcore-11.3.0
 11) XZ/5.4.5-GCCcore-13.3.0 => XZ/5.2.5-GCCcore-11.3.0
 12) binutils/2.42-GCCcore-13.3.0 => binutils/2.38-GCCcore-11.3.0
 13) bzip2/1.0.8-GCCcore-13.3.0 => bzip2/1.0.8-GCCcore-11.3.0
 14) gzip/1.13-GCCcore-13.3.0 => gzip/1.12-GCCcore-11.3.0
 15) libffi/3.4.5-GCCcore-13.3.0 => libffi/3.4.2-GCCcore-11.3.0
 16) libreadline/8.2-GCCcore-13.3.0 => libreadline/8.1.2-GCCcore-11.3.0
 17) lz4/1.9.4-GCCcore-13.3.0 => lz4/1.9.3-GCCcore-11.3.0
 18) ncurses/6.5-GCCcore-13.3.0 => ncurses/6.3-GCCcore-11.3.0
 19) pybind11/2.12.0-GCC-13.3.0 => pybind11/2.9.2-GCCcore-11.3.0
 20) zlib/1.3.1-GCCcore-13.3.0 => zlib/1.2.12-GCCcore-11.3.0
 21) zstd/1.5.6-GCCcore-13.3.0 => zstd/1.5.2-GCCcore-11.3.0

0
40
Generating /cluster/projects/nn8008k/lluisa/NextSIM/seas//Fmap_10days/FTLE_2004_JFM_dx0.100_dy0.100_dt0.100_grid_ratio0.0100_FTLE.npy

real	2m39.058s
user	0m0.024s
sys	0m0.043s
4
44
Generating /cluster/projects/nn8008k/lluisa/NextSIM/seas//Fmap_10days/FTLE_2004_JFM_dx0.100_dy0.100_dt0.100_grid_ratio0.0101_FTLE.npy

real	2m8.033s
user	0m0.026s
sys	0m0.057s
8
48
Generating /cluster/projects/nn8008k/lluisa/NextSIM/seas//Fmap_10days/FTLE_2004_JFM_dx0.100_dy0.100_dt0.100_grid_ratio0.0102_FTLE.npy

real	2m5.331s
user	0m0.017s
sys	0m0.080s
12
52
Generating /cluster/projects/nn8008k/lluisa/NextSIM/seas//Fmap_10days/FTLE_2004_JFM_dx0.100_dy0.100_dt0.100_grid_ratio0.0103_FTLE.npy

real	2m6.577s
user	0m0.022s
sys	0m0.072s
16
56
Generating /cluster/projects/nn8008k/lluisa/NextSIM/seas//Fmap_10days/FTLE_2004_JFM_dx0.100_dy0.100_dt0.100_grid_ratio0.0104_FTLE.npy

real	2m5.221s
user	0m0.020s
sys	0m0.078s
20
60
Generating /cluster/projects/nn8008k/lluisa/NextSIM/seas//Fmap_10days/FTLE_2004_JFM_dx0.100_dy0.100_dt0.100_grid_ratio0.0105_FTLE.npy

real	2m5.990s
user	0m0.021s
sys	0m0.072s
24
64
Generating /cluster/projects/nn8008k/lluisa/NextSIM/seas//Fmap_10days/FTLE_2004_JFM_dx0.100_dy0.100_dt0.100_grid_ratio0.0106_FTLE.npy

real	2m6.000s
user	0m0.018s
sys	0m0.076s
28
68
Generating /cluster/projects/nn8008k/lluisa/NextSIM/seas//Fmap_10days/FTLE_2004_JFM_dx0.100_dy0.100_dt0.100_grid_ratio0.0107_FTLE.npy

real	2m5.447s
user	0m0.020s
sys	0m0.073s
32
72
Generating /cluster/projects/nn8008k/lluisa/NextSIM/seas//Fmap_10days/FTLE_2004_JFM_dx0.100_dy0.100_dt0.100_grid_ratio0.0108_FTLE.npy

real	2m5.665s
user	0m0.016s
sys	0m0.078s
36
76
Generating /cluster/projects/nn8008k/lluisa/NextSIM/seas//Fmap_10days/FTLE_2004_JFM_dx0.100_dy0.100_dt0.100_grid_ratio0.0109_FTLE.npy

real	2m4.716s
user	0m0.018s
sys	0m0.074s
40
80
Generating /cluster/projects/nn8008k/lluisa/NextSIM/seas//Fmap_10days/FTLE_2004_JFM_dx0.100_dy0.100_dt0.100_grid_ratio0.01010_FTLE.npy

real	2m6.232s
user	0m0.022s
sys	0m0.069s
44
84
Generating /cluster/projects/nn8008k/lluisa/NextSIM/seas//Fmap_10days/FTLE_2004_JFM_dx0.100_dy0.100_dt0.100_grid_ratio0.01011_FTLE.npy

real	2m5.512s
user	0m0.016s
sys	0m0.077s
48
88
Generating /cluster/projects/nn8008k/lluisa/NextSIM/seas//Fmap_10days/FTLE_2004_JFM_dx0.100_dy0.100_dt0.100_grid_ratio0.01012_FTLE.npy

real	2m4.844s
user	0m0.018s
sys	0m0.067s
52
92
Generating /cluster/projects/nn8008k/lluisa/NextSIM/seas//Fmap_10days/FTLE_2004_JFM_dx0.100_dy0.100_dt0.100_grid_ratio0.01013_FTLE.npy

real	2m5.189s
user	0m0.022s
sys	0m0.071s
56
96
Generating /cluster/projects/nn8008k/lluisa/NextSIM/seas//Fmap_10days/FTLE_2004_JFM_dx0.100_dy0.100_dt0.100_grid_ratio0.01014_FTLE.npy

real	2m6.206s
user	0m0.023s
sys	0m0.068s
60
100
Generating /cluster/projects/nn8008k/lluisa/NextSIM/seas//Fmap_10days/FTLE_2004_JFM_dx0.100_dy0.100_dt0.100_grid_ratio0.01015_FTLE.npy

real	2m6.014s
user	0m0.020s
sys	0m0.066s
64
104
Generating /cluster/projects/nn8008k/lluisa/NextSIM/seas//Fmap_10days/FTLE_2004_JFM_dx0.100_dy0.100_dt0.100_grid_ratio0.01016_FTLE.npy

real	2m5.465s
user	0m0.019s
sys	0m0.065s
68
108
Generating /cluster/projects/nn8008k/lluisa/NextSIM/seas//Fmap_10days/FTLE_2004_JFM_dx0.100_dy0.100_dt0.100_grid_ratio0.01017_FTLE.npy

real	2m5.594s
user	0m0.018s
sys	0m0.073s
72
112
Generating /cluster/projects/nn8008k/lluisa/NextSIM/seas//Fmap_10days/FTLE_2004_JFM_dx0.100_dy0.100_dt0.100_grid_ratio0.01018_FTLE.npy

real	2m5.141s
user	0m0.014s
sys	0m0.081s
76
116
Generating /cluster/projects/nn8008k/lluisa/NextSIM/seas//Fmap_10days/FTLE_2004_JFM_dx0.100_dy0.100_dt0.100_grid_ratio0.01019_FTLE.npy

real	2m4.655s
user	0m0.021s
sys	0m0.072s
80
120
Generating /cluster/projects/nn8008k/lluisa/NextSIM/seas//Fmap_10days/FTLE_2004_JFM_dx0.100_dy0.100_dt0.100_grid_ratio0.01020_FTLE.npy

real	2m5.724s
user	0m0.019s
sys	0m0.073s
84
124
Generating /cluster/projects/nn8008k/lluisa/NextSIM/seas//Fmap_10days/FTLE_2004_JFM_dx0.100_dy0.100_dt0.100_grid_ratio0.01021_FTLE.npy

real	2m5.958s
user	0m0.017s
sys	0m0.072s
88
128
Generating /cluster/projects/nn8008k/lluisa/NextSIM/seas//Fmap_10days/FTLE_2004_JFM_dx0.100_dy0.100_dt0.100_grid_ratio0.01022_FTLE.npy

real	2m5.803s
user	0m0.018s
sys	0m0.066s
92
132
Generating /cluster/projects/nn8008k/lluisa/NextSIM/seas//Fmap_10days/FTLE_2004_JFM_dx0.100_dy0.100_dt0.100_grid_ratio0.01023_FTLE.npy

real	2m5.045s
user	0m0.020s
sys	0m0.067s
96
136
Generating /cluster/projects/nn8008k/lluisa/NextSIM/seas//Fmap_10days/FTLE_2004_JFM_dx0.100_dy0.100_dt0.100_grid_ratio0.01024_FTLE.npy

real	2m4.800s
user	0m0.017s
sys	0m0.075s
100
140
Generating /cluster/projects/nn8008k/lluisa/NextSIM/seas//Fmap_10days/FTLE_2004_JFM_dx0.100_dy0.100_dt0.100_grid_ratio0.01025_FTLE.npy

real	2m5.681s
user	0m0.022s
sys	0m0.069s
104
144
Generating /cluster/projects/nn8008k/lluisa/NextSIM/seas//Fmap_10days/FTLE_2004_JFM_dx0.100_dy0.100_dt0.100_grid_ratio0.01026_FTLE.npy

real	2m6.079s
user	0m0.021s
sys	0m0.073s
108
148
Generating /cluster/projects/nn8008k/lluisa/NextSIM/seas//Fmap_10days/FTLE_2004_JFM_dx0.100_dy0.100_dt0.100_grid_ratio0.01027_FTLE.npy

real	2m5.336s
user	0m0.022s
sys	0m0.070s
112
152
Generating /cluster/projects/nn8008k/lluisa/NextSIM/seas//Fmap_10days/FTLE_2004_JFM_dx0.100_dy0.100_dt0.100_grid_ratio0.01028_FTLE.npy

real	2m5.563s
user	0m0.022s
sys	0m0.072s
116
156
Generating /cluster/projects/nn8008k/lluisa/NextSIM/seas//Fmap_10days/FTLE_2004_JFM_dx0.100_dy0.100_dt0.100_grid_ratio0.01029_FTLE.npy

real	2m5.115s
user	0m0.018s
sys	0m0.077s
120
160
Generating /cluster/projects/nn8008k/lluisa/NextSIM/seas//Fmap_10days/FTLE_2004_JFM_dx0.100_dy0.100_dt0.100_grid_ratio0.01030_FTLE.npy

real	2m5.627s
user	0m0.018s
sys	0m0.076s
124
164
Generating /cluster/projects/nn8008k/lluisa/NextSIM/seas//Fmap_10days/FTLE_2004_JFM_dx0.100_dy0.100_dt0.100_grid_ratio0.01031_FTLE.npy

real	2m6.766s
user	0m0.017s
sys	0m0.073s
128
168
Generating /cluster/projects/nn8008k/lluisa/NextSIM/seas//Fmap_10days/FTLE_2004_JFM_dx0.100_dy0.100_dt0.100_grid_ratio0.01032_FTLE.npy

real	2m5.467s
user	0m0.020s
sys	0m0.071s
132
172
Generating /cluster/projects/nn8008k/lluisa/NextSIM/seas//Fmap_10days/FTLE_2004_JFM_dx0.100_dy0.100_dt0.100_grid_ratio0.01033_FTLE.npy

real	2m5.920s
user	0m0.024s
sys	0m0.068s
136
176
Generating /cluster/projects/nn8008k/lluisa/NextSIM/seas//Fmap_10days/FTLE_2004_JFM_dx0.100_dy0.100_dt0.100_grid_ratio0.01034_FTLE.npy

real	2m5.371s
user	0m0.019s
sys	0m0.069s
140
180
Generating /cluster/projects/nn8008k/lluisa/NextSIM/seas//Fmap_10days/FTLE_2004_JFM_dx0.100_dy0.100_dt0.100_grid_ratio0.01035_FTLE.npy

real	2m5.951s
user	0m0.019s
sys	0m0.074s
144
184
Generating /cluster/projects/nn8008k/lluisa/NextSIM/seas//Fmap_10days/FTLE_2004_JFM_dx0.100_dy0.100_dt0.100_grid_ratio0.01036_FTLE.npy

real	2m5.962s
user	0m0.022s
sys	0m0.060s
148
188
Generating /cluster/projects/nn8008k/lluisa/NextSIM/seas//Fmap_10days/FTLE_2004_JFM_dx0.100_dy0.100_dt0.100_grid_ratio0.01037_FTLE.npy

real	2m4.799s
user	0m0.017s
sys	0m0.064s
152
192
Generating /cluster/projects/nn8008k/lluisa/NextSIM/seas//Fmap_10days/FTLE_2004_JFM_dx0.100_dy0.100_dt0.100_grid_ratio0.01038_FTLE.npy

real	2m4.680s
user	0m0.019s
sys	0m0.070s
156
196
Generating /cluster/projects/nn8008k/lluisa/NextSIM/seas//Fmap_10days/FTLE_2004_JFM_dx0.100_dy0.100_dt0.100_grid_ratio0.01039_FTLE.npy

real	2m4.996s
user	0m0.020s
sys	0m0.067s
160
200
Generating /cluster/projects/nn8008k/lluisa/NextSIM/seas//Fmap_10days/FTLE_2004_JFM_dx0.100_dy0.100_dt0.100_grid_ratio0.01040_FTLE.npy

real	2m5.294s
user	0m0.020s
sys	0m0.067s
164
204
Generating /cluster/projects/nn8008k/lluisa/NextSIM/seas//Fmap_10days/FTLE_2004_JFM_dx0.100_dy0.100_dt0.100_grid_ratio0.01041_FTLE.npy

real	2m5.408s
user	0m0.022s
sys	0m0.062s
168
208
Generating /cluster/projects/nn8008k/lluisa/NextSIM/seas//Fmap_10days/FTLE_2004_JFM_dx0.100_dy0.100_dt0.100_grid_ratio0.01042_FTLE.npy

real	2m5.482s
user	0m0.020s
sys	0m0.064s
172
212
Generating /cluster/projects/nn8008k/lluisa/NextSIM/seas//Fmap_10days/FTLE_2004_JFM_dx0.100_dy0.100_dt0.100_grid_ratio0.01043_FTLE.npy

real	2m4.937s
user	0m0.020s
sys	0m0.072s
176
216
Generating /cluster/projects/nn8008k/lluisa/NextSIM/seas//Fmap_10days/FTLE_2004_JFM_dx0.100_dy0.100_dt0.100_grid_ratio0.01044_FTLE.npy

real	2m4.588s
user	0m0.017s
sys	0m0.066s
180
220
Generating /cluster/projects/nn8008k/lluisa/NextSIM/seas//Fmap_10days/FTLE_2004_JFM_dx0.100_dy0.100_dt0.100_grid_ratio0.01045_FTLE.npy

real	2m5.320s
user	0m0.020s
sys	0m0.065s
184
224
Generating /cluster/projects/nn8008k/lluisa/NextSIM/seas//Fmap_10days/FTLE_2004_JFM_dx0.100_dy0.100_dt0.100_grid_ratio0.01046_FTLE.npy

real	2m5.171s
user	0m0.020s
sys	0m0.065s
188
228
Generating /cluster/projects/nn8008k/lluisa/NextSIM/seas//Fmap_10days/FTLE_2004_JFM_dx0.100_dy0.100_dt0.100_grid_ratio0.01047_FTLE.npy

real	2m4.448s
user	0m0.022s
sys	0m0.063s
192
232
Generating /cluster/projects/nn8008k/lluisa/NextSIM/seas//Fmap_10days/FTLE_2004_JFM_dx0.100_dy0.100_dt0.100_grid_ratio0.01048_FTLE.npy

real	2m6.279s
user	0m0.028s
sys	0m0.059s
196
236
Generating /cluster/projects/nn8008k/lluisa/NextSIM/seas//Fmap_10days/FTLE_2004_JFM_dx0.100_dy0.100_dt0.100_grid_ratio0.01049_FTLE.npy

real	2m6.445s
user	0m0.023s
sys	0m0.064s
200
240
Generating /cluster/projects/nn8008k/lluisa/NextSIM/seas//Fmap_10days/FTLE_2004_JFM_dx0.100_dy0.100_dt0.100_grid_ratio0.01050_FTLE.npy

real	2m4.473s
user	0m0.023s
sys	0m0.062s
204
244
Generating /cluster/projects/nn8008k/lluisa/NextSIM/seas//Fmap_10days/FTLE_2004_JFM_dx0.100_dy0.100_dt0.100_grid_ratio0.01051_FTLE.npy

real	2m4.081s
user	0m0.016s
sys	0m0.067s
208
248
Generating /cluster/projects/nn8008k/lluisa/NextSIM/seas//Fmap_10days/FTLE_2004_JFM_dx0.100_dy0.100_dt0.100_grid_ratio0.01052_FTLE.npy

real	2m5.033s
user	0m0.020s
sys	0m0.062s
212
252
Generating /cluster/projects/nn8008k/lluisa/NextSIM/seas//Fmap_10days/FTLE_2004_JFM_dx0.100_dy0.100_dt0.100_grid_ratio0.01053_FTLE.npy

real	2m5.248s
user	0m0.022s
sys	0m0.062s
216
256
Generating /cluster/projects/nn8008k/lluisa/NextSIM/seas//Fmap_10days/FTLE_2004_JFM_dx0.100_dy0.100_dt0.100_grid_ratio0.01054_FTLE.npy

real	2m6.086s
user	0m0.020s
sys	0m0.064s
220
260
Generating /cluster/projects/nn8008k/lluisa/NextSIM/seas//Fmap_10days/FTLE_2004_JFM_dx0.100_dy0.100_dt0.100_grid_ratio0.01055_FTLE.npy

real	2m5.897s
user	0m0.023s
sys	0m0.057s
224
264
Generating /cluster/projects/nn8008k/lluisa/NextSIM/seas//Fmap_10days/FTLE_2004_JFM_dx0.100_dy0.100_dt0.100_grid_ratio0.01056_FTLE.npy

real	2m5.413s
user	0m0.016s
sys	0m0.068s
228
268
Generating /cluster/projects/nn8008k/lluisa/NextSIM/seas//Fmap_10days/FTLE_2004_JFM_dx0.100_dy0.100_dt0.100_grid_ratio0.01057_FTLE.npy

real	2m6.001s
user	0m0.019s
sys	0m0.062s
232
272
Generating /cluster/projects/nn8008k/lluisa/NextSIM/seas//Fmap_10days/FTLE_2004_JFM_dx0.100_dy0.100_dt0.100_grid_ratio0.01058_FTLE.npy

real	2m5.190s
user	0m0.014s
sys	0m0.070s
236
276
Generating /cluster/projects/nn8008k/lluisa/NextSIM/seas//Fmap_10days/FTLE_2004_JFM_dx0.100_dy0.100_dt0.100_grid_ratio0.01059_FTLE.npy

real	2m5.690s
user	0m0.022s
sys	0m0.059s
240
280
Generating /cluster/projects/nn8008k/lluisa/NextSIM/seas//Fmap_10days/FTLE_2004_JFM_dx0.100_dy0.100_dt0.100_grid_ratio0.01060_FTLE.npy

real	2m5.834s
user	0m0.020s
sys	0m0.062s
244
284
Generating /cluster/projects/nn8008k/lluisa/NextSIM/seas//Fmap_10days/FTLE_2004_JFM_dx0.100_dy0.100_dt0.100_grid_ratio0.01061_FTLE.npy

real	2m6.186s
user	0m0.017s
sys	0m0.063s
248
288
Generating /cluster/projects/nn8008k/lluisa/NextSIM/seas//Fmap_10days/FTLE_2004_JFM_dx0.100_dy0.100_dt0.100_grid_ratio0.01062_FTLE.npy

real	2m5.098s
user	0m0.022s
sys	0m0.064s
252
292
Generating /cluster/projects/nn8008k/lluisa/NextSIM/seas//Fmap_10days/FTLE_2004_JFM_dx0.100_dy0.100_dt0.100_grid_ratio0.01063_FTLE.npy

real	2m6.834s
user	0m0.018s
sys	0m0.070s
256
296
Generating /cluster/projects/nn8008k/lluisa/NextSIM/seas//Fmap_10days/FTLE_2004_JFM_dx0.100_dy0.100_dt0.100_grid_ratio0.01064_FTLE.npy

real	2m6.287s
user	0m0.015s
sys	0m0.076s
260
300
Generating /cluster/projects/nn8008k/lluisa/NextSIM/seas//Fmap_10days/FTLE_2004_JFM_dx0.100_dy0.100_dt0.100_grid_ratio0.01065_FTLE.npy

real	2m5.876s
user	0m0.016s
sys	0m0.073s
264
304
Generating /cluster/projects/nn8008k/lluisa/NextSIM/seas//Fmap_10days/FTLE_2004_JFM_dx0.100_dy0.100_dt0.100_grid_ratio0.01066_FTLE.npy

real	2m5.845s
user	0m0.024s
sys	0m0.065s
268
308
Generating /cluster/projects/nn8008k/lluisa/NextSIM/seas//Fmap_10days/FTLE_2004_JFM_dx0.100_dy0.100_dt0.100_grid_ratio0.01067_FTLE.npy

real	2m4.800s
user	0m0.023s
sys	0m0.067s
272
312
Generating /cluster/projects/nn8008k/lluisa/NextSIM/seas//Fmap_10days/FTLE_2004_JFM_dx0.100_dy0.100_dt0.100_grid_ratio0.01068_FTLE.npy

real	2m6.252s
user	0m0.021s
sys	0m0.070s
276
316
Generating /cluster/projects/nn8008k/lluisa/NextSIM/seas//Fmap_10days/FTLE_2004_JFM_dx0.100_dy0.100_dt0.100_grid_ratio0.01069_FTLE.npy

real	2m5.392s
user	0m0.023s
sys	0m0.071s
280
320
Generating /cluster/projects/nn8008k/lluisa/NextSIM/seas//Fmap_10days/FTLE_2004_JFM_dx0.100_dy0.100_dt0.100_grid_ratio0.01070_FTLE.npy

real	2m4.887s
user	0m0.017s
sys	0m0.072s
284
324
Generating /cluster/projects/nn8008k/lluisa/NextSIM/seas//Fmap_10days/FTLE_2004_JFM_dx0.100_dy0.100_dt0.100_grid_ratio0.01071_FTLE.npy

real	2m4.857s
user	0m0.016s
sys	0m0.074s
288
328
Generating /cluster/projects/nn8008k/lluisa/NextSIM/seas//Fmap_10days/FTLE_2004_JFM_dx0.100_dy0.100_dt0.100_grid_ratio0.01072_FTLE.npy

real	2m5.931s
user	0m0.019s
sys	0m0.069s
292
332
Generating /cluster/projects/nn8008k/lluisa/NextSIM/seas//Fmap_10days/FTLE_2004_JFM_dx0.100_dy0.100_dt0.100_grid_ratio0.01073_FTLE.npy

real	2m4.819s
user	0m0.022s
sys	0m0.070s
296
336
Generating /cluster/projects/nn8008k/lluisa/NextSIM/seas//Fmap_10days/FTLE_2004_JFM_dx0.100_dy0.100_dt0.100_grid_ratio0.01074_FTLE.npy

real	2m5.742s
user	0m0.021s
sys	0m0.070s
300
340
Generating /cluster/projects/nn8008k/lluisa/NextSIM/seas//Fmap_10days/FTLE_2004_JFM_dx0.100_dy0.100_dt0.100_grid_ratio0.01075_FTLE.npy

real	2m6.521s
user	0m0.020s
sys	0m0.075s
304
344
Generating /cluster/projects/nn8008k/lluisa/NextSIM/seas//Fmap_10days/FTLE_2004_JFM_dx0.100_dy0.100_dt0.100_grid_ratio0.01076_FTLE.npy

real	2m6.999s
user	0m0.017s
sys	0m0.067s
308
348
Generating /cluster/projects/nn8008k/lluisa/NextSIM/seas//Fmap_10days/FTLE_2004_JFM_dx0.100_dy0.100_dt0.100_grid_ratio0.01077_FTLE.npy

real	2m5.444s
user	0m0.018s
sys	0m0.070s
312
352
Generating /cluster/projects/nn8008k/lluisa/NextSIM/seas//Fmap_10days/FTLE_2004_JFM_dx0.100_dy0.100_dt0.100_grid_ratio0.01078_FTLE.npy

real	2m5.224s
user	0m0.021s
sys	0m0.074s
316
356
Generating /cluster/projects/nn8008k/lluisa/NextSIM/seas//Fmap_10days/FTLE_2004_JFM_dx0.100_dy0.100_dt0.100_grid_ratio0.01079_FTLE.npy

real	2m4.443s
user	0m0.022s
sys	0m0.073s
320
360
Generating /cluster/projects/nn8008k/lluisa/NextSIM/seas//Fmap_10days/FTLE_2004_JFM_dx0.100_dy0.100_dt0.100_grid_ratio0.01080_FTLE.npy

real	2m5.840s
user	0m0.020s
sys	0m0.072s
EBVERSIONNUMACTL=2.0.14
SLURM_JOB_NUM_NODES=1
EBROOTNUMACTL=/cluster/software/numactl/2.0.14-GCCcore-11.3.0
EBDEVELNUMACTL=/cluster/software/numactl/2.0.14-GCCcore-11.3.0/easybuild/numactl-2.0.14-GCCcore-11.3.0-easybuild-devel
OMP_NUM_THREADS=32

Job 6233422 consumed 90.8 billing hours from project nn8008k.

Submitted 2025-05-13T10:35:54; waited 3.0 seconds in the queue after becoming eligible to run.

Requested wallclock time: 6.3 hours
Elapsed wallclock time:   2.8 hours

Job exited normally.

Task and CPU statistics:
ID              CPUs  Tasks  CPU util                Start  Elapsed  Exit status
6233422           32            0.0 %  2025-05-13T10:35:57    2.8 h  0
6233422.batch     32      1     0.0 %  2025-05-13T10:35:57    2.8 h  0
6233422.python    32      1    46.2 %  2025-05-13T10:36:03    0.0 h  0
6233422.python    32      1    57.9 %  2025-05-13T10:38:43    0.0 h  0
6233422.python    32      1    58.7 %  2025-05-13T10:40:51    0.0 h  0
6233422.python    32      1    58.2 %  2025-05-13T10:42:56    0.0 h  0
6233422.python    32      1    58.7 %  2025-05-13T10:45:03    0.0 h  0
6233422.python    32      1    58.2 %  2025-05-13T10:47:08    0.0 h  0
6233422.python    32      1    58.3 %  2025-05-13T10:49:14    0.0 h  0
6233422.python    32      1    58.6 %  2025-05-13T10:51:20    0.0 h  0
6233422.python    32      1    58.3 %  2025-05-13T10:53:25    0.0 h  0
6233422.python    32      1    58.8 %  2025-05-13T10:55:31    0.0 h  0
6233422.python    32      1    58.2 %  2025-05-13T10:57:36    0.0 h  0
6233422.python    32      1    58.8 %  2025-05-13T10:59:42    0.0 h  0
6233422.python    32      1    58.6 %  2025-05-13T11:01:47    0.0 h  0
6233422.python    32      1    58.6 %  2025-05-13T11:03:52    0.0 h  0
6233422.python    32      1    58.1 %  2025-05-13T11:05:58    0.0 h  0
6233422.python    32      1    58.3 %  2025-05-13T11:08:04    0.0 h  0
6233422.python    32      1    58.6 %  2025-05-13T11:10:10    0.0 h  0
6233422.python    32      1    58.2 %  2025-05-13T11:12:15    0.0 h  0
6233422.python    32      1    58.7 %  2025-05-13T11:14:21    0.0 h  0
6233422.python    32      1    58.6 %  2025-05-13T11:16:26    0.0 h  0
6233422.python    32      1    58.7 %  2025-05-13T11:18:31    0.0 h  0
6233422.python    32      1    58.1 %  2025-05-13T11:20:36    0.0 h  0
6233422.python    32      1    58.2 %  2025-05-13T11:22:42    0.0 h  0
6233422.python    32      1    58.6 %  2025-05-13T11:24:48    0.0 h  0
6233422.python    32      1    58.8 %  2025-05-13T11:26:53    0.0 h  0
6233422.python    32      1    58.2 %  2025-05-13T11:28:58    0.0 h  0
6233422.python    32      1    58.2 %  2025-05-13T11:31:04    0.0 h  0
6233422.python    32      1    58.6 %  2025-05-13T11:33:10    0.0 h  0
6233422.python    32      1    58.2 %  2025-05-13T11:35:15    0.0 h  0
6233422.python    32      1    58.7 %  2025-05-13T11:37:21    0.0 h  0
6233422.python    32      1    58.6 %  2025-05-13T11:39:26    0.0 h  0
6233422.python    32      1    58.2 %  2025-05-13T11:41:32    0.0 h  0
6233422.python    32      1    58.3 %  2025-05-13T11:43:38    0.0 h  0
6233422.python    32      1    58.2 %  2025-05-13T11:45:44    0.0 h  0
6233422.python    32      1    58.6 %  2025-05-13T11:47:50    0.0 h  0
6233422.python    32      1    58.3 %  2025-05-13T11:49:55    0.0 h  0
6233422.python    32      1    58.2 %  2025-05-13T11:52:01    0.0 h  0
6233422.python    32      1    58.7 %  2025-05-13T11:54:07    0.0 h  0
6233422.python    32      1    58.6 %  2025-05-13T11:56:12    0.0 h  0
6233422.python    32      1    58.7 %  2025-05-13T11:58:17    0.0 h  0
6233422.python    32      1    58.7 %  2025-05-13T12:00:22    0.0 h  0
6233422.python    32      1    58.6 %  2025-05-13T12:02:27    0.0 h  0
6233422.python    32      1    58.2 %  2025-05-13T12:04:32    0.0 h  0
6233422.python    32      1    58.6 %  2025-05-13T12:06:38    0.0 h  0
6233422.python    32      1    59.1 %  2025-05-13T12:08:43    0.0 h  0
6233422.python    32      1    58.2 %  2025-05-13T12:10:47    0.0 h  0
6233422.python    32      1    58.6 %  2025-05-13T12:12:53    0.0 h  0
6233422.python    32      1    59.0 %  2025-05-13T12:14:58    0.0 h  0
6233422.python    32      1    57.7 %  2025-05-13T12:17:02    0.0 h  0
6233422.python    32      1    58.2 %  2025-05-13T12:19:09    0.0 h  0
6233422.python    32      1    58.6 %  2025-05-13T12:21:15    0.0 h  0
6233422.python    32      1    59.2 %  2025-05-13T12:23:20    0.0 h  0
6233422.python    32      1    58.6 %  2025-05-13T12:25:24    0.0 h  0
6233422.python    32      1    58.7 %  2025-05-13T12:27:29    0.0 h  0
6233422.python    32      1    58.3 %  2025-05-13T12:29:34    0.0 h  0
6233422.python    32      1    58.3 %  2025-05-13T12:31:40    0.0 h  0
6233422.python    32      1    58.6 %  2025-05-13T12:33:46    0.0 h  0
6233422.python    32      1    58.7 %  2025-05-13T12:35:52    0.0 h  0
6233422.python    32      1    58.6 %  2025-05-13T12:37:58    0.0 h  0
6233422.python    32      1    58.6 %  2025-05-13T12:40:03    0.0 h  0
6233422.python    32      1    58.6 %  2025-05-13T12:42:09    0.0 h  0
6233422.python    32      1    58.3 %  2025-05-13T12:44:14    0.0 h  0
6233422.python    32      1    58.6 %  2025-05-13T12:46:21    0.0 h  0
6233422.python    32      1    58.2 %  2025-05-13T12:48:26    0.0 h  0
6233422.python    32      1    58.2 %  2025-05-13T12:50:33    0.0 h  0
6233422.python    32      1    58.2 %  2025-05-13T12:52:39    0.0 h  0
6233422.python    32      1    58.8 %  2025-05-13T12:54:45    0.0 h  0
6233422.python    32      1    59.1 %  2025-05-13T12:56:51    0.0 h  0
6233422.python    32      1    57.8 %  2025-05-13T12:58:55    0.0 h  0
6233422.python    32      1    58.6 %  2025-05-13T13:01:02    0.0 h  0
6233422.python    32      1    58.6 %  2025-05-13T13:03:07    0.0 h  0
6233422.python    32      1    58.6 %  2025-05-13T13:05:12    0.0 h  0
6233422.python    32      1    58.3 %  2025-05-13T13:07:17    0.0 h  0
6233422.python    32      1    58.7 %  2025-05-13T13:09:23    0.0 h  0
6233422.python    32      1    58.7 %  2025-05-13T13:11:28    0.0 h  0
6233422.python    32      1    57.7 %  2025-05-13T13:13:33    0.0 h  0
6233422.python    32      1    57.7 %  2025-05-13T13:15:40    0.0 h  0
6233422.python    32      1    58.6 %  2025-05-13T13:17:47    0.0 h  0
6233422.python    32      1    58.3 %  2025-05-13T13:19:52    0.0 h  0
6233422.python    32      1    59.0 %  2025-05-13T13:21:58    0.0 h  0
6233422.python    32      1    58.3 %  2025-05-13T13:24:02    0.0 h  0

Used CPU time:   2.2 CPU days
Unused CPU time: 1.6 CPU days

Memory statistics, in GiB:
ID               Alloc   Usage
6233422           59.0        
6233422.batch     59.0     0.0
6233422.python    59.0    10.3
6233422.python    59.0     9.6
6233422.python    59.0     9.6
6233422.python    59.0     9.7
6233422.python    59.0     9.6
6233422.python    59.0     9.6
6233422.python    59.0     9.5
6233422.python    59.0     9.6
6233422.python    59.0     9.6
6233422.python    59.0     9.8
6233422.python    59.0     9.8
6233422.python    59.0     9.6
6233422.python    59.0     9.6
6233422.python    59.0     9.7
6233422.python    59.0     9.5
6233422.python    59.0     9.6
6233422.python    59.0     9.7
6233422.python    59.0     9.6
6233422.python    59.0     9.6
6233422.python    59.0     9.6
6233422.python    59.0     9.7
6233422.python    59.0     9.5
6233422.python    59.0     9.6
6233422.python    59.0     9.5
6233422.python    59.0     9.6
6233422.python    59.0     9.5
6233422.python    59.0     9.6
6233422.python    59.0     9.5
6233422.python    59.0     9.6
6233422.python    59.0     9.5
6233422.python    59.0     9.5
6233422.python    59.0    10.0
6233422.python    59.0     9.5
6233422.python    59.0     9.5
6233422.python    59.0     9.6
6233422.python    59.0     9.6
6233422.python    59.0     9.6
6233422.python    59.0     9.6
6233422.python    59.0     9.7
6233422.python    59.0     9.6
6233422.python    59.0     9.6
6233422.python    59.0     9.6
6233422.python    59.0     9.6
6233422.python    59.0     9.7
6233422.python    59.0     9.7
6233422.python    59.0     9.6
6233422.python    59.0     9.4
6233422.python    59.0     9.6
6233422.python    59.0     9.6
6233422.python    59.0     9.6
6233422.python    59.0     9.5
6233422.python    59.0     9.6
6233422.python    59.0     9.6
6233422.python    59.0     9.6
6233422.python    59.0     9.6
6233422.python    59.0     9.8
6233422.python    59.0     9.7
6233422.python    59.0     9.6
6233422.python    59.0     9.6
6233422.python    59.0     9.6
6233422.python    59.0     9.6
6233422.python    59.0     9.6
6233422.python    59.0     9.6
6233422.python    59.0     9.6
6233422.python    59.0    10.1
6233422.python    59.0     9.6
6233422.python    59.0     9.5
6233422.python    59.0     9.6
6233422.python    59.0     9.8
6233422.python    59.0     9.5
6233422.python    59.0     9.7
6233422.python    59.0     9.7
6233422.python    59.0     9.6
6233422.python    59.0     9.7
6233422.python    59.0     9.6
6233422.python    59.0     9.6
6233422.python    59.0     9.7
6233422.python    59.0     9.6
6233422.python    59.0     9.5
6233422.python    59.0     9.7
6233422.python    59.0     9.6

Job 6233422 completed at Tue May 13 13:26:08 CEST 2025
