Starting job 6233429 on c6-3 on fram at Tue May 13 10:35:58 CEST 2025


Currently Loaded Modules:
  1) StdEnv (S)

  Where:
   S:  Module is Sticky, requires --force to unload or purge

 


The following have been reloaded with a version change:
  1) FFTW/3.3.10-GCC-13.3.0 => FFTW/3.3.10-GCC-11.3.0
  2) FlexiBLAS/3.4.4-GCC-13.3.0 => FlexiBLAS/3.2.0-GCC-11.3.0
  3) GCC/13.3.0 => GCC/11.3.0
  4) GCCcore/13.3.0 => GCCcore/11.3.0
  5) OpenBLAS/0.3.27-GCC-13.3.0 => OpenBLAS/0.3.20-GCC-11.3.0
  6) OpenSSL/3 => OpenSSL/1.1
  7) Python/3.12.3-GCCcore-13.3.0 => Python/3.10.4-GCCcore-11.3.0
  8) SQLite/3.45.3-GCCcore-13.3.0 => SQLite/3.38.3-GCCcore-11.3.0
  9) SciPy-bundle/2024.05-gfbf-2024a => SciPy-bundle/2022.05-foss-2022a
 10) Tcl/8.6.14-GCCcore-13.3.0 => Tcl/8.6.12-GCCcore-11.3.0
 11) XZ/5.4.5-GCCcore-13.3.0 => XZ/5.2.5-GCCcore-11.3.0
 12) binutils/2.42-GCCcore-13.3.0 => binutils/2.38-GCCcore-11.3.0
 13) bzip2/1.0.8-GCCcore-13.3.0 => bzip2/1.0.8-GCCcore-11.3.0
 14) gzip/1.13-GCCcore-13.3.0 => gzip/1.12-GCCcore-11.3.0
 15) libffi/3.4.5-GCCcore-13.3.0 => libffi/3.4.2-GCCcore-11.3.0
 16) libreadline/8.2-GCCcore-13.3.0 => libreadline/8.1.2-GCCcore-11.3.0
 17) lz4/1.9.4-GCCcore-13.3.0 => lz4/1.9.3-GCCcore-11.3.0
 18) ncurses/6.5-GCCcore-13.3.0 => ncurses/6.3-GCCcore-11.3.0
 19) pybind11/2.12.0-GCC-13.3.0 => pybind11/2.9.2-GCCcore-11.3.0
 20) zlib/1.3.1-GCCcore-13.3.0 => zlib/1.2.12-GCCcore-11.3.0
 21) zstd/1.5.6-GCCcore-13.3.0 => zstd/1.5.2-GCCcore-11.3.0

0
40
Generating /cluster/projects/nn8008k/lluisa/NextSIM/seas//Fmap_10days/FTLE_2006_OND_dx0.100_dy0.100_dt0.100_grid_ratio0.0100_FTLE.npy

real	2m39.048s
user	0m0.019s
sys	0m0.044s
4
44
Generating /cluster/projects/nn8008k/lluisa/NextSIM/seas//Fmap_10days/FTLE_2006_OND_dx0.100_dy0.100_dt0.100_grid_ratio0.0101_FTLE.npy

real	2m6.192s
user	0m0.015s
sys	0m0.065s
8
48
Generating /cluster/projects/nn8008k/lluisa/NextSIM/seas//Fmap_10days/FTLE_2006_OND_dx0.100_dy0.100_dt0.100_grid_ratio0.0102_FTLE.npy

real	2m4.821s
user	0m0.021s
sys	0m0.063s
12
52
Generating /cluster/projects/nn8008k/lluisa/NextSIM/seas//Fmap_10days/FTLE_2006_OND_dx0.100_dy0.100_dt0.100_grid_ratio0.0103_FTLE.npy

real	2m4.737s
user	0m0.016s
sys	0m0.062s
16
56
Generating /cluster/projects/nn8008k/lluisa/NextSIM/seas//Fmap_10days/FTLE_2006_OND_dx0.100_dy0.100_dt0.100_grid_ratio0.0104_FTLE.npy

real	2m4.929s
user	0m0.015s
sys	0m0.062s
20
60
Generating /cluster/projects/nn8008k/lluisa/NextSIM/seas//Fmap_10days/FTLE_2006_OND_dx0.100_dy0.100_dt0.100_grid_ratio0.0105_FTLE.npy

real	2m5.418s
user	0m0.018s
sys	0m0.064s
24
64
Generating /cluster/projects/nn8008k/lluisa/NextSIM/seas//Fmap_10days/FTLE_2006_OND_dx0.100_dy0.100_dt0.100_grid_ratio0.0106_FTLE.npy

real	2m5.141s
user	0m0.021s
sys	0m0.064s
28
68
Generating /cluster/projects/nn8008k/lluisa/NextSIM/seas//Fmap_10days/FTLE_2006_OND_dx0.100_dy0.100_dt0.100_grid_ratio0.0107_FTLE.npy

real	2m4.605s
user	0m0.019s
sys	0m0.071s
32
72
Generating /cluster/projects/nn8008k/lluisa/NextSIM/seas//Fmap_10days/FTLE_2006_OND_dx0.100_dy0.100_dt0.100_grid_ratio0.0108_FTLE.npy

real	2m5.408s
user	0m0.016s
sys	0m0.073s
36
76
Generating /cluster/projects/nn8008k/lluisa/NextSIM/seas//Fmap_10days/FTLE_2006_OND_dx0.100_dy0.100_dt0.100_grid_ratio0.0109_FTLE.npy

real	2m5.607s
user	0m0.020s
sys	0m0.067s
40
80
Generating /cluster/projects/nn8008k/lluisa/NextSIM/seas//Fmap_10days/FTLE_2006_OND_dx0.100_dy0.100_dt0.100_grid_ratio0.01010_FTLE.npy

real	2m5.472s
user	0m0.023s
sys	0m0.061s
44
84
Generating /cluster/projects/nn8008k/lluisa/NextSIM/seas//Fmap_10days/FTLE_2006_OND_dx0.100_dy0.100_dt0.100_grid_ratio0.01011_FTLE.npy

real	2m5.473s
user	0m0.019s
sys	0m0.058s
48
88
Generating /cluster/projects/nn8008k/lluisa/NextSIM/seas//Fmap_10days/FTLE_2006_OND_dx0.100_dy0.100_dt0.100_grid_ratio0.01012_FTLE.npy

real	2m3.943s
user	0m0.024s
sys	0m0.058s
52
92
Generating /cluster/projects/nn8008k/lluisa/NextSIM/seas//Fmap_10days/FTLE_2006_OND_dx0.100_dy0.100_dt0.100_grid_ratio0.01013_FTLE.npy

real	2m4.942s
user	0m0.016s
sys	0m0.063s
56
96
Generating /cluster/projects/nn8008k/lluisa/NextSIM/seas//Fmap_10days/FTLE_2006_OND_dx0.100_dy0.100_dt0.100_grid_ratio0.01014_FTLE.npy

real	2m4.847s
user	0m0.018s
sys	0m0.061s
60
100
Generating /cluster/projects/nn8008k/lluisa/NextSIM/seas//Fmap_10days/FTLE_2006_OND_dx0.100_dy0.100_dt0.100_grid_ratio0.01015_FTLE.npy

real	2m4.804s
user	0m0.018s
sys	0m0.062s
64
104
Generating /cluster/projects/nn8008k/lluisa/NextSIM/seas//Fmap_10days/FTLE_2006_OND_dx0.100_dy0.100_dt0.100_grid_ratio0.01016_FTLE.npy

real	2m5.585s
user	0m0.016s
sys	0m0.064s
68
108
Generating /cluster/projects/nn8008k/lluisa/NextSIM/seas//Fmap_10days/FTLE_2006_OND_dx0.100_dy0.100_dt0.100_grid_ratio0.01017_FTLE.npy

real	2m4.662s
user	0m0.020s
sys	0m0.058s
72
112
Generating /cluster/projects/nn8008k/lluisa/NextSIM/seas//Fmap_10days/FTLE_2006_OND_dx0.100_dy0.100_dt0.100_grid_ratio0.01018_FTLE.npy

real	2m5.515s
user	0m0.020s
sys	0m0.069s
76
116
Generating /cluster/projects/nn8008k/lluisa/NextSIM/seas//Fmap_10days/FTLE_2006_OND_dx0.100_dy0.100_dt0.100_grid_ratio0.01019_FTLE.npy

real	2m4.755s
user	0m0.020s
sys	0m0.073s
80
120
Generating /cluster/projects/nn8008k/lluisa/NextSIM/seas//Fmap_10days/FTLE_2006_OND_dx0.100_dy0.100_dt0.100_grid_ratio0.01020_FTLE.npy

real	2m4.118s
user	0m0.019s
sys	0m0.067s
84
124
Generating /cluster/projects/nn8008k/lluisa/NextSIM/seas//Fmap_10days/FTLE_2006_OND_dx0.100_dy0.100_dt0.100_grid_ratio0.01021_FTLE.npy

real	2m5.301s
user	0m0.017s
sys	0m0.070s
88
128
Generating /cluster/projects/nn8008k/lluisa/NextSIM/seas//Fmap_10days/FTLE_2006_OND_dx0.100_dy0.100_dt0.100_grid_ratio0.01022_FTLE.npy

real	2m5.735s
user	0m0.018s
sys	0m0.070s
92
132
Generating /cluster/projects/nn8008k/lluisa/NextSIM/seas//Fmap_10days/FTLE_2006_OND_dx0.100_dy0.100_dt0.100_grid_ratio0.01023_FTLE.npy

real	2m5.133s
user	0m0.017s
sys	0m0.072s
96
136
Generating /cluster/projects/nn8008k/lluisa/NextSIM/seas//Fmap_10days/FTLE_2006_OND_dx0.100_dy0.100_dt0.100_grid_ratio0.01024_FTLE.npy

real	2m4.653s
user	0m0.023s
sys	0m0.065s
100
140
Generating /cluster/projects/nn8008k/lluisa/NextSIM/seas//Fmap_10days/FTLE_2006_OND_dx0.100_dy0.100_dt0.100_grid_ratio0.01025_FTLE.npy

real	2m4.664s
user	0m0.019s
sys	0m0.069s
104
144
Generating /cluster/projects/nn8008k/lluisa/NextSIM/seas//Fmap_10days/FTLE_2006_OND_dx0.100_dy0.100_dt0.100_grid_ratio0.01026_FTLE.npy

real	2m5.786s
user	0m0.020s
sys	0m0.070s
108
148
Generating /cluster/projects/nn8008k/lluisa/NextSIM/seas//Fmap_10days/FTLE_2006_OND_dx0.100_dy0.100_dt0.100_grid_ratio0.01027_FTLE.npy

real	2m4.836s
user	0m0.018s
sys	0m0.067s
112
152
Generating /cluster/projects/nn8008k/lluisa/NextSIM/seas//Fmap_10days/FTLE_2006_OND_dx0.100_dy0.100_dt0.100_grid_ratio0.01028_FTLE.npy

real	2m4.614s
user	0m0.017s
sys	0m0.069s
116
156
Generating /cluster/projects/nn8008k/lluisa/NextSIM/seas//Fmap_10days/FTLE_2006_OND_dx0.100_dy0.100_dt0.100_grid_ratio0.01029_FTLE.npy

real	2m5.216s
user	0m0.025s
sys	0m0.060s
120
160
Generating /cluster/projects/nn8008k/lluisa/NextSIM/seas//Fmap_10days/FTLE_2006_OND_dx0.100_dy0.100_dt0.100_grid_ratio0.01030_FTLE.npy

real	2m9.015s
user	0m0.018s
sys	0m0.067s
124
164
Generating /cluster/projects/nn8008k/lluisa/NextSIM/seas//Fmap_10days/FTLE_2006_OND_dx0.100_dy0.100_dt0.100_grid_ratio0.01031_FTLE.npy

real	2m11.312s
user	0m0.019s
sys	0m0.067s
128
168
Generating /cluster/projects/nn8008k/lluisa/NextSIM/seas//Fmap_10days/FTLE_2006_OND_dx0.100_dy0.100_dt0.100_grid_ratio0.01032_FTLE.npy

real	2m6.398s
user	0m0.018s
sys	0m0.070s
132
172
Generating /cluster/projects/nn8008k/lluisa/NextSIM/seas//Fmap_10days/FTLE_2006_OND_dx0.100_dy0.100_dt0.100_grid_ratio0.01033_FTLE.npy

real	2m5.389s
user	0m0.020s
sys	0m0.065s
136
176
Generating /cluster/projects/nn8008k/lluisa/NextSIM/seas//Fmap_10days/FTLE_2006_OND_dx0.100_dy0.100_dt0.100_grid_ratio0.01034_FTLE.npy

real	2m5.311s
user	0m0.020s
sys	0m0.064s
140
180
Generating /cluster/projects/nn8008k/lluisa/NextSIM/seas//Fmap_10days/FTLE_2006_OND_dx0.100_dy0.100_dt0.100_grid_ratio0.01035_FTLE.npy

real	2m4.568s
user	0m0.020s
sys	0m0.060s
144
184
Generating /cluster/projects/nn8008k/lluisa/NextSIM/seas//Fmap_10days/FTLE_2006_OND_dx0.100_dy0.100_dt0.100_grid_ratio0.01036_FTLE.npy

real	2m5.141s
user	0m0.021s
sys	0m0.061s
148
188
Generating /cluster/projects/nn8008k/lluisa/NextSIM/seas//Fmap_10days/FTLE_2006_OND_dx0.100_dy0.100_dt0.100_grid_ratio0.01037_FTLE.npy

real	2m4.674s
user	0m0.015s
sys	0m0.064s
152
192
Generating /cluster/projects/nn8008k/lluisa/NextSIM/seas//Fmap_10days/FTLE_2006_OND_dx0.100_dy0.100_dt0.100_grid_ratio0.01038_FTLE.npy

real	2m4.068s
user	0m0.017s
sys	0m0.061s
156
196
Generating /cluster/projects/nn8008k/lluisa/NextSIM/seas//Fmap_10days/FTLE_2006_OND_dx0.100_dy0.100_dt0.100_grid_ratio0.01039_FTLE.npy

real	2m4.927s
user	0m0.024s
sys	0m0.055s
160
200
Generating /cluster/projects/nn8008k/lluisa/NextSIM/seas//Fmap_10days/FTLE_2006_OND_dx0.100_dy0.100_dt0.100_grid_ratio0.01040_FTLE.npy

real	2m4.970s
user	0m0.022s
sys	0m0.057s
164
204
Generating /cluster/projects/nn8008k/lluisa/NextSIM/seas//Fmap_10days/FTLE_2006_OND_dx0.100_dy0.100_dt0.100_grid_ratio0.01041_FTLE.npy

real	2m4.619s
user	0m0.020s
sys	0m0.060s
168
208
Generating /cluster/projects/nn8008k/lluisa/NextSIM/seas//Fmap_10days/FTLE_2006_OND_dx0.100_dy0.100_dt0.100_grid_ratio0.01042_FTLE.npy

real	2m4.444s
user	0m0.022s
sys	0m0.058s
172
212
Generating /cluster/projects/nn8008k/lluisa/NextSIM/seas//Fmap_10days/FTLE_2006_OND_dx0.100_dy0.100_dt0.100_grid_ratio0.01043_FTLE.npy

real	2m6.094s
user	0m0.016s
sys	0m0.061s
176
216
Generating /cluster/projects/nn8008k/lluisa/NextSIM/seas//Fmap_10days/FTLE_2006_OND_dx0.100_dy0.100_dt0.100_grid_ratio0.01044_FTLE.npy

real	2m5.533s
user	0m0.021s
sys	0m0.060s
180
220
Generating /cluster/projects/nn8008k/lluisa/NextSIM/seas//Fmap_10days/FTLE_2006_OND_dx0.100_dy0.100_dt0.100_grid_ratio0.01045_FTLE.npy

real	2m4.578s
user	0m0.016s
sys	0m0.065s
184
224
Generating /cluster/projects/nn8008k/lluisa/NextSIM/seas//Fmap_10days/FTLE_2006_OND_dx0.100_dy0.100_dt0.100_grid_ratio0.01046_FTLE.npy

real	2m4.735s
user	0m0.017s
sys	0m0.071s
188
228
Generating /cluster/projects/nn8008k/lluisa/NextSIM/seas//Fmap_10days/FTLE_2006_OND_dx0.100_dy0.100_dt0.100_grid_ratio0.01047_FTLE.npy

real	2m5.860s
user	0m0.018s
sys	0m0.070s
192
232
Generating /cluster/projects/nn8008k/lluisa/NextSIM/seas//Fmap_10days/FTLE_2006_OND_dx0.100_dy0.100_dt0.100_grid_ratio0.01048_FTLE.npy

real	2m4.361s
user	0m0.020s
sys	0m0.057s
196
236
Generating /cluster/projects/nn8008k/lluisa/NextSIM/seas//Fmap_10days/FTLE_2006_OND_dx0.100_dy0.100_dt0.100_grid_ratio0.01049_FTLE.npy

real	2m5.324s
user	0m0.019s
sys	0m0.061s
200
240
Generating /cluster/projects/nn8008k/lluisa/NextSIM/seas//Fmap_10days/FTLE_2006_OND_dx0.100_dy0.100_dt0.100_grid_ratio0.01050_FTLE.npy

real	2m4.977s
user	0m0.015s
sys	0m0.062s
204
244
Generating /cluster/projects/nn8008k/lluisa/NextSIM/seas//Fmap_10days/FTLE_2006_OND_dx0.100_dy0.100_dt0.100_grid_ratio0.01051_FTLE.npy

real	2m6.053s
user	0m0.020s
sys	0m0.057s
208
248
Generating /cluster/projects/nn8008k/lluisa/NextSIM/seas//Fmap_10days/FTLE_2006_OND_dx0.100_dy0.100_dt0.100_grid_ratio0.01052_FTLE.npy

real	2m4.849s
user	0m0.021s
sys	0m0.050s
212
252
Generating /cluster/projects/nn8008k/lluisa/NextSIM/seas//Fmap_10days/FTLE_2006_OND_dx0.100_dy0.100_dt0.100_grid_ratio0.01053_FTLE.npy

real	2m5.058s
user	0m0.024s
sys	0m0.056s
216
256
Generating /cluster/projects/nn8008k/lluisa/NextSIM/seas//Fmap_10days/FTLE_2006_OND_dx0.100_dy0.100_dt0.100_grid_ratio0.01054_FTLE.npy

real	2m4.710s
user	0m0.019s
sys	0m0.059s
220
260
Generating /cluster/projects/nn8008k/lluisa/NextSIM/seas//Fmap_10days/FTLE_2006_OND_dx0.100_dy0.100_dt0.100_grid_ratio0.01055_FTLE.npy

real	2m4.619s
user	0m0.015s
sys	0m0.063s
224
264
Generating /cluster/projects/nn8008k/lluisa/NextSIM/seas//Fmap_10days/FTLE_2006_OND_dx0.100_dy0.100_dt0.100_grid_ratio0.01056_FTLE.npy

real	2m4.687s
user	0m0.020s
sys	0m0.057s
228
268
Generating /cluster/projects/nn8008k/lluisa/NextSIM/seas//Fmap_10days/FTLE_2006_OND_dx0.100_dy0.100_dt0.100_grid_ratio0.01057_FTLE.npy

real	2m3.669s
user	0m0.018s
sys	0m0.060s
232
272
Generating /cluster/projects/nn8008k/lluisa/NextSIM/seas//Fmap_10days/FTLE_2006_OND_dx0.100_dy0.100_dt0.100_grid_ratio0.01058_FTLE.npy

real	2m4.415s
user	0m0.021s
sys	0m0.057s
236
276
Generating /cluster/projects/nn8008k/lluisa/NextSIM/seas//Fmap_10days/FTLE_2006_OND_dx0.100_dy0.100_dt0.100_grid_ratio0.01059_FTLE.npy

real	2m4.701s
user	0m0.023s
sys	0m0.055s
240
280
Generating /cluster/projects/nn8008k/lluisa/NextSIM/seas//Fmap_10days/FTLE_2006_OND_dx0.100_dy0.100_dt0.100_grid_ratio0.01060_FTLE.npy

real	2m5.369s
user	0m0.017s
sys	0m0.064s
244
284
Generating /cluster/projects/nn8008k/lluisa/NextSIM/seas//Fmap_10days/FTLE_2006_OND_dx0.100_dy0.100_dt0.100_grid_ratio0.01061_FTLE.npy

real	2m4.523s
user	0m0.023s
sys	0m0.059s
248
288
Generating /cluster/projects/nn8008k/lluisa/NextSIM/seas//Fmap_10days/FTLE_2006_OND_dx0.100_dy0.100_dt0.100_grid_ratio0.01062_FTLE.npy

real	2m5.578s
user	0m0.022s
sys	0m0.059s
252
292
Generating /cluster/projects/nn8008k/lluisa/NextSIM/seas//Fmap_10days/FTLE_2006_OND_dx0.100_dy0.100_dt0.100_grid_ratio0.01063_FTLE.npy

real	2m5.288s
user	0m0.019s
sys	0m0.062s
256
296
Generating /cluster/projects/nn8008k/lluisa/NextSIM/seas//Fmap_10days/FTLE_2006_OND_dx0.100_dy0.100_dt0.100_grid_ratio0.01064_FTLE.npy

real	2m5.674s
user	0m0.018s
sys	0m0.062s
260
300
Generating /cluster/projects/nn8008k/lluisa/NextSIM/seas//Fmap_10days/FTLE_2006_OND_dx0.100_dy0.100_dt0.100_grid_ratio0.01065_FTLE.npy

real	2m5.428s
user	0m0.016s
sys	0m0.063s
264
304
Generating /cluster/projects/nn8008k/lluisa/NextSIM/seas//Fmap_10days/FTLE_2006_OND_dx0.100_dy0.100_dt0.100_grid_ratio0.01066_FTLE.npy

real	2m5.628s
user	0m0.021s
sys	0m0.059s
268
308
Generating /cluster/projects/nn8008k/lluisa/NextSIM/seas//Fmap_10days/FTLE_2006_OND_dx0.100_dy0.100_dt0.100_grid_ratio0.01067_FTLE.npy

real	2m4.591s
user	0m0.021s
sys	0m0.056s
272
312
Generating /cluster/projects/nn8008k/lluisa/NextSIM/seas//Fmap_10days/FTLE_2006_OND_dx0.100_dy0.100_dt0.100_grid_ratio0.01068_FTLE.npy

real	2m5.460s
user	0m0.020s
sys	0m0.059s
276
316
Generating /cluster/projects/nn8008k/lluisa/NextSIM/seas//Fmap_10days/FTLE_2006_OND_dx0.100_dy0.100_dt0.100_grid_ratio0.01069_FTLE.npy

real	2m5.435s
user	0m0.017s
sys	0m0.062s
280
320
Generating /cluster/projects/nn8008k/lluisa/NextSIM/seas//Fmap_10days/FTLE_2006_OND_dx0.100_dy0.100_dt0.100_grid_ratio0.01070_FTLE.npy

real	2m5.341s
user	0m0.015s
sys	0m0.062s
284
324
Generating /cluster/projects/nn8008k/lluisa/NextSIM/seas//Fmap_10days/FTLE_2006_OND_dx0.100_dy0.100_dt0.100_grid_ratio0.01071_FTLE.npy

real	2m6.952s
user	0m0.016s
sys	0m0.064s
288
328
Generating /cluster/projects/nn8008k/lluisa/NextSIM/seas//Fmap_10days/FTLE_2006_OND_dx0.100_dy0.100_dt0.100_grid_ratio0.01072_FTLE.npy

real	2m4.505s
user	0m0.021s
sys	0m0.057s
292
332
Generating /cluster/projects/nn8008k/lluisa/NextSIM/seas//Fmap_10days/FTLE_2006_OND_dx0.100_dy0.100_dt0.100_grid_ratio0.01073_FTLE.npy

real	2m4.645s
user	0m0.022s
sys	0m0.059s
296
336
Generating /cluster/projects/nn8008k/lluisa/NextSIM/seas//Fmap_10days/FTLE_2006_OND_dx0.100_dy0.100_dt0.100_grid_ratio0.01074_FTLE.npy

real	2m4.432s
user	0m0.017s
sys	0m0.065s
300
340
Generating /cluster/projects/nn8008k/lluisa/NextSIM/seas//Fmap_10days/FTLE_2006_OND_dx0.100_dy0.100_dt0.100_grid_ratio0.01075_FTLE.npy

real	2m6.182s
user	0m0.014s
sys	0m0.063s
304
344
Generating /cluster/projects/nn8008k/lluisa/NextSIM/seas//Fmap_10days/FTLE_2006_OND_dx0.100_dy0.100_dt0.100_grid_ratio0.01076_FTLE.npy

real	2m5.486s
user	0m0.027s
sys	0m0.067s
308
348
Generating /cluster/projects/nn8008k/lluisa/NextSIM/seas//Fmap_10days/FTLE_2006_OND_dx0.100_dy0.100_dt0.100_grid_ratio0.01077_FTLE.npy

real	2m4.074s
user	0m0.019s
sys	0m0.068s
312
352
Generating /cluster/projects/nn8008k/lluisa/NextSIM/seas//Fmap_10days/FTLE_2006_OND_dx0.100_dy0.100_dt0.100_grid_ratio0.01078_FTLE.npy

real	2m4.724s
user	0m0.021s
sys	0m0.069s
316
356
Generating /cluster/projects/nn8008k/lluisa/NextSIM/seas//Fmap_10days/FTLE_2006_OND_dx0.100_dy0.100_dt0.100_grid_ratio0.01079_FTLE.npy

real	2m5.262s
user	0m0.019s
sys	0m0.070s
320
360
Generating /cluster/projects/nn8008k/lluisa/NextSIM/seas//Fmap_10days/FTLE_2006_OND_dx0.100_dy0.100_dt0.100_grid_ratio0.01080_FTLE.npy

real	2m5.130s
user	0m0.018s
sys	0m0.072s
EBVERSIONNUMACTL=2.0.14
SLURM_JOB_NUM_NODES=1
EBROOTNUMACTL=/cluster/software/numactl/2.0.14-GCCcore-11.3.0
EBDEVELNUMACTL=/cluster/software/numactl/2.0.14-GCCcore-11.3.0/easybuild/numactl-2.0.14-GCCcore-11.3.0-easybuild-devel
OMP_NUM_THREADS=32

Job 6233429 consumed 90.5 billing hours from project nn8008k.

Submitted 2025-05-13T10:35:54; waited 3.0 seconds in the queue after becoming eligible to run.

Requested wallclock time: 6.3 hours
Elapsed wallclock time:   2.8 hours

Job exited normally.

Task and CPU statistics:
ID              CPUs  Tasks  CPU util                Start  Elapsed  Exit status
6233429           32            0.0 %  2025-05-13T10:35:57    2.8 h  0
6233429.batch     32      1     0.0 %  2025-05-13T10:35:57    2.8 h  0
6233429.python    32      1    46.1 %  2025-05-13T10:36:03    0.0 h  0
6233429.python    32      1    58.1 %  2025-05-13T10:38:43    0.0 h  0
6233429.python    32      1    59.0 %  2025-05-13T10:40:49    0.0 h  0
6233429.python    32      1    59.1 %  2025-05-13T10:42:54    0.0 h  0
6233429.python    32      1    58.5 %  2025-05-13T10:44:58    0.0 h  0
6233429.python    32      1    58.0 %  2025-05-13T10:47:03    0.0 h  0
6233429.python    32      1    58.6 %  2025-05-13T10:49:09    0.0 h  0
6233429.python    32      1    59.0 %  2025-05-13T10:51:14    0.0 h  0
6233429.python    32      1    58.1 %  2025-05-13T10:53:18    0.0 h  0
6233429.python    32      1    58.5 %  2025-05-13T10:55:24    0.0 h  0
6233429.python    32      1    58.6 %  2025-05-13T10:57:30    0.0 h  0
6233429.python    32      1    58.7 %  2025-05-13T10:59:35    0.0 h  0
6233429.python    32      1    59.4 %  2025-05-13T11:01:41    0.0 h  0
6233429.python    32      1    58.6 %  2025-05-13T11:03:44    0.0 h  0
6233429.python    32      1    58.6 %  2025-05-13T11:05:49    0.0 h  0
6233429.python    32      1    58.5 %  2025-05-13T11:07:54    0.0 h  0
6233429.python    32      1    58.0 %  2025-05-13T11:09:59    0.0 h  0
6233429.python    32      1    59.0 %  2025-05-13T11:12:05    0.0 h  0
6233429.python    32      1    58.0 %  2025-05-13T11:14:09    0.0 h  0
6233429.python    32      1    58.6 %  2025-05-13T11:16:15    0.0 h  0
6233429.python    32      1    59.0 %  2025-05-13T11:18:20    0.0 h  0
6233429.python    32      1    58.4 %  2025-05-13T11:20:24    0.0 h  0
6233429.python    32      1    58.0 %  2025-05-13T11:22:29    0.0 h  0
6233429.python    32      1    58.7 %  2025-05-13T11:24:35    0.0 h  0
6233429.python    32      1    58.5 %  2025-05-13T11:26:40    0.0 h  0
6233429.python    32      1    59.0 %  2025-05-13T11:28:45    0.0 h  0
6233429.python    32      1    58.1 %  2025-05-13T11:30:49    0.0 h  0
6233429.python    32      1    58.6 %  2025-05-13T11:32:55    0.0 h  0
6233429.python    32      1    58.5 %  2025-05-13T11:35:00    0.0 h  0
6233429.python    32      1    58.5 %  2025-05-13T11:37:05    0.0 h  0
6233429.python    32      1    56.7 %  2025-05-13T11:39:10    0.0 h  0
6233429.python    32      1    55.9 %  2025-05-13T11:41:19    0.0 h  0
6233429.python    32      1    57.6 %  2025-05-13T11:43:30    0.0 h  0
6233429.python    32      1    58.5 %  2025-05-13T11:45:37    0.0 h  0
6233429.python    32      1    58.6 %  2025-05-13T11:47:42    0.0 h  0
6233429.python    32      1    58.5 %  2025-05-13T11:49:47    0.0 h  0
6233429.python    32      1    58.5 %  2025-05-13T11:51:52    0.0 h  0
6233429.python    32      1    58.5 %  2025-05-13T11:53:57    0.0 h  0
6233429.python    32      1    58.9 %  2025-05-13T11:56:02    0.0 h  0
6233429.python    32      1    58.5 %  2025-05-13T11:58:06    0.0 h  0
6233429.python    32      1    58.5 %  2025-05-13T12:00:11    0.0 h  0
6233429.python    32      1    59.0 %  2025-05-13T12:02:16    0.0 h  0
6233429.python    32      1    59.0 %  2025-05-13T12:04:21    0.0 h  0
6233429.python    32      1    58.2 %  2025-05-13T12:06:25    0.0 h  0
6233429.python    32      1    58.1 %  2025-05-13T12:08:31    0.0 h  0
6233429.python    32      1    58.9 %  2025-05-13T12:10:37    0.0 h  0
6233429.python    32      1    58.6 %  2025-05-13T12:12:41    0.0 h  0
6233429.python    32      1    58.0 %  2025-05-13T12:14:46    0.0 h  0
6233429.python    32      1    59.0 %  2025-05-13T12:16:52    0.0 h  0
6233429.python    32      1    58.6 %  2025-05-13T12:18:56    0.0 h  0
6233429.python    32      1    59.0 %  2025-05-13T12:21:02    0.0 h  0
6233429.python    32      1    58.1 %  2025-05-13T12:23:07    0.0 h  0
6233429.python    32      1    59.1 %  2025-05-13T12:25:13    0.0 h  0
6233429.python    32      1    59.0 %  2025-05-13T12:27:18    0.0 h  0
6233429.python    32      1    58.9 %  2025-05-13T12:29:23    0.0 h  0
6233429.python    32      1    58.4 %  2025-05-13T12:31:27    0.0 h  0
6233429.python    32      1    58.5 %  2025-05-13T12:33:32    0.0 h  0
6233429.python    32      1    59.4 %  2025-05-13T12:35:37    0.0 h  0
6233429.python    32      1    58.5 %  2025-05-13T12:37:40    0.0 h  0
6233429.python    32      1    59.0 %  2025-05-13T12:39:45    0.0 h  0
6233429.python    32      1    58.5 %  2025-05-13T12:41:50    0.0 h  0
6233429.python    32      1    59.0 %  2025-05-13T12:43:55    0.0 h  0
6233429.python    32      1    58.1 %  2025-05-13T12:45:59    0.0 h  0
6233429.python    32      1    58.5 %  2025-05-13T12:48:05    0.0 h  0
6233429.python    32      1    58.0 %  2025-05-13T12:50:10    0.0 h  0
6233429.python    32      1    58.5 %  2025-05-13T12:52:16    0.0 h  0
6233429.python    32      1    58.1 %  2025-05-13T12:54:21    0.0 h  0
6233429.python    32      1    58.8 %  2025-05-13T12:56:27    0.0 h  0
6233429.python    32      1    58.5 %  2025-05-13T12:58:32    0.0 h  0
6233429.python    32      1    58.1 %  2025-05-13T13:00:37    0.0 h  0
6233429.python    32      1    58.5 %  2025-05-13T13:02:43    0.0 h  0
6233429.python    32      1    57.6 %  2025-05-13T13:04:48    0.0 h  0
6233429.python    32      1    58.9 %  2025-05-13T13:06:55    0.0 h  0
6233429.python    32      1    59.1 %  2025-05-13T13:09:00    0.0 h  0
6233429.python    32      1    59.0 %  2025-05-13T13:11:04    0.0 h  0
6233429.python    32      1    58.1 %  2025-05-13T13:13:09    0.0 h  0
6233429.python    32      1    58.5 %  2025-05-13T13:15:15    0.0 h  0
6233429.python    32      1    59.0 %  2025-05-13T13:17:20    0.0 h  0
6233429.python    32      1    58.6 %  2025-05-13T13:19:24    0.0 h  0
6233429.python    32      1    58.5 %  2025-05-13T13:21:29    0.0 h  0
6233429.python    32      1    58.6 %  2025-05-13T13:23:34    0.0 h  0

Used CPU time:   2.2 CPU days
Unused CPU time: 1.6 CPU days

Memory statistics, in GiB:
ID               Alloc   Usage
6233429           59.0        
6233429.batch     59.0     0.0
6233429.python    59.0    10.3
6233429.python    59.0     9.7
6233429.python    59.0     9.5
6233429.python    59.0     9.6
6233429.python    59.0     9.7
6233429.python    59.0     9.6
6233429.python    59.0     9.7
6233429.python    59.0     9.6
6233429.python    59.0     9.5
6233429.python    59.0     9.5
6233429.python    59.0     9.7
6233429.python    59.0     9.7
6233429.python    59.0     9.5
6233429.python    59.0     9.8
6233429.python    59.0     9.6
6233429.python    59.0     9.6
6233429.python    59.0     9.5
6233429.python    59.0     9.7
6233429.python    59.0     9.6
6233429.python    59.0     9.7
6233429.python    59.0     9.5
6233429.python    59.0     9.6
6233429.python    59.0     9.7
6233429.python    59.0     9.5
6233429.python    59.0     9.7
6233429.python    59.0     9.6
6233429.python    59.0     9.5
6233429.python    59.0     9.7
6233429.python    59.0     9.4
6233429.python    59.0     9.7
6233429.python    59.0     9.5
6233429.python    59.0    10.0
6233429.python    59.0     9.6
6233429.python    59.0     9.5
6233429.python    59.0     9.6
6233429.python    59.0     9.5
6233429.python    59.0     9.5
6233429.python    59.0     9.6
6233429.python    59.0     9.7
6233429.python    59.0     9.5
6233429.python    59.0     9.4
6233429.python    59.0     9.6
6233429.python    59.0     9.3
6233429.python    59.0     9.4
6233429.python    59.0     9.6
6233429.python    59.0     9.4
6233429.python    59.0     9.6
6233429.python    59.0     9.5
6233429.python    59.0     9.5
6233429.python    59.0     9.6
6233429.python    59.0     9.6
6233429.python    59.0     9.6
6233429.python    59.0     9.6
6233429.python    59.0     9.5
6233429.python    59.0     9.5
6233429.python    59.0     9.6
6233429.python    59.0     9.6
6233429.python    59.0     9.6
6233429.python    59.0     9.7
6233429.python    59.0     9.5
6233429.python    59.0     9.3
6233429.python    59.0     9.6
6233429.python    59.0     9.5
6233429.python    59.0     9.7
6233429.python    59.0     9.5
6233429.python    59.0     9.4
6233429.python    59.0     9.6
6233429.python    59.0     9.6
6233429.python    59.0     9.6
6233429.python    59.0     9.6
6233429.python    59.0     9.5
6233429.python    59.0     9.5
6233429.python    59.0     9.9
6233429.python    59.0     9.5
6233429.python    59.0     9.5
6233429.python    59.0     9.7
6233429.python    59.0     9.5
6233429.python    59.0     9.5
6233429.python    59.0     9.6
6233429.python    59.0     9.7
6233429.python    59.0     9.5

Job 6233429 completed at Tue May 13 13:25:40 CEST 2025
