Starting job 6233415 on c3-5 on fram at Tue May 13 10:35:58 CEST 2025


Currently Loaded Modules:
  1) StdEnv (S)

  Where:
   S:  Module is Sticky, requires --force to unload or purge

 


The following have been reloaded with a version change:
  1) FFTW/3.3.10-GCC-13.3.0 => FFTW/3.3.10-GCC-11.3.0
  2) FlexiBLAS/3.4.4-GCC-13.3.0 => FlexiBLAS/3.2.0-GCC-11.3.0
  3) GCC/13.3.0 => GCC/11.3.0
  4) GCCcore/13.3.0 => GCCcore/11.3.0
  5) OpenBLAS/0.3.27-GCC-13.3.0 => OpenBLAS/0.3.20-GCC-11.3.0
  6) OpenSSL/3 => OpenSSL/1.1
  7) Python/3.12.3-GCCcore-13.3.0 => Python/3.10.4-GCCcore-11.3.0
  8) SQLite/3.45.3-GCCcore-13.3.0 => SQLite/3.38.3-GCCcore-11.3.0
  9) SciPy-bundle/2024.05-gfbf-2024a => SciPy-bundle/2022.05-foss-2022a
 10) Tcl/8.6.14-GCCcore-13.3.0 => Tcl/8.6.12-GCCcore-11.3.0
 11) XZ/5.4.5-GCCcore-13.3.0 => XZ/5.2.5-GCCcore-11.3.0
 12) binutils/2.42-GCCcore-13.3.0 => binutils/2.38-GCCcore-11.3.0
 13) bzip2/1.0.8-GCCcore-13.3.0 => bzip2/1.0.8-GCCcore-11.3.0
 14) gzip/1.13-GCCcore-13.3.0 => gzip/1.12-GCCcore-11.3.0
 15) libffi/3.4.5-GCCcore-13.3.0 => libffi/3.4.2-GCCcore-11.3.0
 16) libreadline/8.2-GCCcore-13.3.0 => libreadline/8.1.2-GCCcore-11.3.0
 17) lz4/1.9.4-GCCcore-13.3.0 => lz4/1.9.3-GCCcore-11.3.0
 18) ncurses/6.5-GCCcore-13.3.0 => ncurses/6.3-GCCcore-11.3.0
 19) pybind11/2.12.0-GCC-13.3.0 => pybind11/2.9.2-GCCcore-11.3.0
 20) zlib/1.3.1-GCCcore-13.3.0 => zlib/1.2.12-GCCcore-11.3.0
 21) zstd/1.5.6-GCCcore-13.3.0 => zstd/1.5.2-GCCcore-11.3.0

0
40
Generating /cluster/projects/nn8008k/lluisa/NextSIM/seas//Fmap_10days/FTLE_2002_JAS_dx0.100_dy0.100_dt0.100_grid_ratio0.0100_FTLE.npy

real	2m39.049s
user	0m0.020s
sys	0m0.048s
4
44
Generating /cluster/projects/nn8008k/lluisa/NextSIM/seas//Fmap_10days/FTLE_2002_JAS_dx0.100_dy0.100_dt0.100_grid_ratio0.0101_FTLE.npy

real	2m7.566s
user	0m0.024s
sys	0m0.062s
8
48
Generating /cluster/projects/nn8008k/lluisa/NextSIM/seas//Fmap_10days/FTLE_2002_JAS_dx0.100_dy0.100_dt0.100_grid_ratio0.0102_FTLE.npy

real	2m5.589s
user	0m0.019s
sys	0m0.062s
12
52
Generating /cluster/projects/nn8008k/lluisa/NextSIM/seas//Fmap_10days/FTLE_2002_JAS_dx0.100_dy0.100_dt0.100_grid_ratio0.0103_FTLE.npy

real	2m5.830s
user	0m0.019s
sys	0m0.063s
16
56
Generating /cluster/projects/nn8008k/lluisa/NextSIM/seas//Fmap_10days/FTLE_2002_JAS_dx0.100_dy0.100_dt0.100_grid_ratio0.0104_FTLE.npy

real	2m6.193s
user	0m0.020s
sys	0m0.061s
20
60
Generating /cluster/projects/nn8008k/lluisa/NextSIM/seas//Fmap_10days/FTLE_2002_JAS_dx0.100_dy0.100_dt0.100_grid_ratio0.0105_FTLE.npy

real	2m5.137s
user	0m0.017s
sys	0m0.063s
24
64
Generating /cluster/projects/nn8008k/lluisa/NextSIM/seas//Fmap_10days/FTLE_2002_JAS_dx0.100_dy0.100_dt0.100_grid_ratio0.0106_FTLE.npy

real	2m7.249s
user	0m0.021s
sys	0m0.059s
28
68
Generating /cluster/projects/nn8008k/lluisa/NextSIM/seas//Fmap_10days/FTLE_2002_JAS_dx0.100_dy0.100_dt0.100_grid_ratio0.0107_FTLE.npy

real	2m5.467s
user	0m0.019s
sys	0m0.059s
32
72
Generating /cluster/projects/nn8008k/lluisa/NextSIM/seas//Fmap_10days/FTLE_2002_JAS_dx0.100_dy0.100_dt0.100_grid_ratio0.0108_FTLE.npy

real	2m5.529s
user	0m0.022s
sys	0m0.060s
36
76
Generating /cluster/projects/nn8008k/lluisa/NextSIM/seas//Fmap_10days/FTLE_2002_JAS_dx0.100_dy0.100_dt0.100_grid_ratio0.0109_FTLE.npy

real	2m5.932s
user	0m0.020s
sys	0m0.061s
40
80
Generating /cluster/projects/nn8008k/lluisa/NextSIM/seas//Fmap_10days/FTLE_2002_JAS_dx0.100_dy0.100_dt0.100_grid_ratio0.01010_FTLE.npy

real	2m4.630s
user	0m0.017s
sys	0m0.062s
44
84
Generating /cluster/projects/nn8008k/lluisa/NextSIM/seas//Fmap_10days/FTLE_2002_JAS_dx0.100_dy0.100_dt0.100_grid_ratio0.01011_FTLE.npy

real	2m5.076s
user	0m0.022s
sys	0m0.057s
48
88
Generating /cluster/projects/nn8008k/lluisa/NextSIM/seas//Fmap_10days/FTLE_2002_JAS_dx0.100_dy0.100_dt0.100_grid_ratio0.01012_FTLE.npy

real	2m5.223s
user	0m0.017s
sys	0m0.065s
52
92
Generating /cluster/projects/nn8008k/lluisa/NextSIM/seas//Fmap_10days/FTLE_2002_JAS_dx0.100_dy0.100_dt0.100_grid_ratio0.01013_FTLE.npy

real	2m5.991s
user	0m0.017s
sys	0m0.069s
56
96
Generating /cluster/projects/nn8008k/lluisa/NextSIM/seas//Fmap_10days/FTLE_2002_JAS_dx0.100_dy0.100_dt0.100_grid_ratio0.01014_FTLE.npy

real	2m5.055s
user	0m0.018s
sys	0m0.063s
60
100
Generating /cluster/projects/nn8008k/lluisa/NextSIM/seas//Fmap_10days/FTLE_2002_JAS_dx0.100_dy0.100_dt0.100_grid_ratio0.01015_FTLE.npy

real	2m7.390s
user	0m0.022s
sys	0m0.056s
64
104
Generating /cluster/projects/nn8008k/lluisa/NextSIM/seas//Fmap_10days/FTLE_2002_JAS_dx0.100_dy0.100_dt0.100_grid_ratio0.01016_FTLE.npy

real	2m5.020s
user	0m0.019s
sys	0m0.061s
68
108
Generating /cluster/projects/nn8008k/lluisa/NextSIM/seas//Fmap_10days/FTLE_2002_JAS_dx0.100_dy0.100_dt0.100_grid_ratio0.01017_FTLE.npy

real	2m4.451s
user	0m0.021s
sys	0m0.061s
72
112
Generating /cluster/projects/nn8008k/lluisa/NextSIM/seas//Fmap_10days/FTLE_2002_JAS_dx0.100_dy0.100_dt0.100_grid_ratio0.01018_FTLE.npy

real	2m5.614s
user	0m0.019s
sys	0m0.058s
76
116
Generating /cluster/projects/nn8008k/lluisa/NextSIM/seas//Fmap_10days/FTLE_2002_JAS_dx0.100_dy0.100_dt0.100_grid_ratio0.01019_FTLE.npy

real	2m4.471s
user	0m0.023s
sys	0m0.058s
80
120
Generating /cluster/projects/nn8008k/lluisa/NextSIM/seas//Fmap_10days/FTLE_2002_JAS_dx0.100_dy0.100_dt0.100_grid_ratio0.01020_FTLE.npy

real	2m6.028s
user	0m0.016s
sys	0m0.064s
84
124
Generating /cluster/projects/nn8008k/lluisa/NextSIM/seas//Fmap_10days/FTLE_2002_JAS_dx0.100_dy0.100_dt0.100_grid_ratio0.01021_FTLE.npy

real	2m5.624s
user	0m0.021s
sys	0m0.058s
88
128
Generating /cluster/projects/nn8008k/lluisa/NextSIM/seas//Fmap_10days/FTLE_2002_JAS_dx0.100_dy0.100_dt0.100_grid_ratio0.01022_FTLE.npy

real	2m6.168s
user	0m0.018s
sys	0m0.060s
92
132
Generating /cluster/projects/nn8008k/lluisa/NextSIM/seas//Fmap_10days/FTLE_2002_JAS_dx0.100_dy0.100_dt0.100_grid_ratio0.01023_FTLE.npy

real	2m5.472s
user	0m0.019s
sys	0m0.062s
96
136
Generating /cluster/projects/nn8008k/lluisa/NextSIM/seas//Fmap_10days/FTLE_2002_JAS_dx0.100_dy0.100_dt0.100_grid_ratio0.01024_FTLE.npy

real	2m5.713s
user	0m0.022s
sys	0m0.058s
100
140
Generating /cluster/projects/nn8008k/lluisa/NextSIM/seas//Fmap_10days/FTLE_2002_JAS_dx0.100_dy0.100_dt0.100_grid_ratio0.01025_FTLE.npy

real	2m5.959s
user	0m0.020s
sys	0m0.060s
104
144
Generating /cluster/projects/nn8008k/lluisa/NextSIM/seas//Fmap_10days/FTLE_2002_JAS_dx0.100_dy0.100_dt0.100_grid_ratio0.01026_FTLE.npy

real	2m7.742s
user	0m0.020s
sys	0m0.059s
108
148
Generating /cluster/projects/nn8008k/lluisa/NextSIM/seas//Fmap_10days/FTLE_2002_JAS_dx0.100_dy0.100_dt0.100_grid_ratio0.01027_FTLE.npy

real	2m5.417s
user	0m0.021s
sys	0m0.055s
112
152
Generating /cluster/projects/nn8008k/lluisa/NextSIM/seas//Fmap_10days/FTLE_2002_JAS_dx0.100_dy0.100_dt0.100_grid_ratio0.01028_FTLE.npy

real	2m7.139s
user	0m0.022s
sys	0m0.057s
116
156
Generating /cluster/projects/nn8008k/lluisa/NextSIM/seas//Fmap_10days/FTLE_2002_JAS_dx0.100_dy0.100_dt0.100_grid_ratio0.01029_FTLE.npy

real	2m6.000s
user	0m0.024s
sys	0m0.054s
120
160
Generating /cluster/projects/nn8008k/lluisa/NextSIM/seas//Fmap_10days/FTLE_2002_JAS_dx0.100_dy0.100_dt0.100_grid_ratio0.01030_FTLE.npy

real	2m5.427s
user	0m0.019s
sys	0m0.058s
124
164
Generating /cluster/projects/nn8008k/lluisa/NextSIM/seas//Fmap_10days/FTLE_2002_JAS_dx0.100_dy0.100_dt0.100_grid_ratio0.01031_FTLE.npy

real	2m6.345s
user	0m0.024s
sys	0m0.055s
128
168
Generating /cluster/projects/nn8008k/lluisa/NextSIM/seas//Fmap_10days/FTLE_2002_JAS_dx0.100_dy0.100_dt0.100_grid_ratio0.01032_FTLE.npy

real	2m5.790s
user	0m0.022s
sys	0m0.056s
132
172
Generating /cluster/projects/nn8008k/lluisa/NextSIM/seas//Fmap_10days/FTLE_2002_JAS_dx0.100_dy0.100_dt0.100_grid_ratio0.01033_FTLE.npy

real	2m6.238s
user	0m0.019s
sys	0m0.058s
136
176
Generating /cluster/projects/nn8008k/lluisa/NextSIM/seas//Fmap_10days/FTLE_2002_JAS_dx0.100_dy0.100_dt0.100_grid_ratio0.01034_FTLE.npy

real	2m5.596s
user	0m0.019s
sys	0m0.061s
140
180
Generating /cluster/projects/nn8008k/lluisa/NextSIM/seas//Fmap_10days/FTLE_2002_JAS_dx0.100_dy0.100_dt0.100_grid_ratio0.01035_FTLE.npy

real	2m6.106s
user	0m0.018s
sys	0m0.059s
144
184
Generating /cluster/projects/nn8008k/lluisa/NextSIM/seas//Fmap_10days/FTLE_2002_JAS_dx0.100_dy0.100_dt0.100_grid_ratio0.01036_FTLE.npy

real	2m7.091s
user	0m0.021s
sys	0m0.068s
148
188
Generating /cluster/projects/nn8008k/lluisa/NextSIM/seas//Fmap_10days/FTLE_2002_JAS_dx0.100_dy0.100_dt0.100_grid_ratio0.01037_FTLE.npy

real	2m4.978s
user	0m0.020s
sys	0m0.060s
152
192
Generating /cluster/projects/nn8008k/lluisa/NextSIM/seas//Fmap_10days/FTLE_2002_JAS_dx0.100_dy0.100_dt0.100_grid_ratio0.01038_FTLE.npy

real	2m7.273s
user	0m0.017s
sys	0m0.061s
156
196
Generating /cluster/projects/nn8008k/lluisa/NextSIM/seas//Fmap_10days/FTLE_2002_JAS_dx0.100_dy0.100_dt0.100_grid_ratio0.01039_FTLE.npy

real	2m6.662s
user	0m0.021s
sys	0m0.063s
160
200
Generating /cluster/projects/nn8008k/lluisa/NextSIM/seas//Fmap_10days/FTLE_2002_JAS_dx0.100_dy0.100_dt0.100_grid_ratio0.01040_FTLE.npy

real	2m5.430s
user	0m0.023s
sys	0m0.060s
164
204
Generating /cluster/projects/nn8008k/lluisa/NextSIM/seas//Fmap_10days/FTLE_2002_JAS_dx0.100_dy0.100_dt0.100_grid_ratio0.01041_FTLE.npy

real	2m4.452s
user	0m0.023s
sys	0m0.060s
168
208
Generating /cluster/projects/nn8008k/lluisa/NextSIM/seas//Fmap_10days/FTLE_2002_JAS_dx0.100_dy0.100_dt0.100_grid_ratio0.01042_FTLE.npy

real	2m4.761s
user	0m0.019s
sys	0m0.064s
172
212
Generating /cluster/projects/nn8008k/lluisa/NextSIM/seas//Fmap_10days/FTLE_2002_JAS_dx0.100_dy0.100_dt0.100_grid_ratio0.01043_FTLE.npy

real	2m4.692s
user	0m0.019s
sys	0m0.061s
176
216
Generating /cluster/projects/nn8008k/lluisa/NextSIM/seas//Fmap_10days/FTLE_2002_JAS_dx0.100_dy0.100_dt0.100_grid_ratio0.01044_FTLE.npy

real	2m5.052s
user	0m0.022s
sys	0m0.059s
180
220
Generating /cluster/projects/nn8008k/lluisa/NextSIM/seas//Fmap_10days/FTLE_2002_JAS_dx0.100_dy0.100_dt0.100_grid_ratio0.01045_FTLE.npy

real	2m5.260s
user	0m0.024s
sys	0m0.057s
184
224
Generating /cluster/projects/nn8008k/lluisa/NextSIM/seas//Fmap_10days/FTLE_2002_JAS_dx0.100_dy0.100_dt0.100_grid_ratio0.01046_FTLE.npy

real	2m7.087s
user	0m0.024s
sys	0m0.058s
188
228
Generating /cluster/projects/nn8008k/lluisa/NextSIM/seas//Fmap_10days/FTLE_2002_JAS_dx0.100_dy0.100_dt0.100_grid_ratio0.01047_FTLE.npy

real	2m5.648s
user	0m0.021s
sys	0m0.061s
192
232
Generating /cluster/projects/nn8008k/lluisa/NextSIM/seas//Fmap_10days/FTLE_2002_JAS_dx0.100_dy0.100_dt0.100_grid_ratio0.01048_FTLE.npy

real	2m6.479s
user	0m0.024s
sys	0m0.057s
196
236
Generating /cluster/projects/nn8008k/lluisa/NextSIM/seas//Fmap_10days/FTLE_2002_JAS_dx0.100_dy0.100_dt0.100_grid_ratio0.01049_FTLE.npy

real	2m5.416s
user	0m0.023s
sys	0m0.057s
200
240
Generating /cluster/projects/nn8008k/lluisa/NextSIM/seas//Fmap_10days/FTLE_2002_JAS_dx0.100_dy0.100_dt0.100_grid_ratio0.01050_FTLE.npy

real	2m4.988s
user	0m0.018s
sys	0m0.062s
204
244
Generating /cluster/projects/nn8008k/lluisa/NextSIM/seas//Fmap_10days/FTLE_2002_JAS_dx0.100_dy0.100_dt0.100_grid_ratio0.01051_FTLE.npy

real	2m5.164s
user	0m0.022s
sys	0m0.067s
208
248
Generating /cluster/projects/nn8008k/lluisa/NextSIM/seas//Fmap_10days/FTLE_2002_JAS_dx0.100_dy0.100_dt0.100_grid_ratio0.01052_FTLE.npy

real	2m6.501s
user	0m0.023s
sys	0m0.061s
212
252
Generating /cluster/projects/nn8008k/lluisa/NextSIM/seas//Fmap_10days/FTLE_2002_JAS_dx0.100_dy0.100_dt0.100_grid_ratio0.01053_FTLE.npy

real	2m5.121s
user	0m0.022s
sys	0m0.055s
216
256
Generating /cluster/projects/nn8008k/lluisa/NextSIM/seas//Fmap_10days/FTLE_2002_JAS_dx0.100_dy0.100_dt0.100_grid_ratio0.01054_FTLE.npy

real	2m5.562s
user	0m0.020s
sys	0m0.063s
220
260
Generating /cluster/projects/nn8008k/lluisa/NextSIM/seas//Fmap_10days/FTLE_2002_JAS_dx0.100_dy0.100_dt0.100_grid_ratio0.01055_FTLE.npy

real	2m4.687s
user	0m0.021s
sys	0m0.068s
224
264
Generating /cluster/projects/nn8008k/lluisa/NextSIM/seas//Fmap_10days/FTLE_2002_JAS_dx0.100_dy0.100_dt0.100_grid_ratio0.01056_FTLE.npy

real	2m5.363s
user	0m0.021s
sys	0m0.065s
228
268
Generating /cluster/projects/nn8008k/lluisa/NextSIM/seas//Fmap_10days/FTLE_2002_JAS_dx0.100_dy0.100_dt0.100_grid_ratio0.01057_FTLE.npy

real	2m5.593s
user	0m0.019s
sys	0m0.061s
232
272
Generating /cluster/projects/nn8008k/lluisa/NextSIM/seas//Fmap_10days/FTLE_2002_JAS_dx0.100_dy0.100_dt0.100_grid_ratio0.01058_FTLE.npy

real	2m5.320s
user	0m0.021s
sys	0m0.060s
236
276
Generating /cluster/projects/nn8008k/lluisa/NextSIM/seas//Fmap_10days/FTLE_2002_JAS_dx0.100_dy0.100_dt0.100_grid_ratio0.01059_FTLE.npy

real	2m5.130s
user	0m0.015s
sys	0m0.062s
240
280
Generating /cluster/projects/nn8008k/lluisa/NextSIM/seas//Fmap_10days/FTLE_2002_JAS_dx0.100_dy0.100_dt0.100_grid_ratio0.01060_FTLE.npy

real	2m4.808s
user	0m0.019s
sys	0m0.065s
244
284
Generating /cluster/projects/nn8008k/lluisa/NextSIM/seas//Fmap_10days/FTLE_2002_JAS_dx0.100_dy0.100_dt0.100_grid_ratio0.01061_FTLE.npy

real	2m6.031s
user	0m0.021s
sys	0m0.059s
248
288
Generating /cluster/projects/nn8008k/lluisa/NextSIM/seas//Fmap_10days/FTLE_2002_JAS_dx0.100_dy0.100_dt0.100_grid_ratio0.01062_FTLE.npy

real	2m4.868s
user	0m0.022s
sys	0m0.056s
252
292
Generating /cluster/projects/nn8008k/lluisa/NextSIM/seas//Fmap_10days/FTLE_2002_JAS_dx0.100_dy0.100_dt0.100_grid_ratio0.01063_FTLE.npy

real	2m5.950s
user	0m0.020s
sys	0m0.061s
256
296
Generating /cluster/projects/nn8008k/lluisa/NextSIM/seas//Fmap_10days/FTLE_2002_JAS_dx0.100_dy0.100_dt0.100_grid_ratio0.01064_FTLE.npy

real	2m7.554s
user	0m0.022s
sys	0m0.059s
260
300
Generating /cluster/projects/nn8008k/lluisa/NextSIM/seas//Fmap_10days/FTLE_2002_JAS_dx0.100_dy0.100_dt0.100_grid_ratio0.01065_FTLE.npy
Traceback (most recent call last):
  File "/cluster/home/llpui9007/Programs/FTLE/FTLEIce.py", line 281, in <module>
    plotpolar_scatter_masked_ftle(X_domain, Y_domain, masked_ftle, time[0], time[-1], results_directory+'/'+str(int(tmin/time_steps_per_day))+"_FTLE.png","viridis",0.4)
TypeError: plotpolar_scatter_masked_ftle() missing 1 required positional argument: 'vmax'
srun: error: c3-5: task 0: Exited with exit code 1
srun: Terminating StepId=6233415.65

real	2m1.109s
user	0m0.020s
sys	0m0.063s

Job 6233415 consumed 74.1 billing hours from project nn8008k.

Submitted 2025-05-13T10:35:54; waited 3.0 seconds in the queue after becoming eligible to run.

Requested wallclock time: 6.3 hours
Elapsed wallclock time:   2.3 hours

Job failed.

Task and CPU statistics:
ID              CPUs  Tasks  CPU util                Start  Elapsed  Exit status
6233415           32            0.0 %  2025-05-13T10:35:57    2.3 h  1
6233415.batch     32      1     0.0 %  2025-05-13T10:35:57    2.3 h  1
6233415.python    32      1    46.2 %  2025-05-13T10:36:03    0.0 h  0
6233415.python    32      1    57.9 %  2025-05-13T10:38:43    0.0 h  0
6233415.python    32      1    58.2 %  2025-05-13T10:40:50    0.0 h  0
6233415.python    32      1    58.7 %  2025-05-13T10:42:56    0.0 h  0
6233415.python    32      1    58.3 %  2025-05-13T10:45:02    0.0 h  0
6233415.python    32      1    58.6 %  2025-05-13T10:47:08    0.0 h  0
6233415.python    32      1    57.9 %  2025-05-13T10:49:13    0.0 h  0
6233415.python    32      1    58.2 %  2025-05-13T10:51:20    0.0 h  0
6233415.python    32      1    58.7 %  2025-05-13T10:53:26    0.0 h  0
6233415.python    32      1    58.2 %  2025-05-13T10:55:31    0.0 h  0
6233415.python    32      1    58.6 %  2025-05-13T10:57:37    0.0 h  0
6233415.python    32      1    58.7 %  2025-05-13T10:59:42    0.0 h  0
6233415.python    32      1    58.6 %  2025-05-13T11:01:47    0.0 h  0
6233415.python    32      1    58.3 %  2025-05-13T11:03:52    0.0 h  0
6233415.python    32      1    58.7 %  2025-05-13T11:05:58    0.0 h  0
6233415.python    32      1    57.5 %  2025-05-13T11:08:03    0.0 h  0
6233415.python    32      1    58.7 %  2025-05-13T11:10:11    0.0 h  0
6233415.python    32      1    59.2 %  2025-05-13T11:12:16    0.0 h  0
6233415.python    32      1    58.3 %  2025-05-13T11:14:20    0.0 h  0
6233415.python    32      1    59.1 %  2025-05-13T11:16:26    0.0 h  0
6233415.python    32      1    58.1 %  2025-05-13T11:18:30    0.0 h  0
6233415.python    32      1    58.1 %  2025-05-13T11:20:36    0.0 h  0
6233415.python    32      1    58.2 %  2025-05-13T11:22:42    0.0 h  0
6233415.python    32      1    58.2 %  2025-05-13T11:24:48    0.0 h  0
6233415.python    32      1    58.6 %  2025-05-13T11:26:54    0.0 h  0
6233415.python    32      1    58.1 %  2025-05-13T11:28:59    0.0 h  0
6233415.python    32      1    57.3 %  2025-05-13T11:31:05    0.0 h  0
6233415.python    32      1    58.6 %  2025-05-13T11:33:13    0.0 h  0
6233415.python    32      1    57.9 %  2025-05-13T11:35:19    0.0 h  0
6233415.python    32      1    58.1 %  2025-05-13T11:37:26    0.0 h  0
6233415.python    32      1    58.8 %  2025-05-13T11:39:32    0.0 h  0
6233415.python    32      1    58.2 %  2025-05-13T11:41:37    0.0 h  0
6233415.python    32      1    58.8 %  2025-05-13T11:43:44    0.0 h  0
6233415.python    32      1    58.3 %  2025-05-13T11:45:49    0.0 h  0
6233415.python    32      1    58.6 %  2025-05-13T11:47:56    0.0 h  0
6233415.python    32      1    58.2 %  2025-05-13T11:50:01    0.0 h  0
6233415.python    32      1    57.8 %  2025-05-13T11:52:07    0.0 h  0
6233415.python    32      1    58.6 %  2025-05-13T11:54:14    0.0 h  0
6233415.python    32      1    57.4 %  2025-05-13T11:56:19    0.0 h  0
6233415.python    32      1    58.2 %  2025-05-13T11:58:27    0.0 h  0
6233415.python    32      1    58.2 %  2025-05-13T12:00:33    0.0 h  0
6233415.python    32      1    59.1 %  2025-05-13T12:02:39    0.0 h  0
6233415.python    32      1    58.6 %  2025-05-13T12:04:43    0.0 h  0
6233415.python    32      1    58.6 %  2025-05-13T12:06:48    0.0 h  0
6233415.python    32      1    58.6 %  2025-05-13T12:08:53    0.0 h  0
6233415.python    32      1    58.6 %  2025-05-13T12:10:58    0.0 h  0
6233415.python    32      1    57.7 %  2025-05-13T12:13:03    0.0 h  0
6233415.python    32      1    58.2 %  2025-05-13T12:15:10    0.0 h  0
6233415.python    32      1    58.1 %  2025-05-13T12:17:16    0.0 h  0
6233415.python    32      1    58.2 %  2025-05-13T12:19:22    0.0 h  0
6233415.python    32      1    58.7 %  2025-05-13T12:21:28    0.0 h  0
6233415.python    32      1    58.6 %  2025-05-13T12:23:33    0.0 h  0
6233415.python    32      1    58.2 %  2025-05-13T12:25:38    0.0 h  0
6233415.python    32      1    58.6 %  2025-05-13T12:27:45    0.0 h  0
6233415.python    32      1    58.7 %  2025-05-13T12:29:50    0.0 h  0
6233415.python    32      1    58.5 %  2025-05-13T12:31:55    0.0 h  0
6233415.python    32      1    58.7 %  2025-05-13T12:34:00    0.0 h  0
6233415.python    32      1    58.2 %  2025-05-13T12:36:05    0.0 h  0
6233415.python    32      1    58.8 %  2025-05-13T12:38:11    0.0 h  0
6233415.python    32      1    58.6 %  2025-05-13T12:40:16    0.0 h  0
6233415.python    32      1    58.6 %  2025-05-13T12:42:21    0.0 h  0
6233415.python    32      1    58.2 %  2025-05-13T12:44:26    0.0 h  0
6233415.python    32      1    58.6 %  2025-05-13T12:46:32    0.0 h  0
6233415.python    32      1    58.3 %  2025-05-13T12:48:37    0.0 h  0
6233415.python    32      1    57.4 %  2025-05-13T12:50:43    0.0 h  0
6233415.python    32      1    60.4 %  2025-05-13T12:52:51    0.0 h  1

Used CPU time:   1.8 CPU days
Unused CPU time: 1.3 CPU days

Memory statistics, in GiB:
ID               Alloc   Usage
6233415           59.0        
6233415.batch     59.0     0.0
6233415.python    59.0    10.3
6233415.python    59.0     9.7
6233415.python    59.0     9.6
6233415.python    59.0     9.6
6233415.python    59.0     9.7
6233415.python    59.0     9.6
6233415.python    59.0     9.6
6233415.python    59.0     9.8
6233415.python    59.0     9.7
6233415.python    59.0     9.6
6233415.python    59.0     9.5
6233415.python    59.0     9.6
6233415.python    59.0     9.6
6233415.python    59.0     9.7
6233415.python    59.0     9.6
6233415.python    59.0    10.1
6233415.python    59.0     9.5
6233415.python    59.0     9.5
6233415.python    59.0     9.6
6233415.python    59.0     9.5
6233415.python    59.0     9.6
6233415.python    59.0     9.6
6233415.python    59.0     9.6
6233415.python    59.0     9.6
6233415.python    59.0     9.6
6233415.python    59.0     9.6
6233415.python    59.0     9.6
6233415.python    59.0     9.5
6233415.python    59.0     9.6
6233415.python    59.0     9.6
6233415.python    59.0     9.8
6233415.python    59.0     9.4
6233415.python    59.0     9.6
6233415.python    59.0     9.8
6233415.python    59.0     9.6
6233415.python    59.0     9.6
6233415.python    59.0     9.6
6233415.python    59.0     9.5
6233415.python    59.0     9.5
6233415.python    59.0     9.6
6233415.python    59.0     9.6
6233415.python    59.0     9.6
6233415.python    59.0     9.5
6233415.python    59.0     9.6
6233415.python    59.0     9.6
6233415.python    59.0     9.6
6233415.python    59.0     9.9
6233415.python    59.0     9.5
6233415.python    59.0     9.7
6233415.python    59.0     9.6
6233415.python    59.0     9.6
6233415.python    59.0     9.5
6233415.python    59.0     9.6
6233415.python    59.0     9.6
6233415.python    59.0     9.6
6233415.python    59.0     9.6
6233415.python    59.0     9.6
6233415.python    59.0     9.6
6233415.python    59.0     9.6
6233415.python    59.0     9.6
6233415.python    59.0     9.6
6233415.python    59.0     9.5
6233415.python    59.0     9.6
6233415.python    59.0     9.6
6233415.python    59.0     9.7
6233415.python    59.0     9.5

Job 6233415 completed at Tue May 13 12:54:52 CEST 2025
