Starting job 6247236 on c54-5 on fram at Mon May 19 15:41:54 CEST 2025


Currently Loaded Modules:
  1) StdEnv (S)

  Where:
   S:  Module is Sticky, requires --force to unload or purge

 


The following have been reloaded with a version change:
  1) GCCcore/13.3.0 => GCCcore/13.2.0
  2) OpenSSL/3 => OpenSSL/1.1
  3) Python/3.12.3-GCCcore-13.3.0 => Python/3.11.5-GCCcore-13.2.0
  4) SQLite/3.45.3-GCCcore-13.3.0 => SQLite/3.43.1-GCCcore-13.2.0
  5) Tcl/8.6.14-GCCcore-13.3.0 => Tcl/8.6.13-GCCcore-13.2.0
  6) XZ/5.4.5-GCCcore-13.3.0 => XZ/5.4.4-GCCcore-13.2.0
  7) binutils/2.42-GCCcore-13.3.0 => binutils/2.40-GCCcore-13.2.0
  8) bzip2/1.0.8-GCCcore-13.3.0 => bzip2/1.0.8-GCCcore-13.2.0
  9) libffi/3.4.5-GCCcore-13.3.0 => libffi/3.4.4-GCCcore-13.2.0
 10) libreadline/8.2-GCCcore-13.3.0 => libreadline/8.2-GCCcore-13.2.0
 11) ncurses/6.5-GCCcore-13.3.0 => ncurses/6.4-GCCcore-13.2.0
 12) zlib/1.3.1-GCCcore-13.3.0 => zlib/1.2.13-GCCcore-13.2.0

slurmstepd: error: execve(): plot_ftle.py: Permission denied
srun: error: c54-5: task 0: Exited with exit code 13
srun: Terminating StepId=6247236.0

real	0m0.190s
user	0m0.013s
sys	0m0.029s

Job 6247236 consumed 0.0 billing hours from project nn8008k.

Submitted 2025-05-19T15:41:53; waited 1.0 seconds in the queue after becoming eligible to run.

Requested wallclock time: 3.0 days
Elapsed wallclock time:   4.0 seconds

Job failed.

Task and CPU statistics:
ID                    CPUs  Tasks  CPU util                Start  Elapsed  Exit status
6247236                 32            0.0 %  2025-05-19T15:41:54    4.0 s  13
6247236.batch           32      1     1.5 %  2025-05-19T15:41:54    4.0 s  13
6247236.plot_ftle.py    32      1     0.0 %  2025-05-19T15:41:58    0.0 s  13

Used CPU time:   1.9 CPU seconds
Unused CPU time: 2.1 CPU minutes

Memory statistics, in GiB:
ID                     Alloc   Usage
6247236                 59.0        
6247236.batch           59.0     0.0
6247236.plot_ftle.py    59.0     0.0

Job 6247236 completed at Mon May 19 15:41:58 CEST 2025
Starting job 6247245 on c54-6 on fram at Mon May 19 15:44:13 CEST 2025


Currently Loaded Modules:
  1) StdEnv (S)

  Where:
   S:  Module is Sticky, requires --force to unload or purge

 


The following have been reloaded with a version change:
  1) GCCcore/13.3.0 => GCCcore/13.2.0
  2) OpenSSL/3 => OpenSSL/1.1
  3) Python/3.12.3-GCCcore-13.3.0 => Python/3.11.5-GCCcore-13.2.0
  4) SQLite/3.45.3-GCCcore-13.3.0 => SQLite/3.43.1-GCCcore-13.2.0
  5) Tcl/8.6.14-GCCcore-13.3.0 => Tcl/8.6.13-GCCcore-13.2.0
  6) XZ/5.4.5-GCCcore-13.3.0 => XZ/5.4.4-GCCcore-13.2.0
  7) binutils/2.42-GCCcore-13.3.0 => binutils/2.40-GCCcore-13.2.0
  8) bzip2/1.0.8-GCCcore-13.3.0 => bzip2/1.0.8-GCCcore-13.2.0
  9) libffi/3.4.5-GCCcore-13.3.0 => libffi/3.4.4-GCCcore-13.2.0
 10) libreadline/8.2-GCCcore-13.3.0 => libreadline/8.2-GCCcore-13.2.0
 11) ncurses/6.5-GCCcore-13.3.0 => ncurses/6.4-GCCcore-13.2.0
 12) zlib/1.3.1-GCCcore-13.3.0 => zlib/1.2.13-GCCcore-13.2.0

slurmstepd: error: execve(): plot_ftle.py: Exec format error
srun: error: c54-6: task 0: Exited with exit code 8
srun: Terminating StepId=6247245.0

real	0m0.224s
user	0m0.014s
sys	0m0.029s

Job 6247245 consumed 0.0 billing hours from project nn8008k.

Submitted 2025-05-19T15:44:12; waited 20227.6 days in the queue after becoming eligible to run.

Requested wallclock time: 0.0 seconds
Elapsed wallclock time:   2.0 seconds

Job failed.

Task and CPU statistics:
ID                    CPUs  Tasks  CPU util                Start  Elapsed  Exit status
6247245                 32            0.0 %  2025-05-19T15:44:13    2.0 s  8
6247245.batch           32      1     3.1 %  2025-05-19T15:44:13    2.0 s  8
6247245.plot_ftle.py    32      1     0.0 %  2025-05-19T15:44:15    0.0 s  8

Used CPU time:   2.0 CPU seconds
Unused CPU time: 1.0 CPU minutes

Memory statistics, in GiB:
ID                     Alloc   Usage
6247245                 59.0        
6247245.batch           59.0     0.0
6247245.plot_ftle.py    59.0     0.0

Job 6247245 completed at Mon May 19 15:44:16 CEST 2025
Starting job 6247253 on c12-1 on fram at Mon May 19 15:45:43 CEST 2025


Currently Loaded Modules:
  1) StdEnv (S)

  Where:
   S:  Module is Sticky, requires --force to unload or purge

 


The following have been reloaded with a version change:
  1) GCCcore/13.3.0 => GCCcore/13.2.0
  2) OpenSSL/3 => OpenSSL/1.1
  3) Python/3.12.3-GCCcore-13.3.0 => Python/3.11.5-GCCcore-13.2.0
  4) SQLite/3.45.3-GCCcore-13.3.0 => SQLite/3.43.1-GCCcore-13.2.0
  5) Tcl/8.6.14-GCCcore-13.3.0 => Tcl/8.6.13-GCCcore-13.2.0
  6) XZ/5.4.5-GCCcore-13.3.0 => XZ/5.4.4-GCCcore-13.2.0
  7) binutils/2.42-GCCcore-13.3.0 => binutils/2.40-GCCcore-13.2.0
  8) bzip2/1.0.8-GCCcore-13.3.0 => bzip2/1.0.8-GCCcore-13.2.0
  9) libffi/3.4.5-GCCcore-13.3.0 => libffi/3.4.4-GCCcore-13.2.0
 10) libreadline/8.2-GCCcore-13.3.0 => libreadline/8.2-GCCcore-13.2.0
 11) ncurses/6.5-GCCcore-13.3.0 => ncurses/6.4-GCCcore-13.2.0
 12) zlib/1.3.1-GCCcore-13.3.0 => zlib/1.2.13-GCCcore-13.2.0

slurmstepd: error: execve(): plot_ftle.py: Permission denied
srun: error: c12-1: task 0: Exited with exit code 13
srun: Terminating StepId=6247253.0

real	0m0.208s
user	0m0.009s
sys	0m0.031s

Job 6247253 consumed 0.0 billing hours from project nn8008k.

Submitted 2025-05-19T15:45:40; waited 3.0 seconds in the queue after becoming eligible to run.

Requested wallclock time: 3.0 days
Elapsed wallclock time:   3.0 seconds

Job failed.

Task and CPU statistics:
ID                    CPUs  Tasks  CPU util                Start  Elapsed  Exit status
6247253                 32            0.0 %  2025-05-19T15:45:43    3.0 s  13
6247253.batch           32      1     2.0 %  2025-05-19T15:45:43    3.0 s  13
6247253.plot_ftle.py    32      1     0.0 %  2025-05-19T15:45:46    0.0 s  13

Used CPU time:   1.9 CPU seconds
Unused CPU time: 1.6 CPU minutes

Memory statistics, in GiB:
ID                     Alloc   Usage
6247253                 59.0        
6247253.batch           59.0     0.0
6247253.plot_ftle.py    59.0     0.0

Job 6247253 completed at Mon May 19 15:45:46 CEST 2025
Starting job 6247263 on c54-10 on fram at Mon May 19 15:53:21 CEST 2025


Currently Loaded Modules:
  1) StdEnv (S)

  Where:
   S:  Module is Sticky, requires --force to unload or purge

 


The following have been reloaded with a version change:
  1) GCCcore/13.3.0 => GCCcore/13.2.0
  2) OpenSSL/3 => OpenSSL/1.1
  3) Python/3.12.3-GCCcore-13.3.0 => Python/3.11.5-GCCcore-13.2.0
  4) SQLite/3.45.3-GCCcore-13.3.0 => SQLite/3.43.1-GCCcore-13.2.0
  5) Tcl/8.6.14-GCCcore-13.3.0 => Tcl/8.6.13-GCCcore-13.2.0
  6) XZ/5.4.5-GCCcore-13.3.0 => XZ/5.4.4-GCCcore-13.2.0
  7) binutils/2.42-GCCcore-13.3.0 => binutils/2.40-GCCcore-13.2.0
  8) bzip2/1.0.8-GCCcore-13.3.0 => bzip2/1.0.8-GCCcore-13.2.0
  9) libffi/3.4.5-GCCcore-13.3.0 => libffi/3.4.4-GCCcore-13.2.0
 10) libreadline/8.2-GCCcore-13.3.0 => libreadline/8.2-GCCcore-13.2.0
 11) ncurses/6.5-GCCcore-13.3.0 => ncurses/6.4-GCCcore-13.2.0
 12) zlib/1.3.1-GCCcore-13.3.0 => zlib/1.2.13-GCCcore-13.2.0

slurmstepd: error: execve(): plot_ftle.py: Permission denied
srun: error: c54-10: task 0: Exited with exit code 13
srun: Terminating StepId=6247263.0

real	0m0.225s
user	0m0.009s
sys	0m0.032s

Job 6247263 consumed 0.0 billing hours from project nn8008k.

Submitted 2025-05-19T15:53:19; waited 2.0 seconds in the queue after becoming eligible to run.

Requested wallclock time: 3.0 days
Elapsed wallclock time:   3.0 seconds

Job failed.

Task and CPU statistics:
ID                    CPUs  Tasks  CPU util                Start  Elapsed  Exit status
6247263                 32            0.0 %  2025-05-19T15:53:21    3.0 s  13
6247263.batch           32      1     2.0 %  2025-05-19T15:53:21    3.0 s  13
6247263.plot_ftle.py    32      1     0.0 %  2025-05-19T15:53:23    1.0 s  13

Used CPU time:   1.9 CPU seconds
Unused CPU time: 1.6 CPU minutes

Memory statistics, in GiB:
ID                     Alloc   Usage
6247263                 59.0        
6247263.batch           59.0     0.0
6247263.plot_ftle.py    59.0     0.0

Job 6247263 completed at Mon May 19 15:53:24 CEST 2025
Starting job 6260984 on c52-10 on fram at Sun Jun 1 21:26:51 CEST 2025


Currently Loaded Modules:
  1) StdEnv (S)

  Where:
   S:  Module is Sticky, requires --force to unload or purge

 


The following have been reloaded with a version change:
  1) GCCcore/13.3.0 => GCCcore/13.2.0
  2) OpenSSL/3 => OpenSSL/1.1
  3) Python/3.12.3-GCCcore-13.3.0 => Python/3.11.5-GCCcore-13.2.0
  4) SQLite/3.45.3-GCCcore-13.3.0 => SQLite/3.43.1-GCCcore-13.2.0
  5) Tcl/8.6.14-GCCcore-13.3.0 => Tcl/8.6.13-GCCcore-13.2.0
  6) XZ/5.4.5-GCCcore-13.3.0 => XZ/5.4.4-GCCcore-13.2.0
  7) binutils/2.42-GCCcore-13.3.0 => binutils/2.40-GCCcore-13.2.0
  8) bzip2/1.0.8-GCCcore-13.3.0 => bzip2/1.0.8-GCCcore-13.2.0
  9) libffi/3.4.5-GCCcore-13.3.0 => libffi/3.4.4-GCCcore-13.2.0
 10) libreadline/8.2-GCCcore-13.3.0 => libreadline/8.2-GCCcore-13.2.0
 11) ncurses/6.5-GCCcore-13.3.0 => ncurses/6.4-GCCcore-13.2.0
 12) zlib/1.3.1-GCCcore-13.3.0 => zlib/1.2.13-GCCcore-13.2.0

slurmstepd: error: execve(): plot_ftle.py: Permission denied
srun: error: c52-10: task 0: Exited with exit code 13
srun: Terminating StepId=6260984.0

real	0m0.205s
user	0m0.011s
sys	0m0.032s

Job 6260984 consumed 0.0 billing hours from project nn8008k.

Submitted 2025-06-01T21:26:48; waited 3.0 seconds in the queue after becoming eligible to run.

Requested wallclock time: 3.0 days
Elapsed wallclock time:   2.0 seconds

Job failed.

Task and CPU statistics:
ID                    CPUs  Tasks  CPU util                Start  Elapsed  Exit status
6260984                 32            0.0 %  2025-06-01T21:26:51    2.0 s  13
6260984.batch           32      1     3.0 %  2025-06-01T21:26:51    2.0 s  13
6260984.plot_ftle.py    32      1     0.0 %  2025-06-01T21:26:53    0.0 s  13

Used CPU time:   1.9 CPU seconds
Unused CPU time: 1.0 CPU minutes

Memory statistics, in GiB:
ID                     Alloc   Usage
6260984                 59.0        
6260984.batch           59.0     0.0
6260984.plot_ftle.py    59.0     0.0

Job 6260984 completed at Sun Jun 1 21:26:54 CEST 2025
Starting job 6261244 on c10-11 on fram at Mon Jun 2 11:18:11 CEST 2025


Currently Loaded Modules:
  1) StdEnv (S)

  Where:
   S:  Module is Sticky, requires --force to unload or purge

 


The following have been reloaded with a version change:
  1) GCCcore/13.3.0 => GCCcore/13.2.0
  2) OpenSSL/3 => OpenSSL/1.1
  3) Python/3.12.3-GCCcore-13.3.0 => Python/3.11.5-GCCcore-13.2.0
  4) SQLite/3.45.3-GCCcore-13.3.0 => SQLite/3.43.1-GCCcore-13.2.0
  5) Tcl/8.6.14-GCCcore-13.3.0 => Tcl/8.6.13-GCCcore-13.2.0
  6) XZ/5.4.5-GCCcore-13.3.0 => XZ/5.4.4-GCCcore-13.2.0
  7) binutils/2.42-GCCcore-13.3.0 => binutils/2.40-GCCcore-13.2.0
  8) bzip2/1.0.8-GCCcore-13.3.0 => bzip2/1.0.8-GCCcore-13.2.0
  9) libffi/3.4.5-GCCcore-13.3.0 => libffi/3.4.4-GCCcore-13.2.0
 10) libreadline/8.2-GCCcore-13.3.0 => libreadline/8.2-GCCcore-13.2.0
 11) ncurses/6.5-GCCcore-13.3.0 => ncurses/6.4-GCCcore-13.2.0
 12) zlib/1.3.1-GCCcore-13.3.0 => zlib/1.2.13-GCCcore-13.2.0

slurmstepd: error: execve(): plot_ftle.py: Permission denied
srun: error: c10-11: task 0: Exited with exit code 13
srun: Terminating StepId=6261244.0

real	0m1.937s
user	0m0.016s
sys	0m0.028s

Job 6261244 consumed 0.0 billing hours from project nn8008k.

Submitted 2025-06-02T11:18:10; waited 1.0 seconds in the queue after becoming eligible to run.

Requested wallclock time: 3.0 days
Elapsed wallclock time:   5.0 seconds

Job failed.

Task and CPU statistics:
ID                    CPUs  Tasks  CPU util                Start  Elapsed  Exit status
6261244                 32            0.0 %  2025-06-02T11:18:11    5.0 s  13
6261244.batch           32      1     1.2 %  2025-06-02T11:18:11    5.0 s  13
6261244.plot_ftle.py    32      1     0.0 %  2025-06-02T11:18:14    2.0 s  13

Used CPU time:   1.9 CPU seconds
Unused CPU time: 2.6 CPU minutes

Memory statistics, in GiB:
ID                     Alloc   Usage
6261244                 59.0        
6261244.batch           59.0     0.0
6261244.plot_ftle.py    59.0     0.0

Job 6261244 completed at Mon Jun 2 11:18:16 CEST 2025
Starting job 6261441 on c85-4 on fram at Mon Jun 2 16:16:02 CEST 2025


Currently Loaded Modules:
  1) StdEnv (S)

  Where:
   S:  Module is Sticky, requires --force to unload or purge

 


The following have been reloaded with a version change:
  1) FFTW/3.3.10-GCC-13.3.0 => FFTW/3.3.10-GCC-11.3.0
  2) FlexiBLAS/3.4.4-GCC-13.3.0 => FlexiBLAS/3.2.0-GCC-11.3.0
  3) GCC/13.3.0 => GCC/11.3.0
  4) GCCcore/13.3.0 => GCCcore/11.3.0
  5) OpenBLAS/0.3.27-GCC-13.3.0 => OpenBLAS/0.3.20-GCC-11.3.0
  6) OpenSSL/3 => OpenSSL/1.1
  7) Python/3.12.3-GCCcore-13.3.0 => Python/3.10.4-GCCcore-11.3.0
  8) SQLite/3.45.3-GCCcore-13.3.0 => SQLite/3.38.3-GCCcore-11.3.0
  9) SciPy-bundle/2024.05-gfbf-2024a => SciPy-bundle/2022.05-foss-2022a
 10) Tcl/8.6.14-GCCcore-13.3.0 => Tcl/8.6.12-GCCcore-11.3.0
 11) XZ/5.4.5-GCCcore-13.3.0 => XZ/5.2.5-GCCcore-11.3.0
 12) binutils/2.42-GCCcore-13.3.0 => binutils/2.38-GCCcore-11.3.0
 13) bzip2/1.0.8-GCCcore-13.3.0 => bzip2/1.0.8-GCCcore-11.3.0
 14) gzip/1.13-GCCcore-13.3.0 => gzip/1.12-GCCcore-11.3.0
 15) libffi/3.4.5-GCCcore-13.3.0 => libffi/3.4.2-GCCcore-11.3.0
 16) libreadline/8.2-GCCcore-13.3.0 => libreadline/8.1.2-GCCcore-11.3.0
 17) lz4/1.9.4-GCCcore-13.3.0 => lz4/1.9.3-GCCcore-11.3.0
 18) ncurses/6.5-GCCcore-13.3.0 => ncurses/6.3-GCCcore-11.3.0
 19) pybind11/2.12.0-GCC-13.3.0 => pybind11/2.9.2-GCCcore-11.3.0
 20) zlib/1.3.1-GCCcore-13.3.0 => zlib/1.2.12-GCCcore-11.3.0
 21) zstd/1.5.6-GCCcore-13.3.0 => zstd/1.5.2-GCCcore-11.3.0

Traceback (most recent call last):
  File "/cluster/work/users/llpui9007/ndaily_runs/ftle/plot_ftle.py", line 188, in <module>
    FTLE = np.load(dir+str(tmin)+"_FTLE.npy")
  File "/cluster/software/SciPy-bundle/2022.05-foss-2022a/lib/python3.10/site-packages/numpy/lib/npyio.py", line 407, in load
    fid = stack.enter_context(open(os_fspath(file), "rb"))
FileNotFoundError: [Errno 2] No such file or directory: '/cluster/projects/nn8008k/lluisa/NextSIM/seas/Fmap_10days/cleaned_FTLE_2010_JAS_dx0.100_dy0.100_dt0.100_grid_ratio0.010/81_FTLE.npy'
srun: error: c85-4: task 9: Exited with exit code 1
srun: Terminating StepId=6261441.0
slurmstepd: error: *** STEP 6261441.0 ON c85-4 CANCELLED AT 2025-06-02T16:30:27 ***
srun: error: c85-4: tasks 0-8,10-31: Terminated
srun: Force Terminated StepId=6261441.0

real	14m19.908s
user	0m0.023s
sys	0m0.056s

Job 6261441 consumed 7.7 billing hours from project nn8008k.

Submitted 2025-06-02T16:15:59; waited 3.0 seconds in the queue after becoming eligible to run.

Requested wallclock time: 3.0 days
Elapsed wallclock time:   14.4 minutes

Job failed.

Task and CPU statistics:
ID                    CPUs  Tasks  CPU util                Start  Elapsed  Exit status
6261441                 32            0.0 %  2025-06-02T16:16:02  865.0 s  143 (command killed by signal 15)
6261441.batch           32      1     0.0 %  2025-06-02T16:16:02  865.0 s  143 (command killed by signal 15)
6261441.plot_ftle.py    32     32    99.1 %  2025-06-02T16:16:07  860.0 s  Signal 15

Used CPU time:   7.6 CPU hours
Unused CPU time: 6.7 CPU minutes

Memory statistics, in GiB:
ID                     Alloc   Usage
6261441                 59.0        
6261441.batch           59.0     0.0
6261441.plot_ftle.py    59.0    25.9

Job 6261441 completed at Mon Jun 2 16:30:27 CEST 2025
