Starting job 6259392 on c4-8 on fram at Tue May 27 23:17:43 CEST 2025


Currently Loaded Modules:
  1) StdEnv (S)

  Where:
   S:  Module is Sticky, requires --force to unload or purge

 


The following have been reloaded with a version change:
  1) FFTW/3.3.10-GCC-13.3.0 => FFTW/3.3.10-GCC-11.3.0
  2) FlexiBLAS/3.4.4-GCC-13.3.0 => FlexiBLAS/3.2.0-GCC-11.3.0
  3) GCC/13.3.0 => GCC/11.3.0
  4) GCCcore/13.3.0 => GCCcore/11.3.0
  5) OpenBLAS/0.3.27-GCC-13.3.0 => OpenBLAS/0.3.20-GCC-11.3.0
  6) OpenSSL/3 => OpenSSL/1.1
  7) Python/3.12.3-GCCcore-13.3.0 => Python/3.10.4-GCCcore-11.3.0
  8) SQLite/3.45.3-GCCcore-13.3.0 => SQLite/3.38.3-GCCcore-11.3.0
  9) SciPy-bundle/2024.05-gfbf-2024a => SciPy-bundle/2022.05-foss-2022a
 10) Tcl/8.6.14-GCCcore-13.3.0 => Tcl/8.6.12-GCCcore-11.3.0
 11) XZ/5.4.5-GCCcore-13.3.0 => XZ/5.2.5-GCCcore-11.3.0
 12) binutils/2.42-GCCcore-13.3.0 => binutils/2.38-GCCcore-11.3.0
 13) bzip2/1.0.8-GCCcore-13.3.0 => bzip2/1.0.8-GCCcore-11.3.0
 14) gzip/1.13-GCCcore-13.3.0 => gzip/1.12-GCCcore-11.3.0
 15) libffi/3.4.5-GCCcore-13.3.0 => libffi/3.4.2-GCCcore-11.3.0
 16) libreadline/8.2-GCCcore-13.3.0 => libreadline/8.1.2-GCCcore-11.3.0
 17) lz4/1.9.4-GCCcore-13.3.0 => lz4/1.9.3-GCCcore-11.3.0
 18) ncurses/6.5-GCCcore-13.3.0 => ncurses/6.3-GCCcore-11.3.0
 19) pybind11/2.12.0-GCC-13.3.0 => pybind11/2.9.2-GCCcore-11.3.0
 20) zlib/1.3.1-GCCcore-13.3.0 => zlib/1.2.12-GCCcore-11.3.0
 21) zstd/1.5.6-GCCcore-13.3.0 => zstd/1.5.2-GCCcore-11.3.0

Processing year: 2010, period: OND, time: 0

real	0m18.365s
user	0m0.018s
sys	0m0.041s
Processing year: 2010, period: OND, time: 4

real	0m13.151s
user	0m0.022s
sys	0m0.059s
Processing year: 2010, period: OND, time: 8

real	0m13.283s
user	0m0.025s
sys	0m0.052s
Processing year: 2010, period: OND, time: 12

real	0m12.874s
user	0m0.019s
sys	0m0.064s
Processing year: 2010, period: OND, time: 16

real	0m11.799s
user	0m0.019s
sys	0m0.058s
Processing year: 2010, period: OND, time: 20

real	0m12.834s
user	0m0.020s
sys	0m0.052s
Processing year: 2010, period: OND, time: 24

real	0m12.932s
user	0m0.017s
sys	0m0.060s
Processing year: 2010, period: OND, time: 28

real	0m12.818s
user	0m0.021s
sys	0m0.060s
Processing year: 2010, period: OND, time: 32

real	0m14.047s
user	0m0.025s
sys	0m0.065s
Processing year: 2010, period: OND, time: 36
Traceback (most recent call last):
  File "/cluster/work/users/llpui9007/ndaily_runs/similarity/clean_Fmap.py", line 154, in <module>
    W_disp_cleaned = cleaner(n,n_cleaned,kill_trajectories,W_disp)
NameError: name 'W_disp' is not defined
srun: error: c4-8: task 0: Exited with exit code 1
srun: Terminating StepId=6259392.9

real	0m12.436s
user	0m0.018s
sys	0m0.061s

Job 6259392 consumed 1.2 billing hours from project nn8008k.

Submitted 2025-05-27T23:17:42; waited 1.0 seconds in the queue after becoming eligible to run.

Requested wallclock time: 6.3 hours
Elapsed wallclock time:   2.3 minutes

Job failed.

Task and CPU statistics:
ID              CPUs  Tasks  CPU util                Start  Elapsed  Exit status
6259392           32            0.0 %  2025-05-27T23:17:43  139.0 s  1
6259392.batch     32      1     0.1 %  2025-05-27T23:17:43  139.0 s  1
6259392.python    32      1     4.7 %  2025-05-27T23:17:48   18.0 s  0
6259392.python    32      1     6.0 %  2025-05-27T23:18:06   13.0 s  0
6259392.python    32      1     6.0 %  2025-05-27T23:18:20   13.0 s  0
6259392.python    32      1     6.0 %  2025-05-27T23:18:33   13.0 s  0
6259392.python    32      1     7.3 %  2025-05-27T23:18:46   11.0 s  0
6259392.python    32      1     6.5 %  2025-05-27T23:18:58   12.0 s  0
6259392.python    32      1     6.3 %  2025-05-27T23:19:10   13.0 s  0
6259392.python    32      1     6.0 %  2025-05-27T23:19:23   13.0 s  0
6259392.python    32      1     5.8 %  2025-05-27T23:19:36   14.0 s  0
6259392.python    32      1     6.8 %  2025-05-27T23:19:50   12.0 s  1

Used CPU time:   4.3 CPU minutes
Unused CPU time: 1.2 CPU hours

Memory statistics, in GiB:
ID               Alloc   Usage
6259392           59.0        
6259392.batch     59.0     0.0
6259392.python    59.0     0.7
6259392.python    59.0     0.2
6259392.python    59.0     0.2
6259392.python    59.0     0.2
6259392.python    59.0     0.1
6259392.python    59.0     0.2
6259392.python    59.0     0.2
6259392.python    59.0     0.2
6259392.python    59.0     0.2
6259392.python    59.0     0.1

Job 6259392 completed at Tue May 27 23:20:03 CEST 2025
Starting job 6259436 on c42-10 on fram at Tue May 27 23:22:41 CEST 2025


Currently Loaded Modules:
  1) StdEnv (S)

  Where:
   S:  Module is Sticky, requires --force to unload or purge

 


The following have been reloaded with a version change:
  1) FFTW/3.3.10-GCC-13.3.0 => FFTW/3.3.10-GCC-11.3.0
  2) FlexiBLAS/3.4.4-GCC-13.3.0 => FlexiBLAS/3.2.0-GCC-11.3.0
  3) GCC/13.3.0 => GCC/11.3.0
  4) GCCcore/13.3.0 => GCCcore/11.3.0
  5) OpenBLAS/0.3.27-GCC-13.3.0 => OpenBLAS/0.3.20-GCC-11.3.0
  6) OpenSSL/3 => OpenSSL/1.1
  7) Python/3.12.3-GCCcore-13.3.0 => Python/3.10.4-GCCcore-11.3.0
  8) SQLite/3.45.3-GCCcore-13.3.0 => SQLite/3.38.3-GCCcore-11.3.0
  9) SciPy-bundle/2024.05-gfbf-2024a => SciPy-bundle/2022.05-foss-2022a
 10) Tcl/8.6.14-GCCcore-13.3.0 => Tcl/8.6.12-GCCcore-11.3.0
 11) XZ/5.4.5-GCCcore-13.3.0 => XZ/5.2.5-GCCcore-11.3.0
 12) binutils/2.42-GCCcore-13.3.0 => binutils/2.38-GCCcore-11.3.0
 13) bzip2/1.0.8-GCCcore-13.3.0 => bzip2/1.0.8-GCCcore-11.3.0
 14) gzip/1.13-GCCcore-13.3.0 => gzip/1.12-GCCcore-11.3.0
 15) libffi/3.4.5-GCCcore-13.3.0 => libffi/3.4.2-GCCcore-11.3.0
 16) libreadline/8.2-GCCcore-13.3.0 => libreadline/8.1.2-GCCcore-11.3.0
 17) lz4/1.9.4-GCCcore-13.3.0 => lz4/1.9.3-GCCcore-11.3.0
 18) ncurses/6.5-GCCcore-13.3.0 => ncurses/6.3-GCCcore-11.3.0
 19) pybind11/2.12.0-GCC-13.3.0 => pybind11/2.9.2-GCCcore-11.3.0
 20) zlib/1.3.1-GCCcore-13.3.0 => zlib/1.2.12-GCCcore-11.3.0
 21) zstd/1.5.6-GCCcore-13.3.0 => zstd/1.5.2-GCCcore-11.3.0

Processing year: 2010, period: OND, time: 0

real	0m18.394s
user	0m0.020s
sys	0m0.044s
Processing year: 2010, period: OND, time: 4

real	0m12.717s
user	0m0.019s
sys	0m0.056s
Processing year: 2010, period: OND, time: 8

real	0m11.756s
user	0m0.018s
sys	0m0.058s
Processing year: 2010, period: OND, time: 12

real	0m12.337s
user	0m0.023s
sys	0m0.048s
Processing year: 2010, period: OND, time: 16

real	0m13.068s
user	0m0.021s
sys	0m0.065s
Processing year: 2010, period: OND, time: 20

real	0m12.581s
user	0m0.021s
sys	0m0.054s
Processing year: 2010, period: OND, time: 24

real	0m12.695s
user	0m0.013s
sys	0m0.063s
Processing year: 2010, period: OND, time: 28

real	0m12.758s
user	0m0.017s
sys	0m0.058s
Processing year: 2010, period: OND, time: 32

real	0m12.745s
user	0m0.017s
sys	0m0.059s
Processing year: 2010, period: OND, time: 36

real	0m13.097s
user	0m0.018s
sys	0m0.058s
Processing year: 2010, period: OND, time: 40

real	0m11.565s
user	0m0.018s
sys	0m0.057s
Processing year: 2010, period: OND, time: 44

real	0m12.627s
user	0m0.019s
sys	0m0.064s
Processing year: 2010, period: OND, time: 48

real	0m13.032s
user	0m0.015s
sys	0m0.059s
Processing year: 2010, period: OND, time: 52

real	0m13.119s
user	0m0.020s
sys	0m0.055s
Processing year: 2010, period: OND, time: 56

real	0m12.966s
user	0m0.020s
sys	0m0.057s
Processing year: 2010, period: OND, time: 60

real	0m12.941s
user	0m0.021s
sys	0m0.056s
Processing year: 2010, period: OND, time: 64

real	0m13.087s
user	0m0.021s
sys	0m0.054s
Processing year: 2010, period: OND, time: 68

real	0m13.312s
user	0m0.016s
sys	0m0.059s
Processing year: 2010, period: OND, time: 72

real	0m12.945s
user	0m0.019s
sys	0m0.055s
Processing year: 2010, period: OND, time: 76

real	0m13.400s
user	0m0.018s
sys	0m0.059s
Processing year: 2010, period: OND, time: 80

real	0m13.507s
user	0m0.020s
sys	0m0.054s
Processing year: 2010, period: OND, time: 84

real	0m13.292s
user	0m0.021s
sys	0m0.055s
Processing year: 2010, period: OND, time: 88

real	0m13.311s
user	0m0.018s
sys	0m0.060s
Processing year: 2010, period: OND, time: 92

real	0m13.656s
user	0m0.016s
sys	0m0.062s
Processing year: 2010, period: OND, time: 96

real	0m13.305s
user	0m0.018s
sys	0m0.062s
Processing year: 2010, period: OND, time: 100

real	0m13.426s
user	0m0.017s
sys	0m0.058s
Processing year: 2010, period: OND, time: 104

real	0m13.644s
user	0m0.017s
sys	0m0.058s
Processing year: 2010, period: OND, time: 108

real	0m13.798s
user	0m0.018s
sys	0m0.058s
Processing year: 2010, period: OND, time: 112

real	0m13.757s
user	0m0.018s
sys	0m0.057s
Processing year: 2010, period: OND, time: 116

real	0m14.369s
user	0m0.014s
sys	0m0.061s
Processing year: 2010, period: OND, time: 120

real	0m13.486s
user	0m0.018s
sys	0m0.069s
Processing year: 2010, period: OND, time: 124

real	0m13.958s
user	0m0.020s
sys	0m0.065s
Processing year: 2010, period: OND, time: 128

real	0m13.985s
user	0m0.022s
sys	0m0.055s
Processing year: 2010, period: OND, time: 132

real	0m14.190s
user	0m0.022s
sys	0m0.053s
Processing year: 2010, period: OND, time: 136

real	0m13.945s
user	0m0.020s
sys	0m0.055s
Processing year: 2010, period: OND, time: 140

real	0m14.123s
user	0m0.017s
sys	0m0.061s
Processing year: 2010, period: OND, time: 144

real	0m14.010s
user	0m0.020s
sys	0m0.057s
Processing year: 2010, period: OND, time: 148

real	0m13.897s
user	0m0.021s
sys	0m0.054s
Processing year: 2010, period: OND, time: 152

real	0m13.353s
user	0m0.019s
sys	0m0.057s
Processing year: 2010, period: OND, time: 156

real	0m14.673s
user	0m0.018s
sys	0m0.051s
Processing year: 2010, period: OND, time: 160

real	0m14.179s
user	0m0.023s
sys	0m0.054s
Processing year: 2010, period: OND, time: 164

real	0m14.315s
user	0m0.022s
sys	0m0.052s
Processing year: 2010, period: OND, time: 168

real	0m14.291s
user	0m0.022s
sys	0m0.052s
Processing year: 2010, period: OND, time: 172

real	0m14.814s
user	0m0.016s
sys	0m0.064s
Processing year: 2010, period: OND, time: 176

real	0m14.504s
user	0m0.022s
sys	0m0.067s
Processing year: 2010, period: OND, time: 180

real	0m14.148s
user	0m0.014s
sys	0m0.063s
Processing year: 2010, period: OND, time: 184

real	0m14.411s
user	0m0.021s
sys	0m0.058s
Processing year: 2010, period: OND, time: 188

real	0m14.222s
user	0m0.018s
sys	0m0.059s
Processing year: 2010, period: OND, time: 192

real	0m14.587s
user	0m0.018s
sys	0m0.066s
Processing year: 2010, period: OND, time: 196

real	0m14.316s
user	0m0.018s
sys	0m0.057s
Processing year: 2010, period: OND, time: 200

real	0m13.663s
user	0m0.022s
sys	0m0.068s
Processing year: 2010, period: OND, time: 204

real	0m13.880s
user	0m0.018s
sys	0m0.049s
Processing year: 2010, period: OND, time: 208

real	0m14.479s
user	0m0.019s
sys	0m0.049s
Processing year: 2010, period: OND, time: 212

real	0m13.963s
user	0m0.015s
sys	0m0.060s
Processing year: 2010, period: OND, time: 216

real	0m14.397s
user	0m0.021s
sys	0m0.047s
Processing year: 2010, period: OND, time: 220

real	0m14.915s
user	0m0.019s
sys	0m0.059s
Processing year: 2010, period: OND, time: 224

real	0m15.046s
user	0m0.013s
sys	0m0.061s
Processing year: 2010, period: OND, time: 228

real	0m15.148s
user	0m0.022s
sys	0m0.054s
Processing year: 2010, period: OND, time: 232

real	0m14.846s
user	0m0.020s
sys	0m0.055s
Processing year: 2010, period: OND, time: 236

real	0m14.669s
user	0m0.016s
sys	0m0.062s
Processing year: 2010, period: OND, time: 240

real	0m14.596s
user	0m0.021s
sys	0m0.051s
Processing year: 2010, period: OND, time: 244

real	0m15.085s
user	0m0.025s
sys	0m0.049s
Processing year: 2010, period: OND, time: 248

real	0m15.247s
user	0m0.016s
sys	0m0.059s
Processing year: 2010, period: OND, time: 252

real	0m14.853s
user	0m0.020s
sys	0m0.056s
Processing year: 2010, period: OND, time: 256

real	0m13.929s
user	0m0.017s
sys	0m0.058s
Processing year: 2010, period: OND, time: 260

real	0m14.789s
user	0m0.017s
sys	0m0.060s
Processing year: 2010, period: OND, time: 264

real	0m14.790s
user	0m0.017s
sys	0m0.061s
Processing year: 2010, period: OND, time: 268

real	0m14.992s
user	0m0.018s
sys	0m0.058s
Processing year: 2010, period: OND, time: 272

real	0m14.938s
user	0m0.018s
sys	0m0.066s
Processing year: 2010, period: OND, time: 276

real	0m14.945s
user	0m0.019s
sys	0m0.055s
Processing year: 2010, period: OND, time: 280

real	0m15.095s
user	0m0.016s
sys	0m0.066s
Processing year: 2010, period: OND, time: 284

real	0m14.897s
user	0m0.016s
sys	0m0.066s
Processing year: 2010, period: OND, time: 288

real	0m14.236s
user	0m0.022s
sys	0m0.061s
Processing year: 2010, period: OND, time: 292

real	0m15.364s
user	0m0.020s
sys	0m0.049s
Processing year: 2010, period: OND, time: 296

real	0m15.150s
user	0m0.019s
sys	0m0.056s
Processing year: 2010, period: OND, time: 300

real	0m15.712s
user	0m0.020s
sys	0m0.071s
Processing year: 2010, period: OND, time: 304

real	0m15.487s
user	0m0.019s
sys	0m0.056s
Processing year: 2010, period: OND, time: 308

real	0m15.285s
user	0m0.020s
sys	0m0.056s
Processing year: 2010, period: OND, time: 312

real	0m15.458s
user	0m0.018s
sys	0m0.057s
Processing year: 2010, period: OND, time: 316

real	0m15.404s
user	0m0.024s
sys	0m0.054s
Processing year: 2010, period: OND, time: 320

real	0m15.868s
user	0m0.021s
sys	0m0.056s
EBVERSIONNUMACTL=2.0.14
SLURM_JOB_NUM_NODES=1
EBROOTNUMACTL=/cluster/software/numactl/2.0.14-GCCcore-11.3.0
EBDEVELNUMACTL=/cluster/software/numactl/2.0.14-GCCcore-11.3.0/easybuild/numactl-2.0.14-GCCcore-11.3.0-easybuild-devel
OMP_NUM_THREADS=32

Job 6259436 consumed 10.2 billing hours from project nn8008k.

Submitted 2025-05-27T23:22:40; waited 1.0 seconds in the queue after becoming eligible to run.

Requested wallclock time: 6.3 hours
Elapsed wallclock time:   19.1 minutes

Job exited normally.

Task and CPU statistics:
ID              CPUs  Tasks  CPU util                Start   Elapsed  Exit status
6259436           32            0.0 %  2025-05-27T23:22:41  1147.0 s  0
6259436.batch     32      1     0.0 %  2025-05-27T23:22:41  1147.0 s  0
6259436.python    32      1     4.8 %  2025-05-27T23:22:46    18.0 s  0
6259436.python    32      1     5.9 %  2025-05-27T23:23:04    13.0 s  0
6259436.python    32      1     6.4 %  2025-05-27T23:23:17    12.0 s  0
6259436.python    32      1     6.4 %  2025-05-27T23:23:29    12.0 s  0
6259436.python    32      1     6.3 %  2025-05-27T23:23:41    13.0 s  0
6259436.python    32      1     5.9 %  2025-05-27T23:23:54    13.0 s  0
6259436.python    32      1     6.6 %  2025-05-27T23:24:07    12.0 s  0
6259436.python    32      1     6.7 %  2025-05-27T23:24:20    12.0 s  0
6259436.python    32      1     6.4 %  2025-05-27T23:24:32    13.0 s  0
6259436.python    32      1     6.2 %  2025-05-27T23:24:45    13.0 s  0
6259436.python    32      1     6.7 %  2025-05-27T23:24:58    12.0 s  0
6259436.python    32      1     6.7 %  2025-05-27T23:25:10    12.0 s  0
6259436.python    32      1     6.3 %  2025-05-27T23:25:22    13.0 s  0
6259436.python    32      1     6.2 %  2025-05-27T23:25:35    13.0 s  0
6259436.python    32      1     6.8 %  2025-05-27T23:25:49    12.0 s  0
6259436.python    32      1     6.3 %  2025-05-27T23:26:01    13.0 s  0
6259436.python    32      1     6.3 %  2025-05-27T23:26:14    13.0 s  0
6259436.python    32      1     6.3 %  2025-05-27T23:26:28    13.0 s  0
6259436.python    32      1     6.2 %  2025-05-27T23:26:41    13.0 s  0
6259436.python    32      1     6.2 %  2025-05-27T23:26:54    13.0 s  0
6259436.python    32      1     5.7 %  2025-05-27T23:27:07    14.0 s  0
6259436.python    32      1     6.3 %  2025-05-27T23:27:21    13.0 s  0
6259436.python    32      1     6.2 %  2025-05-27T23:27:34    13.0 s  0
6259436.python    32      1     5.7 %  2025-05-27T23:27:47    14.0 s  0
6259436.python    32      1     6.2 %  2025-05-27T23:28:01    13.0 s  0
6259436.python    32      1     5.8 %  2025-05-27T23:28:14    14.0 s  0
6259436.python    32      1     6.1 %  2025-05-27T23:28:28    13.0 s  0
6259436.python    32      1     5.7 %  2025-05-27T23:28:41    14.0 s  0
6259436.python    32      1     5.7 %  2025-05-27T23:28:55    14.0 s  0
6259436.python    32      1     5.8 %  2025-05-27T23:29:09    14.0 s  0
6259436.python    32      1     5.7 %  2025-05-27T23:29:23    14.0 s  0
6259436.python    32      1     5.8 %  2025-05-27T23:29:37    14.0 s  0
6259436.python    32      1     6.1 %  2025-05-27T23:29:51    14.0 s  0
6259436.python    32      1     5.7 %  2025-05-27T23:30:05    14.0 s  0
6259436.python    32      1     5.7 %  2025-05-27T23:30:19    14.0 s  0
6259436.python    32      1     5.8 %  2025-05-27T23:30:33    14.0 s  0
6259436.python    32      1     6.1 %  2025-05-27T23:30:47    14.0 s  0
6259436.python    32      1     5.8 %  2025-05-27T23:31:01    14.0 s  0
6259436.python    32      1     6.2 %  2025-05-27T23:31:15    13.0 s  0
6259436.python    32      1     5.6 %  2025-05-27T23:31:28    15.0 s  0
6259436.python    32      1     5.8 %  2025-05-27T23:31:43    14.0 s  0
6259436.python    32      1     6.1 %  2025-05-27T23:31:57    14.0 s  0
6259436.python    32      1     5.7 %  2025-05-27T23:32:11    15.0 s  0
6259436.python    32      1     6.0 %  2025-05-27T23:32:26    14.0 s  0
6259436.python    32      1     5.7 %  2025-05-27T23:32:40    15.0 s  0
6259436.python    32      1     6.1 %  2025-05-27T23:32:55    14.0 s  0
6259436.python    32      1     5.9 %  2025-05-27T23:33:09    14.0 s  0
6259436.python    32      1     6.0 %  2025-05-27T23:33:24    14.0 s  0
6259436.python    32      1     6.1 %  2025-05-27T23:33:38    14.0 s  0
6259436.python    32      1     5.5 %  2025-05-27T23:33:52    15.0 s  0
6259436.python    32      1     6.6 %  2025-05-27T23:34:07    13.0 s  0
6259436.python    32      1     6.1 %  2025-05-27T23:34:20    14.0 s  0
6259436.python    32      1     5.7 %  2025-05-27T23:34:34    15.0 s  0
6259436.python    32      1     6.0 %  2025-05-27T23:34:49    14.0 s  0
6259436.python    32      1     6.1 %  2025-05-27T23:35:03    14.0 s  0
6259436.python    32      1     5.8 %  2025-05-27T23:35:17    15.0 s  0
6259436.python    32      1     5.6 %  2025-05-27T23:35:32    15.0 s  0
6259436.python    32      1     5.8 %  2025-05-27T23:35:47    15.0 s  0
6259436.python    32      1     5.7 %  2025-05-27T23:36:02    15.0 s  0
6259436.python    32      1     5.7 %  2025-05-27T23:36:17    15.0 s  0
6259436.python    32      1     6.0 %  2025-05-27T23:36:32    14.0 s  0
6259436.python    32      1     5.9 %  2025-05-27T23:36:46    15.0 s  0
6259436.python    32      1     5.6 %  2025-05-27T23:37:01    15.0 s  0
6259436.python    32      1     6.1 %  2025-05-27T23:37:17    14.0 s  0
6259436.python    32      1     6.0 %  2025-05-27T23:37:31    14.0 s  0
6259436.python    32      1     5.6 %  2025-05-27T23:37:45    15.0 s  0
6259436.python    32      1     5.6 %  2025-05-27T23:38:00    15.0 s  0
6259436.python    32      1     5.8 %  2025-05-27T23:38:15    15.0 s  0
6259436.python    32      1     5.8 %  2025-05-27T23:38:30    15.0 s  0
6259436.python    32      1     5.6 %  2025-05-27T23:38:45    15.0 s  0
6259436.python    32      1     5.6 %  2025-05-27T23:39:00    15.0 s  0
6259436.python    32      1     5.6 %  2025-05-27T23:39:15    15.0 s  0
6259436.python    32      1     6.3 %  2025-05-27T23:39:30    14.0 s  0
6259436.python    32      1     5.9 %  2025-05-27T23:39:44    15.0 s  0
6259436.python    32      1     5.6 %  2025-05-27T23:39:59    15.0 s  0
6259436.python    32      1     6.2 %  2025-05-27T23:40:15    15.0 s  0
6259436.python    32      1     5.8 %  2025-05-27T23:40:30    16.0 s  0
6259436.python    32      1     5.8 %  2025-05-27T23:40:46    15.0 s  0
6259436.python    32      1     5.9 %  2025-05-27T23:41:01    15.0 s  0
6259436.python    32      1     5.9 %  2025-05-27T23:41:17    15.0 s  0
6259436.python    32      1     5.5 %  2025-05-27T23:41:32    16.0 s  0

Used CPU time:   36.2 CPU minutes
Unused CPU time: 9.6 CPU hours

Memory statistics, in GiB:
ID               Alloc   Usage
6259436           59.0        
6259436.batch     59.0     0.0
6259436.python    59.0     0.7
6259436.python    59.0     0.2
6259436.python    59.0     0.1
6259436.python    59.0     0.2
6259436.python    59.0     0.2
6259436.python    59.0     0.2
6259436.python    59.0     0.1
6259436.python    59.0     0.2
6259436.python    59.0     0.2
6259436.python    59.0     0.1
6259436.python    59.0     0.1
6259436.python    59.0     0.2
6259436.python    59.0     0.2
6259436.python    59.0     0.2
6259436.python    59.0     0.2
6259436.python    59.0     0.2
6259436.python    59.0     0.2
6259436.python    59.0     0.2
6259436.python    59.0     0.2
6259436.python    59.0     0.2
6259436.python    59.0     0.2
6259436.python    59.0     0.2
6259436.python    59.0     0.2
6259436.python    59.0     0.2
6259436.python    59.0     0.2
6259436.python    59.0     0.2
6259436.python    59.0     0.2
6259436.python    59.0     0.2
6259436.python    59.0     0.2
6259436.python    59.0     0.2
6259436.python    59.0     0.2
6259436.python    59.0     0.2
6259436.python    59.0     0.3
6259436.python    59.0     0.3
6259436.python    59.0     0.3
6259436.python    59.0     0.3
6259436.python    59.0     0.3
6259436.python    59.0     0.3
6259436.python    59.0     0.2
6259436.python    59.0     0.3
6259436.python    59.0     0.3
6259436.python    59.0     0.3
6259436.python    59.0     0.3
6259436.python    59.0     0.3
6259436.python    59.0     0.3
6259436.python    59.0     0.3
6259436.python    59.0     0.3
6259436.python    59.0     0.3
6259436.python    59.0     0.3
6259436.python    59.0     0.3
6259436.python    59.0     0.3
6259436.python    59.0     0.3
6259436.python    59.0     0.3
6259436.python    59.0     0.3
6259436.python    59.0     0.3
6259436.python    59.0     0.3
6259436.python    59.0     0.3
6259436.python    59.0     0.3
6259436.python    59.0     0.3
6259436.python    59.0     0.3
6259436.python    59.0     0.3
6259436.python    59.0     0.3
6259436.python    59.0     0.3
6259436.python    59.0     0.3
6259436.python    59.0     0.3
6259436.python    59.0     0.3
6259436.python    59.0     0.3
6259436.python    59.0     0.3
6259436.python    59.0     0.3
6259436.python    59.0     0.4
6259436.python    59.0     0.4
6259436.python    59.0     0.4
6259436.python    59.0     0.4
6259436.python    59.0     0.4
6259436.python    59.0     0.4
6259436.python    59.0     0.4
6259436.python    59.0     0.4
6259436.python    59.0     0.4
6259436.python    59.0     0.4
6259436.python    59.0     0.4
6259436.python    59.0     0.4

Job 6259436 completed at Tue May 27 23:41:48 CEST 2025
