Starting job 6259387 on c56-2 on fram at Tue May 27 23:17:42 CEST 2025


Currently Loaded Modules:
  1) StdEnv (S)

  Where:
   S:  Module is Sticky, requires --force to unload or purge

 


The following have been reloaded with a version change:
  1) FFTW/3.3.10-GCC-13.3.0 => FFTW/3.3.10-GCC-11.3.0
  2) FlexiBLAS/3.4.4-GCC-13.3.0 => FlexiBLAS/3.2.0-GCC-11.3.0
  3) GCC/13.3.0 => GCC/11.3.0
  4) GCCcore/13.3.0 => GCCcore/11.3.0
  5) OpenBLAS/0.3.27-GCC-13.3.0 => OpenBLAS/0.3.20-GCC-11.3.0
  6) OpenSSL/3 => OpenSSL/1.1
  7) Python/3.12.3-GCCcore-13.3.0 => Python/3.10.4-GCCcore-11.3.0
  8) SQLite/3.45.3-GCCcore-13.3.0 => SQLite/3.38.3-GCCcore-11.3.0
  9) SciPy-bundle/2024.05-gfbf-2024a => SciPy-bundle/2022.05-foss-2022a
 10) Tcl/8.6.14-GCCcore-13.3.0 => Tcl/8.6.12-GCCcore-11.3.0
 11) XZ/5.4.5-GCCcore-13.3.0 => XZ/5.2.5-GCCcore-11.3.0
 12) binutils/2.42-GCCcore-13.3.0 => binutils/2.38-GCCcore-11.3.0
 13) bzip2/1.0.8-GCCcore-13.3.0 => bzip2/1.0.8-GCCcore-11.3.0
 14) gzip/1.13-GCCcore-13.3.0 => gzip/1.12-GCCcore-11.3.0
 15) libffi/3.4.5-GCCcore-13.3.0 => libffi/3.4.2-GCCcore-11.3.0
 16) libreadline/8.2-GCCcore-13.3.0 => libreadline/8.1.2-GCCcore-11.3.0
 17) lz4/1.9.4-GCCcore-13.3.0 => lz4/1.9.3-GCCcore-11.3.0
 18) ncurses/6.5-GCCcore-13.3.0 => ncurses/6.3-GCCcore-11.3.0
 19) pybind11/2.12.0-GCC-13.3.0 => pybind11/2.9.2-GCCcore-11.3.0
 20) zlib/1.3.1-GCCcore-13.3.0 => zlib/1.2.12-GCCcore-11.3.0
 21) zstd/1.5.6-GCCcore-13.3.0 => zstd/1.5.2-GCCcore-11.3.0

Processing year: 2009, period: AMJ, time: 0

real	0m23.107s
user	0m0.020s
sys	0m0.042s
Processing year: 2009, period: AMJ, time: 4

real	0m16.373s
user	0m0.025s
sys	0m0.058s
Processing year: 2009, period: AMJ, time: 8

real	0m16.486s
user	0m0.022s
sys	0m0.060s
Processing year: 2009, period: AMJ, time: 12

real	0m16.649s
user	0m0.023s
sys	0m0.053s
Processing year: 2009, period: AMJ, time: 16

real	0m16.702s
user	0m0.023s
sys	0m0.052s
Processing year: 2009, period: AMJ, time: 20

real	0m16.798s
user	0m0.022s
sys	0m0.053s
Processing year: 2009, period: AMJ, time: 24

real	0m16.387s
user	0m0.021s
sys	0m0.061s
Processing year: 2009, period: AMJ, time: 28
Traceback (most recent call last):
  File "/cluster/work/users/llpui9007/ndaily_runs/similarity/clean_Fmap.py", line 154, in <module>
    W_disp_cleaned = cleaner(n,n_cleaned,kill_trajectories,W_disp)
NameError: name 'W_disp' is not defined
srun: error: c56-2: task 0: Exited with exit code 1
srun: Terminating StepId=6259387.7

real	0m14.310s
user	0m0.022s
sys	0m0.069s

Job 6259387 consumed 1.3 billing hours from project nn8008k.

Submitted 2025-05-27T23:17:41; waited 1.0 seconds in the queue after becoming eligible to run.

Requested wallclock time: 6.3 hours
Elapsed wallclock time:   2.4 minutes

Job failed.

Task and CPU statistics:
ID              CPUs  Tasks  CPU util                Start  Elapsed  Exit status
6259387           32            0.0 %  2025-05-27T23:17:42  142.0 s  1
6259387.batch     32      1     0.1 %  2025-05-27T23:17:42  142.0 s  1
6259387.python    32      1     4.3 %  2025-05-27T23:17:47   23.0 s  0
6259387.python    32      1     5.5 %  2025-05-27T23:18:10   16.0 s  0
6259387.python    32      1     5.5 %  2025-05-27T23:18:27   16.0 s  0
6259387.python    32      1     5.3 %  2025-05-27T23:18:43   17.0 s  0
6259387.python    32      1     5.5 %  2025-05-27T23:19:00   16.0 s  0
6259387.python    32      1     5.4 %  2025-05-27T23:19:16   17.0 s  0
6259387.python    32      1     5.7 %  2025-05-27T23:19:33   16.0 s  0
6259387.python    32      1     6.0 %  2025-05-27T23:19:50   14.0 s  1

Used CPU time:   3.9 CPU minutes
Unused CPU time: 1.2 CPU hours

Memory statistics, in GiB:
ID               Alloc   Usage
6259387           59.0        
6259387.batch     59.0     0.0
6259387.python    59.0     1.0
6259387.python    59.0     0.5
6259387.python    59.0     0.5
6259387.python    59.0     0.5
6259387.python    59.0     0.5
6259387.python    59.0     0.5
6259387.python    59.0     0.5
6259387.python    59.0     0.1

Job 6259387 completed at Tue May 27 23:20:04 CEST 2025
Starting job 6259431 on c40-9 on fram at Tue May 27 23:22:41 CEST 2025


Currently Loaded Modules:
  1) StdEnv (S)

  Where:
   S:  Module is Sticky, requires --force to unload or purge

 


The following have been reloaded with a version change:
  1) FFTW/3.3.10-GCC-13.3.0 => FFTW/3.3.10-GCC-11.3.0
  2) FlexiBLAS/3.4.4-GCC-13.3.0 => FlexiBLAS/3.2.0-GCC-11.3.0
  3) GCC/13.3.0 => GCC/11.3.0
  4) GCCcore/13.3.0 => GCCcore/11.3.0
  5) OpenBLAS/0.3.27-GCC-13.3.0 => OpenBLAS/0.3.20-GCC-11.3.0
  6) OpenSSL/3 => OpenSSL/1.1
  7) Python/3.12.3-GCCcore-13.3.0 => Python/3.10.4-GCCcore-11.3.0
  8) SQLite/3.45.3-GCCcore-13.3.0 => SQLite/3.38.3-GCCcore-11.3.0
  9) SciPy-bundle/2024.05-gfbf-2024a => SciPy-bundle/2022.05-foss-2022a
 10) Tcl/8.6.14-GCCcore-13.3.0 => Tcl/8.6.12-GCCcore-11.3.0
 11) XZ/5.4.5-GCCcore-13.3.0 => XZ/5.2.5-GCCcore-11.3.0
 12) binutils/2.42-GCCcore-13.3.0 => binutils/2.38-GCCcore-11.3.0
 13) bzip2/1.0.8-GCCcore-13.3.0 => bzip2/1.0.8-GCCcore-11.3.0
 14) gzip/1.13-GCCcore-13.3.0 => gzip/1.12-GCCcore-11.3.0
 15) libffi/3.4.5-GCCcore-13.3.0 => libffi/3.4.2-GCCcore-11.3.0
 16) libreadline/8.2-GCCcore-13.3.0 => libreadline/8.1.2-GCCcore-11.3.0
 17) lz4/1.9.4-GCCcore-13.3.0 => lz4/1.9.3-GCCcore-11.3.0
 18) ncurses/6.5-GCCcore-13.3.0 => ncurses/6.3-GCCcore-11.3.0
 19) pybind11/2.12.0-GCC-13.3.0 => pybind11/2.9.2-GCCcore-11.3.0
 20) zlib/1.3.1-GCCcore-13.3.0 => zlib/1.2.12-GCCcore-11.3.0
 21) zstd/1.5.6-GCCcore-13.3.0 => zstd/1.5.2-GCCcore-11.3.0

Processing year: 2009, period: AMJ, time: 0

real	0m22.113s
user	0m0.020s
sys	0m0.041s
Processing year: 2009, period: AMJ, time: 4

real	0m16.494s
user	0m0.017s
sys	0m0.060s
Processing year: 2009, period: AMJ, time: 8

real	0m16.739s
user	0m0.017s
sys	0m0.062s
Processing year: 2009, period: AMJ, time: 12

real	0m16.723s
user	0m0.016s
sys	0m0.062s
Processing year: 2009, period: AMJ, time: 16

real	0m16.758s
user	0m0.015s
sys	0m0.058s
Processing year: 2009, period: AMJ, time: 20

real	0m16.691s
user	0m0.023s
sys	0m0.049s
Processing year: 2009, period: AMJ, time: 24

real	0m16.247s
user	0m0.021s
sys	0m0.058s
Processing year: 2009, period: AMJ, time: 28

real	0m16.401s
user	0m0.018s
sys	0m0.067s
Processing year: 2009, period: AMJ, time: 32

real	0m17.052s
user	0m0.017s
sys	0m0.069s
Processing year: 2009, period: AMJ, time: 36

real	0m16.465s
user	0m0.018s
sys	0m0.062s
Processing year: 2009, period: AMJ, time: 40

real	0m16.652s
user	0m0.020s
sys	0m0.062s
Processing year: 2009, period: AMJ, time: 44

real	0m16.556s
user	0m0.017s
sys	0m0.075s
Processing year: 2009, period: AMJ, time: 48

real	0m16.323s
user	0m0.016s
sys	0m0.063s
Processing year: 2009, period: AMJ, time: 52

real	0m16.324s
user	0m0.021s
sys	0m0.057s
Processing year: 2009, period: AMJ, time: 56

real	0m16.208s
user	0m0.017s
sys	0m0.063s
Processing year: 2009, period: AMJ, time: 60

real	0m16.294s
user	0m0.019s
sys	0m0.062s
Processing year: 2009, period: AMJ, time: 64

real	0m16.320s
user	0m0.017s
sys	0m0.061s
Processing year: 2009, period: AMJ, time: 68

real	0m16.476s
user	0m0.020s
sys	0m0.060s
Processing year: 2009, period: AMJ, time: 72

real	0m16.316s
user	0m0.019s
sys	0m0.074s
Processing year: 2009, period: AMJ, time: 76

real	0m16.493s
user	0m0.022s
sys	0m0.055s
Processing year: 2009, period: AMJ, time: 80

real	0m15.091s
user	0m0.015s
sys	0m0.062s
Processing year: 2009, period: AMJ, time: 84

real	0m16.396s
user	0m0.024s
sys	0m0.048s
Processing year: 2009, period: AMJ, time: 88

real	0m16.358s
user	0m0.019s
sys	0m0.058s
Processing year: 2009, period: AMJ, time: 92

real	0m16.336s
user	0m0.019s
sys	0m0.070s
Processing year: 2009, period: AMJ, time: 96

real	0m16.966s
user	0m0.018s
sys	0m0.058s
Processing year: 2009, period: AMJ, time: 100

real	0m16.709s
user	0m0.019s
sys	0m0.055s
Processing year: 2009, period: AMJ, time: 104

real	0m16.537s
user	0m0.018s
sys	0m0.072s
Processing year: 2009, period: AMJ, time: 108

real	0m16.520s
user	0m0.020s
sys	0m0.063s
Processing year: 2009, period: AMJ, time: 112

real	0m16.343s
user	0m0.016s
sys	0m0.061s
Processing year: 2009, period: AMJ, time: 116

real	0m16.385s
user	0m0.019s
sys	0m0.059s
Processing year: 2009, period: AMJ, time: 120

real	0m16.528s
user	0m0.015s
sys	0m0.060s
Processing year: 2009, period: AMJ, time: 124

real	0m16.175s
user	0m0.021s
sys	0m0.055s
Processing year: 2009, period: AMJ, time: 128

real	0m16.165s
user	0m0.016s
sys	0m0.062s
Processing year: 2009, period: AMJ, time: 132

real	0m16.512s
user	0m0.017s
sys	0m0.069s
Processing year: 2009, period: AMJ, time: 136

real	0m15.439s
user	0m0.019s
sys	0m0.056s
Processing year: 2009, period: AMJ, time: 140

real	0m16.237s
user	0m0.019s
sys	0m0.063s
Processing year: 2009, period: AMJ, time: 144

real	0m16.382s
user	0m0.016s
sys	0m0.060s
Processing year: 2009, period: AMJ, time: 148

real	0m16.523s
user	0m0.018s
sys	0m0.060s
Processing year: 2009, period: AMJ, time: 152

real	0m16.458s
user	0m0.022s
sys	0m0.062s
Processing year: 2009, period: AMJ, time: 156

real	0m16.729s
user	0m0.022s
sys	0m0.055s
Processing year: 2009, period: AMJ, time: 160

real	0m16.034s
user	0m0.018s
sys	0m0.060s
Processing year: 2009, period: AMJ, time: 164

real	0m16.279s
user	0m0.015s
sys	0m0.070s
Processing year: 2009, period: AMJ, time: 168

real	0m16.471s
user	0m0.022s
sys	0m0.055s
Processing year: 2009, period: AMJ, time: 172

real	0m16.275s
user	0m0.020s
sys	0m0.057s
Processing year: 2009, period: AMJ, time: 176

real	0m16.657s
user	0m0.018s
sys	0m0.061s
Processing year: 2009, period: AMJ, time: 180

real	0m16.242s
user	0m0.020s
sys	0m0.055s
Processing year: 2009, period: AMJ, time: 184

real	0m16.196s
user	0m0.023s
sys	0m0.057s
Processing year: 2009, period: AMJ, time: 188

real	0m17.273s
user	0m0.021s
sys	0m0.059s
Processing year: 2009, period: AMJ, time: 192

real	0m16.405s
user	0m0.018s
sys	0m0.063s
Processing year: 2009, period: AMJ, time: 196

real	0m16.528s
user	0m0.019s
sys	0m0.065s
Processing year: 2009, period: AMJ, time: 200

real	0m16.524s
user	0m0.023s
sys	0m0.054s
Processing year: 2009, period: AMJ, time: 204

real	0m16.475s
user	0m0.022s
sys	0m0.056s
Processing year: 2009, period: AMJ, time: 208

real	0m16.517s
user	0m0.018s
sys	0m0.061s
Processing year: 2009, period: AMJ, time: 212

real	0m16.582s
user	0m0.021s
sys	0m0.056s
Processing year: 2009, period: AMJ, time: 216

real	0m16.186s
user	0m0.019s
sys	0m0.074s
Processing year: 2009, period: AMJ, time: 220

real	0m16.414s
user	0m0.020s
sys	0m0.058s
Processing year: 2009, period: AMJ, time: 224

real	0m16.103s
user	0m0.021s
sys	0m0.064s
Processing year: 2009, period: AMJ, time: 228

real	0m16.055s
user	0m0.021s
sys	0m0.056s
Processing year: 2009, period: AMJ, time: 232

real	0m16.218s
user	0m0.021s
sys	0m0.057s
Processing year: 2009, period: AMJ, time: 236

real	0m16.155s
user	0m0.015s
sys	0m0.064s
Processing year: 2009, period: AMJ, time: 240

real	0m16.084s
user	0m0.019s
sys	0m0.056s
Processing year: 2009, period: AMJ, time: 244

real	0m16.475s
user	0m0.019s
sys	0m0.057s
Processing year: 2009, period: AMJ, time: 248

real	0m16.003s
user	0m0.019s
sys	0m0.060s
Processing year: 2009, period: AMJ, time: 252

real	0m15.992s
user	0m0.023s
sys	0m0.060s
Processing year: 2009, period: AMJ, time: 256

real	0m16.067s
user	0m0.019s
sys	0m0.057s
Processing year: 2009, period: AMJ, time: 260

real	0m16.241s
user	0m0.019s
sys	0m0.071s
Processing year: 2009, period: AMJ, time: 264

real	0m16.519s
user	0m0.017s
sys	0m0.060s
Processing year: 2009, period: AMJ, time: 268

real	0m18.030s
user	0m0.018s
sys	0m0.058s
Processing year: 2009, period: AMJ, time: 272

real	0m19.047s
user	0m0.019s
sys	0m0.070s
Processing year: 2009, period: AMJ, time: 276

real	0m16.290s
user	0m0.017s
sys	0m0.059s
Processing year: 2009, period: AMJ, time: 280

real	0m15.873s
user	0m0.021s
sys	0m0.071s
Processing year: 2009, period: AMJ, time: 284

real	0m15.791s
user	0m0.025s
sys	0m0.052s
Processing year: 2009, period: AMJ, time: 288

real	0m15.803s
user	0m0.015s
sys	0m0.062s
Processing year: 2009, period: AMJ, time: 292

real	0m15.765s
user	0m0.022s
sys	0m0.059s
Processing year: 2009, period: AMJ, time: 296

real	0m16.071s
user	0m0.020s
sys	0m0.059s
Processing year: 2009, period: AMJ, time: 300

real	0m15.793s
user	0m0.016s
sys	0m0.060s
Processing year: 2009, period: AMJ, time: 304

real	0m15.773s
user	0m0.017s
sys	0m0.058s
Processing year: 2009, period: AMJ, time: 308

real	0m15.868s
user	0m0.026s
sys	0m0.050s
Processing year: 2009, period: AMJ, time: 312

real	0m15.524s
user	0m0.020s
sys	0m0.059s
Processing year: 2009, period: AMJ, time: 316

real	0m15.547s
user	0m0.018s
sys	0m0.061s
Processing year: 2009, period: AMJ, time: 320

real	0m15.554s
user	0m0.016s
sys	0m0.068s
EBVERSIONNUMACTL=2.0.14
SLURM_JOB_NUM_NODES=1
EBROOTNUMACTL=/cluster/software/numactl/2.0.14-GCCcore-11.3.0
EBDEVELNUMACTL=/cluster/software/numactl/2.0.14-GCCcore-11.3.0/easybuild/numactl-2.0.14-GCCcore-11.3.0-easybuild-devel
OMP_NUM_THREADS=32

Job 6259431 consumed 11.9 billing hours from project nn8008k.

Submitted 2025-05-27T23:22:40; waited 1.0 seconds in the queue after becoming eligible to run.

Requested wallclock time: 6.3 hours
Elapsed wallclock time:   22.2 minutes

Job exited normally.

Task and CPU statistics:
ID              CPUs  Tasks  CPU util                Start   Elapsed  Exit status
6259431           32            0.0 %  2025-05-27T23:22:41  1335.0 s  0
6259431.batch     32      1     0.0 %  2025-05-27T23:22:41  1335.0 s  0
6259431.python    32      1     4.3 %  2025-05-27T23:22:46    22.0 s  0
6259431.python    32      1     5.2 %  2025-05-27T23:23:08    17.0 s  0
6259431.python    32      1     5.5 %  2025-05-27T23:23:25    16.0 s  0
6259431.python    32      1     5.6 %  2025-05-27T23:23:42    16.0 s  0
6259431.python    32      1     5.4 %  2025-05-27T23:23:58    17.0 s  0
6259431.python    32      1     5.5 %  2025-05-27T23:24:15    17.0 s  0
6259431.python    32      1     5.8 %  2025-05-27T23:24:32    16.0 s  0
6259431.python    32      1     5.8 %  2025-05-27T23:24:48    16.0 s  0
6259431.python    32      1     5.4 %  2025-05-27T23:25:04    17.0 s  0
6259431.python    32      1     5.7 %  2025-05-27T23:25:22    16.0 s  0
6259431.python    32      1     5.5 %  2025-05-27T23:25:38    16.0 s  0
6259431.python    32      1     5.6 %  2025-05-27T23:25:55    16.0 s  0
6259431.python    32      1     5.6 %  2025-05-27T23:26:11    16.0 s  0
6259431.python    32      1     5.3 %  2025-05-27T23:26:27    17.0 s  0
6259431.python    32      1     5.8 %  2025-05-27T23:26:44    16.0 s  0
6259431.python    32      1     5.7 %  2025-05-27T23:27:00    16.0 s  0
6259431.python    32      1     5.2 %  2025-05-27T23:27:16    17.0 s  0
6259431.python    32      1     5.5 %  2025-05-27T23:27:33    16.0 s  0
6259431.python    32      1     5.6 %  2025-05-27T23:27:49    16.0 s  0
6259431.python    32      1     5.3 %  2025-05-27T23:28:05    17.0 s  0
6259431.python    32      1     6.1 %  2025-05-27T23:28:22    15.0 s  0
6259431.python    32      1     5.7 %  2025-05-27T23:28:37    16.0 s  0
6259431.python    32      1     5.5 %  2025-05-27T23:28:53    17.0 s  0
6259431.python    32      1     5.7 %  2025-05-27T23:29:10    16.0 s  0
6259431.python    32      1     5.5 %  2025-05-27T23:29:26    17.0 s  0
6259431.python    32      1     5.3 %  2025-05-27T23:29:43    17.0 s  0
6259431.python    32      1     5.5 %  2025-05-27T23:30:00    16.0 s  0
6259431.python    32      1     5.3 %  2025-05-27T23:30:16    17.0 s  0
6259431.python    32      1     5.7 %  2025-05-27T23:30:33    16.0 s  0
6259431.python    32      1     5.7 %  2025-05-27T23:30:49    16.0 s  0
6259431.python    32      1     5.5 %  2025-05-27T23:31:06    16.0 s  0
6259431.python    32      1     5.6 %  2025-05-27T23:31:22    16.0 s  0
6259431.python    32      1     5.7 %  2025-05-27T23:31:38    16.0 s  0
6259431.python    32      1     5.2 %  2025-05-27T23:31:54    17.0 s  0
6259431.python    32      1     5.9 %  2025-05-27T23:32:11    15.0 s  0
6259431.python    32      1     5.8 %  2025-05-27T23:32:26    16.0 s  0
6259431.python    32      1     5.5 %  2025-05-27T23:32:43    16.0 s  0
6259431.python    32      1     5.5 %  2025-05-27T23:32:59    16.0 s  0
6259431.python    32      1     5.9 %  2025-05-27T23:33:16    16.0 s  0
6259431.python    32      1     5.3 %  2025-05-27T23:33:32    17.0 s  0
6259431.python    32      1     5.8 %  2025-05-27T23:33:49    16.0 s  0
6259431.python    32      1     5.6 %  2025-05-27T23:34:05    16.0 s  0
6259431.python    32      1     5.6 %  2025-05-27T23:34:21    16.0 s  0
6259431.python    32      1     5.6 %  2025-05-27T23:34:38    16.0 s  0
6259431.python    32      1     5.7 %  2025-05-27T23:34:54    16.0 s  0
6259431.python    32      1     5.3 %  2025-05-27T23:35:10    17.0 s  0
6259431.python    32      1     5.6 %  2025-05-27T23:35:27    16.0 s  0
6259431.python    32      1     5.2 %  2025-05-27T23:35:43    17.0 s  0
6259431.python    32      1     5.8 %  2025-05-27T23:36:00    16.0 s  0
6259431.python    32      1     5.5 %  2025-05-27T23:36:17    16.0 s  0
6259431.python    32      1     5.6 %  2025-05-27T23:36:33    16.0 s  0
6259431.python    32      1     5.6 %  2025-05-27T23:36:50    16.0 s  0
6259431.python    32      1     5.5 %  2025-05-27T23:37:06    16.0 s  0
6259431.python    32      1     5.5 %  2025-05-27T23:37:23    16.0 s  0
6259431.python    32      1     5.8 %  2025-05-27T23:37:39    16.0 s  0
6259431.python    32      1     5.3 %  2025-05-27T23:37:55    17.0 s  0
6259431.python    32      1     5.8 %  2025-05-27T23:38:12    16.0 s  0
6259431.python    32      1     5.7 %  2025-05-27T23:38:28    16.0 s  0
6259431.python    32      1     5.7 %  2025-05-27T23:38:44    16.0 s  0
6259431.python    32      1     5.6 %  2025-05-27T23:39:00    16.0 s  0
6259431.python    32      1     5.6 %  2025-05-27T23:39:16    16.0 s  0
6259431.python    32      1     5.3 %  2025-05-27T23:39:32    17.0 s  0
6259431.python    32      1     5.7 %  2025-05-27T23:39:49    16.0 s  0
6259431.python    32      1     5.5 %  2025-05-27T23:40:05    16.0 s  0
6259431.python    32      1     5.7 %  2025-05-27T23:40:21    16.0 s  0
6259431.python    32      1     5.7 %  2025-05-27T23:40:37    16.0 s  0
6259431.python    32      1     5.2 %  2025-05-27T23:40:53    17.0 s  0
6259431.python    32      1     4.9 %  2025-05-27T23:41:10    18.0 s  0
6259431.python    32      1     4.8 %  2025-05-27T23:41:28    19.0 s  0
6259431.python    32      1     5.8 %  2025-05-27T23:41:47    16.0 s  0
6259431.python    32      1     5.8 %  2025-05-27T23:42:03    16.0 s  0
6259431.python    32      1     5.6 %  2025-05-27T23:42:19    16.0 s  0
6259431.python    32      1     6.2 %  2025-05-27T23:42:35    15.0 s  0
6259431.python    32      1     6.0 %  2025-05-27T23:42:51    15.0 s  0
6259431.python    32      1     5.6 %  2025-05-27T23:43:06    16.0 s  0
6259431.python    32      1     5.6 %  2025-05-27T23:43:22    16.0 s  0
6259431.python    32      1     5.5 %  2025-05-27T23:43:38    16.0 s  0
6259431.python    32      1     5.6 %  2025-05-27T23:43:54    16.0 s  0
6259431.python    32      1     5.9 %  2025-05-27T23:44:10    15.0 s  0
6259431.python    32      1     5.6 %  2025-05-27T23:44:25    16.0 s  0
6259431.python    32      1     5.9 %  2025-05-27T23:44:41    15.0 s  0

Used CPU time:   39.2 CPU minutes
Unused CPU time: 11.2 CPU hours

Memory statistics, in GiB:
ID               Alloc   Usage
6259431           59.0        
6259431.batch     59.0     0.0
6259431.python    59.0     1.0
6259431.python    59.0     0.5
6259431.python    59.0     0.5
6259431.python    59.0     0.5
6259431.python    59.0     0.5
6259431.python    59.0     0.5
6259431.python    59.0     0.5
6259431.python    59.0     0.5
6259431.python    59.0     0.5
6259431.python    59.0     0.5
6259431.python    59.0     0.5
6259431.python    59.0     0.5
6259431.python    59.0     0.5
6259431.python    59.0     0.5
6259431.python    59.0     0.5
6259431.python    59.0     0.5
6259431.python    59.0     0.5
6259431.python    59.0     0.5
6259431.python    59.0     0.5
6259431.python    59.0     0.5
6259431.python    59.0     0.4
6259431.python    59.0     0.5
6259431.python    59.0     0.5
6259431.python    59.0     0.5
6259431.python    59.0     0.5
6259431.python    59.0     0.5
6259431.python    59.0     0.5
6259431.python    59.0     0.5
6259431.python    59.0     0.5
6259431.python    59.0     0.5
6259431.python    59.0     0.5
6259431.python    59.0     0.5
6259431.python    59.0     0.5
6259431.python    59.0     0.5
6259431.python    59.0     0.4
6259431.python    59.0     0.5
6259431.python    59.0     0.5
6259431.python    59.0     0.5
6259431.python    59.0     0.5
6259431.python    59.0     0.5
6259431.python    59.0     0.5
6259431.python    59.0     0.5
6259431.python    59.0     0.5
6259431.python    59.0     0.5
6259431.python    59.0     0.5
6259431.python    59.0     0.5
6259431.python    59.0     0.5
6259431.python    59.0     0.5
6259431.python    59.0     0.5
6259431.python    59.0     0.5
6259431.python    59.0     0.5
6259431.python    59.0     0.5
6259431.python    59.0     0.5
6259431.python    59.0     0.5
6259431.python    59.0     0.5
6259431.python    59.0     0.5
6259431.python    59.0     0.5
6259431.python    59.0     0.5
6259431.python    59.0     0.4
6259431.python    59.0     0.5
6259431.python    59.0     0.4
6259431.python    59.0     0.4
6259431.python    59.0     0.4
6259431.python    59.0     0.4
6259431.python    59.0     0.4
6259431.python    59.0     0.4
6259431.python    59.0     0.4
6259431.python    59.0     0.5
6259431.python    59.0     0.8
6259431.python    59.0     0.4
6259431.python    59.0     0.4
6259431.python    59.0     0.4
6259431.python    59.0     0.4
6259431.python    59.0     0.4
6259431.python    59.0     0.4
6259431.python    59.0     0.4
6259431.python    59.0     0.4
6259431.python    59.0     0.4
6259431.python    59.0     0.4
6259431.python    59.0     0.4
6259431.python    59.0     0.4

Job 6259431 completed at Tue May 27 23:44:57 CEST 2025
Starting job 6265105 on c41-8 on fram at Wed Jun 4 11:33:30 CEST 2025


Currently Loaded Modules:
  1) StdEnv (S)

  Where:
   S:  Module is Sticky, requires --force to unload or purge

 


The following have been reloaded with a version change:
  1) FFTW/3.3.10-GCC-13.3.0 => FFTW/3.3.10-GCC-11.3.0
  2) FlexiBLAS/3.4.4-GCC-13.3.0 => FlexiBLAS/3.2.0-GCC-11.3.0
  3) GCC/13.3.0 => GCC/11.3.0
  4) GCCcore/13.3.0 => GCCcore/11.3.0
  5) OpenBLAS/0.3.27-GCC-13.3.0 => OpenBLAS/0.3.20-GCC-11.3.0
  6) OpenSSL/3 => OpenSSL/1.1
  7) Python/3.12.3-GCCcore-13.3.0 => Python/3.10.4-GCCcore-11.3.0
  8) SQLite/3.45.3-GCCcore-13.3.0 => SQLite/3.38.3-GCCcore-11.3.0
  9) SciPy-bundle/2024.05-gfbf-2024a => SciPy-bundle/2022.05-foss-2022a
 10) Tcl/8.6.14-GCCcore-13.3.0 => Tcl/8.6.12-GCCcore-11.3.0
 11) XZ/5.4.5-GCCcore-13.3.0 => XZ/5.2.5-GCCcore-11.3.0
 12) binutils/2.42-GCCcore-13.3.0 => binutils/2.38-GCCcore-11.3.0
 13) bzip2/1.0.8-GCCcore-13.3.0 => bzip2/1.0.8-GCCcore-11.3.0
 14) gzip/1.13-GCCcore-13.3.0 => gzip/1.12-GCCcore-11.3.0
 15) libffi/3.4.5-GCCcore-13.3.0 => libffi/3.4.2-GCCcore-11.3.0
 16) libreadline/8.2-GCCcore-13.3.0 => libreadline/8.1.2-GCCcore-11.3.0
 17) lz4/1.9.4-GCCcore-13.3.0 => lz4/1.9.3-GCCcore-11.3.0
 18) ncurses/6.5-GCCcore-13.3.0 => ncurses/6.3-GCCcore-11.3.0
 19) pybind11/2.12.0-GCC-13.3.0 => pybind11/2.9.2-GCCcore-11.3.0
 20) zlib/1.3.1-GCCcore-13.3.0 => zlib/1.2.12-GCCcore-11.3.0
 21) zstd/1.5.6-GCCcore-13.3.0 => zstd/1.5.2-GCCcore-11.3.0

Processing year: 2009, period: AMJ, time: 0

real	2m14.879s
user	0m0.018s
sys	0m0.043s
Processing year: 2009, period: AMJ, time: 4

real	0m17.226s
user	0m0.018s
sys	0m0.056s
Processing year: 2009, period: AMJ, time: 8

real	0m17.051s
user	0m0.021s
sys	0m0.055s
Processing year: 2009, period: AMJ, time: 12

real	0m15.926s
user	0m0.019s
sys	0m0.064s
Processing year: 2009, period: AMJ, time: 16

real	0m17.226s
user	0m0.017s
sys	0m0.052s
Processing year: 2009, period: AMJ, time: 20

real	0m17.589s
user	0m0.021s
sys	0m0.063s
Processing year: 2009, period: AMJ, time: 24

real	0m17.034s
user	0m0.016s
sys	0m0.066s
Processing year: 2009, period: AMJ, time: 28

real	0m18.803s
user	0m0.018s
sys	0m0.060s
Processing year: 2009, period: AMJ, time: 32

real	0m16.735s
user	0m0.023s
sys	0m0.057s
Processing year: 2009, period: AMJ, time: 36

real	0m16.802s
user	0m0.018s
sys	0m0.057s
Processing year: 2009, period: AMJ, time: 40

real	0m18.495s
user	0m0.022s
sys	0m0.053s
Processing year: 2009, period: AMJ, time: 44

real	0m16.652s
user	0m0.023s
sys	0m0.052s
Processing year: 2009, period: AMJ, time: 48

real	0m17.091s
user	0m0.020s
sys	0m0.056s
Processing year: 2009, period: AMJ, time: 52

real	0m17.094s
user	0m0.019s
sys	0m0.057s
Processing year: 2009, period: AMJ, time: 56

real	0m17.009s
user	0m0.018s
sys	0m0.059s
Processing year: 2009, period: AMJ, time: 60

real	0m16.576s
user	0m0.014s
sys	0m0.061s
Processing year: 2009, period: AMJ, time: 64

real	0m16.984s
user	0m0.021s
sys	0m0.057s
Processing year: 2009, period: AMJ, time: 68

real	0m17.296s
user	0m0.022s
sys	0m0.056s
Processing year: 2009, period: AMJ, time: 72

real	0m18.797s
user	0m0.017s
sys	0m0.059s
Processing year: 2009, period: AMJ, time: 76

real	0m16.571s
user	0m0.019s
sys	0m0.059s
Processing year: 2009, period: AMJ, time: 80

real	0m17.154s
user	0m0.019s
sys	0m0.061s
Processing year: 2009, period: AMJ, time: 84

real	0m17.557s
user	0m0.022s
sys	0m0.056s
Processing year: 2009, period: AMJ, time: 88

real	0m16.565s
user	0m0.022s
sys	0m0.057s
Processing year: 2009, period: AMJ, time: 92

real	0m16.813s
user	0m0.018s
sys	0m0.059s
Processing year: 2009, period: AMJ, time: 96

real	0m16.821s
user	0m0.019s
sys	0m0.059s
Processing year: 2009, period: AMJ, time: 100

real	0m15.798s
user	0m0.016s
sys	0m0.062s
Processing year: 2009, period: AMJ, time: 104

real	0m17.075s
user	0m0.020s
sys	0m0.053s
Processing year: 2009, period: AMJ, time: 108

real	0m16.642s
user	0m0.018s
sys	0m0.059s
Processing year: 2009, period: AMJ, time: 112

real	0m16.726s
user	0m0.019s
sys	0m0.064s
Processing year: 2009, period: AMJ, time: 116

real	0m16.758s
user	0m0.018s
sys	0m0.062s
Processing year: 2009, period: AMJ, time: 120

real	0m16.705s
user	0m0.017s
sys	0m0.061s
Processing year: 2009, period: AMJ, time: 124

real	0m16.940s
user	0m0.018s
sys	0m0.058s
Processing year: 2009, period: AMJ, time: 128

real	0m17.284s
user	0m0.022s
sys	0m0.070s
Processing year: 2009, period: AMJ, time: 132

real	0m17.635s
user	0m0.021s
sys	0m0.056s
Processing year: 2009, period: AMJ, time: 136

real	0m16.637s
user	0m0.018s
sys	0m0.060s
Processing year: 2009, period: AMJ, time: 140

real	0m16.720s
user	0m0.018s
sys	0m0.069s
Processing year: 2009, period: AMJ, time: 144

real	0m16.849s
user	0m0.022s
sys	0m0.059s
Processing year: 2009, period: AMJ, time: 148

real	0m16.592s
user	0m0.018s
sys	0m0.064s
Processing year: 2009, period: AMJ, time: 152

real	0m17.017s
user	0m0.020s
sys	0m0.059s
Processing year: 2009, period: AMJ, time: 156

real	0m16.756s
user	0m0.024s
sys	0m0.055s
Processing year: 2009, period: AMJ, time: 160

real	0m16.921s
user	0m0.020s
sys	0m0.057s
Processing year: 2009, period: AMJ, time: 164

real	0m16.721s
user	0m0.024s
sys	0m0.060s
Processing year: 2009, period: AMJ, time: 168

real	0m17.263s
user	0m0.016s
sys	0m0.072s
Processing year: 2009, period: AMJ, time: 172

real	0m16.732s
user	0m0.023s
sys	0m0.064s
Processing year: 2009, period: AMJ, time: 176

real	0m16.944s
user	0m0.021s
sys	0m0.063s
Processing year: 2009, period: AMJ, time: 180

real	0m16.694s
user	0m0.020s
sys	0m0.061s
Processing year: 2009, period: AMJ, time: 184

real	0m16.534s
user	0m0.019s
sys	0m0.060s
Processing year: 2009, period: AMJ, time: 188

real	0m16.902s
user	0m0.017s
sys	0m0.065s
Processing year: 2009, period: AMJ, time: 192

real	0m17.015s
user	0m0.022s
sys	0m0.063s
Processing year: 2009, period: AMJ, time: 196

real	0m16.641s
user	0m0.025s
sys	0m0.053s
Processing year: 2009, period: AMJ, time: 200

real	0m16.602s
user	0m0.017s
sys	0m0.061s
Processing year: 2009, period: AMJ, time: 204

real	0m16.696s
user	0m0.018s
sys	0m0.059s
Processing year: 2009, period: AMJ, time: 208

real	0m16.482s
user	0m0.017s
sys	0m0.069s
Processing year: 2009, period: AMJ, time: 212

real	0m16.518s
user	0m0.019s
sys	0m0.062s
Processing year: 2009, period: AMJ, time: 216

real	0m16.798s
user	0m0.021s
sys	0m0.059s
Processing year: 2009, period: AMJ, time: 220

real	0m16.706s
user	0m0.019s
sys	0m0.062s
Processing year: 2009, period: AMJ, time: 224

real	0m16.772s
user	0m0.024s
sys	0m0.055s
Processing year: 2009, period: AMJ, time: 228

real	0m16.848s
user	0m0.021s
sys	0m0.059s
Processing year: 2009, period: AMJ, time: 232

real	0m18.314s
user	0m0.019s
sys	0m0.061s
Processing year: 2009, period: AMJ, time: 236

real	0m16.220s
user	0m0.016s
sys	0m0.062s
Processing year: 2009, period: AMJ, time: 240

real	0m16.236s
user	0m0.019s
sys	0m0.059s
Processing year: 2009, period: AMJ, time: 244

real	0m16.604s
user	0m0.019s
sys	0m0.057s
Processing year: 2009, period: AMJ, time: 248

real	0m18.278s
user	0m0.018s
sys	0m0.069s
Processing year: 2009, period: AMJ, time: 252

real	0m16.334s
user	0m0.020s
sys	0m0.062s
Processing year: 2009, period: AMJ, time: 256

real	0m16.685s
user	0m0.016s
sys	0m0.072s
Processing year: 2009, period: AMJ, time: 260

real	0m16.736s
user	0m0.019s
sys	0m0.057s
Processing year: 2009, period: AMJ, time: 264

real	0m16.320s
user	0m0.015s
sys	0m0.063s
Processing year: 2009, period: AMJ, time: 268

real	0m16.056s
user	0m0.024s
sys	0m0.055s
Processing year: 2009, period: AMJ, time: 272

real	0m15.689s
user	0m0.021s
sys	0m0.059s
Processing year: 2009, period: AMJ, time: 276

real	0m16.235s
user	0m0.019s
sys	0m0.051s
Processing year: 2009, period: AMJ, time: 280

real	0m16.577s
user	0m0.021s
sys	0m0.062s
Processing year: 2009, period: AMJ, time: 284

real	0m16.412s
user	0m0.019s
sys	0m0.060s
Processing year: 2009, period: AMJ, time: 288

real	0m16.271s
user	0m0.021s
sys	0m0.061s
Processing year: 2009, period: AMJ, time: 292

real	0m16.163s
user	0m0.015s
sys	0m0.067s
Processing year: 2009, period: AMJ, time: 296

real	0m16.092s
user	0m0.016s
sys	0m0.075s
Processing year: 2009, period: AMJ, time: 300

real	0m16.275s
user	0m0.015s
sys	0m0.070s
Processing year: 2009, period: AMJ, time: 304

real	0m15.425s
user	0m0.018s
sys	0m0.069s
Processing year: 2009, period: AMJ, time: 308

real	0m16.254s
user	0m0.020s
sys	0m0.049s
Processing year: 2009, period: AMJ, time: 312

real	0m16.077s
user	0m0.018s
sys	0m0.064s
Processing year: 2009, period: AMJ, time: 316

real	0m16.135s
user	0m0.019s
sys	0m0.060s
Processing year: 2009, period: AMJ, time: 320

real	0m16.186s
user	0m0.018s
sys	0m0.061s
EBVERSIONNUMACTL=2.0.14
SLURM_JOB_NUM_NODES=1
EBROOTNUMACTL=/cluster/software/numactl/2.0.14-GCCcore-11.3.0
EBDEVELNUMACTL=/cluster/software/numactl/2.0.14-GCCcore-11.3.0/easybuild/numactl-2.0.14-GCCcore-11.3.0-easybuild-devel
OMP_NUM_THREADS=32

Job 6265105 consumed 13.2 billing hours from project nn8008k.

Submitted 2025-06-04T11:33:24; waited 6.0 seconds in the queue after becoming eligible to run.

Requested wallclock time: 6.3 hours
Elapsed wallclock time:   24.8 minutes

Job exited normally.

Task and CPU statistics:
ID              CPUs  Tasks  CPU util                Start   Elapsed  Exit status
6265105           32            0.0 %  2025-06-04T11:33:30  1485.0 s  0
6265105.batch     32      1     0.0 %  2025-06-04T11:33:30  1485.0 s  0
6265105.python    32      1     0.7 %  2025-06-04T11:33:37   135.0 s  0
6265105.python    32      1     5.5 %  2025-06-04T11:35:52    17.0 s  0
6265105.python    32      1     5.5 %  2025-06-04T11:36:09    17.0 s  0
6265105.python    32      1     5.7 %  2025-06-04T11:36:26    16.0 s  0
6265105.python    32      1     5.4 %  2025-06-04T11:36:42    17.0 s  0
6265105.python    32      1     5.2 %  2025-06-04T11:36:59    18.0 s  0
6265105.python    32      1     5.3 %  2025-06-04T11:37:17    17.0 s  0
6265105.python    32      1     4.9 %  2025-06-04T11:37:34    18.0 s  0
6265105.python    32      1     5.9 %  2025-06-04T11:37:53    16.0 s  0
6265105.python    32      1     5.2 %  2025-06-04T11:38:09    17.0 s  0
6265105.python    32      1     4.7 %  2025-06-04T11:38:26    19.0 s  0
6265105.python    32      1     5.7 %  2025-06-04T11:38:45    16.0 s  0
6265105.python    32      1     5.3 %  2025-06-04T11:39:01    17.0 s  0
6265105.python    32      1     5.2 %  2025-06-04T11:39:18    17.0 s  0
6265105.python    32      1     5.2 %  2025-06-04T11:39:35    17.0 s  0
6265105.python    32      1     5.6 %  2025-06-04T11:39:52    17.0 s  0
6265105.python    32      1     5.5 %  2025-06-04T11:40:09    17.0 s  0
6265105.python    32      1     5.3 %  2025-06-04T11:40:26    17.0 s  0
6265105.python    32      1     4.6 %  2025-06-04T11:40:43    19.0 s  0
6265105.python    32      1     5.4 %  2025-06-04T11:41:02    17.0 s  0
6265105.python    32      1     5.5 %  2025-06-04T11:41:19    17.0 s  0
6265105.python    32      1     5.6 %  2025-06-04T11:41:36    17.0 s  0
6265105.python    32      1     5.1 %  2025-06-04T11:41:53    17.0 s  0
6265105.python    32      1     5.2 %  2025-06-04T11:42:10    17.0 s  0
6265105.python    32      1     5.4 %  2025-06-04T11:42:27    17.0 s  0
6265105.python    32      1     5.9 %  2025-06-04T11:42:44    15.0 s  0
6265105.python    32      1     5.4 %  2025-06-04T11:42:59    17.0 s  0
6265105.python    32      1     5.7 %  2025-06-04T11:43:17    16.0 s  0
6265105.python    32      1     5.2 %  2025-06-04T11:43:33    17.0 s  0
6265105.python    32      1     5.3 %  2025-06-04T11:43:50    17.0 s  0
6265105.python    32      1     5.7 %  2025-06-04T11:44:07    16.0 s  0
6265105.python    32      1     5.4 %  2025-06-04T11:44:23    17.0 s  0
6265105.python    32      1     5.2 %  2025-06-04T11:44:40    17.0 s  0
6265105.python    32      1     5.4 %  2025-06-04T11:44:58    17.0 s  0
6265105.python    32      1     5.3 %  2025-06-04T11:45:15    17.0 s  0
6265105.python    32      1     6.0 %  2025-06-04T11:45:32    16.0 s  0
6265105.python    32      1     5.7 %  2025-06-04T11:45:49    16.0 s  0
6265105.python    32      1     5.3 %  2025-06-04T11:46:05    17.0 s  0
6265105.python    32      1     5.4 %  2025-06-04T11:46:22    17.0 s  0
6265105.python    32      1     5.1 %  2025-06-04T11:46:39    17.0 s  0
6265105.python    32      1     5.3 %  2025-06-04T11:46:56    17.0 s  0
6265105.python    32      1     5.6 %  2025-06-04T11:47:13    16.0 s  0
6265105.python    32      1     4.9 %  2025-06-04T11:47:29    18.0 s  0
6265105.python    32      1     5.5 %  2025-06-04T11:47:47    16.0 s  0
6265105.python    32      1     5.2 %  2025-06-04T11:48:03    17.0 s  0
6265105.python    32      1     5.6 %  2025-06-04T11:48:20    17.0 s  0
6265105.python    32      1     6.0 %  2025-06-04T11:48:37    16.0 s  0
6265105.python    32      1     5.6 %  2025-06-04T11:48:54    16.0 s  0
6265105.python    32      1     5.6 %  2025-06-04T11:49:11    16.0 s  0
6265105.python    32      1     5.4 %  2025-06-04T11:49:27    17.0 s  0
6265105.python    32      1     5.3 %  2025-06-04T11:49:44    17.0 s  0
6265105.python    32      1     5.7 %  2025-06-04T11:50:01    16.0 s  0
6265105.python    32      1     5.1 %  2025-06-04T11:50:17    17.0 s  0
6265105.python    32      1     5.8 %  2025-06-04T11:50:34    16.0 s  0
6265105.python    32      1     5.5 %  2025-06-04T11:50:50    17.0 s  0
6265105.python    32      1     5.4 %  2025-06-04T11:51:07    17.0 s  0
6265105.python    32      1     5.3 %  2025-06-04T11:51:24    17.0 s  0
6265105.python    32      1     5.7 %  2025-06-04T11:51:41    16.0 s  0
6265105.python    32      1     5.2 %  2025-06-04T11:51:58    18.0 s  0
6265105.python    32      1     5.8 %  2025-06-04T11:52:16    16.0 s  0
6265105.python    32      1     5.6 %  2025-06-04T11:52:32    16.0 s  0
6265105.python    32      1     5.2 %  2025-06-04T11:52:48    17.0 s  0
6265105.python    32      1     5.0 %  2025-06-04T11:53:05    18.0 s  0
6265105.python    32      1     5.7 %  2025-06-04T11:53:23    16.0 s  0
6265105.python    32      1     5.7 %  2025-06-04T11:53:40    16.0 s  0
6265105.python    32      1     5.5 %  2025-06-04T11:53:56    17.0 s  0
6265105.python    32      1     5.7 %  2025-06-04T11:54:13    16.0 s  0
6265105.python    32      1     5.8 %  2025-06-04T11:54:29    16.0 s  0
6265105.python    32      1     5.7 %  2025-06-04T11:54:45    16.0 s  0
6265105.python    32      1     5.4 %  2025-06-04T11:55:01    16.0 s  0
6265105.python    32      1     5.5 %  2025-06-04T11:55:17    17.0 s  0
6265105.python    32      1     5.6 %  2025-06-04T11:55:34    16.0 s  0
6265105.python    32      1     5.8 %  2025-06-04T11:55:50    16.0 s  0
6265105.python    32      1     5.6 %  2025-06-04T11:56:07    16.0 s  0
6265105.python    32      1     5.7 %  2025-06-04T11:56:23    16.0 s  0
6265105.python    32      1     5.8 %  2025-06-04T11:56:39    16.0 s  0
6265105.python    32      1     6.0 %  2025-06-04T11:56:55    15.0 s  0
6265105.python    32      1     5.5 %  2025-06-04T11:57:10    17.0 s  0
6265105.python    32      1     5.8 %  2025-06-04T11:57:27    16.0 s  0
6265105.python    32      1     5.8 %  2025-06-04T11:57:43    16.0 s  0
6265105.python    32      1     5.6 %  2025-06-04T11:57:59    16.0 s  0

Used CPU time:   39.5 CPU minutes
Unused CPU time: 12.5 CPU hours

Memory statistics, in GiB:
ID               Alloc   Usage
6265105           59.0        
6265105.batch     59.0     0.0
6265105.python    59.0     1.4
6265105.python    59.0     0.5
6265105.python    59.0     0.5
6265105.python    59.0     0.4
6265105.python    59.0     0.5
6265105.python    59.0     0.5
6265105.python    59.0     0.5
6265105.python    59.0     0.5
6265105.python    59.0     0.5
6265105.python    59.0     0.5
6265105.python    59.0     0.5
6265105.python    59.0     0.5
6265105.python    59.0     0.5
6265105.python    59.0     0.5
6265105.python    59.0     0.5
6265105.python    59.0     0.5
6265105.python    59.0     0.5
6265105.python    59.0     0.5
6265105.python    59.0     0.4
6265105.python    59.0     0.5
6265105.python    59.0     0.5
6265105.python    59.0     0.5
6265105.python    59.0     0.5
6265105.python    59.0     0.5
6265105.python    59.0     0.5
6265105.python    59.0     0.4
6265105.python    59.0     0.5
6265105.python    59.0     0.5
6265105.python    59.0     0.5
6265105.python    59.0     0.5
6265105.python    59.0     0.5
6265105.python    59.0     0.5
6265105.python    59.0     0.5
6265105.python    59.0     0.5
6265105.python    59.0     0.5
6265105.python    59.0     0.5
6265105.python    59.0     0.5
6265105.python    59.0     0.5
6265105.python    59.0     0.5
6265105.python    59.0     0.5
6265105.python    59.0     0.5
6265105.python    59.0     0.5
6265105.python    59.0     0.4
6265105.python    59.0     0.4
6265105.python    59.0     0.5
6265105.python    59.0     0.5
6265105.python    59.0     0.5
6265105.python    59.0     0.5
6265105.python    59.0     0.5
6265105.python    59.0     0.5
6265105.python    59.0     0.5
6265105.python    59.0     0.5
6265105.python    59.0     0.5
6265105.python    59.0     0.5
6265105.python    59.0     0.5
6265105.python    59.0     0.5
6265105.python    59.0     0.5
6265105.python    59.0     0.5
6265105.python    59.0     0.4
6265105.python    59.0     0.5
6265105.python    59.0     0.4
6265105.python    59.0     0.4
6265105.python    59.0     0.4
6265105.python    59.0     0.4
6265105.python    59.0     0.4
6265105.python    59.0     0.4
6265105.python    59.0     0.4
6265105.python    59.0     0.4
6265105.python    59.0     0.4
6265105.python    59.0     0.4
6265105.python    59.0     0.4
6265105.python    59.0     0.4
6265105.python    59.0     0.4
6265105.python    59.0     0.4
6265105.python    59.0     0.4
6265105.python    59.0     0.4
6265105.python    59.0     0.4
6265105.python    59.0     0.4
6265105.python    59.0     0.4
6265105.python    59.0     0.4
6265105.python    59.0     0.4

Job 6265105 completed at Wed Jun 4 11:58:16 CEST 2025
