Starting job 6259382 on c59-7 on fram at Tue May 27 23:11:26 CEST 2025


Currently Loaded Modules:
  1) StdEnv (S)

  Where:
   S:  Module is Sticky, requires --force to unload or purge

 


The following have been reloaded with a version change:
  1) FFTW/3.3.10-GCC-13.3.0 => FFTW/3.3.10-GCC-11.3.0
  2) FlexiBLAS/3.4.4-GCC-13.3.0 => FlexiBLAS/3.2.0-GCC-11.3.0
  3) GCC/13.3.0 => GCC/11.3.0
  4) GCCcore/13.3.0 => GCCcore/11.3.0
  5) OpenBLAS/0.3.27-GCC-13.3.0 => OpenBLAS/0.3.20-GCC-11.3.0
  6) OpenSSL/3 => OpenSSL/1.1
  7) Python/3.12.3-GCCcore-13.3.0 => Python/3.10.4-GCCcore-11.3.0
  8) SQLite/3.45.3-GCCcore-13.3.0 => SQLite/3.38.3-GCCcore-11.3.0
  9) SciPy-bundle/2024.05-gfbf-2024a => SciPy-bundle/2022.05-foss-2022a
 10) Tcl/8.6.14-GCCcore-13.3.0 => Tcl/8.6.12-GCCcore-11.3.0
 11) XZ/5.4.5-GCCcore-13.3.0 => XZ/5.2.5-GCCcore-11.3.0
 12) binutils/2.42-GCCcore-13.3.0 => binutils/2.38-GCCcore-11.3.0
 13) bzip2/1.0.8-GCCcore-13.3.0 => bzip2/1.0.8-GCCcore-11.3.0
 14) gzip/1.13-GCCcore-13.3.0 => gzip/1.12-GCCcore-11.3.0
 15) libffi/3.4.5-GCCcore-13.3.0 => libffi/3.4.2-GCCcore-11.3.0
 16) libreadline/8.2-GCCcore-13.3.0 => libreadline/8.1.2-GCCcore-11.3.0
 17) lz4/1.9.4-GCCcore-13.3.0 => lz4/1.9.3-GCCcore-11.3.0
 18) ncurses/6.5-GCCcore-13.3.0 => ncurses/6.3-GCCcore-11.3.0
 19) pybind11/2.12.0-GCC-13.3.0 => pybind11/2.9.2-GCCcore-11.3.0
 20) zlib/1.3.1-GCCcore-13.3.0 => zlib/1.2.12-GCCcore-11.3.0
 21) zstd/1.5.6-GCCcore-13.3.0 => zstd/1.5.2-GCCcore-11.3.0

Processing year: 2001, period: AMJ, time: 0
Traceback (most recent call last):
  File "/cluster/work/users/llpui9007/ndaily_runs/similarity/clean_Fmap.py", line 110, in <module>
    Fmap = np.load(Fmap_path)  # ntime [lon,lat] ntrajectories
  File "/cluster/software/SciPy-bundle/2022.05-foss-2022a/lib/python3.10/site-packages/numpy/lib/npyio.py", line 407, in load
    fid = stack.enter_context(open(os_fspath(file), "rb"))
FileNotFoundError: [Errno 2] No such file or directory: '/cluster/projects/nn8008k/lluisa/NextSIM/seas/Fmap/2001_AMJ_ic0.5_dt0.0025_DT0.1000//0_Fmap_matrix.npy'
srun: error: c59-7: task 0: Exited with exit code 1
srun: Terminating StepId=6259382.0

real	0m10.661s
user	0m0.020s
sys	0m0.041s

Job 6259382 consumed 0.1 billing hours from project nn8008k.

Submitted 2025-05-27T23:11:24; waited 2.0 seconds in the queue after becoming eligible to run.

Requested wallclock time: 6.3 hours
Elapsed wallclock time:   16.0 seconds

Job failed.

Task and CPU statistics:
ID              CPUs  Tasks  CPU util                Start  Elapsed  Exit status
6259382           32            0.0 %  2025-05-27T23:11:26   16.0 s  1
6259382.batch     32      1     0.9 %  2025-05-27T23:11:26   16.0 s  1
6259382.python    32      1     1.1 %  2025-05-27T23:11:31   11.0 s  1

Used CPU time:   8.5 CPU seconds
Unused CPU time: 8.4 CPU minutes

Memory statistics, in GiB:
ID               Alloc   Usage
6259382           59.0        
6259382.batch     59.0     0.0
6259382.python    59.0     0.2

Job 6259382 completed at Tue May 27 23:11:42 CEST 2025
Starting job 6259384 on c59-7 on fram at Tue May 27 23:14:31 CEST 2025


Currently Loaded Modules:
  1) StdEnv (S)

  Where:
   S:  Module is Sticky, requires --force to unload or purge

 


The following have been reloaded with a version change:
  1) FFTW/3.3.10-GCC-13.3.0 => FFTW/3.3.10-GCC-11.3.0
  2) FlexiBLAS/3.4.4-GCC-13.3.0 => FlexiBLAS/3.2.0-GCC-11.3.0
  3) GCC/13.3.0 => GCC/11.3.0
  4) GCCcore/13.3.0 => GCCcore/11.3.0
  5) OpenBLAS/0.3.27-GCC-13.3.0 => OpenBLAS/0.3.20-GCC-11.3.0
  6) OpenSSL/3 => OpenSSL/1.1
  7) Python/3.12.3-GCCcore-13.3.0 => Python/3.10.4-GCCcore-11.3.0
  8) SQLite/3.45.3-GCCcore-13.3.0 => SQLite/3.38.3-GCCcore-11.3.0
  9) SciPy-bundle/2024.05-gfbf-2024a => SciPy-bundle/2022.05-foss-2022a
 10) Tcl/8.6.14-GCCcore-13.3.0 => Tcl/8.6.12-GCCcore-11.3.0
 11) XZ/5.4.5-GCCcore-13.3.0 => XZ/5.2.5-GCCcore-11.3.0
 12) binutils/2.42-GCCcore-13.3.0 => binutils/2.38-GCCcore-11.3.0
 13) bzip2/1.0.8-GCCcore-13.3.0 => bzip2/1.0.8-GCCcore-11.3.0
 14) gzip/1.13-GCCcore-13.3.0 => gzip/1.12-GCCcore-11.3.0
 15) libffi/3.4.5-GCCcore-13.3.0 => libffi/3.4.2-GCCcore-11.3.0
 16) libreadline/8.2-GCCcore-13.3.0 => libreadline/8.1.2-GCCcore-11.3.0
 17) lz4/1.9.4-GCCcore-13.3.0 => lz4/1.9.3-GCCcore-11.3.0
 18) ncurses/6.5-GCCcore-13.3.0 => ncurses/6.3-GCCcore-11.3.0
 19) pybind11/2.12.0-GCC-13.3.0 => pybind11/2.9.2-GCCcore-11.3.0
 20) zlib/1.3.1-GCCcore-13.3.0 => zlib/1.2.12-GCCcore-11.3.0
 21) zstd/1.5.6-GCCcore-13.3.0 => zstd/1.5.2-GCCcore-11.3.0

Processing year: 2001, period: AMJ, time: 0
Traceback (most recent call last):
  File "/cluster/work/users/llpui9007/ndaily_runs/similarity/clean_Fmap.py", line 116, in <module>
    W_disp = np.load(W_disp_path)
NameError: name 'W_disp_path' is not defined. Did you mean: 'w_disp_path'?
srun: error: c59-7: task 0: Exited with exit code 1
srun: Terminating StepId=6259384.0

real	0m11.110s
user	0m0.019s
sys	0m0.046s

Job 6259384 consumed 0.1 billing hours from project nn8008k.

Submitted 2025-05-27T23:14:30; waited 1.0 seconds in the queue after becoming eligible to run.

Requested wallclock time: 6.3 hours
Elapsed wallclock time:   16.0 seconds

Job failed.

Task and CPU statistics:
ID              CPUs  Tasks  CPU util                Start  Elapsed  Exit status
6259384           32            0.0 %  2025-05-27T23:14:31   16.0 s  1
6259384.batch     32      1     0.9 %  2025-05-27T23:14:31   16.0 s  1
6259384.python    32      1     1.1 %  2025-05-27T23:14:36   11.0 s  1

Used CPU time:   8.5 CPU seconds
Unused CPU time: 8.4 CPU minutes

Memory statistics, in GiB:
ID               Alloc   Usage
6259384           59.0        
6259384.batch     59.0     0.0
6259384.python    59.0     0.3

Job 6259384 completed at Tue May 27 23:14:48 CEST 2025
Starting job 6259386 on c59-7 on fram at Tue May 27 23:15:58 CEST 2025


Currently Loaded Modules:
  1) StdEnv (S)

  Where:
   S:  Module is Sticky, requires --force to unload or purge

 


The following have been reloaded with a version change:
  1) FFTW/3.3.10-GCC-13.3.0 => FFTW/3.3.10-GCC-11.3.0
  2) FlexiBLAS/3.4.4-GCC-13.3.0 => FlexiBLAS/3.2.0-GCC-11.3.0
  3) GCC/13.3.0 => GCC/11.3.0
  4) GCCcore/13.3.0 => GCCcore/11.3.0
  5) OpenBLAS/0.3.27-GCC-13.3.0 => OpenBLAS/0.3.20-GCC-11.3.0
  6) OpenSSL/3 => OpenSSL/1.1
  7) Python/3.12.3-GCCcore-13.3.0 => Python/3.10.4-GCCcore-11.3.0
  8) SQLite/3.45.3-GCCcore-13.3.0 => SQLite/3.38.3-GCCcore-11.3.0
  9) SciPy-bundle/2024.05-gfbf-2024a => SciPy-bundle/2022.05-foss-2022a
 10) Tcl/8.6.14-GCCcore-13.3.0 => Tcl/8.6.12-GCCcore-11.3.0
 11) XZ/5.4.5-GCCcore-13.3.0 => XZ/5.2.5-GCCcore-11.3.0
 12) binutils/2.42-GCCcore-13.3.0 => binutils/2.38-GCCcore-11.3.0
 13) bzip2/1.0.8-GCCcore-13.3.0 => bzip2/1.0.8-GCCcore-11.3.0
 14) gzip/1.13-GCCcore-13.3.0 => gzip/1.12-GCCcore-11.3.0
 15) libffi/3.4.5-GCCcore-13.3.0 => libffi/3.4.2-GCCcore-11.3.0
 16) libreadline/8.2-GCCcore-13.3.0 => libreadline/8.1.2-GCCcore-11.3.0
 17) lz4/1.9.4-GCCcore-13.3.0 => lz4/1.9.3-GCCcore-11.3.0
 18) ncurses/6.5-GCCcore-13.3.0 => ncurses/6.3-GCCcore-11.3.0
 19) pybind11/2.12.0-GCC-13.3.0 => pybind11/2.9.2-GCCcore-11.3.0
 20) zlib/1.3.1-GCCcore-13.3.0 => zlib/1.2.12-GCCcore-11.3.0
 21) zstd/1.5.6-GCCcore-13.3.0 => zstd/1.5.2-GCCcore-11.3.0

Processing year: 2001, period: AMJ, time: 0
Traceback (most recent call last):
  File "/cluster/work/users/llpui9007/ndaily_runs/similarity/clean_Fmap.py", line 116, in <module>
    W_disp = np.load(W_disp_path)
  File "/cluster/software/SciPy-bundle/2022.05-foss-2022a/lib/python3.10/site-packages/numpy/lib/npyio.py", line 407, in load
    fid = stack.enter_context(open(os_fspath(file), "rb"))
FileNotFoundError: [Errno 2] No such file or directory: '/cluster/projects/nn8008k/lluisa/NextSIM/seas/Fmap_10days/2001_AMJ_ic0.5_dt0.0025_DT0.0100//0_W_disp.npy'
srun: error: c59-7: task 0: Exited with exit code 1
srun: Terminating StepId=6259386.0

real	0m9.797s
user	0m0.018s
sys	0m0.044s

Job 6259386 consumed 0.1 billing hours from project nn8008k.

Submitted 2025-05-27T23:15:57; waited 1.0 seconds in the queue after becoming eligible to run.

Requested wallclock time: 6.3 hours
Elapsed wallclock time:   15.0 seconds

Job failed.

Task and CPU statistics:
ID              CPUs  Tasks  CPU util                Start  Elapsed  Exit status
6259386           32            0.0 %  2025-05-27T23:15:58   15.0 s  1
6259386.batch     32      1     0.9 %  2025-05-27T23:15:58   15.0 s  1
6259386.python    32      1     1.2 %  2025-05-27T23:16:03   10.0 s  1

Used CPU time:   8.3 CPU seconds
Unused CPU time: 7.9 CPU minutes

Memory statistics, in GiB:
ID               Alloc   Usage
6259386           59.0        
6259386.batch     59.0     0.0
6259386.python    59.0     0.3

Job 6259386 completed at Tue May 27 23:16:13 CEST 2025
Starting job 6259399 on c42-10 on fram at Tue May 27 23:21:51 CEST 2025


Currently Loaded Modules:
  1) StdEnv (S)

  Where:
   S:  Module is Sticky, requires --force to unload or purge

 


The following have been reloaded with a version change:
  1) FFTW/3.3.10-GCC-13.3.0 => FFTW/3.3.10-GCC-11.3.0
  2) FlexiBLAS/3.4.4-GCC-13.3.0 => FlexiBLAS/3.2.0-GCC-11.3.0
  3) GCC/13.3.0 => GCC/11.3.0
  4) GCCcore/13.3.0 => GCCcore/11.3.0
  5) OpenBLAS/0.3.27-GCC-13.3.0 => OpenBLAS/0.3.20-GCC-11.3.0
  6) OpenSSL/3 => OpenSSL/1.1
  7) Python/3.12.3-GCCcore-13.3.0 => Python/3.10.4-GCCcore-11.3.0
  8) SQLite/3.45.3-GCCcore-13.3.0 => SQLite/3.38.3-GCCcore-11.3.0
  9) SciPy-bundle/2024.05-gfbf-2024a => SciPy-bundle/2022.05-foss-2022a
 10) Tcl/8.6.14-GCCcore-13.3.0 => Tcl/8.6.12-GCCcore-11.3.0
 11) XZ/5.4.5-GCCcore-13.3.0 => XZ/5.2.5-GCCcore-11.3.0
 12) binutils/2.42-GCCcore-13.3.0 => binutils/2.38-GCCcore-11.3.0
 13) bzip2/1.0.8-GCCcore-13.3.0 => bzip2/1.0.8-GCCcore-11.3.0
 14) gzip/1.13-GCCcore-13.3.0 => gzip/1.12-GCCcore-11.3.0
 15) libffi/3.4.5-GCCcore-13.3.0 => libffi/3.4.2-GCCcore-11.3.0
 16) libreadline/8.2-GCCcore-13.3.0 => libreadline/8.1.2-GCCcore-11.3.0
 17) lz4/1.9.4-GCCcore-13.3.0 => lz4/1.9.3-GCCcore-11.3.0
 18) ncurses/6.5-GCCcore-13.3.0 => ncurses/6.3-GCCcore-11.3.0
 19) pybind11/2.12.0-GCC-13.3.0 => pybind11/2.9.2-GCCcore-11.3.0
 20) zlib/1.3.1-GCCcore-13.3.0 => zlib/1.2.12-GCCcore-11.3.0
 21) zstd/1.5.6-GCCcore-13.3.0 => zstd/1.5.2-GCCcore-11.3.0

Processing year: 2001, period: AMJ, time: 0

real	0m21.335s
user	0m0.021s
sys	0m0.042s
Processing year: 2001, period: AMJ, time: 4
Traceback (most recent call last):
  File "/cluster/work/users/llpui9007/ndaily_runs/similarity/clean_Fmap.py", line 116, in <module>
    W_disp = np.load(W_disp_path)
  File "/cluster/software/SciPy-bundle/2022.05-foss-2022a/lib/python3.10/site-packages/numpy/lib/npyio.py", line 407, in load
    fid = stack.enter_context(open(os_fspath(file), "rb"))
FileNotFoundError: [Errno 2] No such file or directory: '/cluster/projects/nn8008k/lluisa/NextSIM/seas/Fmap_10days/2001_AMJ_ic0.5_dt0.0025_DT0.0100//1_W_disp.npy'
srun: error: c42-10: task 0: Exited with exit code 1
srun: Terminating StepId=6259399.1

real	0m5.066s
user	0m0.016s
sys	0m0.069s

Job 6259399 consumed 0.3 billing hours from project nn8008k.

Submitted 2025-05-27T23:21:25; waited 25.0 seconds in the queue after becoming eligible to run.

Requested wallclock time: 6.3 hours
Elapsed wallclock time:   32.0 seconds

Job failed.

Task and CPU statistics:
ID              CPUs  Tasks  CPU util                Start  Elapsed  Exit status
6259399           32            0.0 %  2025-05-27T23:21:50   32.0 s  1
6259399.batch     32      1     0.4 %  2025-05-27T23:21:50   32.0 s  1
6259399.python    32      1     4.3 %  2025-05-27T23:21:56   21.0 s  0
6259399.python    32      1     2.1 %  2025-05-27T23:22:17    5.0 s  1

Used CPU time:   36.9 CPU seconds
Unused CPU time: 16.5 CPU minutes

Memory statistics, in GiB:
ID               Alloc   Usage
6259399           59.0        
6259399.batch     59.0     0.0
6259399.python    59.0     0.8
6259399.python    59.0     0.1

Job 6259399 completed at Tue May 27 23:22:22 CEST 2025
