Starting job 6259393 on c4-9 on fram at Tue May 27 23:17:43 CEST 2025


Currently Loaded Modules:
  1) StdEnv (S)

  Where:
   S:  Module is Sticky, requires --force to unload or purge

 


The following have been reloaded with a version change:
  1) FFTW/3.3.10-GCC-13.3.0 => FFTW/3.3.10-GCC-11.3.0
  2) FlexiBLAS/3.4.4-GCC-13.3.0 => FlexiBLAS/3.2.0-GCC-11.3.0
  3) GCC/13.3.0 => GCC/11.3.0
  4) GCCcore/13.3.0 => GCCcore/11.3.0
  5) OpenBLAS/0.3.27-GCC-13.3.0 => OpenBLAS/0.3.20-GCC-11.3.0
  6) OpenSSL/3 => OpenSSL/1.1
  7) Python/3.12.3-GCCcore-13.3.0 => Python/3.10.4-GCCcore-11.3.0
  8) SQLite/3.45.3-GCCcore-13.3.0 => SQLite/3.38.3-GCCcore-11.3.0
  9) SciPy-bundle/2024.05-gfbf-2024a => SciPy-bundle/2022.05-foss-2022a
 10) Tcl/8.6.14-GCCcore-13.3.0 => Tcl/8.6.12-GCCcore-11.3.0
 11) XZ/5.4.5-GCCcore-13.3.0 => XZ/5.2.5-GCCcore-11.3.0
 12) binutils/2.42-GCCcore-13.3.0 => binutils/2.38-GCCcore-11.3.0
 13) bzip2/1.0.8-GCCcore-13.3.0 => bzip2/1.0.8-GCCcore-11.3.0
 14) gzip/1.13-GCCcore-13.3.0 => gzip/1.12-GCCcore-11.3.0
 15) libffi/3.4.5-GCCcore-13.3.0 => libffi/3.4.2-GCCcore-11.3.0
 16) libreadline/8.2-GCCcore-13.3.0 => libreadline/8.1.2-GCCcore-11.3.0
 17) lz4/1.9.4-GCCcore-13.3.0 => lz4/1.9.3-GCCcore-11.3.0
 18) ncurses/6.5-GCCcore-13.3.0 => ncurses/6.3-GCCcore-11.3.0
 19) pybind11/2.12.0-GCC-13.3.0 => pybind11/2.9.2-GCCcore-11.3.0
 20) zlib/1.3.1-GCCcore-13.3.0 => zlib/1.2.12-GCCcore-11.3.0
 21) zstd/1.5.6-GCCcore-13.3.0 => zstd/1.5.2-GCCcore-11.3.0

Processing year: 2010, period: JFM, time: 0

real	0m21.280s
user	0m0.020s
sys	0m0.043s
Processing year: 2010, period: JFM, time: 4

real	0m16.035s
user	0m0.019s
sys	0m0.064s
Processing year: 2010, period: JFM, time: 8

real	0m16.244s
user	0m0.015s
sys	0m0.067s
Processing year: 2010, period: JFM, time: 12

real	0m16.523s
user	0m0.017s
sys	0m0.064s
Processing year: 2010, period: JFM, time: 16

real	0m16.040s
user	0m0.021s
sys	0m0.060s
Processing year: 2010, period: JFM, time: 20

real	0m16.170s
user	0m0.013s
sys	0m0.062s
Processing year: 2010, period: JFM, time: 24

real	0m16.274s
user	0m0.018s
sys	0m0.063s
Processing year: 2010, period: JFM, time: 28
Traceback (most recent call last):
  File "/cluster/work/users/llpui9007/ndaily_runs/similarity/clean_Fmap.py", line 154, in <module>
    W_disp_cleaned = cleaner(n,n_cleaned,kill_trajectories,W_disp)
NameError: name 'W_disp' is not defined
srun: error: c4-9: task 0: Exited with exit code 1
srun: Terminating StepId=6259393.7

real	0m14.459s
user	0m0.022s
sys	0m0.060s

Job 6259393 consumed 1.2 billing hours from project nn8008k.

Submitted 2025-05-27T23:17:42; waited 1.0 seconds in the queue after becoming eligible to run.

Requested wallclock time: 6.3 hours
Elapsed wallclock time:   2.3 minutes

Job failed.

Task and CPU statistics:
ID              CPUs  Tasks  CPU util                Start  Elapsed  Exit status
6259393           32            0.0 %  2025-05-27T23:17:43  138.0 s  1
6259393.batch     32      1     0.1 %  2025-05-27T23:17:43  138.0 s  1
6259393.python    32      1     4.4 %  2025-05-27T23:17:48   21.0 s  0
6259393.python    32      1     5.5 %  2025-05-27T23:18:09   16.0 s  0
6259393.python    32      1     5.3 %  2025-05-27T23:18:25   17.0 s  0
6259393.python    32      1     5.8 %  2025-05-27T23:18:42   16.0 s  0
6259393.python    32      1     5.6 %  2025-05-27T23:18:58   16.0 s  0
6259393.python    32      1     5.5 %  2025-05-27T23:19:14   16.0 s  0
6259393.python    32      1     5.3 %  2025-05-27T23:19:30   17.0 s  0
6259393.python    32      1     6.1 %  2025-05-27T23:19:47   14.0 s  1

Used CPU time:   3.9 CPU minutes
Unused CPU time: 1.2 CPU hours

Memory statistics, in GiB:
ID               Alloc   Usage
6259393           59.0        
6259393.batch     59.0     0.0
6259393.python    59.0     0.9
6259393.python    59.0     0.4
6259393.python    59.0     0.4
6259393.python    59.0     0.4
6259393.python    59.0     0.4
6259393.python    59.0     0.4
6259393.python    59.0     0.4
6259393.python    59.0     0.2

Job 6259393 completed at Tue May 27 23:20:01 CEST 2025
Starting job 6259437 on c42-11 on fram at Tue May 27 23:22:41 CEST 2025


Currently Loaded Modules:
  1) StdEnv (S)

  Where:
   S:  Module is Sticky, requires --force to unload or purge

 


The following have been reloaded with a version change:
  1) FFTW/3.3.10-GCC-13.3.0 => FFTW/3.3.10-GCC-11.3.0
  2) FlexiBLAS/3.4.4-GCC-13.3.0 => FlexiBLAS/3.2.0-GCC-11.3.0
  3) GCC/13.3.0 => GCC/11.3.0
  4) GCCcore/13.3.0 => GCCcore/11.3.0
  5) OpenBLAS/0.3.27-GCC-13.3.0 => OpenBLAS/0.3.20-GCC-11.3.0
  6) OpenSSL/3 => OpenSSL/1.1
  7) Python/3.12.3-GCCcore-13.3.0 => Python/3.10.4-GCCcore-11.3.0
  8) SQLite/3.45.3-GCCcore-13.3.0 => SQLite/3.38.3-GCCcore-11.3.0
  9) SciPy-bundle/2024.05-gfbf-2024a => SciPy-bundle/2022.05-foss-2022a
 10) Tcl/8.6.14-GCCcore-13.3.0 => Tcl/8.6.12-GCCcore-11.3.0
 11) XZ/5.4.5-GCCcore-13.3.0 => XZ/5.2.5-GCCcore-11.3.0
 12) binutils/2.42-GCCcore-13.3.0 => binutils/2.38-GCCcore-11.3.0
 13) bzip2/1.0.8-GCCcore-13.3.0 => bzip2/1.0.8-GCCcore-11.3.0
 14) gzip/1.13-GCCcore-13.3.0 => gzip/1.12-GCCcore-11.3.0
 15) libffi/3.4.5-GCCcore-13.3.0 => libffi/3.4.2-GCCcore-11.3.0
 16) libreadline/8.2-GCCcore-13.3.0 => libreadline/8.1.2-GCCcore-11.3.0
 17) lz4/1.9.4-GCCcore-13.3.0 => lz4/1.9.3-GCCcore-11.3.0
 18) ncurses/6.5-GCCcore-13.3.0 => ncurses/6.3-GCCcore-11.3.0
 19) pybind11/2.12.0-GCC-13.3.0 => pybind11/2.9.2-GCCcore-11.3.0
 20) zlib/1.3.1-GCCcore-13.3.0 => zlib/1.2.12-GCCcore-11.3.0
 21) zstd/1.5.6-GCCcore-13.3.0 => zstd/1.5.2-GCCcore-11.3.0

Processing year: 2010, period: JFM, time: 0

real	0m21.494s
user	0m0.019s
sys	0m0.045s
Processing year: 2010, period: JFM, time: 4

real	0m16.262s
user	0m0.019s
sys	0m0.069s
Processing year: 2010, period: JFM, time: 8

real	0m16.006s
user	0m0.021s
sys	0m0.055s
Processing year: 2010, period: JFM, time: 12

real	0m15.134s
user	0m0.022s
sys	0m0.053s
Processing year: 2010, period: JFM, time: 16

real	0m16.194s
user	0m0.021s
sys	0m0.048s
Processing year: 2010, period: JFM, time: 20

real	0m16.632s
user	0m0.020s
sys	0m0.064s
Processing year: 2010, period: JFM, time: 24

real	0m16.073s
user	0m0.015s
sys	0m0.062s
Processing year: 2010, period: JFM, time: 28

real	0m16.389s
user	0m0.015s
sys	0m0.063s
Processing year: 2010, period: JFM, time: 32

real	0m15.800s
user	0m0.018s
sys	0m0.071s
Processing year: 2010, period: JFM, time: 36

real	0m16.876s
user	0m0.016s
sys	0m0.060s
Processing year: 2010, period: JFM, time: 40

real	0m16.157s
user	0m0.017s
sys	0m0.060s
Processing year: 2010, period: JFM, time: 44

real	0m16.179s
user	0m0.017s
sys	0m0.060s
Processing year: 2010, period: JFM, time: 48

real	0m16.342s
user	0m0.018s
sys	0m0.058s
Processing year: 2010, period: JFM, time: 52

real	0m16.491s
user	0m0.018s
sys	0m0.063s
Processing year: 2010, period: JFM, time: 56

real	0m16.100s
user	0m0.019s
sys	0m0.061s
Processing year: 2010, period: JFM, time: 60

real	0m16.500s
user	0m0.025s
sys	0m0.052s
Processing year: 2010, period: JFM, time: 64

real	0m16.446s
user	0m0.014s
sys	0m0.061s
Processing year: 2010, period: JFM, time: 68

real	0m16.911s
user	0m0.019s
sys	0m0.059s
Processing year: 2010, period: JFM, time: 72

real	0m16.267s
user	0m0.019s
sys	0m0.057s
Processing year: 2010, period: JFM, time: 76

real	0m15.057s
user	0m0.020s
sys	0m0.070s
Processing year: 2010, period: JFM, time: 80

real	0m16.365s
user	0m0.018s
sys	0m0.057s
Processing year: 2010, period: JFM, time: 84

real	0m15.175s
user	0m0.018s
sys	0m0.059s
Processing year: 2010, period: JFM, time: 88

real	0m16.081s
user	0m0.018s
sys	0m0.052s
Processing year: 2010, period: JFM, time: 92

real	0m16.573s
user	0m0.021s
sys	0m0.055s
Processing year: 2010, period: JFM, time: 96

real	0m16.470s
user	0m0.015s
sys	0m0.068s
Processing year: 2010, period: JFM, time: 100

real	0m16.201s
user	0m0.023s
sys	0m0.054s
Processing year: 2010, period: JFM, time: 104

real	0m16.089s
user	0m0.020s
sys	0m0.058s
Processing year: 2010, period: JFM, time: 108

real	0m16.646s
user	0m0.020s
sys	0m0.059s
Processing year: 2010, period: JFM, time: 112

real	0m16.017s
user	0m0.018s
sys	0m0.067s
Processing year: 2010, period: JFM, time: 116

real	0m16.225s
user	0m0.025s
sys	0m0.051s
Processing year: 2010, period: JFM, time: 120

real	0m16.387s
user	0m0.021s
sys	0m0.057s
Processing year: 2010, period: JFM, time: 124

real	0m16.310s
user	0m0.016s
sys	0m0.063s
Processing year: 2010, period: JFM, time: 128

real	0m15.868s
user	0m0.021s
sys	0m0.060s
Processing year: 2010, period: JFM, time: 132

real	0m16.885s
user	0m0.020s
sys	0m0.061s
Processing year: 2010, period: JFM, time: 136

real	0m16.060s
user	0m0.016s
sys	0m0.062s
Processing year: 2010, period: JFM, time: 140

real	0m15.902s
user	0m0.018s
sys	0m0.060s
Processing year: 2010, period: JFM, time: 144

real	0m16.163s
user	0m0.018s
sys	0m0.060s
Processing year: 2010, period: JFM, time: 148

real	0m15.777s
user	0m0.019s
sys	0m0.062s
Processing year: 2010, period: JFM, time: 152

real	0m15.902s
user	0m0.018s
sys	0m0.061s
Processing year: 2010, period: JFM, time: 156

real	0m16.148s
user	0m0.022s
sys	0m0.054s
Processing year: 2010, period: JFM, time: 160

real	0m16.134s
user	0m0.017s
sys	0m0.060s
Processing year: 2010, period: JFM, time: 164

real	0m16.126s
user	0m0.020s
sys	0m0.059s
Processing year: 2010, period: JFM, time: 168

real	0m16.136s
user	0m0.021s
sys	0m0.059s
Processing year: 2010, period: JFM, time: 172

real	0m16.306s
user	0m0.017s
sys	0m0.058s
Processing year: 2010, period: JFM, time: 176

real	0m16.168s
user	0m0.021s
sys	0m0.054s
Processing year: 2010, period: JFM, time: 180

real	0m16.109s
user	0m0.020s
sys	0m0.068s
Processing year: 2010, period: JFM, time: 184

real	0m16.266s
user	0m0.021s
sys	0m0.057s
Processing year: 2010, period: JFM, time: 188

real	0m15.840s
user	0m0.023s
sys	0m0.062s
Processing year: 2010, period: JFM, time: 192

real	0m15.884s
user	0m0.018s
sys	0m0.062s
Processing year: 2010, period: JFM, time: 196

real	0m16.168s
user	0m0.023s
sys	0m0.059s
Processing year: 2010, period: JFM, time: 200

real	0m16.084s
user	0m0.018s
sys	0m0.062s
Processing year: 2010, period: JFM, time: 204

real	0m16.151s
user	0m0.019s
sys	0m0.059s
Processing year: 2010, period: JFM, time: 208

real	0m16.154s
user	0m0.021s
sys	0m0.055s
Processing year: 2010, period: JFM, time: 212

real	0m16.279s
user	0m0.017s
sys	0m0.059s
Processing year: 2010, period: JFM, time: 216

real	0m16.183s
user	0m0.021s
sys	0m0.056s
Processing year: 2010, period: JFM, time: 220

real	0m16.137s
user	0m0.018s
sys	0m0.059s
Processing year: 2010, period: JFM, time: 224

real	0m16.257s
user	0m0.024s
sys	0m0.061s
Processing year: 2010, period: JFM, time: 228

real	0m16.450s
user	0m0.020s
sys	0m0.065s
Processing year: 2010, period: JFM, time: 232

real	0m16.406s
user	0m0.023s
sys	0m0.062s
Processing year: 2010, period: JFM, time: 236

real	0m16.196s
user	0m0.017s
sys	0m0.061s
Processing year: 2010, period: JFM, time: 240

real	0m16.256s
user	0m0.028s
sys	0m0.056s
Processing year: 2010, period: JFM, time: 244

real	0m16.003s
user	0m0.019s
sys	0m0.058s
Processing year: 2010, period: JFM, time: 248

real	0m16.644s
user	0m0.022s
sys	0m0.056s
Processing year: 2010, period: JFM, time: 252

real	0m16.162s
user	0m0.017s
sys	0m0.060s
Processing year: 2010, period: JFM, time: 256

real	0m16.332s
user	0m0.015s
sys	0m0.063s
Processing year: 2010, period: JFM, time: 260

real	0m16.273s
user	0m0.021s
sys	0m0.067s
Processing year: 2010, period: JFM, time: 264

real	0m16.310s
user	0m0.023s
sys	0m0.055s
Processing year: 2010, period: JFM, time: 268

real	0m16.274s
user	0m0.016s
sys	0m0.058s
Processing year: 2010, period: JFM, time: 272

real	0m16.364s
user	0m0.020s
sys	0m0.058s
Processing year: 2010, period: JFM, time: 276

real	0m16.591s
user	0m0.022s
sys	0m0.057s
Processing year: 2010, period: JFM, time: 280

real	0m16.035s
user	0m0.021s
sys	0m0.061s
Processing year: 2010, period: JFM, time: 284

real	0m16.149s
user	0m0.019s
sys	0m0.057s
Processing year: 2010, period: JFM, time: 288

real	0m16.029s
user	0m0.013s
sys	0m0.065s
Processing year: 2010, period: JFM, time: 292

real	0m16.101s
user	0m0.019s
sys	0m0.060s
Processing year: 2010, period: JFM, time: 296

real	0m16.276s
user	0m0.018s
sys	0m0.059s
Processing year: 2010, period: JFM, time: 300

real	0m16.324s
user	0m0.017s
sys	0m0.060s
Processing year: 2010, period: JFM, time: 304

real	0m16.482s
user	0m0.019s
sys	0m0.058s
Processing year: 2010, period: JFM, time: 308

real	0m16.705s
user	0m0.018s
sys	0m0.060s
Processing year: 2010, period: JFM, time: 312

real	0m16.375s
user	0m0.022s
sys	0m0.054s
Processing year: 2010, period: JFM, time: 316

real	0m16.821s
user	0m0.021s
sys	0m0.056s
Processing year: 2010, period: JFM, time: 320

real	0m16.826s
user	0m0.020s
sys	0m0.065s
EBVERSIONNUMACTL=2.0.14
SLURM_JOB_NUM_NODES=1
EBROOTNUMACTL=/cluster/software/numactl/2.0.14-GCCcore-11.3.0
EBDEVELNUMACTL=/cluster/software/numactl/2.0.14-GCCcore-11.3.0/easybuild/numactl-2.0.14-GCCcore-11.3.0-easybuild-devel
OMP_NUM_THREADS=32

Job 6259437 consumed 11.8 billing hours from project nn8008k.

Submitted 2025-05-27T23:22:40; waited 1.0 seconds in the queue after becoming eligible to run.

Requested wallclock time: 6.3 hours
Elapsed wallclock time:   22.1 minutes

Job exited normally.

Task and CPU statistics:
ID              CPUs  Tasks  CPU util                Start   Elapsed  Exit status
6259437           32            0.0 %  2025-05-27T23:22:41  1325.0 s  0
6259437.batch     32      1     0.0 %  2025-05-27T23:22:41  1325.0 s  0
6259437.python    32      1     4.3 %  2025-05-27T23:22:46    22.0 s  0
6259437.python    32      1     5.6 %  2025-05-27T23:23:08    16.0 s  0
6259437.python    32      1     5.5 %  2025-05-27T23:23:24    16.0 s  0
6259437.python    32      1     5.8 %  2025-05-27T23:23:40    15.0 s  0
6259437.python    32      1     5.8 %  2025-05-27T23:23:55    16.0 s  0
6259437.python    32      1     5.3 %  2025-05-27T23:24:11    17.0 s  0
6259437.python    32      1     5.6 %  2025-05-27T23:24:28    16.0 s  0
6259437.python    32      1     5.5 %  2025-05-27T23:24:44    16.0 s  0
6259437.python    32      1     5.8 %  2025-05-27T23:25:00    16.0 s  0
6259437.python    32      1     5.1 %  2025-05-27T23:25:16    17.0 s  0
6259437.python    32      1     5.8 %  2025-05-27T23:25:33    16.0 s  0
6259437.python    32      1     5.7 %  2025-05-27T23:25:49    16.0 s  0
6259437.python    32      1     5.2 %  2025-05-27T23:26:05    17.0 s  0
6259437.python    32      1     5.7 %  2025-05-27T23:26:22    16.0 s  0
6259437.python    32      1     5.8 %  2025-05-27T23:26:38    16.0 s  0
6259437.python    32      1     5.2 %  2025-05-27T23:26:54    17.0 s  0
6259437.python    32      1     5.4 %  2025-05-27T23:27:11    16.0 s  0
6259437.python    32      1     5.3 %  2025-05-27T23:27:27    17.0 s  0
6259437.python    32      1     5.7 %  2025-05-27T23:27:44    16.0 s  0
6259437.python    32      1     6.0 %  2025-05-27T23:28:00    15.0 s  0
6259437.python    32      1     5.4 %  2025-05-27T23:28:16    16.0 s  0
6259437.python    32      1     6.2 %  2025-05-27T23:28:32    15.0 s  0
6259437.python    32      1     5.6 %  2025-05-27T23:28:47    16.0 s  0
6259437.python    32      1     5.3 %  2025-05-27T23:29:03    17.0 s  0
6259437.python    32      1     5.5 %  2025-05-27T23:29:20    16.0 s  0
6259437.python    32      1     5.7 %  2025-05-27T23:29:36    16.0 s  0
6259437.python    32      1     5.6 %  2025-05-27T23:29:52    16.0 s  0
6259437.python    32      1     5.2 %  2025-05-27T23:30:08    17.0 s  0
6259437.python    32      1     5.8 %  2025-05-27T23:30:25    16.0 s  0
6259437.python    32      1     5.4 %  2025-05-27T23:30:41    16.0 s  0
6259437.python    32      1     5.3 %  2025-05-27T23:30:57    17.0 s  0
6259437.python    32      1     5.8 %  2025-05-27T23:31:14    16.0 s  0
6259437.python    32      1     5.6 %  2025-05-27T23:31:30    16.0 s  0
6259437.python    32      1     5.3 %  2025-05-27T23:31:46    17.0 s  0
6259437.python    32      1     5.4 %  2025-05-27T23:32:03    16.0 s  0
6259437.python    32      1     5.8 %  2025-05-27T23:32:19    16.0 s  0
6259437.python    32      1     5.7 %  2025-05-27T23:32:35    16.0 s  0
6259437.python    32      1     5.8 %  2025-05-27T23:32:51    16.0 s  0
6259437.python    32      1     6.2 %  2025-05-27T23:33:07    15.0 s  0
6259437.python    32      1     5.7 %  2025-05-27T23:33:23    16.0 s  0
6259437.python    32      1     5.6 %  2025-05-27T23:33:39    16.0 s  0
6259437.python    32      1     5.6 %  2025-05-27T23:33:55    16.0 s  0
6259437.python    32      1     5.8 %  2025-05-27T23:34:11    16.0 s  0
6259437.python    32      1     5.6 %  2025-05-27T23:34:27    16.0 s  0
6259437.python    32      1     5.2 %  2025-05-27T23:34:43    17.0 s  0
6259437.python    32      1     5.8 %  2025-05-27T23:35:00    16.0 s  0
6259437.python    32      1     5.7 %  2025-05-27T23:35:16    16.0 s  0
6259437.python    32      1     5.6 %  2025-05-27T23:35:32    16.0 s  0
6259437.python    32      1     5.5 %  2025-05-27T23:35:48    16.0 s  0
6259437.python    32      1     5.7 %  2025-05-27T23:36:04    16.0 s  0
6259437.python    32      1     5.8 %  2025-05-27T23:36:20    16.0 s  0
6259437.python    32      1     5.6 %  2025-05-27T23:36:36    16.0 s  0
6259437.python    32      1     5.6 %  2025-05-27T23:36:52    16.0 s  0
6259437.python    32      1     5.5 %  2025-05-27T23:37:08    16.0 s  0
6259437.python    32      1     5.6 %  2025-05-27T23:37:25    16.0 s  0
6259437.python    32      1     5.6 %  2025-05-27T23:37:41    16.0 s  0
6259437.python    32      1     5.8 %  2025-05-27T23:37:57    16.0 s  0
6259437.python    32      1     5.7 %  2025-05-27T23:38:13    16.0 s  0
6259437.python    32      1     5.8 %  2025-05-27T23:38:30    16.0 s  0
6259437.python    32      1     5.7 %  2025-05-27T23:38:46    16.0 s  0
6259437.python    32      1     5.8 %  2025-05-27T23:39:02    16.0 s  0
6259437.python    32      1     5.6 %  2025-05-27T23:39:18    16.0 s  0
6259437.python    32      1     5.2 %  2025-05-27T23:39:34    17.0 s  0
6259437.python    32      1     5.8 %  2025-05-27T23:39:51    16.0 s  0
6259437.python    32      1     5.8 %  2025-05-27T23:40:07    16.0 s  0
6259437.python    32      1     5.8 %  2025-05-27T23:40:24    16.0 s  0
6259437.python    32      1     5.7 %  2025-05-27T23:40:40    16.0 s  0
6259437.python    32      1     5.5 %  2025-05-27T23:40:56    16.0 s  0
6259437.python    32      1     5.1 %  2025-05-27T23:41:12    17.0 s  0
6259437.python    32      1     5.5 %  2025-05-27T23:41:29    16.0 s  0
6259437.python    32      1     5.7 %  2025-05-27T23:41:45    16.0 s  0
6259437.python    32      1     5.8 %  2025-05-27T23:42:01    16.0 s  0
6259437.python    32      1     5.8 %  2025-05-27T23:42:18    16.0 s  0
6259437.python    32      1     5.6 %  2025-05-27T23:42:34    16.0 s  0
6259437.python    32      1     5.8 %  2025-05-27T23:42:50    16.0 s  0
6259437.python    32      1     5.8 %  2025-05-27T23:43:06    16.0 s  0
6259437.python    32      1     5.2 %  2025-05-27T23:43:22    17.0 s  0
6259437.python    32      1     5.5 %  2025-05-27T23:43:39    16.0 s  0
6259437.python    32      1     5.8 %  2025-05-27T23:43:56    16.0 s  0
6259437.python    32      1     5.4 %  2025-05-27T23:44:12    17.0 s  0
6259437.python    32      1     5.6 %  2025-05-27T23:44:29    16.0 s  0

Used CPU time:   39.2 CPU minutes
Unused CPU time: 11.1 CPU hours

Memory statistics, in GiB:
ID               Alloc   Usage
6259437           59.0        
6259437.batch     59.0     0.0
6259437.python    59.0     0.9
6259437.python    59.0     0.4
6259437.python    59.0     0.4
6259437.python    59.0     0.4
6259437.python    59.0     0.4
6259437.python    59.0     0.4
6259437.python    59.0     0.4
6259437.python    59.0     0.4
6259437.python    59.0     0.4
6259437.python    59.0     0.4
6259437.python    59.0     0.4
6259437.python    59.0     0.4
6259437.python    59.0     0.4
6259437.python    59.0     0.4
6259437.python    59.0     0.4
6259437.python    59.0     0.4
6259437.python    59.0     0.4
6259437.python    59.0     0.4
6259437.python    59.0     0.4
6259437.python    59.0     0.4
6259437.python    59.0     0.4
6259437.python    59.0     0.4
6259437.python    59.0     0.4
6259437.python    59.0     0.4
6259437.python    59.0     0.4
6259437.python    59.0     0.4
6259437.python    59.0     0.4
6259437.python    59.0     0.4
6259437.python    59.0     0.4
6259437.python    59.0     0.4
6259437.python    59.0     0.4
6259437.python    59.0     0.4
6259437.python    59.0     0.4
6259437.python    59.0     0.4
6259437.python    59.0     0.4
6259437.python    59.0     0.4
6259437.python    59.0     0.4
6259437.python    59.0     0.4
6259437.python    59.0     0.4
6259437.python    59.0     0.4
6259437.python    59.0     0.4
6259437.python    59.0     0.4
6259437.python    59.0     0.4
6259437.python    59.0     0.4
6259437.python    59.0     0.4
6259437.python    59.0     0.4
6259437.python    59.0     0.4
6259437.python    59.0     0.4
6259437.python    59.0     0.5
6259437.python    59.0     0.5
6259437.python    59.0     0.5
6259437.python    59.0     0.5
6259437.python    59.0     0.5
6259437.python    59.0     0.5
6259437.python    59.0     0.5
6259437.python    59.0     0.5
6259437.python    59.0     0.5
6259437.python    59.0     0.4
6259437.python    59.0     0.5
6259437.python    59.0     0.5
6259437.python    59.0     0.5
6259437.python    59.0     0.5
6259437.python    59.0     0.5
6259437.python    59.0     0.5
6259437.python    59.0     0.5
6259437.python    59.0     0.5
6259437.python    59.0     0.5
6259437.python    59.0     0.5
6259437.python    59.0     0.5
6259437.python    59.0     0.5
6259437.python    59.0     0.5
6259437.python    59.0     0.5
6259437.python    59.0     0.5
6259437.python    59.0     0.5
6259437.python    59.0     0.5
6259437.python    59.0     0.4
6259437.python    59.0     0.5
6259437.python    59.0     0.5
6259437.python    59.0     0.5
6259437.python    59.0     0.5
6259437.python    59.0     0.5

Job 6259437 completed at Tue May 27 23:44:46 CEST 2025
