Starting job 6259418 on c7-6 on fram at Tue May 27 23:21:51 CEST 2025


Currently Loaded Modules:
  1) StdEnv (S)

  Where:
   S:  Module is Sticky, requires --force to unload or purge

 


The following have been reloaded with a version change:
  1) FFTW/3.3.10-GCC-13.3.0 => FFTW/3.3.10-GCC-11.3.0
  2) FlexiBLAS/3.4.4-GCC-13.3.0 => FlexiBLAS/3.2.0-GCC-11.3.0
  3) GCC/13.3.0 => GCC/11.3.0
  4) GCCcore/13.3.0 => GCCcore/11.3.0
  5) OpenBLAS/0.3.27-GCC-13.3.0 => OpenBLAS/0.3.20-GCC-11.3.0
  6) OpenSSL/3 => OpenSSL/1.1
  7) Python/3.12.3-GCCcore-13.3.0 => Python/3.10.4-GCCcore-11.3.0
  8) SQLite/3.45.3-GCCcore-13.3.0 => SQLite/3.38.3-GCCcore-11.3.0
  9) SciPy-bundle/2024.05-gfbf-2024a => SciPy-bundle/2022.05-foss-2022a
 10) Tcl/8.6.14-GCCcore-13.3.0 => Tcl/8.6.12-GCCcore-11.3.0
 11) XZ/5.4.5-GCCcore-13.3.0 => XZ/5.2.5-GCCcore-11.3.0
 12) binutils/2.42-GCCcore-13.3.0 => binutils/2.38-GCCcore-11.3.0
 13) bzip2/1.0.8-GCCcore-13.3.0 => bzip2/1.0.8-GCCcore-11.3.0
 14) gzip/1.13-GCCcore-13.3.0 => gzip/1.12-GCCcore-11.3.0
 15) libffi/3.4.5-GCCcore-13.3.0 => libffi/3.4.2-GCCcore-11.3.0
 16) libreadline/8.2-GCCcore-13.3.0 => libreadline/8.1.2-GCCcore-11.3.0
 17) lz4/1.9.4-GCCcore-13.3.0 => lz4/1.9.3-GCCcore-11.3.0
 18) ncurses/6.5-GCCcore-13.3.0 => ncurses/6.3-GCCcore-11.3.0
 19) pybind11/2.12.0-GCC-13.3.0 => pybind11/2.9.2-GCCcore-11.3.0
 20) zlib/1.3.1-GCCcore-13.3.0 => zlib/1.2.12-GCCcore-11.3.0
 21) zstd/1.5.6-GCCcore-13.3.0 => zstd/1.5.2-GCCcore-11.3.0

Processing year: 2005, period: JAS, time: 0

real	0m18.880s
user	0m0.015s
sys	0m0.047s
Processing year: 2005, period: JAS, time: 4
Traceback (most recent call last):
  File "/cluster/work/users/llpui9007/ndaily_runs/similarity/clean_Fmap.py", line 116, in <module>
    W_disp = np.load(W_disp_path)
NameError: name 'W_disp_path' is not defined. Did you mean: '_disp_path'?
srun: error: c7-6: task 0: Exited with exit code 1
srun: Terminating StepId=6259418.1

real	0m4.922s
user	0m0.020s
sys	0m0.061s

Job 6259418 consumed 0.3 billing hours from project nn8008k.

Submitted 2025-05-27T23:21:25; waited 25.0 seconds in the queue after becoming eligible to run.

Requested wallclock time: 6.3 hours
Elapsed wallclock time:   30.0 seconds

Job failed.

Task and CPU statistics:
ID              CPUs  Tasks  CPU util                Start  Elapsed  Exit status
6259418           32            0.0 %  2025-05-27T23:21:50   30.0 s  1
6259418.batch     32      1     0.5 %  2025-05-27T23:21:50   30.0 s  1
6259418.python    32      1     4.7 %  2025-05-27T23:21:56   19.0 s  0
6259418.python    32      1     2.0 %  2025-05-27T23:22:15    5.0 s  1

Used CPU time:   36.5 CPU seconds
Unused CPU time: 15.4 CPU minutes

Memory statistics, in GiB:
ID               Alloc   Usage
6259418           59.0        
6259418.batch     59.0     0.0
6259418.python    59.0     0.7
6259418.python    59.0     0.1

Job 6259418 completed at Tue May 27 23:22:20 CEST 2025
