Starting job 6259390 on c4-2 on fram at Tue May 27 23:17:43 CEST 2025


Currently Loaded Modules:
  1) StdEnv (S)

  Where:
   S:  Module is Sticky, requires --force to unload or purge

 


The following have been reloaded with a version change:
  1) FFTW/3.3.10-GCC-13.3.0 => FFTW/3.3.10-GCC-11.3.0
  2) FlexiBLAS/3.4.4-GCC-13.3.0 => FlexiBLAS/3.2.0-GCC-11.3.0
  3) GCC/13.3.0 => GCC/11.3.0
  4) GCCcore/13.3.0 => GCCcore/11.3.0
  5) OpenBLAS/0.3.27-GCC-13.3.0 => OpenBLAS/0.3.20-GCC-11.3.0
  6) OpenSSL/3 => OpenSSL/1.1
  7) Python/3.12.3-GCCcore-13.3.0 => Python/3.10.4-GCCcore-11.3.0
  8) SQLite/3.45.3-GCCcore-13.3.0 => SQLite/3.38.3-GCCcore-11.3.0
  9) SciPy-bundle/2024.05-gfbf-2024a => SciPy-bundle/2022.05-foss-2022a
 10) Tcl/8.6.14-GCCcore-13.3.0 => Tcl/8.6.12-GCCcore-11.3.0
 11) XZ/5.4.5-GCCcore-13.3.0 => XZ/5.2.5-GCCcore-11.3.0
 12) binutils/2.42-GCCcore-13.3.0 => binutils/2.38-GCCcore-11.3.0
 13) bzip2/1.0.8-GCCcore-13.3.0 => bzip2/1.0.8-GCCcore-11.3.0
 14) gzip/1.13-GCCcore-13.3.0 => gzip/1.12-GCCcore-11.3.0
 15) libffi/3.4.5-GCCcore-13.3.0 => libffi/3.4.2-GCCcore-11.3.0
 16) libreadline/8.2-GCCcore-13.3.0 => libreadline/8.1.2-GCCcore-11.3.0
 17) lz4/1.9.4-GCCcore-13.3.0 => lz4/1.9.3-GCCcore-11.3.0
 18) ncurses/6.5-GCCcore-13.3.0 => ncurses/6.3-GCCcore-11.3.0
 19) pybind11/2.12.0-GCC-13.3.0 => pybind11/2.9.2-GCCcore-11.3.0
 20) zlib/1.3.1-GCCcore-13.3.0 => zlib/1.2.12-GCCcore-11.3.0
 21) zstd/1.5.6-GCCcore-13.3.0 => zstd/1.5.2-GCCcore-11.3.0

Processing year: 2009, period: JAS, time: 0

real	0m21.095s
user	0m0.013s
sys	0m0.050s
Processing year: 2009, period: JAS, time: 4

real	0m14.994s
user	0m0.021s
sys	0m0.061s
Processing year: 2009, period: JAS, time: 8

real	0m15.083s
user	0m0.013s
sys	0m0.067s
Processing year: 2009, period: JAS, time: 12

real	0m16.357s
user	0m0.024s
sys	0m0.054s
Processing year: 2009, period: JAS, time: 16

real	0m14.825s
user	0m0.018s
sys	0m0.067s
Processing year: 2009, period: JAS, time: 20

real	0m14.601s
user	0m0.017s
sys	0m0.071s
Processing year: 2009, period: JAS, time: 24

real	0m14.867s
user	0m0.018s
sys	0m0.072s
Processing year: 2009, period: JAS, time: 28

real	0m14.743s
user	0m0.018s
sys	0m0.062s
Processing year: 2009, period: JAS, time: 32
Traceback (most recent call last):
  File "/cluster/work/users/llpui9007/ndaily_runs/similarity/clean_Fmap.py", line 154, in <module>
    #W_disp_cleaned = cleaner(n,n_cleaned,kill_trajectories,W_disp)
NameError: name 'W_disp' is not defined
srun: error: c4-2: task 0: Exited with exit code 1
srun: Terminating StepId=6259390.8

real	0m12.360s
user	0m0.020s
sys	0m0.058s

Job 6259390 consumed 1.3 billing hours from project nn8008k.

Submitted 2025-05-27T23:17:42; waited 1.0 seconds in the queue after becoming eligible to run.

Requested wallclock time: 6.3 hours
Elapsed wallclock time:   2.4 minutes

Job failed.

Task and CPU statistics:
ID              CPUs  Tasks  CPU util                Start  Elapsed  Exit status
6259390           32            0.0 %  2025-05-27T23:17:43  144.0 s  1
6259390.batch     32      1     0.1 %  2025-05-27T23:17:43  144.0 s  1
6259390.python    32      1     4.3 %  2025-05-27T23:17:48   21.0 s  0
6259390.python    32      1     5.6 %  2025-05-27T23:18:09   15.0 s  0
6259390.python    32      1     5.9 %  2025-05-27T23:18:24   15.0 s  0
6259390.python    32      1     5.1 %  2025-05-27T23:18:39   17.0 s  0
6259390.python    32      1     6.1 %  2025-05-27T23:18:56   14.0 s  0
6259390.python    32      1     5.5 %  2025-05-27T23:19:10   15.0 s  0
6259390.python    32      1     5.9 %  2025-05-27T23:19:25   15.0 s  0
6259390.python    32      1     6.0 %  2025-05-27T23:19:40   15.0 s  0
6259390.python    32      1     7.2 %  2025-05-27T23:19:55   12.0 s  1

Used CPU time:   4.2 CPU minutes
Unused CPU time: 1.2 CPU hours

Memory statistics, in GiB:
ID               Alloc   Usage
6259390           59.0        
6259390.batch     59.0     0.0
6259390.python    59.0     0.8
6259390.python    59.0     0.3
6259390.python    59.0     0.3
6259390.python    59.0     0.3
6259390.python    59.0     0.3
6259390.python    59.0     0.3
6259390.python    59.0     0.3
6259390.python    59.0     0.3
6259390.python    59.0     0.1

Job 6259390 completed at Tue May 27 23:20:07 CEST 2025
Starting job 6259434 on c41-8 on fram at Tue May 27 23:22:41 CEST 2025


Currently Loaded Modules:
  1) StdEnv (S)

  Where:
   S:  Module is Sticky, requires --force to unload or purge

 


The following have been reloaded with a version change:
  1) FFTW/3.3.10-GCC-13.3.0 => FFTW/3.3.10-GCC-11.3.0
  2) FlexiBLAS/3.4.4-GCC-13.3.0 => FlexiBLAS/3.2.0-GCC-11.3.0
  3) GCC/13.3.0 => GCC/11.3.0
  4) GCCcore/13.3.0 => GCCcore/11.3.0
  5) OpenBLAS/0.3.27-GCC-13.3.0 => OpenBLAS/0.3.20-GCC-11.3.0
  6) OpenSSL/3 => OpenSSL/1.1
  7) Python/3.12.3-GCCcore-13.3.0 => Python/3.10.4-GCCcore-11.3.0
  8) SQLite/3.45.3-GCCcore-13.3.0 => SQLite/3.38.3-GCCcore-11.3.0
  9) SciPy-bundle/2024.05-gfbf-2024a => SciPy-bundle/2022.05-foss-2022a
 10) Tcl/8.6.14-GCCcore-13.3.0 => Tcl/8.6.12-GCCcore-11.3.0
 11) XZ/5.4.5-GCCcore-13.3.0 => XZ/5.2.5-GCCcore-11.3.0
 12) binutils/2.42-GCCcore-13.3.0 => binutils/2.38-GCCcore-11.3.0
 13) bzip2/1.0.8-GCCcore-13.3.0 => bzip2/1.0.8-GCCcore-11.3.0
 14) gzip/1.13-GCCcore-13.3.0 => gzip/1.12-GCCcore-11.3.0
 15) libffi/3.4.5-GCCcore-13.3.0 => libffi/3.4.2-GCCcore-11.3.0
 16) libreadline/8.2-GCCcore-13.3.0 => libreadline/8.1.2-GCCcore-11.3.0
 17) lz4/1.9.4-GCCcore-13.3.0 => lz4/1.9.3-GCCcore-11.3.0
 18) ncurses/6.5-GCCcore-13.3.0 => ncurses/6.3-GCCcore-11.3.0
 19) pybind11/2.12.0-GCC-13.3.0 => pybind11/2.9.2-GCCcore-11.3.0
 20) zlib/1.3.1-GCCcore-13.3.0 => zlib/1.2.12-GCCcore-11.3.0
 21) zstd/1.5.6-GCCcore-13.3.0 => zstd/1.5.2-GCCcore-11.3.0

Processing year: 2009, period: JAS, time: 0

real	0m21.164s
user	0m0.020s
sys	0m0.047s
Processing year: 2009, period: JAS, time: 4

real	0m15.208s
user	0m0.022s
sys	0m0.058s
Processing year: 2009, period: JAS, time: 8

real	0m15.143s
user	0m0.016s
sys	0m0.062s
Processing year: 2009, period: JAS, time: 12

real	0m15.275s
user	0m0.022s
sys	0m0.054s
Processing year: 2009, period: JAS, time: 16

real	0m14.782s
user	0m0.020s
sys	0m0.058s
Processing year: 2009, period: JAS, time: 20

real	0m14.748s
user	0m0.019s
sys	0m0.057s
Processing year: 2009, period: JAS, time: 24

real	0m14.441s
user	0m0.022s
sys	0m0.054s
Processing year: 2009, period: JAS, time: 28

real	0m14.673s
user	0m0.016s
sys	0m0.062s
Processing year: 2009, period: JAS, time: 32

real	0m14.493s
user	0m0.018s
sys	0m0.064s
Processing year: 2009, period: JAS, time: 36

real	0m14.527s
user	0m0.021s
sys	0m0.060s
Processing year: 2009, period: JAS, time: 40

real	0m14.353s
user	0m0.017s
sys	0m0.066s
Processing year: 2009, period: JAS, time: 44

real	0m14.570s
user	0m0.017s
sys	0m0.062s
Processing year: 2009, period: JAS, time: 48

real	0m14.508s
user	0m0.017s
sys	0m0.062s
Processing year: 2009, period: JAS, time: 52

real	0m14.381s
user	0m0.020s
sys	0m0.060s
Processing year: 2009, period: JAS, time: 56
Traceback (most recent call last):
  File "/cluster/work/users/llpui9007/ndaily_runs/similarity/clean_Fmap.py", line 115, in <module>
    W_vec = np.load(W_path)
  File "/cluster/software/SciPy-bundle/2022.05-foss-2022a/lib/python3.10/site-packages/numpy/lib/npyio.py", line 430, in load
    return format.read_array(fid, allow_pickle=allow_pickle,
  File "/cluster/software/SciPy-bundle/2022.05-foss-2022a/lib/python3.10/site-packages/numpy/lib/format.py", line 786, in read_array
    array.shape = shape
ValueError: cannot reshape array of size 1445360 into shape (4003035,)
srun: error: c41-8: task 0: Exited with exit code 1
srun: Terminating StepId=6259434.14

real	0m4.711s
user	0m0.019s
sys	0m0.062s

Job 6259434 consumed 2.0 billing hours from project nn8008k.

Submitted 2025-05-27T23:22:40; waited 1.0 seconds in the queue after becoming eligible to run.

Requested wallclock time: 6.3 hours
Elapsed wallclock time:   3.7 minutes

Job failed.

Task and CPU statistics:
ID              CPUs  Tasks  CPU util                Start  Elapsed  Exit status
6259434           32            0.0 %  2025-05-27T23:22:41  222.0 s  1
6259434.batch     32      1     0.1 %  2025-05-27T23:22:41  222.0 s  1
6259434.python    32      1     4.1 %  2025-05-27T23:22:46   21.0 s  0
6259434.python    32      1     5.6 %  2025-05-27T23:23:07   15.0 s  0
6259434.python    32      1     5.6 %  2025-05-27T23:23:22   15.0 s  0
6259434.python    32      1     5.6 %  2025-05-27T23:23:38   15.0 s  0
6259434.python    32      1     5.7 %  2025-05-27T23:23:53   15.0 s  0
6259434.python    32      1     5.9 %  2025-05-27T23:24:08   14.0 s  0
6259434.python    32      1     5.7 %  2025-05-27T23:24:22   15.0 s  0
6259434.python    32      1     6.1 %  2025-05-27T23:24:37   14.0 s  0
6259434.python    32      1     5.9 %  2025-05-27T23:24:52   14.0 s  0
6259434.python    32      1     6.1 %  2025-05-27T23:25:06   14.0 s  0
6259434.python    32      1     6.1 %  2025-05-27T23:25:21   14.0 s  0
6259434.python    32      1     6.1 %  2025-05-27T23:25:35   14.0 s  0
6259434.python    32      1     5.7 %  2025-05-27T23:25:49   15.0 s  0
6259434.python    32      1     6.1 %  2025-05-27T23:26:04   14.0 s  0
6259434.python    32      1     2.0 %  2025-05-27T23:26:18    5.0 s  1

Used CPU time:   6.5 CPU minutes
Unused CPU time: 1.9 CPU hours

Memory statistics, in GiB:
ID               Alloc   Usage
6259434           59.0        
6259434.batch     59.0     0.0
6259434.python    59.0     0.8
6259434.python    59.0     0.3
6259434.python    59.0     0.3
6259434.python    59.0     0.3
6259434.python    59.0     0.3
6259434.python    59.0     0.3
6259434.python    59.0     0.3
6259434.python    59.0     0.3
6259434.python    59.0     0.3
6259434.python    59.0     0.3
6259434.python    59.0     0.3
6259434.python    59.0     0.3
6259434.python    59.0     0.3
6259434.python    59.0     0.3
6259434.python    59.0     0.1

Job 6259434 completed at Tue May 27 23:26:23 CEST 2025
Starting job 6265106 on c85-7 on fram at Wed Jun 4 11:41:01 CEST 2025


Currently Loaded Modules:
  1) StdEnv (S)

  Where:
   S:  Module is Sticky, requires --force to unload or purge

 


The following have been reloaded with a version change:
  1) FFTW/3.3.10-GCC-13.3.0 => FFTW/3.3.10-GCC-11.3.0
  2) FlexiBLAS/3.4.4-GCC-13.3.0 => FlexiBLAS/3.2.0-GCC-11.3.0
  3) GCC/13.3.0 => GCC/11.3.0
  4) GCCcore/13.3.0 => GCCcore/11.3.0
  5) OpenBLAS/0.3.27-GCC-13.3.0 => OpenBLAS/0.3.20-GCC-11.3.0
  6) OpenSSL/3 => OpenSSL/1.1
  7) Python/3.12.3-GCCcore-13.3.0 => Python/3.10.4-GCCcore-11.3.0
  8) SQLite/3.45.3-GCCcore-13.3.0 => SQLite/3.38.3-GCCcore-11.3.0
  9) SciPy-bundle/2024.05-gfbf-2024a => SciPy-bundle/2022.05-foss-2022a
 10) Tcl/8.6.14-GCCcore-13.3.0 => Tcl/8.6.12-GCCcore-11.3.0
 11) XZ/5.4.5-GCCcore-13.3.0 => XZ/5.2.5-GCCcore-11.3.0
 12) binutils/2.42-GCCcore-13.3.0 => binutils/2.38-GCCcore-11.3.0
 13) bzip2/1.0.8-GCCcore-13.3.0 => bzip2/1.0.8-GCCcore-11.3.0
 14) gzip/1.13-GCCcore-13.3.0 => gzip/1.12-GCCcore-11.3.0
 15) libffi/3.4.5-GCCcore-13.3.0 => libffi/3.4.2-GCCcore-11.3.0
 16) libreadline/8.2-GCCcore-13.3.0 => libreadline/8.1.2-GCCcore-11.3.0
 17) lz4/1.9.4-GCCcore-13.3.0 => lz4/1.9.3-GCCcore-11.3.0
 18) ncurses/6.5-GCCcore-13.3.0 => ncurses/6.3-GCCcore-11.3.0
 19) pybind11/2.12.0-GCC-13.3.0 => pybind11/2.9.2-GCCcore-11.3.0
 20) zlib/1.3.1-GCCcore-13.3.0 => zlib/1.2.12-GCCcore-11.3.0
 21) zstd/1.5.6-GCCcore-13.3.0 => zstd/1.5.2-GCCcore-11.3.0

Processing year: 2009, period: JAS, time: 0

real	0m32.885s
user	0m0.014s
sys	0m0.045s
Processing year: 2009, period: JAS, time: 4

real	0m23.668s
user	0m0.022s
sys	0m0.052s
Processing year: 2009, period: JAS, time: 8

real	0m23.336s
user	0m0.017s
sys	0m0.064s
Processing year: 2009, period: JAS, time: 12

real	0m23.054s
user	0m0.015s
sys	0m0.057s
Processing year: 2009, period: JAS, time: 16

real	0m23.229s
user	0m0.017s
sys	0m0.058s
Processing year: 2009, period: JAS, time: 20

real	0m22.856s
user	0m0.019s
sys	0m0.056s
Processing year: 2009, period: JAS, time: 24

real	0m23.037s
user	0m0.013s
sys	0m0.066s
Processing year: 2009, period: JAS, time: 28

real	0m22.902s
user	0m0.020s
sys	0m0.059s
Processing year: 2009, period: JAS, time: 32

real	0m22.716s
user	0m0.019s
sys	0m0.059s
Processing year: 2009, period: JAS, time: 36

real	0m22.788s
user	0m0.021s
sys	0m0.051s
Processing year: 2009, period: JAS, time: 40

real	0m23.119s
user	0m0.017s
sys	0m0.063s
Processing year: 2009, period: JAS, time: 44

real	0m22.730s
user	0m0.014s
sys	0m0.062s
Processing year: 2009, period: JAS, time: 48

real	0m22.813s
user	0m0.016s
sys	0m0.061s
Processing year: 2009, period: JAS, time: 52

real	0m22.962s
user	0m0.021s
sys	0m0.053s
Processing year: 2009, period: JAS, time: 56
Traceback (most recent call last):
  File "/cluster/work/users/llpui9007/ndaily_runs/similarity/clean_Fmap.py", line 115, in <module>
    W_vec = np.load(W_path)
  File "/cluster/software/SciPy-bundle/2022.05-foss-2022a/lib/python3.10/site-packages/numpy/lib/npyio.py", line 430, in load
    return format.read_array(fid, allow_pickle=allow_pickle,
  File "/cluster/software/SciPy-bundle/2022.05-foss-2022a/lib/python3.10/site-packages/numpy/lib/format.py", line 786, in read_array
    array.shape = shape
ValueError: cannot reshape array of size 1445360 into shape (4003035,)
srun: error: c85-7: task 0: Exited with exit code 1
srun: Terminating StepId=6265106.14

real	0m5.127s
user	0m0.021s
sys	0m0.055s

Job 6265106 consumed 3.0 billing hours from project nn8008k.

Submitted 2025-06-04T11:40:42; waited 19.0 seconds in the queue after becoming eligible to run.

Requested wallclock time: 6.3 hours
Elapsed wallclock time:   5.7 minutes

Job failed.

Task and CPU statistics:
ID              CPUs  Tasks  CPU util                Start  Elapsed  Exit status
6265106           32            0.0 %  2025-06-04T11:41:01  343.0 s  1
6265106.batch     32      1     0.1 %  2025-06-04T11:41:01  343.0 s  1
6265106.python     1      1   103.4 %  2025-06-04T11:41:06   33.0 s  0
6265106.python     1      1   137.7 %  2025-06-04T11:41:39   24.0 s  0
6265106.python     1      1   142.9 %  2025-06-04T11:42:03   23.0 s  0
6265106.python     1      1   142.0 %  2025-06-04T11:42:26   23.0 s  0
6265106.python     1      1   136.6 %  2025-06-04T11:42:49   24.0 s  0
6265106.python     1      1   143.4 %  2025-06-04T11:43:13   22.0 s  0
6265106.python     1      1   136.7 %  2025-06-04T11:43:35   23.0 s  0
6265106.python     1      1   142.9 %  2025-06-04T11:43:59   22.0 s  0
6265106.python     1      1   136.7 %  2025-06-04T11:44:21   23.0 s  0
6265106.python     1      1   136.3 %  2025-06-04T11:44:44   23.0 s  0
6265106.python     1      1   137.9 %  2025-06-04T11:45:07   23.0 s  0
6265106.python     1      1   136.4 %  2025-06-04T11:45:30   23.0 s  0
6265106.python     1      1   142.8 %  2025-06-04T11:45:53   22.0 s  0
6265106.python     1      1   143.6 %  2025-06-04T11:46:16   22.0 s  0
6265106.python     1      1    65.9 %  2025-06-04T11:46:39    5.0 s  1

Used CPU time:   7.6 CPU minutes
Unused CPU time: 2.9 CPU hours

Memory statistics, in GiB:
ID               Alloc   Usage
6265106           59.0        
6265106.batch     59.0     0.0
6265106.python    59.0     2.9
6265106.python    59.0     0.3
6265106.python    59.0     0.3
6265106.python    59.0     0.3
6265106.python    59.0     0.3
6265106.python    59.0     0.3
6265106.python    59.0     0.3
6265106.python    59.0     0.3
6265106.python    59.0     0.3
6265106.python    59.0     0.3
6265106.python    59.0     0.3
6265106.python    59.0     0.3
6265106.python    59.0     0.2
6265106.python    59.0     0.2
6265106.python    59.0     0.1

Job 6265106 completed at Wed Jun 4 11:46:44 CEST 2025
Starting job 6268934 on c85-9 on fram at Sun Jun 8 17:03:01 CEST 2025


Currently Loaded Modules:
  1) StdEnv (S)

  Where:
   S:  Module is Sticky, requires --force to unload or purge

 


The following have been reloaded with a version change:
  1) FFTW/3.3.10-GCC-13.3.0 => FFTW/3.3.10-GCC-11.3.0
  2) FlexiBLAS/3.4.4-GCC-13.3.0 => FlexiBLAS/3.2.0-GCC-11.3.0
  3) GCC/13.3.0 => GCC/11.3.0
  4) GCCcore/13.3.0 => GCCcore/11.3.0
  5) OpenBLAS/0.3.27-GCC-13.3.0 => OpenBLAS/0.3.20-GCC-11.3.0
  6) OpenSSL/3 => OpenSSL/1.1
  7) Python/3.12.3-GCCcore-13.3.0 => Python/3.10.4-GCCcore-11.3.0
  8) SQLite/3.45.3-GCCcore-13.3.0 => SQLite/3.38.3-GCCcore-11.3.0
  9) SciPy-bundle/2024.05-gfbf-2024a => SciPy-bundle/2022.05-foss-2022a
 10) Tcl/8.6.14-GCCcore-13.3.0 => Tcl/8.6.12-GCCcore-11.3.0
 11) XZ/5.4.5-GCCcore-13.3.0 => XZ/5.2.5-GCCcore-11.3.0
 12) binutils/2.42-GCCcore-13.3.0 => binutils/2.38-GCCcore-11.3.0
 13) bzip2/1.0.8-GCCcore-13.3.0 => bzip2/1.0.8-GCCcore-11.3.0
 14) gzip/1.13-GCCcore-13.3.0 => gzip/1.12-GCCcore-11.3.0
 15) libffi/3.4.5-GCCcore-13.3.0 => libffi/3.4.2-GCCcore-11.3.0
 16) libreadline/8.2-GCCcore-13.3.0 => libreadline/8.1.2-GCCcore-11.3.0
 17) lz4/1.9.4-GCCcore-13.3.0 => lz4/1.9.3-GCCcore-11.3.0
 18) ncurses/6.5-GCCcore-13.3.0 => ncurses/6.3-GCCcore-11.3.0
 19) pybind11/2.12.0-GCC-13.3.0 => pybind11/2.9.2-GCCcore-11.3.0
 20) zlib/1.3.1-GCCcore-13.3.0 => zlib/1.2.12-GCCcore-11.3.0
 21) zstd/1.5.6-GCCcore-13.3.0 => zstd/1.5.2-GCCcore-11.3.0

Processing year: 2009, period: JAS, time: 0

real	0m29.234s
user	0m0.025s
sys	0m0.035s
Processing year: 2009, period: JAS, time: 4

real	0m23.435s
user	0m0.019s
sys	0m0.057s
Processing year: 2009, period: JAS, time: 8

real	0m23.295s
user	0m0.019s
sys	0m0.053s
Processing year: 2009, period: JAS, time: 12

real	0m22.904s
user	0m0.026s
sys	0m0.047s
Processing year: 2009, period: JAS, time: 16

real	0m23.055s
user	0m0.017s
sys	0m0.058s
Processing year: 2009, period: JAS, time: 20

real	0m23.036s
user	0m0.018s
sys	0m0.058s
Processing year: 2009, period: JAS, time: 24

real	0m23.166s
user	0m0.015s
sys	0m0.060s
Processing year: 2009, period: JAS, time: 28

real	0m22.920s
user	0m0.021s
sys	0m0.055s
Processing year: 2009, period: JAS, time: 32

real	0m22.849s
user	0m0.015s
sys	0m0.061s
Processing year: 2009, period: JAS, time: 36

real	0m22.580s
user	0m0.018s
sys	0m0.054s
Processing year: 2009, period: JAS, time: 40

real	0m22.792s
user	0m0.021s
sys	0m0.053s
Processing year: 2009, period: JAS, time: 44

real	0m22.844s
user	0m0.021s
sys	0m0.057s
Processing year: 2009, period: JAS, time: 48

real	0m22.519s
user	0m0.017s
sys	0m0.064s
Processing year: 2009, period: JAS, time: 52

real	0m22.439s
user	0m0.020s
sys	0m0.059s
Processing year: 2009, period: JAS, time: 56
Traceback (most recent call last):
  File "/cluster/work/users/llpui9007/ndaily_runs/similarity/clean_Fmap.py", line 116, in <module>
    W_disp = np.load(W_disp_path)
  File "/cluster/software/SciPy-bundle/2022.05-foss-2022a/lib/python3.10/site-packages/numpy/lib/npyio.py", line 407, in load
    fid = stack.enter_context(open(os_fspath(file), "rb"))
FileNotFoundError: [Errno 2] No such file or directory: '/cluster/projects/nn8008k/lluisa/NextSIM/seas/Fmap_10days/2009_JAS_ic0.5_dt0.0025_DT0.0100//14_W_disp.npy'
srun: error: c85-9: task 0: Exited with exit code 1
srun: Terminating StepId=6268934.14

real	0m4.637s
user	0m0.020s
sys	0m0.060s

Job 6268934 consumed 3.0 billing hours from project nn8008k.

Submitted 2025-06-08T17:02:57; waited 4.0 seconds in the queue after becoming eligible to run.

Requested wallclock time: 6.3 hours
Elapsed wallclock time:   5.6 minutes

Job failed.

Task and CPU statistics:
ID              CPUs  Tasks  CPU util                Start  Elapsed  Exit status
6268934           32            0.0 %  2025-06-08T17:03:01  337.0 s  1
6268934.batch     32      1     0.1 %  2025-06-08T17:03:01  337.0 s  1
6268934.python     1      1   117.4 %  2025-06-08T17:03:07   29.0 s  0
6268934.python     1      1   144.3 %  2025-06-08T17:03:36   23.0 s  0
6268934.python     1      1   143.8 %  2025-06-08T17:03:59   23.0 s  0
6268934.python     1      1   149.1 %  2025-06-08T17:04:23   22.0 s  0
6268934.python     1      1   143.4 %  2025-06-08T17:04:45   23.0 s  0
6268934.python     1      1   141.9 %  2025-06-08T17:05:08   23.0 s  0
6268934.python     1      1   142.3 %  2025-06-08T17:05:32   23.0 s  0
6268934.python     1      1   142.2 %  2025-06-08T17:05:55   23.0 s  0
6268934.python     1      1   148.8 %  2025-06-08T17:06:18   22.0 s  0
6268934.python     1      1   141.0 %  2025-06-08T17:06:40   23.0 s  0
6268934.python     1      1   137.5 %  2025-06-08T17:07:03   23.0 s  0
6268934.python     1      1   137.4 %  2025-06-08T17:07:26   23.0 s  0
6268934.python     1      1   147.4 %  2025-06-08T17:07:49   22.0 s  0
6268934.python     1      1   136.2 %  2025-06-08T17:08:11   23.0 s  0
6268934.python     1      1    80.4 %  2025-06-08T17:08:34    4.0 s  1

Used CPU time:   7.8 CPU minutes
Unused CPU time: 2.9 CPU hours

Memory statistics, in GiB:
ID               Alloc   Usage
6268934           59.0        
6268934.batch     59.0     0.0
6268934.python    59.0     0.8
6268934.python    59.0     0.3
6268934.python    59.0     0.3
6268934.python    59.0     0.3
6268934.python    59.0     0.3
6268934.python    59.0     0.3
6268934.python    59.0     0.3
6268934.python    59.0     0.3
6268934.python    59.0     0.3
6268934.python    59.0     0.3
6268934.python    59.0     0.3
6268934.python    59.0     0.3
6268934.python    59.0     0.2
6268934.python    59.0     0.2
6268934.python    59.0     0.1

Job 6268934 completed at Sun Jun 8 17:08:39 CEST 2025
Starting job 6268946 on c85-11 on fram at Sun Jun 8 17:39:15 CEST 2025


Currently Loaded Modules:
  1) StdEnv (S)

  Where:
   S:  Module is Sticky, requires --force to unload or purge

 


The following have been reloaded with a version change:
  1) FFTW/3.3.10-GCC-13.3.0 => FFTW/3.3.10-GCC-11.3.0
  2) FlexiBLAS/3.4.4-GCC-13.3.0 => FlexiBLAS/3.2.0-GCC-11.3.0
  3) GCC/13.3.0 => GCC/11.3.0
  4) GCCcore/13.3.0 => GCCcore/11.3.0
  5) OpenBLAS/0.3.27-GCC-13.3.0 => OpenBLAS/0.3.20-GCC-11.3.0
  6) OpenSSL/3 => OpenSSL/1.1
  7) Python/3.12.3-GCCcore-13.3.0 => Python/3.10.4-GCCcore-11.3.0
  8) SQLite/3.45.3-GCCcore-13.3.0 => SQLite/3.38.3-GCCcore-11.3.0
  9) SciPy-bundle/2024.05-gfbf-2024a => SciPy-bundle/2022.05-foss-2022a
 10) Tcl/8.6.14-GCCcore-13.3.0 => Tcl/8.6.12-GCCcore-11.3.0
 11) XZ/5.4.5-GCCcore-13.3.0 => XZ/5.2.5-GCCcore-11.3.0
 12) binutils/2.42-GCCcore-13.3.0 => binutils/2.38-GCCcore-11.3.0
 13) bzip2/1.0.8-GCCcore-13.3.0 => bzip2/1.0.8-GCCcore-11.3.0
 14) gzip/1.13-GCCcore-13.3.0 => gzip/1.12-GCCcore-11.3.0
 15) libffi/3.4.5-GCCcore-13.3.0 => libffi/3.4.2-GCCcore-11.3.0
 16) libreadline/8.2-GCCcore-13.3.0 => libreadline/8.1.2-GCCcore-11.3.0
 17) lz4/1.9.4-GCCcore-13.3.0 => lz4/1.9.3-GCCcore-11.3.0
 18) ncurses/6.5-GCCcore-13.3.0 => ncurses/6.3-GCCcore-11.3.0
 19) pybind11/2.12.0-GCC-13.3.0 => pybind11/2.9.2-GCCcore-11.3.0
 20) zlib/1.3.1-GCCcore-13.3.0 => zlib/1.2.12-GCCcore-11.3.0
 21) zstd/1.5.6-GCCcore-13.3.0 => zstd/1.5.2-GCCcore-11.3.0

Processing year: 2009, period: JAS, time: 0

real	0m29.976s
user	0m0.022s
sys	0m0.041s
Processing year: 2009, period: JAS, time: 4

real	0m23.228s
user	0m0.015s
sys	0m0.061s
Processing year: 2009, period: JAS, time: 8

real	0m22.932s
user	0m0.018s
sys	0m0.054s
Processing year: 2009, period: JAS, time: 12

real	0m23.056s
user	0m0.017s
sys	0m0.059s
Processing year: 2009, period: JAS, time: 16

real	0m22.946s
user	0m0.019s
sys	0m0.061s
Processing year: 2009, period: JAS, time: 20

real	0m22.821s
user	0m0.014s
sys	0m0.060s
Processing year: 2009, period: JAS, time: 24

real	0m22.827s
user	0m0.019s
sys	0m0.058s
Processing year: 2009, period: JAS, time: 28

real	0m22.531s
user	0m0.017s
sys	0m0.058s
Processing year: 2009, period: JAS, time: 32

real	0m22.482s
user	0m0.018s
sys	0m0.056s
Processing year: 2009, period: JAS, time: 36

real	0m22.472s
user	0m0.023s
sys	0m0.053s
Processing year: 2009, period: JAS, time: 40

real	0m22.517s
user	0m0.019s
sys	0m0.054s
Processing year: 2009, period: JAS, time: 44

real	0m22.264s
user	0m0.019s
sys	0m0.057s
Processing year: 2009, period: JAS, time: 48

real	0m22.546s
user	0m0.011s
sys	0m0.062s
Processing year: 2009, period: JAS, time: 52

real	0m22.399s
user	0m0.017s
sys	0m0.057s
Processing year: 2009, period: JAS, time: 56

real	0m22.123s
user	0m0.019s
sys	0m0.062s
Processing year: 2009, period: JAS, time: 60
Traceback (most recent call last):
  File "/cluster/work/users/llpui9007/ndaily_runs/similarity/clean_Fmap.py", line 116, in <module>
    W_disp = np.load(W_disp_path)
  File "/cluster/software/SciPy-bundle/2022.05-foss-2022a/lib/python3.10/site-packages/numpy/lib/npyio.py", line 407, in load
    fid = stack.enter_context(open(os_fspath(file), "rb"))
FileNotFoundError: [Errno 2] No such file or directory: '/cluster/projects/nn8008k/lluisa/NextSIM/seas/Fmap_10days/2009_JAS_ic0.5_dt0.0025_DT0.0100//15_W_disp.npy'
srun: error: c85-11: task 0: Exited with exit code 1
srun: Terminating StepId=6268946.15

real	0m4.821s
user	0m0.019s
sys	0m0.060s

Job 6268946 consumed 3.2 billing hours from project nn8008k.

Submitted 2025-06-08T17:39:11; waited 4.0 seconds in the queue after becoming eligible to run.

Requested wallclock time: 6.3 hours
Elapsed wallclock time:   6.0 minutes

Job failed.

Task and CPU statistics:
ID              CPUs  Tasks  CPU util                Start  Elapsed  Exit status
6268946           32            0.0 %  2025-06-08T17:39:15  357.0 s  1
6268946.batch     32      1     0.0 %  2025-06-08T17:39:15  357.0 s  1
6268946.python     1      1   113.9 %  2025-06-08T17:39:20   30.0 s  0
6268946.python     1      1   138.4 %  2025-06-08T17:39:50   24.0 s  0
6268946.python     1      1   149.6 %  2025-06-08T17:40:14   22.0 s  0
6268946.python     1      1   143.2 %  2025-06-08T17:40:37   23.0 s  0
6268946.python     1      1   150.2 %  2025-06-08T17:41:00   22.0 s  0
6268946.python     1      1   149.0 %  2025-06-08T17:41:23   22.0 s  0
6268946.python     1      1   137.5 %  2025-06-08T17:41:45   23.0 s  0
6268946.python     1      1   136.7 %  2025-06-08T17:42:08   23.0 s  0
6268946.python     1      1   142.7 %  2025-06-08T17:42:31   22.0 s  0
6268946.python     1      1   136.6 %  2025-06-08T17:42:53   23.0 s  0
6268946.python     1      1   148.3 %  2025-06-08T17:43:16   22.0 s  0
6268946.python     1      1   142.5 %  2025-06-08T17:43:38   22.0 s  0
6268946.python     1      1   143.1 %  2025-06-08T17:44:01   22.0 s  0
6268946.python     1      1   142.2 %  2025-06-08T17:44:23   22.0 s  0
6268946.python     1      1   141.4 %  2025-06-08T17:44:45   22.0 s  0
6268946.python     1      1    82.1 %  2025-06-08T17:45:08    4.0 s  1

Used CPU time:   8.2 CPU minutes
Unused CPU time: 3.0 CPU hours

Memory statistics, in GiB:
ID               Alloc   Usage
6268946           59.0        
6268946.batch     59.0     0.0
6268946.python    59.0     0.8
6268946.python    59.0     0.3
6268946.python    59.0     0.3
6268946.python    59.0     0.3
6268946.python    59.0     0.3
6268946.python    59.0     0.3
6268946.python    59.0     0.3
6268946.python    59.0     0.3
6268946.python    59.0     0.3
6268946.python    59.0     0.3
6268946.python    59.0     0.3
6268946.python    59.0     0.3
6268946.python    59.0     0.2
6268946.python    59.0     0.2
6268946.python    59.0     0.2
6268946.python    59.0     0.1

Job 6268946 completed at Sun Jun 8 17:45:13 CEST 2025
Starting job 6268959 on c85-11 on fram at Sun Jun 8 18:16:37 CEST 2025


Currently Loaded Modules:
  1) StdEnv (S)

  Where:
   S:  Module is Sticky, requires --force to unload or purge

 


The following have been reloaded with a version change:
  1) FFTW/3.3.10-GCC-13.3.0 => FFTW/3.3.10-GCC-11.3.0
  2) FlexiBLAS/3.4.4-GCC-13.3.0 => FlexiBLAS/3.2.0-GCC-11.3.0
  3) GCC/13.3.0 => GCC/11.3.0
  4) GCCcore/13.3.0 => GCCcore/11.3.0
  5) OpenBLAS/0.3.27-GCC-13.3.0 => OpenBLAS/0.3.20-GCC-11.3.0
  6) OpenSSL/3 => OpenSSL/1.1
  7) Python/3.12.3-GCCcore-13.3.0 => Python/3.10.4-GCCcore-11.3.0
  8) SQLite/3.45.3-GCCcore-13.3.0 => SQLite/3.38.3-GCCcore-11.3.0
  9) SciPy-bundle/2024.05-gfbf-2024a => SciPy-bundle/2022.05-foss-2022a
 10) Tcl/8.6.14-GCCcore-13.3.0 => Tcl/8.6.12-GCCcore-11.3.0
 11) XZ/5.4.5-GCCcore-13.3.0 => XZ/5.2.5-GCCcore-11.3.0
 12) binutils/2.42-GCCcore-13.3.0 => binutils/2.38-GCCcore-11.3.0
 13) bzip2/1.0.8-GCCcore-13.3.0 => bzip2/1.0.8-GCCcore-11.3.0
 14) gzip/1.13-GCCcore-13.3.0 => gzip/1.12-GCCcore-11.3.0
 15) libffi/3.4.5-GCCcore-13.3.0 => libffi/3.4.2-GCCcore-11.3.0
 16) libreadline/8.2-GCCcore-13.3.0 => libreadline/8.1.2-GCCcore-11.3.0
 17) lz4/1.9.4-GCCcore-13.3.0 => lz4/1.9.3-GCCcore-11.3.0
 18) ncurses/6.5-GCCcore-13.3.0 => ncurses/6.3-GCCcore-11.3.0
 19) pybind11/2.12.0-GCC-13.3.0 => pybind11/2.9.2-GCCcore-11.3.0
 20) zlib/1.3.1-GCCcore-13.3.0 => zlib/1.2.12-GCCcore-11.3.0
 21) zstd/1.5.6-GCCcore-13.3.0 => zstd/1.5.2-GCCcore-11.3.0

Processing year: 2009, period: JAS, time: 52

real	0m29.744s
user	0m0.019s
sys	0m0.040s
Processing year: 2009, period: JAS, time: 56

real	0m22.390s
user	0m0.019s
sys	0m0.062s
Processing year: 2009, period: JAS, time: 60

real	0m22.275s
user	0m0.016s
sys	0m0.058s
Processing year: 2009, period: JAS, time: 64

real	0m22.211s
user	0m0.017s
sys	0m0.058s
Processing year: 2009, period: JAS, time: 68

real	0m22.142s
user	0m0.016s
sys	0m0.057s
Processing year: 2009, period: JAS, time: 72

real	0m21.747s
user	0m0.018s
sys	0m0.057s
Processing year: 2009, period: JAS, time: 76

real	0m21.979s
user	0m0.019s
sys	0m0.055s
Processing year: 2009, period: JAS, time: 80

real	0m22.078s
user	0m0.018s
sys	0m0.063s
Processing year: 2009, period: JAS, time: 84

real	0m21.998s
user	0m0.019s
sys	0m0.060s
Processing year: 2009, period: JAS, time: 88

real	0m21.812s
user	0m0.022s
sys	0m0.053s
Processing year: 2009, period: JAS, time: 92

real	0m21.748s
user	0m0.020s
sys	0m0.054s
Processing year: 2009, period: JAS, time: 96

real	0m21.548s
user	0m0.019s
sys	0m0.055s
Processing year: 2009, period: JAS, time: 100

real	0m21.636s
user	0m0.017s
sys	0m0.061s
Processing year: 2009, period: JAS, time: 104

real	0m21.512s
user	0m0.018s
sys	0m0.055s
Processing year: 2009, period: JAS, time: 108

real	0m21.455s
user	0m0.019s
sys	0m0.054s
Processing year: 2009, period: JAS, time: 112

real	0m21.649s
user	0m0.020s
sys	0m0.062s
Processing year: 2009, period: JAS, time: 116

real	0m21.450s
user	0m0.020s
sys	0m0.057s
Processing year: 2009, period: JAS, time: 120

real	0m21.514s
user	0m0.021s
sys	0m0.052s
Processing year: 2009, period: JAS, time: 124

real	0m21.297s
user	0m0.022s
sys	0m0.055s
Processing year: 2009, period: JAS, time: 128

real	0m21.491s
user	0m0.017s
sys	0m0.057s
Processing year: 2009, period: JAS, time: 132

real	0m21.325s
user	0m0.022s
sys	0m0.052s
Processing year: 2009, period: JAS, time: 136

real	0m21.115s
user	0m0.023s
sys	0m0.052s
Processing year: 2009, period: JAS, time: 140

real	0m21.522s
user	0m0.017s
sys	0m0.060s
Processing year: 2009, period: JAS, time: 144

real	0m21.150s
user	0m0.017s
sys	0m0.056s
Processing year: 2009, period: JAS, time: 148

real	0m21.347s
user	0m0.024s
sys	0m0.060s
Processing year: 2009, period: JAS, time: 152

real	0m21.161s
user	0m0.019s
sys	0m0.058s
Processing year: 2009, period: JAS, time: 156

real	0m21.264s
user	0m0.020s
sys	0m0.055s
Processing year: 2009, period: JAS, time: 160

real	0m21.166s
user	0m0.020s
sys	0m0.055s
Processing year: 2009, period: JAS, time: 164

real	0m20.993s
user	0m0.017s
sys	0m0.058s
Processing year: 2009, period: JAS, time: 168

real	0m21.159s
user	0m0.015s
sys	0m0.067s
Processing year: 2009, period: JAS, time: 172

real	0m21.098s
user	0m0.016s
sys	0m0.067s
Processing year: 2009, period: JAS, time: 176

real	0m20.745s
user	0m0.017s
sys	0m0.059s
Processing year: 2009, period: JAS, time: 180

real	0m20.935s
user	0m0.018s
sys	0m0.058s
Processing year: 2009, period: JAS, time: 184

real	0m21.071s
user	0m0.016s
sys	0m0.068s
Processing year: 2009, period: JAS, time: 188

real	0m20.887s
user	0m0.020s
sys	0m0.053s
Processing year: 2009, period: JAS, time: 192

real	0m20.822s
user	0m0.017s
sys	0m0.058s
Processing year: 2009, period: JAS, time: 196

real	0m20.643s
user	0m0.017s
sys	0m0.064s
Processing year: 2009, period: JAS, time: 200

real	0m20.645s
user	0m0.020s
sys	0m0.055s
Processing year: 2009, period: JAS, time: 204

real	0m20.723s
user	0m0.019s
sys	0m0.057s
Processing year: 2009, period: JAS, time: 208

real	0m20.502s
user	0m0.018s
sys	0m0.057s
Processing year: 2009, period: JAS, time: 212

real	0m20.823s
user	0m0.023s
sys	0m0.052s
Processing year: 2009, period: JAS, time: 216

real	0m20.873s
user	0m0.021s
sys	0m0.058s
Processing year: 2009, period: JAS, time: 220

real	0m20.594s
user	0m0.017s
sys	0m0.057s
Processing year: 2009, period: JAS, time: 224

real	0m20.631s
user	0m0.019s
sys	0m0.053s
Processing year: 2009, period: JAS, time: 228

real	0m20.563s
user	0m0.017s
sys	0m0.063s
Processing year: 2009, period: JAS, time: 232

real	0m20.759s
user	0m0.021s
sys	0m0.054s
Processing year: 2009, period: JAS, time: 236

real	0m20.576s
user	0m0.016s
sys	0m0.061s
Processing year: 2009, period: JAS, time: 240

real	0m20.544s
user	0m0.017s
sys	0m0.057s
Processing year: 2009, period: JAS, time: 244

real	0m20.431s
user	0m0.023s
sys	0m0.052s
Processing year: 2009, period: JAS, time: 248

real	0m20.558s
user	0m0.016s
sys	0m0.066s
Processing year: 2009, period: JAS, time: 252

real	0m20.484s
user	0m0.017s
sys	0m0.062s
Processing year: 2009, period: JAS, time: 256

real	0m20.383s
user	0m0.025s
sys	0m0.050s
Processing year: 2009, period: JAS, time: 260

real	0m20.327s
user	0m0.018s
sys	0m0.061s
Processing year: 2009, period: JAS, time: 264

real	0m20.276s
user	0m0.023s
sys	0m0.051s
Processing year: 2009, period: JAS, time: 268

real	0m20.461s
user	0m0.022s
sys	0m0.052s
Processing year: 2009, period: JAS, time: 272

real	0m20.555s
user	0m0.021s
sys	0m0.059s
Processing year: 2009, period: JAS, time: 276

real	0m20.283s
user	0m0.018s
sys	0m0.058s
Processing year: 2009, period: JAS, time: 280

real	0m20.391s
user	0m0.021s
sys	0m0.054s
Processing year: 2009, period: JAS, time: 284

real	0m20.306s
user	0m0.018s
sys	0m0.056s
Processing year: 2009, period: JAS, time: 288

real	0m20.276s
user	0m0.019s
sys	0m0.056s
Processing year: 2009, period: JAS, time: 292

real	0m20.268s
user	0m0.023s
sys	0m0.052s
Processing year: 2009, period: JAS, time: 296

real	0m20.374s
user	0m0.020s
sys	0m0.055s
Processing year: 2009, period: JAS, time: 300

real	0m20.414s
user	0m0.021s
sys	0m0.054s
Processing year: 2009, period: JAS, time: 304

real	0m20.452s
user	0m0.019s
sys	0m0.054s
Processing year: 2009, period: JAS, time: 308

real	0m20.340s
user	0m0.021s
sys	0m0.058s
Processing year: 2009, period: JAS, time: 312

real	0m20.392s
user	0m0.021s
sys	0m0.054s
Processing year: 2009, period: JAS, time: 316

real	0m20.380s
user	0m0.019s
sys	0m0.059s
Processing year: 2009, period: JAS, time: 320

real	0m20.358s
user	0m0.022s
sys	0m0.054s
EBVERSIONNUMACTL=2.0.14
SLURM_JOB_NUM_NODES=1
EBROOTNUMACTL=/cluster/software/numactl/2.0.14-GCCcore-11.3.0
EBDEVELNUMACTL=/cluster/software/numactl/2.0.14-GCCcore-11.3.0/easybuild/numactl-2.0.14-GCCcore-11.3.0-easybuild-devel
OMP_NUM_THREADS=1

Job 6268959 consumed 12.8 billing hours from project nn8008k.

Submitted 2025-06-08T18:16:30; waited 7.0 seconds in the queue after becoming eligible to run.

Requested wallclock time: 6.3 hours
Elapsed wallclock time:   24.0 minutes

Job exited normally.

Task and CPU statistics:
ID              CPUs  Tasks  CPU util                Start   Elapsed  Exit status
6268959           32            0.0 %  2025-06-08T18:16:37  1442.0 s  0
6268959.batch     32      1     0.0 %  2025-06-08T18:16:37  1442.0 s  0
6268959.python     1      1   108.3 %  2025-06-08T18:16:42    30.0 s  0
6268959.python     1      1   142.3 %  2025-06-08T18:17:12    22.0 s  0
6268959.python     1      1   142.0 %  2025-06-08T18:17:34    22.0 s  0
6268959.python     1      1   145.4 %  2025-06-08T18:17:56    22.0 s  0
6268959.python     1      1   145.7 %  2025-06-08T18:18:19    22.0 s  0
6268959.python     1      1   156.1 %  2025-06-08T18:18:41    21.0 s  0
6268959.python     1      1   144.5 %  2025-06-08T18:19:02    22.0 s  0
6268959.python     1      1   149.2 %  2025-06-08T18:19:24    22.0 s  0
6268959.python     1      1   148.9 %  2025-06-08T18:19:46    22.0 s  0
6268959.python     1      1   144.2 %  2025-06-08T18:20:08    22.0 s  0
6268959.python     1      1   148.4 %  2025-06-08T18:20:30    22.0 s  0
6268959.python     1      1   154.8 %  2025-06-08T18:20:52    21.0 s  0
6268959.python     1      1   155.5 %  2025-06-08T18:21:14    21.0 s  0
6268959.python     1      1   148.1 %  2025-06-08T18:21:35    22.0 s  0
6268959.python     1      1   154.9 %  2025-06-08T18:21:57    21.0 s  0
6268959.python     1      1   143.4 %  2025-06-08T18:22:18    22.0 s  0
6268959.python     1      1   154.2 %  2025-06-08T18:22:40    21.0 s  0
6268959.python     1      1   147.0 %  2025-06-08T18:23:01    22.0 s  0
6268959.python     1      1   154.1 %  2025-06-08T18:23:23    21.0 s  0
6268959.python     1      1   150.3 %  2025-06-08T18:23:44    21.0 s  0
6268959.python     1      1   154.2 %  2025-06-08T18:24:06    21.0 s  0
6268959.python     1      1   148.1 %  2025-06-08T18:24:27    21.0 s  0
6268959.python     1      1   144.9 %  2025-06-08T18:24:48    21.0 s  0
6268959.python     1      1   148.2 %  2025-06-08T18:25:10    21.0 s  0
6268959.python     1      1   144.7 %  2025-06-08T18:25:31    21.0 s  0
6268959.python     1      1   153.5 %  2025-06-08T18:25:52    21.0 s  0
6268959.python     1      1   144.5 %  2025-06-08T18:26:13    21.0 s  0
6268959.python     1      1   142.0 %  2025-06-08T18:26:34    22.0 s  0
6268959.python     1      1   147.7 %  2025-06-08T18:26:56    21.0 s  0
6268959.python     1      1   148.8 %  2025-06-08T18:27:17    21.0 s  0
6268959.python     1      1   148.2 %  2025-06-08T18:27:38    21.0 s  0
6268959.python     1      1   146.8 %  2025-06-08T18:27:59    21.0 s  0
6268959.python     1      1   155.5 %  2025-06-08T18:28:20    20.0 s  0
6268959.python     1      1   148.2 %  2025-06-08T18:28:41    21.0 s  0
6268959.python     1      1   154.7 %  2025-06-08T18:29:02    20.0 s  0
6268959.python     1      1   154.4 %  2025-06-08T18:29:23    20.0 s  0
6268959.python     1      1   141.1 %  2025-06-08T18:29:43    21.0 s  0
6268959.python     1      1   151.1 %  2025-06-08T18:30:04    21.0 s  0
6268959.python     1      1   158.5 %  2025-06-08T18:30:25    20.0 s  0
6268959.python     1      1   144.8 %  2025-06-08T18:30:45    21.0 s  0
6268959.python     1      1   142.2 %  2025-06-08T18:31:06    21.0 s  0
6268959.python     1      1   154.3 %  2025-06-08T18:31:27    20.0 s  0
6268959.python     1      1   152.7 %  2025-06-08T18:31:48    20.0 s  0
6268959.python     1      1   151.3 %  2025-06-08T18:32:08    21.0 s  0
6268959.python     1      1   152.7 %  2025-06-08T18:32:29    20.0 s  0
6268959.python     1      1   151.7 %  2025-06-08T18:32:49    21.0 s  0
6268959.python     1      1   145.5 %  2025-06-08T18:33:10    21.0 s  0
6268959.python     1      1   152.9 %  2025-06-08T18:33:31    20.0 s  0
6268959.python     1      1   144.7 %  2025-06-08T18:33:51    21.0 s  0
6268959.python     1      1   157.6 %  2025-06-08T18:34:12    20.0 s  0
6268959.python     1      1   144.7 %  2025-06-08T18:34:32    21.0 s  0
6268959.python     1      1   151.7 %  2025-06-08T18:34:53    20.0 s  0
6268959.python     1      1   151.5 %  2025-06-08T18:35:13    20.0 s  0
6268959.python     1      1   144.4 %  2025-06-08T18:35:33    21.0 s  0
6268959.python     1      1   157.6 %  2025-06-08T18:35:54    20.0 s  0
6268959.python     1      1   150.4 %  2025-06-08T18:36:14    21.0 s  0
6268959.python     1      1   151.5 %  2025-06-08T18:36:35    20.0 s  0
6268959.python     1      1   157.0 %  2025-06-08T18:36:55    20.0 s  0
6268959.python     1      1   144.4 %  2025-06-08T18:37:15    21.0 s  0
6268959.python     1      1   151.7 %  2025-06-08T18:37:36    20.0 s  0
6268959.python     1      1   151.3 %  2025-06-08T18:37:56    20.0 s  0
6268959.python     1      1   157.0 %  2025-06-08T18:38:16    20.0 s  0
6268959.python     1      1   151.7 %  2025-06-08T18:38:37    20.0 s  0
6268959.python     1      1   152.0 %  2025-06-08T18:38:57    20.0 s  0
6268959.python     1      1   144.5 %  2025-06-08T18:39:17    21.0 s  0
6268959.python     1      1   152.1 %  2025-06-08T18:39:38    20.0 s  0
6268959.python     1      1   156.9 %  2025-06-08T18:39:58    20.0 s  0
6268959.python     1      1   151.7 %  2025-06-08T18:40:19    20.0 s  0

Used CPU time:   35.6 CPU minutes
Unused CPU time: 12.2 CPU hours

Memory statistics, in GiB:
ID               Alloc   Usage
6268959           59.0        
6268959.batch     59.0     0.0
6268959.python    59.0     0.8
6268959.python    59.0     0.2
6268959.python    59.0     0.2
6268959.python    59.0     0.2
6268959.python    59.0     0.2
6268959.python    59.0     0.2
6268959.python    59.0     0.2
6268959.python    59.0     0.2
6268959.python    59.0     0.2
6268959.python    59.0     0.2
6268959.python    59.0     0.2
6268959.python    59.0     0.2
6268959.python    59.0     0.2
6268959.python    59.0     0.2
6268959.python    59.0     0.2
6268959.python    59.0     0.2
6268959.python    59.0     0.2
6268959.python    59.0     0.2
6268959.python    59.0     0.2
6268959.python    59.0     0.2
6268959.python    59.0     0.2
6268959.python    59.0     0.2
6268959.python    59.0     0.2
6268959.python    59.0     0.2
6268959.python    59.0     0.2
6268959.python    59.0     0.2
6268959.python    59.0     0.2
6268959.python    59.0     0.2
6268959.python    59.0     0.1
6268959.python    59.0     0.1
6268959.python    59.0     0.1
6268959.python    59.0     0.1
6268959.python    59.0     0.1
6268959.python    59.0     0.1
6268959.python    59.0     0.1
6268959.python    59.0     0.1
6268959.python    59.0     0.1
6268959.python    59.0     0.1
6268959.python    59.0     0.1
6268959.python    59.0     0.1
6268959.python    59.0     0.1
6268959.python    59.0     0.1
6268959.python    59.0     0.1
6268959.python    59.0     0.1
6268959.python    59.0     0.1
6268959.python    59.0     0.1
6268959.python    59.0     0.1
6268959.python    59.0     0.1
6268959.python    59.0     0.1
6268959.python    59.0     0.1
6268959.python    59.0     0.1
6268959.python    59.0     0.1
6268959.python    59.0     0.1
6268959.python    59.0     0.1
6268959.python    59.0     0.1
6268959.python    59.0     0.1
6268959.python    59.0     0.1
6268959.python    59.0     0.1
6268959.python    59.0     0.1
6268959.python    59.0     0.1
6268959.python    59.0     0.1
6268959.python    59.0     0.1
6268959.python    59.0     0.1
6268959.python    59.0     0.1
6268959.python    59.0     0.1
6268959.python    59.0     0.1
6268959.python    59.0     0.1
6268959.python    59.0     0.1

Job 6268959 completed at Sun Jun 8 18:40:39 CEST 2025
