Starting job 6259394 on c5-1 on fram at Tue May 27 23:17:43 CEST 2025


Currently Loaded Modules:
  1) StdEnv (S)

  Where:
   S:  Module is Sticky, requires --force to unload or purge

 


The following have been reloaded with a version change:
  1) FFTW/3.3.10-GCC-13.3.0 => FFTW/3.3.10-GCC-11.3.0
  2) FlexiBLAS/3.4.4-GCC-13.3.0 => FlexiBLAS/3.2.0-GCC-11.3.0
  3) GCC/13.3.0 => GCC/11.3.0
  4) GCCcore/13.3.0 => GCCcore/11.3.0
  5) OpenBLAS/0.3.27-GCC-13.3.0 => OpenBLAS/0.3.20-GCC-11.3.0
  6) OpenSSL/3 => OpenSSL/1.1
  7) Python/3.12.3-GCCcore-13.3.0 => Python/3.10.4-GCCcore-11.3.0
  8) SQLite/3.45.3-GCCcore-13.3.0 => SQLite/3.38.3-GCCcore-11.3.0
  9) SciPy-bundle/2024.05-gfbf-2024a => SciPy-bundle/2022.05-foss-2022a
 10) Tcl/8.6.14-GCCcore-13.3.0 => Tcl/8.6.12-GCCcore-11.3.0
 11) XZ/5.4.5-GCCcore-13.3.0 => XZ/5.2.5-GCCcore-11.3.0
 12) binutils/2.42-GCCcore-13.3.0 => binutils/2.38-GCCcore-11.3.0
 13) bzip2/1.0.8-GCCcore-13.3.0 => bzip2/1.0.8-GCCcore-11.3.0
 14) gzip/1.13-GCCcore-13.3.0 => gzip/1.12-GCCcore-11.3.0
 15) libffi/3.4.5-GCCcore-13.3.0 => libffi/3.4.2-GCCcore-11.3.0
 16) libreadline/8.2-GCCcore-13.3.0 => libreadline/8.1.2-GCCcore-11.3.0
 17) lz4/1.9.4-GCCcore-13.3.0 => lz4/1.9.3-GCCcore-11.3.0
 18) ncurses/6.5-GCCcore-13.3.0 => ncurses/6.3-GCCcore-11.3.0
 19) pybind11/2.12.0-GCC-13.3.0 => pybind11/2.9.2-GCCcore-11.3.0
 20) zlib/1.3.1-GCCcore-13.3.0 => zlib/1.2.12-GCCcore-11.3.0
 21) zstd/1.5.6-GCCcore-13.3.0 => zstd/1.5.2-GCCcore-11.3.0

Processing year: 2010, period: JAS, time: 0

real	0m19.629s
user	0m0.020s
sys	0m0.041s
Processing year: 2010, period: JAS, time: 4

real	0m14.593s
user	0m0.018s
sys	0m0.060s
Processing year: 2010, period: JAS, time: 8

real	0m14.640s
user	0m0.015s
sys	0m0.062s
Processing year: 2010, period: JAS, time: 12

real	0m14.329s
user	0m0.020s
sys	0m0.055s
Processing year: 2010, period: JAS, time: 16

real	0m14.398s
user	0m0.019s
sys	0m0.060s
Processing year: 2010, period: JAS, time: 20

real	0m14.390s
user	0m0.022s
sys	0m0.054s
Processing year: 2010, period: JAS, time: 24

real	0m14.603s
user	0m0.012s
sys	0m0.065s
Processing year: 2010, period: JAS, time: 28

real	0m14.337s
user	0m0.020s
sys	0m0.056s
Processing year: 2010, period: JAS, time: 32
Traceback (most recent call last):
  File "/cluster/work/users/llpui9007/ndaily_runs/similarity/clean_Fmap.py", line 154, in <module>
    W_disp_cleaned = cleaner(n,n_cleaned,kill_trajectories,W_disp)
NameError: name 'W_disp' is not defined
srun: error: c5-1: task 0: Exited with exit code 1
srun: Terminating StepId=6259394.8

real	0m13.506s
user	0m0.020s
sys	0m0.060s

Job 6259394 consumed 1.2 billing hours from project nn8008k.

Submitted 2025-05-27T23:17:42; waited 1.0 seconds in the queue after becoming eligible to run.

Requested wallclock time: 6.3 hours
Elapsed wallclock time:   2.3 minutes

Job failed.

Task and CPU statistics:
ID              CPUs  Tasks  CPU util                Start  Elapsed  Exit status
6259394           32            0.0 %  2025-05-27T23:17:43  140.0 s  1
6259394.batch     32      1     0.1 %  2025-05-27T23:17:43  140.0 s  1
6259394.python    32      1     4.3 %  2025-05-27T23:17:48   20.0 s  0
6259394.python    32      1     6.2 %  2025-05-27T23:18:08   14.0 s  0
6259394.python    32      1     5.7 %  2025-05-27T23:18:22   15.0 s  0
6259394.python    32      1     6.1 %  2025-05-27T23:18:37   14.0 s  0
6259394.python    32      1     5.7 %  2025-05-27T23:18:51   15.0 s  0
6259394.python    32      1     6.1 %  2025-05-27T23:19:06   14.0 s  0
6259394.python    32      1     5.7 %  2025-05-27T23:19:20   15.0 s  0
6259394.python    32      1     6.1 %  2025-05-27T23:19:35   14.0 s  0
6259394.python    32      1     6.0 %  2025-05-27T23:19:49   14.0 s  1

Used CPU time:   4.2 CPU minutes
Unused CPU time: 1.2 CPU hours

Memory statistics, in GiB:
ID               Alloc   Usage
6259394           59.0        
6259394.batch     59.0     0.0
6259394.python    59.0     0.8
6259394.python    59.0     0.3
6259394.python    59.0     0.3
6259394.python    59.0     0.3
6259394.python    59.0     0.3
6259394.python    59.0     0.3
6259394.python    59.0     0.3
6259394.python    59.0     0.3
6259394.python    59.0     0.1

Job 6259394 completed at Tue May 27 23:20:03 CEST 2025
Starting job 6259438 on c43-5 on fram at Tue May 27 23:22:41 CEST 2025


Currently Loaded Modules:
  1) StdEnv (S)

  Where:
   S:  Module is Sticky, requires --force to unload or purge

 


The following have been reloaded with a version change:
  1) FFTW/3.3.10-GCC-13.3.0 => FFTW/3.3.10-GCC-11.3.0
  2) FlexiBLAS/3.4.4-GCC-13.3.0 => FlexiBLAS/3.2.0-GCC-11.3.0
  3) GCC/13.3.0 => GCC/11.3.0
  4) GCCcore/13.3.0 => GCCcore/11.3.0
  5) OpenBLAS/0.3.27-GCC-13.3.0 => OpenBLAS/0.3.20-GCC-11.3.0
  6) OpenSSL/3 => OpenSSL/1.1
  7) Python/3.12.3-GCCcore-13.3.0 => Python/3.10.4-GCCcore-11.3.0
  8) SQLite/3.45.3-GCCcore-13.3.0 => SQLite/3.38.3-GCCcore-11.3.0
  9) SciPy-bundle/2024.05-gfbf-2024a => SciPy-bundle/2022.05-foss-2022a
 10) Tcl/8.6.14-GCCcore-13.3.0 => Tcl/8.6.12-GCCcore-11.3.0
 11) XZ/5.4.5-GCCcore-13.3.0 => XZ/5.2.5-GCCcore-11.3.0
 12) binutils/2.42-GCCcore-13.3.0 => binutils/2.38-GCCcore-11.3.0
 13) bzip2/1.0.8-GCCcore-13.3.0 => bzip2/1.0.8-GCCcore-11.3.0
 14) gzip/1.13-GCCcore-13.3.0 => gzip/1.12-GCCcore-11.3.0
 15) libffi/3.4.5-GCCcore-13.3.0 => libffi/3.4.2-GCCcore-11.3.0
 16) libreadline/8.2-GCCcore-13.3.0 => libreadline/8.1.2-GCCcore-11.3.0
 17) lz4/1.9.4-GCCcore-13.3.0 => lz4/1.9.3-GCCcore-11.3.0
 18) ncurses/6.5-GCCcore-13.3.0 => ncurses/6.3-GCCcore-11.3.0
 19) pybind11/2.12.0-GCC-13.3.0 => pybind11/2.9.2-GCCcore-11.3.0
 20) zlib/1.3.1-GCCcore-13.3.0 => zlib/1.2.12-GCCcore-11.3.0
 21) zstd/1.5.6-GCCcore-13.3.0 => zstd/1.5.2-GCCcore-11.3.0

Processing year: 2010, period: JAS, time: 0

real	0m19.016s
user	0m0.017s
sys	0m0.045s
Processing year: 2010, period: JAS, time: 4

real	0m14.580s
user	0m0.021s
sys	0m0.053s
Processing year: 2010, period: JAS, time: 8

real	0m14.198s
user	0m0.017s
sys	0m0.061s
Processing year: 2010, period: JAS, time: 12

real	0m14.136s
user	0m0.019s
sys	0m0.058s
Processing year: 2010, period: JAS, time: 16

real	0m14.628s
user	0m0.022s
sys	0m0.055s
Processing year: 2010, period: JAS, time: 20

real	0m14.477s
user	0m0.016s
sys	0m0.064s
Processing year: 2010, period: JAS, time: 24

real	0m14.967s
user	0m0.021s
sys	0m0.058s
Processing year: 2010, period: JAS, time: 28

real	0m13.229s
user	0m0.015s
sys	0m0.063s
Processing year: 2010, period: JAS, time: 32

real	0m14.300s
user	0m0.016s
sys	0m0.067s
Processing year: 2010, period: JAS, time: 36

real	0m14.421s
user	0m0.018s
sys	0m0.059s
Processing year: 2010, period: JAS, time: 40

real	0m14.282s
user	0m0.021s
sys	0m0.065s
Processing year: 2010, period: JAS, time: 44

real	0m14.375s
user	0m0.020s
sys	0m0.058s
Processing year: 2010, period: JAS, time: 48

real	0m14.541s
user	0m0.022s
sys	0m0.055s
Processing year: 2010, period: JAS, time: 52

real	0m14.129s
user	0m0.020s
sys	0m0.058s
Processing year: 2010, period: JAS, time: 56

real	0m14.044s
user	0m0.022s
sys	0m0.060s
Processing year: 2010, period: JAS, time: 60

real	0m14.205s
user	0m0.019s
sys	0m0.060s
Processing year: 2010, period: JAS, time: 64

real	0m14.144s
user	0m0.018s
sys	0m0.062s
Processing year: 2010, period: JAS, time: 68

real	0m14.541s
user	0m0.016s
sys	0m0.061s
Processing year: 2010, period: JAS, time: 72

real	0m14.129s
user	0m0.017s
sys	0m0.070s
Processing year: 2010, period: JAS, time: 76

real	0m13.921s
user	0m0.021s
sys	0m0.057s
Processing year: 2010, period: JAS, time: 80

real	0m14.259s
user	0m0.016s
sys	0m0.060s
Processing year: 2010, period: JAS, time: 84

real	0m13.747s
user	0m0.018s
sys	0m0.059s
Processing year: 2010, period: JAS, time: 88

real	0m13.879s
user	0m0.016s
sys	0m0.061s
Processing year: 2010, period: JAS, time: 92

real	0m13.655s
user	0m0.021s
sys	0m0.057s
Processing year: 2010, period: JAS, time: 96

real	0m14.225s
user	0m0.019s
sys	0m0.070s
Processing year: 2010, period: JAS, time: 100

real	0m13.504s
user	0m0.018s
sys	0m0.059s
Processing year: 2010, period: JAS, time: 104

real	0m13.664s
user	0m0.019s
sys	0m0.056s
Processing year: 2010, period: JAS, time: 108

real	0m13.752s
user	0m0.019s
sys	0m0.057s
Processing year: 2010, period: JAS, time: 112

real	0m13.680s
user	0m0.023s
sys	0m0.057s
Processing year: 2010, period: JAS, time: 116

real	0m13.504s
user	0m0.016s
sys	0m0.062s
Processing year: 2010, period: JAS, time: 120

real	0m13.468s
user	0m0.017s
sys	0m0.058s
Processing year: 2010, period: JAS, time: 124

real	0m13.603s
user	0m0.017s
sys	0m0.062s
Processing year: 2010, period: JAS, time: 128

real	0m13.393s
user	0m0.015s
sys	0m0.064s
Processing year: 2010, period: JAS, time: 132

real	0m13.296s
user	0m0.016s
sys	0m0.062s
Processing year: 2010, period: JAS, time: 136

real	0m13.687s
user	0m0.020s
sys	0m0.057s
Processing year: 2010, period: JAS, time: 140

real	0m13.666s
user	0m0.022s
sys	0m0.054s
Processing year: 2010, period: JAS, time: 144

real	0m13.487s
user	0m0.018s
sys	0m0.059s
Processing year: 2010, period: JAS, time: 148

real	0m14.263s
user	0m0.020s
sys	0m0.061s
Processing year: 2010, period: JAS, time: 152

real	0m13.887s
user	0m0.016s
sys	0m0.063s
Processing year: 2010, period: JAS, time: 156

real	0m13.123s
user	0m0.019s
sys	0m0.059s
Processing year: 2010, period: JAS, time: 160

real	0m13.155s
user	0m0.019s
sys	0m0.060s
Processing year: 2010, period: JAS, time: 164

real	0m13.306s
user	0m0.019s
sys	0m0.058s
Processing year: 2010, period: JAS, time: 168

real	0m13.473s
user	0m0.019s
sys	0m0.058s
Processing year: 2010, period: JAS, time: 172

real	0m13.299s
user	0m0.020s
sys	0m0.056s
Processing year: 2010, period: JAS, time: 176

real	0m13.209s
user	0m0.025s
sys	0m0.054s
Processing year: 2010, period: JAS, time: 180

real	0m12.932s
user	0m0.020s
sys	0m0.058s
Processing year: 2010, period: JAS, time: 184

real	0m12.125s
user	0m0.023s
sys	0m0.051s
Processing year: 2010, period: JAS, time: 188

real	0m12.886s
user	0m0.017s
sys	0m0.053s
Processing year: 2010, period: JAS, time: 192

real	0m12.886s
user	0m0.022s
sys	0m0.057s
Processing year: 2010, period: JAS, time: 196

real	0m13.113s
user	0m0.015s
sys	0m0.062s
Processing year: 2010, period: JAS, time: 200

real	0m12.995s
user	0m0.018s
sys	0m0.059s
Processing year: 2010, period: JAS, time: 204

real	0m12.907s
user	0m0.020s
sys	0m0.058s
Processing year: 2010, period: JAS, time: 208

real	0m12.473s
user	0m0.018s
sys	0m0.058s
Processing year: 2010, period: JAS, time: 212

real	0m11.859s
user	0m0.021s
sys	0m0.056s
Processing year: 2010, period: JAS, time: 216

real	0m12.758s
user	0m0.018s
sys	0m0.054s
Processing year: 2010, period: JAS, time: 220

real	0m12.856s
user	0m0.023s
sys	0m0.055s
Processing year: 2010, period: JAS, time: 224

real	0m12.706s
user	0m0.018s
sys	0m0.060s
Processing year: 2010, period: JAS, time: 228

real	0m12.801s
user	0m0.014s
sys	0m0.063s
Processing year: 2010, period: JAS, time: 232

real	0m12.667s
user	0m0.018s
sys	0m0.061s
Processing year: 2010, period: JAS, time: 236

real	0m13.081s
user	0m0.017s
sys	0m0.060s
Processing year: 2010, period: JAS, time: 240

real	0m12.640s
user	0m0.018s
sys	0m0.071s
Processing year: 2010, period: JAS, time: 244

real	0m12.623s
user	0m0.018s
sys	0m0.059s
Processing year: 2010, period: JAS, time: 248

real	0m12.320s
user	0m0.016s
sys	0m0.061s
Processing year: 2010, period: JAS, time: 252

real	0m12.512s
user	0m0.018s
sys	0m0.061s
Processing year: 2010, period: JAS, time: 256

real	0m12.827s
user	0m0.019s
sys	0m0.056s
Processing year: 2010, period: JAS, time: 260

real	0m12.681s
user	0m0.018s
sys	0m0.059s
Processing year: 2010, period: JAS, time: 264

real	0m12.902s
user	0m0.019s
sys	0m0.071s
Processing year: 2010, period: JAS, time: 268

real	0m12.534s
user	0m0.022s
sys	0m0.056s
Processing year: 2010, period: JAS, time: 272

real	0m12.608s
user	0m0.013s
sys	0m0.068s
Processing year: 2010, period: JAS, time: 276

real	0m12.347s
user	0m0.022s
sys	0m0.056s
Processing year: 2010, period: JAS, time: 280

real	0m12.767s
user	0m0.015s
sys	0m0.062s
Processing year: 2010, period: JAS, time: 284

real	0m12.518s
user	0m0.016s
sys	0m0.061s
Processing year: 2010, period: JAS, time: 288

real	0m12.507s
user	0m0.021s
sys	0m0.057s
Processing year: 2010, period: JAS, time: 292

real	0m12.539s
user	0m0.020s
sys	0m0.057s
Processing year: 2010, period: JAS, time: 296

real	0m12.422s
user	0m0.016s
sys	0m0.061s
Processing year: 2010, period: JAS, time: 300

real	0m12.544s
user	0m0.018s
sys	0m0.059s
Processing year: 2010, period: JAS, time: 304

real	0m12.733s
user	0m0.017s
sys	0m0.064s
Processing year: 2010, period: JAS, time: 308

real	0m12.273s
user	0m0.016s
sys	0m0.061s
Processing year: 2010, period: JAS, time: 312

real	0m12.501s
user	0m0.020s
sys	0m0.059s
Processing year: 2010, period: JAS, time: 316

real	0m12.729s
user	0m0.021s
sys	0m0.058s
Processing year: 2010, period: JAS, time: 320

real	0m12.658s
user	0m0.020s
sys	0m0.068s
EBVERSIONNUMACTL=2.0.14
SLURM_JOB_NUM_NODES=1
EBROOTNUMACTL=/cluster/software/numactl/2.0.14-GCCcore-11.3.0
EBDEVELNUMACTL=/cluster/software/numactl/2.0.14-GCCcore-11.3.0/easybuild/numactl-2.0.14-GCCcore-11.3.0-easybuild-devel
OMP_NUM_THREADS=32

Job 6259438 consumed 9.7 billing hours from project nn8008k.

Submitted 2025-05-27T23:22:40; waited 1.0 seconds in the queue after becoming eligible to run.

Requested wallclock time: 6.3 hours
Elapsed wallclock time:   18.2 minutes

Job exited normally.

Task and CPU statistics:
ID              CPUs  Tasks  CPU util                Start   Elapsed  Exit status
6259438           32            0.0 %  2025-05-27T23:22:41  1091.0 s  0
6259438.batch     32      1     0.0 %  2025-05-27T23:22:41  1091.0 s  0
6259438.python    32      1     4.5 %  2025-05-27T23:22:46    19.0 s  0
6259438.python    32      1     6.0 %  2025-05-27T23:23:05    15.0 s  0
6259438.python    32      1     6.1 %  2025-05-27T23:23:20    14.0 s  0
6259438.python    32      1     6.1 %  2025-05-27T23:23:34    14.0 s  0
6259438.python    32      1     5.9 %  2025-05-27T23:23:48    15.0 s  0
6259438.python    32      1     6.4 %  2025-05-27T23:24:03    14.0 s  0
6259438.python    32      1     5.6 %  2025-05-27T23:24:17    15.0 s  0
6259438.python    32      1     6.5 %  2025-05-27T23:24:32    13.0 s  0
6259438.python    32      1     6.1 %  2025-05-27T23:24:45    14.0 s  0
6259438.python    32      1     6.3 %  2025-05-27T23:25:00    14.0 s  0
6259438.python    32      1     6.1 %  2025-05-27T23:25:14    14.0 s  0
6259438.python    32      1     5.5 %  2025-05-27T23:25:28    15.0 s  0
6259438.python    32      1     5.8 %  2025-05-27T23:25:43    14.0 s  0
6259438.python    32      1     6.0 %  2025-05-27T23:25:57    14.0 s  0
6259438.python    32      1     5.8 %  2025-05-27T23:26:11    14.0 s  0
6259438.python    32      1     5.8 %  2025-05-27T23:26:25    14.0 s  0
6259438.python    32      1     6.1 %  2025-05-27T23:26:40    14.0 s  0
6259438.python    32      1     6.2 %  2025-05-27T23:26:54    14.0 s  0
6259438.python    32      1     6.0 %  2025-05-27T23:27:08    14.0 s  0
6259438.python    32      1     6.1 %  2025-05-27T23:27:22    14.0 s  0
6259438.python    32      1     5.8 %  2025-05-27T23:27:36    14.0 s  0
6259438.python    32      1     6.2 %  2025-05-27T23:27:51    13.0 s  0
6259438.python    32      1     6.1 %  2025-05-27T23:28:04    14.0 s  0
6259438.python    32      1     5.8 %  2025-05-27T23:28:18    14.0 s  0
6259438.python    32      1     6.1 %  2025-05-27T23:28:32    14.0 s  0
6259438.python    32      1     6.1 %  2025-05-27T23:28:46    13.0 s  0
6259438.python    32      1     6.1 %  2025-05-27T23:29:00    13.0 s  0
6259438.python    32      1     5.8 %  2025-05-27T23:29:13    14.0 s  0
6259438.python    32      1     5.7 %  2025-05-27T23:29:27    14.0 s  0
6259438.python    32      1     6.1 %  2025-05-27T23:29:41    13.0 s  0
6259438.python    32      1     5.8 %  2025-05-27T23:29:54    14.0 s  0
6259438.python    32      1     6.4 %  2025-05-27T23:30:08    13.0 s  0
6259438.python    32      1     5.7 %  2025-05-27T23:30:21    14.0 s  0
6259438.python    32      1     6.1 %  2025-05-27T23:30:35    13.0 s  0
6259438.python    32      1     6.0 %  2025-05-27T23:30:48    14.0 s  0
6259438.python    32      1     6.2 %  2025-05-27T23:31:02    13.0 s  0
6259438.python    32      1     5.7 %  2025-05-27T23:31:15    14.0 s  0
6259438.python    32      1     5.9 %  2025-05-27T23:31:29    14.0 s  0
6259438.python    32      1     5.9 %  2025-05-27T23:31:43    14.0 s  0
6259438.python    32      1     6.1 %  2025-05-27T23:31:57    13.0 s  0
6259438.python    32      1     6.3 %  2025-05-27T23:32:10    13.0 s  0
6259438.python    32      1     6.3 %  2025-05-27T23:32:23    13.0 s  0
6259438.python    32      1     6.4 %  2025-05-27T23:32:37    13.0 s  0
6259438.python    32      1     6.2 %  2025-05-27T23:32:50    13.0 s  0
6259438.python    32      1     6.2 %  2025-05-27T23:33:03    13.0 s  0
6259438.python    32      1     6.8 %  2025-05-27T23:33:17    12.0 s  0
6259438.python    32      1     6.8 %  2025-05-27T23:33:29    12.0 s  0
6259438.python    32      1     6.8 %  2025-05-27T23:33:42    12.0 s  0
6259438.python    32      1     6.0 %  2025-05-27T23:33:54    13.0 s  0
6259438.python    32      1     6.3 %  2025-05-27T23:34:07    13.0 s  0
6259438.python    32      1     6.2 %  2025-05-27T23:34:20    13.0 s  0
6259438.python    32      1     6.3 %  2025-05-27T23:34:33    13.0 s  0
6259438.python    32      1     6.4 %  2025-05-27T23:34:46    13.0 s  0
6259438.python    32      1     6.7 %  2025-05-27T23:34:59    12.0 s  0
6259438.python    32      1     6.8 %  2025-05-27T23:35:11    12.0 s  0
6259438.python    32      1     6.0 %  2025-05-27T23:35:23    13.0 s  0
6259438.python    32      1     5.9 %  2025-05-27T23:35:36    13.0 s  0
6259438.python    32      1     6.0 %  2025-05-27T23:35:49    13.0 s  0
6259438.python    32      1     6.8 %  2025-05-27T23:36:02    12.0 s  0
6259438.python    32      1     6.4 %  2025-05-27T23:36:15    12.0 s  0
6259438.python    32      1     6.4 %  2025-05-27T23:36:28    12.0 s  0
6259438.python    32      1     5.9 %  2025-05-27T23:36:40    13.0 s  0
6259438.python    32      1     6.4 %  2025-05-27T23:36:53    12.0 s  0
6259438.python    32      1     5.9 %  2025-05-27T23:37:05    13.0 s  0
6259438.python    32      1     6.4 %  2025-05-27T23:37:18    12.0 s  0
6259438.python    32      1     6.4 %  2025-05-27T23:37:31    12.0 s  0
6259438.python    32      1     6.0 %  2025-05-27T23:37:43    13.0 s  0
6259438.python    32      1     5.9 %  2025-05-27T23:37:56    13.0 s  0
6259438.python    32      1     6.4 %  2025-05-27T23:38:09    12.0 s  0
6259438.python    32      1     6.4 %  2025-05-27T23:38:21    12.0 s  0
6259438.python    32      1     6.4 %  2025-05-27T23:38:34    12.0 s  0
6259438.python    32      1     5.9 %  2025-05-27T23:38:46    13.0 s  0
6259438.python    32      1     6.4 %  2025-05-27T23:38:59    12.0 s  0
6259438.python    32      1     6.0 %  2025-05-27T23:39:11    13.0 s  0
6259438.python    32      1     6.7 %  2025-05-27T23:39:24    12.0 s  0
6259438.python    32      1     5.9 %  2025-05-27T23:39:36    13.0 s  0
6259438.python    32      1     6.4 %  2025-05-27T23:39:49    12.0 s  0
6259438.python    32      1     6.3 %  2025-05-27T23:40:02    12.0 s  0
6259438.python    32      1     6.4 %  2025-05-27T23:40:14    12.0 s  0
6259438.python    32      1     5.9 %  2025-05-27T23:40:26    13.0 s  0
6259438.python    32      1     5.9 %  2025-05-27T23:40:39    13.0 s  0

Used CPU time:   35.2 CPU minutes
Unused CPU time: 9.1 CPU hours

Memory statistics, in GiB:
ID               Alloc   Usage
6259438           59.0        
6259438.batch     59.0     0.0
6259438.python    59.0     0.8
6259438.python    59.0     0.3
6259438.python    59.0     0.3
6259438.python    59.0     0.3
6259438.python    59.0     0.3
6259438.python    59.0     0.3
6259438.python    59.0     0.3
6259438.python    59.0     0.2
6259438.python    59.0     0.3
6259438.python    59.0     0.3
6259438.python    59.0     0.3
6259438.python    59.0     0.3
6259438.python    59.0     0.3
6259438.python    59.0     0.3
6259438.python    59.0     0.3
6259438.python    59.0     0.3
6259438.python    59.0     0.2
6259438.python    59.0     0.3
6259438.python    59.0     0.2
6259438.python    59.0     0.2
6259438.python    59.0     0.2
6259438.python    59.0     0.2
6259438.python    59.0     0.2
6259438.python    59.0     0.2
6259438.python    59.0     0.2
6259438.python    59.0     0.2
6259438.python    59.0     0.2
6259438.python    59.0     0.2
6259438.python    59.0     0.2
6259438.python    59.0     0.2
6259438.python    59.0     0.2
6259438.python    59.0     0.2
6259438.python    59.0     0.2
6259438.python    59.0     0.2
6259438.python    59.0     0.2
6259438.python    59.0     0.2
6259438.python    59.0     0.2
6259438.python    59.0     0.2
6259438.python    59.0     0.2
6259438.python    59.0     0.2
6259438.python    59.0     0.2
6259438.python    59.0     0.2
6259438.python    59.0     0.2
6259438.python    59.0     0.2
6259438.python    59.0     0.2
6259438.python    59.0     0.2
6259438.python    59.0     0.2
6259438.python    59.0     0.2
6259438.python    59.0     0.2
6259438.python    59.0     0.2
6259438.python    59.0     0.2
6259438.python    59.0     0.2
6259438.python    59.0     0.2
6259438.python    59.0     0.2
6259438.python    59.0     0.2
6259438.python    59.0     0.2
6259438.python    59.0     0.2
6259438.python    59.0     0.2
6259438.python    59.0     0.2
6259438.python    59.0     0.1
6259438.python    59.0     0.2
6259438.python    59.0     0.2
6259438.python    59.0     0.2
6259438.python    59.0     0.1
6259438.python    59.0     0.1
6259438.python    59.0     0.1
6259438.python    59.0     0.1
6259438.python    59.0     0.1
6259438.python    59.0     0.1
6259438.python    59.0     0.1
6259438.python    59.0     0.1
6259438.python    59.0     0.1
6259438.python    59.0     0.1
6259438.python    59.0     0.1
6259438.python    59.0     0.1
6259438.python    59.0     0.1
6259438.python    59.0     0.1
6259438.python    59.0     0.1
6259438.python    59.0     0.1
6259438.python    59.0     0.1
6259438.python    59.0     0.1

Job 6259438 completed at Tue May 27 23:40:52 CEST 2025
