Starting job 6259391 on c4-5 on fram at Tue May 27 23:17:43 CEST 2025


Currently Loaded Modules:
  1) StdEnv (S)

  Where:
   S:  Module is Sticky, requires --force to unload or purge

 


The following have been reloaded with a version change:
  1) FFTW/3.3.10-GCC-13.3.0 => FFTW/3.3.10-GCC-11.3.0
  2) FlexiBLAS/3.4.4-GCC-13.3.0 => FlexiBLAS/3.2.0-GCC-11.3.0
  3) GCC/13.3.0 => GCC/11.3.0
  4) GCCcore/13.3.0 => GCCcore/11.3.0
  5) OpenBLAS/0.3.27-GCC-13.3.0 => OpenBLAS/0.3.20-GCC-11.3.0
  6) OpenSSL/3 => OpenSSL/1.1
  7) Python/3.12.3-GCCcore-13.3.0 => Python/3.10.4-GCCcore-11.3.0
  8) SQLite/3.45.3-GCCcore-13.3.0 => SQLite/3.38.3-GCCcore-11.3.0
  9) SciPy-bundle/2024.05-gfbf-2024a => SciPy-bundle/2022.05-foss-2022a
 10) Tcl/8.6.14-GCCcore-13.3.0 => Tcl/8.6.12-GCCcore-11.3.0
 11) XZ/5.4.5-GCCcore-13.3.0 => XZ/5.2.5-GCCcore-11.3.0
 12) binutils/2.42-GCCcore-13.3.0 => binutils/2.38-GCCcore-11.3.0
 13) bzip2/1.0.8-GCCcore-13.3.0 => bzip2/1.0.8-GCCcore-11.3.0
 14) gzip/1.13-GCCcore-13.3.0 => gzip/1.12-GCCcore-11.3.0
 15) libffi/3.4.5-GCCcore-13.3.0 => libffi/3.4.2-GCCcore-11.3.0
 16) libreadline/8.2-GCCcore-13.3.0 => libreadline/8.1.2-GCCcore-11.3.0
 17) lz4/1.9.4-GCCcore-13.3.0 => lz4/1.9.3-GCCcore-11.3.0
 18) ncurses/6.5-GCCcore-13.3.0 => ncurses/6.3-GCCcore-11.3.0
 19) pybind11/2.12.0-GCC-13.3.0 => pybind11/2.9.2-GCCcore-11.3.0
 20) zlib/1.3.1-GCCcore-13.3.0 => zlib/1.2.12-GCCcore-11.3.0
 21) zstd/1.5.6-GCCcore-13.3.0 => zstd/1.5.2-GCCcore-11.3.0

Processing year: 2010, period: AMJ, time: 0

real	0m21.480s
user	0m0.020s
sys	0m0.041s
Processing year: 2010, period: AMJ, time: 4

real	0m16.717s
user	0m0.021s
sys	0m0.057s
Processing year: 2010, period: AMJ, time: 8

real	0m16.787s
user	0m0.019s
sys	0m0.058s
Processing year: 2010, period: AMJ, time: 12

real	0m16.503s
user	0m0.021s
sys	0m0.056s
Processing year: 2010, period: AMJ, time: 16

real	0m16.314s
user	0m0.018s
sys	0m0.060s
Processing year: 2010, period: AMJ, time: 20

real	0m16.763s
user	0m0.016s
sys	0m0.063s
Processing year: 2010, period: AMJ, time: 24

real	0m16.311s
user	0m0.016s
sys	0m0.063s
Processing year: 2010, period: AMJ, time: 28
Traceback (most recent call last):
  File "/cluster/work/users/llpui9007/ndaily_runs/similarity/clean_Fmap.py", line 154, in <module>
    W_disp_cleaned = cleaner(n,n_cleaned,kill_trajectories,W_disp)
NameError: name 'W_disp' is not defined
srun: error: c4-5: task 0: Exited with exit code 1
srun: Terminating StepId=6259391.7

real	0m14.599s
user	0m0.021s
sys	0m0.059s

Job 6259391 consumed 1.3 billing hours from project nn8008k.

Submitted 2025-05-27T23:17:42; waited 1.0 seconds in the queue after becoming eligible to run.

Requested wallclock time: 6.3 hours
Elapsed wallclock time:   2.4 minutes

Job failed.

Task and CPU statistics:
ID              CPUs  Tasks  CPU util                Start  Elapsed  Exit status
6259391           32            0.0 %  2025-05-27T23:17:43  141.0 s  1
6259391.batch     32      1     0.1 %  2025-05-27T23:17:43  141.0 s  1
6259391.python    32      1     4.1 %  2025-05-27T23:17:48   22.0 s  0
6259391.python    32      1     5.5 %  2025-05-27T23:18:10   16.0 s  0
6259391.python    32      1     5.2 %  2025-05-27T23:18:26   17.0 s  0
6259391.python    32      1     5.3 %  2025-05-27T23:18:43   17.0 s  0
6259391.python    32      1     5.7 %  2025-05-27T23:19:00   16.0 s  0
6259391.python    32      1     5.2 %  2025-05-27T23:19:16   17.0 s  0
6259391.python    32      1     5.7 %  2025-05-27T23:19:33   16.0 s  0
6259391.python    32      1     5.5 %  2025-05-27T23:19:49   15.0 s  1

Used CPU time:   3.9 CPU minutes
Unused CPU time: 1.2 CPU hours

Memory statistics, in GiB:
ID               Alloc   Usage
6259391           59.0        
6259391.batch     59.0     0.0
6259391.python    59.0     1.0
6259391.python    59.0     0.5
6259391.python    59.0     0.5
6259391.python    59.0     0.5
6259391.python    59.0     0.5
6259391.python    59.0     0.5
6259391.python    59.0     0.5
6259391.python    59.0     0.1

Job 6259391 completed at Tue May 27 23:20:04 CEST 2025
Starting job 6259435 on c41-12 on fram at Tue May 27 23:22:41 CEST 2025


Currently Loaded Modules:
  1) StdEnv (S)

  Where:
   S:  Module is Sticky, requires --force to unload or purge

 


The following have been reloaded with a version change:
  1) FFTW/3.3.10-GCC-13.3.0 => FFTW/3.3.10-GCC-11.3.0
  2) FlexiBLAS/3.4.4-GCC-13.3.0 => FlexiBLAS/3.2.0-GCC-11.3.0
  3) GCC/13.3.0 => GCC/11.3.0
  4) GCCcore/13.3.0 => GCCcore/11.3.0
  5) OpenBLAS/0.3.27-GCC-13.3.0 => OpenBLAS/0.3.20-GCC-11.3.0
  6) OpenSSL/3 => OpenSSL/1.1
  7) Python/3.12.3-GCCcore-13.3.0 => Python/3.10.4-GCCcore-11.3.0
  8) SQLite/3.45.3-GCCcore-13.3.0 => SQLite/3.38.3-GCCcore-11.3.0
  9) SciPy-bundle/2024.05-gfbf-2024a => SciPy-bundle/2022.05-foss-2022a
 10) Tcl/8.6.14-GCCcore-13.3.0 => Tcl/8.6.12-GCCcore-11.3.0
 11) XZ/5.4.5-GCCcore-13.3.0 => XZ/5.2.5-GCCcore-11.3.0
 12) binutils/2.42-GCCcore-13.3.0 => binutils/2.38-GCCcore-11.3.0
 13) bzip2/1.0.8-GCCcore-13.3.0 => bzip2/1.0.8-GCCcore-11.3.0
 14) gzip/1.13-GCCcore-13.3.0 => gzip/1.12-GCCcore-11.3.0
 15) libffi/3.4.5-GCCcore-13.3.0 => libffi/3.4.2-GCCcore-11.3.0
 16) libreadline/8.2-GCCcore-13.3.0 => libreadline/8.1.2-GCCcore-11.3.0
 17) lz4/1.9.4-GCCcore-13.3.0 => lz4/1.9.3-GCCcore-11.3.0
 18) ncurses/6.5-GCCcore-13.3.0 => ncurses/6.3-GCCcore-11.3.0
 19) pybind11/2.12.0-GCC-13.3.0 => pybind11/2.9.2-GCCcore-11.3.0
 20) zlib/1.3.1-GCCcore-13.3.0 => zlib/1.2.12-GCCcore-11.3.0
 21) zstd/1.5.6-GCCcore-13.3.0 => zstd/1.5.2-GCCcore-11.3.0

Processing year: 2010, period: AMJ, time: 0

real	0m21.894s
user	0m0.021s
sys	0m0.039s
Processing year: 2010, period: AMJ, time: 4

real	0m16.704s
user	0m0.018s
sys	0m0.063s
Processing year: 2010, period: AMJ, time: 8

real	0m16.619s
user	0m0.018s
sys	0m0.061s
Processing year: 2010, period: AMJ, time: 12

real	0m15.820s
user	0m0.021s
sys	0m0.057s
Processing year: 2010, period: AMJ, time: 16

real	0m16.318s
user	0m0.020s
sys	0m0.052s
Processing year: 2010, period: AMJ, time: 20

real	0m16.768s
user	0m0.016s
sys	0m0.062s
Processing year: 2010, period: AMJ, time: 24

real	0m16.322s
user	0m0.023s
sys	0m0.056s
Processing year: 2010, period: AMJ, time: 28

real	0m16.387s
user	0m0.015s
sys	0m0.061s
Processing year: 2010, period: AMJ, time: 32

real	0m16.467s
user	0m0.016s
sys	0m0.061s
Processing year: 2010, period: AMJ, time: 36

real	0m16.518s
user	0m0.021s
sys	0m0.057s
Processing year: 2010, period: AMJ, time: 40

real	0m16.448s
user	0m0.021s
sys	0m0.060s
Processing year: 2010, period: AMJ, time: 44

real	0m16.330s
user	0m0.017s
sys	0m0.061s
Processing year: 2010, period: AMJ, time: 48

real	0m16.564s
user	0m0.018s
sys	0m0.059s
Processing year: 2010, period: AMJ, time: 52

real	0m16.595s
user	0m0.017s
sys	0m0.060s
Processing year: 2010, period: AMJ, time: 56

real	0m16.437s
user	0m0.020s
sys	0m0.059s
Processing year: 2010, period: AMJ, time: 60

real	0m16.503s
user	0m0.016s
sys	0m0.065s
Processing year: 2010, period: AMJ, time: 64

real	0m16.585s
user	0m0.018s
sys	0m0.061s
Processing year: 2010, period: AMJ, time: 68

real	0m16.417s
user	0m0.019s
sys	0m0.063s
Processing year: 2010, period: AMJ, time: 72

real	0m16.536s
user	0m0.019s
sys	0m0.058s
Processing year: 2010, period: AMJ, time: 76

real	0m16.378s
user	0m0.017s
sys	0m0.061s
Processing year: 2010, period: AMJ, time: 80

real	0m16.518s
user	0m0.020s
sys	0m0.055s
Processing year: 2010, period: AMJ, time: 84

real	0m16.273s
user	0m0.023s
sys	0m0.056s
Processing year: 2010, period: AMJ, time: 88

real	0m16.288s
user	0m0.020s
sys	0m0.058s
Processing year: 2010, period: AMJ, time: 92

real	0m16.162s
user	0m0.017s
sys	0m0.059s
Processing year: 2010, period: AMJ, time: 96

real	0m16.076s
user	0m0.016s
sys	0m0.062s
Processing year: 2010, period: AMJ, time: 100

real	0m16.801s
user	0m0.021s
sys	0m0.061s
Processing year: 2010, period: AMJ, time: 104

real	0m15.181s
user	0m0.022s
sys	0m0.055s
Processing year: 2010, period: AMJ, time: 108

real	0m17.168s
user	0m0.021s
sys	0m0.059s
Processing year: 2010, period: AMJ, time: 112

real	0m16.960s
user	0m0.014s
sys	0m0.064s
Processing year: 2010, period: AMJ, time: 116

real	0m16.488s
user	0m0.021s
sys	0m0.059s
Processing year: 2010, period: AMJ, time: 120

real	0m16.090s
user	0m0.023s
sys	0m0.056s
Processing year: 2010, period: AMJ, time: 124

real	0m16.327s
user	0m0.021s
sys	0m0.059s
Processing year: 2010, period: AMJ, time: 128

real	0m16.298s
user	0m0.019s
sys	0m0.060s
Processing year: 2010, period: AMJ, time: 132

real	0m16.612s
user	0m0.025s
sys	0m0.053s
Processing year: 2010, period: AMJ, time: 136

real	0m16.104s
user	0m0.020s
sys	0m0.056s
Processing year: 2010, period: AMJ, time: 140

real	0m16.248s
user	0m0.023s
sys	0m0.053s
Processing year: 2010, period: AMJ, time: 144

real	0m17.311s
user	0m0.015s
sys	0m0.062s
Processing year: 2010, period: AMJ, time: 148

real	0m16.467s
user	0m0.017s
sys	0m0.060s
Processing year: 2010, period: AMJ, time: 152

real	0m16.071s
user	0m0.020s
sys	0m0.060s
Processing year: 2010, period: AMJ, time: 156

real	0m16.311s
user	0m0.020s
sys	0m0.062s
Processing year: 2010, period: AMJ, time: 160

real	0m16.247s
user	0m0.018s
sys	0m0.059s
Processing year: 2010, period: AMJ, time: 164

real	0m15.924s
user	0m0.023s
sys	0m0.057s
Processing year: 2010, period: AMJ, time: 168

real	0m16.426s
user	0m0.020s
sys	0m0.058s
Processing year: 2010, period: AMJ, time: 172

real	0m16.228s
user	0m0.024s
sys	0m0.053s
Processing year: 2010, period: AMJ, time: 176

real	0m16.114s
user	0m0.019s
sys	0m0.059s
Processing year: 2010, period: AMJ, time: 180

real	0m16.248s
user	0m0.018s
sys	0m0.060s
Processing year: 2010, period: AMJ, time: 184

real	0m16.154s
user	0m0.023s
sys	0m0.053s
Processing year: 2010, period: AMJ, time: 188

real	0m16.038s
user	0m0.020s
sys	0m0.057s
Processing year: 2010, period: AMJ, time: 192

real	0m15.880s
user	0m0.017s
sys	0m0.061s
Processing year: 2010, period: AMJ, time: 196

real	0m16.326s
user	0m0.021s
sys	0m0.055s
Processing year: 2010, period: AMJ, time: 200

real	0m16.175s
user	0m0.026s
sys	0m0.052s
Processing year: 2010, period: AMJ, time: 204

real	0m16.141s
user	0m0.015s
sys	0m0.062s
Processing year: 2010, period: AMJ, time: 208

real	0m16.088s
user	0m0.018s
sys	0m0.057s
Processing year: 2010, period: AMJ, time: 212

real	0m14.801s
user	0m0.022s
sys	0m0.053s
Processing year: 2010, period: AMJ, time: 216

real	0m16.104s
user	0m0.020s
sys	0m0.051s
Processing year: 2010, period: AMJ, time: 220

real	0m15.769s
user	0m0.020s
sys	0m0.057s
Processing year: 2010, period: AMJ, time: 224

real	0m15.814s
user	0m0.018s
sys	0m0.060s
Processing year: 2010, period: AMJ, time: 228

real	0m16.171s
user	0m0.018s
sys	0m0.064s
Processing year: 2010, period: AMJ, time: 232

real	0m15.760s
user	0m0.018s
sys	0m0.060s
Processing year: 2010, period: AMJ, time: 236

real	0m15.636s
user	0m0.017s
sys	0m0.060s
Processing year: 2010, period: AMJ, time: 240

real	0m15.706s
user	0m0.018s
sys	0m0.060s
Processing year: 2010, period: AMJ, time: 244

real	0m15.717s
user	0m0.021s
sys	0m0.057s
Processing year: 2010, period: AMJ, time: 248

real	0m15.536s
user	0m0.021s
sys	0m0.059s
Processing year: 2010, period: AMJ, time: 252

real	0m15.838s
user	0m0.021s
sys	0m0.056s
Processing year: 2010, period: AMJ, time: 256

real	0m15.790s
user	0m0.014s
sys	0m0.062s
Processing year: 2010, period: AMJ, time: 260

real	0m15.529s
user	0m0.016s
sys	0m0.056s
Processing year: 2010, period: AMJ, time: 264

real	0m15.643s
user	0m0.013s
sys	0m0.060s
Processing year: 2010, period: AMJ, time: 268

real	0m15.465s
user	0m0.017s
sys	0m0.063s
Processing year: 2010, period: AMJ, time: 272

real	0m15.536s
user	0m0.019s
sys	0m0.059s
Processing year: 2010, period: AMJ, time: 276

real	0m15.485s
user	0m0.018s
sys	0m0.060s
Processing year: 2010, period: AMJ, time: 280

real	0m15.635s
user	0m0.017s
sys	0m0.061s
Processing year: 2010, period: AMJ, time: 284

real	0m15.460s
user	0m0.021s
sys	0m0.056s
Processing year: 2010, period: AMJ, time: 288

real	0m14.500s
user	0m0.022s
sys	0m0.054s
Processing year: 2010, period: AMJ, time: 292

real	0m16.578s
user	0m0.015s
sys	0m0.054s
Processing year: 2010, period: AMJ, time: 296

real	0m18.042s
user	0m0.018s
sys	0m0.060s
Processing year: 2010, period: AMJ, time: 300

real	0m15.360s
user	0m0.017s
sys	0m0.060s
Processing year: 2010, period: AMJ, time: 304

real	0m15.142s
user	0m0.017s
sys	0m0.075s
Processing year: 2010, period: AMJ, time: 308

real	0m15.374s
user	0m0.018s
sys	0m0.059s
Processing year: 2010, period: AMJ, time: 312

real	0m15.400s
user	0m0.018s
sys	0m0.060s
Processing year: 2010, period: AMJ, time: 316

real	0m15.224s
user	0m0.020s
sys	0m0.057s
Processing year: 2010, period: AMJ, time: 320

real	0m15.085s
user	0m0.020s
sys	0m0.054s
EBVERSIONNUMACTL=2.0.14
SLURM_JOB_NUM_NODES=1
EBROOTNUMACTL=/cluster/software/numactl/2.0.14-GCCcore-11.3.0
EBDEVELNUMACTL=/cluster/software/numactl/2.0.14-GCCcore-11.3.0/easybuild/numactl-2.0.14-GCCcore-11.3.0-easybuild-devel
OMP_NUM_THREADS=32

Job 6259435 consumed 11.7 billing hours from project nn8008k.

Submitted 2025-05-27T23:22:40; waited 1.0 seconds in the queue after becoming eligible to run.

Requested wallclock time: 6.3 hours
Elapsed wallclock time:   21.9 minutes

Job exited normally.

Task and CPU statistics:
ID              CPUs  Tasks  CPU util                Start   Elapsed  Exit status
6259435           32            0.0 %  2025-05-27T23:22:41  1316.0 s  0
6259435.batch     32      1     0.0 %  2025-05-27T23:22:41  1316.0 s  0
6259435.python    32      1     4.1 %  2025-05-27T23:22:46    22.0 s  0
6259435.python    32      1     5.4 %  2025-05-27T23:23:08    17.0 s  0
6259435.python    32      1     5.5 %  2025-05-27T23:23:25    16.0 s  0
6259435.python    32      1     5.5 %  2025-05-27T23:23:41    16.0 s  0
6259435.python    32      1     5.8 %  2025-05-27T23:23:57    16.0 s  0
6259435.python    32      1     5.2 %  2025-05-27T23:24:13    17.0 s  0
6259435.python    32      1     5.8 %  2025-05-27T23:24:30    16.0 s  0
6259435.python    32      1     5.7 %  2025-05-27T23:24:47    16.0 s  0
6259435.python    32      1     5.5 %  2025-05-27T23:25:03    16.0 s  0
6259435.python    32      1     5.3 %  2025-05-27T23:25:19    17.0 s  0
6259435.python    32      1     5.6 %  2025-05-27T23:25:36    16.0 s  0
6259435.python    32      1     5.5 %  2025-05-27T23:25:52    17.0 s  0
6259435.python    32      1     5.6 %  2025-05-27T23:26:09    16.0 s  0
6259435.python    32      1     5.5 %  2025-05-27T23:26:25    17.0 s  0
6259435.python    32      1     5.6 %  2025-05-27T23:26:42    16.0 s  0
6259435.python    32      1     5.5 %  2025-05-27T23:26:58    17.0 s  0
6259435.python    32      1     5.5 %  2025-05-27T23:27:15    16.0 s  0
6259435.python    32      1     5.2 %  2025-05-27T23:27:31    17.0 s  0
6259435.python    32      1     5.7 %  2025-05-27T23:27:48    16.0 s  0
6259435.python    32      1     5.4 %  2025-05-27T23:28:04    17.0 s  0
6259435.python    32      1     5.5 %  2025-05-27T23:28:21    16.0 s  0
6259435.python    32      1     5.6 %  2025-05-27T23:28:37    16.0 s  0
6259435.python    32      1     5.2 %  2025-05-27T23:28:53    17.0 s  0
6259435.python    32      1     5.8 %  2025-05-27T23:29:10    16.0 s  0
6259435.python    32      1     5.8 %  2025-05-27T23:29:26    16.0 s  0
6259435.python    32      1     5.2 %  2025-05-27T23:29:42    17.0 s  0
6259435.python    32      1     5.9 %  2025-05-27T23:29:59    15.0 s  0
6259435.python    32      1     5.3 %  2025-05-27T23:30:14    17.0 s  0
6259435.python    32      1     5.3 %  2025-05-27T23:30:31    17.0 s  0
6259435.python    32      1     5.5 %  2025-05-27T23:30:48    16.0 s  0
6259435.python    32      1     5.7 %  2025-05-27T23:31:05    16.0 s  0
6259435.python    32      1     5.6 %  2025-05-27T23:31:21    16.0 s  0
6259435.python    32      1     5.7 %  2025-05-27T23:31:37    16.0 s  0
6259435.python    32      1     5.3 %  2025-05-27T23:31:53    17.0 s  0
6259435.python    32      1     5.6 %  2025-05-27T23:32:10    16.0 s  0
6259435.python    32      1     5.7 %  2025-05-27T23:32:26    16.0 s  0
6259435.python    32      1     5.2 %  2025-05-27T23:32:42    17.0 s  0
6259435.python    32      1     5.5 %  2025-05-27T23:33:00    16.0 s  0
6259435.python    32      1     5.7 %  2025-05-27T23:33:16    16.0 s  0
6259435.python    32      1     5.5 %  2025-05-27T23:33:32    16.0 s  0
6259435.python    32      1     5.4 %  2025-05-27T23:33:48    17.0 s  0
6259435.python    32      1     6.0 %  2025-05-27T23:34:05    15.0 s  0
6259435.python    32      1     5.7 %  2025-05-27T23:34:21    16.0 s  0
6259435.python    32      1     5.4 %  2025-05-27T23:34:37    16.0 s  0
6259435.python    32      1     5.8 %  2025-05-27T23:34:53    16.0 s  0
6259435.python    32      1     5.8 %  2025-05-27T23:35:09    16.0 s  0
6259435.python    32      1     5.7 %  2025-05-27T23:35:26    16.0 s  0
6259435.python    32      1     5.7 %  2025-05-27T23:35:42    16.0 s  0
6259435.python    32      1     5.8 %  2025-05-27T23:35:58    16.0 s  0
6259435.python    32      1     5.7 %  2025-05-27T23:36:14    16.0 s  0
6259435.python    32      1     5.5 %  2025-05-27T23:36:30    16.0 s  0
6259435.python    32      1     5.8 %  2025-05-27T23:36:46    16.0 s  0
6259435.python    32      1     5.4 %  2025-05-27T23:37:02    16.0 s  0
6259435.python    32      1     5.9 %  2025-05-27T23:37:18    15.0 s  0
6259435.python    32      1     5.7 %  2025-05-27T23:37:33    16.0 s  0
6259435.python    32      1     5.6 %  2025-05-27T23:37:49    16.0 s  0
6259435.python    32      1     5.8 %  2025-05-27T23:38:05    16.0 s  0
6259435.python    32      1     5.8 %  2025-05-27T23:38:21    16.0 s  0
6259435.python    32      1     5.5 %  2025-05-27T23:38:37    16.0 s  0
6259435.python    32      1     5.9 %  2025-05-27T23:38:53    15.0 s  0
6259435.python    32      1     5.8 %  2025-05-27T23:39:08    16.0 s  0
6259435.python    32      1     5.6 %  2025-05-27T23:39:24    16.0 s  0
6259435.python    32      1     5.9 %  2025-05-27T23:39:40    15.0 s  0
6259435.python    32      1     5.5 %  2025-05-27T23:39:55    16.0 s  0
6259435.python    32      1     5.8 %  2025-05-27T23:40:11    16.0 s  0
6259435.python    32      1     5.9 %  2025-05-27T23:40:27    15.0 s  0
6259435.python    32      1     5.9 %  2025-05-27T23:40:43    15.0 s  0
6259435.python    32      1     5.4 %  2025-05-27T23:40:58    16.0 s  0
6259435.python    32      1     5.9 %  2025-05-27T23:41:14    15.0 s  0
6259435.python    32      1     5.5 %  2025-05-27T23:41:29    16.0 s  0
6259435.python    32      1     5.9 %  2025-05-27T23:41:45    15.0 s  0
6259435.python    32      1     5.8 %  2025-05-27T23:42:00    16.0 s  0
6259435.python    32      1     6.3 %  2025-05-27T23:42:16    14.0 s  0
6259435.python    32      1     5.0 %  2025-05-27T23:42:30    17.0 s  0
6259435.python    32      1     4.9 %  2025-05-27T23:42:47    18.0 s  0
6259435.python    32      1     5.6 %  2025-05-27T23:43:05    15.0 s  0
6259435.python    32      1     5.6 %  2025-05-27T23:43:20    15.0 s  0
6259435.python    32      1     5.5 %  2025-05-27T23:43:35    16.0 s  0
6259435.python    32      1     5.9 %  2025-05-27T23:43:51    15.0 s  0
6259435.python    32      1     5.9 %  2025-05-27T23:44:06    15.0 s  0
6259435.python    32      1     5.9 %  2025-05-27T23:44:21    15.0 s  0

Used CPU time:   38.9 CPU minutes
Unused CPU time: 11.0 CPU hours

Memory statistics, in GiB:
ID               Alloc   Usage
6259435           59.0        
6259435.batch     59.0     0.0
6259435.python    59.0     1.0
6259435.python    59.0     0.5
6259435.python    59.0     0.5
6259435.python    59.0     0.4
6259435.python    59.0     0.5
6259435.python    59.0     0.5
6259435.python    59.0     0.5
6259435.python    59.0     0.5
6259435.python    59.0     0.5
6259435.python    59.0     0.5
6259435.python    59.0     0.5
6259435.python    59.0     0.5
6259435.python    59.0     0.5
6259435.python    59.0     0.5
6259435.python    59.0     0.5
6259435.python    59.0     0.5
6259435.python    59.0     0.5
6259435.python    59.0     0.5
6259435.python    59.0     0.5
6259435.python    59.0     0.5
6259435.python    59.0     0.5
6259435.python    59.0     0.5
6259435.python    59.0     0.5
6259435.python    59.0     0.5
6259435.python    59.0     0.5
6259435.python    59.0     0.5
6259435.python    59.0     0.5
6259435.python    59.0     0.4
6259435.python    59.0     0.5
6259435.python    59.0     0.5
6259435.python    59.0     0.5
6259435.python    59.0     0.5
6259435.python    59.0     0.5
6259435.python    59.0     0.5
6259435.python    59.0     0.5
6259435.python    59.0     0.5
6259435.python    59.0     0.5
6259435.python    59.0     0.5
6259435.python    59.0     0.5
6259435.python    59.0     0.5
6259435.python    59.0     0.4
6259435.python    59.0     0.5
6259435.python    59.0     0.5
6259435.python    59.0     0.4
6259435.python    59.0     0.4
6259435.python    59.0     0.4
6259435.python    59.0     0.4
6259435.python    59.0     0.4
6259435.python    59.0     0.4
6259435.python    59.0     0.4
6259435.python    59.0     0.4
6259435.python    59.0     0.4
6259435.python    59.0     0.4
6259435.python    59.0     0.4
6259435.python    59.0     0.4
6259435.python    59.0     0.4
6259435.python    59.0     0.4
6259435.python    59.0     0.4
6259435.python    59.0     0.4
6259435.python    59.0     0.4
6259435.python    59.0     0.4
6259435.python    59.0     0.4
6259435.python    59.0     0.4
6259435.python    59.0     0.4
6259435.python    59.0     0.4
6259435.python    59.0     0.4
6259435.python    59.0     0.4
6259435.python    59.0     0.4
6259435.python    59.0     0.4
6259435.python    59.0     0.4
6259435.python    59.0     0.4
6259435.python    59.0     0.4
6259435.python    59.0     0.4
6259435.python    59.0     0.4
6259435.python    59.0     0.5
6259435.python    59.0     0.4
6259435.python    59.0     0.4
6259435.python    59.0     0.4
6259435.python    59.0     0.3
6259435.python    59.0     0.4
6259435.python    59.0     0.4

Job 6259435 completed at Tue May 27 23:44:37 CEST 2025
