Starting job 6228823 on c30-3 on fram at Sat May 3 00:03:44 CEST 2025


Currently Loaded Modules:
  1) StdEnv (S)

  Where:
   S:  Module is Sticky, requires --force to unload or purge

 


The following have been reloaded with a version change:
  1) GCCcore/13.3.0 => GCCcore/13.2.0
  2) OpenSSL/3 => OpenSSL/1.1
  3) Python/3.12.3-GCCcore-13.3.0 => Python/3.11.5-GCCcore-13.2.0
  4) SQLite/3.45.3-GCCcore-13.3.0 => SQLite/3.43.1-GCCcore-13.2.0
  5) Tcl/8.6.14-GCCcore-13.3.0 => Tcl/8.6.13-GCCcore-13.2.0
  6) XZ/5.4.5-GCCcore-13.3.0 => XZ/5.4.4-GCCcore-13.2.0
  7) binutils/2.42-GCCcore-13.3.0 => binutils/2.40-GCCcore-13.2.0
  8) bzip2/1.0.8-GCCcore-13.3.0 => bzip2/1.0.8-GCCcore-13.2.0
  9) libffi/3.4.5-GCCcore-13.3.0 => libffi/3.4.4-GCCcore-13.2.0
 10) libreadline/8.2-GCCcore-13.3.0 => libreadline/8.2-GCCcore-13.2.0
 11) ncurses/6.5-GCCcore-13.3.0 => ncurses/6.4-GCCcore-13.2.0
 12) zlib/1.3.1-GCCcore-13.3.0 => zlib/1.2.13-GCCcore-13.2.0

0
40
Generating /cluster/projects/nn8008k/lluisa/NextSIM/seas/Fmap_10days/2010_OND_ic0.5_dt0.0025_DT0.0100/0_Fmap_matrix.npy

real	0m31.950s
user	0m0.013s
sys	0m0.022s
4
44
Generating /cluster/projects/nn8008k/lluisa/NextSIM/seas/Fmap_10days/2010_OND_ic0.5_dt0.0025_DT0.0100/1_Fmap_matrix.npy

real	0m23.956s
user	0m0.015s
sys	0m0.012s
8
48
Generating /cluster/projects/nn8008k/lluisa/NextSIM/seas/Fmap_10days/2010_OND_ic0.5_dt0.0025_DT0.0100/2_Fmap_matrix.npy

real	0m23.812s
user	0m0.014s
sys	0m0.012s
12
52
Generating /cluster/projects/nn8008k/lluisa/NextSIM/seas/Fmap_10days/2010_OND_ic0.5_dt0.0025_DT0.0100/3_Fmap_matrix.npy

real	0m23.443s
user	0m0.014s
sys	0m0.011s
16
56
Generating /cluster/projects/nn8008k/lluisa/NextSIM/seas/Fmap_10days/2010_OND_ic0.5_dt0.0025_DT0.0100/4_Fmap_matrix.npy

real	0m23.714s
user	0m0.015s
sys	0m0.012s
20
60
Generating /cluster/projects/nn8008k/lluisa/NextSIM/seas/Fmap_10days/2010_OND_ic0.5_dt0.0025_DT0.0100/5_Fmap_matrix.npy

real	0m23.539s
user	0m0.015s
sys	0m0.012s
24
64
Generating /cluster/projects/nn8008k/lluisa/NextSIM/seas/Fmap_10days/2010_OND_ic0.5_dt0.0025_DT0.0100/6_Fmap_matrix.npy

real	0m23.768s
user	0m0.014s
sys	0m0.014s
28
68
Generating /cluster/projects/nn8008k/lluisa/NextSIM/seas/Fmap_10days/2010_OND_ic0.5_dt0.0025_DT0.0100/7_Fmap_matrix.npy

real	0m23.801s
user	0m0.011s
sys	0m0.016s
32
72
Generating /cluster/projects/nn8008k/lluisa/NextSIM/seas/Fmap_10days/2010_OND_ic0.5_dt0.0025_DT0.0100/8_Fmap_matrix.npy

real	0m23.635s
user	0m0.013s
sys	0m0.014s
36
76
Generating /cluster/projects/nn8008k/lluisa/NextSIM/seas/Fmap_10days/2010_OND_ic0.5_dt0.0025_DT0.0100/9_Fmap_matrix.npy

real	0m23.660s
user	0m0.009s
sys	0m0.018s
40
80
Generating /cluster/projects/nn8008k/lluisa/NextSIM/seas/Fmap_10days/2010_OND_ic0.5_dt0.0025_DT0.0100/10_Fmap_matrix.npy

real	0m23.695s
user	0m0.017s
sys	0m0.011s
44
84
Generating /cluster/projects/nn8008k/lluisa/NextSIM/seas/Fmap_10days/2010_OND_ic0.5_dt0.0025_DT0.0100/11_Fmap_matrix.npy

real	0m23.781s
user	0m0.016s
sys	0m0.012s
48
88
Generating /cluster/projects/nn8008k/lluisa/NextSIM/seas/Fmap_10days/2010_OND_ic0.5_dt0.0025_DT0.0100/12_Fmap_matrix.npy

real	0m24.422s
user	0m0.014s
sys	0m0.012s
52
92
Generating /cluster/projects/nn8008k/lluisa/NextSIM/seas/Fmap_10days/2010_OND_ic0.5_dt0.0025_DT0.0100/13_Fmap_matrix.npy

real	0m23.867s
user	0m0.015s
sys	0m0.012s
56
96
Generating /cluster/projects/nn8008k/lluisa/NextSIM/seas/Fmap_10days/2010_OND_ic0.5_dt0.0025_DT0.0100/14_Fmap_matrix.npy

real	0m23.976s
user	0m0.020s
sys	0m0.007s
60
100
Generating /cluster/projects/nn8008k/lluisa/NextSIM/seas/Fmap_10days/2010_OND_ic0.5_dt0.0025_DT0.0100/15_Fmap_matrix.npy

real	0m24.475s
user	0m0.012s
sys	0m0.014s
64
104
Generating /cluster/projects/nn8008k/lluisa/NextSIM/seas/Fmap_10days/2010_OND_ic0.5_dt0.0025_DT0.0100/16_Fmap_matrix.npy

real	0m23.724s
user	0m0.014s
sys	0m0.010s
68
108
Generating /cluster/projects/nn8008k/lluisa/NextSIM/seas/Fmap_10days/2010_OND_ic0.5_dt0.0025_DT0.0100/17_Fmap_matrix.npy

real	0m24.120s
user	0m0.014s
sys	0m0.014s
72
112
Generating /cluster/projects/nn8008k/lluisa/NextSIM/seas/Fmap_10days/2010_OND_ic0.5_dt0.0025_DT0.0100/18_Fmap_matrix.npy

real	0m24.215s
user	0m0.009s
sys	0m0.016s
76
116
Generating /cluster/projects/nn8008k/lluisa/NextSIM/seas/Fmap_10days/2010_OND_ic0.5_dt0.0025_DT0.0100/19_Fmap_matrix.npy

real	0m23.999s
user	0m0.015s
sys	0m0.012s
80
120
Generating /cluster/projects/nn8008k/lluisa/NextSIM/seas/Fmap_10days/2010_OND_ic0.5_dt0.0025_DT0.0100/20_Fmap_matrix.npy

real	0m24.611s
user	0m0.014s
sys	0m0.013s
84
124
Generating /cluster/projects/nn8008k/lluisa/NextSIM/seas/Fmap_10days/2010_OND_ic0.5_dt0.0025_DT0.0100/21_Fmap_matrix.npy

real	0m24.210s
user	0m0.014s
sys	0m0.013s
88
128
Generating /cluster/projects/nn8008k/lluisa/NextSIM/seas/Fmap_10days/2010_OND_ic0.5_dt0.0025_DT0.0100/22_Fmap_matrix.npy

real	0m24.533s
user	0m0.016s
sys	0m0.010s
92
132
Generating /cluster/projects/nn8008k/lluisa/NextSIM/seas/Fmap_10days/2010_OND_ic0.5_dt0.0025_DT0.0100/23_Fmap_matrix.npy

real	0m25.102s
user	0m0.014s
sys	0m0.014s
96
136
Generating /cluster/projects/nn8008k/lluisa/NextSIM/seas/Fmap_10days/2010_OND_ic0.5_dt0.0025_DT0.0100/24_Fmap_matrix.npy

real	0m24.764s
user	0m0.017s
sys	0m0.011s
100
140
Generating /cluster/projects/nn8008k/lluisa/NextSIM/seas/Fmap_10days/2010_OND_ic0.5_dt0.0025_DT0.0100/25_Fmap_matrix.npy

real	0m25.000s
user	0m0.015s
sys	0m0.012s
104
144
Generating /cluster/projects/nn8008k/lluisa/NextSIM/seas/Fmap_10days/2010_OND_ic0.5_dt0.0025_DT0.0100/26_Fmap_matrix.npy

real	0m24.404s
user	0m0.012s
sys	0m0.015s
108
148
Generating /cluster/projects/nn8008k/lluisa/NextSIM/seas/Fmap_10days/2010_OND_ic0.5_dt0.0025_DT0.0100/27_Fmap_matrix.npy

real	0m24.905s
user	0m0.011s
sys	0m0.016s
112
152
Generating /cluster/projects/nn8008k/lluisa/NextSIM/seas/Fmap_10days/2010_OND_ic0.5_dt0.0025_DT0.0100/28_Fmap_matrix.npy

real	0m25.204s
user	0m0.013s
sys	0m0.015s
116
156
Generating /cluster/projects/nn8008k/lluisa/NextSIM/seas/Fmap_10days/2010_OND_ic0.5_dt0.0025_DT0.0100/29_Fmap_matrix.npy

real	0m24.985s
user	0m0.014s
sys	0m0.013s
120
160
Generating /cluster/projects/nn8008k/lluisa/NextSIM/seas/Fmap_10days/2010_OND_ic0.5_dt0.0025_DT0.0100/30_Fmap_matrix.npy

real	0m24.684s
user	0m0.018s
sys	0m0.010s
124
164
Generating /cluster/projects/nn8008k/lluisa/NextSIM/seas/Fmap_10days/2010_OND_ic0.5_dt0.0025_DT0.0100/31_Fmap_matrix.npy

real	0m25.104s
user	0m0.013s
sys	0m0.013s
128
168
Generating /cluster/projects/nn8008k/lluisa/NextSIM/seas/Fmap_10days/2010_OND_ic0.5_dt0.0025_DT0.0100/32_Fmap_matrix.npy

real	0m25.252s
user	0m0.017s
sys	0m0.010s
132
172
Generating /cluster/projects/nn8008k/lluisa/NextSIM/seas/Fmap_10days/2010_OND_ic0.5_dt0.0025_DT0.0100/33_Fmap_matrix.npy

real	0m25.118s
user	0m0.012s
sys	0m0.015s
136
176
Generating /cluster/projects/nn8008k/lluisa/NextSIM/seas/Fmap_10days/2010_OND_ic0.5_dt0.0025_DT0.0100/34_Fmap_matrix.npy

real	0m25.345s
user	0m0.012s
sys	0m0.015s
140
180
Generating /cluster/projects/nn8008k/lluisa/NextSIM/seas/Fmap_10days/2010_OND_ic0.5_dt0.0025_DT0.0100/35_Fmap_matrix.npy

real	0m25.306s
user	0m0.012s
sys	0m0.014s
144
184
Generating /cluster/projects/nn8008k/lluisa/NextSIM/seas/Fmap_10days/2010_OND_ic0.5_dt0.0025_DT0.0100/36_Fmap_matrix.npy

real	0m24.830s
user	0m0.011s
sys	0m0.016s
148
188
Generating /cluster/projects/nn8008k/lluisa/NextSIM/seas/Fmap_10days/2010_OND_ic0.5_dt0.0025_DT0.0100/37_Fmap_matrix.npy

real	0m25.149s
user	0m0.011s
sys	0m0.015s
152
192
Generating /cluster/projects/nn8008k/lluisa/NextSIM/seas/Fmap_10days/2010_OND_ic0.5_dt0.0025_DT0.0100/38_Fmap_matrix.npy

real	0m25.068s
user	0m0.018s
sys	0m0.010s
156
196
Generating /cluster/projects/nn8008k/lluisa/NextSIM/seas/Fmap_10days/2010_OND_ic0.5_dt0.0025_DT0.0100/39_Fmap_matrix.npy

real	0m25.114s
user	0m0.012s
sys	0m0.015s
160
200
Generating /cluster/projects/nn8008k/lluisa/NextSIM/seas/Fmap_10days/2010_OND_ic0.5_dt0.0025_DT0.0100/40_Fmap_matrix.npy

real	0m25.216s
user	0m0.015s
sys	0m0.011s
164
204
Generating /cluster/projects/nn8008k/lluisa/NextSIM/seas/Fmap_10days/2010_OND_ic0.5_dt0.0025_DT0.0100/41_Fmap_matrix.npy

real	0m25.709s
user	0m0.014s
sys	0m0.012s
168
208
Generating /cluster/projects/nn8008k/lluisa/NextSIM/seas/Fmap_10days/2010_OND_ic0.5_dt0.0025_DT0.0100/42_Fmap_matrix.npy

real	0m25.419s
user	0m0.014s
sys	0m0.014s
172
212
Generating /cluster/projects/nn8008k/lluisa/NextSIM/seas/Fmap_10days/2010_OND_ic0.5_dt0.0025_DT0.0100/43_Fmap_matrix.npy

real	0m25.585s
user	0m0.013s
sys	0m0.013s
176
216
Generating /cluster/projects/nn8008k/lluisa/NextSIM/seas/Fmap_10days/2010_OND_ic0.5_dt0.0025_DT0.0100/44_Fmap_matrix.npy

real	0m25.321s
user	0m0.015s
sys	0m0.011s
180
220
Generating /cluster/projects/nn8008k/lluisa/NextSIM/seas/Fmap_10days/2010_OND_ic0.5_dt0.0025_DT0.0100/45_Fmap_matrix.npy

real	0m25.666s
user	0m0.016s
sys	0m0.011s
184
224
Generating /cluster/projects/nn8008k/lluisa/NextSIM/seas/Fmap_10days/2010_OND_ic0.5_dt0.0025_DT0.0100/46_Fmap_matrix.npy

real	0m25.655s
user	0m0.014s
sys	0m0.013s
188
228
Generating /cluster/projects/nn8008k/lluisa/NextSIM/seas/Fmap_10days/2010_OND_ic0.5_dt0.0025_DT0.0100/47_Fmap_matrix.npy

real	0m25.821s
user	0m0.016s
sys	0m0.011s
192
232
Generating /cluster/projects/nn8008k/lluisa/NextSIM/seas/Fmap_10days/2010_OND_ic0.5_dt0.0025_DT0.0100/48_Fmap_matrix.npy

real	0m25.513s
user	0m0.014s
sys	0m0.012s
196
236
Generating /cluster/projects/nn8008k/lluisa/NextSIM/seas/Fmap_10days/2010_OND_ic0.5_dt0.0025_DT0.0100/49_Fmap_matrix.npy

real	0m25.639s
user	0m0.015s
sys	0m0.011s
200
240
Generating /cluster/projects/nn8008k/lluisa/NextSIM/seas/Fmap_10days/2010_OND_ic0.5_dt0.0025_DT0.0100/50_Fmap_matrix.npy

real	0m25.959s
user	0m0.015s
sys	0m0.012s
204
244
Generating /cluster/projects/nn8008k/lluisa/NextSIM/seas/Fmap_10days/2010_OND_ic0.5_dt0.0025_DT0.0100/51_Fmap_matrix.npy

real	0m25.586s
user	0m0.013s
sys	0m0.013s
208
248
Generating /cluster/projects/nn8008k/lluisa/NextSIM/seas/Fmap_10days/2010_OND_ic0.5_dt0.0025_DT0.0100/52_Fmap_matrix.npy

real	0m25.961s
user	0m0.009s
sys	0m0.019s
212
252
Generating /cluster/projects/nn8008k/lluisa/NextSIM/seas/Fmap_10days/2010_OND_ic0.5_dt0.0025_DT0.0100/53_Fmap_matrix.npy

real	0m25.859s
user	0m0.015s
sys	0m0.012s
216
256
Generating /cluster/projects/nn8008k/lluisa/NextSIM/seas/Fmap_10days/2010_OND_ic0.5_dt0.0025_DT0.0100/54_Fmap_matrix.npy

real	0m25.725s
user	0m0.011s
sys	0m0.016s
220
260
Generating /cluster/projects/nn8008k/lluisa/NextSIM/seas/Fmap_10days/2010_OND_ic0.5_dt0.0025_DT0.0100/55_Fmap_matrix.npy

real	0m26.056s
user	0m0.011s
sys	0m0.017s
224
264
Generating /cluster/projects/nn8008k/lluisa/NextSIM/seas/Fmap_10days/2010_OND_ic0.5_dt0.0025_DT0.0100/56_Fmap_matrix.npy

real	0m25.905s
user	0m0.014s
sys	0m0.012s
228
268
Generating /cluster/projects/nn8008k/lluisa/NextSIM/seas/Fmap_10days/2010_OND_ic0.5_dt0.0025_DT0.0100/57_Fmap_matrix.npy

real	0m25.943s
user	0m0.014s
sys	0m0.012s
232
272
Generating /cluster/projects/nn8008k/lluisa/NextSIM/seas/Fmap_10days/2010_OND_ic0.5_dt0.0025_DT0.0100/58_Fmap_matrix.npy

real	0m26.388s
user	0m0.011s
sys	0m0.015s
236
276
Generating /cluster/projects/nn8008k/lluisa/NextSIM/seas/Fmap_10days/2010_OND_ic0.5_dt0.0025_DT0.0100/59_Fmap_matrix.npy

real	0m25.822s
user	0m0.014s
sys	0m0.012s
240
280
Generating /cluster/projects/nn8008k/lluisa/NextSIM/seas/Fmap_10days/2010_OND_ic0.5_dt0.0025_DT0.0100/60_Fmap_matrix.npy

real	0m25.981s
user	0m0.015s
sys	0m0.012s
244
284
Generating /cluster/projects/nn8008k/lluisa/NextSIM/seas/Fmap_10days/2010_OND_ic0.5_dt0.0025_DT0.0100/61_Fmap_matrix.npy

real	0m26.291s
user	0m0.016s
sys	0m0.010s
248
288
Generating /cluster/projects/nn8008k/lluisa/NextSIM/seas/Fmap_10days/2010_OND_ic0.5_dt0.0025_DT0.0100/62_Fmap_matrix.npy

real	0m26.223s
user	0m0.011s
sys	0m0.017s
252
292
Generating /cluster/projects/nn8008k/lluisa/NextSIM/seas/Fmap_10days/2010_OND_ic0.5_dt0.0025_DT0.0100/63_Fmap_matrix.npy

real	0m26.346s
user	0m0.013s
sys	0m0.013s
256
296
Generating /cluster/projects/nn8008k/lluisa/NextSIM/seas/Fmap_10days/2010_OND_ic0.5_dt0.0025_DT0.0100/64_Fmap_matrix.npy

real	0m26.127s
user	0m0.016s
sys	0m0.012s
260
300
Generating /cluster/projects/nn8008k/lluisa/NextSIM/seas/Fmap_10days/2010_OND_ic0.5_dt0.0025_DT0.0100/65_Fmap_matrix.npy

real	0m26.175s
user	0m0.011s
sys	0m0.016s
264
304
Generating /cluster/projects/nn8008k/lluisa/NextSIM/seas/Fmap_10days/2010_OND_ic0.5_dt0.0025_DT0.0100/66_Fmap_matrix.npy

real	0m26.320s
user	0m0.013s
sys	0m0.014s
268
308
Generating /cluster/projects/nn8008k/lluisa/NextSIM/seas/Fmap_10days/2010_OND_ic0.5_dt0.0025_DT0.0100/67_Fmap_matrix.npy

real	0m26.180s
user	0m0.013s
sys	0m0.013s
272
312
Generating /cluster/projects/nn8008k/lluisa/NextSIM/seas/Fmap_10days/2010_OND_ic0.5_dt0.0025_DT0.0100/68_Fmap_matrix.npy

real	0m26.222s
user	0m0.014s
sys	0m0.014s
276
316
Generating /cluster/projects/nn8008k/lluisa/NextSIM/seas/Fmap_10days/2010_OND_ic0.5_dt0.0025_DT0.0100/69_Fmap_matrix.npy

real	0m26.565s
user	0m0.010s
sys	0m0.017s
280
320
Generating /cluster/projects/nn8008k/lluisa/NextSIM/seas/Fmap_10days/2010_OND_ic0.5_dt0.0025_DT0.0100/70_Fmap_matrix.npy

real	0m26.503s
user	0m0.009s
sys	0m0.018s
284
324
Generating /cluster/projects/nn8008k/lluisa/NextSIM/seas/Fmap_10days/2010_OND_ic0.5_dt0.0025_DT0.0100/71_Fmap_matrix.npy

real	0m26.976s
user	0m0.015s
sys	0m0.012s
288
328
Generating /cluster/projects/nn8008k/lluisa/NextSIM/seas/Fmap_10days/2010_OND_ic0.5_dt0.0025_DT0.0100/72_Fmap_matrix.npy

real	0m26.408s
user	0m0.013s
sys	0m0.014s
292
332
Generating /cluster/projects/nn8008k/lluisa/NextSIM/seas/Fmap_10days/2010_OND_ic0.5_dt0.0025_DT0.0100/73_Fmap_matrix.npy

real	0m26.881s
user	0m0.011s
sys	0m0.015s
296
336
Generating /cluster/projects/nn8008k/lluisa/NextSIM/seas/Fmap_10days/2010_OND_ic0.5_dt0.0025_DT0.0100/74_Fmap_matrix.npy

real	0m27.039s
user	0m0.017s
sys	0m0.011s
300
340
Generating /cluster/projects/nn8008k/lluisa/NextSIM/seas/Fmap_10days/2010_OND_ic0.5_dt0.0025_DT0.0100/75_Fmap_matrix.npy

real	0m26.862s
user	0m0.011s
sys	0m0.016s
304
344
Generating /cluster/projects/nn8008k/lluisa/NextSIM/seas/Fmap_10days/2010_OND_ic0.5_dt0.0025_DT0.0100/76_Fmap_matrix.npy

real	0m26.507s
user	0m0.018s
sys	0m0.009s
308
348
Generating /cluster/projects/nn8008k/lluisa/NextSIM/seas/Fmap_10days/2010_OND_ic0.5_dt0.0025_DT0.0100/77_Fmap_matrix.npy

real	0m26.176s
user	0m0.014s
sys	0m0.014s
312
352
Generating /cluster/projects/nn8008k/lluisa/NextSIM/seas/Fmap_10days/2010_OND_ic0.5_dt0.0025_DT0.0100/78_Fmap_matrix.npy

real	0m26.662s
user	0m0.014s
sys	0m0.013s
316
356
Generating /cluster/projects/nn8008k/lluisa/NextSIM/seas/Fmap_10days/2010_OND_ic0.5_dt0.0025_DT0.0100/79_Fmap_matrix.npy

real	0m26.963s
user	0m0.013s
sys	0m0.014s
320
360
Generating /cluster/projects/nn8008k/lluisa/NextSIM/seas/Fmap_10days/2010_OND_ic0.5_dt0.0025_DT0.0100/80_Fmap_matrix.npy

real	0m26.612s
user	0m0.012s
sys	0m0.015s
EBVERSIONNUMACTL=2.0.16
SLURM_JOB_NUM_NODES=1
EBROOTNUMACTL=/cluster/software/numactl/2.0.16-GCCcore-13.2.0
EBDEVELNUMACTL=/cluster/software/numactl/2.0.16-GCCcore-13.2.0/easybuild/numactl-2.0.16-GCCcore-13.2.0-easybuild-devel
OMP_NUM_THREADS=32

Job 6228823 consumed 18.3 billing hours from project nn8008k.

Submitted 2025-05-03T00:03:21; waited 20.0 seconds in the queue after becoming eligible to run.

Requested wallclock time: 3.0 days
Elapsed wallclock time:   34.4 minutes

Job exited normally.

Task and CPU statistics:
ID              CPUs  Tasks  CPU util                Start   Elapsed  Exit status
6228823           32            0.0 %  2025-05-03T00:03:41  2061.0 s  0
6228823.batch     32      1     0.0 %  2025-05-03T00:03:41  2061.0 s  0
6228823.python    32      1    17.3 %  2025-05-03T00:03:47    32.0 s  0
6228823.python    32      1    22.9 %  2025-05-03T00:04:19    24.0 s  0
6228823.python    32      1    23.7 %  2025-05-03T00:04:43    23.0 s  0
6228823.python    32      1    22.8 %  2025-05-03T00:05:06    24.0 s  0
6228823.python    32      1    22.8 %  2025-05-03T00:05:30    24.0 s  0
6228823.python    32      1    23.7 %  2025-05-03T00:05:54    23.0 s  0
6228823.python    32      1    23.2 %  2025-05-03T00:06:17    24.0 s  0
6228823.python    32      1    22.8 %  2025-05-03T00:06:41    24.0 s  0
6228823.python    32      1    24.0 %  2025-05-03T00:07:05    23.0 s  0
6228823.python    32      1    23.3 %  2025-05-03T00:07:28    24.0 s  0
6228823.python    32      1    23.2 %  2025-05-03T00:07:52    24.0 s  0
6228823.python    32      1    24.4 %  2025-05-03T00:08:16    23.0 s  0
6228823.python    32      1    22.8 %  2025-05-03T00:08:39    25.0 s  0
6228823.python    32      1    23.4 %  2025-05-03T00:09:04    24.0 s  0
6228823.python    32      1    23.7 %  2025-05-03T00:09:28    24.0 s  0
6228823.python    32      1    23.8 %  2025-05-03T00:09:52    24.0 s  0
6228823.python    32      1    23.9 %  2025-05-03T00:10:16    24.0 s  0
6228823.python    32      1    24.1 %  2025-05-03T00:10:40    24.0 s  0
6228823.python    32      1    24.3 %  2025-05-03T00:11:04    24.0 s  0
6228823.python    32      1    24.4 %  2025-05-03T00:11:28    24.0 s  0
6228823.python    32      1    23.8 %  2025-05-03T00:11:52    25.0 s  0
6228823.python    32      1    24.7 %  2025-05-03T00:12:17    24.0 s  0
6228823.python    32      1    24.0 %  2025-05-03T00:12:41    25.0 s  0
6228823.python    32      1    24.0 %  2025-05-03T00:13:06    25.0 s  0
6228823.python    32      1    25.1 %  2025-05-03T00:13:31    24.0 s  0
6228823.python    32      1    25.5 %  2025-05-03T00:13:56    24.0 s  0
6228823.python    32      1    25.5 %  2025-05-03T00:14:21    24.0 s  0
6228823.python    32      1    24.7 %  2025-05-03T00:14:45    25.0 s  0
6228823.python    32      1    24.5 %  2025-05-03T00:15:10    25.0 s  0
6228823.python    32      1    24.8 %  2025-05-03T00:15:35    25.0 s  0
6228823.python    32      1    24.9 %  2025-05-03T00:16:00    25.0 s  0
6228823.python    32      1    25.3 %  2025-05-03T00:16:25    25.0 s  0
6228823.python    32      1    25.3 %  2025-05-03T00:16:50    25.0 s  0
6228823.python    32      1    25.3 %  2025-05-03T00:17:15    25.0 s  0
6228823.python    32      1    25.4 %  2025-05-03T00:17:40    25.0 s  0
6228823.python    32      1    25.7 %  2025-05-03T00:18:06    25.0 s  0
6228823.python    32      1    25.7 %  2025-05-03T00:18:31    25.0 s  0
6228823.python    32      1    25.7 %  2025-05-03T00:18:56    25.0 s  0
6228823.python    32      1    25.9 %  2025-05-03T00:19:21    25.0 s  0
6228823.python    32      1    25.8 %  2025-05-03T00:19:46    25.0 s  0
6228823.python    32      1    26.2 %  2025-05-03T00:20:11    25.0 s  0
6228823.python    32      1    25.5 %  2025-05-03T00:20:36    26.0 s  0
6228823.python    32      1    26.3 %  2025-05-03T00:21:02    25.0 s  0
6228823.python    32      1    25.3 %  2025-05-03T00:21:27    26.0 s  0
6228823.python    32      1    26.2 %  2025-05-03T00:21:53    25.0 s  0
6228823.python    32      1    25.4 %  2025-05-03T00:22:18    26.0 s  0
6228823.python    32      1    25.4 %  2025-05-03T00:22:44    26.0 s  0
6228823.python    32      1    26.9 %  2025-05-03T00:23:10    25.0 s  0
6228823.python    32      1    25.6 %  2025-05-03T00:23:35    26.0 s  0
6228823.python    32      1    25.9 %  2025-05-03T00:24:01    26.0 s  0
6228823.python    32      1    26.9 %  2025-05-03T00:24:27    25.0 s  0
6228823.python    32      1    27.1 %  2025-05-03T00:24:53    25.0 s  0
6228823.python    32      1    26.1 %  2025-05-03T00:25:18    26.0 s  0
6228823.python    32      1    25.9 %  2025-05-03T00:25:44    26.0 s  0
6228823.python    32      1    26.1 %  2025-05-03T00:26:10    26.0 s  0
6228823.python    32      1    26.1 %  2025-05-03T00:26:36    26.0 s  0
6228823.python    32      1    26.1 %  2025-05-03T00:27:02    26.0 s  0
6228823.python    32      1    26.4 %  2025-05-03T00:27:28    26.0 s  0
6228823.python    32      1    26.6 %  2025-05-03T00:27:54    26.0 s  0
6228823.python    32      1    26.5 %  2025-05-03T00:28:20    26.0 s  0
6228823.python    32      1    26.5 %  2025-05-03T00:28:46    26.0 s  0
6228823.python    32      1    26.9 %  2025-05-03T00:29:12    26.0 s  0
6228823.python    32      1    26.9 %  2025-05-03T00:29:38    26.0 s  0
6228823.python    32      1    25.9 %  2025-05-03T00:30:04    27.0 s  0
6228823.python    32      1    26.8 %  2025-05-03T00:30:31    26.0 s  0
6228823.python    32      1    27.1 %  2025-05-03T00:30:57    26.0 s  0
6228823.python    32      1    27.2 %  2025-05-03T00:31:23    26.0 s  0
6228823.python    32      1    26.9 %  2025-05-03T00:31:49    26.0 s  0
6228823.python    32      1    26.1 %  2025-05-03T00:32:15    27.0 s  0
6228823.python    32      1    27.2 %  2025-05-03T00:32:42    26.0 s  0
6228823.python    32      1    26.6 %  2025-05-03T00:33:08    27.0 s  0
6228823.python    32      1    26.8 %  2025-05-03T00:33:35    27.0 s  0
6228823.python    32      1    27.5 %  2025-05-03T00:34:02    26.0 s  0
6228823.python    32      1    27.0 %  2025-05-03T00:34:28    27.0 s  0
6228823.python    32      1    27.2 %  2025-05-03T00:34:55    27.0 s  0
6228823.python    32      1    27.0 %  2025-05-03T00:35:22    27.0 s  0
6228823.python    32      1    27.9 %  2025-05-03T00:35:49    26.0 s  0
6228823.python    32      1    27.0 %  2025-05-03T00:36:15    27.0 s  0
6228823.python    32      1    27.8 %  2025-05-03T00:36:42    26.0 s  0
6228823.python    32      1    26.8 %  2025-05-03T00:37:08    27.0 s  0
6228823.python    32      1    26.7 %  2025-05-03T00:37:35    27.0 s  0

Used CPU time:   4.6 CPU hours
Unused CPU time: 13.7 CPU hours

Memory statistics, in GiB:
ID               Alloc   Usage
6228823           59.0        
6228823.batch     59.0     0.0
6228823.python    59.0     6.9
6228823.python    59.0     0.1
6228823.python    59.0     0.1
6228823.python    59.0     0.1
6228823.python    59.0     0.1
6228823.python    59.0     0.1
6228823.python    59.0     0.1
6228823.python    59.0     0.1
6228823.python    59.0     0.1
6228823.python    59.0     0.1
6228823.python    59.0     0.1
6228823.python    59.0     0.1
6228823.python    59.0     0.1
6228823.python    59.0     0.1
6228823.python    59.0     0.1
6228823.python    59.0     0.1
6228823.python    59.0     0.1
6228823.python    59.0     0.1
6228823.python    59.0     0.1
6228823.python    59.0     0.1
6228823.python    59.0     0.1
6228823.python    59.0     0.1
6228823.python    59.0     0.1
6228823.python    59.0     0.1
6228823.python    59.0     0.1
6228823.python    59.0     0.1
6228823.python    59.0     0.1
6228823.python    59.0     0.1
6228823.python    59.0     0.1
6228823.python    59.0     0.1
6228823.python    59.0     0.1
6228823.python    59.0     0.1
6228823.python    59.0     0.1
6228823.python    59.0     0.1
6228823.python    59.0     0.1
6228823.python    59.0     0.1
6228823.python    59.0     0.1
6228823.python    59.0     0.1
6228823.python    59.0     0.1
6228823.python    59.0     0.1
6228823.python    59.0     0.1
6228823.python    59.0     0.1
6228823.python    59.0     0.1
6228823.python    59.0     0.1
6228823.python    59.0     0.1
6228823.python    59.0     0.1
6228823.python    59.0     0.1
6228823.python    59.0     0.1
6228823.python    59.0     0.1
6228823.python    59.0     0.1
6228823.python    59.0     0.1
6228823.python    59.0     0.1
6228823.python    59.0     0.1
6228823.python    59.0     0.1
6228823.python    59.0     0.1
6228823.python    59.0     0.1
6228823.python    59.0     0.1
6228823.python    59.0     0.1
6228823.python    59.0     0.1
6228823.python    59.0     0.1
6228823.python    59.0     0.1
6228823.python    59.0     0.1
6228823.python    59.0     0.1
6228823.python    59.0     0.1
6228823.python    59.0     0.1
6228823.python    59.0     0.1
6228823.python    59.0     0.1
6228823.python    59.0     0.1
6228823.python    59.0     0.1
6228823.python    59.0     0.1
6228823.python    59.0     0.1
6228823.python    59.0     0.1
6228823.python    59.0     0.1
6228823.python    59.0     0.1
6228823.python    59.0     0.1
6228823.python    59.0     0.1
6228823.python    59.0     0.1
6228823.python    59.0     0.1
6228823.python    59.0     0.1
6228823.python    59.0     0.1
6228823.python    59.0     0.1

Job 6228823 completed at Sat May 3 00:38:02 CEST 2025
