Starting job 6228804 on c27-4 on fram at Sat May 3 00:03:44 CEST 2025


Currently Loaded Modules:
  1) StdEnv (S)

  Where:
   S:  Module is Sticky, requires --force to unload or purge

 


The following have been reloaded with a version change:
  1) GCCcore/13.3.0 => GCCcore/13.2.0
  2) OpenSSL/3 => OpenSSL/1.1
  3) Python/3.12.3-GCCcore-13.3.0 => Python/3.11.5-GCCcore-13.2.0
  4) SQLite/3.45.3-GCCcore-13.3.0 => SQLite/3.43.1-GCCcore-13.2.0
  5) Tcl/8.6.14-GCCcore-13.3.0 => Tcl/8.6.13-GCCcore-13.2.0
  6) XZ/5.4.5-GCCcore-13.3.0 => XZ/5.4.4-GCCcore-13.2.0
  7) binutils/2.42-GCCcore-13.3.0 => binutils/2.40-GCCcore-13.2.0
  8) bzip2/1.0.8-GCCcore-13.3.0 => bzip2/1.0.8-GCCcore-13.2.0
  9) libffi/3.4.5-GCCcore-13.3.0 => libffi/3.4.4-GCCcore-13.2.0
 10) libreadline/8.2-GCCcore-13.3.0 => libreadline/8.2-GCCcore-13.2.0
 11) ncurses/6.5-GCCcore-13.3.0 => ncurses/6.4-GCCcore-13.2.0
 12) zlib/1.3.1-GCCcore-13.3.0 => zlib/1.2.13-GCCcore-13.2.0

0
40
Generating /cluster/projects/nn8008k/lluisa/NextSIM/seas/Fmap_10days/2005_JFM_ic0.5_dt0.0025_DT0.0100/0_Fmap_matrix.npy

real	0m35.333s
user	0m0.012s
sys	0m0.026s
4
44
Generating /cluster/projects/nn8008k/lluisa/NextSIM/seas/Fmap_10days/2005_JFM_ic0.5_dt0.0025_DT0.0100/1_Fmap_matrix.npy

real	0m27.314s
user	0m0.015s
sys	0m0.014s
8
48
Generating /cluster/projects/nn8008k/lluisa/NextSIM/seas/Fmap_10days/2005_JFM_ic0.5_dt0.0025_DT0.0100/2_Fmap_matrix.npy

real	0m26.647s
user	0m0.019s
sys	0m0.008s
12
52
Generating /cluster/projects/nn8008k/lluisa/NextSIM/seas/Fmap_10days/2005_JFM_ic0.5_dt0.0025_DT0.0100/3_Fmap_matrix.npy

real	0m26.470s
user	0m0.011s
sys	0m0.018s
16
56
Generating /cluster/projects/nn8008k/lluisa/NextSIM/seas/Fmap_10days/2005_JFM_ic0.5_dt0.0025_DT0.0100/4_Fmap_matrix.npy

real	0m26.760s
user	0m0.017s
sys	0m0.011s
20
60
Generating /cluster/projects/nn8008k/lluisa/NextSIM/seas/Fmap_10days/2005_JFM_ic0.5_dt0.0025_DT0.0100/5_Fmap_matrix.npy

real	0m26.677s
user	0m0.015s
sys	0m0.014s
24
64
Generating /cluster/projects/nn8008k/lluisa/NextSIM/seas/Fmap_10days/2005_JFM_ic0.5_dt0.0025_DT0.0100/6_Fmap_matrix.npy

real	0m27.195s
user	0m0.017s
sys	0m0.012s
28
68
Generating /cluster/projects/nn8008k/lluisa/NextSIM/seas/Fmap_10days/2005_JFM_ic0.5_dt0.0025_DT0.0100/7_Fmap_matrix.npy

real	0m27.128s
user	0m0.012s
sys	0m0.015s
32
72
Generating /cluster/projects/nn8008k/lluisa/NextSIM/seas/Fmap_10days/2005_JFM_ic0.5_dt0.0025_DT0.0100/8_Fmap_matrix.npy

real	0m27.113s
user	0m0.013s
sys	0m0.014s
36
76
Generating /cluster/projects/nn8008k/lluisa/NextSIM/seas/Fmap_10days/2005_JFM_ic0.5_dt0.0025_DT0.0100/9_Fmap_matrix.npy

real	0m26.966s
user	0m0.012s
sys	0m0.015s
40
80
Generating /cluster/projects/nn8008k/lluisa/NextSIM/seas/Fmap_10days/2005_JFM_ic0.5_dt0.0025_DT0.0100/10_Fmap_matrix.npy

real	0m27.096s
user	0m0.013s
sys	0m0.015s
44
84
Generating /cluster/projects/nn8008k/lluisa/NextSIM/seas/Fmap_10days/2005_JFM_ic0.5_dt0.0025_DT0.0100/11_Fmap_matrix.npy

real	0m27.099s
user	0m0.015s
sys	0m0.012s
48
88
Generating /cluster/projects/nn8008k/lluisa/NextSIM/seas/Fmap_10days/2005_JFM_ic0.5_dt0.0025_DT0.0100/12_Fmap_matrix.npy

real	0m26.858s
user	0m0.014s
sys	0m0.012s
52
92
Generating /cluster/projects/nn8008k/lluisa/NextSIM/seas/Fmap_10days/2005_JFM_ic0.5_dt0.0025_DT0.0100/13_Fmap_matrix.npy

real	0m28.469s
user	0m0.012s
sys	0m0.016s
56
96
Generating /cluster/projects/nn8008k/lluisa/NextSIM/seas/Fmap_10days/2005_JFM_ic0.5_dt0.0025_DT0.0100/14_Fmap_matrix.npy

real	0m27.162s
user	0m0.014s
sys	0m0.015s
60
100
Generating /cluster/projects/nn8008k/lluisa/NextSIM/seas/Fmap_10days/2005_JFM_ic0.5_dt0.0025_DT0.0100/15_Fmap_matrix.npy

real	0m27.016s
user	0m0.016s
sys	0m0.012s
64
104
Generating /cluster/projects/nn8008k/lluisa/NextSIM/seas/Fmap_10days/2005_JFM_ic0.5_dt0.0025_DT0.0100/16_Fmap_matrix.npy

real	0m30.578s
user	0m0.016s
sys	0m0.012s
68
108
Generating /cluster/projects/nn8008k/lluisa/NextSIM/seas/Fmap_10days/2005_JFM_ic0.5_dt0.0025_DT0.0100/17_Fmap_matrix.npy

real	0m27.089s
user	0m0.013s
sys	0m0.015s
72
112
Generating /cluster/projects/nn8008k/lluisa/NextSIM/seas/Fmap_10days/2005_JFM_ic0.5_dt0.0025_DT0.0100/18_Fmap_matrix.npy

real	0m26.933s
user	0m0.013s
sys	0m0.013s
76
116
Generating /cluster/projects/nn8008k/lluisa/NextSIM/seas/Fmap_10days/2005_JFM_ic0.5_dt0.0025_DT0.0100/19_Fmap_matrix.npy

real	0m27.214s
user	0m0.015s
sys	0m0.012s
80
120
Generating /cluster/projects/nn8008k/lluisa/NextSIM/seas/Fmap_10days/2005_JFM_ic0.5_dt0.0025_DT0.0100/20_Fmap_matrix.npy

real	0m27.320s
user	0m0.012s
sys	0m0.015s
84
124
Generating /cluster/projects/nn8008k/lluisa/NextSIM/seas/Fmap_10days/2005_JFM_ic0.5_dt0.0025_DT0.0100/21_Fmap_matrix.npy

real	0m26.924s
user	0m0.012s
sys	0m0.016s
88
128
Generating /cluster/projects/nn8008k/lluisa/NextSIM/seas/Fmap_10days/2005_JFM_ic0.5_dt0.0025_DT0.0100/22_Fmap_matrix.npy

real	0m27.041s
user	0m0.015s
sys	0m0.012s
92
132
Generating /cluster/projects/nn8008k/lluisa/NextSIM/seas/Fmap_10days/2005_JFM_ic0.5_dt0.0025_DT0.0100/23_Fmap_matrix.npy

real	0m27.045s
user	0m0.018s
sys	0m0.009s
96
136
Generating /cluster/projects/nn8008k/lluisa/NextSIM/seas/Fmap_10days/2005_JFM_ic0.5_dt0.0025_DT0.0100/24_Fmap_matrix.npy

real	0m27.925s
user	0m0.014s
sys	0m0.013s
100
140
Generating /cluster/projects/nn8008k/lluisa/NextSIM/seas/Fmap_10days/2005_JFM_ic0.5_dt0.0025_DT0.0100/25_Fmap_matrix.npy

real	0m26.974s
user	0m0.011s
sys	0m0.015s
104
144
Generating /cluster/projects/nn8008k/lluisa/NextSIM/seas/Fmap_10days/2005_JFM_ic0.5_dt0.0025_DT0.0100/26_Fmap_matrix.npy

real	0m27.187s
user	0m0.016s
sys	0m0.011s
108
148
Generating /cluster/projects/nn8008k/lluisa/NextSIM/seas/Fmap_10days/2005_JFM_ic0.5_dt0.0025_DT0.0100/27_Fmap_matrix.npy

real	0m27.285s
user	0m0.015s
sys	0m0.013s
112
152
Generating /cluster/projects/nn8008k/lluisa/NextSIM/seas/Fmap_10days/2005_JFM_ic0.5_dt0.0025_DT0.0100/28_Fmap_matrix.npy

real	0m27.244s
user	0m0.014s
sys	0m0.013s
116
156
Generating /cluster/projects/nn8008k/lluisa/NextSIM/seas/Fmap_10days/2005_JFM_ic0.5_dt0.0025_DT0.0100/29_Fmap_matrix.npy

real	0m27.301s
user	0m0.014s
sys	0m0.013s
120
160
Generating /cluster/projects/nn8008k/lluisa/NextSIM/seas/Fmap_10days/2005_JFM_ic0.5_dt0.0025_DT0.0100/30_Fmap_matrix.npy

real	0m27.176s
user	0m0.015s
sys	0m0.011s
124
164
Generating /cluster/projects/nn8008k/lluisa/NextSIM/seas/Fmap_10days/2005_JFM_ic0.5_dt0.0025_DT0.0100/31_Fmap_matrix.npy

real	0m27.245s
user	0m0.015s
sys	0m0.012s
128
168
Generating /cluster/projects/nn8008k/lluisa/NextSIM/seas/Fmap_10days/2005_JFM_ic0.5_dt0.0025_DT0.0100/32_Fmap_matrix.npy

real	0m27.359s
user	0m0.010s
sys	0m0.017s
132
172
Generating /cluster/projects/nn8008k/lluisa/NextSIM/seas/Fmap_10days/2005_JFM_ic0.5_dt0.0025_DT0.0100/33_Fmap_matrix.npy

real	0m27.507s
user	0m0.011s
sys	0m0.016s
136
176
Generating /cluster/projects/nn8008k/lluisa/NextSIM/seas/Fmap_10days/2005_JFM_ic0.5_dt0.0025_DT0.0100/34_Fmap_matrix.npy

real	0m27.326s
user	0m0.012s
sys	0m0.015s
140
180
Generating /cluster/projects/nn8008k/lluisa/NextSIM/seas/Fmap_10days/2005_JFM_ic0.5_dt0.0025_DT0.0100/35_Fmap_matrix.npy

real	0m27.384s
user	0m0.012s
sys	0m0.014s
144
184
Generating /cluster/projects/nn8008k/lluisa/NextSIM/seas/Fmap_10days/2005_JFM_ic0.5_dt0.0025_DT0.0100/36_Fmap_matrix.npy

real	0m27.397s
user	0m0.013s
sys	0m0.013s
148
188
Generating /cluster/projects/nn8008k/lluisa/NextSIM/seas/Fmap_10days/2005_JFM_ic0.5_dt0.0025_DT0.0100/37_Fmap_matrix.npy

real	0m27.061s
user	0m0.013s
sys	0m0.014s
152
192
Generating /cluster/projects/nn8008k/lluisa/NextSIM/seas/Fmap_10days/2005_JFM_ic0.5_dt0.0025_DT0.0100/38_Fmap_matrix.npy

real	0m27.459s
user	0m0.018s
sys	0m0.010s
156
196
Generating /cluster/projects/nn8008k/lluisa/NextSIM/seas/Fmap_10days/2005_JFM_ic0.5_dt0.0025_DT0.0100/39_Fmap_matrix.npy

real	0m27.574s
user	0m0.013s
sys	0m0.012s
160
200
Generating /cluster/projects/nn8008k/lluisa/NextSIM/seas/Fmap_10days/2005_JFM_ic0.5_dt0.0025_DT0.0100/40_Fmap_matrix.npy

real	0m27.552s
user	0m0.018s
sys	0m0.009s
164
204
Generating /cluster/projects/nn8008k/lluisa/NextSIM/seas/Fmap_10days/2005_JFM_ic0.5_dt0.0025_DT0.0100/41_Fmap_matrix.npy

real	0m27.479s
user	0m0.016s
sys	0m0.011s
168
208
Generating /cluster/projects/nn8008k/lluisa/NextSIM/seas/Fmap_10days/2005_JFM_ic0.5_dt0.0025_DT0.0100/42_Fmap_matrix.npy

real	0m27.483s
user	0m0.016s
sys	0m0.011s
172
212
Generating /cluster/projects/nn8008k/lluisa/NextSIM/seas/Fmap_10days/2005_JFM_ic0.5_dt0.0025_DT0.0100/43_Fmap_matrix.npy

real	0m27.467s
user	0m0.011s
sys	0m0.017s
176
216
Generating /cluster/projects/nn8008k/lluisa/NextSIM/seas/Fmap_10days/2005_JFM_ic0.5_dt0.0025_DT0.0100/44_Fmap_matrix.npy

real	0m27.192s
user	0m0.014s
sys	0m0.012s
180
220
Generating /cluster/projects/nn8008k/lluisa/NextSIM/seas/Fmap_10days/2005_JFM_ic0.5_dt0.0025_DT0.0100/45_Fmap_matrix.npy

real	0m27.490s
user	0m0.013s
sys	0m0.014s
184
224
Generating /cluster/projects/nn8008k/lluisa/NextSIM/seas/Fmap_10days/2005_JFM_ic0.5_dt0.0025_DT0.0100/46_Fmap_matrix.npy

real	0m27.603s
user	0m0.012s
sys	0m0.014s
188
228
Generating /cluster/projects/nn8008k/lluisa/NextSIM/seas/Fmap_10days/2005_JFM_ic0.5_dt0.0025_DT0.0100/47_Fmap_matrix.npy

real	0m27.510s
user	0m0.014s
sys	0m0.013s
192
232
Generating /cluster/projects/nn8008k/lluisa/NextSIM/seas/Fmap_10days/2005_JFM_ic0.5_dt0.0025_DT0.0100/48_Fmap_matrix.npy

real	0m27.134s
user	0m0.012s
sys	0m0.014s
196
236
Generating /cluster/projects/nn8008k/lluisa/NextSIM/seas/Fmap_10days/2005_JFM_ic0.5_dt0.0025_DT0.0100/49_Fmap_matrix.npy

real	0m27.201s
user	0m0.011s
sys	0m0.016s
200
240
Generating /cluster/projects/nn8008k/lluisa/NextSIM/seas/Fmap_10days/2005_JFM_ic0.5_dt0.0025_DT0.0100/50_Fmap_matrix.npy

real	0m27.227s
user	0m0.011s
sys	0m0.015s
204
244
Generating /cluster/projects/nn8008k/lluisa/NextSIM/seas/Fmap_10days/2005_JFM_ic0.5_dt0.0025_DT0.0100/51_Fmap_matrix.npy

real	0m26.978s
user	0m0.017s
sys	0m0.010s
208
248
Generating /cluster/projects/nn8008k/lluisa/NextSIM/seas/Fmap_10days/2005_JFM_ic0.5_dt0.0025_DT0.0100/52_Fmap_matrix.npy

real	0m27.381s
user	0m0.015s
sys	0m0.013s
212
252
Generating /cluster/projects/nn8008k/lluisa/NextSIM/seas/Fmap_10days/2005_JFM_ic0.5_dt0.0025_DT0.0100/53_Fmap_matrix.npy

real	0m27.017s
user	0m0.012s
sys	0m0.015s
216
256
Generating /cluster/projects/nn8008k/lluisa/NextSIM/seas/Fmap_10days/2005_JFM_ic0.5_dt0.0025_DT0.0100/54_Fmap_matrix.npy

real	0m27.117s
user	0m0.015s
sys	0m0.014s
220
260
Generating /cluster/projects/nn8008k/lluisa/NextSIM/seas/Fmap_10days/2005_JFM_ic0.5_dt0.0025_DT0.0100/55_Fmap_matrix.npy

real	0m27.838s
user	0m0.012s
sys	0m0.016s
224
264
Generating /cluster/projects/nn8008k/lluisa/NextSIM/seas/Fmap_10days/2005_JFM_ic0.5_dt0.0025_DT0.0100/56_Fmap_matrix.npy

real	0m26.783s
user	0m0.011s
sys	0m0.017s
228
268
Generating /cluster/projects/nn8008k/lluisa/NextSIM/seas/Fmap_10days/2005_JFM_ic0.5_dt0.0025_DT0.0100/57_Fmap_matrix.npy

real	0m27.725s
user	0m0.012s
sys	0m0.015s
232
272
Generating /cluster/projects/nn8008k/lluisa/NextSIM/seas/Fmap_10days/2005_JFM_ic0.5_dt0.0025_DT0.0100/58_Fmap_matrix.npy

real	0m27.396s
user	0m0.013s
sys	0m0.014s
236
276
Generating /cluster/projects/nn8008k/lluisa/NextSIM/seas/Fmap_10days/2005_JFM_ic0.5_dt0.0025_DT0.0100/59_Fmap_matrix.npy

real	0m27.306s
user	0m0.016s
sys	0m0.013s
240
280
Generating /cluster/projects/nn8008k/lluisa/NextSIM/seas/Fmap_10days/2005_JFM_ic0.5_dt0.0025_DT0.0100/60_Fmap_matrix.npy

real	0m27.135s
user	0m0.011s
sys	0m0.016s
244
284
Generating /cluster/projects/nn8008k/lluisa/NextSIM/seas/Fmap_10days/2005_JFM_ic0.5_dt0.0025_DT0.0100/61_Fmap_matrix.npy

real	0m27.158s
user	0m0.015s
sys	0m0.014s
248
288
Generating /cluster/projects/nn8008k/lluisa/NextSIM/seas/Fmap_10days/2005_JFM_ic0.5_dt0.0025_DT0.0100/62_Fmap_matrix.npy

real	0m27.410s
user	0m0.015s
sys	0m0.012s
252
292
Generating /cluster/projects/nn8008k/lluisa/NextSIM/seas/Fmap_10days/2005_JFM_ic0.5_dt0.0025_DT0.0100/63_Fmap_matrix.npy

real	0m26.695s
user	0m0.011s
sys	0m0.015s
256
296
Generating /cluster/projects/nn8008k/lluisa/NextSIM/seas/Fmap_10days/2005_JFM_ic0.5_dt0.0025_DT0.0100/64_Fmap_matrix.npy

real	0m27.227s
user	0m0.015s
sys	0m0.014s
260
300
Generating /cluster/projects/nn8008k/lluisa/NextSIM/seas/Fmap_10days/2005_JFM_ic0.5_dt0.0025_DT0.0100/65_Fmap_matrix.npy

real	0m27.631s
user	0m0.014s
sys	0m0.014s
264
304
Generating /cluster/projects/nn8008k/lluisa/NextSIM/seas/Fmap_10days/2005_JFM_ic0.5_dt0.0025_DT0.0100/66_Fmap_matrix.npy

real	0m27.476s
user	0m0.010s
sys	0m0.017s
268
308
Generating /cluster/projects/nn8008k/lluisa/NextSIM/seas/Fmap_10days/2005_JFM_ic0.5_dt0.0025_DT0.0100/67_Fmap_matrix.npy

real	0m27.332s
user	0m0.016s
sys	0m0.011s
272
312
Generating /cluster/projects/nn8008k/lluisa/NextSIM/seas/Fmap_10days/2005_JFM_ic0.5_dt0.0025_DT0.0100/68_Fmap_matrix.npy

real	0m27.252s
user	0m0.015s
sys	0m0.011s
276
316
Generating /cluster/projects/nn8008k/lluisa/NextSIM/seas/Fmap_10days/2005_JFM_ic0.5_dt0.0025_DT0.0100/69_Fmap_matrix.npy

real	0m27.726s
user	0m0.015s
sys	0m0.012s
280
320
Generating /cluster/projects/nn8008k/lluisa/NextSIM/seas/Fmap_10days/2005_JFM_ic0.5_dt0.0025_DT0.0100/70_Fmap_matrix.npy

real	0m27.375s
user	0m0.012s
sys	0m0.014s
284
324
Generating /cluster/projects/nn8008k/lluisa/NextSIM/seas/Fmap_10days/2005_JFM_ic0.5_dt0.0025_DT0.0100/71_Fmap_matrix.npy

real	0m27.435s
user	0m0.014s
sys	0m0.014s
288
328
Generating /cluster/projects/nn8008k/lluisa/NextSIM/seas/Fmap_10days/2005_JFM_ic0.5_dt0.0025_DT0.0100/72_Fmap_matrix.npy

real	0m27.374s
user	0m0.019s
sys	0m0.006s
292
332
Generating /cluster/projects/nn8008k/lluisa/NextSIM/seas/Fmap_10days/2005_JFM_ic0.5_dt0.0025_DT0.0100/73_Fmap_matrix.npy

real	0m27.501s
user	0m0.015s
sys	0m0.012s
296
336
Generating /cluster/projects/nn8008k/lluisa/NextSIM/seas/Fmap_10days/2005_JFM_ic0.5_dt0.0025_DT0.0100/74_Fmap_matrix.npy

real	0m27.442s
user	0m0.011s
sys	0m0.015s
300
340
Generating /cluster/projects/nn8008k/lluisa/NextSIM/seas/Fmap_10days/2005_JFM_ic0.5_dt0.0025_DT0.0100/75_Fmap_matrix.npy

real	0m27.337s
user	0m0.016s
sys	0m0.010s
304
344
Generating /cluster/projects/nn8008k/lluisa/NextSIM/seas/Fmap_10days/2005_JFM_ic0.5_dt0.0025_DT0.0100/76_Fmap_matrix.npy

real	0m27.259s
user	0m0.014s
sys	0m0.013s
308
348
Generating /cluster/projects/nn8008k/lluisa/NextSIM/seas/Fmap_10days/2005_JFM_ic0.5_dt0.0025_DT0.0100/77_Fmap_matrix.npy

real	0m27.127s
user	0m0.014s
sys	0m0.013s
312
352
Generating /cluster/projects/nn8008k/lluisa/NextSIM/seas/Fmap_10days/2005_JFM_ic0.5_dt0.0025_DT0.0100/78_Fmap_matrix.npy

real	0m27.879s
user	0m0.011s
sys	0m0.015s
316
356
Generating /cluster/projects/nn8008k/lluisa/NextSIM/seas/Fmap_10days/2005_JFM_ic0.5_dt0.0025_DT0.0100/79_Fmap_matrix.npy

real	0m27.169s
user	0m0.015s
sys	0m0.012s
320
360
Generating /cluster/projects/nn8008k/lluisa/NextSIM/seas/Fmap_10days/2005_JFM_ic0.5_dt0.0025_DT0.0100/80_Fmap_matrix.npy

real	0m27.533s
user	0m0.013s
sys	0m0.014s
EBVERSIONNUMACTL=2.0.16
SLURM_JOB_NUM_NODES=1
EBROOTNUMACTL=/cluster/software/numactl/2.0.16-GCCcore-13.2.0
EBDEVELNUMACTL=/cluster/software/numactl/2.0.16-GCCcore-13.2.0/easybuild/numactl-2.0.16-GCCcore-13.2.0-easybuild-devel
OMP_NUM_THREADS=32

Job 6228804 consumed 19.8 billing hours from project nn8008k.

Submitted 2025-05-03T00:03:20; waited 21.0 seconds in the queue after becoming eligible to run.

Requested wallclock time: 3.0 days
Elapsed wallclock time:   37.1 minutes

Job exited normally.

Task and CPU statistics:
ID              CPUs  Tasks  CPU util                Start   Elapsed  Exit status
6228804           32            0.0 %  2025-05-03T00:03:41  2226.0 s  0
6228804.batch     32      1     0.0 %  2025-05-03T00:03:41  2226.0 s  0
6228804.python    32      1    21.9 %  2025-05-03T00:03:47    35.0 s  0
6228804.python    32      1    27.8 %  2025-05-03T00:04:22    27.0 s  0
6228804.python    32      1    27.8 %  2025-05-03T00:04:49    27.0 s  0
6228804.python    32      1    28.6 %  2025-05-03T00:05:16    26.0 s  0
6228804.python    32      1    27.8 %  2025-05-03T00:05:42    27.0 s  0
6228804.python    32      1    27.9 %  2025-05-03T00:06:09    27.0 s  0
6228804.python    32      1    27.6 %  2025-05-03T00:06:36    27.0 s  0
6228804.python    32      1    27.9 %  2025-05-03T00:07:03    27.0 s  0
6228804.python    32      1    27.7 %  2025-05-03T00:07:30    27.0 s  0
6228804.python    32      1    27.8 %  2025-05-03T00:07:57    27.0 s  0
6228804.python    32      1    27.9 %  2025-05-03T00:08:24    27.0 s  0
6228804.python    32      1    27.9 %  2025-05-03T00:08:51    27.0 s  0
6228804.python    32      1    28.0 %  2025-05-03T00:09:18    27.0 s  0
6228804.python    32      1    26.6 %  2025-05-03T00:09:45    29.0 s  0
6228804.python    32      1    28.2 %  2025-05-03T00:10:14    27.0 s  0
6228804.python    32      1    27.8 %  2025-05-03T00:10:41    27.0 s  0
6228804.python    32      1    26.1 %  2025-05-03T00:11:08    30.0 s  0
6228804.python    32      1    27.1 %  2025-05-03T00:11:38    28.0 s  0
6228804.python    32      1    29.1 %  2025-05-03T00:12:06    26.0 s  0
6228804.python    32      1    27.0 %  2025-05-03T00:12:32    28.0 s  0
6228804.python    32      1    28.0 %  2025-05-03T00:13:00    27.0 s  0
6228804.python    32      1    27.9 %  2025-05-03T00:13:27    27.0 s  0
6228804.python    32      1    28.4 %  2025-05-03T00:13:54    27.0 s  0
6228804.python    32      1    28.1 %  2025-05-03T00:14:21    27.0 s  0
6228804.python    32      1    27.3 %  2025-05-03T00:14:48    28.0 s  0
6228804.python    32      1    28.0 %  2025-05-03T00:15:16    27.0 s  0
6228804.python    32      1    28.5 %  2025-05-03T00:15:43    27.0 s  0
6228804.python    32      1    28.2 %  2025-05-03T00:16:10    27.0 s  0
6228804.python    32      1    27.2 %  2025-05-03T00:16:37    28.0 s  0
6228804.python    32      1    28.2 %  2025-05-03T00:17:05    27.0 s  0
6228804.python    32      1    28.2 %  2025-05-03T00:17:32    27.0 s  0
6228804.python    32      1    28.2 %  2025-05-03T00:17:59    27.0 s  0
6228804.python    32      1    27.1 %  2025-05-03T00:18:26    28.0 s  0
6228804.python    32      1    28.4 %  2025-05-03T00:18:54    27.0 s  0
6228804.python    32      1    27.3 %  2025-05-03T00:19:21    28.0 s  0
6228804.python    32      1    28.4 %  2025-05-03T00:19:49    27.0 s  0
6228804.python    32      1    28.7 %  2025-05-03T00:20:16    27.0 s  0
6228804.python    32      1    28.3 %  2025-05-03T00:20:43    27.0 s  0
6228804.python    32      1    27.5 %  2025-05-03T00:21:10    28.0 s  0
6228804.python    32      1    28.5 %  2025-05-03T00:21:38    27.0 s  0
6228804.python    32      1    27.4 %  2025-05-03T00:22:05    28.0 s  0
6228804.python    32      1    28.4 %  2025-05-03T00:22:33    27.0 s  0
6228804.python    32      1    27.4 %  2025-05-03T00:23:00    28.0 s  0
6228804.python    32      1    28.6 %  2025-05-03T00:23:28    27.0 s  0
6228804.python    32      1    27.5 %  2025-05-03T00:23:55    28.0 s  0
6228804.python    32      1    28.3 %  2025-05-03T00:24:23    27.0 s  0
6228804.python    32      1    27.4 %  2025-05-03T00:24:50    28.0 s  0
6228804.python    32      1    28.3 %  2025-05-03T00:25:18    27.0 s  0
6228804.python    32      1    28.4 %  2025-05-03T00:25:45    27.0 s  0
6228804.python    32      1    27.4 %  2025-05-03T00:26:12    28.0 s  0
6228804.python    32      1    28.2 %  2025-05-03T00:26:40    27.0 s  0
6228804.python    32      1    28.4 %  2025-05-03T00:27:07    27.0 s  0
6228804.python    32      1    28.5 %  2025-05-03T00:27:34    27.0 s  0
6228804.python    32      1    28.4 %  2025-05-03T00:28:01    27.0 s  0
6228804.python    32      1    28.4 %  2025-05-03T00:28:28    27.0 s  0
6228804.python    32      1    27.7 %  2025-05-03T00:28:55    28.0 s  0
6228804.python    32      1    28.5 %  2025-05-03T00:29:23    27.0 s  0
6228804.python    32      1    27.7 %  2025-05-03T00:29:50    28.0 s  0
6228804.python    32      1    28.8 %  2025-05-03T00:30:18    27.0 s  0
6228804.python    32      1    28.5 %  2025-05-03T00:30:45    27.0 s  0
6228804.python    32      1    28.7 %  2025-05-03T00:31:12    27.0 s  0
6228804.python    32      1    27.8 %  2025-05-03T00:31:39    28.0 s  0
6228804.python    32      1    29.1 %  2025-05-03T00:32:07    27.0 s  0
6228804.python    32      1    28.7 %  2025-05-03T00:32:34    27.0 s  0
6228804.python    32      1    29.0 %  2025-05-03T00:33:01    27.0 s  0
6228804.python    32      1    27.8 %  2025-05-03T00:33:28    28.0 s  0
6228804.python    32      1    28.9 %  2025-05-03T00:33:56    27.0 s  0
6228804.python    32      1    28.8 %  2025-05-03T00:34:23    27.0 s  0
6228804.python    32      1    27.7 %  2025-05-03T00:34:50    28.0 s  0
6228804.python    32      1    29.0 %  2025-05-03T00:35:18    27.0 s  0
6228804.python    32      1    27.8 %  2025-05-03T00:35:45    28.0 s  0
6228804.python    32      1    28.8 %  2025-05-03T00:36:13    27.0 s  0
6228804.python    32      1    27.8 %  2025-05-03T00:36:40    28.0 s  0
6228804.python    32      1    28.9 %  2025-05-03T00:37:08    27.0 s  0
6228804.python    32      1    28.7 %  2025-05-03T00:37:35    27.0 s  0
6228804.python    32      1    28.7 %  2025-05-03T00:38:03    27.0 s  0
6228804.python    32      1    28.7 %  2025-05-03T00:38:30    27.0 s  0
6228804.python    32      1    28.4 %  2025-05-03T00:38:57    27.0 s  0
6228804.python    32      1    27.5 %  2025-05-03T00:39:24    28.0 s  0
6228804.python    32      1    28.5 %  2025-05-03T00:39:52    27.0 s  0
6228804.python    32      1    27.5 %  2025-05-03T00:40:19    28.0 s  0

Used CPU time:   5.5 CPU hours
Unused CPU time: 14.3 CPU hours

Memory statistics, in GiB:
ID               Alloc   Usage
6228804           59.0        
6228804.batch     59.0     0.0
6228804.python    59.0     7.0
6228804.python    59.0     0.1
6228804.python    59.0     0.1
6228804.python    59.0     0.1
6228804.python    59.0     0.1
6228804.python    59.0     0.1
6228804.python    59.0     0.1
6228804.python    59.0     0.1
6228804.python    59.0     0.1
6228804.python    59.0     0.1
6228804.python    59.0     0.1
6228804.python    59.0     0.1
6228804.python    59.0     0.1
6228804.python    59.0     0.1
6228804.python    59.0     0.1
6228804.python    59.0     0.1
6228804.python    59.0     0.1
6228804.python    59.0     0.1
6228804.python    59.0     0.1
6228804.python    59.0     0.1
6228804.python    59.0     0.1
6228804.python    59.0     0.1
6228804.python    59.0     0.1
6228804.python    59.0     0.1
6228804.python    59.0     0.1
6228804.python    59.0     0.1
6228804.python    59.0     0.1
6228804.python    59.0     0.1
6228804.python    59.0     0.1
6228804.python    59.0     0.1
6228804.python    59.0     0.1
6228804.python    59.0     0.1
6228804.python    59.0     0.1
6228804.python    59.0     0.1
6228804.python    59.0     0.1
6228804.python    59.0     0.1
6228804.python    59.0     0.1
6228804.python    59.0     0.1
6228804.python    59.0     0.1
6228804.python    59.0     0.1
6228804.python    59.0     0.1
6228804.python    59.0     0.1
6228804.python    59.0     0.1
6228804.python    59.0     0.1
6228804.python    59.0     0.1
6228804.python    59.0     0.1
6228804.python    59.0     0.1
6228804.python    59.0     0.1
6228804.python    59.0     0.1
6228804.python    59.0     0.1
6228804.python    59.0     0.1
6228804.python    59.0     0.1
6228804.python    59.0     0.1
6228804.python    59.0     0.1
6228804.python    59.0     0.1
6228804.python    59.0     0.1
6228804.python    59.0     0.1
6228804.python    59.0     0.1
6228804.python    59.0     0.1
6228804.python    59.0     0.1
6228804.python    59.0     0.1
6228804.python    59.0     0.1
6228804.python    59.0     0.1
6228804.python    59.0     0.1
6228804.python    59.0     0.1
6228804.python    59.0     0.1
6228804.python    59.0     0.1
6228804.python    59.0     0.1
6228804.python    59.0     0.1
6228804.python    59.0     0.1
6228804.python    59.0     0.1
6228804.python    59.0     0.1
6228804.python    59.0     0.1
6228804.python    59.0     0.1
6228804.python    59.0     0.1
6228804.python    59.0     0.1
6228804.python    59.0     0.1
6228804.python    59.0     0.2
6228804.python    59.0     0.1
6228804.python    59.0     0.1
6228804.python    59.0     0.1

Job 6228804 completed at Sat May 3 00:40:47 CEST 2025
