
Currently Loaded Modules:
  1) StdEnv (S)

  Where:
   S:  Module is Sticky, requires --force to unload or purge

 


The following have been reloaded with a version change:
  1) GCCcore/13.3.0 => GCCcore/13.2.0
  2) OpenSSL/3 => OpenSSL/1.1
  3) Python/3.12.3-GCCcore-13.3.0 => Python/3.11.5-GCCcore-13.2.0
  4) SQLite/3.45.3-GCCcore-13.3.0 => SQLite/3.43.1-GCCcore-13.2.0
  5) Tcl/8.6.14-GCCcore-13.3.0 => Tcl/8.6.13-GCCcore-13.2.0
  6) XZ/5.4.5-GCCcore-13.3.0 => XZ/5.4.4-GCCcore-13.2.0
  7) binutils/2.42-GCCcore-13.3.0 => binutils/2.40-GCCcore-13.2.0
  8) bzip2/1.0.8-GCCcore-13.3.0 => bzip2/1.0.8-GCCcore-13.2.0
  9) libffi/3.4.5-GCCcore-13.3.0 => libffi/3.4.4-GCCcore-13.2.0
 10) libreadline/8.2-GCCcore-13.3.0 => libreadline/8.2-GCCcore-13.2.0
 11) ncurses/6.5-GCCcore-13.3.0 => ncurses/6.4-GCCcore-13.2.0
 12) zlib/1.3.1-GCCcore-13.3.0 => zlib/1.2.13-GCCcore-13.2.0

0
40
Generating /cluster/projects/nn8008k/lluisa/NextSIM/seas/Fmap_10days/2001_AMJ_ic0.5_dt0.0025_DT0.0100/0_Fmap_matrix.npy

real	0m36.890s
user	0m0.012s
sys	0m0.025s
4
44
Generating /cluster/projects/nn8008k/lluisa/NextSIM/seas/Fmap_10days/2001_AMJ_ic0.5_dt0.0025_DT0.0100/1_Fmap_matrix.npy

real	0m27.647s
user	0m0.015s
sys	0m0.012s
8
48
Generating /cluster/projects/nn8008k/lluisa/NextSIM/seas/Fmap_10days/2001_AMJ_ic0.5_dt0.0025_DT0.0100/2_Fmap_matrix.npy

real	0m28.267s
user	0m0.016s
sys	0m0.011s
12
52
Generating /cluster/projects/nn8008k/lluisa/NextSIM/seas/Fmap_10days/2001_AMJ_ic0.5_dt0.0025_DT0.0100/3_Fmap_matrix.npy

real	0m27.714s
user	0m0.006s
sys	0m0.022s
16
56
Generating /cluster/projects/nn8008k/lluisa/NextSIM/seas/Fmap_10days/2001_AMJ_ic0.5_dt0.0025_DT0.0100/4_Fmap_matrix.npy

real	0m27.547s
user	0m0.012s
sys	0m0.016s
20
60
Generating /cluster/projects/nn8008k/lluisa/NextSIM/seas/Fmap_10days/2001_AMJ_ic0.5_dt0.0025_DT0.0100/5_Fmap_matrix.npy

real	0m27.578s
user	0m0.009s
sys	0m0.018s
24
64
Generating /cluster/projects/nn8008k/lluisa/NextSIM/seas/Fmap_10days/2001_AMJ_ic0.5_dt0.0025_DT0.0100/6_Fmap_matrix.npy

real	0m27.431s
user	0m0.014s
sys	0m0.014s
28
68
Generating /cluster/projects/nn8008k/lluisa/NextSIM/seas/Fmap_10days/2001_AMJ_ic0.5_dt0.0025_DT0.0100/7_Fmap_matrix.npy

real	0m27.341s
user	0m0.017s
sys	0m0.011s
32
72
Generating /cluster/projects/nn8008k/lluisa/NextSIM/seas/Fmap_10days/2001_AMJ_ic0.5_dt0.0025_DT0.0100/8_Fmap_matrix.npy

real	0m27.546s
user	0m0.014s
sys	0m0.013s
36
76
Generating /cluster/projects/nn8008k/lluisa/NextSIM/seas/Fmap_10days/2001_AMJ_ic0.5_dt0.0025_DT0.0100/9_Fmap_matrix.npy

real	0m27.777s
user	0m0.016s
sys	0m0.013s
40
80
Generating /cluster/projects/nn8008k/lluisa/NextSIM/seas/Fmap_10days/2001_AMJ_ic0.5_dt0.0025_DT0.0100/10_Fmap_matrix.npy

real	0m27.650s
user	0m0.013s
sys	0m0.014s
44
84
Generating /cluster/projects/nn8008k/lluisa/NextSIM/seas/Fmap_10days/2001_AMJ_ic0.5_dt0.0025_DT0.0100/11_Fmap_matrix.npy

real	0m27.693s
user	0m0.014s
sys	0m0.013s
48
88
Generating /cluster/projects/nn8008k/lluisa/NextSIM/seas/Fmap_10days/2001_AMJ_ic0.5_dt0.0025_DT0.0100/12_Fmap_matrix.npy

real	0m27.762s
user	0m0.013s
sys	0m0.013s
52
92
Generating /cluster/projects/nn8008k/lluisa/NextSIM/seas/Fmap_10days/2001_AMJ_ic0.5_dt0.0025_DT0.0100/13_Fmap_matrix.npy

real	0m27.813s
user	0m0.011s
sys	0m0.016s
56
96
Generating /cluster/projects/nn8008k/lluisa/NextSIM/seas/Fmap_10days/2001_AMJ_ic0.5_dt0.0025_DT0.0100/14_Fmap_matrix.npy

real	0m27.585s
user	0m0.014s
sys	0m0.013s
60
100
Generating /cluster/projects/nn8008k/lluisa/NextSIM/seas/Fmap_10days/2001_AMJ_ic0.5_dt0.0025_DT0.0100/15_Fmap_matrix.npy

real	0m27.576s
user	0m0.010s
sys	0m0.016s
64
104
Generating /cluster/projects/nn8008k/lluisa/NextSIM/seas/Fmap_10days/2001_AMJ_ic0.5_dt0.0025_DT0.0100/16_Fmap_matrix.npy

real	0m28.251s
user	0m0.012s
sys	0m0.014s
68
108
Generating /cluster/projects/nn8008k/lluisa/NextSIM/seas/Fmap_10days/2001_AMJ_ic0.5_dt0.0025_DT0.0100/17_Fmap_matrix.npy

real	0m27.617s
user	0m0.013s
sys	0m0.014s
72
112
Generating /cluster/projects/nn8008k/lluisa/NextSIM/seas/Fmap_10days/2001_AMJ_ic0.5_dt0.0025_DT0.0100/18_Fmap_matrix.npy

real	0m27.661s
user	0m0.014s
sys	0m0.013s
76
116
Generating /cluster/projects/nn8008k/lluisa/NextSIM/seas/Fmap_10days/2001_AMJ_ic0.5_dt0.0025_DT0.0100/19_Fmap_matrix.npy

real	0m27.614s
user	0m0.013s
sys	0m0.013s
80
120
Generating /cluster/projects/nn8008k/lluisa/NextSIM/seas/Fmap_10days/2001_AMJ_ic0.5_dt0.0025_DT0.0100/20_Fmap_matrix.npy

real	0m27.368s
user	0m0.011s
sys	0m0.016s
84
124
Generating /cluster/projects/nn8008k/lluisa/NextSIM/seas/Fmap_10days/2001_AMJ_ic0.5_dt0.0025_DT0.0100/21_Fmap_matrix.npy

real	0m27.640s
user	0m0.015s
sys	0m0.012s
88
128
Generating /cluster/projects/nn8008k/lluisa/NextSIM/seas/Fmap_10days/2001_AMJ_ic0.5_dt0.0025_DT0.0100/22_Fmap_matrix.npy

real	0m27.364s
user	0m0.015s
sys	0m0.012s
92
132
Generating /cluster/projects/nn8008k/lluisa/NextSIM/seas/Fmap_10days/2001_AMJ_ic0.5_dt0.0025_DT0.0100/23_Fmap_matrix.npy

real	0m27.730s
user	0m0.017s
sys	0m0.010s
96
136
Generating /cluster/projects/nn8008k/lluisa/NextSIM/seas/Fmap_10days/2001_AMJ_ic0.5_dt0.0025_DT0.0100/24_Fmap_matrix.npy

real	0m27.844s
user	0m0.014s
sys	0m0.014s
100
140
Generating /cluster/projects/nn8008k/lluisa/NextSIM/seas/Fmap_10days/2001_AMJ_ic0.5_dt0.0025_DT0.0100/25_Fmap_matrix.npy

real	0m27.838s
user	0m0.017s
sys	0m0.009s
104
144
Generating /cluster/projects/nn8008k/lluisa/NextSIM/seas/Fmap_10days/2001_AMJ_ic0.5_dt0.0025_DT0.0100/26_Fmap_matrix.npy

real	0m28.088s
user	0m0.015s
sys	0m0.013s
108
148
Generating /cluster/projects/nn8008k/lluisa/NextSIM/seas/Fmap_10days/2001_AMJ_ic0.5_dt0.0025_DT0.0100/27_Fmap_matrix.npy

real	0m27.613s
user	0m0.016s
sys	0m0.011s
112
152
Generating /cluster/projects/nn8008k/lluisa/NextSIM/seas/Fmap_10days/2001_AMJ_ic0.5_dt0.0025_DT0.0100/28_Fmap_matrix.npy

real	0m27.541s
user	0m0.014s
sys	0m0.012s
116
156
Generating /cluster/projects/nn8008k/lluisa/NextSIM/seas/Fmap_10days/2001_AMJ_ic0.5_dt0.0025_DT0.0100/29_Fmap_matrix.npy

real	0m27.673s
user	0m0.014s
sys	0m0.013s
120
160
Generating /cluster/projects/nn8008k/lluisa/NextSIM/seas/Fmap_10days/2001_AMJ_ic0.5_dt0.0025_DT0.0100/30_Fmap_matrix.npy

real	0m26.917s
user	0m0.015s
sys	0m0.011s
124
164
Generating /cluster/projects/nn8008k/lluisa/NextSIM/seas/Fmap_10days/2001_AMJ_ic0.5_dt0.0025_DT0.0100/31_Fmap_matrix.npy

real	0m28.057s
user	0m0.013s
sys	0m0.014s
128
168
Generating /cluster/projects/nn8008k/lluisa/NextSIM/seas/Fmap_10days/2001_AMJ_ic0.5_dt0.0025_DT0.0100/32_Fmap_matrix.npy

real	0m27.727s
user	0m0.014s
sys	0m0.012s
132
172
Generating /cluster/projects/nn8008k/lluisa/NextSIM/seas/Fmap_10days/2001_AMJ_ic0.5_dt0.0025_DT0.0100/33_Fmap_matrix.npy

real	0m27.690s
user	0m0.016s
sys	0m0.011s
136
176
Generating /cluster/projects/nn8008k/lluisa/NextSIM/seas/Fmap_10days/2001_AMJ_ic0.5_dt0.0025_DT0.0100/34_Fmap_matrix.npy

real	0m27.842s
user	0m0.015s
sys	0m0.011s
140
180
Generating /cluster/projects/nn8008k/lluisa/NextSIM/seas/Fmap_10days/2001_AMJ_ic0.5_dt0.0025_DT0.0100/35_Fmap_matrix.npy

real	0m27.642s
user	0m0.013s
sys	0m0.016s
144
184
Generating /cluster/projects/nn8008k/lluisa/NextSIM/seas/Fmap_10days/2001_AMJ_ic0.5_dt0.0025_DT0.0100/36_Fmap_matrix.npy

real	0m27.250s
user	0m0.018s
sys	0m0.009s
148
188
Generating /cluster/projects/nn8008k/lluisa/NextSIM/seas/Fmap_10days/2001_AMJ_ic0.5_dt0.0025_DT0.0100/37_Fmap_matrix.npy

real	0m26.958s
user	0m0.013s
sys	0m0.015s
152
192
Generating /cluster/projects/nn8008k/lluisa/NextSIM/seas/Fmap_10days/2001_AMJ_ic0.5_dt0.0025_DT0.0100/38_Fmap_matrix.npy

real	0m27.907s
user	0m0.014s
sys	0m0.012s
156
196
Generating /cluster/projects/nn8008k/lluisa/NextSIM/seas/Fmap_10days/2001_AMJ_ic0.5_dt0.0025_DT0.0100/39_Fmap_matrix.npy

real	0m27.679s
user	0m0.014s
sys	0m0.013s
160
200
Generating /cluster/projects/nn8008k/lluisa/NextSIM/seas/Fmap_10days/2001_AMJ_ic0.5_dt0.0025_DT0.0100/40_Fmap_matrix.npy

real	0m27.506s
user	0m0.013s
sys	0m0.013s
164
204
Generating /cluster/projects/nn8008k/lluisa/NextSIM/seas/Fmap_10days/2001_AMJ_ic0.5_dt0.0025_DT0.0100/41_Fmap_matrix.npy

real	0m27.894s
user	0m0.014s
sys	0m0.013s
168
208
Generating /cluster/projects/nn8008k/lluisa/NextSIM/seas/Fmap_10days/2001_AMJ_ic0.5_dt0.0025_DT0.0100/42_Fmap_matrix.npy

real	0m27.745s
user	0m0.013s
sys	0m0.013s
172
212
Generating /cluster/projects/nn8008k/lluisa/NextSIM/seas/Fmap_10days/2001_AMJ_ic0.5_dt0.0025_DT0.0100/43_Fmap_matrix.npy

real	0m27.788s
user	0m0.015s
sys	0m0.011s
176
216
Generating /cluster/projects/nn8008k/lluisa/NextSIM/seas/Fmap_10days/2001_AMJ_ic0.5_dt0.0025_DT0.0100/44_Fmap_matrix.npy

real	0m27.554s
user	0m0.012s
sys	0m0.015s
180
220
Generating /cluster/projects/nn8008k/lluisa/NextSIM/seas/Fmap_10days/2001_AMJ_ic0.5_dt0.0025_DT0.0100/45_Fmap_matrix.npy

real	0m27.581s
user	0m0.016s
sys	0m0.011s
184
224
Generating /cluster/projects/nn8008k/lluisa/NextSIM/seas/Fmap_10days/2001_AMJ_ic0.5_dt0.0025_DT0.0100/46_Fmap_matrix.npy

real	0m27.424s
user	0m0.013s
sys	0m0.013s
188
228
Generating /cluster/projects/nn8008k/lluisa/NextSIM/seas/Fmap_10days/2001_AMJ_ic0.5_dt0.0025_DT0.0100/47_Fmap_matrix.npy

real	0m27.728s
user	0m0.014s
sys	0m0.013s
192
232
Generating /cluster/projects/nn8008k/lluisa/NextSIM/seas/Fmap_10days/2001_AMJ_ic0.5_dt0.0025_DT0.0100/48_Fmap_matrix.npy

real	0m27.427s
user	0m0.011s
sys	0m0.016s
196
236
Generating /cluster/projects/nn8008k/lluisa/NextSIM/seas/Fmap_10days/2001_AMJ_ic0.5_dt0.0025_DT0.0100/49_Fmap_matrix.npy

real	0m27.508s
user	0m0.013s
sys	0m0.015s
200
240
Generating /cluster/projects/nn8008k/lluisa/NextSIM/seas/Fmap_10days/2001_AMJ_ic0.5_dt0.0025_DT0.0100/50_Fmap_matrix.npy

real	0m27.525s
user	0m0.015s
sys	0m0.011s
204
244
Generating /cluster/projects/nn8008k/lluisa/NextSIM/seas/Fmap_10days/2001_AMJ_ic0.5_dt0.0025_DT0.0100/51_Fmap_matrix.npy

real	0m27.283s
user	0m0.015s
sys	0m0.012s
208
248
Generating /cluster/projects/nn8008k/lluisa/NextSIM/seas/Fmap_10days/2001_AMJ_ic0.5_dt0.0025_DT0.0100/52_Fmap_matrix.npy

real	0m27.835s
user	0m0.013s
sys	0m0.014s
212
252
Generating /cluster/projects/nn8008k/lluisa/NextSIM/seas/Fmap_10days/2001_AMJ_ic0.5_dt0.0025_DT0.0100/53_Fmap_matrix.npy

real	0m27.498s
user	0m0.010s
sys	0m0.018s
216
256
Generating /cluster/projects/nn8008k/lluisa/NextSIM/seas/Fmap_10days/2001_AMJ_ic0.5_dt0.0025_DT0.0100/54_Fmap_matrix.npy

real	0m27.259s
user	0m0.012s
sys	0m0.016s
220
260
Generating /cluster/projects/nn8008k/lluisa/NextSIM/seas/Fmap_10days/2001_AMJ_ic0.5_dt0.0025_DT0.0100/55_Fmap_matrix.npy

real	0m27.497s
user	0m0.018s
sys	0m0.009s
224
264
Generating /cluster/projects/nn8008k/lluisa/NextSIM/seas/Fmap_10days/2001_AMJ_ic0.5_dt0.0025_DT0.0100/56_Fmap_matrix.npy

real	0m27.623s
user	0m0.013s
sys	0m0.014s
228
268
Generating /cluster/projects/nn8008k/lluisa/NextSIM/seas/Fmap_10days/2001_AMJ_ic0.5_dt0.0025_DT0.0100/57_Fmap_matrix.npy

real	0m27.597s
user	0m0.009s
sys	0m0.019s
232
272
Generating /cluster/projects/nn8008k/lluisa/NextSIM/seas/Fmap_10days/2001_AMJ_ic0.5_dt0.0025_DT0.0100/58_Fmap_matrix.npy

real	0m27.284s
user	0m0.015s
sys	0m0.011s
236
276
Generating /cluster/projects/nn8008k/lluisa/NextSIM/seas/Fmap_10days/2001_AMJ_ic0.5_dt0.0025_DT0.0100/59_Fmap_matrix.npy

real	0m27.418s
user	0m0.013s
sys	0m0.014s
240
280
Generating /cluster/projects/nn8008k/lluisa/NextSIM/seas/Fmap_10days/2001_AMJ_ic0.5_dt0.0025_DT0.0100/60_Fmap_matrix.npy

real	0m27.595s
user	0m0.013s
sys	0m0.014s
244
284
Generating /cluster/projects/nn8008k/lluisa/NextSIM/seas/Fmap_10days/2001_AMJ_ic0.5_dt0.0025_DT0.0100/61_Fmap_matrix.npy

real	0m27.430s
user	0m0.014s
sys	0m0.013s
248
288
Generating /cluster/projects/nn8008k/lluisa/NextSIM/seas/Fmap_10days/2001_AMJ_ic0.5_dt0.0025_DT0.0100/62_Fmap_matrix.npy

real	0m27.122s
user	0m0.013s
sys	0m0.014s
252
292
Generating /cluster/projects/nn8008k/lluisa/NextSIM/seas/Fmap_10days/2001_AMJ_ic0.5_dt0.0025_DT0.0100/63_Fmap_matrix.npy

real	0m27.203s
user	0m0.016s
sys	0m0.011s
256
296
Generating /cluster/projects/nn8008k/lluisa/NextSIM/seas/Fmap_10days/2001_AMJ_ic0.5_dt0.0025_DT0.0100/64_Fmap_matrix.npy

real	0m27.515s
user	0m0.015s
sys	0m0.012s
260
300
Generating /cluster/projects/nn8008k/lluisa/NextSIM/seas/Fmap_10days/2001_AMJ_ic0.5_dt0.0025_DT0.0100/65_Fmap_matrix.npy

real	0m27.689s
user	0m0.017s
sys	0m0.010s
264
304
Generating /cluster/projects/nn8008k/lluisa/NextSIM/seas/Fmap_10days/2001_AMJ_ic0.5_dt0.0025_DT0.0100/66_Fmap_matrix.npy

real	0m28.050s
user	0m0.015s
sys	0m0.011s
268
308
Generating /cluster/projects/nn8008k/lluisa/NextSIM/seas/Fmap_10days/2001_AMJ_ic0.5_dt0.0025_DT0.0100/67_Fmap_matrix.npy

real	0m27.408s
user	0m0.015s
sys	0m0.011s
272
312
Generating /cluster/projects/nn8008k/lluisa/NextSIM/seas/Fmap_10days/2001_AMJ_ic0.5_dt0.0025_DT0.0100/68_Fmap_matrix.npy

real	0m27.251s
user	0m0.009s
sys	0m0.018s
276
316
Generating /cluster/projects/nn8008k/lluisa/NextSIM/seas/Fmap_10days/2001_AMJ_ic0.5_dt0.0025_DT0.0100/69_Fmap_matrix.npy

real	0m27.478s
user	0m0.016s
sys	0m0.011s
280
320
Generating /cluster/projects/nn8008k/lluisa/NextSIM/seas/Fmap_10days/2001_AMJ_ic0.5_dt0.0025_DT0.0100/70_Fmap_matrix.npy

real	0m26.839s
user	0m0.019s
sys	0m0.010s
284
324
Generating /cluster/projects/nn8008k/lluisa/NextSIM/seas/Fmap_10days/2001_AMJ_ic0.5_dt0.0025_DT0.0100/71_Fmap_matrix.npy

real	0m27.440s
user	0m0.008s
sys	0m0.020s
288
328
Generating /cluster/projects/nn8008k/lluisa/NextSIM/seas/Fmap_10days/2001_AMJ_ic0.5_dt0.0025_DT0.0100/72_Fmap_matrix.npy

real	0m27.388s
user	0m0.011s
sys	0m0.017s
292
332
Generating /cluster/projects/nn8008k/lluisa/NextSIM/seas/Fmap_10days/2001_AMJ_ic0.5_dt0.0025_DT0.0100/73_Fmap_matrix.npy

real	0m27.024s
user	0m0.017s
sys	0m0.010s
296
336
Generating /cluster/projects/nn8008k/lluisa/NextSIM/seas/Fmap_10days/2001_AMJ_ic0.5_dt0.0025_DT0.0100/74_Fmap_matrix.npy

real	0m27.348s
user	0m0.016s
sys	0m0.010s
300
340
Generating /cluster/projects/nn8008k/lluisa/NextSIM/seas/Fmap_10days/2001_AMJ_ic0.5_dt0.0025_DT0.0100/75_Fmap_matrix.npy

real	0m27.254s
user	0m0.013s
sys	0m0.013s
304
344
Generating /cluster/projects/nn8008k/lluisa/NextSIM/seas/Fmap_10days/2001_AMJ_ic0.5_dt0.0025_DT0.0100/76_Fmap_matrix.npy

real	0m27.069s
user	0m0.015s
sys	0m0.011s
308
348
Generating /cluster/projects/nn8008k/lluisa/NextSIM/seas/Fmap_10days/2001_AMJ_ic0.5_dt0.0025_DT0.0100/77_Fmap_matrix.npy

real	0m26.819s
user	0m0.015s
sys	0m0.011s
312
352
Generating /cluster/projects/nn8008k/lluisa/NextSIM/seas/Fmap_10days/2001_AMJ_ic0.5_dt0.0025_DT0.0100/78_Fmap_matrix.npy

real	0m27.032s
user	0m0.009s
sys	0m0.017s
316
356
Generating /cluster/projects/nn8008k/lluisa/NextSIM/seas/Fmap_10days/2001_AMJ_ic0.5_dt0.0025_DT0.0100/79_Fmap_matrix.npy

real	0m26.761s
user	0m0.012s
sys	0m0.014s
320
360
Generating /cluster/projects/nn8008k/lluisa/NextSIM/seas/Fmap_10days/2001_AMJ_ic0.5_dt0.0025_DT0.0100/80_Fmap_matrix.npy

real	0m27.041s
user	0m0.012s
sys	0m0.015s
EBVERSIONNUMACTL=2.0.16
SLURM_JOB_NUM_NODES=1
EBROOTNUMACTL=/cluster/software/numactl/2.0.16-GCCcore-13.2.0
EBDEVELNUMACTL=/cluster/software/numactl/2.0.16-GCCcore-13.2.0/easybuild/numactl-2.0.16-GCCcore-13.2.0-easybuild-devel
OMP_NUM_THREADS=32

Job 6228786 consumed 19.9 billing hours from project nn8008k.

Submitted 2025-05-03T00:03:20; waited 21.0 seconds in the queue after becoming eligible to run.

Requested wallclock time: 3.0 days
Elapsed wallclock time:   37.4 minutes

Job exited normally.

Task and CPU statistics:
ID              CPUs  Tasks  CPU util                Start   Elapsed  Exit status
6228786           32            0.0 %  2025-05-03T00:03:41  2243.0 s  0
6228786.batch     32      1     0.0 %  2025-05-03T00:03:41  2243.0 s  0
6228786.python    32      1    21.4 %  2025-05-03T00:03:45    37.0 s  0
6228786.python    32      1    27.9 %  2025-05-03T00:04:22    28.0 s  0
6228786.python    32      1    28.2 %  2025-05-03T00:04:50    28.0 s  0
6228786.python    32      1    29.1 %  2025-05-03T00:05:18    27.0 s  0
6228786.python    32      1    29.0 %  2025-05-03T00:05:46    27.0 s  0
6228786.python    32      1    28.1 %  2025-05-03T00:06:13    28.0 s  0
6228786.python    32      1    29.1 %  2025-05-03T00:06:41    27.0 s  0
6228786.python    32      1    29.1 %  2025-05-03T00:07:08    27.0 s  0
6228786.python    32      1    28.0 %  2025-05-03T00:07:35    28.0 s  0
6228786.python    32      1    28.1 %  2025-05-03T00:08:03    28.0 s  0
6228786.python    32      1    29.3 %  2025-05-03T00:08:31    27.0 s  0
6228786.python    32      1    28.1 %  2025-05-03T00:08:58    28.0 s  0
6228786.python    32      1    28.0 %  2025-05-03T00:09:26    28.0 s  0
6228786.python    32      1    27.9 %  2025-05-03T00:09:54    28.0 s  0
6228786.python    32      1    29.1 %  2025-05-03T00:10:22    27.0 s  0
6228786.python    32      1    28.1 %  2025-05-03T00:10:49    28.0 s  0
6228786.python    32      1    28.2 %  2025-05-03T00:11:17    28.0 s  0
6228786.python    32      1    27.9 %  2025-05-03T00:11:45    28.0 s  0
6228786.python    32      1    29.1 %  2025-05-03T00:12:13    27.0 s  0
6228786.python    32      1    28.1 %  2025-05-03T00:12:40    28.0 s  0
6228786.python    32      1    29.1 %  2025-05-03T00:13:08    27.0 s  0
6228786.python    32      1    28.0 %  2025-05-03T00:13:35    28.0 s  0
6228786.python    32      1    29.1 %  2025-05-03T00:14:03    27.0 s  0
6228786.python    32      1    28.0 %  2025-05-03T00:14:30    28.0 s  0
6228786.python    32      1    27.9 %  2025-05-03T00:14:58    28.0 s  0
6228786.python    32      1    28.5 %  2025-05-03T00:15:26    28.0 s  0
6228786.python    32      1    28.1 %  2025-05-03T00:15:54    28.0 s  0
6228786.python    32      1    29.0 %  2025-05-03T00:16:22    27.0 s  0
6228786.python    32      1    28.0 %  2025-05-03T00:16:49    28.0 s  0
6228786.python    32      1    28.1 %  2025-05-03T00:17:17    28.0 s  0
6228786.python    32      1    29.1 %  2025-05-03T00:17:45    27.0 s  0
6228786.python    32      1    28.3 %  2025-05-03T00:18:12    28.0 s  0
6228786.python    32      1    29.1 %  2025-05-03T00:18:40    27.0 s  0
6228786.python    32      1    28.0 %  2025-05-03T00:19:07    28.0 s  0
6228786.python    32      1    28.0 %  2025-05-03T00:19:35    28.0 s  0
6228786.python    32      1    27.8 %  2025-05-03T00:20:03    28.0 s  0
6228786.python    32      1    28.9 %  2025-05-03T00:20:31    27.0 s  0
6228786.python    32      1    29.5 %  2025-05-03T00:20:58    27.0 s  0
6228786.python    32      1    28.1 %  2025-05-03T00:21:25    28.0 s  0
6228786.python    32      1    29.0 %  2025-05-03T00:21:53    27.0 s  0
6228786.python    32      1    28.1 %  2025-05-03T00:22:20    28.0 s  0
6228786.python    32      1    28.0 %  2025-05-03T00:22:48    28.0 s  0
6228786.python    32      1    29.1 %  2025-05-03T00:23:16    27.0 s  0
6228786.python    32      1    28.9 %  2025-05-03T00:23:44    27.0 s  0
6228786.python    32      1    27.8 %  2025-05-03T00:24:11    28.0 s  0
6228786.python    32      1    29.0 %  2025-05-03T00:24:39    27.0 s  0
6228786.python    32      1    27.9 %  2025-05-03T00:25:06    28.0 s  0
6228786.python    32      1    27.7 %  2025-05-03T00:25:34    28.0 s  0
6228786.python    32      1    28.9 %  2025-05-03T00:26:02    27.0 s  0
6228786.python    32      1    28.8 %  2025-05-03T00:26:29    27.0 s  0
6228786.python    32      1    28.7 %  2025-05-03T00:26:57    27.0 s  0
6228786.python    32      1    28.8 %  2025-05-03T00:27:24    27.0 s  0
6228786.python    32      1    28.0 %  2025-05-03T00:27:51    28.0 s  0
6228786.python    32      1    27.8 %  2025-05-03T00:28:19    28.0 s  0
6228786.python    32      1    28.4 %  2025-05-03T00:28:47    27.0 s  0
6228786.python    32      1    28.6 %  2025-05-03T00:29:14    27.0 s  0
6228786.python    32      1    27.7 %  2025-05-03T00:29:41    28.0 s  0
6228786.python    32      1    27.7 %  2025-05-03T00:30:09    28.0 s  0
6228786.python    32      1    28.8 %  2025-05-03T00:30:37    27.0 s  0
6228786.python    32      1    28.6 %  2025-05-03T00:31:04    27.0 s  0
6228786.python    32      1    27.7 %  2025-05-03T00:31:31    28.0 s  0
6228786.python    32      1    28.6 %  2025-05-03T00:31:59    27.0 s  0
6228786.python    32      1    28.4 %  2025-05-03T00:32:26    27.0 s  0
6228786.python    32      1    27.7 %  2025-05-03T00:32:53    28.0 s  0
6228786.python    32      1    28.4 %  2025-05-03T00:33:21    27.0 s  0
6228786.python    32      1    27.6 %  2025-05-03T00:33:48    28.0 s  0
6228786.python    32      1    27.4 %  2025-05-03T00:34:16    28.0 s  0
6228786.python    32      1    28.4 %  2025-05-03T00:34:44    27.0 s  0
6228786.python    32      1    27.1 %  2025-05-03T00:35:11    28.0 s  0
6228786.python    32      1    28.9 %  2025-05-03T00:35:39    27.0 s  0
6228786.python    32      1    28.0 %  2025-05-03T00:36:06    27.0 s  0
6228786.python    32      1    28.1 %  2025-05-03T00:36:33    27.0 s  0
6228786.python    32      1    27.0 %  2025-05-03T00:37:00    28.0 s  0
6228786.python    32      1    27.9 %  2025-05-03T00:37:28    27.0 s  0
6228786.python    32      1    28.0 %  2025-05-03T00:37:55    27.0 s  0
6228786.python    32      1    27.7 %  2025-05-03T00:38:22    27.0 s  0
6228786.python    32      1    27.5 %  2025-05-03T00:38:49    27.0 s  0
6228786.python    32      1    27.4 %  2025-05-03T00:39:16    27.0 s  0
6228786.python    32      1    27.4 %  2025-05-03T00:39:43    27.0 s  0
6228786.python    32      1    27.5 %  2025-05-03T00:40:10    27.0 s  0
6228786.python    32      1    27.5 %  2025-05-03T00:40:37    27.0 s  0

Used CPU time:   5.6 CPU hours
Unused CPU time: 14.3 CPU hours

Memory statistics, in GiB:
ID               Alloc   Usage
6228786           59.0        
6228786.batch     59.0     0.0
6228786.python    59.0     6.9
6228786.python    59.0     0.1
6228786.python    59.0     0.1
6228786.python    59.0     0.1
6228786.python    59.0     0.1
6228786.python    59.0     0.1
6228786.python    59.0     0.1
6228786.python    59.0     0.1
6228786.python    59.0     0.1
6228786.python    59.0     0.1
6228786.python    59.0     0.1
6228786.python    59.0     0.1
6228786.python    59.0     0.1
6228786.python    59.0     0.1
6228786.python    59.0     0.1
6228786.python    59.0     0.1
6228786.python    59.0     0.1
6228786.python    59.0     0.1
6228786.python    59.0     0.1
6228786.python    59.0     0.1
6228786.python    59.0     0.1
6228786.python    59.0     0.1
6228786.python    59.0     0.1
6228786.python    59.0     0.1
6228786.python    59.0     0.1
6228786.python    59.0     0.1
6228786.python    59.0     0.1
6228786.python    59.0     0.1
6228786.python    59.0     0.1
6228786.python    59.0     0.1
6228786.python    59.0     0.1
6228786.python    59.0     0.1
6228786.python    59.0     0.1
6228786.python    59.0     0.1
6228786.python    59.0     0.1
6228786.python    59.0     0.1
6228786.python    59.0     0.1
6228786.python    59.0     0.1
6228786.python    59.0     0.1
6228786.python    59.0     0.1
6228786.python    59.0     0.1
6228786.python    59.0     0.1
6228786.python    59.0     0.1
6228786.python    59.0     0.1
6228786.python    59.0     0.1
6228786.python    59.0     0.1
6228786.python    59.0     0.1
6228786.python    59.0     0.1
6228786.python    59.0     0.1
6228786.python    59.0     0.1
6228786.python    59.0     0.1
6228786.python    59.0     0.1
6228786.python    59.0     0.1
6228786.python    59.0     0.1
6228786.python    59.0     0.1
6228786.python    59.0     0.1
6228786.python    59.0     0.1
6228786.python    59.0     0.1
6228786.python    59.0     0.1
6228786.python    59.0     0.1
6228786.python    59.0     0.1
6228786.python    59.0     0.1
6228786.python    59.0     0.1
6228786.python    59.0     0.1
6228786.python    59.0     0.1
6228786.python    59.0     0.1
6228786.python    59.0     0.1
6228786.python    59.0     0.1
6228786.python    59.0     0.1
6228786.python    59.0     0.1
6228786.python    59.0     0.1
6228786.python    59.0     0.1
6228786.python    59.0     0.1
6228786.python    59.0     0.1
6228786.python    59.0     0.1
6228786.python    59.0     0.1
6228786.python    59.0     0.1
6228786.python    59.0     0.1
6228786.python    59.0     0.2
6228786.python    59.0     0.1
6228786.python    59.0     0.1

Job 6228786 completed at Sat May 3 00:41:04 CEST 2025
