Starting job 6228814 on c28-4 on fram at Sat May 3 00:03:44 CEST 2025


Currently Loaded Modules:
  1) StdEnv (S)

  Where:
   S:  Module is Sticky, requires --force to unload or purge

 


The following have been reloaded with a version change:
  1) GCCcore/13.3.0 => GCCcore/13.2.0
  2) OpenSSL/3 => OpenSSL/1.1
  3) Python/3.12.3-GCCcore-13.3.0 => Python/3.11.5-GCCcore-13.2.0
  4) SQLite/3.45.3-GCCcore-13.3.0 => SQLite/3.43.1-GCCcore-13.2.0
  5) Tcl/8.6.14-GCCcore-13.3.0 => Tcl/8.6.13-GCCcore-13.2.0
  6) XZ/5.4.5-GCCcore-13.3.0 => XZ/5.4.4-GCCcore-13.2.0
  7) binutils/2.42-GCCcore-13.3.0 => binutils/2.40-GCCcore-13.2.0
  8) bzip2/1.0.8-GCCcore-13.3.0 => bzip2/1.0.8-GCCcore-13.2.0
  9) libffi/3.4.5-GCCcore-13.3.0 => libffi/3.4.4-GCCcore-13.2.0
 10) libreadline/8.2-GCCcore-13.3.0 => libreadline/8.2-GCCcore-13.2.0
 11) ncurses/6.5-GCCcore-13.3.0 => ncurses/6.4-GCCcore-13.2.0
 12) zlib/1.3.1-GCCcore-13.3.0 => zlib/1.2.13-GCCcore-13.2.0

0
40
Generating /cluster/projects/nn8008k/lluisa/NextSIM/seas/Fmap_10days/2008_AMJ_ic0.5_dt0.0025_DT0.0100/0_Fmap_matrix.npy

real	0m35.306s
user	0m0.015s
sys	0m0.023s
4
44
Generating /cluster/projects/nn8008k/lluisa/NextSIM/seas/Fmap_10days/2008_AMJ_ic0.5_dt0.0025_DT0.0100/1_Fmap_matrix.npy

real	0m27.729s
user	0m0.015s
sys	0m0.013s
8
48
Generating /cluster/projects/nn8008k/lluisa/NextSIM/seas/Fmap_10days/2008_AMJ_ic0.5_dt0.0025_DT0.0100/2_Fmap_matrix.npy

real	0m26.934s
user	0m0.012s
sys	0m0.016s
12
52
Generating /cluster/projects/nn8008k/lluisa/NextSIM/seas/Fmap_10days/2008_AMJ_ic0.5_dt0.0025_DT0.0100/3_Fmap_matrix.npy

real	0m28.280s
user	0m0.013s
sys	0m0.015s
16
56
Generating /cluster/projects/nn8008k/lluisa/NextSIM/seas/Fmap_10days/2008_AMJ_ic0.5_dt0.0025_DT0.0100/4_Fmap_matrix.npy

real	0m27.658s
user	0m0.010s
sys	0m0.017s
20
60
Generating /cluster/projects/nn8008k/lluisa/NextSIM/seas/Fmap_10days/2008_AMJ_ic0.5_dt0.0025_DT0.0100/5_Fmap_matrix.npy

real	0m27.308s
user	0m0.012s
sys	0m0.016s
24
64
Generating /cluster/projects/nn8008k/lluisa/NextSIM/seas/Fmap_10days/2008_AMJ_ic0.5_dt0.0025_DT0.0100/6_Fmap_matrix.npy

real	0m27.303s
user	0m0.010s
sys	0m0.016s
28
68
Generating /cluster/projects/nn8008k/lluisa/NextSIM/seas/Fmap_10days/2008_AMJ_ic0.5_dt0.0025_DT0.0100/7_Fmap_matrix.npy

real	0m27.668s
user	0m0.010s
sys	0m0.017s
32
72
Generating /cluster/projects/nn8008k/lluisa/NextSIM/seas/Fmap_10days/2008_AMJ_ic0.5_dt0.0025_DT0.0100/8_Fmap_matrix.npy

real	0m27.804s
user	0m0.016s
sys	0m0.011s
36
76
Generating /cluster/projects/nn8008k/lluisa/NextSIM/seas/Fmap_10days/2008_AMJ_ic0.5_dt0.0025_DT0.0100/9_Fmap_matrix.npy

real	0m27.452s
user	0m0.015s
sys	0m0.012s
40
80
Generating /cluster/projects/nn8008k/lluisa/NextSIM/seas/Fmap_10days/2008_AMJ_ic0.5_dt0.0025_DT0.0100/10_Fmap_matrix.npy

real	0m26.983s
user	0m0.015s
sys	0m0.012s
44
84
Generating /cluster/projects/nn8008k/lluisa/NextSIM/seas/Fmap_10days/2008_AMJ_ic0.5_dt0.0025_DT0.0100/11_Fmap_matrix.npy

real	0m27.087s
user	0m0.016s
sys	0m0.013s
48
88
Generating /cluster/projects/nn8008k/lluisa/NextSIM/seas/Fmap_10days/2008_AMJ_ic0.5_dt0.0025_DT0.0100/12_Fmap_matrix.npy

real	0m27.486s
user	0m0.015s
sys	0m0.013s
52
92
Generating /cluster/projects/nn8008k/lluisa/NextSIM/seas/Fmap_10days/2008_AMJ_ic0.5_dt0.0025_DT0.0100/13_Fmap_matrix.npy

real	0m27.181s
user	0m0.015s
sys	0m0.014s
56
96
Generating /cluster/projects/nn8008k/lluisa/NextSIM/seas/Fmap_10days/2008_AMJ_ic0.5_dt0.0025_DT0.0100/14_Fmap_matrix.npy

real	0m27.224s
user	0m0.012s
sys	0m0.016s
60
100
Generating /cluster/projects/nn8008k/lluisa/NextSIM/seas/Fmap_10days/2008_AMJ_ic0.5_dt0.0025_DT0.0100/15_Fmap_matrix.npy

real	0m27.406s
user	0m0.010s
sys	0m0.018s
64
104
Generating /cluster/projects/nn8008k/lluisa/NextSIM/seas/Fmap_10days/2008_AMJ_ic0.5_dt0.0025_DT0.0100/16_Fmap_matrix.npy

real	0m27.400s
user	0m0.012s
sys	0m0.015s
68
108
Generating /cluster/projects/nn8008k/lluisa/NextSIM/seas/Fmap_10days/2008_AMJ_ic0.5_dt0.0025_DT0.0100/17_Fmap_matrix.npy

real	0m27.601s
user	0m0.015s
sys	0m0.012s
72
112
Generating /cluster/projects/nn8008k/lluisa/NextSIM/seas/Fmap_10days/2008_AMJ_ic0.5_dt0.0025_DT0.0100/18_Fmap_matrix.npy

real	0m27.231s
user	0m0.013s
sys	0m0.013s
76
116
Generating /cluster/projects/nn8008k/lluisa/NextSIM/seas/Fmap_10days/2008_AMJ_ic0.5_dt0.0025_DT0.0100/19_Fmap_matrix.npy

real	0m27.414s
user	0m0.015s
sys	0m0.012s
80
120
Generating /cluster/projects/nn8008k/lluisa/NextSIM/seas/Fmap_10days/2008_AMJ_ic0.5_dt0.0025_DT0.0100/20_Fmap_matrix.npy

real	0m27.800s
user	0m0.014s
sys	0m0.013s
84
124
Generating /cluster/projects/nn8008k/lluisa/NextSIM/seas/Fmap_10days/2008_AMJ_ic0.5_dt0.0025_DT0.0100/21_Fmap_matrix.npy

real	0m27.428s
user	0m0.014s
sys	0m0.013s
88
128
Generating /cluster/projects/nn8008k/lluisa/NextSIM/seas/Fmap_10days/2008_AMJ_ic0.5_dt0.0025_DT0.0100/22_Fmap_matrix.npy

real	0m27.008s
user	0m0.013s
sys	0m0.013s
92
132
Generating /cluster/projects/nn8008k/lluisa/NextSIM/seas/Fmap_10days/2008_AMJ_ic0.5_dt0.0025_DT0.0100/23_Fmap_matrix.npy

real	0m27.356s
user	0m0.015s
sys	0m0.012s
96
136
Generating /cluster/projects/nn8008k/lluisa/NextSIM/seas/Fmap_10days/2008_AMJ_ic0.5_dt0.0025_DT0.0100/24_Fmap_matrix.npy

real	0m27.543s
user	0m0.012s
sys	0m0.015s
100
140
Generating /cluster/projects/nn8008k/lluisa/NextSIM/seas/Fmap_10days/2008_AMJ_ic0.5_dt0.0025_DT0.0100/25_Fmap_matrix.npy

real	0m27.341s
user	0m0.013s
sys	0m0.014s
104
144
Generating /cluster/projects/nn8008k/lluisa/NextSIM/seas/Fmap_10days/2008_AMJ_ic0.5_dt0.0025_DT0.0100/26_Fmap_matrix.npy

real	0m27.210s
user	0m0.014s
sys	0m0.013s
108
148
Generating /cluster/projects/nn8008k/lluisa/NextSIM/seas/Fmap_10days/2008_AMJ_ic0.5_dt0.0025_DT0.0100/27_Fmap_matrix.npy

real	0m27.255s
user	0m0.016s
sys	0m0.012s
112
152
Generating /cluster/projects/nn8008k/lluisa/NextSIM/seas/Fmap_10days/2008_AMJ_ic0.5_dt0.0025_DT0.0100/28_Fmap_matrix.npy

real	0m27.179s
user	0m0.016s
sys	0m0.012s
116
156
Generating /cluster/projects/nn8008k/lluisa/NextSIM/seas/Fmap_10days/2008_AMJ_ic0.5_dt0.0025_DT0.0100/29_Fmap_matrix.npy

real	0m26.969s
user	0m0.018s
sys	0m0.009s
120
160
Generating /cluster/projects/nn8008k/lluisa/NextSIM/seas/Fmap_10days/2008_AMJ_ic0.5_dt0.0025_DT0.0100/30_Fmap_matrix.npy

real	0m27.388s
user	0m0.015s
sys	0m0.014s
124
164
Generating /cluster/projects/nn8008k/lluisa/NextSIM/seas/Fmap_10days/2008_AMJ_ic0.5_dt0.0025_DT0.0100/31_Fmap_matrix.npy

real	0m27.048s
user	0m0.013s
sys	0m0.015s
128
168
Generating /cluster/projects/nn8008k/lluisa/NextSIM/seas/Fmap_10days/2008_AMJ_ic0.5_dt0.0025_DT0.0100/32_Fmap_matrix.npy

real	0m27.168s
user	0m0.020s
sys	0m0.009s
132
172
Generating /cluster/projects/nn8008k/lluisa/NextSIM/seas/Fmap_10days/2008_AMJ_ic0.5_dt0.0025_DT0.0100/33_Fmap_matrix.npy

real	0m27.319s
user	0m0.012s
sys	0m0.015s
136
176
Generating /cluster/projects/nn8008k/lluisa/NextSIM/seas/Fmap_10days/2008_AMJ_ic0.5_dt0.0025_DT0.0100/34_Fmap_matrix.npy

real	0m27.951s
user	0m0.012s
sys	0m0.017s
140
180
Generating /cluster/projects/nn8008k/lluisa/NextSIM/seas/Fmap_10days/2008_AMJ_ic0.5_dt0.0025_DT0.0100/35_Fmap_matrix.npy

real	0m27.503s
user	0m0.012s
sys	0m0.015s
144
184
Generating /cluster/projects/nn8008k/lluisa/NextSIM/seas/Fmap_10days/2008_AMJ_ic0.5_dt0.0025_DT0.0100/36_Fmap_matrix.npy

real	0m27.623s
user	0m0.014s
sys	0m0.012s
148
188
Generating /cluster/projects/nn8008k/lluisa/NextSIM/seas/Fmap_10days/2008_AMJ_ic0.5_dt0.0025_DT0.0100/37_Fmap_matrix.npy

real	0m27.496s
user	0m0.014s
sys	0m0.014s
152
192
Generating /cluster/projects/nn8008k/lluisa/NextSIM/seas/Fmap_10days/2008_AMJ_ic0.5_dt0.0025_DT0.0100/38_Fmap_matrix.npy

real	0m27.256s
user	0m0.017s
sys	0m0.010s
156
196
Generating /cluster/projects/nn8008k/lluisa/NextSIM/seas/Fmap_10days/2008_AMJ_ic0.5_dt0.0025_DT0.0100/39_Fmap_matrix.npy

real	0m26.858s
user	0m0.014s
sys	0m0.014s
160
200
Generating /cluster/projects/nn8008k/lluisa/NextSIM/seas/Fmap_10days/2008_AMJ_ic0.5_dt0.0025_DT0.0100/40_Fmap_matrix.npy

real	0m27.164s
user	0m0.012s
sys	0m0.015s
164
204
Generating /cluster/projects/nn8008k/lluisa/NextSIM/seas/Fmap_10days/2008_AMJ_ic0.5_dt0.0025_DT0.0100/41_Fmap_matrix.npy

real	0m27.723s
user	0m0.014s
sys	0m0.012s
168
208
Generating /cluster/projects/nn8008k/lluisa/NextSIM/seas/Fmap_10days/2008_AMJ_ic0.5_dt0.0025_DT0.0100/42_Fmap_matrix.npy

real	0m27.266s
user	0m0.012s
sys	0m0.015s
172
212
Generating /cluster/projects/nn8008k/lluisa/NextSIM/seas/Fmap_10days/2008_AMJ_ic0.5_dt0.0025_DT0.0100/43_Fmap_matrix.npy

real	0m26.598s
user	0m0.014s
sys	0m0.013s
176
216
Generating /cluster/projects/nn8008k/lluisa/NextSIM/seas/Fmap_10days/2008_AMJ_ic0.5_dt0.0025_DT0.0100/44_Fmap_matrix.npy

real	0m27.188s
user	0m0.015s
sys	0m0.011s
180
220
Generating /cluster/projects/nn8008k/lluisa/NextSIM/seas/Fmap_10days/2008_AMJ_ic0.5_dt0.0025_DT0.0100/45_Fmap_matrix.npy

real	0m27.613s
user	0m0.011s
sys	0m0.016s
184
224
Generating /cluster/projects/nn8008k/lluisa/NextSIM/seas/Fmap_10days/2008_AMJ_ic0.5_dt0.0025_DT0.0100/46_Fmap_matrix.npy

real	0m27.610s
user	0m0.017s
sys	0m0.010s
188
228
Generating /cluster/projects/nn8008k/lluisa/NextSIM/seas/Fmap_10days/2008_AMJ_ic0.5_dt0.0025_DT0.0100/47_Fmap_matrix.npy

real	0m27.384s
user	0m0.011s
sys	0m0.016s
192
232
Generating /cluster/projects/nn8008k/lluisa/NextSIM/seas/Fmap_10days/2008_AMJ_ic0.5_dt0.0025_DT0.0100/48_Fmap_matrix.npy

real	0m27.640s
user	0m0.010s
sys	0m0.017s
196
236
Generating /cluster/projects/nn8008k/lluisa/NextSIM/seas/Fmap_10days/2008_AMJ_ic0.5_dt0.0025_DT0.0100/49_Fmap_matrix.npy

real	0m27.141s
user	0m0.015s
sys	0m0.013s
200
240
Generating /cluster/projects/nn8008k/lluisa/NextSIM/seas/Fmap_10days/2008_AMJ_ic0.5_dt0.0025_DT0.0100/50_Fmap_matrix.npy

real	0m27.323s
user	0m0.014s
sys	0m0.013s
204
244
Generating /cluster/projects/nn8008k/lluisa/NextSIM/seas/Fmap_10days/2008_AMJ_ic0.5_dt0.0025_DT0.0100/51_Fmap_matrix.npy

real	0m27.571s
user	0m0.018s
sys	0m0.009s
208
248
Generating /cluster/projects/nn8008k/lluisa/NextSIM/seas/Fmap_10days/2008_AMJ_ic0.5_dt0.0025_DT0.0100/52_Fmap_matrix.npy

real	0m26.841s
user	0m0.015s
sys	0m0.012s
212
252
Generating /cluster/projects/nn8008k/lluisa/NextSIM/seas/Fmap_10days/2008_AMJ_ic0.5_dt0.0025_DT0.0100/53_Fmap_matrix.npy

real	0m27.235s
user	0m0.017s
sys	0m0.010s
216
256
Generating /cluster/projects/nn8008k/lluisa/NextSIM/seas/Fmap_10days/2008_AMJ_ic0.5_dt0.0025_DT0.0100/54_Fmap_matrix.npy

real	0m27.380s
user	0m0.014s
sys	0m0.013s
220
260
Generating /cluster/projects/nn8008k/lluisa/NextSIM/seas/Fmap_10days/2008_AMJ_ic0.5_dt0.0025_DT0.0100/55_Fmap_matrix.npy

real	0m27.604s
user	0m0.015s
sys	0m0.011s
224
264
Generating /cluster/projects/nn8008k/lluisa/NextSIM/seas/Fmap_10days/2008_AMJ_ic0.5_dt0.0025_DT0.0100/56_Fmap_matrix.npy

real	0m27.238s
user	0m0.013s
sys	0m0.013s
228
268
Generating /cluster/projects/nn8008k/lluisa/NextSIM/seas/Fmap_10days/2008_AMJ_ic0.5_dt0.0025_DT0.0100/57_Fmap_matrix.npy

real	0m27.351s
user	0m0.013s
sys	0m0.014s
232
272
Generating /cluster/projects/nn8008k/lluisa/NextSIM/seas/Fmap_10days/2008_AMJ_ic0.5_dt0.0025_DT0.0100/58_Fmap_matrix.npy

real	0m27.311s
user	0m0.013s
sys	0m0.014s
236
276
Generating /cluster/projects/nn8008k/lluisa/NextSIM/seas/Fmap_10days/2008_AMJ_ic0.5_dt0.0025_DT0.0100/59_Fmap_matrix.npy

real	0m27.402s
user	0m0.013s
sys	0m0.014s
240
280
Generating /cluster/projects/nn8008k/lluisa/NextSIM/seas/Fmap_10days/2008_AMJ_ic0.5_dt0.0025_DT0.0100/60_Fmap_matrix.npy

real	0m27.522s
user	0m0.016s
sys	0m0.011s
244
284
Generating /cluster/projects/nn8008k/lluisa/NextSIM/seas/Fmap_10days/2008_AMJ_ic0.5_dt0.0025_DT0.0100/61_Fmap_matrix.npy

real	0m27.484s
user	0m0.016s
sys	0m0.011s
248
288
Generating /cluster/projects/nn8008k/lluisa/NextSIM/seas/Fmap_10days/2008_AMJ_ic0.5_dt0.0025_DT0.0100/62_Fmap_matrix.npy

real	0m27.396s
user	0m0.010s
sys	0m0.017s
252
292
Generating /cluster/projects/nn8008k/lluisa/NextSIM/seas/Fmap_10days/2008_AMJ_ic0.5_dt0.0025_DT0.0100/63_Fmap_matrix.npy

real	0m27.029s
user	0m0.014s
sys	0m0.012s
256
296
Generating /cluster/projects/nn8008k/lluisa/NextSIM/seas/Fmap_10days/2008_AMJ_ic0.5_dt0.0025_DT0.0100/64_Fmap_matrix.npy

real	0m26.922s
user	0m0.016s
sys	0m0.010s
260
300
Generating /cluster/projects/nn8008k/lluisa/NextSIM/seas/Fmap_10days/2008_AMJ_ic0.5_dt0.0025_DT0.0100/65_Fmap_matrix.npy

real	0m26.976s
user	0m0.015s
sys	0m0.012s
264
304
Generating /cluster/projects/nn8008k/lluisa/NextSIM/seas/Fmap_10days/2008_AMJ_ic0.5_dt0.0025_DT0.0100/66_Fmap_matrix.npy

real	0m28.586s
user	0m0.014s
sys	0m0.012s
268
308
Generating /cluster/projects/nn8008k/lluisa/NextSIM/seas/Fmap_10days/2008_AMJ_ic0.5_dt0.0025_DT0.0100/67_Fmap_matrix.npy

real	0m26.938s
user	0m0.013s
sys	0m0.013s
272
312
Generating /cluster/projects/nn8008k/lluisa/NextSIM/seas/Fmap_10days/2008_AMJ_ic0.5_dt0.0025_DT0.0100/68_Fmap_matrix.npy

real	0m27.172s
user	0m0.011s
sys	0m0.015s
276
316
Generating /cluster/projects/nn8008k/lluisa/NextSIM/seas/Fmap_10days/2008_AMJ_ic0.5_dt0.0025_DT0.0100/69_Fmap_matrix.npy

real	0m26.896s
user	0m0.008s
sys	0m0.019s
280
320
Generating /cluster/projects/nn8008k/lluisa/NextSIM/seas/Fmap_10days/2008_AMJ_ic0.5_dt0.0025_DT0.0100/70_Fmap_matrix.npy

real	0m27.013s
user	0m0.015s
sys	0m0.014s
284
324
Generating /cluster/projects/nn8008k/lluisa/NextSIM/seas/Fmap_10days/2008_AMJ_ic0.5_dt0.0025_DT0.0100/71_Fmap_matrix.npy

real	0m26.993s
user	0m0.014s
sys	0m0.012s
288
328
Generating /cluster/projects/nn8008k/lluisa/NextSIM/seas/Fmap_10days/2008_AMJ_ic0.5_dt0.0025_DT0.0100/72_Fmap_matrix.npy

real	0m27.405s
user	0m0.015s
sys	0m0.012s
292
332
Generating /cluster/projects/nn8008k/lluisa/NextSIM/seas/Fmap_10days/2008_AMJ_ic0.5_dt0.0025_DT0.0100/73_Fmap_matrix.npy

real	0m26.949s
user	0m0.015s
sys	0m0.012s
296
336
Generating /cluster/projects/nn8008k/lluisa/NextSIM/seas/Fmap_10days/2008_AMJ_ic0.5_dt0.0025_DT0.0100/74_Fmap_matrix.npy

real	0m26.945s
user	0m0.014s
sys	0m0.012s
300
340
Generating /cluster/projects/nn8008k/lluisa/NextSIM/seas/Fmap_10days/2008_AMJ_ic0.5_dt0.0025_DT0.0100/75_Fmap_matrix.npy

real	0m26.771s
user	0m0.014s
sys	0m0.013s
304
344
Generating /cluster/projects/nn8008k/lluisa/NextSIM/seas/Fmap_10days/2008_AMJ_ic0.5_dt0.0025_DT0.0100/76_Fmap_matrix.npy

real	0m27.067s
user	0m0.015s
sys	0m0.012s
308
348
Generating /cluster/projects/nn8008k/lluisa/NextSIM/seas/Fmap_10days/2008_AMJ_ic0.5_dt0.0025_DT0.0100/77_Fmap_matrix.npy

real	0m27.088s
user	0m0.010s
sys	0m0.016s
312
352
Generating /cluster/projects/nn8008k/lluisa/NextSIM/seas/Fmap_10days/2008_AMJ_ic0.5_dt0.0025_DT0.0100/78_Fmap_matrix.npy

real	0m26.971s
user	0m0.015s
sys	0m0.012s
316
356
Generating /cluster/projects/nn8008k/lluisa/NextSIM/seas/Fmap_10days/2008_AMJ_ic0.5_dt0.0025_DT0.0100/79_Fmap_matrix.npy

real	0m26.445s
user	0m0.012s
sys	0m0.014s
320
360
Generating /cluster/projects/nn8008k/lluisa/NextSIM/seas/Fmap_10days/2008_AMJ_ic0.5_dt0.0025_DT0.0100/80_Fmap_matrix.npy

real	0m26.730s
user	0m0.011s
sys	0m0.015s
EBVERSIONNUMACTL=2.0.16
SLURM_JOB_NUM_NODES=1
EBROOTNUMACTL=/cluster/software/numactl/2.0.16-GCCcore-13.2.0
EBDEVELNUMACTL=/cluster/software/numactl/2.0.16-GCCcore-13.2.0/easybuild/numactl-2.0.16-GCCcore-13.2.0-easybuild-devel
OMP_NUM_THREADS=32

Job 6228814 consumed 19.8 billing hours from project nn8008k.

Submitted 2025-05-03T00:03:21; waited 20.0 seconds in the queue after becoming eligible to run.

Requested wallclock time: 3.0 days
Elapsed wallclock time:   37.1 minutes

Job exited normally.

Task and CPU statistics:
ID              CPUs  Tasks  CPU util                Start   Elapsed  Exit status
6228814           32            0.0 %  2025-05-03T00:03:41  2225.0 s  0
6228814.batch     32      1     0.0 %  2025-05-03T00:03:41  2225.0 s  0
6228814.python    32      1    22.2 %  2025-05-03T00:03:47    35.0 s  0
6228814.python    32      1    27.8 %  2025-05-03T00:04:22    28.0 s  0
6228814.python    32      1    28.7 %  2025-05-03T00:04:50    27.0 s  0
6228814.python    32      1    28.0 %  2025-05-03T00:05:17    28.0 s  0
6228814.python    32      1    29.2 %  2025-05-03T00:05:45    27.0 s  0
6228814.python    32      1    27.7 %  2025-05-03T00:06:12    28.0 s  0
6228814.python    32      1    28.9 %  2025-05-03T00:06:40    27.0 s  0
6228814.python    32      1    28.0 %  2025-05-03T00:07:07    28.0 s  0
6228814.python    32      1    28.0 %  2025-05-03T00:07:35    28.0 s  0
6228814.python    32      1    28.9 %  2025-05-03T00:08:03    27.0 s  0
6228814.python    32      1    28.7 %  2025-05-03T00:08:30    27.0 s  0
6228814.python    32      1    28.6 %  2025-05-03T00:08:57    27.0 s  0
6228814.python    32      1    27.9 %  2025-05-03T00:09:24    28.0 s  0
6228814.python    32      1    28.9 %  2025-05-03T00:09:52    27.0 s  0
6228814.python    32      1    29.2 %  2025-05-03T00:10:19    27.0 s  0
6228814.python    32      1    28.9 %  2025-05-03T00:10:46    27.0 s  0
6228814.python    32      1    27.7 %  2025-05-03T00:11:13    28.0 s  0
6228814.python    32      1    28.8 %  2025-05-03T00:11:41    27.0 s  0
6228814.python    32      1    27.8 %  2025-05-03T00:12:08    28.0 s  0
6228814.python    32      1    29.2 %  2025-05-03T00:12:36    27.0 s  0
6228814.python    32      1    27.7 %  2025-05-03T00:13:03    28.0 s  0
6228814.python    32      1    28.6 %  2025-05-03T00:13:31    27.0 s  0
6228814.python    32      1    28.6 %  2025-05-03T00:13:58    27.0 s  0
6228814.python    32      1    27.7 %  2025-05-03T00:14:25    28.0 s  0
6228814.python    32      1    28.7 %  2025-05-03T00:14:53    27.0 s  0
6228814.python    32      1    27.4 %  2025-05-03T00:15:20    28.0 s  0
6228814.python    32      1    28.7 %  2025-05-03T00:15:48    27.0 s  0
6228814.python    32      1    28.6 %  2025-05-03T00:16:15    27.0 s  0
6228814.python    32      1    28.8 %  2025-05-03T00:16:42    27.0 s  0
6228814.python    32      1    28.6 %  2025-05-03T00:17:09    27.0 s  0
6228814.python    32      1    27.4 %  2025-05-03T00:17:36    28.0 s  0
6228814.python    32      1    28.6 %  2025-05-03T00:18:04    27.0 s  0
6228814.python    32      1    28.4 %  2025-05-03T00:18:31    27.0 s  0
6228814.python    32      1    28.5 %  2025-05-03T00:18:58    27.0 s  0
6228814.python    32      1    27.8 %  2025-05-03T00:19:25    28.0 s  0
6228814.python    32      1    27.4 %  2025-05-03T00:19:53    28.0 s  0
6228814.python    32      1    28.8 %  2025-05-03T00:20:21    27.0 s  0
6228814.python    32      1    27.6 %  2025-05-03T00:20:48    28.0 s  0
6228814.python    32      1    28.6 %  2025-05-03T00:21:16    27.0 s  0
6228814.python    32      1    28.6 %  2025-05-03T00:21:43    27.0 s  0
6228814.python    32      1    28.8 %  2025-05-03T00:22:10    27.0 s  0
6228814.python    32      1    27.7 %  2025-05-03T00:22:37    28.0 s  0
6228814.python    32      1    28.5 %  2025-05-03T00:23:05    27.0 s  0
6228814.python    32      1    29.5 %  2025-05-03T00:23:32    26.0 s  0
6228814.python    32      1    28.5 %  2025-05-03T00:23:59    27.0 s  0
6228814.python    32      1    28.5 %  2025-05-03T00:24:26    27.0 s  0
6228814.python    32      1    27.5 %  2025-05-03T00:24:53    28.0 s  0
6228814.python    32      1    28.3 %  2025-05-03T00:25:21    27.0 s  0
6228814.python    32      1    27.4 %  2025-05-03T00:25:48    28.0 s  0
6228814.python    32      1    28.4 %  2025-05-03T00:26:16    27.0 s  0
6228814.python    32      1    28.3 %  2025-05-03T00:26:43    27.0 s  0
6228814.python    32      1    27.5 %  2025-05-03T00:27:10    28.0 s  0
6228814.python    32      1    28.2 %  2025-05-03T00:27:38    27.0 s  0
6228814.python    32      1    28.1 %  2025-05-03T00:28:05    27.0 s  0
6228814.python    32      1    28.2 %  2025-05-03T00:28:32    27.0 s  0
6228814.python    32      1    27.7 %  2025-05-03T00:28:59    28.0 s  0
6228814.python    32      1    28.5 %  2025-05-03T00:29:27    27.0 s  0
6228814.python    32      1    27.4 %  2025-05-03T00:29:54    28.0 s  0
6228814.python    32      1    28.3 %  2025-05-03T00:30:22    27.0 s  0
6228814.python    32      1    28.2 %  2025-05-03T00:30:49    27.0 s  0
6228814.python    32      1    27.2 %  2025-05-03T00:31:16    28.0 s  0
6228814.python    32      1    28.4 %  2025-05-03T00:31:44    27.0 s  0
6228814.python    32      1    27.4 %  2025-05-03T00:32:11    28.0 s  0
6228814.python    32      1    28.0 %  2025-05-03T00:32:39    27.0 s  0
6228814.python    32      1    27.9 %  2025-05-03T00:33:06    27.0 s  0
6228814.python    32      1    28.1 %  2025-05-03T00:33:33    27.0 s  0
6228814.python    32      1    27.3 %  2025-05-03T00:34:00    28.0 s  0
6228814.python    32      1    27.9 %  2025-05-03T00:34:28    27.0 s  0
6228814.python    32      1    27.8 %  2025-05-03T00:34:55    27.0 s  0
6228814.python    32      1    27.8 %  2025-05-03T00:35:22    27.0 s  0
6228814.python    32      1    27.5 %  2025-05-03T00:35:49    27.0 s  0
6228814.python    32      1    27.7 %  2025-05-03T00:36:16    27.0 s  0
6228814.python    32      1    26.8 %  2025-05-03T00:36:43    28.0 s  0
6228814.python    32      1    27.4 %  2025-05-03T00:37:11    27.0 s  0
6228814.python    32      1    27.5 %  2025-05-03T00:37:38    27.0 s  0
6228814.python    32      1    28.5 %  2025-05-03T00:38:05    26.0 s  0
6228814.python    32      1    27.3 %  2025-05-03T00:38:31    27.0 s  0
6228814.python    32      1    26.4 %  2025-05-03T00:38:58    28.0 s  0
6228814.python    32      1    28.2 %  2025-05-03T00:39:26    26.0 s  0
6228814.python    32      1    28.0 %  2025-05-03T00:39:53    26.0 s  0
6228814.python    32      1    27.2 %  2025-05-03T00:40:19    27.0 s  0

Used CPU time:   5.5 CPU hours
Unused CPU time: 14.3 CPU hours

Memory statistics, in GiB:
ID               Alloc   Usage
6228814           59.0        
6228814.batch     59.0     0.0
6228814.python    59.0     7.0
6228814.python    59.0     0.1
6228814.python    59.0     0.1
6228814.python    59.0     0.1
6228814.python    59.0     0.1
6228814.python    59.0     0.1
6228814.python    59.0     0.1
6228814.python    59.0     0.1
6228814.python    59.0     0.1
6228814.python    59.0     0.1
6228814.python    59.0     0.1
6228814.python    59.0     0.1
6228814.python    59.0     0.1
6228814.python    59.0     0.1
6228814.python    59.0     0.1
6228814.python    59.0     0.1
6228814.python    59.0     0.1
6228814.python    59.0     0.1
6228814.python    59.0     0.1
6228814.python    59.0     0.1
6228814.python    59.0     0.1
6228814.python    59.0     0.1
6228814.python    59.0     0.1
6228814.python    59.0     0.1
6228814.python    59.0     0.1
6228814.python    59.0     0.1
6228814.python    59.0     0.1
6228814.python    59.0     0.1
6228814.python    59.0     0.1
6228814.python    59.0     0.1
6228814.python    59.0     0.1
6228814.python    59.0     0.1
6228814.python    59.0     0.1
6228814.python    59.0     0.1
6228814.python    59.0     0.1
6228814.python    59.0     0.1
6228814.python    59.0     0.1
6228814.python    59.0     0.1
6228814.python    59.0     0.1
6228814.python    59.0     0.1
6228814.python    59.0     0.1
6228814.python    59.0     0.1
6228814.python    59.0     0.1
6228814.python    59.0     0.1
6228814.python    59.0     0.1
6228814.python    59.0     0.1
6228814.python    59.0     0.1
6228814.python    59.0     0.1
6228814.python    59.0     0.1
6228814.python    59.0     0.1
6228814.python    59.0     0.1
6228814.python    59.0     0.1
6228814.python    59.0     0.1
6228814.python    59.0     0.1
6228814.python    59.0     0.1
6228814.python    59.0     0.1
6228814.python    59.0     0.1
6228814.python    59.0     0.1
6228814.python    59.0     0.1
6228814.python    59.0     0.1
6228814.python    59.0     0.1
6228814.python    59.0     0.1
6228814.python    59.0     0.1
6228814.python    59.0     0.1
6228814.python    59.0     0.1
6228814.python    59.0     0.1
6228814.python    59.0     0.1
6228814.python    59.0     0.1
6228814.python    59.0     0.1
6228814.python    59.0     0.1
6228814.python    59.0     0.1
6228814.python    59.0     0.1
6228814.python    59.0     0.1
6228814.python    59.0     0.1
6228814.python    59.0     0.1
6228814.python    59.0     0.1
6228814.python    59.0     0.1
6228814.python    59.0     0.1
6228814.python    59.0     0.1
6228814.python    59.0     0.1
6228814.python    59.0     0.1

Job 6228814 completed at Sat May 3 00:40:46 CEST 2025
