Starting job 6228816 on c28-8 on fram at Sat May 3 00:03:44 CEST 2025


Currently Loaded Modules:
  1) StdEnv (S)

  Where:
   S:  Module is Sticky, requires --force to unload or purge

 


The following have been reloaded with a version change:
  1) GCCcore/13.3.0 => GCCcore/13.2.0
  2) OpenSSL/3 => OpenSSL/1.1
  3) Python/3.12.3-GCCcore-13.3.0 => Python/3.11.5-GCCcore-13.2.0
  4) SQLite/3.45.3-GCCcore-13.3.0 => SQLite/3.43.1-GCCcore-13.2.0
  5) Tcl/8.6.14-GCCcore-13.3.0 => Tcl/8.6.13-GCCcore-13.2.0
  6) XZ/5.4.5-GCCcore-13.3.0 => XZ/5.4.4-GCCcore-13.2.0
  7) binutils/2.42-GCCcore-13.3.0 => binutils/2.40-GCCcore-13.2.0
  8) bzip2/1.0.8-GCCcore-13.3.0 => bzip2/1.0.8-GCCcore-13.2.0
  9) libffi/3.4.5-GCCcore-13.3.0 => libffi/3.4.4-GCCcore-13.2.0
 10) libreadline/8.2-GCCcore-13.3.0 => libreadline/8.2-GCCcore-13.2.0
 11) ncurses/6.5-GCCcore-13.3.0 => ncurses/6.4-GCCcore-13.2.0
 12) zlib/1.3.1-GCCcore-13.3.0 => zlib/1.2.13-GCCcore-13.2.0

0
40
Generating /cluster/projects/nn8008k/lluisa/NextSIM/seas/Fmap_10days/2008_JFM_ic0.5_dt0.0025_DT0.0100/0_Fmap_matrix.npy

real	0m35.287s
user	0m0.017s
sys	0m0.020s
4
44
Generating /cluster/projects/nn8008k/lluisa/NextSIM/seas/Fmap_10days/2008_JFM_ic0.5_dt0.0025_DT0.0100/1_Fmap_matrix.npy

real	0m26.829s
user	0m0.010s
sys	0m0.017s
8
48
Generating /cluster/projects/nn8008k/lluisa/NextSIM/seas/Fmap_10days/2008_JFM_ic0.5_dt0.0025_DT0.0100/2_Fmap_matrix.npy

real	0m26.783s
user	0m0.014s
sys	0m0.014s
12
52
Generating /cluster/projects/nn8008k/lluisa/NextSIM/seas/Fmap_10days/2008_JFM_ic0.5_dt0.0025_DT0.0100/3_Fmap_matrix.npy

real	0m26.960s
user	0m0.011s
sys	0m0.017s
16
56
Generating /cluster/projects/nn8008k/lluisa/NextSIM/seas/Fmap_10days/2008_JFM_ic0.5_dt0.0025_DT0.0100/4_Fmap_matrix.npy

real	0m26.704s
user	0m0.015s
sys	0m0.013s
20
60
Generating /cluster/projects/nn8008k/lluisa/NextSIM/seas/Fmap_10days/2008_JFM_ic0.5_dt0.0025_DT0.0100/5_Fmap_matrix.npy

real	0m27.288s
user	0m0.016s
sys	0m0.012s
24
64
Generating /cluster/projects/nn8008k/lluisa/NextSIM/seas/Fmap_10days/2008_JFM_ic0.5_dt0.0025_DT0.0100/6_Fmap_matrix.npy

real	0m26.933s
user	0m0.013s
sys	0m0.013s
28
68
Generating /cluster/projects/nn8008k/lluisa/NextSIM/seas/Fmap_10days/2008_JFM_ic0.5_dt0.0025_DT0.0100/7_Fmap_matrix.npy

real	0m26.396s
user	0m0.012s
sys	0m0.015s
32
72
Generating /cluster/projects/nn8008k/lluisa/NextSIM/seas/Fmap_10days/2008_JFM_ic0.5_dt0.0025_DT0.0100/8_Fmap_matrix.npy

real	0m26.421s
user	0m0.013s
sys	0m0.013s
36
76
Generating /cluster/projects/nn8008k/lluisa/NextSIM/seas/Fmap_10days/2008_JFM_ic0.5_dt0.0025_DT0.0100/9_Fmap_matrix.npy

real	0m26.527s
user	0m0.011s
sys	0m0.016s
40
80
Generating /cluster/projects/nn8008k/lluisa/NextSIM/seas/Fmap_10days/2008_JFM_ic0.5_dt0.0025_DT0.0100/10_Fmap_matrix.npy

real	0m26.831s
user	0m0.017s
sys	0m0.010s
44
84
Generating /cluster/projects/nn8008k/lluisa/NextSIM/seas/Fmap_10days/2008_JFM_ic0.5_dt0.0025_DT0.0100/11_Fmap_matrix.npy

real	0m26.718s
user	0m0.015s
sys	0m0.012s
48
88
Generating /cluster/projects/nn8008k/lluisa/NextSIM/seas/Fmap_10days/2008_JFM_ic0.5_dt0.0025_DT0.0100/12_Fmap_matrix.npy

real	0m27.126s
user	0m0.012s
sys	0m0.014s
52
92
Generating /cluster/projects/nn8008k/lluisa/NextSIM/seas/Fmap_10days/2008_JFM_ic0.5_dt0.0025_DT0.0100/13_Fmap_matrix.npy

real	0m27.055s
user	0m0.009s
sys	0m0.019s
56
96
Generating /cluster/projects/nn8008k/lluisa/NextSIM/seas/Fmap_10days/2008_JFM_ic0.5_dt0.0025_DT0.0100/14_Fmap_matrix.npy

real	0m27.125s
user	0m0.018s
sys	0m0.009s
60
100
Generating /cluster/projects/nn8008k/lluisa/NextSIM/seas/Fmap_10days/2008_JFM_ic0.5_dt0.0025_DT0.0100/15_Fmap_matrix.npy

real	0m27.024s
user	0m0.015s
sys	0m0.012s
64
104
Generating /cluster/projects/nn8008k/lluisa/NextSIM/seas/Fmap_10days/2008_JFM_ic0.5_dt0.0025_DT0.0100/16_Fmap_matrix.npy

real	0m26.955s
user	0m0.016s
sys	0m0.011s
68
108
Generating /cluster/projects/nn8008k/lluisa/NextSIM/seas/Fmap_10days/2008_JFM_ic0.5_dt0.0025_DT0.0100/17_Fmap_matrix.npy

real	0m26.779s
user	0m0.014s
sys	0m0.014s
72
112
Generating /cluster/projects/nn8008k/lluisa/NextSIM/seas/Fmap_10days/2008_JFM_ic0.5_dt0.0025_DT0.0100/18_Fmap_matrix.npy

real	0m27.423s
user	0m0.011s
sys	0m0.016s
76
116
Generating /cluster/projects/nn8008k/lluisa/NextSIM/seas/Fmap_10days/2008_JFM_ic0.5_dt0.0025_DT0.0100/19_Fmap_matrix.npy

real	0m26.783s
user	0m0.015s
sys	0m0.012s
80
120
Generating /cluster/projects/nn8008k/lluisa/NextSIM/seas/Fmap_10days/2008_JFM_ic0.5_dt0.0025_DT0.0100/20_Fmap_matrix.npy

real	0m27.701s
user	0m0.009s
sys	0m0.018s
84
124
Generating /cluster/projects/nn8008k/lluisa/NextSIM/seas/Fmap_10days/2008_JFM_ic0.5_dt0.0025_DT0.0100/21_Fmap_matrix.npy

real	0m26.852s
user	0m0.016s
sys	0m0.010s
88
128
Generating /cluster/projects/nn8008k/lluisa/NextSIM/seas/Fmap_10days/2008_JFM_ic0.5_dt0.0025_DT0.0100/22_Fmap_matrix.npy

real	0m27.075s
user	0m0.014s
sys	0m0.013s
92
132
Generating /cluster/projects/nn8008k/lluisa/NextSIM/seas/Fmap_10days/2008_JFM_ic0.5_dt0.0025_DT0.0100/23_Fmap_matrix.npy

real	0m27.070s
user	0m0.013s
sys	0m0.014s
96
136
Generating /cluster/projects/nn8008k/lluisa/NextSIM/seas/Fmap_10days/2008_JFM_ic0.5_dt0.0025_DT0.0100/24_Fmap_matrix.npy

real	0m26.990s
user	0m0.014s
sys	0m0.012s
100
140
Generating /cluster/projects/nn8008k/lluisa/NextSIM/seas/Fmap_10days/2008_JFM_ic0.5_dt0.0025_DT0.0100/25_Fmap_matrix.npy

real	0m27.288s
user	0m0.014s
sys	0m0.013s
104
144
Generating /cluster/projects/nn8008k/lluisa/NextSIM/seas/Fmap_10days/2008_JFM_ic0.5_dt0.0025_DT0.0100/26_Fmap_matrix.npy

real	0m27.303s
user	0m0.013s
sys	0m0.015s
108
148
Generating /cluster/projects/nn8008k/lluisa/NextSIM/seas/Fmap_10days/2008_JFM_ic0.5_dt0.0025_DT0.0100/27_Fmap_matrix.npy

real	0m26.927s
user	0m0.016s
sys	0m0.012s
112
152
Generating /cluster/projects/nn8008k/lluisa/NextSIM/seas/Fmap_10days/2008_JFM_ic0.5_dt0.0025_DT0.0100/28_Fmap_matrix.npy

real	0m27.769s
user	0m0.012s
sys	0m0.015s
116
156
Generating /cluster/projects/nn8008k/lluisa/NextSIM/seas/Fmap_10days/2008_JFM_ic0.5_dt0.0025_DT0.0100/29_Fmap_matrix.npy

real	0m27.213s
user	0m0.015s
sys	0m0.011s
120
160
Generating /cluster/projects/nn8008k/lluisa/NextSIM/seas/Fmap_10days/2008_JFM_ic0.5_dt0.0025_DT0.0100/30_Fmap_matrix.npy

real	0m27.270s
user	0m0.013s
sys	0m0.014s
124
164
Generating /cluster/projects/nn8008k/lluisa/NextSIM/seas/Fmap_10days/2008_JFM_ic0.5_dt0.0025_DT0.0100/31_Fmap_matrix.npy

real	0m27.127s
user	0m0.012s
sys	0m0.015s
128
168
Generating /cluster/projects/nn8008k/lluisa/NextSIM/seas/Fmap_10days/2008_JFM_ic0.5_dt0.0025_DT0.0100/32_Fmap_matrix.npy

real	0m27.298s
user	0m0.014s
sys	0m0.013s
132
172
Generating /cluster/projects/nn8008k/lluisa/NextSIM/seas/Fmap_10days/2008_JFM_ic0.5_dt0.0025_DT0.0100/33_Fmap_matrix.npy

real	0m27.241s
user	0m0.013s
sys	0m0.013s
136
176
Generating /cluster/projects/nn8008k/lluisa/NextSIM/seas/Fmap_10days/2008_JFM_ic0.5_dt0.0025_DT0.0100/34_Fmap_matrix.npy

real	0m27.190s
user	0m0.012s
sys	0m0.014s
140
180
Generating /cluster/projects/nn8008k/lluisa/NextSIM/seas/Fmap_10days/2008_JFM_ic0.5_dt0.0025_DT0.0100/35_Fmap_matrix.npy

real	0m27.265s
user	0m0.018s
sys	0m0.011s
144
184
Generating /cluster/projects/nn8008k/lluisa/NextSIM/seas/Fmap_10days/2008_JFM_ic0.5_dt0.0025_DT0.0100/36_Fmap_matrix.npy

real	0m27.334s
user	0m0.015s
sys	0m0.012s
148
188
Generating /cluster/projects/nn8008k/lluisa/NextSIM/seas/Fmap_10days/2008_JFM_ic0.5_dt0.0025_DT0.0100/37_Fmap_matrix.npy

real	0m27.191s
user	0m0.014s
sys	0m0.014s
152
192
Generating /cluster/projects/nn8008k/lluisa/NextSIM/seas/Fmap_10days/2008_JFM_ic0.5_dt0.0025_DT0.0100/38_Fmap_matrix.npy

real	0m27.052s
user	0m0.012s
sys	0m0.015s
156
196
Generating /cluster/projects/nn8008k/lluisa/NextSIM/seas/Fmap_10days/2008_JFM_ic0.5_dt0.0025_DT0.0100/39_Fmap_matrix.npy

real	0m27.138s
user	0m0.014s
sys	0m0.013s
160
200
Generating /cluster/projects/nn8008k/lluisa/NextSIM/seas/Fmap_10days/2008_JFM_ic0.5_dt0.0025_DT0.0100/40_Fmap_matrix.npy

real	0m27.646s
user	0m0.015s
sys	0m0.012s
164
204
Generating /cluster/projects/nn8008k/lluisa/NextSIM/seas/Fmap_10days/2008_JFM_ic0.5_dt0.0025_DT0.0100/41_Fmap_matrix.npy

real	0m27.178s
user	0m0.011s
sys	0m0.016s
168
208
Generating /cluster/projects/nn8008k/lluisa/NextSIM/seas/Fmap_10days/2008_JFM_ic0.5_dt0.0025_DT0.0100/42_Fmap_matrix.npy

real	0m27.290s
user	0m0.017s
sys	0m0.011s
172
212
Generating /cluster/projects/nn8008k/lluisa/NextSIM/seas/Fmap_10days/2008_JFM_ic0.5_dt0.0025_DT0.0100/43_Fmap_matrix.npy

real	0m27.430s
user	0m0.016s
sys	0m0.011s
176
216
Generating /cluster/projects/nn8008k/lluisa/NextSIM/seas/Fmap_10days/2008_JFM_ic0.5_dt0.0025_DT0.0100/44_Fmap_matrix.npy

real	0m27.282s
user	0m0.013s
sys	0m0.015s
180
220
Generating /cluster/projects/nn8008k/lluisa/NextSIM/seas/Fmap_10days/2008_JFM_ic0.5_dt0.0025_DT0.0100/45_Fmap_matrix.npy

real	0m27.311s
user	0m0.013s
sys	0m0.015s
184
224
Generating /cluster/projects/nn8008k/lluisa/NextSIM/seas/Fmap_10days/2008_JFM_ic0.5_dt0.0025_DT0.0100/46_Fmap_matrix.npy

real	0m27.156s
user	0m0.013s
sys	0m0.014s
188
228
Generating /cluster/projects/nn8008k/lluisa/NextSIM/seas/Fmap_10days/2008_JFM_ic0.5_dt0.0025_DT0.0100/47_Fmap_matrix.npy

real	0m27.219s
user	0m0.012s
sys	0m0.016s
192
232
Generating /cluster/projects/nn8008k/lluisa/NextSIM/seas/Fmap_10days/2008_JFM_ic0.5_dt0.0025_DT0.0100/48_Fmap_matrix.npy

real	0m27.462s
user	0m0.017s
sys	0m0.010s
196
236
Generating /cluster/projects/nn8008k/lluisa/NextSIM/seas/Fmap_10days/2008_JFM_ic0.5_dt0.0025_DT0.0100/49_Fmap_matrix.npy

real	0m27.359s
user	0m0.013s
sys	0m0.014s
200
240
Generating /cluster/projects/nn8008k/lluisa/NextSIM/seas/Fmap_10days/2008_JFM_ic0.5_dt0.0025_DT0.0100/50_Fmap_matrix.npy

real	0m27.314s
user	0m0.015s
sys	0m0.012s
204
244
Generating /cluster/projects/nn8008k/lluisa/NextSIM/seas/Fmap_10days/2008_JFM_ic0.5_dt0.0025_DT0.0100/51_Fmap_matrix.npy

real	0m26.887s
user	0m0.012s
sys	0m0.015s
208
248
Generating /cluster/projects/nn8008k/lluisa/NextSIM/seas/Fmap_10days/2008_JFM_ic0.5_dt0.0025_DT0.0100/52_Fmap_matrix.npy

real	0m27.747s
user	0m0.015s
sys	0m0.013s
212
252
Generating /cluster/projects/nn8008k/lluisa/NextSIM/seas/Fmap_10days/2008_JFM_ic0.5_dt0.0025_DT0.0100/53_Fmap_matrix.npy

real	0m27.240s
user	0m0.012s
sys	0m0.015s
216
256
Generating /cluster/projects/nn8008k/lluisa/NextSIM/seas/Fmap_10days/2008_JFM_ic0.5_dt0.0025_DT0.0100/54_Fmap_matrix.npy

real	0m27.600s
user	0m0.012s
sys	0m0.016s
220
260
Generating /cluster/projects/nn8008k/lluisa/NextSIM/seas/Fmap_10days/2008_JFM_ic0.5_dt0.0025_DT0.0100/55_Fmap_matrix.npy

real	0m26.944s
user	0m0.012s
sys	0m0.015s
224
264
Generating /cluster/projects/nn8008k/lluisa/NextSIM/seas/Fmap_10days/2008_JFM_ic0.5_dt0.0025_DT0.0100/56_Fmap_matrix.npy

real	0m27.321s
user	0m0.015s
sys	0m0.014s
228
268
Generating /cluster/projects/nn8008k/lluisa/NextSIM/seas/Fmap_10days/2008_JFM_ic0.5_dt0.0025_DT0.0100/57_Fmap_matrix.npy

real	0m27.494s
user	0m0.014s
sys	0m0.013s
232
272
Generating /cluster/projects/nn8008k/lluisa/NextSIM/seas/Fmap_10days/2008_JFM_ic0.5_dt0.0025_DT0.0100/58_Fmap_matrix.npy

real	0m27.645s
user	0m0.015s
sys	0m0.012s
236
276
Generating /cluster/projects/nn8008k/lluisa/NextSIM/seas/Fmap_10days/2008_JFM_ic0.5_dt0.0025_DT0.0100/59_Fmap_matrix.npy

real	0m27.442s
user	0m0.014s
sys	0m0.014s
240
280
Generating /cluster/projects/nn8008k/lluisa/NextSIM/seas/Fmap_10days/2008_JFM_ic0.5_dt0.0025_DT0.0100/60_Fmap_matrix.npy

real	0m27.744s
user	0m0.013s
sys	0m0.014s
244
284
Generating /cluster/projects/nn8008k/lluisa/NextSIM/seas/Fmap_10days/2008_JFM_ic0.5_dt0.0025_DT0.0100/61_Fmap_matrix.npy

real	0m27.386s
user	0m0.016s
sys	0m0.011s
248
288
Generating /cluster/projects/nn8008k/lluisa/NextSIM/seas/Fmap_10days/2008_JFM_ic0.5_dt0.0025_DT0.0100/62_Fmap_matrix.npy

real	0m27.147s
user	0m0.015s
sys	0m0.013s
252
292
Generating /cluster/projects/nn8008k/lluisa/NextSIM/seas/Fmap_10days/2008_JFM_ic0.5_dt0.0025_DT0.0100/63_Fmap_matrix.npy

real	0m27.546s
user	0m0.014s
sys	0m0.013s
256
296
Generating /cluster/projects/nn8008k/lluisa/NextSIM/seas/Fmap_10days/2008_JFM_ic0.5_dt0.0025_DT0.0100/64_Fmap_matrix.npy

real	0m27.248s
user	0m0.014s
sys	0m0.013s
260
300
Generating /cluster/projects/nn8008k/lluisa/NextSIM/seas/Fmap_10days/2008_JFM_ic0.5_dt0.0025_DT0.0100/65_Fmap_matrix.npy

real	0m27.750s
user	0m0.012s
sys	0m0.015s
264
304
Generating /cluster/projects/nn8008k/lluisa/NextSIM/seas/Fmap_10days/2008_JFM_ic0.5_dt0.0025_DT0.0100/66_Fmap_matrix.npy

real	0m27.495s
user	0m0.016s
sys	0m0.012s
268
308
Generating /cluster/projects/nn8008k/lluisa/NextSIM/seas/Fmap_10days/2008_JFM_ic0.5_dt0.0025_DT0.0100/67_Fmap_matrix.npy

real	0m27.612s
user	0m0.011s
sys	0m0.016s
272
312
Generating /cluster/projects/nn8008k/lluisa/NextSIM/seas/Fmap_10days/2008_JFM_ic0.5_dt0.0025_DT0.0100/68_Fmap_matrix.npy

real	0m27.604s
user	0m0.012s
sys	0m0.015s
276
316
Generating /cluster/projects/nn8008k/lluisa/NextSIM/seas/Fmap_10days/2008_JFM_ic0.5_dt0.0025_DT0.0100/69_Fmap_matrix.npy

real	0m27.564s
user	0m0.012s
sys	0m0.015s
280
320
Generating /cluster/projects/nn8008k/lluisa/NextSIM/seas/Fmap_10days/2008_JFM_ic0.5_dt0.0025_DT0.0100/70_Fmap_matrix.npy

real	0m30.061s
user	0m0.016s
sys	0m0.011s
284
324
Generating /cluster/projects/nn8008k/lluisa/NextSIM/seas/Fmap_10days/2008_JFM_ic0.5_dt0.0025_DT0.0100/71_Fmap_matrix.npy

real	0m27.531s
user	0m0.014s
sys	0m0.013s
288
328
Generating /cluster/projects/nn8008k/lluisa/NextSIM/seas/Fmap_10days/2008_JFM_ic0.5_dt0.0025_DT0.0100/72_Fmap_matrix.npy

real	0m27.595s
user	0m0.016s
sys	0m0.011s
292
332
Generating /cluster/projects/nn8008k/lluisa/NextSIM/seas/Fmap_10days/2008_JFM_ic0.5_dt0.0025_DT0.0100/73_Fmap_matrix.npy

real	0m27.248s
user	0m0.012s
sys	0m0.015s
296
336
Generating /cluster/projects/nn8008k/lluisa/NextSIM/seas/Fmap_10days/2008_JFM_ic0.5_dt0.0025_DT0.0100/74_Fmap_matrix.npy

real	0m27.646s
user	0m0.013s
sys	0m0.015s
300
340
Generating /cluster/projects/nn8008k/lluisa/NextSIM/seas/Fmap_10days/2008_JFM_ic0.5_dt0.0025_DT0.0100/75_Fmap_matrix.npy

real	0m27.443s
user	0m0.012s
sys	0m0.015s
304
344
Generating /cluster/projects/nn8008k/lluisa/NextSIM/seas/Fmap_10days/2008_JFM_ic0.5_dt0.0025_DT0.0100/76_Fmap_matrix.npy

real	0m27.565s
user	0m0.016s
sys	0m0.011s
308
348
Generating /cluster/projects/nn8008k/lluisa/NextSIM/seas/Fmap_10days/2008_JFM_ic0.5_dt0.0025_DT0.0100/77_Fmap_matrix.npy

real	0m27.719s
user	0m0.012s
sys	0m0.015s
312
352
Generating /cluster/projects/nn8008k/lluisa/NextSIM/seas/Fmap_10days/2008_JFM_ic0.5_dt0.0025_DT0.0100/78_Fmap_matrix.npy

real	0m27.521s
user	0m0.010s
sys	0m0.018s
316
356
Generating /cluster/projects/nn8008k/lluisa/NextSIM/seas/Fmap_10days/2008_JFM_ic0.5_dt0.0025_DT0.0100/79_Fmap_matrix.npy

real	0m27.529s
user	0m0.013s
sys	0m0.014s
320
360
Generating /cluster/projects/nn8008k/lluisa/NextSIM/seas/Fmap_10days/2008_JFM_ic0.5_dt0.0025_DT0.0100/80_Fmap_matrix.npy

real	0m27.540s
user	0m0.014s
sys	0m0.013s
EBVERSIONNUMACTL=2.0.16
SLURM_JOB_NUM_NODES=1
EBROOTNUMACTL=/cluster/software/numactl/2.0.16-GCCcore-13.2.0
EBDEVELNUMACTL=/cluster/software/numactl/2.0.16-GCCcore-13.2.0/easybuild/numactl-2.0.16-GCCcore-13.2.0-easybuild-devel
OMP_NUM_THREADS=32

Job 6228816 consumed 19.8 billing hours from project nn8008k.

Submitted 2025-05-03T00:03:21; waited 20.0 seconds in the queue after becoming eligible to run.

Requested wallclock time: 3.0 days
Elapsed wallclock time:   37.0 minutes

Job exited normally.

Task and CPU statistics:
ID              CPUs  Tasks  CPU util                Start   Elapsed  Exit status
6228816           32            0.0 %  2025-05-03T00:03:41  2223.0 s  0
6228816.batch     32      1     0.0 %  2025-05-03T00:03:41  2223.0 s  0
6228816.python    32      1    21.7 %  2025-05-03T00:03:47    35.0 s  0
6228816.python    32      1    27.7 %  2025-05-03T00:04:22    27.0 s  0
6228816.python    32      1    28.8 %  2025-05-03T00:04:49    26.0 s  0
6228816.python    32      1    28.8 %  2025-05-03T00:05:16    26.0 s  0
6228816.python    32      1    27.6 %  2025-05-03T00:05:42    27.0 s  0
6228816.python    32      1    27.5 %  2025-05-03T00:06:09    27.0 s  0
6228816.python    32      1    27.7 %  2025-05-03T00:06:36    27.0 s  0
6228816.python    32      1    27.6 %  2025-05-03T00:07:03    27.0 s  0
6228816.python    32      1    28.7 %  2025-05-03T00:07:30    26.0 s  0
6228816.python    32      1    27.4 %  2025-05-03T00:07:56    27.0 s  0
6228816.python    32      1    27.5 %  2025-05-03T00:08:23    27.0 s  0
6228816.python    32      1    28.6 %  2025-05-03T00:08:50    26.0 s  0
6228816.python    32      1    27.7 %  2025-05-03T00:09:16    27.0 s  0
6228816.python    32      1    27.7 %  2025-05-03T00:09:43    27.0 s  0
6228816.python    32      1    26.7 %  2025-05-03T00:10:10    28.0 s  0
6228816.python    32      1    28.0 %  2025-05-03T00:10:38    27.0 s  0
6228816.python    32      1    27.6 %  2025-05-03T00:11:05    27.0 s  0
6228816.python    32      1    28.8 %  2025-05-03T00:11:32    26.0 s  0
6228816.python    32      1    26.8 %  2025-05-03T00:11:58    28.0 s  0
6228816.python    32      1    28.0 %  2025-05-03T00:12:26    27.0 s  0
6228816.python    32      1    28.1 %  2025-05-03T00:12:53    27.0 s  0
6228816.python    32      1    28.0 %  2025-05-03T00:13:20    27.0 s  0
6228816.python    32      1    28.0 %  2025-05-03T00:13:47    27.0 s  0
6228816.python    32      1    27.9 %  2025-05-03T00:14:14    27.0 s  0
6228816.python    32      1    27.9 %  2025-05-03T00:14:41    27.0 s  0
6228816.python    32      1    26.8 %  2025-05-03T00:15:08    28.0 s  0
6228816.python    32      1    28.1 %  2025-05-03T00:15:36    27.0 s  0
6228816.python    32      1    28.1 %  2025-05-03T00:16:03    27.0 s  0
6228816.python    32      1    27.4 %  2025-05-03T00:16:30    28.0 s  0
6228816.python    32      1    28.0 %  2025-05-03T00:16:58    27.0 s  0
6228816.python    32      1    28.1 %  2025-05-03T00:17:25    27.0 s  0
6228816.python    32      1    28.0 %  2025-05-03T00:17:52    27.0 s  0
6228816.python    32      1    28.4 %  2025-05-03T00:18:19    27.0 s  0
6228816.python    32      1    27.2 %  2025-05-03T00:18:46    28.0 s  0
6228816.python    32      1    28.2 %  2025-05-03T00:19:14    27.0 s  0
6228816.python    32      1    28.3 %  2025-05-03T00:19:41    27.0 s  0
6228816.python    32      1    28.1 %  2025-05-03T00:20:08    27.0 s  0
6228816.python    32      1    27.2 %  2025-05-03T00:20:35    28.0 s  0
6228816.python    32      1    28.2 %  2025-05-03T00:21:03    27.0 s  0
6228816.python    32      1    28.2 %  2025-05-03T00:21:30    27.0 s  0
6228816.python    32      1    28.4 %  2025-05-03T00:21:57    27.0 s  0
6228816.python    32      1    28.4 %  2025-05-03T00:22:25    27.0 s  0
6228816.python    32      1    28.2 %  2025-05-03T00:22:52    27.0 s  0
6228816.python    32      1    28.2 %  2025-05-03T00:23:19    27.0 s  0
6228816.python    32      1    27.1 %  2025-05-03T00:23:46    28.0 s  0
6228816.python    32      1    28.3 %  2025-05-03T00:24:14    27.0 s  0
6228816.python    32      1    28.2 %  2025-05-03T00:24:41    27.0 s  0
6228816.python    32      1    28.3 %  2025-05-03T00:25:08    27.0 s  0
6228816.python    32      1    27.4 %  2025-05-03T00:25:35    28.0 s  0
6228816.python    32      1    28.4 %  2025-05-03T00:26:03    27.0 s  0
6228816.python    32      1    27.6 %  2025-05-03T00:26:30    28.0 s  0
6228816.python    32      1    29.4 %  2025-05-03T00:26:58    26.0 s  0
6228816.python    32      1    27.8 %  2025-05-03T00:27:24    28.0 s  0
6228816.python    32      1    28.5 %  2025-05-03T00:27:52    27.0 s  0
6228816.python    32      1    27.5 %  2025-05-03T00:28:19    28.0 s  0
6228816.python    32      1    28.6 %  2025-05-03T00:28:47    27.0 s  0
6228816.python    32      1    28.5 %  2025-05-03T00:29:14    27.0 s  0
6228816.python    32      1    27.6 %  2025-05-03T00:29:41    28.0 s  0
6228816.python    32      1    28.8 %  2025-05-03T00:30:09    27.0 s  0
6228816.python    32      1    27.6 %  2025-05-03T00:30:36    28.0 s  0
6228816.python    32      1    27.7 %  2025-05-03T00:31:04    28.0 s  0
6228816.python    32      1    28.7 %  2025-05-03T00:31:32    27.0 s  0
6228816.python    32      1    28.8 %  2025-05-03T00:31:59    27.0 s  0
6228816.python    32      1    27.9 %  2025-05-03T00:32:26    28.0 s  0
6228816.python    32      1    28.7 %  2025-05-03T00:32:54    27.0 s  0
6228816.python    32      1    27.8 %  2025-05-03T00:33:21    28.0 s  0
6228816.python    32      1    28.8 %  2025-05-03T00:33:49    27.0 s  0
6228816.python    32      1    27.8 %  2025-05-03T00:34:16    28.0 s  0
6228816.python    32      1    29.1 %  2025-05-03T00:34:44    27.0 s  0
6228816.python    32      1    27.8 %  2025-05-03T00:35:11    28.0 s  0
6228816.python    32      1    26.5 %  2025-05-03T00:35:39    30.0 s  0
6228816.python    32      1    27.7 %  2025-05-03T00:36:09    28.0 s  0
6228816.python    32      1    28.8 %  2025-05-03T00:36:37    27.0 s  0
6228816.python    32      1    28.7 %  2025-05-03T00:37:04    27.0 s  0
6228816.python    32      1    27.6 %  2025-05-03T00:37:31    28.0 s  0
6228816.python    32      1    28.7 %  2025-05-03T00:37:59    27.0 s  0
6228816.python    32      1    28.7 %  2025-05-03T00:38:27    27.0 s  0
6228816.python    32      1    27.8 %  2025-05-03T00:38:54    28.0 s  0
6228816.python    32      1    28.6 %  2025-05-03T00:39:22    27.0 s  0
6228816.python    32      1    27.7 %  2025-05-03T00:39:49    28.0 s  0
6228816.python    32      1    28.7 %  2025-05-03T00:40:17    27.0 s  0

Used CPU time:   5.5 CPU hours
Unused CPU time: 14.3 CPU hours

Memory statistics, in GiB:
ID               Alloc   Usage
6228816           59.0        
6228816.batch     59.0     0.0
6228816.python    59.0     6.9
6228816.python    59.0     0.1
6228816.python    59.0     0.1
6228816.python    59.0     0.1
6228816.python    59.0     0.1
6228816.python    59.0     0.1
6228816.python    59.0     0.1
6228816.python    59.0     0.1
6228816.python    59.0     0.1
6228816.python    59.0     0.1
6228816.python    59.0     0.1
6228816.python    59.0     0.1
6228816.python    59.0     0.1
6228816.python    59.0     0.1
6228816.python    59.0     0.1
6228816.python    59.0     0.1
6228816.python    59.0     0.1
6228816.python    59.0     0.1
6228816.python    59.0     0.1
6228816.python    59.0     0.1
6228816.python    59.0     0.1
6228816.python    59.0     0.1
6228816.python    59.0     0.1
6228816.python    59.0     0.1
6228816.python    59.0     0.1
6228816.python    59.0     0.1
6228816.python    59.0     0.1
6228816.python    59.0     0.1
6228816.python    59.0     0.1
6228816.python    59.0     0.1
6228816.python    59.0     0.1
6228816.python    59.0     0.1
6228816.python    59.0     0.1
6228816.python    59.0     0.1
6228816.python    59.0     0.1
6228816.python    59.0     0.1
6228816.python    59.0     0.1
6228816.python    59.0     0.1
6228816.python    59.0     0.1
6228816.python    59.0     0.1
6228816.python    59.0     0.1
6228816.python    59.0     0.1
6228816.python    59.0     0.1
6228816.python    59.0     0.1
6228816.python    59.0     0.1
6228816.python    59.0     0.1
6228816.python    59.0     0.1
6228816.python    59.0     0.1
6228816.python    59.0     0.1
6228816.python    59.0     0.1
6228816.python    59.0     0.1
6228816.python    59.0     0.1
6228816.python    59.0     0.1
6228816.python    59.0     0.1
6228816.python    59.0     0.1
6228816.python    59.0     0.1
6228816.python    59.0     0.1
6228816.python    59.0     0.1
6228816.python    59.0     0.1
6228816.python    59.0     0.1
6228816.python    59.0     0.1
6228816.python    59.0     0.1
6228816.python    59.0     0.1
6228816.python    59.0     0.1
6228816.python    59.0     0.1
6228816.python    59.0     0.1
6228816.python    59.0     0.1
6228816.python    59.0     0.1
6228816.python    59.0     0.1
6228816.python    59.0     0.1
6228816.python    59.0     0.1
6228816.python    59.0     0.1
6228816.python    59.0     0.1
6228816.python    59.0     0.1
6228816.python    59.0     0.1
6228816.python    59.0     0.1
6228816.python    59.0     0.1
6228816.python    59.0     0.1
6228816.python    59.0     0.2
6228816.python    59.0     0.1
6228816.python    59.0     0.1

Job 6228816 completed at Sat May 3 00:40:45 CEST 2025
