Starting job 6228825 on c30-5 on fram at Sat May 3 00:03:44 CEST 2025


Currently Loaded Modules:
  1) StdEnv (S)

  Where:
   S:  Module is Sticky, requires --force to unload or purge

 


The following have been reloaded with a version change:
  1) GCCcore/13.3.0 => GCCcore/13.2.0
  2) OpenSSL/3 => OpenSSL/1.1
  3) Python/3.12.3-GCCcore-13.3.0 => Python/3.11.5-GCCcore-13.2.0
  4) SQLite/3.45.3-GCCcore-13.3.0 => SQLite/3.43.1-GCCcore-13.2.0
  5) Tcl/8.6.14-GCCcore-13.3.0 => Tcl/8.6.13-GCCcore-13.2.0
  6) XZ/5.4.5-GCCcore-13.3.0 => XZ/5.4.4-GCCcore-13.2.0
  7) binutils/2.42-GCCcore-13.3.0 => binutils/2.40-GCCcore-13.2.0
  8) bzip2/1.0.8-GCCcore-13.3.0 => bzip2/1.0.8-GCCcore-13.2.0
  9) libffi/3.4.5-GCCcore-13.3.0 => libffi/3.4.4-GCCcore-13.2.0
 10) libreadline/8.2-GCCcore-13.3.0 => libreadline/8.2-GCCcore-13.2.0
 11) ncurses/6.5-GCCcore-13.3.0 => ncurses/6.4-GCCcore-13.2.0
 12) zlib/1.3.1-GCCcore-13.3.0 => zlib/1.2.13-GCCcore-13.2.0

0
40
Generating /cluster/projects/nn8008k/lluisa/NextSIM/seas/Fmap_10days/2010_JAS_ic0.5_dt0.0025_DT0.0100/0_Fmap_matrix.npy

real	0m34.016s
user	0m0.013s
sys	0m0.025s
4
44
Generating /cluster/projects/nn8008k/lluisa/NextSIM/seas/Fmap_10days/2010_JAS_ic0.5_dt0.0025_DT0.0100/1_Fmap_matrix.npy

real	0m26.427s
user	0m0.010s
sys	0m0.017s
8
48
Generating /cluster/projects/nn8008k/lluisa/NextSIM/seas/Fmap_10days/2010_JAS_ic0.5_dt0.0025_DT0.0100/2_Fmap_matrix.npy

real	0m25.994s
user	0m0.013s
sys	0m0.014s
12
52
Generating /cluster/projects/nn8008k/lluisa/NextSIM/seas/Fmap_10days/2010_JAS_ic0.5_dt0.0025_DT0.0100/3_Fmap_matrix.npy

real	0m25.721s
user	0m0.011s
sys	0m0.016s
16
56
Generating /cluster/projects/nn8008k/lluisa/NextSIM/seas/Fmap_10days/2010_JAS_ic0.5_dt0.0025_DT0.0100/4_Fmap_matrix.npy

real	0m25.782s
user	0m0.012s
sys	0m0.016s
20
60
Generating /cluster/projects/nn8008k/lluisa/NextSIM/seas/Fmap_10days/2010_JAS_ic0.5_dt0.0025_DT0.0100/5_Fmap_matrix.npy

real	0m25.961s
user	0m0.014s
sys	0m0.013s
24
64
Generating /cluster/projects/nn8008k/lluisa/NextSIM/seas/Fmap_10days/2010_JAS_ic0.5_dt0.0025_DT0.0100/6_Fmap_matrix.npy

real	0m25.527s
user	0m0.013s
sys	0m0.016s
28
68
Generating /cluster/projects/nn8008k/lluisa/NextSIM/seas/Fmap_10days/2010_JAS_ic0.5_dt0.0025_DT0.0100/7_Fmap_matrix.npy

real	0m25.753s
user	0m0.013s
sys	0m0.015s
32
72
Generating /cluster/projects/nn8008k/lluisa/NextSIM/seas/Fmap_10days/2010_JAS_ic0.5_dt0.0025_DT0.0100/8_Fmap_matrix.npy

real	0m25.596s
user	0m0.014s
sys	0m0.013s
36
76
Generating /cluster/projects/nn8008k/lluisa/NextSIM/seas/Fmap_10days/2010_JAS_ic0.5_dt0.0025_DT0.0100/9_Fmap_matrix.npy

real	0m25.504s
user	0m0.014s
sys	0m0.013s
40
80
Generating /cluster/projects/nn8008k/lluisa/NextSIM/seas/Fmap_10days/2010_JAS_ic0.5_dt0.0025_DT0.0100/10_Fmap_matrix.npy

real	0m25.329s
user	0m0.014s
sys	0m0.013s
44
84
Generating /cluster/projects/nn8008k/lluisa/NextSIM/seas/Fmap_10days/2010_JAS_ic0.5_dt0.0025_DT0.0100/11_Fmap_matrix.npy

real	0m25.430s
user	0m0.014s
sys	0m0.012s
48
88
Generating /cluster/projects/nn8008k/lluisa/NextSIM/seas/Fmap_10days/2010_JAS_ic0.5_dt0.0025_DT0.0100/12_Fmap_matrix.npy

real	0m25.635s
user	0m0.012s
sys	0m0.016s
52
92
Generating /cluster/projects/nn8008k/lluisa/NextSIM/seas/Fmap_10days/2010_JAS_ic0.5_dt0.0025_DT0.0100/13_Fmap_matrix.npy

real	0m25.693s
user	0m0.015s
sys	0m0.012s
56
96
Generating /cluster/projects/nn8008k/lluisa/NextSIM/seas/Fmap_10days/2010_JAS_ic0.5_dt0.0025_DT0.0100/14_Fmap_matrix.npy

real	0m25.629s
user	0m0.012s
sys	0m0.016s
60
100
Generating /cluster/projects/nn8008k/lluisa/NextSIM/seas/Fmap_10days/2010_JAS_ic0.5_dt0.0025_DT0.0100/15_Fmap_matrix.npy

real	0m25.469s
user	0m0.013s
sys	0m0.015s
64
104
Generating /cluster/projects/nn8008k/lluisa/NextSIM/seas/Fmap_10days/2010_JAS_ic0.5_dt0.0025_DT0.0100/16_Fmap_matrix.npy

real	0m26.434s
user	0m0.013s
sys	0m0.014s
68
108
Generating /cluster/projects/nn8008k/lluisa/NextSIM/seas/Fmap_10days/2010_JAS_ic0.5_dt0.0025_DT0.0100/17_Fmap_matrix.npy

real	0m25.471s
user	0m0.015s
sys	0m0.012s
72
112
Generating /cluster/projects/nn8008k/lluisa/NextSIM/seas/Fmap_10days/2010_JAS_ic0.5_dt0.0025_DT0.0100/18_Fmap_matrix.npy

real	0m25.827s
user	0m0.016s
sys	0m0.011s
76
116
Generating /cluster/projects/nn8008k/lluisa/NextSIM/seas/Fmap_10days/2010_JAS_ic0.5_dt0.0025_DT0.0100/19_Fmap_matrix.npy

real	0m24.887s
user	0m0.013s
sys	0m0.015s
80
120
Generating /cluster/projects/nn8008k/lluisa/NextSIM/seas/Fmap_10days/2010_JAS_ic0.5_dt0.0025_DT0.0100/20_Fmap_matrix.npy

real	0m24.745s
user	0m0.015s
sys	0m0.012s
84
124
Generating /cluster/projects/nn8008k/lluisa/NextSIM/seas/Fmap_10days/2010_JAS_ic0.5_dt0.0025_DT0.0100/21_Fmap_matrix.npy

real	0m25.412s
user	0m0.015s
sys	0m0.012s
88
128
Generating /cluster/projects/nn8008k/lluisa/NextSIM/seas/Fmap_10days/2010_JAS_ic0.5_dt0.0025_DT0.0100/22_Fmap_matrix.npy

real	0m25.172s
user	0m0.016s
sys	0m0.012s
92
132
Generating /cluster/projects/nn8008k/lluisa/NextSIM/seas/Fmap_10days/2010_JAS_ic0.5_dt0.0025_DT0.0100/23_Fmap_matrix.npy

real	0m25.006s
user	0m0.013s
sys	0m0.015s
96
136
Generating /cluster/projects/nn8008k/lluisa/NextSIM/seas/Fmap_10days/2010_JAS_ic0.5_dt0.0025_DT0.0100/24_Fmap_matrix.npy

real	0m24.614s
user	0m0.011s
sys	0m0.018s
100
140
Generating /cluster/projects/nn8008k/lluisa/NextSIM/seas/Fmap_10days/2010_JAS_ic0.5_dt0.0025_DT0.0100/25_Fmap_matrix.npy

real	0m24.936s
user	0m0.011s
sys	0m0.016s
104
144
Generating /cluster/projects/nn8008k/lluisa/NextSIM/seas/Fmap_10days/2010_JAS_ic0.5_dt0.0025_DT0.0100/26_Fmap_matrix.npy

real	0m24.850s
user	0m0.011s
sys	0m0.016s
108
148
Generating /cluster/projects/nn8008k/lluisa/NextSIM/seas/Fmap_10days/2010_JAS_ic0.5_dt0.0025_DT0.0100/27_Fmap_matrix.npy

real	0m25.296s
user	0m0.016s
sys	0m0.013s
112
152
Generating /cluster/projects/nn8008k/lluisa/NextSIM/seas/Fmap_10days/2010_JAS_ic0.5_dt0.0025_DT0.0100/28_Fmap_matrix.npy

real	0m25.086s
user	0m0.014s
sys	0m0.013s
116
156
Generating /cluster/projects/nn8008k/lluisa/NextSIM/seas/Fmap_10days/2010_JAS_ic0.5_dt0.0025_DT0.0100/29_Fmap_matrix.npy

real	0m24.935s
user	0m0.018s
sys	0m0.009s
120
160
Generating /cluster/projects/nn8008k/lluisa/NextSIM/seas/Fmap_10days/2010_JAS_ic0.5_dt0.0025_DT0.0100/30_Fmap_matrix.npy

real	0m24.929s
user	0m0.014s
sys	0m0.013s
124
164
Generating /cluster/projects/nn8008k/lluisa/NextSIM/seas/Fmap_10days/2010_JAS_ic0.5_dt0.0025_DT0.0100/31_Fmap_matrix.npy

real	0m24.679s
user	0m0.011s
sys	0m0.016s
128
168
Generating /cluster/projects/nn8008k/lluisa/NextSIM/seas/Fmap_10days/2010_JAS_ic0.5_dt0.0025_DT0.0100/32_Fmap_matrix.npy

real	0m24.657s
user	0m0.015s
sys	0m0.012s
132
172
Generating /cluster/projects/nn8008k/lluisa/NextSIM/seas/Fmap_10days/2010_JAS_ic0.5_dt0.0025_DT0.0100/33_Fmap_matrix.npy

real	0m24.554s
user	0m0.015s
sys	0m0.011s
136
176
Generating /cluster/projects/nn8008k/lluisa/NextSIM/seas/Fmap_10days/2010_JAS_ic0.5_dt0.0025_DT0.0100/34_Fmap_matrix.npy

real	0m24.513s
user	0m0.013s
sys	0m0.016s
140
180
Generating /cluster/projects/nn8008k/lluisa/NextSIM/seas/Fmap_10days/2010_JAS_ic0.5_dt0.0025_DT0.0100/35_Fmap_matrix.npy

real	0m24.906s
user	0m0.012s
sys	0m0.016s
144
184
Generating /cluster/projects/nn8008k/lluisa/NextSIM/seas/Fmap_10days/2010_JAS_ic0.5_dt0.0025_DT0.0100/36_Fmap_matrix.npy

real	0m24.504s
user	0m0.018s
sys	0m0.009s
148
188
Generating /cluster/projects/nn8008k/lluisa/NextSIM/seas/Fmap_10days/2010_JAS_ic0.5_dt0.0025_DT0.0100/37_Fmap_matrix.npy

real	0m24.563s
user	0m0.017s
sys	0m0.011s
152
192
Generating /cluster/projects/nn8008k/lluisa/NextSIM/seas/Fmap_10days/2010_JAS_ic0.5_dt0.0025_DT0.0100/38_Fmap_matrix.npy

real	0m24.247s
user	0m0.013s
sys	0m0.014s
156
196
Generating /cluster/projects/nn8008k/lluisa/NextSIM/seas/Fmap_10days/2010_JAS_ic0.5_dt0.0025_DT0.0100/39_Fmap_matrix.npy

real	0m24.524s
user	0m0.012s
sys	0m0.015s
160
200
Generating /cluster/projects/nn8008k/lluisa/NextSIM/seas/Fmap_10days/2010_JAS_ic0.5_dt0.0025_DT0.0100/40_Fmap_matrix.npy

real	0m24.749s
user	0m0.011s
sys	0m0.015s
164
204
Generating /cluster/projects/nn8008k/lluisa/NextSIM/seas/Fmap_10days/2010_JAS_ic0.5_dt0.0025_DT0.0100/41_Fmap_matrix.npy

real	0m24.629s
user	0m0.014s
sys	0m0.014s
168
208
Generating /cluster/projects/nn8008k/lluisa/NextSIM/seas/Fmap_10days/2010_JAS_ic0.5_dt0.0025_DT0.0100/42_Fmap_matrix.npy

real	0m24.633s
user	0m0.013s
sys	0m0.014s
172
212
Generating /cluster/projects/nn8008k/lluisa/NextSIM/seas/Fmap_10days/2010_JAS_ic0.5_dt0.0025_DT0.0100/43_Fmap_matrix.npy

real	0m24.199s
user	0m0.012s
sys	0m0.015s
176
216
Generating /cluster/projects/nn8008k/lluisa/NextSIM/seas/Fmap_10days/2010_JAS_ic0.5_dt0.0025_DT0.0100/44_Fmap_matrix.npy

real	0m24.535s
user	0m0.009s
sys	0m0.017s
180
220
Generating /cluster/projects/nn8008k/lluisa/NextSIM/seas/Fmap_10days/2010_JAS_ic0.5_dt0.0025_DT0.0100/45_Fmap_matrix.npy

real	0m24.488s
user	0m0.014s
sys	0m0.013s
184
224
Generating /cluster/projects/nn8008k/lluisa/NextSIM/seas/Fmap_10days/2010_JAS_ic0.5_dt0.0025_DT0.0100/46_Fmap_matrix.npy

real	0m24.608s
user	0m0.013s
sys	0m0.014s
188
228
Generating /cluster/projects/nn8008k/lluisa/NextSIM/seas/Fmap_10days/2010_JAS_ic0.5_dt0.0025_DT0.0100/47_Fmap_matrix.npy

real	0m24.550s
user	0m0.017s
sys	0m0.011s
192
232
Generating /cluster/projects/nn8008k/lluisa/NextSIM/seas/Fmap_10days/2010_JAS_ic0.5_dt0.0025_DT0.0100/48_Fmap_matrix.npy

real	0m24.065s
user	0m0.014s
sys	0m0.013s
196
236
Generating /cluster/projects/nn8008k/lluisa/NextSIM/seas/Fmap_10days/2010_JAS_ic0.5_dt0.0025_DT0.0100/49_Fmap_matrix.npy

real	0m24.320s
user	0m0.015s
sys	0m0.012s
200
240
Generating /cluster/projects/nn8008k/lluisa/NextSIM/seas/Fmap_10days/2010_JAS_ic0.5_dt0.0025_DT0.0100/50_Fmap_matrix.npy

real	0m24.190s
user	0m0.020s
sys	0m0.007s
204
244
Generating /cluster/projects/nn8008k/lluisa/NextSIM/seas/Fmap_10days/2010_JAS_ic0.5_dt0.0025_DT0.0100/51_Fmap_matrix.npy

real	0m24.372s
user	0m0.014s
sys	0m0.013s
208
248
Generating /cluster/projects/nn8008k/lluisa/NextSIM/seas/Fmap_10days/2010_JAS_ic0.5_dt0.0025_DT0.0100/52_Fmap_matrix.npy

real	0m23.636s
user	0m0.010s
sys	0m0.017s
212
252
Generating /cluster/projects/nn8008k/lluisa/NextSIM/seas/Fmap_10days/2010_JAS_ic0.5_dt0.0025_DT0.0100/53_Fmap_matrix.npy

real	0m23.854s
user	0m0.015s
sys	0m0.013s
216
256
Generating /cluster/projects/nn8008k/lluisa/NextSIM/seas/Fmap_10days/2010_JAS_ic0.5_dt0.0025_DT0.0100/54_Fmap_matrix.npy

real	0m24.006s
user	0m0.015s
sys	0m0.013s
220
260
Generating /cluster/projects/nn8008k/lluisa/NextSIM/seas/Fmap_10days/2010_JAS_ic0.5_dt0.0025_DT0.0100/55_Fmap_matrix.npy

real	0m23.775s
user	0m0.016s
sys	0m0.012s
224
264
Generating /cluster/projects/nn8008k/lluisa/NextSIM/seas/Fmap_10days/2010_JAS_ic0.5_dt0.0025_DT0.0100/56_Fmap_matrix.npy

real	0m23.882s
user	0m0.012s
sys	0m0.015s
228
268
Generating /cluster/projects/nn8008k/lluisa/NextSIM/seas/Fmap_10days/2010_JAS_ic0.5_dt0.0025_DT0.0100/57_Fmap_matrix.npy

real	0m23.798s
user	0m0.014s
sys	0m0.013s
232
272
Generating /cluster/projects/nn8008k/lluisa/NextSIM/seas/Fmap_10days/2010_JAS_ic0.5_dt0.0025_DT0.0100/58_Fmap_matrix.npy

real	0m23.984s
user	0m0.014s
sys	0m0.013s
236
276
Generating /cluster/projects/nn8008k/lluisa/NextSIM/seas/Fmap_10days/2010_JAS_ic0.5_dt0.0025_DT0.0100/59_Fmap_matrix.npy

real	0m23.619s
user	0m0.013s
sys	0m0.014s
240
280
Generating /cluster/projects/nn8008k/lluisa/NextSIM/seas/Fmap_10days/2010_JAS_ic0.5_dt0.0025_DT0.0100/60_Fmap_matrix.npy

real	0m24.001s
user	0m0.011s
sys	0m0.015s
244
284
Generating /cluster/projects/nn8008k/lluisa/NextSIM/seas/Fmap_10days/2010_JAS_ic0.5_dt0.0025_DT0.0100/61_Fmap_matrix.npy

real	0m24.049s
user	0m0.012s
sys	0m0.016s
248
288
Generating /cluster/projects/nn8008k/lluisa/NextSIM/seas/Fmap_10days/2010_JAS_ic0.5_dt0.0025_DT0.0100/62_Fmap_matrix.npy

real	0m24.040s
user	0m0.010s
sys	0m0.017s
252
292
Generating /cluster/projects/nn8008k/lluisa/NextSIM/seas/Fmap_10days/2010_JAS_ic0.5_dt0.0025_DT0.0100/63_Fmap_matrix.npy

real	0m24.153s
user	0m0.014s
sys	0m0.012s
256
296
Generating /cluster/projects/nn8008k/lluisa/NextSIM/seas/Fmap_10days/2010_JAS_ic0.5_dt0.0025_DT0.0100/64_Fmap_matrix.npy

real	0m23.498s
user	0m0.016s
sys	0m0.011s
260
300
Generating /cluster/projects/nn8008k/lluisa/NextSIM/seas/Fmap_10days/2010_JAS_ic0.5_dt0.0025_DT0.0100/65_Fmap_matrix.npy

real	0m23.602s
user	0m0.011s
sys	0m0.016s
264
304
Generating /cluster/projects/nn8008k/lluisa/NextSIM/seas/Fmap_10days/2010_JAS_ic0.5_dt0.0025_DT0.0100/66_Fmap_matrix.npy

real	0m23.736s
user	0m0.013s
sys	0m0.014s
268
308
Generating /cluster/projects/nn8008k/lluisa/NextSIM/seas/Fmap_10days/2010_JAS_ic0.5_dt0.0025_DT0.0100/67_Fmap_matrix.npy

real	0m23.801s
user	0m0.014s
sys	0m0.013s
272
312
Generating /cluster/projects/nn8008k/lluisa/NextSIM/seas/Fmap_10days/2010_JAS_ic0.5_dt0.0025_DT0.0100/68_Fmap_matrix.npy

real	0m23.581s
user	0m0.013s
sys	0m0.014s
276
316
Generating /cluster/projects/nn8008k/lluisa/NextSIM/seas/Fmap_10days/2010_JAS_ic0.5_dt0.0025_DT0.0100/69_Fmap_matrix.npy

real	0m23.613s
user	0m0.011s
sys	0m0.016s
280
320
Generating /cluster/projects/nn8008k/lluisa/NextSIM/seas/Fmap_10days/2010_JAS_ic0.5_dt0.0025_DT0.0100/70_Fmap_matrix.npy

real	0m23.846s
user	0m0.015s
sys	0m0.012s
284
324
Generating /cluster/projects/nn8008k/lluisa/NextSIM/seas/Fmap_10days/2010_JAS_ic0.5_dt0.0025_DT0.0100/71_Fmap_matrix.npy

real	0m24.383s
user	0m0.012s
sys	0m0.015s
288
328
Generating /cluster/projects/nn8008k/lluisa/NextSIM/seas/Fmap_10days/2010_JAS_ic0.5_dt0.0025_DT0.0100/72_Fmap_matrix.npy

real	0m23.335s
user	0m0.014s
sys	0m0.014s
292
332
Generating /cluster/projects/nn8008k/lluisa/NextSIM/seas/Fmap_10days/2010_JAS_ic0.5_dt0.0025_DT0.0100/73_Fmap_matrix.npy

real	0m23.858s
user	0m0.011s
sys	0m0.015s
296
336
Generating /cluster/projects/nn8008k/lluisa/NextSIM/seas/Fmap_10days/2010_JAS_ic0.5_dt0.0025_DT0.0100/74_Fmap_matrix.npy

real	0m23.516s
user	0m0.011s
sys	0m0.016s
300
340
Generating /cluster/projects/nn8008k/lluisa/NextSIM/seas/Fmap_10days/2010_JAS_ic0.5_dt0.0025_DT0.0100/75_Fmap_matrix.npy

real	0m23.499s
user	0m0.010s
sys	0m0.017s
304
344
Generating /cluster/projects/nn8008k/lluisa/NextSIM/seas/Fmap_10days/2010_JAS_ic0.5_dt0.0025_DT0.0100/76_Fmap_matrix.npy

real	0m23.327s
user	0m0.011s
sys	0m0.015s
308
348
Generating /cluster/projects/nn8008k/lluisa/NextSIM/seas/Fmap_10days/2010_JAS_ic0.5_dt0.0025_DT0.0100/77_Fmap_matrix.npy

real	0m23.351s
user	0m0.016s
sys	0m0.012s
312
352
Generating /cluster/projects/nn8008k/lluisa/NextSIM/seas/Fmap_10days/2010_JAS_ic0.5_dt0.0025_DT0.0100/78_Fmap_matrix.npy

real	0m23.316s
user	0m0.015s
sys	0m0.012s
316
356
Generating /cluster/projects/nn8008k/lluisa/NextSIM/seas/Fmap_10days/2010_JAS_ic0.5_dt0.0025_DT0.0100/79_Fmap_matrix.npy

real	0m23.570s
user	0m0.015s
sys	0m0.012s
320
360
Generating /cluster/projects/nn8008k/lluisa/NextSIM/seas/Fmap_10days/2010_JAS_ic0.5_dt0.0025_DT0.0100/80_Fmap_matrix.npy

real	0m23.357s
user	0m0.012s
sys	0m0.015s
EBVERSIONNUMACTL=2.0.16
SLURM_JOB_NUM_NODES=1
EBROOTNUMACTL=/cluster/software/numactl/2.0.16-GCCcore-13.2.0
EBDEVELNUMACTL=/cluster/software/numactl/2.0.16-GCCcore-13.2.0/easybuild/numactl-2.0.16-GCCcore-13.2.0-easybuild-devel
OMP_NUM_THREADS=32

Job 6228825 consumed 17.8 billing hours from project nn8008k.

Submitted 2025-05-03T00:03:21; waited 20.0 seconds in the queue after becoming eligible to run.

Requested wallclock time: 3.0 days
Elapsed wallclock time:   33.4 minutes

Job exited normally.

Task and CPU statistics:
ID              CPUs  Tasks  CPU util                Start   Elapsed  Exit status
6228825           32            0.0 %  2025-05-03T00:03:41  2005.0 s  0
6228825.batch     32      1     0.0 %  2025-05-03T00:03:41  2005.0 s  0
6228825.python    32      1    20.5 %  2025-05-03T00:03:47    34.0 s  0
6228825.python    32      1    26.3 %  2025-05-03T00:04:21    26.0 s  0
6228825.python    32      1    26.0 %  2025-05-03T00:04:47    26.0 s  0
6228825.python    32      1    25.7 %  2025-05-03T00:05:13    26.0 s  0
6228825.python    32      1    25.7 %  2025-05-03T00:05:39    26.0 s  0
6228825.python    32      1    25.7 %  2025-05-03T00:06:05    26.0 s  0
6228825.python    32      1    26.3 %  2025-05-03T00:06:31    25.0 s  0
6228825.python    32      1    25.5 %  2025-05-03T00:06:56    26.0 s  0
6228825.python    32      1    26.5 %  2025-05-03T00:07:22    25.0 s  0
6228825.python    32      1    25.4 %  2025-05-03T00:07:47    26.0 s  0
6228825.python    32      1    26.3 %  2025-05-03T00:08:13    25.0 s  0
6228825.python    32      1    25.2 %  2025-05-03T00:08:38    26.0 s  0
6228825.python    32      1    26.5 %  2025-05-03T00:09:04    25.0 s  0
6228825.python    32      1    24.8 %  2025-05-03T00:09:29    26.0 s  0
6228825.python    32      1    25.2 %  2025-05-03T00:09:55    26.0 s  0
6228825.python    32      1    26.0 %  2025-05-03T00:10:21    25.0 s  0
6228825.python    32      1    24.2 %  2025-05-03T00:10:46    27.0 s  0
6228825.python    32      1    25.8 %  2025-05-03T00:11:13    25.0 s  0
6228825.python    32      1    24.7 %  2025-05-03T00:11:38    26.0 s  0
6228825.python    32      1    25.3 %  2025-05-03T00:12:04    25.0 s  0
6228825.python    32      1    25.2 %  2025-05-03T00:12:29    25.0 s  0
6228825.python    32      1    25.2 %  2025-05-03T00:12:54    25.0 s  0
6228825.python    32      1    25.2 %  2025-05-03T00:13:19    25.0 s  0
6228825.python    32      1    25.0 %  2025-05-03T00:13:44    25.0 s  0
6228825.python    32      1    24.9 %  2025-05-03T00:14:09    25.0 s  0
6228825.python    32      1    25.0 %  2025-05-03T00:14:34    25.0 s  0
6228825.python    32      1    24.6 %  2025-05-03T00:14:59    25.0 s  0
6228825.python    32      1    24.6 %  2025-05-03T00:15:24    25.0 s  0
6228825.python    32      1    24.6 %  2025-05-03T00:15:49    25.0 s  0
6228825.python    32      1    24.4 %  2025-05-03T00:16:14    25.0 s  0
6228825.python    32      1    24.4 %  2025-05-03T00:16:39    25.0 s  0
6228825.python    32      1    25.2 %  2025-05-03T00:17:04    24.0 s  0
6228825.python    32      1    24.0 %  2025-05-03T00:17:28    25.0 s  0
6228825.python    32      1    23.9 %  2025-05-03T00:17:53    25.0 s  0
6228825.python    32      1    25.0 %  2025-05-03T00:18:18    24.0 s  0
6228825.python    32      1    24.0 %  2025-05-03T00:18:42    25.0 s  0
6228825.python    32      1    23.7 %  2025-05-03T00:19:07    25.0 s  0
6228825.python    32      1    24.7 %  2025-05-03T00:19:32    24.0 s  0
6228825.python    32      1    24.7 %  2025-05-03T00:19:56    24.0 s  0
6228825.python    32      1    23.7 %  2025-05-03T00:20:20    25.0 s  0
6228825.python    32      1    23.5 %  2025-05-03T00:20:45    25.0 s  0
6228825.python    32      1    24.4 %  2025-05-03T00:21:10    24.0 s  0
6228825.python    32      1    23.2 %  2025-05-03T00:21:34    25.0 s  0
6228825.python    32      1    24.0 %  2025-05-03T00:21:59    24.0 s  0
6228825.python    32      1    23.1 %  2025-05-03T00:22:23    25.0 s  0
6228825.python    32      1    24.1 %  2025-05-03T00:22:48    24.0 s  0
6228825.python    32      1    23.1 %  2025-05-03T00:23:12    25.0 s  0
6228825.python    32      1    23.8 %  2025-05-03T00:23:37    24.0 s  0
6228825.python    32      1    23.6 %  2025-05-03T00:24:01    24.0 s  0
6228825.python    32      1    22.7 %  2025-05-03T00:24:25    25.0 s  0
6228825.python    32      1    23.4 %  2025-05-03T00:24:50    24.0 s  0
6228825.python    32      1    23.4 %  2025-05-03T00:25:14    24.0 s  0
6228825.python    32      1    23.0 %  2025-05-03T00:25:38    24.0 s  0
6228825.python    32      1    22.8 %  2025-05-03T00:26:02    24.0 s  0
6228825.python    32      1    23.0 %  2025-05-03T00:26:26    24.0 s  0
6228825.python    32      1    22.7 %  2025-05-03T00:26:50    24.0 s  0
6228825.python    32      1    23.7 %  2025-05-03T00:27:14    23.0 s  0
6228825.python    32      1    22.7 %  2025-05-03T00:27:37    24.0 s  0
6228825.python    32      1    22.6 %  2025-05-03T00:28:01    24.0 s  0
6228825.python    32      1    22.3 %  2025-05-03T00:28:25    24.0 s  0
6228825.python    32      1    22.4 %  2025-05-03T00:28:49    24.0 s  0
6228825.python    32      1    22.4 %  2025-05-03T00:29:13    24.0 s  0
6228825.python    32      1    22.6 %  2025-05-03T00:29:37    24.0 s  0
6228825.python    32      1    22.6 %  2025-05-03T00:30:01    24.0 s  0
6228825.python    32      1    22.3 %  2025-05-03T00:30:25    24.0 s  0
6228825.python    32      1    23.2 %  2025-05-03T00:30:49    23.0 s  0
6228825.python    32      1    22.1 %  2025-05-03T00:31:12    24.0 s  0
6228825.python    32      1    22.0 %  2025-05-03T00:31:36    24.0 s  0
6228825.python    32      1    23.0 %  2025-05-03T00:32:00    23.0 s  0
6228825.python    32      1    22.1 %  2025-05-03T00:32:23    24.0 s  0
6228825.python    32      1    22.0 %  2025-05-03T00:32:47    24.0 s  0
6228825.python    32      1    22.2 %  2025-05-03T00:33:11    24.0 s  0
6228825.python    32      1    23.0 %  2025-05-03T00:33:35    23.0 s  0
6228825.python    32      1    22.9 %  2025-05-03T00:33:59    23.0 s  0
6228825.python    32      1    22.2 %  2025-05-03T00:34:22    24.0 s  0
6228825.python    32      1    23.2 %  2025-05-03T00:34:46    23.0 s  0
6228825.python    32      1    22.0 %  2025-05-03T00:35:09    24.0 s  0
6228825.python    32      1    22.7 %  2025-05-03T00:35:33    23.0 s  0
6228825.python    32      1    22.7 %  2025-05-03T00:35:56    23.0 s  0
6228825.python    32      1    22.5 %  2025-05-03T00:36:19    24.0 s  0
6228825.python    32      1    22.9 %  2025-05-03T00:36:43    23.0 s  0

Used CPU time:   4.3 CPU hours
Unused CPU time: 13.6 CPU hours

Memory statistics, in GiB:
ID               Alloc   Usage
6228825           59.0        
6228825.batch     59.0     0.0
6228825.python    59.0     6.9
6228825.python    59.0     0.1
6228825.python    59.0     0.1
6228825.python    59.0     0.1
6228825.python    59.0     0.1
6228825.python    59.0     0.1
6228825.python    59.0     0.1
6228825.python    59.0     0.1
6228825.python    59.0     0.1
6228825.python    59.0     0.1
6228825.python    59.0     0.1
6228825.python    59.0     0.1
6228825.python    59.0     0.1
6228825.python    59.0     0.1
6228825.python    59.0     0.1
6228825.python    59.0     0.1
6228825.python    59.0     0.1
6228825.python    59.0     0.1
6228825.python    59.0     0.1
6228825.python    59.0     0.1
6228825.python    59.0     0.1
6228825.python    59.0     0.1
6228825.python    59.0     0.1
6228825.python    59.0     0.1
6228825.python    59.0     0.1
6228825.python    59.0     0.1
6228825.python    59.0     0.1
6228825.python    59.0     0.1
6228825.python    59.0     0.1
6228825.python    59.0     0.1
6228825.python    59.0     0.1
6228825.python    59.0     0.1
6228825.python    59.0     0.1
6228825.python    59.0     0.1
6228825.python    59.0     0.1
6228825.python    59.0     0.1
6228825.python    59.0     0.1
6228825.python    59.0     0.1
6228825.python    59.0     0.1
6228825.python    59.0     0.1
6228825.python    59.0     0.1
6228825.python    59.0     0.1
6228825.python    59.0     0.1
6228825.python    59.0     0.1
6228825.python    59.0     0.1
6228825.python    59.0     0.1
6228825.python    59.0     0.1
6228825.python    59.0     0.1
6228825.python    59.0     0.1
6228825.python    59.0     0.1
6228825.python    59.0     0.1
6228825.python    59.0     0.1
6228825.python    59.0     0.1
6228825.python    59.0     0.1
6228825.python    59.0     0.1
6228825.python    59.0     0.1
6228825.python    59.0     0.1
6228825.python    59.0     0.1
6228825.python    59.0     0.1
6228825.python    59.0     0.1
6228825.python    59.0     0.1
6228825.python    59.0     0.1
6228825.python    59.0     0.1
6228825.python    59.0     0.1
6228825.python    59.0     0.1
6228825.python    59.0     0.1
6228825.python    59.0     0.1
6228825.python    59.0     0.1
6228825.python    59.0     0.1
6228825.python    59.0     0.1
6228825.python    59.0     0.1
6228825.python    59.0     0.1
6228825.python    59.0     0.1
6228825.python    59.0     0.1
6228825.python    59.0     0.1
6228825.python    59.0     0.1
6228825.python    59.0     0.1
6228825.python    59.0     0.1
6228825.python    59.0     0.1
6228825.python    59.0     0.1
6228825.python    59.0     0.1

Job 6228825 completed at Sat May 3 00:37:07 CEST 2025
