Starting job 6228813 on c28-3 on fram at Sat May 3 00:03:44 CEST 2025


Currently Loaded Modules:
  1) StdEnv (S)

  Where:
   S:  Module is Sticky, requires --force to unload or purge

 


The following have been reloaded with a version change:
  1) GCCcore/13.3.0 => GCCcore/13.2.0
  2) OpenSSL/3 => OpenSSL/1.1
  3) Python/3.12.3-GCCcore-13.3.0 => Python/3.11.5-GCCcore-13.2.0
  4) SQLite/3.45.3-GCCcore-13.3.0 => SQLite/3.43.1-GCCcore-13.2.0
  5) Tcl/8.6.14-GCCcore-13.3.0 => Tcl/8.6.13-GCCcore-13.2.0
  6) XZ/5.4.5-GCCcore-13.3.0 => XZ/5.4.4-GCCcore-13.2.0
  7) binutils/2.42-GCCcore-13.3.0 => binutils/2.40-GCCcore-13.2.0
  8) bzip2/1.0.8-GCCcore-13.3.0 => bzip2/1.0.8-GCCcore-13.2.0
  9) libffi/3.4.5-GCCcore-13.3.0 => libffi/3.4.4-GCCcore-13.2.0
 10) libreadline/8.2-GCCcore-13.3.0 => libreadline/8.2-GCCcore-13.2.0
 11) ncurses/6.5-GCCcore-13.3.0 => ncurses/6.4-GCCcore-13.2.0
 12) zlib/1.3.1-GCCcore-13.3.0 => zlib/1.2.13-GCCcore-13.2.0

0
40
Generating /cluster/projects/nn8008k/lluisa/NextSIM/seas/Fmap_10days/2007_JAS_ic0.5_dt0.0025_DT0.0100/0_Fmap_matrix.npy

real	0m34.636s
user	0m0.013s
sys	0m0.025s
4
44
Generating /cluster/projects/nn8008k/lluisa/NextSIM/seas/Fmap_10days/2007_JAS_ic0.5_dt0.0025_DT0.0100/1_Fmap_matrix.npy

real	0m25.943s
user	0m0.014s
sys	0m0.014s
8
48
Generating /cluster/projects/nn8008k/lluisa/NextSIM/seas/Fmap_10days/2007_JAS_ic0.5_dt0.0025_DT0.0100/2_Fmap_matrix.npy

real	0m25.962s
user	0m0.017s
sys	0m0.012s
12
52
Generating /cluster/projects/nn8008k/lluisa/NextSIM/seas/Fmap_10days/2007_JAS_ic0.5_dt0.0025_DT0.0100/3_Fmap_matrix.npy

real	0m25.693s
user	0m0.012s
sys	0m0.015s
16
56
Generating /cluster/projects/nn8008k/lluisa/NextSIM/seas/Fmap_10days/2007_JAS_ic0.5_dt0.0025_DT0.0100/4_Fmap_matrix.npy

real	0m25.209s
user	0m0.012s
sys	0m0.016s
20
60
Generating /cluster/projects/nn8008k/lluisa/NextSIM/seas/Fmap_10days/2007_JAS_ic0.5_dt0.0025_DT0.0100/5_Fmap_matrix.npy

real	0m25.283s
user	0m0.011s
sys	0m0.017s
24
64
Generating /cluster/projects/nn8008k/lluisa/NextSIM/seas/Fmap_10days/2007_JAS_ic0.5_dt0.0025_DT0.0100/6_Fmap_matrix.npy

real	0m25.851s
user	0m0.009s
sys	0m0.018s
28
68
Generating /cluster/projects/nn8008k/lluisa/NextSIM/seas/Fmap_10days/2007_JAS_ic0.5_dt0.0025_DT0.0100/7_Fmap_matrix.npy

real	0m25.476s
user	0m0.015s
sys	0m0.013s
32
72
Generating /cluster/projects/nn8008k/lluisa/NextSIM/seas/Fmap_10days/2007_JAS_ic0.5_dt0.0025_DT0.0100/8_Fmap_matrix.npy

real	0m25.522s
user	0m0.015s
sys	0m0.012s
36
76
Generating /cluster/projects/nn8008k/lluisa/NextSIM/seas/Fmap_10days/2007_JAS_ic0.5_dt0.0025_DT0.0100/9_Fmap_matrix.npy

real	0m25.103s
user	0m0.010s
sys	0m0.017s
40
80
Generating /cluster/projects/nn8008k/lluisa/NextSIM/seas/Fmap_10days/2007_JAS_ic0.5_dt0.0025_DT0.0100/10_Fmap_matrix.npy

real	0m25.456s
user	0m0.016s
sys	0m0.011s
44
84
Generating /cluster/projects/nn8008k/lluisa/NextSIM/seas/Fmap_10days/2007_JAS_ic0.5_dt0.0025_DT0.0100/11_Fmap_matrix.npy

real	0m25.332s
user	0m0.017s
sys	0m0.010s
48
88
Generating /cluster/projects/nn8008k/lluisa/NextSIM/seas/Fmap_10days/2007_JAS_ic0.5_dt0.0025_DT0.0100/12_Fmap_matrix.npy

real	0m25.448s
user	0m0.016s
sys	0m0.011s
52
92
Generating /cluster/projects/nn8008k/lluisa/NextSIM/seas/Fmap_10days/2007_JAS_ic0.5_dt0.0025_DT0.0100/13_Fmap_matrix.npy

real	0m25.566s
user	0m0.015s
sys	0m0.013s
56
96
Generating /cluster/projects/nn8008k/lluisa/NextSIM/seas/Fmap_10days/2007_JAS_ic0.5_dt0.0025_DT0.0100/14_Fmap_matrix.npy

real	0m25.241s
user	0m0.016s
sys	0m0.012s
60
100
Generating /cluster/projects/nn8008k/lluisa/NextSIM/seas/Fmap_10days/2007_JAS_ic0.5_dt0.0025_DT0.0100/15_Fmap_matrix.npy

real	0m24.833s
user	0m0.012s
sys	0m0.015s
64
104
Generating /cluster/projects/nn8008k/lluisa/NextSIM/seas/Fmap_10days/2007_JAS_ic0.5_dt0.0025_DT0.0100/16_Fmap_matrix.npy

real	0m25.254s
user	0m0.013s
sys	0m0.014s
68
108
Generating /cluster/projects/nn8008k/lluisa/NextSIM/seas/Fmap_10days/2007_JAS_ic0.5_dt0.0025_DT0.0100/17_Fmap_matrix.npy

real	0m25.438s
user	0m0.014s
sys	0m0.013s
72
112
Generating /cluster/projects/nn8008k/lluisa/NextSIM/seas/Fmap_10days/2007_JAS_ic0.5_dt0.0025_DT0.0100/18_Fmap_matrix.npy

real	0m25.002s
user	0m0.012s
sys	0m0.015s
76
116
Generating /cluster/projects/nn8008k/lluisa/NextSIM/seas/Fmap_10days/2007_JAS_ic0.5_dt0.0025_DT0.0100/19_Fmap_matrix.npy

real	0m24.903s
user	0m0.013s
sys	0m0.014s
80
120
Generating /cluster/projects/nn8008k/lluisa/NextSIM/seas/Fmap_10days/2007_JAS_ic0.5_dt0.0025_DT0.0100/20_Fmap_matrix.npy

real	0m24.864s
user	0m0.014s
sys	0m0.013s
84
124
Generating /cluster/projects/nn8008k/lluisa/NextSIM/seas/Fmap_10days/2007_JAS_ic0.5_dt0.0025_DT0.0100/21_Fmap_matrix.npy

real	0m25.032s
user	0m0.015s
sys	0m0.012s
88
128
Generating /cluster/projects/nn8008k/lluisa/NextSIM/seas/Fmap_10days/2007_JAS_ic0.5_dt0.0025_DT0.0100/22_Fmap_matrix.npy

real	0m24.641s
user	0m0.016s
sys	0m0.012s
92
132
Generating /cluster/projects/nn8008k/lluisa/NextSIM/seas/Fmap_10days/2007_JAS_ic0.5_dt0.0025_DT0.0100/23_Fmap_matrix.npy

real	0m24.720s
user	0m0.016s
sys	0m0.010s
96
136
Generating /cluster/projects/nn8008k/lluisa/NextSIM/seas/Fmap_10days/2007_JAS_ic0.5_dt0.0025_DT0.0100/24_Fmap_matrix.npy

real	0m24.982s
user	0m0.012s
sys	0m0.016s
100
140
Generating /cluster/projects/nn8008k/lluisa/NextSIM/seas/Fmap_10days/2007_JAS_ic0.5_dt0.0025_DT0.0100/25_Fmap_matrix.npy

real	0m24.684s
user	0m0.015s
sys	0m0.012s
104
144
Generating /cluster/projects/nn8008k/lluisa/NextSIM/seas/Fmap_10days/2007_JAS_ic0.5_dt0.0025_DT0.0100/26_Fmap_matrix.npy

real	0m24.825s
user	0m0.011s
sys	0m0.016s
108
148
Generating /cluster/projects/nn8008k/lluisa/NextSIM/seas/Fmap_10days/2007_JAS_ic0.5_dt0.0025_DT0.0100/27_Fmap_matrix.npy

real	0m24.768s
user	0m0.011s
sys	0m0.017s
112
152
Generating /cluster/projects/nn8008k/lluisa/NextSIM/seas/Fmap_10days/2007_JAS_ic0.5_dt0.0025_DT0.0100/28_Fmap_matrix.npy

real	0m24.708s
user	0m0.017s
sys	0m0.010s
116
156
Generating /cluster/projects/nn8008k/lluisa/NextSIM/seas/Fmap_10days/2007_JAS_ic0.5_dt0.0025_DT0.0100/29_Fmap_matrix.npy

real	0m24.628s
user	0m0.015s
sys	0m0.011s
120
160
Generating /cluster/projects/nn8008k/lluisa/NextSIM/seas/Fmap_10days/2007_JAS_ic0.5_dt0.0025_DT0.0100/30_Fmap_matrix.npy

real	0m24.624s
user	0m0.012s
sys	0m0.015s
124
164
Generating /cluster/projects/nn8008k/lluisa/NextSIM/seas/Fmap_10days/2007_JAS_ic0.5_dt0.0025_DT0.0100/31_Fmap_matrix.npy

real	0m24.433s
user	0m0.015s
sys	0m0.012s
128
168
Generating /cluster/projects/nn8008k/lluisa/NextSIM/seas/Fmap_10days/2007_JAS_ic0.5_dt0.0025_DT0.0100/32_Fmap_matrix.npy

real	0m24.430s
user	0m0.015s
sys	0m0.012s
132
172
Generating /cluster/projects/nn8008k/lluisa/NextSIM/seas/Fmap_10days/2007_JAS_ic0.5_dt0.0025_DT0.0100/33_Fmap_matrix.npy

real	0m24.053s
user	0m0.013s
sys	0m0.014s
136
176
Generating /cluster/projects/nn8008k/lluisa/NextSIM/seas/Fmap_10days/2007_JAS_ic0.5_dt0.0025_DT0.0100/34_Fmap_matrix.npy

real	0m24.329s
user	0m0.014s
sys	0m0.014s
140
180
Generating /cluster/projects/nn8008k/lluisa/NextSIM/seas/Fmap_10days/2007_JAS_ic0.5_dt0.0025_DT0.0100/35_Fmap_matrix.npy

real	0m24.160s
user	0m0.016s
sys	0m0.010s
144
184
Generating /cluster/projects/nn8008k/lluisa/NextSIM/seas/Fmap_10days/2007_JAS_ic0.5_dt0.0025_DT0.0100/36_Fmap_matrix.npy

real	0m24.198s
user	0m0.012s
sys	0m0.014s
148
188
Generating /cluster/projects/nn8008k/lluisa/NextSIM/seas/Fmap_10days/2007_JAS_ic0.5_dt0.0025_DT0.0100/37_Fmap_matrix.npy

real	0m23.794s
user	0m0.015s
sys	0m0.012s
152
192
Generating /cluster/projects/nn8008k/lluisa/NextSIM/seas/Fmap_10days/2007_JAS_ic0.5_dt0.0025_DT0.0100/38_Fmap_matrix.npy

real	0m24.275s
user	0m0.016s
sys	0m0.011s
156
196
Generating /cluster/projects/nn8008k/lluisa/NextSIM/seas/Fmap_10days/2007_JAS_ic0.5_dt0.0025_DT0.0100/39_Fmap_matrix.npy

real	0m24.153s
user	0m0.017s
sys	0m0.010s
160
200
Generating /cluster/projects/nn8008k/lluisa/NextSIM/seas/Fmap_10days/2007_JAS_ic0.5_dt0.0025_DT0.0100/40_Fmap_matrix.npy

real	0m23.828s
user	0m0.012s
sys	0m0.015s
164
204
Generating /cluster/projects/nn8008k/lluisa/NextSIM/seas/Fmap_10days/2007_JAS_ic0.5_dt0.0025_DT0.0100/41_Fmap_matrix.npy

real	0m24.101s
user	0m0.015s
sys	0m0.012s
168
208
Generating /cluster/projects/nn8008k/lluisa/NextSIM/seas/Fmap_10days/2007_JAS_ic0.5_dt0.0025_DT0.0100/42_Fmap_matrix.npy

real	0m24.085s
user	0m0.015s
sys	0m0.012s
172
212
Generating /cluster/projects/nn8008k/lluisa/NextSIM/seas/Fmap_10days/2007_JAS_ic0.5_dt0.0025_DT0.0100/43_Fmap_matrix.npy

real	0m23.805s
user	0m0.010s
sys	0m0.017s
176
216
Generating /cluster/projects/nn8008k/lluisa/NextSIM/seas/Fmap_10days/2007_JAS_ic0.5_dt0.0025_DT0.0100/44_Fmap_matrix.npy

real	0m23.640s
user	0m0.014s
sys	0m0.013s
180
220
Generating /cluster/projects/nn8008k/lluisa/NextSIM/seas/Fmap_10days/2007_JAS_ic0.5_dt0.0025_DT0.0100/45_Fmap_matrix.npy

real	0m23.842s
user	0m0.011s
sys	0m0.015s
184
224
Generating /cluster/projects/nn8008k/lluisa/NextSIM/seas/Fmap_10days/2007_JAS_ic0.5_dt0.0025_DT0.0100/46_Fmap_matrix.npy

real	0m23.926s
user	0m0.010s
sys	0m0.016s
188
228
Generating /cluster/projects/nn8008k/lluisa/NextSIM/seas/Fmap_10days/2007_JAS_ic0.5_dt0.0025_DT0.0100/47_Fmap_matrix.npy

real	0m23.753s
user	0m0.015s
sys	0m0.011s
192
232
Generating /cluster/projects/nn8008k/lluisa/NextSIM/seas/Fmap_10days/2007_JAS_ic0.5_dt0.0025_DT0.0100/48_Fmap_matrix.npy

real	0m23.856s
user	0m0.011s
sys	0m0.014s
196
236
Generating /cluster/projects/nn8008k/lluisa/NextSIM/seas/Fmap_10days/2007_JAS_ic0.5_dt0.0025_DT0.0100/49_Fmap_matrix.npy

real	0m23.786s
user	0m0.015s
sys	0m0.012s
200
240
Generating /cluster/projects/nn8008k/lluisa/NextSIM/seas/Fmap_10days/2007_JAS_ic0.5_dt0.0025_DT0.0100/50_Fmap_matrix.npy

real	0m23.865s
user	0m0.012s
sys	0m0.015s
204
244
Generating /cluster/projects/nn8008k/lluisa/NextSIM/seas/Fmap_10days/2007_JAS_ic0.5_dt0.0025_DT0.0100/51_Fmap_matrix.npy

real	0m23.617s
user	0m0.012s
sys	0m0.016s
208
248
Generating /cluster/projects/nn8008k/lluisa/NextSIM/seas/Fmap_10days/2007_JAS_ic0.5_dt0.0025_DT0.0100/52_Fmap_matrix.npy

real	0m23.905s
user	0m0.013s
sys	0m0.014s
212
252
Generating /cluster/projects/nn8008k/lluisa/NextSIM/seas/Fmap_10days/2007_JAS_ic0.5_dt0.0025_DT0.0100/53_Fmap_matrix.npy

real	0m23.793s
user	0m0.014s
sys	0m0.014s
216
256
Generating /cluster/projects/nn8008k/lluisa/NextSIM/seas/Fmap_10days/2007_JAS_ic0.5_dt0.0025_DT0.0100/54_Fmap_matrix.npy

real	0m23.820s
user	0m0.012s
sys	0m0.014s
220
260
Generating /cluster/projects/nn8008k/lluisa/NextSIM/seas/Fmap_10days/2007_JAS_ic0.5_dt0.0025_DT0.0100/55_Fmap_matrix.npy

real	0m23.424s
user	0m0.017s
sys	0m0.011s
224
264
Generating /cluster/projects/nn8008k/lluisa/NextSIM/seas/Fmap_10days/2007_JAS_ic0.5_dt0.0025_DT0.0100/56_Fmap_matrix.npy

real	0m23.491s
user	0m0.012s
sys	0m0.015s
228
268
Generating /cluster/projects/nn8008k/lluisa/NextSIM/seas/Fmap_10days/2007_JAS_ic0.5_dt0.0025_DT0.0100/57_Fmap_matrix.npy

real	0m24.695s
user	0m0.014s
sys	0m0.014s
232
272
Generating /cluster/projects/nn8008k/lluisa/NextSIM/seas/Fmap_10days/2007_JAS_ic0.5_dt0.0025_DT0.0100/58_Fmap_matrix.npy

real	0m23.955s
user	0m0.010s
sys	0m0.016s
236
276
Generating /cluster/projects/nn8008k/lluisa/NextSIM/seas/Fmap_10days/2007_JAS_ic0.5_dt0.0025_DT0.0100/59_Fmap_matrix.npy

real	0m23.507s
user	0m0.015s
sys	0m0.013s
240
280
Generating /cluster/projects/nn8008k/lluisa/NextSIM/seas/Fmap_10days/2007_JAS_ic0.5_dt0.0025_DT0.0100/60_Fmap_matrix.npy

real	0m23.656s
user	0m0.014s
sys	0m0.014s
244
284
Generating /cluster/projects/nn8008k/lluisa/NextSIM/seas/Fmap_10days/2007_JAS_ic0.5_dt0.0025_DT0.0100/61_Fmap_matrix.npy

real	0m23.271s
user	0m0.014s
sys	0m0.013s
248
288
Generating /cluster/projects/nn8008k/lluisa/NextSIM/seas/Fmap_10days/2007_JAS_ic0.5_dt0.0025_DT0.0100/62_Fmap_matrix.npy

real	0m23.771s
user	0m0.013s
sys	0m0.013s
252
292
Generating /cluster/projects/nn8008k/lluisa/NextSIM/seas/Fmap_10days/2007_JAS_ic0.5_dt0.0025_DT0.0100/63_Fmap_matrix.npy

real	0m23.021s
user	0m0.016s
sys	0m0.011s
256
296
Generating /cluster/projects/nn8008k/lluisa/NextSIM/seas/Fmap_10days/2007_JAS_ic0.5_dt0.0025_DT0.0100/64_Fmap_matrix.npy

real	0m23.946s
user	0m0.014s
sys	0m0.015s
260
300
Generating /cluster/projects/nn8008k/lluisa/NextSIM/seas/Fmap_10days/2007_JAS_ic0.5_dt0.0025_DT0.0100/65_Fmap_matrix.npy

real	0m23.414s
user	0m0.015s
sys	0m0.012s
264
304
Generating /cluster/projects/nn8008k/lluisa/NextSIM/seas/Fmap_10days/2007_JAS_ic0.5_dt0.0025_DT0.0100/66_Fmap_matrix.npy

real	0m23.486s
user	0m0.015s
sys	0m0.012s
268
308
Generating /cluster/projects/nn8008k/lluisa/NextSIM/seas/Fmap_10days/2007_JAS_ic0.5_dt0.0025_DT0.0100/67_Fmap_matrix.npy

real	0m23.515s
user	0m0.014s
sys	0m0.011s
272
312
Generating /cluster/projects/nn8008k/lluisa/NextSIM/seas/Fmap_10days/2007_JAS_ic0.5_dt0.0025_DT0.0100/68_Fmap_matrix.npy

real	0m23.313s
user	0m0.018s
sys	0m0.008s
276
316
Generating /cluster/projects/nn8008k/lluisa/NextSIM/seas/Fmap_10days/2007_JAS_ic0.5_dt0.0025_DT0.0100/69_Fmap_matrix.npy

real	0m23.283s
user	0m0.016s
sys	0m0.011s
280
320
Generating /cluster/projects/nn8008k/lluisa/NextSIM/seas/Fmap_10days/2007_JAS_ic0.5_dt0.0025_DT0.0100/70_Fmap_matrix.npy

real	0m23.623s
user	0m0.009s
sys	0m0.018s
284
324
Generating /cluster/projects/nn8008k/lluisa/NextSIM/seas/Fmap_10days/2007_JAS_ic0.5_dt0.0025_DT0.0100/71_Fmap_matrix.npy

real	0m23.200s
user	0m0.014s
sys	0m0.013s
288
328
Generating /cluster/projects/nn8008k/lluisa/NextSIM/seas/Fmap_10days/2007_JAS_ic0.5_dt0.0025_DT0.0100/72_Fmap_matrix.npy

real	0m23.333s
user	0m0.010s
sys	0m0.017s
292
332
Generating /cluster/projects/nn8008k/lluisa/NextSIM/seas/Fmap_10days/2007_JAS_ic0.5_dt0.0025_DT0.0100/73_Fmap_matrix.npy

real	0m23.216s
user	0m0.013s
sys	0m0.014s
296
336
Generating /cluster/projects/nn8008k/lluisa/NextSIM/seas/Fmap_10days/2007_JAS_ic0.5_dt0.0025_DT0.0100/74_Fmap_matrix.npy

real	0m23.336s
user	0m0.012s
sys	0m0.015s
300
340
Generating /cluster/projects/nn8008k/lluisa/NextSIM/seas/Fmap_10days/2007_JAS_ic0.5_dt0.0025_DT0.0100/75_Fmap_matrix.npy

real	0m23.210s
user	0m0.010s
sys	0m0.017s
304
344
Generating /cluster/projects/nn8008k/lluisa/NextSIM/seas/Fmap_10days/2007_JAS_ic0.5_dt0.0025_DT0.0100/76_Fmap_matrix.npy

real	0m23.401s
user	0m0.010s
sys	0m0.017s
308
348
Generating /cluster/projects/nn8008k/lluisa/NextSIM/seas/Fmap_10days/2007_JAS_ic0.5_dt0.0025_DT0.0100/77_Fmap_matrix.npy

real	0m23.168s
user	0m0.014s
sys	0m0.014s
312
352
Generating /cluster/projects/nn8008k/lluisa/NextSIM/seas/Fmap_10days/2007_JAS_ic0.5_dt0.0025_DT0.0100/78_Fmap_matrix.npy

real	0m23.366s
user	0m0.014s
sys	0m0.013s
316
356
Generating /cluster/projects/nn8008k/lluisa/NextSIM/seas/Fmap_10days/2007_JAS_ic0.5_dt0.0025_DT0.0100/79_Fmap_matrix.npy

real	0m23.133s
user	0m0.013s
sys	0m0.015s
320
360
Generating /cluster/projects/nn8008k/lluisa/NextSIM/seas/Fmap_10days/2007_JAS_ic0.5_dt0.0025_DT0.0100/80_Fmap_matrix.npy

real	0m22.872s
user	0m0.015s
sys	0m0.012s
EBVERSIONNUMACTL=2.0.16
SLURM_JOB_NUM_NODES=1
EBROOTNUMACTL=/cluster/software/numactl/2.0.16-GCCcore-13.2.0
EBDEVELNUMACTL=/cluster/software/numactl/2.0.16-GCCcore-13.2.0/easybuild/numactl-2.0.16-GCCcore-13.2.0-easybuild-devel
OMP_NUM_THREADS=32

Job 6228813 consumed 17.6 billing hours from project nn8008k.

Submitted 2025-05-03T00:03:21; waited 20.0 seconds in the queue after becoming eligible to run.

Requested wallclock time: 3.0 days
Elapsed wallclock time:   33.0 minutes

Job exited normally.

Task and CPU statistics:
ID              CPUs  Tasks  CPU util                Start   Elapsed  Exit status
6228813           32            0.0 %  2025-05-03T00:03:41  1980.0 s  0
6228813.batch     32      1     0.0 %  2025-05-03T00:03:41  1980.0 s  0
6228813.python    32      1    19.9 %  2025-05-03T00:03:46    35.0 s  0
6228813.python    32      1    26.3 %  2025-05-03T00:04:21    26.0 s  0
6228813.python    32      1    26.2 %  2025-05-03T00:04:47    26.0 s  0
6228813.python    32      1    27.0 %  2025-05-03T00:05:13    25.0 s  0
6228813.python    32      1    26.1 %  2025-05-03T00:05:38    26.0 s  0
6228813.python    32      1    26.7 %  2025-05-03T00:06:04    25.0 s  0
6228813.python    32      1    25.5 %  2025-05-03T00:06:29    26.0 s  0
6228813.python    32      1    26.3 %  2025-05-03T00:06:55    25.0 s  0
6228813.python    32      1    25.5 %  2025-05-03T00:07:20    26.0 s  0
6228813.python    32      1    26.1 %  2025-05-03T00:07:46    25.0 s  0
6228813.python    32      1    25.8 %  2025-05-03T00:08:11    25.0 s  0
6228813.python    32      1    24.8 %  2025-05-03T00:08:36    26.0 s  0
6228813.python    32      1    25.5 %  2025-05-03T00:09:02    25.0 s  0
6228813.python    32      1    24.5 %  2025-05-03T00:09:27    26.0 s  0
6228813.python    32      1    25.4 %  2025-05-03T00:09:53    25.0 s  0
6228813.python    32      1    25.0 %  2025-05-03T00:10:18    25.0 s  0
6228813.python    32      1    25.3 %  2025-05-03T00:10:43    25.0 s  0
6228813.python    32      1    24.9 %  2025-05-03T00:11:08    25.0 s  0
6228813.python    32      1    24.7 %  2025-05-03T00:11:33    25.0 s  0
6228813.python    32      1    24.7 %  2025-05-03T00:11:58    25.0 s  0
6228813.python    32      1    24.5 %  2025-05-03T00:12:23    25.0 s  0
6228813.python    32      1    24.5 %  2025-05-03T00:12:48    25.0 s  0
6228813.python    32      1    24.2 %  2025-05-03T00:13:13    25.0 s  0
6228813.python    32      1    24.0 %  2025-05-03T00:13:38    25.0 s  0
6228813.python    32      1    24.9 %  2025-05-03T00:14:03    24.0 s  0
6228813.python    32      1    24.8 %  2025-05-03T00:14:28    24.0 s  0
6228813.python    32      1    23.5 %  2025-05-03T00:14:52    25.0 s  0
6228813.python    32      1    23.7 %  2025-05-03T00:15:17    25.0 s  0
6228813.python    32      1    24.7 %  2025-05-03T00:15:42    24.0 s  0
6228813.python    32      1    24.3 %  2025-05-03T00:16:07    24.0 s  0
6228813.python    32      1    23.3 %  2025-05-03T00:16:31    25.0 s  0
6228813.python    32      1    24.2 %  2025-05-03T00:16:56    24.0 s  0
6228813.python    32      1    23.0 %  2025-05-03T00:17:20    25.0 s  0
6228813.python    32      1    23.8 %  2025-05-03T00:17:45    24.0 s  0
6228813.python    32      1    23.7 %  2025-05-03T00:18:09    24.0 s  0
6228813.python    32      1    23.6 %  2025-05-03T00:18:33    24.0 s  0
6228813.python    32      1    23.6 %  2025-05-03T00:18:57    24.0 s  0
6228813.python    32      1    23.1 %  2025-05-03T00:19:21    24.0 s  0
6228813.python    32      1    23.2 %  2025-05-03T00:19:45    24.0 s  0
6228813.python    32      1    22.4 %  2025-05-03T00:20:09    25.0 s  0
6228813.python    32      1    23.9 %  2025-05-03T00:20:34    23.0 s  0
6228813.python    32      1    22.7 %  2025-05-03T00:20:57    24.0 s  0
6228813.python    32      1    22.5 %  2025-05-03T00:21:22    24.0 s  0
6228813.python    32      1    23.8 %  2025-05-03T00:21:46    23.0 s  0
6228813.python    32      1    22.5 %  2025-05-03T00:22:09    24.0 s  0
6228813.python    32      1    22.6 %  2025-05-03T00:22:33    24.0 s  0
6228813.python    32      1    22.4 %  2025-05-03T00:22:57    24.0 s  0
6228813.python    32      1    22.6 %  2025-05-03T00:23:21    24.0 s  0
6228813.python    32      1    23.4 %  2025-05-03T00:23:45    23.0 s  0
6228813.python    32      1    22.4 %  2025-05-03T00:24:08    24.0 s  0
6228813.python    32      1    22.4 %  2025-05-03T00:24:32    24.0 s  0
6228813.python    32      1    22.4 %  2025-05-03T00:24:56    24.0 s  0
6228813.python    32      1    22.3 %  2025-05-03T00:25:20    24.0 s  0
6228813.python    32      1    23.2 %  2025-05-03T00:25:44    23.0 s  0
6228813.python    32      1    22.2 %  2025-05-03T00:26:07    24.0 s  0
6228813.python    32      1    22.4 %  2025-05-03T00:26:31    24.0 s  0
6228813.python    32      1    23.0 %  2025-05-03T00:26:55    23.0 s  0
6228813.python    32      1    21.1 %  2025-05-03T00:27:18    25.0 s  0
6228813.python    32      1    21.7 %  2025-05-03T00:27:43    24.0 s  0
6228813.python    32      1    22.8 %  2025-05-03T00:28:07    23.0 s  0
6228813.python    32      1    21.7 %  2025-05-03T00:28:30    24.0 s  0
6228813.python    32      1    22.5 %  2025-05-03T00:28:54    23.0 s  0
6228813.python    32      1    21.7 %  2025-05-03T00:29:17    24.0 s  0
6228813.python    32      1    22.4 %  2025-05-03T00:29:41    23.0 s  0
6228813.python    32      1    21.6 %  2025-05-03T00:30:04    24.0 s  0
6228813.python    32      1    22.3 %  2025-05-03T00:30:28    23.0 s  0
6228813.python    32      1    21.6 %  2025-05-03T00:30:51    24.0 s  0
6228813.python    32      1    22.7 %  2025-05-03T00:31:15    23.0 s  0
6228813.python    32      1    21.2 %  2025-05-03T00:31:38    24.0 s  0
6228813.python    32      1    22.2 %  2025-05-03T00:32:02    23.0 s  0
6228813.python    32      1    21.1 %  2025-05-03T00:32:25    24.0 s  0
6228813.python    32      1    21.8 %  2025-05-03T00:32:49    23.0 s  0
6228813.python    32      1    22.0 %  2025-05-03T00:33:12    23.0 s  0
6228813.python    32      1    21.8 %  2025-05-03T00:33:35    23.0 s  0
6228813.python    32      1    20.9 %  2025-05-03T00:33:58    24.0 s  0
6228813.python    32      1    21.7 %  2025-05-03T00:34:22    23.0 s  0
6228813.python    32      1    22.3 %  2025-05-03T00:34:45    23.0 s  0
6228813.python    32      1    21.7 %  2025-05-03T00:35:08    23.0 s  0
6228813.python    32      1    21.0 %  2025-05-03T00:35:31    24.0 s  0
6228813.python    32      1    21.7 %  2025-05-03T00:35:55    23.0 s  0
6228813.python    32      1    21.6 %  2025-05-03T00:36:18    23.0 s  0

Used CPU time:   4.1 CPU hours
Unused CPU time: 13.5 CPU hours

Memory statistics, in GiB:
ID               Alloc   Usage
6228813           59.0        
6228813.batch     59.0     0.0
6228813.python    59.0     6.9
6228813.python    59.0     0.1
6228813.python    59.0     0.1
6228813.python    59.0     0.1
6228813.python    59.0     0.1
6228813.python    59.0     0.1
6228813.python    59.0     0.1
6228813.python    59.0     0.1
6228813.python    59.0     0.1
6228813.python    59.0     0.1
6228813.python    59.0     0.1
6228813.python    59.0     0.1
6228813.python    59.0     0.1
6228813.python    59.0     0.1
6228813.python    59.0     0.1
6228813.python    59.0     0.1
6228813.python    59.0     0.1
6228813.python    59.0     0.1
6228813.python    59.0     0.1
6228813.python    59.0     0.1
6228813.python    59.0     0.1
6228813.python    59.0     0.1
6228813.python    59.0     0.1
6228813.python    59.0     0.1
6228813.python    59.0     0.1
6228813.python    59.0     0.1
6228813.python    59.0     0.1
6228813.python    59.0     0.1
6228813.python    59.0     0.1
6228813.python    59.0     0.1
6228813.python    59.0     0.1
6228813.python    59.0     0.1
6228813.python    59.0     0.1
6228813.python    59.0     0.1
6228813.python    59.0     0.1
6228813.python    59.0     0.1
6228813.python    59.0     0.1
6228813.python    59.0     0.1
6228813.python    59.0     0.1
6228813.python    59.0     0.1
6228813.python    59.0     0.1
6228813.python    59.0     0.1
6228813.python    59.0     0.1
6228813.python    59.0     0.1
6228813.python    59.0     0.1
6228813.python    59.0     0.1
6228813.python    59.0     0.1
6228813.python    59.0     0.1
6228813.python    59.0     0.1
6228813.python    59.0     0.1
6228813.python    59.0     0.1
6228813.python    59.0     0.1
6228813.python    59.0     0.1
6228813.python    59.0     0.1
6228813.python    59.0     0.1
6228813.python    59.0     0.1
6228813.python    59.0     0.1
6228813.python    59.0     0.1
6228813.python    59.0     0.1
6228813.python    59.0     0.1
6228813.python    59.0     0.1
6228813.python    59.0     0.1
6228813.python    59.0     0.1
6228813.python    59.0     0.1
6228813.python    59.0     0.1
6228813.python    59.0     0.1
6228813.python    59.0     0.1
6228813.python    59.0     0.1
6228813.python    59.0     0.1
6228813.python    59.0     0.1
6228813.python    59.0     0.1
6228813.python    59.0     0.1
6228813.python    59.0     0.1
6228813.python    59.0     0.1
6228813.python    59.0     0.1
6228813.python    59.0     0.1
6228813.python    59.0     0.1
6228813.python    59.0     0.1
6228813.python    59.0     0.1
6228813.python    59.0     0.1
6228813.python    59.0     0.1

Job 6228813 completed at Sat May 3 00:36:41 CEST 2025
