Starting job 6228809 on c27-9 on fram at Sat May 3 00:03:44 CEST 2025


Currently Loaded Modules:
  1) StdEnv (S)

  Where:
   S:  Module is Sticky, requires --force to unload or purge

 


The following have been reloaded with a version change:
  1) GCCcore/13.3.0 => GCCcore/13.2.0
  2) OpenSSL/3 => OpenSSL/1.1
  3) Python/3.12.3-GCCcore-13.3.0 => Python/3.11.5-GCCcore-13.2.0
  4) SQLite/3.45.3-GCCcore-13.3.0 => SQLite/3.43.1-GCCcore-13.2.0
  5) Tcl/8.6.14-GCCcore-13.3.0 => Tcl/8.6.13-GCCcore-13.2.0
  6) XZ/5.4.5-GCCcore-13.3.0 => XZ/5.4.4-GCCcore-13.2.0
  7) binutils/2.42-GCCcore-13.3.0 => binutils/2.40-GCCcore-13.2.0
  8) bzip2/1.0.8-GCCcore-13.3.0 => bzip2/1.0.8-GCCcore-13.2.0
  9) libffi/3.4.5-GCCcore-13.3.0 => libffi/3.4.4-GCCcore-13.2.0
 10) libreadline/8.2-GCCcore-13.3.0 => libreadline/8.2-GCCcore-13.2.0
 11) ncurses/6.5-GCCcore-13.3.0 => ncurses/6.4-GCCcore-13.2.0
 12) zlib/1.3.1-GCCcore-13.3.0 => zlib/1.2.13-GCCcore-13.2.0

0
40
Generating /cluster/projects/nn8008k/lluisa/NextSIM/seas/Fmap_10days/2006_JAS_ic0.5_dt0.0025_DT0.0100/0_Fmap_matrix.npy

real	0m34.269s
user	0m0.011s
sys	0m0.028s
4
44
Generating /cluster/projects/nn8008k/lluisa/NextSIM/seas/Fmap_10days/2006_JAS_ic0.5_dt0.0025_DT0.0100/1_Fmap_matrix.npy

real	0m25.873s
user	0m0.014s
sys	0m0.014s
8
48
Generating /cluster/projects/nn8008k/lluisa/NextSIM/seas/Fmap_10days/2006_JAS_ic0.5_dt0.0025_DT0.0100/2_Fmap_matrix.npy

real	0m26.413s
user	0m0.013s
sys	0m0.015s
12
52
Generating /cluster/projects/nn8008k/lluisa/NextSIM/seas/Fmap_10days/2006_JAS_ic0.5_dt0.0025_DT0.0100/3_Fmap_matrix.npy

real	0m26.230s
user	0m0.010s
sys	0m0.018s
16
56
Generating /cluster/projects/nn8008k/lluisa/NextSIM/seas/Fmap_10days/2006_JAS_ic0.5_dt0.0025_DT0.0100/4_Fmap_matrix.npy

real	0m26.263s
user	0m0.013s
sys	0m0.015s
20
60
Generating /cluster/projects/nn8008k/lluisa/NextSIM/seas/Fmap_10days/2006_JAS_ic0.5_dt0.0025_DT0.0100/5_Fmap_matrix.npy

real	0m25.591s
user	0m0.011s
sys	0m0.016s
24
64
Generating /cluster/projects/nn8008k/lluisa/NextSIM/seas/Fmap_10days/2006_JAS_ic0.5_dt0.0025_DT0.0100/6_Fmap_matrix.npy

real	0m25.444s
user	0m0.015s
sys	0m0.013s
28
68
Generating /cluster/projects/nn8008k/lluisa/NextSIM/seas/Fmap_10days/2006_JAS_ic0.5_dt0.0025_DT0.0100/7_Fmap_matrix.npy

real	0m25.728s
user	0m0.013s
sys	0m0.016s
32
72
Generating /cluster/projects/nn8008k/lluisa/NextSIM/seas/Fmap_10days/2006_JAS_ic0.5_dt0.0025_DT0.0100/8_Fmap_matrix.npy

real	0m25.422s
user	0m0.016s
sys	0m0.011s
36
76
Generating /cluster/projects/nn8008k/lluisa/NextSIM/seas/Fmap_10days/2006_JAS_ic0.5_dt0.0025_DT0.0100/9_Fmap_matrix.npy

real	0m25.791s
user	0m0.013s
sys	0m0.015s
40
80
Generating /cluster/projects/nn8008k/lluisa/NextSIM/seas/Fmap_10days/2006_JAS_ic0.5_dt0.0025_DT0.0100/10_Fmap_matrix.npy

real	0m25.017s
user	0m0.012s
sys	0m0.014s
44
84
Generating /cluster/projects/nn8008k/lluisa/NextSIM/seas/Fmap_10days/2006_JAS_ic0.5_dt0.0025_DT0.0100/11_Fmap_matrix.npy

real	0m24.944s
user	0m0.011s
sys	0m0.018s
48
88
Generating /cluster/projects/nn8008k/lluisa/NextSIM/seas/Fmap_10days/2006_JAS_ic0.5_dt0.0025_DT0.0100/12_Fmap_matrix.npy

real	0m24.805s
user	0m0.012s
sys	0m0.016s
52
92
Generating /cluster/projects/nn8008k/lluisa/NextSIM/seas/Fmap_10days/2006_JAS_ic0.5_dt0.0025_DT0.0100/13_Fmap_matrix.npy

real	0m24.956s
user	0m0.017s
sys	0m0.011s
56
96
Generating /cluster/projects/nn8008k/lluisa/NextSIM/seas/Fmap_10days/2006_JAS_ic0.5_dt0.0025_DT0.0100/14_Fmap_matrix.npy

real	0m24.707s
user	0m0.014s
sys	0m0.014s
60
100
Generating /cluster/projects/nn8008k/lluisa/NextSIM/seas/Fmap_10days/2006_JAS_ic0.5_dt0.0025_DT0.0100/15_Fmap_matrix.npy

real	0m24.967s
user	0m0.012s
sys	0m0.016s
64
104
Generating /cluster/projects/nn8008k/lluisa/NextSIM/seas/Fmap_10days/2006_JAS_ic0.5_dt0.0025_DT0.0100/16_Fmap_matrix.npy

real	0m24.993s
user	0m0.014s
sys	0m0.013s
68
108
Generating /cluster/projects/nn8008k/lluisa/NextSIM/seas/Fmap_10days/2006_JAS_ic0.5_dt0.0025_DT0.0100/17_Fmap_matrix.npy

real	0m25.005s
user	0m0.012s
sys	0m0.015s
72
112
Generating /cluster/projects/nn8008k/lluisa/NextSIM/seas/Fmap_10days/2006_JAS_ic0.5_dt0.0025_DT0.0100/18_Fmap_matrix.npy

real	0m24.858s
user	0m0.010s
sys	0m0.018s
76
116
Generating /cluster/projects/nn8008k/lluisa/NextSIM/seas/Fmap_10days/2006_JAS_ic0.5_dt0.0025_DT0.0100/19_Fmap_matrix.npy

real	0m25.415s
user	0m0.011s
sys	0m0.016s
80
120
Generating /cluster/projects/nn8008k/lluisa/NextSIM/seas/Fmap_10days/2006_JAS_ic0.5_dt0.0025_DT0.0100/20_Fmap_matrix.npy

real	0m24.832s
user	0m0.013s
sys	0m0.014s
84
124
Generating /cluster/projects/nn8008k/lluisa/NextSIM/seas/Fmap_10days/2006_JAS_ic0.5_dt0.0025_DT0.0100/21_Fmap_matrix.npy

real	0m24.839s
user	0m0.015s
sys	0m0.012s
88
128
Generating /cluster/projects/nn8008k/lluisa/NextSIM/seas/Fmap_10days/2006_JAS_ic0.5_dt0.0025_DT0.0100/22_Fmap_matrix.npy

real	0m25.533s
user	0m0.011s
sys	0m0.016s
92
132
Generating /cluster/projects/nn8008k/lluisa/NextSIM/seas/Fmap_10days/2006_JAS_ic0.5_dt0.0025_DT0.0100/23_Fmap_matrix.npy

real	0m24.874s
user	0m0.015s
sys	0m0.012s
96
136
Generating /cluster/projects/nn8008k/lluisa/NextSIM/seas/Fmap_10days/2006_JAS_ic0.5_dt0.0025_DT0.0100/24_Fmap_matrix.npy

real	0m24.958s
user	0m0.013s
sys	0m0.014s
100
140
Generating /cluster/projects/nn8008k/lluisa/NextSIM/seas/Fmap_10days/2006_JAS_ic0.5_dt0.0025_DT0.0100/25_Fmap_matrix.npy

real	0m24.740s
user	0m0.016s
sys	0m0.010s
104
144
Generating /cluster/projects/nn8008k/lluisa/NextSIM/seas/Fmap_10days/2006_JAS_ic0.5_dt0.0025_DT0.0100/26_Fmap_matrix.npy

real	0m24.821s
user	0m0.014s
sys	0m0.013s
108
148
Generating /cluster/projects/nn8008k/lluisa/NextSIM/seas/Fmap_10days/2006_JAS_ic0.5_dt0.0025_DT0.0100/27_Fmap_matrix.npy

real	0m25.171s
user	0m0.017s
sys	0m0.010s
112
152
Generating /cluster/projects/nn8008k/lluisa/NextSIM/seas/Fmap_10days/2006_JAS_ic0.5_dt0.0025_DT0.0100/28_Fmap_matrix.npy

real	0m24.679s
user	0m0.015s
sys	0m0.011s
116
156
Generating /cluster/projects/nn8008k/lluisa/NextSIM/seas/Fmap_10days/2006_JAS_ic0.5_dt0.0025_DT0.0100/29_Fmap_matrix.npy

real	0m24.771s
user	0m0.013s
sys	0m0.014s
120
160
Generating /cluster/projects/nn8008k/lluisa/NextSIM/seas/Fmap_10days/2006_JAS_ic0.5_dt0.0025_DT0.0100/30_Fmap_matrix.npy

real	0m24.856s
user	0m0.013s
sys	0m0.014s
124
164
Generating /cluster/projects/nn8008k/lluisa/NextSIM/seas/Fmap_10days/2006_JAS_ic0.5_dt0.0025_DT0.0100/31_Fmap_matrix.npy

real	0m25.020s
user	0m0.009s
sys	0m0.018s
128
168
Generating /cluster/projects/nn8008k/lluisa/NextSIM/seas/Fmap_10days/2006_JAS_ic0.5_dt0.0025_DT0.0100/32_Fmap_matrix.npy

real	0m24.730s
user	0m0.016s
sys	0m0.011s
132
172
Generating /cluster/projects/nn8008k/lluisa/NextSIM/seas/Fmap_10days/2006_JAS_ic0.5_dt0.0025_DT0.0100/33_Fmap_matrix.npy

real	0m24.687s
user	0m0.015s
sys	0m0.012s
136
176
Generating /cluster/projects/nn8008k/lluisa/NextSIM/seas/Fmap_10days/2006_JAS_ic0.5_dt0.0025_DT0.0100/34_Fmap_matrix.npy

real	0m24.375s
user	0m0.014s
sys	0m0.013s
140
180
Generating /cluster/projects/nn8008k/lluisa/NextSIM/seas/Fmap_10days/2006_JAS_ic0.5_dt0.0025_DT0.0100/35_Fmap_matrix.npy

real	0m24.594s
user	0m0.011s
sys	0m0.015s
144
184
Generating /cluster/projects/nn8008k/lluisa/NextSIM/seas/Fmap_10days/2006_JAS_ic0.5_dt0.0025_DT0.0100/36_Fmap_matrix.npy

real	0m24.476s
user	0m0.010s
sys	0m0.017s
148
188
Generating /cluster/projects/nn8008k/lluisa/NextSIM/seas/Fmap_10days/2006_JAS_ic0.5_dt0.0025_DT0.0100/37_Fmap_matrix.npy

real	0m25.120s
user	0m0.010s
sys	0m0.016s
152
192
Generating /cluster/projects/nn8008k/lluisa/NextSIM/seas/Fmap_10days/2006_JAS_ic0.5_dt0.0025_DT0.0100/38_Fmap_matrix.npy

real	0m24.339s
user	0m0.016s
sys	0m0.012s
156
196
Generating /cluster/projects/nn8008k/lluisa/NextSIM/seas/Fmap_10days/2006_JAS_ic0.5_dt0.0025_DT0.0100/39_Fmap_matrix.npy

real	0m24.208s
user	0m0.013s
sys	0m0.014s
160
200
Generating /cluster/projects/nn8008k/lluisa/NextSIM/seas/Fmap_10days/2006_JAS_ic0.5_dt0.0025_DT0.0100/40_Fmap_matrix.npy

real	0m24.225s
user	0m0.013s
sys	0m0.014s
164
204
Generating /cluster/projects/nn8008k/lluisa/NextSIM/seas/Fmap_10days/2006_JAS_ic0.5_dt0.0025_DT0.0100/41_Fmap_matrix.npy

real	0m24.363s
user	0m0.012s
sys	0m0.015s
168
208
Generating /cluster/projects/nn8008k/lluisa/NextSIM/seas/Fmap_10days/2006_JAS_ic0.5_dt0.0025_DT0.0100/42_Fmap_matrix.npy

real	0m24.056s
user	0m0.015s
sys	0m0.012s
172
212
Generating /cluster/projects/nn8008k/lluisa/NextSIM/seas/Fmap_10days/2006_JAS_ic0.5_dt0.0025_DT0.0100/43_Fmap_matrix.npy

real	0m24.035s
user	0m0.017s
sys	0m0.010s
176
216
Generating /cluster/projects/nn8008k/lluisa/NextSIM/seas/Fmap_10days/2006_JAS_ic0.5_dt0.0025_DT0.0100/44_Fmap_matrix.npy

real	0m24.488s
user	0m0.015s
sys	0m0.013s
180
220
Generating /cluster/projects/nn8008k/lluisa/NextSIM/seas/Fmap_10days/2006_JAS_ic0.5_dt0.0025_DT0.0100/45_Fmap_matrix.npy

real	0m24.270s
user	0m0.014s
sys	0m0.013s
184
224
Generating /cluster/projects/nn8008k/lluisa/NextSIM/seas/Fmap_10days/2006_JAS_ic0.5_dt0.0025_DT0.0100/46_Fmap_matrix.npy

real	0m23.815s
user	0m0.016s
sys	0m0.013s
188
228
Generating /cluster/projects/nn8008k/lluisa/NextSIM/seas/Fmap_10days/2006_JAS_ic0.5_dt0.0025_DT0.0100/47_Fmap_matrix.npy

real	0m24.329s
user	0m0.010s
sys	0m0.016s
192
232
Generating /cluster/projects/nn8008k/lluisa/NextSIM/seas/Fmap_10days/2006_JAS_ic0.5_dt0.0025_DT0.0100/48_Fmap_matrix.npy

real	0m24.138s
user	0m0.013s
sys	0m0.015s
196
236
Generating /cluster/projects/nn8008k/lluisa/NextSIM/seas/Fmap_10days/2006_JAS_ic0.5_dt0.0025_DT0.0100/49_Fmap_matrix.npy

real	0m23.819s
user	0m0.013s
sys	0m0.015s
200
240
Generating /cluster/projects/nn8008k/lluisa/NextSIM/seas/Fmap_10days/2006_JAS_ic0.5_dt0.0025_DT0.0100/50_Fmap_matrix.npy

real	0m23.726s
user	0m0.014s
sys	0m0.013s
204
244
Generating /cluster/projects/nn8008k/lluisa/NextSIM/seas/Fmap_10days/2006_JAS_ic0.5_dt0.0025_DT0.0100/51_Fmap_matrix.npy

real	0m23.800s
user	0m0.013s
sys	0m0.014s
208
248
Generating /cluster/projects/nn8008k/lluisa/NextSIM/seas/Fmap_10days/2006_JAS_ic0.5_dt0.0025_DT0.0100/52_Fmap_matrix.npy

real	0m23.965s
user	0m0.016s
sys	0m0.010s
212
252
Generating /cluster/projects/nn8008k/lluisa/NextSIM/seas/Fmap_10days/2006_JAS_ic0.5_dt0.0025_DT0.0100/53_Fmap_matrix.npy

real	0m24.156s
user	0m0.014s
sys	0m0.013s
216
256
Generating /cluster/projects/nn8008k/lluisa/NextSIM/seas/Fmap_10days/2006_JAS_ic0.5_dt0.0025_DT0.0100/54_Fmap_matrix.npy

real	0m23.958s
user	0m0.015s
sys	0m0.012s
220
260
Generating /cluster/projects/nn8008k/lluisa/NextSIM/seas/Fmap_10days/2006_JAS_ic0.5_dt0.0025_DT0.0100/55_Fmap_matrix.npy

real	0m23.982s
user	0m0.019s
sys	0m0.010s
224
264
Generating /cluster/projects/nn8008k/lluisa/NextSIM/seas/Fmap_10days/2006_JAS_ic0.5_dt0.0025_DT0.0100/56_Fmap_matrix.npy

real	0m24.053s
user	0m0.012s
sys	0m0.015s
228
268
Generating /cluster/projects/nn8008k/lluisa/NextSIM/seas/Fmap_10days/2006_JAS_ic0.5_dt0.0025_DT0.0100/57_Fmap_matrix.npy

real	0m23.771s
user	0m0.015s
sys	0m0.011s
232
272
Generating /cluster/projects/nn8008k/lluisa/NextSIM/seas/Fmap_10days/2006_JAS_ic0.5_dt0.0025_DT0.0100/58_Fmap_matrix.npy

real	0m23.605s
user	0m0.014s
sys	0m0.013s
236
276
Generating /cluster/projects/nn8008k/lluisa/NextSIM/seas/Fmap_10days/2006_JAS_ic0.5_dt0.0025_DT0.0100/59_Fmap_matrix.npy

real	0m23.945s
user	0m0.018s
sys	0m0.009s
240
280
Generating /cluster/projects/nn8008k/lluisa/NextSIM/seas/Fmap_10days/2006_JAS_ic0.5_dt0.0025_DT0.0100/60_Fmap_matrix.npy

real	0m23.849s
user	0m0.014s
sys	0m0.014s
244
284
Generating /cluster/projects/nn8008k/lluisa/NextSIM/seas/Fmap_10days/2006_JAS_ic0.5_dt0.0025_DT0.0100/61_Fmap_matrix.npy

real	0m23.944s
user	0m0.011s
sys	0m0.016s
248
288
Generating /cluster/projects/nn8008k/lluisa/NextSIM/seas/Fmap_10days/2006_JAS_ic0.5_dt0.0025_DT0.0100/62_Fmap_matrix.npy

real	0m23.778s
user	0m0.014s
sys	0m0.013s
252
292
Generating /cluster/projects/nn8008k/lluisa/NextSIM/seas/Fmap_10days/2006_JAS_ic0.5_dt0.0025_DT0.0100/63_Fmap_matrix.npy

real	0m23.677s
user	0m0.015s
sys	0m0.014s
256
296
Generating /cluster/projects/nn8008k/lluisa/NextSIM/seas/Fmap_10days/2006_JAS_ic0.5_dt0.0025_DT0.0100/64_Fmap_matrix.npy

real	0m23.594s
user	0m0.016s
sys	0m0.012s
260
300
Generating /cluster/projects/nn8008k/lluisa/NextSIM/seas/Fmap_10days/2006_JAS_ic0.5_dt0.0025_DT0.0100/65_Fmap_matrix.npy

real	0m23.589s
user	0m0.015s
sys	0m0.014s
264
304
Generating /cluster/projects/nn8008k/lluisa/NextSIM/seas/Fmap_10days/2006_JAS_ic0.5_dt0.0025_DT0.0100/66_Fmap_matrix.npy

real	0m24.012s
user	0m0.013s
sys	0m0.015s
268
308
Generating /cluster/projects/nn8008k/lluisa/NextSIM/seas/Fmap_10days/2006_JAS_ic0.5_dt0.0025_DT0.0100/67_Fmap_matrix.npy

real	0m23.840s
user	0m0.011s
sys	0m0.016s
272
312
Generating /cluster/projects/nn8008k/lluisa/NextSIM/seas/Fmap_10days/2006_JAS_ic0.5_dt0.0025_DT0.0100/68_Fmap_matrix.npy

real	0m24.135s
user	0m0.011s
sys	0m0.016s
276
316
Generating /cluster/projects/nn8008k/lluisa/NextSIM/seas/Fmap_10days/2006_JAS_ic0.5_dt0.0025_DT0.0100/69_Fmap_matrix.npy

real	0m24.253s
user	0m0.014s
sys	0m0.013s
280
320
Generating /cluster/projects/nn8008k/lluisa/NextSIM/seas/Fmap_10days/2006_JAS_ic0.5_dt0.0025_DT0.0100/70_Fmap_matrix.npy

real	0m24.372s
user	0m0.012s
sys	0m0.015s
284
324
Generating /cluster/projects/nn8008k/lluisa/NextSIM/seas/Fmap_10days/2006_JAS_ic0.5_dt0.0025_DT0.0100/71_Fmap_matrix.npy

real	0m23.911s
user	0m0.017s
sys	0m0.010s
288
328
Generating /cluster/projects/nn8008k/lluisa/NextSIM/seas/Fmap_10days/2006_JAS_ic0.5_dt0.0025_DT0.0100/72_Fmap_matrix.npy

real	0m23.861s
user	0m0.015s
sys	0m0.011s
292
332
Generating /cluster/projects/nn8008k/lluisa/NextSIM/seas/Fmap_10days/2006_JAS_ic0.5_dt0.0025_DT0.0100/73_Fmap_matrix.npy

real	0m23.754s
user	0m0.015s
sys	0m0.011s
296
336
Generating /cluster/projects/nn8008k/lluisa/NextSIM/seas/Fmap_10days/2006_JAS_ic0.5_dt0.0025_DT0.0100/74_Fmap_matrix.npy

real	0m23.787s
user	0m0.011s
sys	0m0.016s
300
340
Generating /cluster/projects/nn8008k/lluisa/NextSIM/seas/Fmap_10days/2006_JAS_ic0.5_dt0.0025_DT0.0100/75_Fmap_matrix.npy

real	0m23.657s
user	0m0.015s
sys	0m0.012s
304
344
Generating /cluster/projects/nn8008k/lluisa/NextSIM/seas/Fmap_10days/2006_JAS_ic0.5_dt0.0025_DT0.0100/76_Fmap_matrix.npy

real	0m24.001s
user	0m0.016s
sys	0m0.011s
308
348
Generating /cluster/projects/nn8008k/lluisa/NextSIM/seas/Fmap_10days/2006_JAS_ic0.5_dt0.0025_DT0.0100/77_Fmap_matrix.npy

real	0m23.829s
user	0m0.017s
sys	0m0.010s
312
352
Generating /cluster/projects/nn8008k/lluisa/NextSIM/seas/Fmap_10days/2006_JAS_ic0.5_dt0.0025_DT0.0100/78_Fmap_matrix.npy

real	0m24.162s
user	0m0.013s
sys	0m0.014s
316
356
Generating /cluster/projects/nn8008k/lluisa/NextSIM/seas/Fmap_10days/2006_JAS_ic0.5_dt0.0025_DT0.0100/79_Fmap_matrix.npy

real	0m23.908s
user	0m0.017s
sys	0m0.009s
320
360
Generating /cluster/projects/nn8008k/lluisa/NextSIM/seas/Fmap_10days/2006_JAS_ic0.5_dt0.0025_DT0.0100/80_Fmap_matrix.npy

real	0m24.095s
user	0m0.013s
sys	0m0.013s
EBVERSIONNUMACTL=2.0.16
SLURM_JOB_NUM_NODES=1
EBROOTNUMACTL=/cluster/software/numactl/2.0.16-GCCcore-13.2.0
EBDEVELNUMACTL=/cluster/software/numactl/2.0.16-GCCcore-13.2.0/easybuild/numactl-2.0.16-GCCcore-13.2.0-easybuild-devel
OMP_NUM_THREADS=32

Job 6228809 consumed 17.8 billing hours from project nn8008k.

Submitted 2025-05-03T00:03:21; waited 20.0 seconds in the queue after becoming eligible to run.

Requested wallclock time: 3.0 days
Elapsed wallclock time:   33.4 minutes

Job exited normally.

Task and CPU statistics:
ID              CPUs  Tasks  CPU util                Start   Elapsed  Exit status
6228809           32            0.0 %  2025-05-03T00:03:41  2001.0 s  0
6228809.batch     32      1     0.0 %  2025-05-03T00:03:41  2001.0 s  0
6228809.python    32      1    20.7 %  2025-05-03T00:03:47    34.0 s  0
6228809.python    32      1    26.5 %  2025-05-03T00:04:21    26.0 s  0
6228809.python    32      1    26.7 %  2025-05-03T00:04:47    26.0 s  0
6228809.python    32      1    26.5 %  2025-05-03T00:05:13    26.0 s  0
6228809.python    32      1    25.3 %  2025-05-03T00:05:39    27.0 s  0
6228809.python    32      1    27.0 %  2025-05-03T00:06:06    25.0 s  0
6228809.python    32      1    25.9 %  2025-05-03T00:06:31    26.0 s  0
6228809.python    32      1    26.7 %  2025-05-03T00:06:57    25.0 s  0
6228809.python    32      1    25.8 %  2025-05-03T00:07:22    26.0 s  0
6228809.python    32      1    25.4 %  2025-05-03T00:07:48    26.0 s  0
6228809.python    32      1    26.4 %  2025-05-03T00:08:14    25.0 s  0
6228809.python    32      1    25.9 %  2025-05-03T00:08:39    25.0 s  0
6228809.python    32      1    27.2 %  2025-05-03T00:09:04    24.0 s  0
6228809.python    32      1    25.4 %  2025-05-03T00:09:28    25.0 s  0
6228809.python    32      1    25.5 %  2025-05-03T00:09:53    25.0 s  0
6228809.python    32      1    25.3 %  2025-05-03T00:10:18    25.0 s  0
6228809.python    32      1    25.4 %  2025-05-03T00:10:43    25.0 s  0
6228809.python    32      1    25.0 %  2025-05-03T00:11:08    25.0 s  0
6228809.python    32      1    24.9 %  2025-05-03T00:11:33    25.0 s  0
6228809.python    32      1    25.3 %  2025-05-03T00:11:58    25.0 s  0
6228809.python    32      1    24.8 %  2025-05-03T00:12:23    25.0 s  0
6228809.python    32      1    24.9 %  2025-05-03T00:12:48    25.0 s  0
6228809.python    32      1    24.0 %  2025-05-03T00:13:13    26.0 s  0
6228809.python    32      1    25.9 %  2025-05-03T00:13:39    24.0 s  0
6228809.python    32      1    24.7 %  2025-05-03T00:14:03    25.0 s  0
6228809.python    32      1    24.5 %  2025-05-03T00:14:28    25.0 s  0
6228809.python    32      1    24.6 %  2025-05-03T00:14:53    25.0 s  0
6228809.python    32      1    24.4 %  2025-05-03T00:15:18    25.0 s  0
6228809.python    32      1    24.5 %  2025-05-03T00:15:43    25.0 s  0
6228809.python    32      1    24.3 %  2025-05-03T00:16:08    25.0 s  0
6228809.python    32      1    25.2 %  2025-05-03T00:16:33    24.0 s  0
6228809.python    32      1    23.9 %  2025-05-03T00:16:57    25.0 s  0
6228809.python    32      1    24.2 %  2025-05-03T00:17:22    25.0 s  0
6228809.python    32      1    23.8 %  2025-05-03T00:17:47    25.0 s  0
6228809.python    32      1    24.6 %  2025-05-03T00:18:12    24.0 s  0
6228809.python    32      1    23.7 %  2025-05-03T00:18:36    25.0 s  0
6228809.python    32      1    24.3 %  2025-05-03T00:19:01    24.0 s  0
6228809.python    32      1    23.6 %  2025-05-03T00:19:25    25.0 s  0
6228809.python    32      1    23.3 %  2025-05-03T00:19:50    25.0 s  0
6228809.python    32      1    24.3 %  2025-05-03T00:20:15    24.0 s  0
6228809.python    32      1    24.3 %  2025-05-03T00:20:39    24.0 s  0
6228809.python    32      1    23.1 %  2025-05-03T00:21:03    25.0 s  0
6228809.python    32      1    23.8 %  2025-05-03T00:21:28    24.0 s  0
6228809.python    32      1    24.1 %  2025-05-03T00:21:52    24.0 s  0
6228809.python    32      1    24.3 %  2025-05-03T00:22:16    24.0 s  0
6228809.python    32      1    23.9 %  2025-05-03T00:22:40    24.0 s  0
6228809.python    32      1    23.7 %  2025-05-03T00:23:04    24.0 s  0
6228809.python    32      1    23.1 %  2025-05-03T00:23:28    25.0 s  0
6228809.python    32      1    23.7 %  2025-05-03T00:23:53    24.0 s  0
6228809.python    32      1    24.3 %  2025-05-03T00:24:17    23.0 s  0
6228809.python    32      1    23.3 %  2025-05-03T00:24:40    24.0 s  0
6228809.python    32      1    23.5 %  2025-05-03T00:25:04    24.0 s  0
6228809.python    32      1    23.1 %  2025-05-03T00:25:28    24.0 s  0
6228809.python    32      1    23.4 %  2025-05-03T00:25:52    24.0 s  0
6228809.python    32      1    23.2 %  2025-05-03T00:26:16    24.0 s  0
6228809.python    32      1    23.3 %  2025-05-03T00:26:40    24.0 s  0
6228809.python    32      1    23.0 %  2025-05-03T00:27:04    24.0 s  0
6228809.python    32      1    23.0 %  2025-05-03T00:27:28    24.0 s  0
6228809.python    32      1    23.0 %  2025-05-03T00:27:52    24.0 s  0
6228809.python    32      1    24.0 %  2025-05-03T00:28:16    23.0 s  0
6228809.python    32      1    23.0 %  2025-05-03T00:28:39    24.0 s  0
6228809.python    32      1    23.1 %  2025-05-03T00:29:03    24.0 s  0
6228809.python    32      1    23.1 %  2025-05-03T00:29:27    24.0 s  0
6228809.python    32      1    23.3 %  2025-05-03T00:29:51    24.0 s  0
6228809.python    32      1    24.1 %  2025-05-03T00:30:15    23.0 s  0
6228809.python    32      1    23.5 %  2025-05-03T00:30:38    24.0 s  0
6228809.python    32      1    23.2 %  2025-05-03T00:31:02    24.0 s  0
6228809.python    32      1    23.0 %  2025-05-03T00:31:26    24.0 s  0
6228809.python    32      1    23.1 %  2025-05-03T00:31:50    24.0 s  0
6228809.python    32      1    23.2 %  2025-05-03T00:32:14    24.0 s  0
6228809.python    32      1    22.4 %  2025-05-03T00:32:38    25.0 s  0
6228809.python    32      1    24.2 %  2025-05-03T00:33:03    23.0 s  0
6228809.python    32      1    23.3 %  2025-05-03T00:33:26    24.0 s  0
6228809.python    32      1    23.0 %  2025-05-03T00:33:50    24.0 s  0
6228809.python    32      1    23.0 %  2025-05-03T00:34:14    24.0 s  0
6228809.python    32      1    23.9 %  2025-05-03T00:34:38    23.0 s  0
6228809.python    32      1    23.0 %  2025-05-03T00:35:01    24.0 s  0
6228809.python    32      1    24.1 %  2025-05-03T00:35:26    23.0 s  0
6228809.python    32      1    23.0 %  2025-05-03T00:35:49    24.0 s  0
6228809.python    32      1    23.1 %  2025-05-03T00:36:13    24.0 s  0
6228809.python    32      1    23.2 %  2025-05-03T00:36:37    24.0 s  0

Used CPU time:   4.3 CPU hours
Unused CPU time: 13.5 CPU hours

Memory statistics, in GiB:
ID               Alloc   Usage
6228809           59.0        
6228809.batch     59.0     0.0
6228809.python    59.0     6.8
6228809.python    59.0     0.1
6228809.python    59.0     0.1
6228809.python    59.0     0.1
6228809.python    59.0     0.1
6228809.python    59.0     0.1
6228809.python    59.0     0.1
6228809.python    59.0     0.1
6228809.python    59.0     0.1
6228809.python    59.0     0.1
6228809.python    59.0     0.1
6228809.python    59.0     0.1
6228809.python    59.0     0.1
6228809.python    59.0     0.1
6228809.python    59.0     0.1
6228809.python    59.0     0.1
6228809.python    59.0     0.1
6228809.python    59.0     0.1
6228809.python    59.0     0.1
6228809.python    59.0     0.1
6228809.python    59.0     0.1
6228809.python    59.0     0.1
6228809.python    59.0     0.1
6228809.python    59.0     0.1
6228809.python    59.0     0.1
6228809.python    59.0     0.1
6228809.python    59.0     0.1
6228809.python    59.0     0.1
6228809.python    59.0     0.1
6228809.python    59.0     0.1
6228809.python    59.0     0.1
6228809.python    59.0     0.1
6228809.python    59.0     0.1
6228809.python    59.0     0.1
6228809.python    59.0     0.1
6228809.python    59.0     0.1
6228809.python    59.0     0.1
6228809.python    59.0     0.1
6228809.python    59.0     0.1
6228809.python    59.0     0.1
6228809.python    59.0     0.1
6228809.python    59.0     0.1
6228809.python    59.0     0.1
6228809.python    59.0     0.1
6228809.python    59.0     0.1
6228809.python    59.0     0.1
6228809.python    59.0     0.1
6228809.python    59.0     0.1
6228809.python    59.0     0.1
6228809.python    59.0     0.1
6228809.python    59.0     0.1
6228809.python    59.0     0.1
6228809.python    59.0     0.1
6228809.python    59.0     0.1
6228809.python    59.0     0.1
6228809.python    59.0     0.1
6228809.python    59.0     0.1
6228809.python    59.0     0.1
6228809.python    59.0     0.1
6228809.python    59.0     0.1
6228809.python    59.0     0.1
6228809.python    59.0     0.1
6228809.python    59.0     0.1
6228809.python    59.0     0.1
6228809.python    59.0     0.1
6228809.python    59.0     0.1
6228809.python    59.0     0.1
6228809.python    59.0     0.1
6228809.python    59.0     0.1
6228809.python    59.0     0.1
6228809.python    59.0     0.1
6228809.python    59.0     0.1
6228809.python    59.0     0.1
6228809.python    59.0     0.1
6228809.python    59.0     0.1
6228809.python    59.0     0.1
6228809.python    59.0     0.1
6228809.python    59.0     0.1
6228809.python    59.0     0.1
6228809.python    59.0     0.1
6228809.python    59.0     0.1

Job 6228809 completed at Sat May 3 00:37:02 CEST 2025
