Starting job 6228782 on c40-7 on fram at Sat May 3 00:03:44 CEST 2025


Currently Loaded Modules:
  1) StdEnv (S)

  Where:
   S:  Module is Sticky, requires --force to unload or purge

 


The following have been reloaded with a version change:
  1) GCCcore/13.3.0 => GCCcore/13.2.0
  2) OpenSSL/3 => OpenSSL/1.1
  3) Python/3.12.3-GCCcore-13.3.0 => Python/3.11.5-GCCcore-13.2.0
  4) SQLite/3.45.3-GCCcore-13.3.0 => SQLite/3.43.1-GCCcore-13.2.0
  5) Tcl/8.6.14-GCCcore-13.3.0 => Tcl/8.6.13-GCCcore-13.2.0
  6) XZ/5.4.5-GCCcore-13.3.0 => XZ/5.4.4-GCCcore-13.2.0
  7) binutils/2.42-GCCcore-13.3.0 => binutils/2.40-GCCcore-13.2.0
  8) bzip2/1.0.8-GCCcore-13.3.0 => bzip2/1.0.8-GCCcore-13.2.0
  9) libffi/3.4.5-GCCcore-13.3.0 => libffi/3.4.4-GCCcore-13.2.0
 10) libreadline/8.2-GCCcore-13.3.0 => libreadline/8.2-GCCcore-13.2.0
 11) ncurses/6.5-GCCcore-13.3.0 => ncurses/6.4-GCCcore-13.2.0
 12) zlib/1.3.1-GCCcore-13.3.0 => zlib/1.2.13-GCCcore-13.2.0

0
40
Generating /cluster/projects/nn8008k/lluisa/NextSIM/seas/Fmap_10days/2000_AMJ_ic0.5_dt0.0025_DT0.0100/0_Fmap_matrix.npy

real	0m35.209s
user	0m0.011s
sys	0m0.029s
4
44
Generating /cluster/projects/nn8008k/lluisa/NextSIM/seas/Fmap_10days/2000_AMJ_ic0.5_dt0.0025_DT0.0100/1_Fmap_matrix.npy

real	0m27.751s
user	0m0.009s
sys	0m0.021s
8
48
Generating /cluster/projects/nn8008k/lluisa/NextSIM/seas/Fmap_10days/2000_AMJ_ic0.5_dt0.0025_DT0.0100/2_Fmap_matrix.npy

real	0m27.626s
user	0m0.012s
sys	0m0.016s
12
52
Generating /cluster/projects/nn8008k/lluisa/NextSIM/seas/Fmap_10days/2000_AMJ_ic0.5_dt0.0025_DT0.0100/3_Fmap_matrix.npy

real	0m27.877s
user	0m0.014s
sys	0m0.013s
16
56
Generating /cluster/projects/nn8008k/lluisa/NextSIM/seas/Fmap_10days/2000_AMJ_ic0.5_dt0.0025_DT0.0100/4_Fmap_matrix.npy

real	0m27.688s
user	0m0.017s
sys	0m0.011s
20
60
Generating /cluster/projects/nn8008k/lluisa/NextSIM/seas/Fmap_10days/2000_AMJ_ic0.5_dt0.0025_DT0.0100/5_Fmap_matrix.npy

real	0m27.332s
user	0m0.014s
sys	0m0.014s
24
64
Generating /cluster/projects/nn8008k/lluisa/NextSIM/seas/Fmap_10days/2000_AMJ_ic0.5_dt0.0025_DT0.0100/6_Fmap_matrix.npy

real	0m27.514s
user	0m0.013s
sys	0m0.014s
28
68
Generating /cluster/projects/nn8008k/lluisa/NextSIM/seas/Fmap_10days/2000_AMJ_ic0.5_dt0.0025_DT0.0100/7_Fmap_matrix.npy

real	0m28.169s
user	0m0.012s
sys	0m0.015s
32
72
Generating /cluster/projects/nn8008k/lluisa/NextSIM/seas/Fmap_10days/2000_AMJ_ic0.5_dt0.0025_DT0.0100/8_Fmap_matrix.npy

real	0m27.862s
user	0m0.012s
sys	0m0.015s
36
76
Generating /cluster/projects/nn8008k/lluisa/NextSIM/seas/Fmap_10days/2000_AMJ_ic0.5_dt0.0025_DT0.0100/9_Fmap_matrix.npy

real	0m27.832s
user	0m0.009s
sys	0m0.018s
40
80
Generating /cluster/projects/nn8008k/lluisa/NextSIM/seas/Fmap_10days/2000_AMJ_ic0.5_dt0.0025_DT0.0100/10_Fmap_matrix.npy

real	0m27.964s
user	0m0.015s
sys	0m0.012s
44
84
Generating /cluster/projects/nn8008k/lluisa/NextSIM/seas/Fmap_10days/2000_AMJ_ic0.5_dt0.0025_DT0.0100/11_Fmap_matrix.npy

real	0m27.489s
user	0m0.011s
sys	0m0.016s
48
88
Generating /cluster/projects/nn8008k/lluisa/NextSIM/seas/Fmap_10days/2000_AMJ_ic0.5_dt0.0025_DT0.0100/12_Fmap_matrix.npy

real	0m27.787s
user	0m0.011s
sys	0m0.016s
52
92
Generating /cluster/projects/nn8008k/lluisa/NextSIM/seas/Fmap_10days/2000_AMJ_ic0.5_dt0.0025_DT0.0100/13_Fmap_matrix.npy

real	0m28.023s
user	0m0.015s
sys	0m0.012s
56
96
Generating /cluster/projects/nn8008k/lluisa/NextSIM/seas/Fmap_10days/2000_AMJ_ic0.5_dt0.0025_DT0.0100/14_Fmap_matrix.npy

real	0m27.437s
user	0m0.015s
sys	0m0.012s
60
100
Generating /cluster/projects/nn8008k/lluisa/NextSIM/seas/Fmap_10days/2000_AMJ_ic0.5_dt0.0025_DT0.0100/15_Fmap_matrix.npy

real	0m28.380s
user	0m0.017s
sys	0m0.012s
64
104
Generating /cluster/projects/nn8008k/lluisa/NextSIM/seas/Fmap_10days/2000_AMJ_ic0.5_dt0.0025_DT0.0100/16_Fmap_matrix.npy

real	0m28.146s
user	0m0.010s
sys	0m0.018s
68
108
Generating /cluster/projects/nn8008k/lluisa/NextSIM/seas/Fmap_10days/2000_AMJ_ic0.5_dt0.0025_DT0.0100/17_Fmap_matrix.npy

real	0m28.353s
user	0m0.017s
sys	0m0.011s
72
112
Generating /cluster/projects/nn8008k/lluisa/NextSIM/seas/Fmap_10days/2000_AMJ_ic0.5_dt0.0025_DT0.0100/18_Fmap_matrix.npy

real	0m27.561s
user	0m0.013s
sys	0m0.013s
76
116
Generating /cluster/projects/nn8008k/lluisa/NextSIM/seas/Fmap_10days/2000_AMJ_ic0.5_dt0.0025_DT0.0100/19_Fmap_matrix.npy

real	0m27.609s
user	0m0.018s
sys	0m0.010s
80
120
Generating /cluster/projects/nn8008k/lluisa/NextSIM/seas/Fmap_10days/2000_AMJ_ic0.5_dt0.0025_DT0.0100/20_Fmap_matrix.npy

real	0m27.566s
user	0m0.012s
sys	0m0.015s
84
124
Generating /cluster/projects/nn8008k/lluisa/NextSIM/seas/Fmap_10days/2000_AMJ_ic0.5_dt0.0025_DT0.0100/21_Fmap_matrix.npy

real	0m28.051s
user	0m0.014s
sys	0m0.012s
88
128
Generating /cluster/projects/nn8008k/lluisa/NextSIM/seas/Fmap_10days/2000_AMJ_ic0.5_dt0.0025_DT0.0100/22_Fmap_matrix.npy

real	0m27.977s
user	0m0.014s
sys	0m0.013s
92
132
Generating /cluster/projects/nn8008k/lluisa/NextSIM/seas/Fmap_10days/2000_AMJ_ic0.5_dt0.0025_DT0.0100/23_Fmap_matrix.npy

real	0m27.808s
user	0m0.014s
sys	0m0.013s
96
136
Generating /cluster/projects/nn8008k/lluisa/NextSIM/seas/Fmap_10days/2000_AMJ_ic0.5_dt0.0025_DT0.0100/24_Fmap_matrix.npy

real	0m27.514s
user	0m0.011s
sys	0m0.016s
100
140
Generating /cluster/projects/nn8008k/lluisa/NextSIM/seas/Fmap_10days/2000_AMJ_ic0.5_dt0.0025_DT0.0100/25_Fmap_matrix.npy

real	0m27.729s
user	0m0.013s
sys	0m0.015s
104
144
Generating /cluster/projects/nn8008k/lluisa/NextSIM/seas/Fmap_10days/2000_AMJ_ic0.5_dt0.0025_DT0.0100/26_Fmap_matrix.npy

real	0m27.741s
user	0m0.015s
sys	0m0.012s
108
148
Generating /cluster/projects/nn8008k/lluisa/NextSIM/seas/Fmap_10days/2000_AMJ_ic0.5_dt0.0025_DT0.0100/27_Fmap_matrix.npy

real	0m27.621s
user	0m0.014s
sys	0m0.012s
112
152
Generating /cluster/projects/nn8008k/lluisa/NextSIM/seas/Fmap_10days/2000_AMJ_ic0.5_dt0.0025_DT0.0100/28_Fmap_matrix.npy

real	0m27.456s
user	0m0.018s
sys	0m0.009s
116
156
Generating /cluster/projects/nn8008k/lluisa/NextSIM/seas/Fmap_10days/2000_AMJ_ic0.5_dt0.0025_DT0.0100/29_Fmap_matrix.npy

real	0m28.004s
user	0m0.014s
sys	0m0.014s
120
160
Generating /cluster/projects/nn8008k/lluisa/NextSIM/seas/Fmap_10days/2000_AMJ_ic0.5_dt0.0025_DT0.0100/30_Fmap_matrix.npy

real	0m27.400s
user	0m0.014s
sys	0m0.013s
124
164
Generating /cluster/projects/nn8008k/lluisa/NextSIM/seas/Fmap_10days/2000_AMJ_ic0.5_dt0.0025_DT0.0100/31_Fmap_matrix.npy

real	0m27.448s
user	0m0.012s
sys	0m0.015s
128
168
Generating /cluster/projects/nn8008k/lluisa/NextSIM/seas/Fmap_10days/2000_AMJ_ic0.5_dt0.0025_DT0.0100/32_Fmap_matrix.npy

real	0m27.679s
user	0m0.013s
sys	0m0.014s
132
172
Generating /cluster/projects/nn8008k/lluisa/NextSIM/seas/Fmap_10days/2000_AMJ_ic0.5_dt0.0025_DT0.0100/33_Fmap_matrix.npy

real	0m28.391s
user	0m0.014s
sys	0m0.015s
136
176
Generating /cluster/projects/nn8008k/lluisa/NextSIM/seas/Fmap_10days/2000_AMJ_ic0.5_dt0.0025_DT0.0100/34_Fmap_matrix.npy

real	0m27.423s
user	0m0.014s
sys	0m0.013s
140
180
Generating /cluster/projects/nn8008k/lluisa/NextSIM/seas/Fmap_10days/2000_AMJ_ic0.5_dt0.0025_DT0.0100/35_Fmap_matrix.npy

real	0m27.649s
user	0m0.014s
sys	0m0.013s
144
184
Generating /cluster/projects/nn8008k/lluisa/NextSIM/seas/Fmap_10days/2000_AMJ_ic0.5_dt0.0025_DT0.0100/36_Fmap_matrix.npy

real	0m27.262s
user	0m0.014s
sys	0m0.013s
148
188
Generating /cluster/projects/nn8008k/lluisa/NextSIM/seas/Fmap_10days/2000_AMJ_ic0.5_dt0.0025_DT0.0100/37_Fmap_matrix.npy

real	0m27.387s
user	0m0.011s
sys	0m0.017s
152
192
Generating /cluster/projects/nn8008k/lluisa/NextSIM/seas/Fmap_10days/2000_AMJ_ic0.5_dt0.0025_DT0.0100/38_Fmap_matrix.npy

real	0m27.487s
user	0m0.014s
sys	0m0.013s
156
196
Generating /cluster/projects/nn8008k/lluisa/NextSIM/seas/Fmap_10days/2000_AMJ_ic0.5_dt0.0025_DT0.0100/39_Fmap_matrix.npy

real	0m27.711s
user	0m0.012s
sys	0m0.015s
160
200
Generating /cluster/projects/nn8008k/lluisa/NextSIM/seas/Fmap_10days/2000_AMJ_ic0.5_dt0.0025_DT0.0100/40_Fmap_matrix.npy

real	0m27.492s
user	0m0.013s
sys	0m0.014s
164
204
Generating /cluster/projects/nn8008k/lluisa/NextSIM/seas/Fmap_10days/2000_AMJ_ic0.5_dt0.0025_DT0.0100/41_Fmap_matrix.npy

real	0m27.286s
user	0m0.015s
sys	0m0.012s
168
208
Generating /cluster/projects/nn8008k/lluisa/NextSIM/seas/Fmap_10days/2000_AMJ_ic0.5_dt0.0025_DT0.0100/42_Fmap_matrix.npy

real	0m27.711s
user	0m0.014s
sys	0m0.013s
172
212
Generating /cluster/projects/nn8008k/lluisa/NextSIM/seas/Fmap_10days/2000_AMJ_ic0.5_dt0.0025_DT0.0100/43_Fmap_matrix.npy

real	0m27.616s
user	0m0.013s
sys	0m0.014s
176
216
Generating /cluster/projects/nn8008k/lluisa/NextSIM/seas/Fmap_10days/2000_AMJ_ic0.5_dt0.0025_DT0.0100/44_Fmap_matrix.npy

real	0m26.944s
user	0m0.012s
sys	0m0.015s
180
220
Generating /cluster/projects/nn8008k/lluisa/NextSIM/seas/Fmap_10days/2000_AMJ_ic0.5_dt0.0025_DT0.0100/45_Fmap_matrix.npy

real	0m27.713s
user	0m0.011s
sys	0m0.015s
184
224
Generating /cluster/projects/nn8008k/lluisa/NextSIM/seas/Fmap_10days/2000_AMJ_ic0.5_dt0.0025_DT0.0100/46_Fmap_matrix.npy

real	0m27.379s
user	0m0.014s
sys	0m0.013s
188
228
Generating /cluster/projects/nn8008k/lluisa/NextSIM/seas/Fmap_10days/2000_AMJ_ic0.5_dt0.0025_DT0.0100/47_Fmap_matrix.npy

real	0m27.588s
user	0m0.013s
sys	0m0.013s
192
232
Generating /cluster/projects/nn8008k/lluisa/NextSIM/seas/Fmap_10days/2000_AMJ_ic0.5_dt0.0025_DT0.0100/48_Fmap_matrix.npy

real	0m27.257s
user	0m0.013s
sys	0m0.015s
196
236
Generating /cluster/projects/nn8008k/lluisa/NextSIM/seas/Fmap_10days/2000_AMJ_ic0.5_dt0.0025_DT0.0100/49_Fmap_matrix.npy

real	0m26.908s
user	0m0.013s
sys	0m0.015s
200
240
Generating /cluster/projects/nn8008k/lluisa/NextSIM/seas/Fmap_10days/2000_AMJ_ic0.5_dt0.0025_DT0.0100/50_Fmap_matrix.npy

real	0m27.287s
user	0m0.013s
sys	0m0.015s
204
244
Generating /cluster/projects/nn8008k/lluisa/NextSIM/seas/Fmap_10days/2000_AMJ_ic0.5_dt0.0025_DT0.0100/51_Fmap_matrix.npy

real	0m27.366s
user	0m0.013s
sys	0m0.015s
208
248
Generating /cluster/projects/nn8008k/lluisa/NextSIM/seas/Fmap_10days/2000_AMJ_ic0.5_dt0.0025_DT0.0100/52_Fmap_matrix.npy

real	0m27.303s
user	0m0.015s
sys	0m0.012s
212
252
Generating /cluster/projects/nn8008k/lluisa/NextSIM/seas/Fmap_10days/2000_AMJ_ic0.5_dt0.0025_DT0.0100/53_Fmap_matrix.npy

real	0m28.101s
user	0m0.017s
sys	0m0.010s
216
256
Generating /cluster/projects/nn8008k/lluisa/NextSIM/seas/Fmap_10days/2000_AMJ_ic0.5_dt0.0025_DT0.0100/54_Fmap_matrix.npy

real	0m27.316s
user	0m0.013s
sys	0m0.014s
220
260
Generating /cluster/projects/nn8008k/lluisa/NextSIM/seas/Fmap_10days/2000_AMJ_ic0.5_dt0.0025_DT0.0100/55_Fmap_matrix.npy

real	0m27.549s
user	0m0.012s
sys	0m0.015s
224
264
Generating /cluster/projects/nn8008k/lluisa/NextSIM/seas/Fmap_10days/2000_AMJ_ic0.5_dt0.0025_DT0.0100/56_Fmap_matrix.npy

real	0m27.488s
user	0m0.017s
sys	0m0.011s
228
268
Generating /cluster/projects/nn8008k/lluisa/NextSIM/seas/Fmap_10days/2000_AMJ_ic0.5_dt0.0025_DT0.0100/57_Fmap_matrix.npy

real	0m27.284s
user	0m0.016s
sys	0m0.011s
232
272
Generating /cluster/projects/nn8008k/lluisa/NextSIM/seas/Fmap_10days/2000_AMJ_ic0.5_dt0.0025_DT0.0100/58_Fmap_matrix.npy

real	0m27.363s
user	0m0.013s
sys	0m0.014s
236
276
Generating /cluster/projects/nn8008k/lluisa/NextSIM/seas/Fmap_10days/2000_AMJ_ic0.5_dt0.0025_DT0.0100/59_Fmap_matrix.npy

real	0m27.427s
user	0m0.019s
sys	0m0.008s
240
280
Generating /cluster/projects/nn8008k/lluisa/NextSIM/seas/Fmap_10days/2000_AMJ_ic0.5_dt0.0025_DT0.0100/60_Fmap_matrix.npy

real	0m27.509s
user	0m0.011s
sys	0m0.018s
244
284
Generating /cluster/projects/nn8008k/lluisa/NextSIM/seas/Fmap_10days/2000_AMJ_ic0.5_dt0.0025_DT0.0100/61_Fmap_matrix.npy

real	0m27.377s
user	0m0.012s
sys	0m0.014s
248
288
Generating /cluster/projects/nn8008k/lluisa/NextSIM/seas/Fmap_10days/2000_AMJ_ic0.5_dt0.0025_DT0.0100/62_Fmap_matrix.npy

real	0m27.328s
user	0m0.015s
sys	0m0.013s
252
292
Generating /cluster/projects/nn8008k/lluisa/NextSIM/seas/Fmap_10days/2000_AMJ_ic0.5_dt0.0025_DT0.0100/63_Fmap_matrix.npy

real	0m27.438s
user	0m0.012s
sys	0m0.015s
256
296
Generating /cluster/projects/nn8008k/lluisa/NextSIM/seas/Fmap_10days/2000_AMJ_ic0.5_dt0.0025_DT0.0100/64_Fmap_matrix.npy

real	0m27.240s
user	0m0.012s
sys	0m0.015s
260
300
Generating /cluster/projects/nn8008k/lluisa/NextSIM/seas/Fmap_10days/2000_AMJ_ic0.5_dt0.0025_DT0.0100/65_Fmap_matrix.npy

real	0m26.763s
user	0m0.015s
sys	0m0.012s
264
304
Generating /cluster/projects/nn8008k/lluisa/NextSIM/seas/Fmap_10days/2000_AMJ_ic0.5_dt0.0025_DT0.0100/66_Fmap_matrix.npy

real	0m27.223s
user	0m0.012s
sys	0m0.015s
268
308
Generating /cluster/projects/nn8008k/lluisa/NextSIM/seas/Fmap_10days/2000_AMJ_ic0.5_dt0.0025_DT0.0100/67_Fmap_matrix.npy

real	0m27.318s
user	0m0.012s
sys	0m0.015s
272
312
Generating /cluster/projects/nn8008k/lluisa/NextSIM/seas/Fmap_10days/2000_AMJ_ic0.5_dt0.0025_DT0.0100/68_Fmap_matrix.npy

real	0m27.145s
user	0m0.015s
sys	0m0.012s
276
316
Generating /cluster/projects/nn8008k/lluisa/NextSIM/seas/Fmap_10days/2000_AMJ_ic0.5_dt0.0025_DT0.0100/69_Fmap_matrix.npy

real	0m26.823s
user	0m0.012s
sys	0m0.014s
280
320
Generating /cluster/projects/nn8008k/lluisa/NextSIM/seas/Fmap_10days/2000_AMJ_ic0.5_dt0.0025_DT0.0100/70_Fmap_matrix.npy

real	0m27.311s
user	0m0.014s
sys	0m0.013s
284
324
Generating /cluster/projects/nn8008k/lluisa/NextSIM/seas/Fmap_10days/2000_AMJ_ic0.5_dt0.0025_DT0.0100/71_Fmap_matrix.npy

real	0m27.247s
user	0m0.010s
sys	0m0.017s
288
328
Generating /cluster/projects/nn8008k/lluisa/NextSIM/seas/Fmap_10days/2000_AMJ_ic0.5_dt0.0025_DT0.0100/72_Fmap_matrix.npy

real	0m27.369s
user	0m0.018s
sys	0m0.010s
292
332
Generating /cluster/projects/nn8008k/lluisa/NextSIM/seas/Fmap_10days/2000_AMJ_ic0.5_dt0.0025_DT0.0100/73_Fmap_matrix.npy

real	0m27.310s
user	0m0.016s
sys	0m0.011s
296
336
Generating /cluster/projects/nn8008k/lluisa/NextSIM/seas/Fmap_10days/2000_AMJ_ic0.5_dt0.0025_DT0.0100/74_Fmap_matrix.npy

real	0m26.840s
user	0m0.018s
sys	0m0.009s
300
340
Generating /cluster/projects/nn8008k/lluisa/NextSIM/seas/Fmap_10days/2000_AMJ_ic0.5_dt0.0025_DT0.0100/75_Fmap_matrix.npy

real	0m26.928s
user	0m0.014s
sys	0m0.013s
304
344
Generating /cluster/projects/nn8008k/lluisa/NextSIM/seas/Fmap_10days/2000_AMJ_ic0.5_dt0.0025_DT0.0100/76_Fmap_matrix.npy

real	0m27.120s
user	0m0.015s
sys	0m0.011s
308
348
Generating /cluster/projects/nn8008k/lluisa/NextSIM/seas/Fmap_10days/2000_AMJ_ic0.5_dt0.0025_DT0.0100/77_Fmap_matrix.npy

real	0m26.688s
user	0m0.014s
sys	0m0.012s
312
352
Generating /cluster/projects/nn8008k/lluisa/NextSIM/seas/Fmap_10days/2000_AMJ_ic0.5_dt0.0025_DT0.0100/78_Fmap_matrix.npy

real	0m27.210s
user	0m0.015s
sys	0m0.012s
316
356
Generating /cluster/projects/nn8008k/lluisa/NextSIM/seas/Fmap_10days/2000_AMJ_ic0.5_dt0.0025_DT0.0100/79_Fmap_matrix.npy

real	0m27.045s
user	0m0.016s
sys	0m0.011s
320
360
Generating /cluster/projects/nn8008k/lluisa/NextSIM/seas/Fmap_10days/2000_AMJ_ic0.5_dt0.0025_DT0.0100/80_Fmap_matrix.npy

real	0m27.018s
user	0m0.014s
sys	0m0.013s
EBVERSIONNUMACTL=2.0.16
SLURM_JOB_NUM_NODES=1
EBROOTNUMACTL=/cluster/software/numactl/2.0.16-GCCcore-13.2.0
EBDEVELNUMACTL=/cluster/software/numactl/2.0.16-GCCcore-13.2.0/easybuild/numactl-2.0.16-GCCcore-13.2.0-easybuild-devel
OMP_NUM_THREADS=32

Job 6228782 consumed 19.9 billing hours from project nn8008k.

Submitted 2025-05-03T00:03:20; waited 21.0 seconds in the queue after becoming eligible to run.

Requested wallclock time: 3.0 days
Elapsed wallclock time:   37.4 minutes

Job exited normally.

Task and CPU statistics:
ID              CPUs  Tasks  CPU util                Start   Elapsed  Exit status
6228782           32            0.0 %  2025-05-03T00:03:41  2241.0 s  0
6228782.batch     32      1     0.0 %  2025-05-03T00:03:41  2241.0 s  0
6228782.python    32      1    22.5 %  2025-05-03T00:03:47    35.0 s  0
6228782.python    32      1    27.9 %  2025-05-03T00:04:22    28.0 s  0
6228782.python    32      1    29.2 %  2025-05-03T00:04:50    27.0 s  0
6228782.python    32      1    28.2 %  2025-05-03T00:05:17    28.0 s  0
6228782.python    32      1    28.0 %  2025-05-03T00:05:45    28.0 s  0
6228782.python    32      1    29.0 %  2025-05-03T00:06:13    27.0 s  0
6228782.python    32      1    28.2 %  2025-05-03T00:06:40    28.0 s  0
6228782.python    32      1    28.1 %  2025-05-03T00:07:08    28.0 s  0
6228782.python    32      1    28.1 %  2025-05-03T00:07:36    28.0 s  0
6228782.python    32      1    28.0 %  2025-05-03T00:08:04    28.0 s  0
6228782.python    32      1    28.0 %  2025-05-03T00:08:32    28.0 s  0
6228782.python    32      1    28.9 %  2025-05-03T00:09:00    27.0 s  0
6228782.python    32      1    28.1 %  2025-05-03T00:09:27    28.0 s  0
6228782.python    32      1    28.1 %  2025-05-03T00:09:55    28.0 s  0
6228782.python    32      1    29.2 %  2025-05-03T00:10:23    27.0 s  0
6228782.python    32      1    27.4 %  2025-05-03T00:10:50    29.0 s  0
6228782.python    32      1    28.1 %  2025-05-03T00:11:19    28.0 s  0
6228782.python    32      1    28.3 %  2025-05-03T00:11:47    28.0 s  0
6228782.python    32      1    28.1 %  2025-05-03T00:12:15    28.0 s  0
6228782.python    32      1    29.1 %  2025-05-03T00:12:43    27.0 s  0
6228782.python    32      1    28.0 %  2025-05-03T00:13:10    28.0 s  0
6228782.python    32      1    28.2 %  2025-05-03T00:13:38    28.0 s  0
6228782.python    32      1    28.3 %  2025-05-03T00:14:06    28.0 s  0
6228782.python    32      1    28.0 %  2025-05-03T00:14:34    28.0 s  0
6228782.python    32      1    29.3 %  2025-05-03T00:15:02    27.0 s  0
6228782.python    32      1    27.9 %  2025-05-03T00:15:29    28.0 s  0
6228782.python    32      1    28.0 %  2025-05-03T00:15:57    28.0 s  0
6228782.python    32      1    29.1 %  2025-05-03T00:16:25    27.0 s  0
6228782.python    32      1    27.9 %  2025-05-03T00:16:52    28.0 s  0
6228782.python    32      1    27.9 %  2025-05-03T00:17:20    28.0 s  0
6228782.python    32      1    29.0 %  2025-05-03T00:17:48    27.0 s  0
6228782.python    32      1    28.0 %  2025-05-03T00:18:15    28.0 s  0
6228782.python    32      1    28.8 %  2025-05-03T00:18:43    27.0 s  0
6228782.python    32      1    27.0 %  2025-05-03T00:19:10    29.0 s  0
6228782.python    32      1    28.6 %  2025-05-03T00:19:39    27.0 s  0
6228782.python    32      1    27.7 %  2025-05-03T00:20:06    28.0 s  0
6228782.python    32      1    28.4 %  2025-05-03T00:20:34    27.0 s  0
6228782.python    32      1    28.9 %  2025-05-03T00:21:01    27.0 s  0
6228782.python    32      1    27.5 %  2025-05-03T00:21:28    28.0 s  0
6228782.python    32      1    27.6 %  2025-05-03T00:21:56    28.0 s  0
6228782.python    32      1    28.7 %  2025-05-03T00:22:24    27.0 s  0
6228782.python    32      1    28.3 %  2025-05-03T00:22:51    27.0 s  0
6228782.python    32      1    27.5 %  2025-05-03T00:23:18    28.0 s  0
6228782.python    32      1    27.5 %  2025-05-03T00:23:46    28.0 s  0
6228782.python    32      1    28.6 %  2025-05-03T00:24:14    27.0 s  0
6228782.python    32      1    28.6 %  2025-05-03T00:24:41    27.0 s  0
6228782.python    32      1    27.6 %  2025-05-03T00:25:08    28.0 s  0
6228782.python    32      1    29.3 %  2025-05-03T00:25:36    27.0 s  0
6228782.python    32      1    27.5 %  2025-05-03T00:26:03    28.0 s  0
6228782.python    32      1    28.4 %  2025-05-03T00:26:31    27.0 s  0
6228782.python    32      1    28.5 %  2025-05-03T00:26:58    27.0 s  0
6228782.python    32      1    28.4 %  2025-05-03T00:27:25    27.0 s  0
6228782.python    32      1    28.3 %  2025-05-03T00:27:52    27.0 s  0
6228782.python    32      1    27.4 %  2025-05-03T00:28:20    28.0 s  0
6228782.python    32      1    28.2 %  2025-05-03T00:28:48    27.0 s  0
6228782.python    32      1    28.4 %  2025-05-03T00:29:15    27.0 s  0
6228782.python    32      1    27.3 %  2025-05-03T00:29:42    28.0 s  0
6228782.python    32      1    28.3 %  2025-05-03T00:30:10    27.0 s  0
6228782.python    32      1    27.3 %  2025-05-03T00:30:37    28.0 s  0
6228782.python    32      1    28.3 %  2025-05-03T00:31:05    27.0 s  0
6228782.python    32      1    27.3 %  2025-05-03T00:31:32    28.0 s  0
6228782.python    32      1    28.2 %  2025-05-03T00:32:00    27.0 s  0
6228782.python    32      1    28.2 %  2025-05-03T00:32:27    27.0 s  0
6228782.python    32      1    26.9 %  2025-05-03T00:32:54    28.0 s  0
6228782.python    32      1    28.1 %  2025-05-03T00:33:22    27.0 s  0
6228782.python    32      1    27.8 %  2025-05-03T00:33:49    27.0 s  0
6228782.python    32      1    28.0 %  2025-05-03T00:34:16    27.0 s  0
6228782.python    32      1    28.0 %  2025-05-03T00:34:43    27.0 s  0
6228782.python    32      1    27.8 %  2025-05-03T00:35:10    27.0 s  0
6228782.python    32      1    27.7 %  2025-05-03T00:35:37    27.0 s  0
6228782.python    32      1    28.0 %  2025-05-03T00:36:04    27.0 s  0
6228782.python    32      1    27.9 %  2025-05-03T00:36:32    27.0 s  0
6228782.python    32      1    27.9 %  2025-05-03T00:36:59    27.0 s  0
6228782.python    32      1    27.9 %  2025-05-03T00:37:26    27.0 s  0
6228782.python    32      1    27.7 %  2025-05-03T00:37:53    27.0 s  0
6228782.python    32      1    27.6 %  2025-05-03T00:38:20    27.0 s  0
6228782.python    32      1    28.0 %  2025-05-03T00:38:47    27.0 s  0
6228782.python    32      1    27.5 %  2025-05-03T00:39:14    27.0 s  0
6228782.python    32      1    27.5 %  2025-05-03T00:39:41    27.0 s  0
6228782.python    32      1    27.4 %  2025-05-03T00:40:08    27.0 s  0
6228782.python    32      1    27.4 %  2025-05-03T00:40:35    27.0 s  0

Used CPU time:   5.6 CPU hours
Unused CPU time: 14.4 CPU hours

Memory statistics, in GiB:
ID               Alloc   Usage
6228782           59.0        
6228782.batch     59.0     0.0
6228782.python    59.0     6.9
6228782.python    59.0     0.1
6228782.python    59.0     0.1
6228782.python    59.0     0.1
6228782.python    59.0     0.1
6228782.python    59.0     0.1
6228782.python    59.0     0.1
6228782.python    59.0     0.1
6228782.python    59.0     0.1
6228782.python    59.0     0.1
6228782.python    59.0     0.1
6228782.python    59.0     0.1
6228782.python    59.0     0.1
6228782.python    59.0     0.1
6228782.python    59.0     0.1
6228782.python    59.0     0.1
6228782.python    59.0     0.1
6228782.python    59.0     0.1
6228782.python    59.0     0.1
6228782.python    59.0     0.1
6228782.python    59.0     0.1
6228782.python    59.0     0.1
6228782.python    59.0     0.1
6228782.python    59.0     0.1
6228782.python    59.0     0.1
6228782.python    59.0     0.1
6228782.python    59.0     0.1
6228782.python    59.0     0.1
6228782.python    59.0     0.1
6228782.python    59.0     0.1
6228782.python    59.0     0.1
6228782.python    59.0     0.1
6228782.python    59.0     0.1
6228782.python    59.0     0.1
6228782.python    59.0     0.1
6228782.python    59.0     0.1
6228782.python    59.0     0.1
6228782.python    59.0     0.1
6228782.python    59.0     0.1
6228782.python    59.0     0.1
6228782.python    59.0     0.1
6228782.python    59.0     0.1
6228782.python    59.0     0.1
6228782.python    59.0     0.1
6228782.python    59.0     0.1
6228782.python    59.0     0.1
6228782.python    59.0     0.1
6228782.python    59.0     0.1
6228782.python    59.0     0.1
6228782.python    59.0     0.1
6228782.python    59.0     0.1
6228782.python    59.0     0.1
6228782.python    59.0     0.1
6228782.python    59.0     0.1
6228782.python    59.0     0.1
6228782.python    59.0     0.1
6228782.python    59.0     0.1
6228782.python    59.0     0.1
6228782.python    59.0     0.1
6228782.python    59.0     0.1
6228782.python    59.0     0.1
6228782.python    59.0     0.1
6228782.python    59.0     0.1
6228782.python    59.0     0.1
6228782.python    59.0     0.1
6228782.python    59.0     0.1
6228782.python    59.0     0.1
6228782.python    59.0     0.1
6228782.python    59.0     0.1
6228782.python    59.0     0.1
6228782.python    59.0     0.1
6228782.python    59.0     0.1
6228782.python    59.0     0.1
6228782.python    59.0     0.1
6228782.python    59.0     0.1
6228782.python    59.0     0.1
6228782.python    59.0     0.1
6228782.python    59.0     0.1
6228782.python    59.0     0.1
6228782.python    59.0     0.1
6228782.python    59.0     0.1

Job 6228782 completed at Sat May 3 00:41:03 CEST 2025
