Starting job 6228811 on c27-11 on fram at Sat May 3 00:03:44 CEST 2025


Currently Loaded Modules:
  1) StdEnv (S)

  Where:
   S:  Module is Sticky, requires --force to unload or purge

 


The following have been reloaded with a version change:
  1) GCCcore/13.3.0 => GCCcore/13.2.0
  2) OpenSSL/3 => OpenSSL/1.1
  3) Python/3.12.3-GCCcore-13.3.0 => Python/3.11.5-GCCcore-13.2.0
  4) SQLite/3.45.3-GCCcore-13.3.0 => SQLite/3.43.1-GCCcore-13.2.0
  5) Tcl/8.6.14-GCCcore-13.3.0 => Tcl/8.6.13-GCCcore-13.2.0
  6) XZ/5.4.5-GCCcore-13.3.0 => XZ/5.4.4-GCCcore-13.2.0
  7) binutils/2.42-GCCcore-13.3.0 => binutils/2.40-GCCcore-13.2.0
  8) bzip2/1.0.8-GCCcore-13.3.0 => bzip2/1.0.8-GCCcore-13.2.0
  9) libffi/3.4.5-GCCcore-13.3.0 => libffi/3.4.4-GCCcore-13.2.0
 10) libreadline/8.2-GCCcore-13.3.0 => libreadline/8.2-GCCcore-13.2.0
 11) ncurses/6.5-GCCcore-13.3.0 => ncurses/6.4-GCCcore-13.2.0
 12) zlib/1.3.1-GCCcore-13.3.0 => zlib/1.2.13-GCCcore-13.2.0

0
40
Generating /cluster/projects/nn8008k/lluisa/NextSIM/seas/Fmap_10days/2007_OND_ic0.5_dt0.0025_DT0.0100/0_Fmap_matrix.npy

real	0m32.604s
user	0m0.018s
sys	0m0.021s
4
44
Generating /cluster/projects/nn8008k/lluisa/NextSIM/seas/Fmap_10days/2007_OND_ic0.5_dt0.0025_DT0.0100/1_Fmap_matrix.npy

real	0m23.281s
user	0m0.018s
sys	0m0.011s
8
48
Generating /cluster/projects/nn8008k/lluisa/NextSIM/seas/Fmap_10days/2007_OND_ic0.5_dt0.0025_DT0.0100/2_Fmap_matrix.npy

real	0m23.083s
user	0m0.016s
sys	0m0.011s
12
52
Generating /cluster/projects/nn8008k/lluisa/NextSIM/seas/Fmap_10days/2007_OND_ic0.5_dt0.0025_DT0.0100/3_Fmap_matrix.npy

real	0m23.095s
user	0m0.015s
sys	0m0.013s
16
56
Generating /cluster/projects/nn8008k/lluisa/NextSIM/seas/Fmap_10days/2007_OND_ic0.5_dt0.0025_DT0.0100/4_Fmap_matrix.npy

real	0m23.696s
user	0m0.013s
sys	0m0.014s
20
60
Generating /cluster/projects/nn8008k/lluisa/NextSIM/seas/Fmap_10days/2007_OND_ic0.5_dt0.0025_DT0.0100/5_Fmap_matrix.npy

real	0m23.563s
user	0m0.013s
sys	0m0.015s
24
64
Generating /cluster/projects/nn8008k/lluisa/NextSIM/seas/Fmap_10days/2007_OND_ic0.5_dt0.0025_DT0.0100/6_Fmap_matrix.npy

real	0m23.385s
user	0m0.020s
sys	0m0.007s
28
68
Generating /cluster/projects/nn8008k/lluisa/NextSIM/seas/Fmap_10days/2007_OND_ic0.5_dt0.0025_DT0.0100/7_Fmap_matrix.npy

real	0m23.323s
user	0m0.018s
sys	0m0.010s
32
72
Generating /cluster/projects/nn8008k/lluisa/NextSIM/seas/Fmap_10days/2007_OND_ic0.5_dt0.0025_DT0.0100/8_Fmap_matrix.npy

real	0m23.676s
user	0m0.013s
sys	0m0.014s
36
76
Generating /cluster/projects/nn8008k/lluisa/NextSIM/seas/Fmap_10days/2007_OND_ic0.5_dt0.0025_DT0.0100/9_Fmap_matrix.npy

real	0m23.246s
user	0m0.014s
sys	0m0.013s
40
80
Generating /cluster/projects/nn8008k/lluisa/NextSIM/seas/Fmap_10days/2007_OND_ic0.5_dt0.0025_DT0.0100/10_Fmap_matrix.npy

real	0m23.258s
user	0m0.010s
sys	0m0.016s
44
84
Generating /cluster/projects/nn8008k/lluisa/NextSIM/seas/Fmap_10days/2007_OND_ic0.5_dt0.0025_DT0.0100/11_Fmap_matrix.npy

real	0m23.583s
user	0m0.012s
sys	0m0.014s
48
88
Generating /cluster/projects/nn8008k/lluisa/NextSIM/seas/Fmap_10days/2007_OND_ic0.5_dt0.0025_DT0.0100/12_Fmap_matrix.npy

real	0m23.608s
user	0m0.012s
sys	0m0.015s
52
92
Generating /cluster/projects/nn8008k/lluisa/NextSIM/seas/Fmap_10days/2007_OND_ic0.5_dt0.0025_DT0.0100/13_Fmap_matrix.npy

real	0m23.355s
user	0m0.014s
sys	0m0.014s
56
96
Generating /cluster/projects/nn8008k/lluisa/NextSIM/seas/Fmap_10days/2007_OND_ic0.5_dt0.0025_DT0.0100/14_Fmap_matrix.npy

real	0m23.559s
user	0m0.014s
sys	0m0.013s
60
100
Generating /cluster/projects/nn8008k/lluisa/NextSIM/seas/Fmap_10days/2007_OND_ic0.5_dt0.0025_DT0.0100/15_Fmap_matrix.npy

real	0m23.293s
user	0m0.011s
sys	0m0.017s
64
104
Generating /cluster/projects/nn8008k/lluisa/NextSIM/seas/Fmap_10days/2007_OND_ic0.5_dt0.0025_DT0.0100/16_Fmap_matrix.npy

real	0m23.628s
user	0m0.011s
sys	0m0.015s
68
108
Generating /cluster/projects/nn8008k/lluisa/NextSIM/seas/Fmap_10days/2007_OND_ic0.5_dt0.0025_DT0.0100/17_Fmap_matrix.npy

real	0m23.294s
user	0m0.012s
sys	0m0.015s
72
112
Generating /cluster/projects/nn8008k/lluisa/NextSIM/seas/Fmap_10days/2007_OND_ic0.5_dt0.0025_DT0.0100/18_Fmap_matrix.npy

real	0m23.585s
user	0m0.014s
sys	0m0.013s
76
116
Generating /cluster/projects/nn8008k/lluisa/NextSIM/seas/Fmap_10days/2007_OND_ic0.5_dt0.0025_DT0.0100/19_Fmap_matrix.npy

real	0m23.846s
user	0m0.013s
sys	0m0.014s
80
120
Generating /cluster/projects/nn8008k/lluisa/NextSIM/seas/Fmap_10days/2007_OND_ic0.5_dt0.0025_DT0.0100/20_Fmap_matrix.npy

real	0m23.680s
user	0m0.015s
sys	0m0.012s
84
124
Generating /cluster/projects/nn8008k/lluisa/NextSIM/seas/Fmap_10days/2007_OND_ic0.5_dt0.0025_DT0.0100/21_Fmap_matrix.npy

real	0m23.747s
user	0m0.010s
sys	0m0.016s
88
128
Generating /cluster/projects/nn8008k/lluisa/NextSIM/seas/Fmap_10days/2007_OND_ic0.5_dt0.0025_DT0.0100/22_Fmap_matrix.npy

real	0m23.987s
user	0m0.011s
sys	0m0.015s
92
132
Generating /cluster/projects/nn8008k/lluisa/NextSIM/seas/Fmap_10days/2007_OND_ic0.5_dt0.0025_DT0.0100/23_Fmap_matrix.npy

real	0m24.102s
user	0m0.016s
sys	0m0.011s
96
136
Generating /cluster/projects/nn8008k/lluisa/NextSIM/seas/Fmap_10days/2007_OND_ic0.5_dt0.0025_DT0.0100/24_Fmap_matrix.npy

real	0m23.924s
user	0m0.011s
sys	0m0.016s
100
140
Generating /cluster/projects/nn8008k/lluisa/NextSIM/seas/Fmap_10days/2007_OND_ic0.5_dt0.0025_DT0.0100/25_Fmap_matrix.npy

real	0m24.197s
user	0m0.013s
sys	0m0.014s
104
144
Generating /cluster/projects/nn8008k/lluisa/NextSIM/seas/Fmap_10days/2007_OND_ic0.5_dt0.0025_DT0.0100/26_Fmap_matrix.npy

real	0m24.368s
user	0m0.015s
sys	0m0.012s
108
148
Generating /cluster/projects/nn8008k/lluisa/NextSIM/seas/Fmap_10days/2007_OND_ic0.5_dt0.0025_DT0.0100/27_Fmap_matrix.npy

real	0m24.343s
user	0m0.011s
sys	0m0.016s
112
152
Generating /cluster/projects/nn8008k/lluisa/NextSIM/seas/Fmap_10days/2007_OND_ic0.5_dt0.0025_DT0.0100/28_Fmap_matrix.npy

real	0m24.128s
user	0m0.020s
sys	0m0.008s
116
156
Generating /cluster/projects/nn8008k/lluisa/NextSIM/seas/Fmap_10days/2007_OND_ic0.5_dt0.0025_DT0.0100/29_Fmap_matrix.npy

real	0m24.711s
user	0m0.014s
sys	0m0.014s
120
160
Generating /cluster/projects/nn8008k/lluisa/NextSIM/seas/Fmap_10days/2007_OND_ic0.5_dt0.0025_DT0.0100/30_Fmap_matrix.npy

real	0m24.763s
user	0m0.012s
sys	0m0.015s
124
164
Generating /cluster/projects/nn8008k/lluisa/NextSIM/seas/Fmap_10days/2007_OND_ic0.5_dt0.0025_DT0.0100/31_Fmap_matrix.npy

real	0m24.800s
user	0m0.016s
sys	0m0.012s
128
168
Generating /cluster/projects/nn8008k/lluisa/NextSIM/seas/Fmap_10days/2007_OND_ic0.5_dt0.0025_DT0.0100/32_Fmap_matrix.npy

real	0m25.257s
user	0m0.013s
sys	0m0.014s
132
172
Generating /cluster/projects/nn8008k/lluisa/NextSIM/seas/Fmap_10days/2007_OND_ic0.5_dt0.0025_DT0.0100/33_Fmap_matrix.npy

real	0m24.653s
user	0m0.014s
sys	0m0.013s
136
176
Generating /cluster/projects/nn8008k/lluisa/NextSIM/seas/Fmap_10days/2007_OND_ic0.5_dt0.0025_DT0.0100/34_Fmap_matrix.npy

real	0m24.776s
user	0m0.012s
sys	0m0.015s
140
180
Generating /cluster/projects/nn8008k/lluisa/NextSIM/seas/Fmap_10days/2007_OND_ic0.5_dt0.0025_DT0.0100/35_Fmap_matrix.npy

real	0m25.161s
user	0m0.012s
sys	0m0.015s
144
184
Generating /cluster/projects/nn8008k/lluisa/NextSIM/seas/Fmap_10days/2007_OND_ic0.5_dt0.0025_DT0.0100/36_Fmap_matrix.npy

real	0m25.085s
user	0m0.017s
sys	0m0.010s
148
188
Generating /cluster/projects/nn8008k/lluisa/NextSIM/seas/Fmap_10days/2007_OND_ic0.5_dt0.0025_DT0.0100/37_Fmap_matrix.npy

real	0m25.385s
user	0m0.015s
sys	0m0.014s
152
192
Generating /cluster/projects/nn8008k/lluisa/NextSIM/seas/Fmap_10days/2007_OND_ic0.5_dt0.0025_DT0.0100/38_Fmap_matrix.npy

real	0m25.210s
user	0m0.016s
sys	0m0.011s
156
196
Generating /cluster/projects/nn8008k/lluisa/NextSIM/seas/Fmap_10days/2007_OND_ic0.5_dt0.0025_DT0.0100/39_Fmap_matrix.npy

real	0m25.460s
user	0m0.017s
sys	0m0.010s
160
200
Generating /cluster/projects/nn8008k/lluisa/NextSIM/seas/Fmap_10days/2007_OND_ic0.5_dt0.0025_DT0.0100/40_Fmap_matrix.npy

real	0m25.216s
user	0m0.013s
sys	0m0.015s
164
204
Generating /cluster/projects/nn8008k/lluisa/NextSIM/seas/Fmap_10days/2007_OND_ic0.5_dt0.0025_DT0.0100/41_Fmap_matrix.npy

real	0m25.267s
user	0m0.013s
sys	0m0.014s
168
208
Generating /cluster/projects/nn8008k/lluisa/NextSIM/seas/Fmap_10days/2007_OND_ic0.5_dt0.0025_DT0.0100/42_Fmap_matrix.npy

real	0m25.501s
user	0m0.013s
sys	0m0.014s
172
212
Generating /cluster/projects/nn8008k/lluisa/NextSIM/seas/Fmap_10days/2007_OND_ic0.5_dt0.0025_DT0.0100/43_Fmap_matrix.npy

real	0m25.598s
user	0m0.009s
sys	0m0.018s
176
216
Generating /cluster/projects/nn8008k/lluisa/NextSIM/seas/Fmap_10days/2007_OND_ic0.5_dt0.0025_DT0.0100/44_Fmap_matrix.npy

real	0m25.681s
user	0m0.013s
sys	0m0.015s
180
220
Generating /cluster/projects/nn8008k/lluisa/NextSIM/seas/Fmap_10days/2007_OND_ic0.5_dt0.0025_DT0.0100/45_Fmap_matrix.npy

real	0m25.472s
user	0m0.011s
sys	0m0.016s
184
224
Generating /cluster/projects/nn8008k/lluisa/NextSIM/seas/Fmap_10days/2007_OND_ic0.5_dt0.0025_DT0.0100/46_Fmap_matrix.npy

real	0m25.479s
user	0m0.014s
sys	0m0.014s
188
228
Generating /cluster/projects/nn8008k/lluisa/NextSIM/seas/Fmap_10days/2007_OND_ic0.5_dt0.0025_DT0.0100/47_Fmap_matrix.npy

real	0m25.370s
user	0m0.015s
sys	0m0.012s
192
232
Generating /cluster/projects/nn8008k/lluisa/NextSIM/seas/Fmap_10days/2007_OND_ic0.5_dt0.0025_DT0.0100/48_Fmap_matrix.npy

real	0m25.676s
user	0m0.013s
sys	0m0.013s
196
236
Generating /cluster/projects/nn8008k/lluisa/NextSIM/seas/Fmap_10days/2007_OND_ic0.5_dt0.0025_DT0.0100/49_Fmap_matrix.npy

real	0m26.035s
user	0m0.013s
sys	0m0.015s
200
240
Generating /cluster/projects/nn8008k/lluisa/NextSIM/seas/Fmap_10days/2007_OND_ic0.5_dt0.0025_DT0.0100/50_Fmap_matrix.npy

real	0m25.433s
user	0m0.016s
sys	0m0.011s
204
244
Generating /cluster/projects/nn8008k/lluisa/NextSIM/seas/Fmap_10days/2007_OND_ic0.5_dt0.0025_DT0.0100/51_Fmap_matrix.npy

real	0m25.813s
user	0m0.013s
sys	0m0.014s
208
248
Generating /cluster/projects/nn8008k/lluisa/NextSIM/seas/Fmap_10days/2007_OND_ic0.5_dt0.0025_DT0.0100/52_Fmap_matrix.npy

real	0m26.214s
user	0m0.011s
sys	0m0.016s
212
252
Generating /cluster/projects/nn8008k/lluisa/NextSIM/seas/Fmap_10days/2007_OND_ic0.5_dt0.0025_DT0.0100/53_Fmap_matrix.npy

real	0m25.622s
user	0m0.013s
sys	0m0.014s
216
256
Generating /cluster/projects/nn8008k/lluisa/NextSIM/seas/Fmap_10days/2007_OND_ic0.5_dt0.0025_DT0.0100/54_Fmap_matrix.npy

real	0m25.827s
user	0m0.013s
sys	0m0.013s
220
260
Generating /cluster/projects/nn8008k/lluisa/NextSIM/seas/Fmap_10days/2007_OND_ic0.5_dt0.0025_DT0.0100/55_Fmap_matrix.npy

real	0m26.210s
user	0m0.012s
sys	0m0.016s
224
264
Generating /cluster/projects/nn8008k/lluisa/NextSIM/seas/Fmap_10days/2007_OND_ic0.5_dt0.0025_DT0.0100/56_Fmap_matrix.npy

real	0m25.980s
user	0m0.014s
sys	0m0.013s
228
268
Generating /cluster/projects/nn8008k/lluisa/NextSIM/seas/Fmap_10days/2007_OND_ic0.5_dt0.0025_DT0.0100/57_Fmap_matrix.npy

real	0m25.781s
user	0m0.011s
sys	0m0.016s
232
272
Generating /cluster/projects/nn8008k/lluisa/NextSIM/seas/Fmap_10days/2007_OND_ic0.5_dt0.0025_DT0.0100/58_Fmap_matrix.npy

real	0m26.182s
user	0m0.013s
sys	0m0.014s
236
276
Generating /cluster/projects/nn8008k/lluisa/NextSIM/seas/Fmap_10days/2007_OND_ic0.5_dt0.0025_DT0.0100/59_Fmap_matrix.npy

real	0m25.877s
user	0m0.014s
sys	0m0.013s
240
280
Generating /cluster/projects/nn8008k/lluisa/NextSIM/seas/Fmap_10days/2007_OND_ic0.5_dt0.0025_DT0.0100/60_Fmap_matrix.npy

real	0m26.555s
user	0m0.017s
sys	0m0.010s
244
284
Generating /cluster/projects/nn8008k/lluisa/NextSIM/seas/Fmap_10days/2007_OND_ic0.5_dt0.0025_DT0.0100/61_Fmap_matrix.npy

real	0m26.039s
user	0m0.011s
sys	0m0.016s
248
288
Generating /cluster/projects/nn8008k/lluisa/NextSIM/seas/Fmap_10days/2007_OND_ic0.5_dt0.0025_DT0.0100/62_Fmap_matrix.npy

real	0m26.436s
user	0m0.014s
sys	0m0.014s
252
292
Generating /cluster/projects/nn8008k/lluisa/NextSIM/seas/Fmap_10days/2007_OND_ic0.5_dt0.0025_DT0.0100/63_Fmap_matrix.npy

real	0m26.362s
user	0m0.012s
sys	0m0.015s
256
296
Generating /cluster/projects/nn8008k/lluisa/NextSIM/seas/Fmap_10days/2007_OND_ic0.5_dt0.0025_DT0.0100/64_Fmap_matrix.npy

real	0m26.147s
user	0m0.014s
sys	0m0.013s
260
300
Generating /cluster/projects/nn8008k/lluisa/NextSIM/seas/Fmap_10days/2007_OND_ic0.5_dt0.0025_DT0.0100/65_Fmap_matrix.npy

real	0m26.402s
user	0m0.012s
sys	0m0.015s
264
304
Generating /cluster/projects/nn8008k/lluisa/NextSIM/seas/Fmap_10days/2007_OND_ic0.5_dt0.0025_DT0.0100/66_Fmap_matrix.npy

real	0m26.388s
user	0m0.011s
sys	0m0.015s
268
308
Generating /cluster/projects/nn8008k/lluisa/NextSIM/seas/Fmap_10days/2007_OND_ic0.5_dt0.0025_DT0.0100/67_Fmap_matrix.npy

real	0m26.324s
user	0m0.012s
sys	0m0.015s
272
312
Generating /cluster/projects/nn8008k/lluisa/NextSIM/seas/Fmap_10days/2007_OND_ic0.5_dt0.0025_DT0.0100/68_Fmap_matrix.npy

real	0m26.330s
user	0m0.011s
sys	0m0.016s
276
316
Generating /cluster/projects/nn8008k/lluisa/NextSIM/seas/Fmap_10days/2007_OND_ic0.5_dt0.0025_DT0.0100/69_Fmap_matrix.npy

real	0m26.609s
user	0m0.014s
sys	0m0.014s
280
320
Generating /cluster/projects/nn8008k/lluisa/NextSIM/seas/Fmap_10days/2007_OND_ic0.5_dt0.0025_DT0.0100/70_Fmap_matrix.npy

real	0m26.490s
user	0m0.013s
sys	0m0.014s
284
324
Generating /cluster/projects/nn8008k/lluisa/NextSIM/seas/Fmap_10days/2007_OND_ic0.5_dt0.0025_DT0.0100/71_Fmap_matrix.npy

real	0m26.439s
user	0m0.016s
sys	0m0.010s
288
328
Generating /cluster/projects/nn8008k/lluisa/NextSIM/seas/Fmap_10days/2007_OND_ic0.5_dt0.0025_DT0.0100/72_Fmap_matrix.npy

real	0m26.792s
user	0m0.015s
sys	0m0.011s
292
332
Generating /cluster/projects/nn8008k/lluisa/NextSIM/seas/Fmap_10days/2007_OND_ic0.5_dt0.0025_DT0.0100/73_Fmap_matrix.npy

real	0m26.768s
user	0m0.012s
sys	0m0.015s
296
336
Generating /cluster/projects/nn8008k/lluisa/NextSIM/seas/Fmap_10days/2007_OND_ic0.5_dt0.0025_DT0.0100/74_Fmap_matrix.npy

real	0m26.590s
user	0m0.012s
sys	0m0.015s
300
340
Generating /cluster/projects/nn8008k/lluisa/NextSIM/seas/Fmap_10days/2007_OND_ic0.5_dt0.0025_DT0.0100/75_Fmap_matrix.npy

real	0m27.025s
user	0m0.014s
sys	0m0.013s
304
344
Generating /cluster/projects/nn8008k/lluisa/NextSIM/seas/Fmap_10days/2007_OND_ic0.5_dt0.0025_DT0.0100/76_Fmap_matrix.npy

real	0m26.648s
user	0m0.015s
sys	0m0.013s
308
348
Generating /cluster/projects/nn8008k/lluisa/NextSIM/seas/Fmap_10days/2007_OND_ic0.5_dt0.0025_DT0.0100/77_Fmap_matrix.npy

real	0m27.203s
user	0m0.016s
sys	0m0.010s
312
352
Generating /cluster/projects/nn8008k/lluisa/NextSIM/seas/Fmap_10days/2007_OND_ic0.5_dt0.0025_DT0.0100/78_Fmap_matrix.npy

real	0m26.589s
user	0m0.009s
sys	0m0.017s
316
356
Generating /cluster/projects/nn8008k/lluisa/NextSIM/seas/Fmap_10days/2007_OND_ic0.5_dt0.0025_DT0.0100/79_Fmap_matrix.npy

real	0m27.003s
user	0m0.015s
sys	0m0.012s
320
360
Generating /cluster/projects/nn8008k/lluisa/NextSIM/seas/Fmap_10days/2007_OND_ic0.5_dt0.0025_DT0.0100/80_Fmap_matrix.npy

real	0m26.817s
user	0m0.016s
sys	0m0.011s
EBVERSIONNUMACTL=2.0.16
SLURM_JOB_NUM_NODES=1
EBROOTNUMACTL=/cluster/software/numactl/2.0.16-GCCcore-13.2.0
EBDEVELNUMACTL=/cluster/software/numactl/2.0.16-GCCcore-13.2.0/easybuild/numactl-2.0.16-GCCcore-13.2.0-easybuild-devel
OMP_NUM_THREADS=32

Job 6228811 consumed 18.2 billing hours from project nn8008k.

Submitted 2025-05-03T00:03:21; waited 20.0 seconds in the queue after becoming eligible to run.

Requested wallclock time: 3.0 days
Elapsed wallclock time:   34.1 minutes

Job exited normally.

Task and CPU statistics:
ID              CPUs  Tasks  CPU util                Start   Elapsed  Exit status
6228811           32            0.0 %  2025-05-03T00:03:41  2047.0 s  0
6228811.batch     32      1     0.0 %  2025-05-03T00:03:41  2047.0 s  0
6228811.python    32      1    15.6 %  2025-05-03T00:03:46    33.0 s  0
6228811.python    32      1    22.3 %  2025-05-03T00:04:19    23.0 s  0
6228811.python    32      1    22.3 %  2025-05-03T00:04:42    23.0 s  0
6228811.python    32      1    22.4 %  2025-05-03T00:05:05    23.0 s  0
6228811.python    32      1    21.7 %  2025-05-03T00:05:28    24.0 s  0
6228811.python    32      1    22.5 %  2025-05-03T00:05:52    23.0 s  0
6228811.python    32      1    21.5 %  2025-05-03T00:06:15    24.0 s  0
6228811.python    32      1    22.7 %  2025-05-03T00:06:39    23.0 s  0
6228811.python    32      1    21.8 %  2025-05-03T00:07:02    24.0 s  0
6228811.python    32      1    22.6 %  2025-05-03T00:07:26    23.0 s  0
6228811.python    32      1    22.6 %  2025-05-03T00:07:49    23.0 s  0
6228811.python    32      1    22.2 %  2025-05-03T00:08:12    24.0 s  0
6228811.python    32      1    23.0 %  2025-05-03T00:08:36    23.0 s  0
6228811.python    32      1    22.1 %  2025-05-03T00:08:59    24.0 s  0
6228811.python    32      1    23.2 %  2025-05-03T00:09:23    23.0 s  0
6228811.python    32      1    22.1 %  2025-05-03T00:09:46    24.0 s  0
6228811.python    32      1    23.5 %  2025-05-03T00:10:10    23.0 s  0
6228811.python    32      1    22.5 %  2025-05-03T00:10:33    24.0 s  0
6228811.python    32      1    24.0 %  2025-05-03T00:10:57    23.0 s  0
6228811.python    32      1    23.0 %  2025-05-03T00:11:20    24.0 s  0
6228811.python    32      1    23.3 %  2025-05-03T00:11:44    24.0 s  0
6228811.python    32      1    24.8 %  2025-05-03T00:12:08    23.0 s  0
6228811.python    32      1    23.9 %  2025-05-03T00:12:31    24.0 s  0
6228811.python    32      1    23.2 %  2025-05-03T00:12:55    25.0 s  0
6228811.python    32      1    25.2 %  2025-05-03T00:13:20    23.0 s  0
6228811.python    32      1    23.2 %  2025-05-03T00:13:43    25.0 s  0
6228811.python    32      1    24.5 %  2025-05-03T00:14:08    24.0 s  0
6228811.python    32      1    24.8 %  2025-05-03T00:14:32    24.0 s  0
6228811.python    32      1    25.1 %  2025-05-03T00:14:56    24.0 s  0
6228811.python    32      1    25.3 %  2025-05-03T00:15:21    24.0 s  0
6228811.python    32      1    24.5 %  2025-05-03T00:15:45    25.0 s  0
6228811.python    32      1    24.7 %  2025-05-03T00:16:10    25.0 s  0
6228811.python    32      1    25.0 %  2025-05-03T00:16:35    25.0 s  0
6228811.python    32      1    25.2 %  2025-05-03T00:17:00    25.0 s  0
6228811.python    32      1    26.1 %  2025-05-03T00:17:25    24.0 s  0
6228811.python    32      1    24.2 %  2025-05-03T00:17:49    26.0 s  0
6228811.python    32      1    25.5 %  2025-05-03T00:18:15    25.0 s  0
6228811.python    32      1    25.8 %  2025-05-03T00:18:40    25.0 s  0
6228811.python    32      1    25.9 %  2025-05-03T00:19:05    25.0 s  0
6228811.python    32      1    24.8 %  2025-05-03T00:19:30    26.0 s  0
6228811.python    32      1    25.9 %  2025-05-03T00:19:56    25.0 s  0
6228811.python    32      1    26.3 %  2025-05-03T00:20:21    25.0 s  0
6228811.python    32      1    25.2 %  2025-05-03T00:20:46    26.0 s  0
6228811.python    32      1    26.5 %  2025-05-03T00:21:12    25.0 s  0
6228811.python    32      1    25.5 %  2025-05-03T00:21:37    26.0 s  0
6228811.python    32      1    26.5 %  2025-05-03T00:22:03    25.0 s  0
6228811.python    32      1    26.8 %  2025-05-03T00:22:29    25.0 s  0
6228811.python    32      1    26.8 %  2025-05-03T00:22:54    25.0 s  0
6228811.python    32      1    25.8 %  2025-05-03T00:23:19    26.0 s  0
6228811.python    32      1    25.9 %  2025-05-03T00:23:45    26.0 s  0
6228811.python    32      1    26.8 %  2025-05-03T00:24:11    25.0 s  0
6228811.python    32      1    27.1 %  2025-05-03T00:24:37    25.0 s  0
6228811.python    32      1    25.4 %  2025-05-03T00:25:02    27.0 s  0
6228811.python    32      1    27.2 %  2025-05-03T00:25:29    25.0 s  0
6228811.python    32      1    26.4 %  2025-05-03T00:25:54    26.0 s  0
6228811.python    32      1    26.6 %  2025-05-03T00:26:20    26.0 s  0
6228811.python    32      1    26.6 %  2025-05-03T00:26:46    26.0 s  0
6228811.python    32      1    26.7 %  2025-05-03T00:27:12    26.0 s  0
6228811.python    32      1    26.8 %  2025-05-03T00:27:38    26.0 s  0
6228811.python    32      1    26.7 %  2025-05-03T00:28:04    26.0 s  0
6228811.python    32      1    25.8 %  2025-05-03T00:28:30    27.0 s  0
6228811.python    32      1    26.8 %  2025-05-03T00:28:57    26.0 s  0
6228811.python    32      1    26.8 %  2025-05-03T00:29:23    26.0 s  0
6228811.python    32      1    26.9 %  2025-05-03T00:29:49    26.0 s  0
6228811.python    32      1    26.1 %  2025-05-03T00:30:15    27.0 s  0
6228811.python    32      1    27.0 %  2025-05-03T00:30:42    26.0 s  0
6228811.python    32      1    27.5 %  2025-05-03T00:31:08    26.0 s  0
6228811.python    32      1    26.2 %  2025-05-03T00:31:34    27.0 s  0
6228811.python    32      1    27.5 %  2025-05-03T00:32:01    26.0 s  0
6228811.python    32      1    26.3 %  2025-05-03T00:32:27    27.0 s  0
6228811.python    32      1    27.7 %  2025-05-03T00:32:54    26.0 s  0
6228811.python    32      1    26.5 %  2025-05-03T00:33:20    27.0 s  0
6228811.python    32      1    27.6 %  2025-05-03T00:33:47    26.0 s  0
6228811.python    32      1    26.7 %  2025-05-03T00:34:13    27.0 s  0
6228811.python    32      1    26.8 %  2025-05-03T00:34:40    27.0 s  0
6228811.python    32      1    27.1 %  2025-05-03T00:35:07    27.0 s  0
6228811.python    32      1    28.0 %  2025-05-03T00:35:34    26.0 s  0
6228811.python    32      1    26.3 %  2025-05-03T00:36:00    28.0 s  0
6228811.python    32      1    28.0 %  2025-05-03T00:36:28    26.0 s  0
6228811.python    32      1    27.1 %  2025-05-03T00:36:54    27.0 s  0
6228811.python    32      1    27.7 %  2025-05-03T00:37:21    27.0 s  0

Used CPU time:   4.6 CPU hours
Unused CPU time: 13.6 CPU hours

Memory statistics, in GiB:
ID               Alloc   Usage
6228811           59.0        
6228811.batch     59.0     0.0
6228811.python    59.0     6.9
6228811.python    59.0     0.1
6228811.python    59.0     0.1
6228811.python    59.0     0.1
6228811.python    59.0     0.1
6228811.python    59.0     0.1
6228811.python    59.0     0.1
6228811.python    59.0     0.1
6228811.python    59.0     0.1
6228811.python    59.0     0.1
6228811.python    59.0     0.1
6228811.python    59.0     0.1
6228811.python    59.0     0.1
6228811.python    59.0     0.1
6228811.python    59.0     0.1
6228811.python    59.0     0.1
6228811.python    59.0     0.1
6228811.python    59.0     0.1
6228811.python    59.0     0.1
6228811.python    59.0     0.1
6228811.python    59.0     0.1
6228811.python    59.0     0.1
6228811.python    59.0     0.1
6228811.python    59.0     0.1
6228811.python    59.0     0.1
6228811.python    59.0     0.1
6228811.python    59.0     0.1
6228811.python    59.0     0.1
6228811.python    59.0     0.1
6228811.python    59.0     0.1
6228811.python    59.0     0.1
6228811.python    59.0     0.1
6228811.python    59.0     0.1
6228811.python    59.0     0.1
6228811.python    59.0     0.1
6228811.python    59.0     0.1
6228811.python    59.0     0.1
6228811.python    59.0     0.1
6228811.python    59.0     0.1
6228811.python    59.0     0.1
6228811.python    59.0     0.1
6228811.python    59.0     0.1
6228811.python    59.0     0.1
6228811.python    59.0     0.1
6228811.python    59.0     0.1
6228811.python    59.0     0.1
6228811.python    59.0     0.1
6228811.python    59.0     0.1
6228811.python    59.0     0.1
6228811.python    59.0     0.1
6228811.python    59.0     0.1
6228811.python    59.0     0.1
6228811.python    59.0     0.1
6228811.python    59.0     0.1
6228811.python    59.0     0.1
6228811.python    59.0     0.1
6228811.python    59.0     0.1
6228811.python    59.0     0.1
6228811.python    59.0     0.1
6228811.python    59.0     0.1
6228811.python    59.0     0.1
6228811.python    59.0     0.1
6228811.python    59.0     0.1
6228811.python    59.0     0.1
6228811.python    59.0     0.1
6228811.python    59.0     0.1
6228811.python    59.0     0.1
6228811.python    59.0     0.1
6228811.python    59.0     0.1
6228811.python    59.0     0.1
6228811.python    59.0     0.1
6228811.python    59.0     0.1
6228811.python    59.0     0.1
6228811.python    59.0     0.1
6228811.python    59.0     0.1
6228811.python    59.0     0.1
6228811.python    59.0     0.1
6228811.python    59.0     0.1
6228811.python    59.0     0.1
6228811.python    59.0     0.1
6228811.python    59.0     0.1

Job 6228811 completed at Sat May 3 00:37:48 CEST 2025
