Starting job 6228788 on c14-8 on fram at Sat May 3 00:03:44 CEST 2025


Currently Loaded Modules:
  1) StdEnv (S)

  Where:
   S:  Module is Sticky, requires --force to unload or purge

 


The following have been reloaded with a version change:
  1) GCCcore/13.3.0 => GCCcore/13.2.0
  2) OpenSSL/3 => OpenSSL/1.1
  3) Python/3.12.3-GCCcore-13.3.0 => Python/3.11.5-GCCcore-13.2.0
  4) SQLite/3.45.3-GCCcore-13.3.0 => SQLite/3.43.1-GCCcore-13.2.0
  5) Tcl/8.6.14-GCCcore-13.3.0 => Tcl/8.6.13-GCCcore-13.2.0
  6) XZ/5.4.5-GCCcore-13.3.0 => XZ/5.4.4-GCCcore-13.2.0
  7) binutils/2.42-GCCcore-13.3.0 => binutils/2.40-GCCcore-13.2.0
  8) bzip2/1.0.8-GCCcore-13.3.0 => bzip2/1.0.8-GCCcore-13.2.0
  9) libffi/3.4.5-GCCcore-13.3.0 => libffi/3.4.4-GCCcore-13.2.0
 10) libreadline/8.2-GCCcore-13.3.0 => libreadline/8.2-GCCcore-13.2.0
 11) ncurses/6.5-GCCcore-13.3.0 => ncurses/6.4-GCCcore-13.2.0
 12) zlib/1.3.1-GCCcore-13.3.0 => zlib/1.2.13-GCCcore-13.2.0

0
40
Generating /cluster/projects/nn8008k/lluisa/NextSIM/seas/Fmap_10days/2001_JFM_ic0.5_dt0.0025_DT0.0100/0_Fmap_matrix.npy

real	0m35.091s
user	0m0.013s
sys	0m0.025s
4
44
Generating /cluster/projects/nn8008k/lluisa/NextSIM/seas/Fmap_10days/2001_JFM_ic0.5_dt0.0025_DT0.0100/1_Fmap_matrix.npy

real	0m26.870s
user	0m0.017s
sys	0m0.011s
8
48
Generating /cluster/projects/nn8008k/lluisa/NextSIM/seas/Fmap_10days/2001_JFM_ic0.5_dt0.0025_DT0.0100/2_Fmap_matrix.npy

real	0m27.283s
user	0m0.011s
sys	0m0.016s
12
52
Generating /cluster/projects/nn8008k/lluisa/NextSIM/seas/Fmap_10days/2001_JFM_ic0.5_dt0.0025_DT0.0100/3_Fmap_matrix.npy

real	0m26.979s
user	0m0.015s
sys	0m0.013s
16
56
Generating /cluster/projects/nn8008k/lluisa/NextSIM/seas/Fmap_10days/2001_JFM_ic0.5_dt0.0025_DT0.0100/4_Fmap_matrix.npy

real	0m27.204s
user	0m0.015s
sys	0m0.012s
20
60
Generating /cluster/projects/nn8008k/lluisa/NextSIM/seas/Fmap_10days/2001_JFM_ic0.5_dt0.0025_DT0.0100/5_Fmap_matrix.npy

real	0m26.526s
user	0m0.017s
sys	0m0.009s
24
64
Generating /cluster/projects/nn8008k/lluisa/NextSIM/seas/Fmap_10days/2001_JFM_ic0.5_dt0.0025_DT0.0100/6_Fmap_matrix.npy

real	0m26.879s
user	0m0.012s
sys	0m0.016s
28
68
Generating /cluster/projects/nn8008k/lluisa/NextSIM/seas/Fmap_10days/2001_JFM_ic0.5_dt0.0025_DT0.0100/7_Fmap_matrix.npy

real	0m27.086s
user	0m0.015s
sys	0m0.012s
32
72
Generating /cluster/projects/nn8008k/lluisa/NextSIM/seas/Fmap_10days/2001_JFM_ic0.5_dt0.0025_DT0.0100/8_Fmap_matrix.npy

real	0m26.938s
user	0m0.013s
sys	0m0.014s
36
76
Generating /cluster/projects/nn8008k/lluisa/NextSIM/seas/Fmap_10days/2001_JFM_ic0.5_dt0.0025_DT0.0100/9_Fmap_matrix.npy

real	0m26.777s
user	0m0.016s
sys	0m0.012s
40
80
Generating /cluster/projects/nn8008k/lluisa/NextSIM/seas/Fmap_10days/2001_JFM_ic0.5_dt0.0025_DT0.0100/10_Fmap_matrix.npy

real	0m26.965s
user	0m0.011s
sys	0m0.017s
44
84
Generating /cluster/projects/nn8008k/lluisa/NextSIM/seas/Fmap_10days/2001_JFM_ic0.5_dt0.0025_DT0.0100/11_Fmap_matrix.npy

real	0m27.360s
user	0m0.013s
sys	0m0.015s
48
88
Generating /cluster/projects/nn8008k/lluisa/NextSIM/seas/Fmap_10days/2001_JFM_ic0.5_dt0.0025_DT0.0100/12_Fmap_matrix.npy

real	0m27.079s
user	0m0.013s
sys	0m0.015s
52
92
Generating /cluster/projects/nn8008k/lluisa/NextSIM/seas/Fmap_10days/2001_JFM_ic0.5_dt0.0025_DT0.0100/13_Fmap_matrix.npy

real	0m27.241s
user	0m0.014s
sys	0m0.014s
56
96
Generating /cluster/projects/nn8008k/lluisa/NextSIM/seas/Fmap_10days/2001_JFM_ic0.5_dt0.0025_DT0.0100/14_Fmap_matrix.npy

real	0m27.088s
user	0m0.013s
sys	0m0.015s
60
100
Generating /cluster/projects/nn8008k/lluisa/NextSIM/seas/Fmap_10days/2001_JFM_ic0.5_dt0.0025_DT0.0100/15_Fmap_matrix.npy

real	0m27.204s
user	0m0.012s
sys	0m0.016s
64
104
Generating /cluster/projects/nn8008k/lluisa/NextSIM/seas/Fmap_10days/2001_JFM_ic0.5_dt0.0025_DT0.0100/16_Fmap_matrix.npy

real	0m26.654s
user	0m0.017s
sys	0m0.011s
68
108
Generating /cluster/projects/nn8008k/lluisa/NextSIM/seas/Fmap_10days/2001_JFM_ic0.5_dt0.0025_DT0.0100/17_Fmap_matrix.npy

real	0m27.002s
user	0m0.015s
sys	0m0.014s
72
112
Generating /cluster/projects/nn8008k/lluisa/NextSIM/seas/Fmap_10days/2001_JFM_ic0.5_dt0.0025_DT0.0100/18_Fmap_matrix.npy

real	0m27.058s
user	0m0.013s
sys	0m0.015s
76
116
Generating /cluster/projects/nn8008k/lluisa/NextSIM/seas/Fmap_10days/2001_JFM_ic0.5_dt0.0025_DT0.0100/19_Fmap_matrix.npy

real	0m27.169s
user	0m0.014s
sys	0m0.014s
80
120
Generating /cluster/projects/nn8008k/lluisa/NextSIM/seas/Fmap_10days/2001_JFM_ic0.5_dt0.0025_DT0.0100/20_Fmap_matrix.npy

real	0m27.215s
user	0m0.015s
sys	0m0.013s
84
124
Generating /cluster/projects/nn8008k/lluisa/NextSIM/seas/Fmap_10days/2001_JFM_ic0.5_dt0.0025_DT0.0100/21_Fmap_matrix.npy

real	0m26.736s
user	0m0.013s
sys	0m0.015s
88
128
Generating /cluster/projects/nn8008k/lluisa/NextSIM/seas/Fmap_10days/2001_JFM_ic0.5_dt0.0025_DT0.0100/22_Fmap_matrix.npy

real	0m27.387s
user	0m0.015s
sys	0m0.013s
92
132
Generating /cluster/projects/nn8008k/lluisa/NextSIM/seas/Fmap_10days/2001_JFM_ic0.5_dt0.0025_DT0.0100/23_Fmap_matrix.npy

real	0m27.270s
user	0m0.016s
sys	0m0.011s
96
136
Generating /cluster/projects/nn8008k/lluisa/NextSIM/seas/Fmap_10days/2001_JFM_ic0.5_dt0.0025_DT0.0100/24_Fmap_matrix.npy

real	0m26.998s
user	0m0.016s
sys	0m0.013s
100
140
Generating /cluster/projects/nn8008k/lluisa/NextSIM/seas/Fmap_10days/2001_JFM_ic0.5_dt0.0025_DT0.0100/25_Fmap_matrix.npy

real	0m27.159s
user	0m0.013s
sys	0m0.013s
104
144
Generating /cluster/projects/nn8008k/lluisa/NextSIM/seas/Fmap_10days/2001_JFM_ic0.5_dt0.0025_DT0.0100/26_Fmap_matrix.npy

real	0m27.388s
user	0m0.009s
sys	0m0.019s
108
148
Generating /cluster/projects/nn8008k/lluisa/NextSIM/seas/Fmap_10days/2001_JFM_ic0.5_dt0.0025_DT0.0100/27_Fmap_matrix.npy

real	0m27.524s
user	0m0.012s
sys	0m0.015s
112
152
Generating /cluster/projects/nn8008k/lluisa/NextSIM/seas/Fmap_10days/2001_JFM_ic0.5_dt0.0025_DT0.0100/28_Fmap_matrix.npy

real	0m27.576s
user	0m0.013s
sys	0m0.014s
116
156
Generating /cluster/projects/nn8008k/lluisa/NextSIM/seas/Fmap_10days/2001_JFM_ic0.5_dt0.0025_DT0.0100/29_Fmap_matrix.npy

real	0m27.007s
user	0m0.013s
sys	0m0.016s
120
160
Generating /cluster/projects/nn8008k/lluisa/NextSIM/seas/Fmap_10days/2001_JFM_ic0.5_dt0.0025_DT0.0100/30_Fmap_matrix.npy

real	0m27.342s
user	0m0.017s
sys	0m0.012s
124
164
Generating /cluster/projects/nn8008k/lluisa/NextSIM/seas/Fmap_10days/2001_JFM_ic0.5_dt0.0025_DT0.0100/31_Fmap_matrix.npy

real	0m27.055s
user	0m0.013s
sys	0m0.014s
128
168
Generating /cluster/projects/nn8008k/lluisa/NextSIM/seas/Fmap_10days/2001_JFM_ic0.5_dt0.0025_DT0.0100/32_Fmap_matrix.npy

real	0m27.074s
user	0m0.014s
sys	0m0.015s
132
172
Generating /cluster/projects/nn8008k/lluisa/NextSIM/seas/Fmap_10days/2001_JFM_ic0.5_dt0.0025_DT0.0100/33_Fmap_matrix.npy

real	0m27.479s
user	0m0.013s
sys	0m0.015s
136
176
Generating /cluster/projects/nn8008k/lluisa/NextSIM/seas/Fmap_10days/2001_JFM_ic0.5_dt0.0025_DT0.0100/34_Fmap_matrix.npy

real	0m27.064s
user	0m0.012s
sys	0m0.017s
140
180
Generating /cluster/projects/nn8008k/lluisa/NextSIM/seas/Fmap_10days/2001_JFM_ic0.5_dt0.0025_DT0.0100/35_Fmap_matrix.npy

real	0m27.362s
user	0m0.018s
sys	0m0.011s
144
184
Generating /cluster/projects/nn8008k/lluisa/NextSIM/seas/Fmap_10days/2001_JFM_ic0.5_dt0.0025_DT0.0100/36_Fmap_matrix.npy

real	0m27.573s
user	0m0.012s
sys	0m0.015s
148
188
Generating /cluster/projects/nn8008k/lluisa/NextSIM/seas/Fmap_10days/2001_JFM_ic0.5_dt0.0025_DT0.0100/37_Fmap_matrix.npy

real	0m27.462s
user	0m0.014s
sys	0m0.013s
152
192
Generating /cluster/projects/nn8008k/lluisa/NextSIM/seas/Fmap_10days/2001_JFM_ic0.5_dt0.0025_DT0.0100/38_Fmap_matrix.npy

real	0m27.277s
user	0m0.017s
sys	0m0.010s
156
196
Generating /cluster/projects/nn8008k/lluisa/NextSIM/seas/Fmap_10days/2001_JFM_ic0.5_dt0.0025_DT0.0100/39_Fmap_matrix.npy

real	0m27.457s
user	0m0.016s
sys	0m0.011s
160
200
Generating /cluster/projects/nn8008k/lluisa/NextSIM/seas/Fmap_10days/2001_JFM_ic0.5_dt0.0025_DT0.0100/40_Fmap_matrix.npy

real	0m27.630s
user	0m0.013s
sys	0m0.014s
164
204
Generating /cluster/projects/nn8008k/lluisa/NextSIM/seas/Fmap_10days/2001_JFM_ic0.5_dt0.0025_DT0.0100/41_Fmap_matrix.npy

real	0m27.237s
user	0m0.017s
sys	0m0.010s
168
208
Generating /cluster/projects/nn8008k/lluisa/NextSIM/seas/Fmap_10days/2001_JFM_ic0.5_dt0.0025_DT0.0100/42_Fmap_matrix.npy

real	0m27.108s
user	0m0.012s
sys	0m0.014s
172
212
Generating /cluster/projects/nn8008k/lluisa/NextSIM/seas/Fmap_10days/2001_JFM_ic0.5_dt0.0025_DT0.0100/43_Fmap_matrix.npy

real	0m27.538s
user	0m0.012s
sys	0m0.016s
176
216
Generating /cluster/projects/nn8008k/lluisa/NextSIM/seas/Fmap_10days/2001_JFM_ic0.5_dt0.0025_DT0.0100/44_Fmap_matrix.npy

real	0m27.782s
user	0m0.011s
sys	0m0.016s
180
220
Generating /cluster/projects/nn8008k/lluisa/NextSIM/seas/Fmap_10days/2001_JFM_ic0.5_dt0.0025_DT0.0100/45_Fmap_matrix.npy

real	0m27.718s
user	0m0.012s
sys	0m0.014s
184
224
Generating /cluster/projects/nn8008k/lluisa/NextSIM/seas/Fmap_10days/2001_JFM_ic0.5_dt0.0025_DT0.0100/46_Fmap_matrix.npy

real	0m27.671s
user	0m0.016s
sys	0m0.011s
188
228
Generating /cluster/projects/nn8008k/lluisa/NextSIM/seas/Fmap_10days/2001_JFM_ic0.5_dt0.0025_DT0.0100/47_Fmap_matrix.npy

real	0m27.823s
user	0m0.017s
sys	0m0.009s
192
232
Generating /cluster/projects/nn8008k/lluisa/NextSIM/seas/Fmap_10days/2001_JFM_ic0.5_dt0.0025_DT0.0100/48_Fmap_matrix.npy

real	0m27.814s
user	0m0.011s
sys	0m0.016s
196
236
Generating /cluster/projects/nn8008k/lluisa/NextSIM/seas/Fmap_10days/2001_JFM_ic0.5_dt0.0025_DT0.0100/49_Fmap_matrix.npy

real	0m27.533s
user	0m0.012s
sys	0m0.015s
200
240
Generating /cluster/projects/nn8008k/lluisa/NextSIM/seas/Fmap_10days/2001_JFM_ic0.5_dt0.0025_DT0.0100/50_Fmap_matrix.npy

real	0m27.835s
user	0m0.010s
sys	0m0.017s
204
244
Generating /cluster/projects/nn8008k/lluisa/NextSIM/seas/Fmap_10days/2001_JFM_ic0.5_dt0.0025_DT0.0100/51_Fmap_matrix.npy

real	0m27.484s
user	0m0.014s
sys	0m0.013s
208
248
Generating /cluster/projects/nn8008k/lluisa/NextSIM/seas/Fmap_10days/2001_JFM_ic0.5_dt0.0025_DT0.0100/52_Fmap_matrix.npy

real	0m27.268s
user	0m0.013s
sys	0m0.013s
212
252
Generating /cluster/projects/nn8008k/lluisa/NextSIM/seas/Fmap_10days/2001_JFM_ic0.5_dt0.0025_DT0.0100/53_Fmap_matrix.npy

real	0m27.265s
user	0m0.015s
sys	0m0.013s
216
256
Generating /cluster/projects/nn8008k/lluisa/NextSIM/seas/Fmap_10days/2001_JFM_ic0.5_dt0.0025_DT0.0100/54_Fmap_matrix.npy

real	0m27.463s
user	0m0.014s
sys	0m0.012s
220
260
Generating /cluster/projects/nn8008k/lluisa/NextSIM/seas/Fmap_10days/2001_JFM_ic0.5_dt0.0025_DT0.0100/55_Fmap_matrix.npy

real	0m27.778s
user	0m0.012s
sys	0m0.016s
224
264
Generating /cluster/projects/nn8008k/lluisa/NextSIM/seas/Fmap_10days/2001_JFM_ic0.5_dt0.0025_DT0.0100/56_Fmap_matrix.npy

real	0m27.743s
user	0m0.011s
sys	0m0.016s
228
268
Generating /cluster/projects/nn8008k/lluisa/NextSIM/seas/Fmap_10days/2001_JFM_ic0.5_dt0.0025_DT0.0100/57_Fmap_matrix.npy

real	0m27.737s
user	0m0.014s
sys	0m0.014s
232
272
Generating /cluster/projects/nn8008k/lluisa/NextSIM/seas/Fmap_10days/2001_JFM_ic0.5_dt0.0025_DT0.0100/58_Fmap_matrix.npy

real	0m27.755s
user	0m0.013s
sys	0m0.015s
236
276
Generating /cluster/projects/nn8008k/lluisa/NextSIM/seas/Fmap_10days/2001_JFM_ic0.5_dt0.0025_DT0.0100/59_Fmap_matrix.npy

real	0m27.705s
user	0m0.012s
sys	0m0.015s
240
280
Generating /cluster/projects/nn8008k/lluisa/NextSIM/seas/Fmap_10days/2001_JFM_ic0.5_dt0.0025_DT0.0100/60_Fmap_matrix.npy

real	0m27.667s
user	0m0.012s
sys	0m0.015s
244
284
Generating /cluster/projects/nn8008k/lluisa/NextSIM/seas/Fmap_10days/2001_JFM_ic0.5_dt0.0025_DT0.0100/61_Fmap_matrix.npy

real	0m27.952s
user	0m0.012s
sys	0m0.015s
248
288
Generating /cluster/projects/nn8008k/lluisa/NextSIM/seas/Fmap_10days/2001_JFM_ic0.5_dt0.0025_DT0.0100/62_Fmap_matrix.npy

real	0m27.486s
user	0m0.011s
sys	0m0.017s
252
292
Generating /cluster/projects/nn8008k/lluisa/NextSIM/seas/Fmap_10days/2001_JFM_ic0.5_dt0.0025_DT0.0100/63_Fmap_matrix.npy

real	0m27.963s
user	0m0.013s
sys	0m0.014s
256
296
Generating /cluster/projects/nn8008k/lluisa/NextSIM/seas/Fmap_10days/2001_JFM_ic0.5_dt0.0025_DT0.0100/64_Fmap_matrix.npy

real	0m27.801s
user	0m0.017s
sys	0m0.009s
260
300
Generating /cluster/projects/nn8008k/lluisa/NextSIM/seas/Fmap_10days/2001_JFM_ic0.5_dt0.0025_DT0.0100/65_Fmap_matrix.npy

real	0m27.474s
user	0m0.011s
sys	0m0.016s
264
304
Generating /cluster/projects/nn8008k/lluisa/NextSIM/seas/Fmap_10days/2001_JFM_ic0.5_dt0.0025_DT0.0100/66_Fmap_matrix.npy

real	0m27.482s
user	0m0.016s
sys	0m0.011s
268
308
Generating /cluster/projects/nn8008k/lluisa/NextSIM/seas/Fmap_10days/2001_JFM_ic0.5_dt0.0025_DT0.0100/67_Fmap_matrix.npy

real	0m27.840s
user	0m0.010s
sys	0m0.016s
272
312
Generating /cluster/projects/nn8008k/lluisa/NextSIM/seas/Fmap_10days/2001_JFM_ic0.5_dt0.0025_DT0.0100/68_Fmap_matrix.npy

real	0m27.945s
user	0m0.012s
sys	0m0.015s
276
316
Generating /cluster/projects/nn8008k/lluisa/NextSIM/seas/Fmap_10days/2001_JFM_ic0.5_dt0.0025_DT0.0100/69_Fmap_matrix.npy

real	0m27.597s
user	0m0.014s
sys	0m0.013s
280
320
Generating /cluster/projects/nn8008k/lluisa/NextSIM/seas/Fmap_10days/2001_JFM_ic0.5_dt0.0025_DT0.0100/70_Fmap_matrix.npy

real	0m27.343s
user	0m0.011s
sys	0m0.015s
284
324
Generating /cluster/projects/nn8008k/lluisa/NextSIM/seas/Fmap_10days/2001_JFM_ic0.5_dt0.0025_DT0.0100/71_Fmap_matrix.npy

real	0m27.533s
user	0m0.015s
sys	0m0.012s
288
328
Generating /cluster/projects/nn8008k/lluisa/NextSIM/seas/Fmap_10days/2001_JFM_ic0.5_dt0.0025_DT0.0100/72_Fmap_matrix.npy

real	0m27.267s
user	0m0.015s
sys	0m0.011s
292
332
Generating /cluster/projects/nn8008k/lluisa/NextSIM/seas/Fmap_10days/2001_JFM_ic0.5_dt0.0025_DT0.0100/73_Fmap_matrix.npy

real	0m27.589s
user	0m0.013s
sys	0m0.014s
296
336
Generating /cluster/projects/nn8008k/lluisa/NextSIM/seas/Fmap_10days/2001_JFM_ic0.5_dt0.0025_DT0.0100/74_Fmap_matrix.npy

real	0m27.725s
user	0m0.015s
sys	0m0.012s
300
340
Generating /cluster/projects/nn8008k/lluisa/NextSIM/seas/Fmap_10days/2001_JFM_ic0.5_dt0.0025_DT0.0100/75_Fmap_matrix.npy

real	0m27.561s
user	0m0.012s
sys	0m0.014s
304
344
Generating /cluster/projects/nn8008k/lluisa/NextSIM/seas/Fmap_10days/2001_JFM_ic0.5_dt0.0025_DT0.0100/76_Fmap_matrix.npy

real	0m27.583s
user	0m0.014s
sys	0m0.012s
308
348
Generating /cluster/projects/nn8008k/lluisa/NextSIM/seas/Fmap_10days/2001_JFM_ic0.5_dt0.0025_DT0.0100/77_Fmap_matrix.npy

real	0m27.651s
user	0m0.014s
sys	0m0.012s
312
352
Generating /cluster/projects/nn8008k/lluisa/NextSIM/seas/Fmap_10days/2001_JFM_ic0.5_dt0.0025_DT0.0100/78_Fmap_matrix.npy

real	0m27.359s
user	0m0.018s
sys	0m0.010s
316
356
Generating /cluster/projects/nn8008k/lluisa/NextSIM/seas/Fmap_10days/2001_JFM_ic0.5_dt0.0025_DT0.0100/79_Fmap_matrix.npy

real	0m26.799s
user	0m0.010s
sys	0m0.016s
320
360
Generating /cluster/projects/nn8008k/lluisa/NextSIM/seas/Fmap_10days/2001_JFM_ic0.5_dt0.0025_DT0.0100/80_Fmap_matrix.npy

real	0m27.672s
user	0m0.015s
sys	0m0.011s
EBVERSIONNUMACTL=2.0.16
SLURM_JOB_NUM_NODES=1
EBROOTNUMACTL=/cluster/software/numactl/2.0.16-GCCcore-13.2.0
EBDEVELNUMACTL=/cluster/software/numactl/2.0.16-GCCcore-13.2.0/easybuild/numactl-2.0.16-GCCcore-13.2.0-easybuild-devel
OMP_NUM_THREADS=32

Job 6228788 consumed 19.8 billing hours from project nn8008k.

Submitted 2025-05-03T00:03:20; waited 21.0 seconds in the queue after becoming eligible to run.

Requested wallclock time: 3.0 days
Elapsed wallclock time:   37.2 minutes

Job exited normally.

Task and CPU statistics:
ID              CPUs  Tasks  CPU util                Start   Elapsed  Exit status
6228788           32            0.0 %  2025-05-03T00:03:41  2231.0 s  0
6228788.batch     32      1     0.0 %  2025-05-03T00:03:41  2231.0 s  0
6228788.python    32      1    21.6 %  2025-05-03T00:03:47    35.0 s  0
6228788.python    32      1    27.8 %  2025-05-03T00:04:22    27.0 s  0
6228788.python    32      1    27.9 %  2025-05-03T00:04:49    27.0 s  0
6228788.python    32      1    27.7 %  2025-05-03T00:05:16    27.0 s  0
6228788.python    32      1    28.2 %  2025-05-03T00:05:43    27.0 s  0
6228788.python    32      1    27.8 %  2025-05-03T00:06:10    27.0 s  0
6228788.python    32      1    27.9 %  2025-05-03T00:06:37    27.0 s  0
6228788.python    32      1    28.1 %  2025-05-03T00:07:04    27.0 s  0
6228788.python    32      1    28.1 %  2025-05-03T00:07:31    27.0 s  0
6228788.python    32      1    29.7 %  2025-05-03T00:07:58    26.0 s  0
6228788.python    32      1    28.0 %  2025-05-03T00:08:24    27.0 s  0
6228788.python    32      1    27.0 %  2025-05-03T00:08:51    28.0 s  0
6228788.python    32      1    28.0 %  2025-05-03T00:09:19    27.0 s  0
6228788.python    32      1    28.1 %  2025-05-03T00:09:46    27.0 s  0
6228788.python    32      1    28.3 %  2025-05-03T00:10:13    27.0 s  0
6228788.python    32      1    28.1 %  2025-05-03T00:10:40    27.0 s  0
6228788.python    32      1    28.2 %  2025-05-03T00:11:07    27.0 s  0
6228788.python    32      1    28.1 %  2025-05-03T00:11:34    27.0 s  0
6228788.python    32      1    28.2 %  2025-05-03T00:12:01    27.0 s  0
6228788.python    32      1    28.2 %  2025-05-03T00:12:28    27.0 s  0
6228788.python    32      1    28.1 %  2025-05-03T00:12:55    27.0 s  0
6228788.python    32      1    28.3 %  2025-05-03T00:13:22    27.0 s  0
6228788.python    32      1    27.4 %  2025-05-03T00:13:49    28.0 s  0
6228788.python    32      1    28.4 %  2025-05-03T00:14:17    27.0 s  0
6228788.python    32      1    28.1 %  2025-05-03T00:14:44    27.0 s  0
6228788.python    32      1    28.2 %  2025-05-03T00:15:11    27.0 s  0
6228788.python    32      1    28.2 %  2025-05-03T00:15:38    27.0 s  0
6228788.python    32      1    27.3 %  2025-05-03T00:16:05    28.0 s  0
6228788.python    32      1    27.5 %  2025-05-03T00:16:33    28.0 s  0
6228788.python    32      1    28.1 %  2025-05-03T00:17:01    27.0 s  0
6228788.python    32      1    28.4 %  2025-05-03T00:17:28    27.0 s  0
6228788.python    32      1    28.3 %  2025-05-03T00:17:55    27.0 s  0
6228788.python    32      1    28.5 %  2025-05-03T00:18:22    27.0 s  0
6228788.python    32      1    28.2 %  2025-05-03T00:18:49    27.0 s  0
6228788.python    32      1    27.4 %  2025-05-03T00:19:16    28.0 s  0
6228788.python    32      1    28.5 %  2025-05-03T00:19:44    27.0 s  0
6228788.python    32      1    28.8 %  2025-05-03T00:20:11    27.0 s  0
6228788.python    32      1    27.6 %  2025-05-03T00:20:38    28.0 s  0
6228788.python    32      1    28.6 %  2025-05-03T00:21:06    27.0 s  0
6228788.python    32      1    27.4 %  2025-05-03T00:21:33    28.0 s  0
6228788.python    32      1    28.6 %  2025-05-03T00:22:01    27.0 s  0
6228788.python    32      1    27.5 %  2025-05-03T00:22:28    28.0 s  0
6228788.python    32      1    28.4 %  2025-05-03T00:22:56    27.0 s  0
6228788.python    32      1    28.5 %  2025-05-03T00:23:23    27.0 s  0
6228788.python    32      1    27.6 %  2025-05-03T00:23:50    28.0 s  0
6228788.python    32      1    27.6 %  2025-05-03T00:24:18    28.0 s  0
6228788.python    32      1    28.8 %  2025-05-03T00:24:46    27.0 s  0
6228788.python    32      1    27.7 %  2025-05-03T00:25:13    28.0 s  0
6228788.python    32      1    27.8 %  2025-05-03T00:25:41    28.0 s  0
6228788.python    32      1    27.7 %  2025-05-03T00:26:09    28.0 s  0
6228788.python    32      1    28.8 %  2025-05-03T00:26:37    27.0 s  0
6228788.python    32      1    27.8 %  2025-05-03T00:27:04    28.0 s  0
6228788.python    32      1    28.9 %  2025-05-03T00:27:32    27.0 s  0
6228788.python    32      1    28.7 %  2025-05-03T00:27:59    27.0 s  0
6228788.python    32      1    27.8 %  2025-05-03T00:28:26    28.0 s  0
6228788.python    32      1    27.8 %  2025-05-03T00:28:54    28.0 s  0
6228788.python    32      1    28.9 %  2025-05-03T00:29:22    27.0 s  0
6228788.python    32      1    28.0 %  2025-05-03T00:29:49    28.0 s  0
6228788.python    32      1    27.9 %  2025-05-03T00:30:17    28.0 s  0
6228788.python    32      1    28.0 %  2025-05-03T00:30:45    28.0 s  0
6228788.python    32      1    29.0 %  2025-05-03T00:31:13    27.0 s  0
6228788.python    32      1    28.0 %  2025-05-03T00:31:40    28.0 s  0
6228788.python    32      1    27.9 %  2025-05-03T00:32:08    28.0 s  0
6228788.python    32      1    27.9 %  2025-05-03T00:32:36    28.0 s  0
6228788.python    32      1    28.7 %  2025-05-03T00:33:04    27.0 s  0
6228788.python    32      1    27.8 %  2025-05-03T00:33:31    28.0 s  0
6228788.python    32      1    28.9 %  2025-05-03T00:33:59    27.0 s  0
6228788.python    32      1    27.8 %  2025-05-03T00:34:26    28.0 s  0
6228788.python    32      1    27.8 %  2025-05-03T00:34:54    28.0 s  0
6228788.python    32      1    27.8 %  2025-05-03T00:35:22    28.0 s  0
6228788.python    32      1    28.8 %  2025-05-03T00:35:50    27.0 s  0
6228788.python    32      1    27.7 %  2025-05-03T00:36:17    28.0 s  0
6228788.python    32      1    28.8 %  2025-05-03T00:36:45    27.0 s  0
6228788.python    32      1    28.0 %  2025-05-03T00:37:12    28.0 s  0
6228788.python    32      1    28.9 %  2025-05-03T00:37:40    27.0 s  0
6228788.python    32      1    27.8 %  2025-05-03T00:38:07    28.0 s  0
6228788.python    32      1    29.0 %  2025-05-03T00:38:35    27.0 s  0
6228788.python    32      1    28.0 %  2025-05-03T00:39:02    28.0 s  0
6228788.python    32      1    28.9 %  2025-05-03T00:39:30    27.0 s  0
6228788.python    32      1    28.8 %  2025-05-03T00:39:57    27.0 s  0
6228788.python    32      1    27.8 %  2025-05-03T00:40:24    28.0 s  0

Used CPU time:   5.5 CPU hours
Unused CPU time: 14.3 CPU hours

Memory statistics, in GiB:
ID               Alloc   Usage
6228788           59.0        
6228788.batch     59.0     0.0
6228788.python    59.0     6.9
6228788.python    59.0     0.1
6228788.python    59.0     0.1
6228788.python    59.0     0.1
6228788.python    59.0     0.1
6228788.python    59.0     0.1
6228788.python    59.0     0.1
6228788.python    59.0     0.1
6228788.python    59.0     0.1
6228788.python    59.0     0.1
6228788.python    59.0     0.1
6228788.python    59.0     0.1
6228788.python    59.0     0.1
6228788.python    59.0     0.1
6228788.python    59.0     0.1
6228788.python    59.0     0.1
6228788.python    59.0     0.1
6228788.python    59.0     0.1
6228788.python    59.0     0.1
6228788.python    59.0     0.1
6228788.python    59.0     0.1
6228788.python    59.0     0.1
6228788.python    59.0     0.1
6228788.python    59.0     0.1
6228788.python    59.0     0.1
6228788.python    59.0     0.1
6228788.python    59.0     0.1
6228788.python    59.0     0.1
6228788.python    59.0     0.1
6228788.python    59.0     0.1
6228788.python    59.0     0.1
6228788.python    59.0     0.1
6228788.python    59.0     0.1
6228788.python    59.0     0.1
6228788.python    59.0     0.1
6228788.python    59.0     0.1
6228788.python    59.0     0.1
6228788.python    59.0     0.1
6228788.python    59.0     0.1
6228788.python    59.0     0.1
6228788.python    59.0     0.1
6228788.python    59.0     0.1
6228788.python    59.0     0.1
6228788.python    59.0     0.1
6228788.python    59.0     0.1
6228788.python    59.0     0.1
6228788.python    59.0     0.1
6228788.python    59.0     0.1
6228788.python    59.0     0.1
6228788.python    59.0     0.1
6228788.python    59.0     0.1
6228788.python    59.0     0.1
6228788.python    59.0     0.1
6228788.python    59.0     0.1
6228788.python    59.0     0.1
6228788.python    59.0     0.1
6228788.python    59.0     0.1
6228788.python    59.0     0.1
6228788.python    59.0     0.1
6228788.python    59.0     0.1
6228788.python    59.0     0.1
6228788.python    59.0     0.1
6228788.python    59.0     0.1
6228788.python    59.0     0.1
6228788.python    59.0     0.1
6228788.python    59.0     0.1
6228788.python    59.0     0.1
6228788.python    59.0     0.1
6228788.python    59.0     0.1
6228788.python    59.0     0.1
6228788.python    59.0     0.1
6228788.python    59.0     0.1
6228788.python    59.0     0.1
6228788.python    59.0     0.1
6228788.python    59.0     0.1
6228788.python    59.0     0.1
6228788.python    59.0     0.1
6228788.python    59.0     0.2
6228788.python    59.0     0.1
6228788.python    59.0     0.1
6228788.python    59.0     0.1

Job 6228788 completed at Sat May 3 00:40:52 CEST 2025
