Starting job 6228808 on c27-8 on fram at Sat May 3 00:03:44 CEST 2025


Currently Loaded Modules:
  1) StdEnv (S)

  Where:
   S:  Module is Sticky, requires --force to unload or purge

 


The following have been reloaded with a version change:
  1) GCCcore/13.3.0 => GCCcore/13.2.0
  2) OpenSSL/3 => OpenSSL/1.1
  3) Python/3.12.3-GCCcore-13.3.0 => Python/3.11.5-GCCcore-13.2.0
  4) SQLite/3.45.3-GCCcore-13.3.0 => SQLite/3.43.1-GCCcore-13.2.0
  5) Tcl/8.6.14-GCCcore-13.3.0 => Tcl/8.6.13-GCCcore-13.2.0
  6) XZ/5.4.5-GCCcore-13.3.0 => XZ/5.4.4-GCCcore-13.2.0
  7) binutils/2.42-GCCcore-13.3.0 => binutils/2.40-GCCcore-13.2.0
  8) bzip2/1.0.8-GCCcore-13.3.0 => bzip2/1.0.8-GCCcore-13.2.0
  9) libffi/3.4.5-GCCcore-13.3.0 => libffi/3.4.4-GCCcore-13.2.0
 10) libreadline/8.2-GCCcore-13.3.0 => libreadline/8.2-GCCcore-13.2.0
 11) ncurses/6.5-GCCcore-13.3.0 => ncurses/6.4-GCCcore-13.2.0
 12) zlib/1.3.1-GCCcore-13.3.0 => zlib/1.2.13-GCCcore-13.2.0

0
40
Generating /cluster/projects/nn8008k/lluisa/NextSIM/seas/Fmap_10days/2006_JFM_ic0.5_dt0.0025_DT0.0100/0_Fmap_matrix.npy

real	0m36.410s
user	0m0.010s
sys	0m0.028s
4
44
Generating /cluster/projects/nn8008k/lluisa/NextSIM/seas/Fmap_10days/2006_JFM_ic0.5_dt0.0025_DT0.0100/1_Fmap_matrix.npy

real	0m26.725s
user	0m0.015s
sys	0m0.014s
8
48
Generating /cluster/projects/nn8008k/lluisa/NextSIM/seas/Fmap_10days/2006_JFM_ic0.5_dt0.0025_DT0.0100/2_Fmap_matrix.npy

real	0m27.247s
user	0m0.011s
sys	0m0.018s
12
52
Generating /cluster/projects/nn8008k/lluisa/NextSIM/seas/Fmap_10days/2006_JFM_ic0.5_dt0.0025_DT0.0100/3_Fmap_matrix.npy

real	0m26.964s
user	0m0.019s
sys	0m0.009s
16
56
Generating /cluster/projects/nn8008k/lluisa/NextSIM/seas/Fmap_10days/2006_JFM_ic0.5_dt0.0025_DT0.0100/4_Fmap_matrix.npy

real	0m27.048s
user	0m0.014s
sys	0m0.014s
20
60
Generating /cluster/projects/nn8008k/lluisa/NextSIM/seas/Fmap_10days/2006_JFM_ic0.5_dt0.0025_DT0.0100/5_Fmap_matrix.npy

real	0m26.535s
user	0m0.013s
sys	0m0.015s
24
64
Generating /cluster/projects/nn8008k/lluisa/NextSIM/seas/Fmap_10days/2006_JFM_ic0.5_dt0.0025_DT0.0100/6_Fmap_matrix.npy

real	0m26.477s
user	0m0.013s
sys	0m0.014s
28
68
Generating /cluster/projects/nn8008k/lluisa/NextSIM/seas/Fmap_10days/2006_JFM_ic0.5_dt0.0025_DT0.0100/7_Fmap_matrix.npy

real	0m26.982s
user	0m0.017s
sys	0m0.009s
32
72
Generating /cluster/projects/nn8008k/lluisa/NextSIM/seas/Fmap_10days/2006_JFM_ic0.5_dt0.0025_DT0.0100/8_Fmap_matrix.npy

real	0m27.047s
user	0m0.013s
sys	0m0.014s
36
76
Generating /cluster/projects/nn8008k/lluisa/NextSIM/seas/Fmap_10days/2006_JFM_ic0.5_dt0.0025_DT0.0100/9_Fmap_matrix.npy

real	0m27.258s
user	0m0.015s
sys	0m0.014s
40
80
Generating /cluster/projects/nn8008k/lluisa/NextSIM/seas/Fmap_10days/2006_JFM_ic0.5_dt0.0025_DT0.0100/10_Fmap_matrix.npy

real	0m27.280s
user	0m0.013s
sys	0m0.014s
44
84
Generating /cluster/projects/nn8008k/lluisa/NextSIM/seas/Fmap_10days/2006_JFM_ic0.5_dt0.0025_DT0.0100/11_Fmap_matrix.npy

real	0m27.112s
user	0m0.014s
sys	0m0.013s
48
88
Generating /cluster/projects/nn8008k/lluisa/NextSIM/seas/Fmap_10days/2006_JFM_ic0.5_dt0.0025_DT0.0100/12_Fmap_matrix.npy

real	0m26.926s
user	0m0.013s
sys	0m0.014s
52
92
Generating /cluster/projects/nn8008k/lluisa/NextSIM/seas/Fmap_10days/2006_JFM_ic0.5_dt0.0025_DT0.0100/13_Fmap_matrix.npy

real	0m26.923s
user	0m0.013s
sys	0m0.013s
56
96
Generating /cluster/projects/nn8008k/lluisa/NextSIM/seas/Fmap_10days/2006_JFM_ic0.5_dt0.0025_DT0.0100/14_Fmap_matrix.npy

real	0m26.887s
user	0m0.014s
sys	0m0.013s
60
100
Generating /cluster/projects/nn8008k/lluisa/NextSIM/seas/Fmap_10days/2006_JFM_ic0.5_dt0.0025_DT0.0100/15_Fmap_matrix.npy

real	0m27.187s
user	0m0.015s
sys	0m0.012s
64
104
Generating /cluster/projects/nn8008k/lluisa/NextSIM/seas/Fmap_10days/2006_JFM_ic0.5_dt0.0025_DT0.0100/16_Fmap_matrix.npy

real	0m27.191s
user	0m0.013s
sys	0m0.014s
68
108
Generating /cluster/projects/nn8008k/lluisa/NextSIM/seas/Fmap_10days/2006_JFM_ic0.5_dt0.0025_DT0.0100/17_Fmap_matrix.npy

real	0m26.987s
user	0m0.011s
sys	0m0.015s
72
112
Generating /cluster/projects/nn8008k/lluisa/NextSIM/seas/Fmap_10days/2006_JFM_ic0.5_dt0.0025_DT0.0100/18_Fmap_matrix.npy

real	0m27.270s
user	0m0.010s
sys	0m0.018s
76
116
Generating /cluster/projects/nn8008k/lluisa/NextSIM/seas/Fmap_10days/2006_JFM_ic0.5_dt0.0025_DT0.0100/19_Fmap_matrix.npy

real	0m27.294s
user	0m0.016s
sys	0m0.011s
80
120
Generating /cluster/projects/nn8008k/lluisa/NextSIM/seas/Fmap_10days/2006_JFM_ic0.5_dt0.0025_DT0.0100/20_Fmap_matrix.npy

real	0m26.830s
user	0m0.014s
sys	0m0.013s
84
124
Generating /cluster/projects/nn8008k/lluisa/NextSIM/seas/Fmap_10days/2006_JFM_ic0.5_dt0.0025_DT0.0100/21_Fmap_matrix.npy

real	0m27.140s
user	0m0.013s
sys	0m0.014s
88
128
Generating /cluster/projects/nn8008k/lluisa/NextSIM/seas/Fmap_10days/2006_JFM_ic0.5_dt0.0025_DT0.0100/22_Fmap_matrix.npy

real	0m27.398s
user	0m0.014s
sys	0m0.013s
92
132
Generating /cluster/projects/nn8008k/lluisa/NextSIM/seas/Fmap_10days/2006_JFM_ic0.5_dt0.0025_DT0.0100/23_Fmap_matrix.npy

real	0m26.935s
user	0m0.013s
sys	0m0.014s
96
136
Generating /cluster/projects/nn8008k/lluisa/NextSIM/seas/Fmap_10days/2006_JFM_ic0.5_dt0.0025_DT0.0100/24_Fmap_matrix.npy

real	0m27.015s
user	0m0.014s
sys	0m0.013s
100
140
Generating /cluster/projects/nn8008k/lluisa/NextSIM/seas/Fmap_10days/2006_JFM_ic0.5_dt0.0025_DT0.0100/25_Fmap_matrix.npy

real	0m27.218s
user	0m0.013s
sys	0m0.014s
104
144
Generating /cluster/projects/nn8008k/lluisa/NextSIM/seas/Fmap_10days/2006_JFM_ic0.5_dt0.0025_DT0.0100/26_Fmap_matrix.npy

real	0m27.270s
user	0m0.017s
sys	0m0.010s
108
148
Generating /cluster/projects/nn8008k/lluisa/NextSIM/seas/Fmap_10days/2006_JFM_ic0.5_dt0.0025_DT0.0100/27_Fmap_matrix.npy

real	0m27.142s
user	0m0.014s
sys	0m0.014s
112
152
Generating /cluster/projects/nn8008k/lluisa/NextSIM/seas/Fmap_10days/2006_JFM_ic0.5_dt0.0025_DT0.0100/28_Fmap_matrix.npy

real	0m27.043s
user	0m0.012s
sys	0m0.014s
116
156
Generating /cluster/projects/nn8008k/lluisa/NextSIM/seas/Fmap_10days/2006_JFM_ic0.5_dt0.0025_DT0.0100/29_Fmap_matrix.npy

real	0m27.442s
user	0m0.015s
sys	0m0.012s
120
160
Generating /cluster/projects/nn8008k/lluisa/NextSIM/seas/Fmap_10days/2006_JFM_ic0.5_dt0.0025_DT0.0100/30_Fmap_matrix.npy

real	0m27.223s
user	0m0.016s
sys	0m0.011s
124
164
Generating /cluster/projects/nn8008k/lluisa/NextSIM/seas/Fmap_10days/2006_JFM_ic0.5_dt0.0025_DT0.0100/31_Fmap_matrix.npy

real	0m27.367s
user	0m0.014s
sys	0m0.013s
128
168
Generating /cluster/projects/nn8008k/lluisa/NextSIM/seas/Fmap_10days/2006_JFM_ic0.5_dt0.0025_DT0.0100/32_Fmap_matrix.npy

real	0m27.585s
user	0m0.008s
sys	0m0.019s
132
172
Generating /cluster/projects/nn8008k/lluisa/NextSIM/seas/Fmap_10days/2006_JFM_ic0.5_dt0.0025_DT0.0100/33_Fmap_matrix.npy

real	0m27.041s
user	0m0.010s
sys	0m0.017s
136
176
Generating /cluster/projects/nn8008k/lluisa/NextSIM/seas/Fmap_10days/2006_JFM_ic0.5_dt0.0025_DT0.0100/34_Fmap_matrix.npy

real	0m26.993s
user	0m0.012s
sys	0m0.015s
140
180
Generating /cluster/projects/nn8008k/lluisa/NextSIM/seas/Fmap_10days/2006_JFM_ic0.5_dt0.0025_DT0.0100/35_Fmap_matrix.npy

real	0m27.431s
user	0m0.011s
sys	0m0.016s
144
184
Generating /cluster/projects/nn8008k/lluisa/NextSIM/seas/Fmap_10days/2006_JFM_ic0.5_dt0.0025_DT0.0100/36_Fmap_matrix.npy

real	0m27.123s
user	0m0.009s
sys	0m0.016s
148
188
Generating /cluster/projects/nn8008k/lluisa/NextSIM/seas/Fmap_10days/2006_JFM_ic0.5_dt0.0025_DT0.0100/37_Fmap_matrix.npy

real	0m27.337s
user	0m0.013s
sys	0m0.014s
152
192
Generating /cluster/projects/nn8008k/lluisa/NextSIM/seas/Fmap_10days/2006_JFM_ic0.5_dt0.0025_DT0.0100/38_Fmap_matrix.npy

real	0m27.279s
user	0m0.012s
sys	0m0.014s
156
196
Generating /cluster/projects/nn8008k/lluisa/NextSIM/seas/Fmap_10days/2006_JFM_ic0.5_dt0.0025_DT0.0100/39_Fmap_matrix.npy

real	0m27.373s
user	0m0.010s
sys	0m0.017s
160
200
Generating /cluster/projects/nn8008k/lluisa/NextSIM/seas/Fmap_10days/2006_JFM_ic0.5_dt0.0025_DT0.0100/40_Fmap_matrix.npy

real	0m27.161s
user	0m0.015s
sys	0m0.012s
164
204
Generating /cluster/projects/nn8008k/lluisa/NextSIM/seas/Fmap_10days/2006_JFM_ic0.5_dt0.0025_DT0.0100/41_Fmap_matrix.npy

real	0m27.309s
user	0m0.012s
sys	0m0.015s
168
208
Generating /cluster/projects/nn8008k/lluisa/NextSIM/seas/Fmap_10days/2006_JFM_ic0.5_dt0.0025_DT0.0100/42_Fmap_matrix.npy

real	0m27.253s
user	0m0.015s
sys	0m0.012s
172
212
Generating /cluster/projects/nn8008k/lluisa/NextSIM/seas/Fmap_10days/2006_JFM_ic0.5_dt0.0025_DT0.0100/43_Fmap_matrix.npy

real	0m27.204s
user	0m0.014s
sys	0m0.013s
176
216
Generating /cluster/projects/nn8008k/lluisa/NextSIM/seas/Fmap_10days/2006_JFM_ic0.5_dt0.0025_DT0.0100/44_Fmap_matrix.npy

real	0m27.549s
user	0m0.013s
sys	0m0.014s
180
220
Generating /cluster/projects/nn8008k/lluisa/NextSIM/seas/Fmap_10days/2006_JFM_ic0.5_dt0.0025_DT0.0100/45_Fmap_matrix.npy

real	0m27.426s
user	0m0.011s
sys	0m0.015s
184
224
Generating /cluster/projects/nn8008k/lluisa/NextSIM/seas/Fmap_10days/2006_JFM_ic0.5_dt0.0025_DT0.0100/46_Fmap_matrix.npy

real	0m27.222s
user	0m0.015s
sys	0m0.011s
188
228
Generating /cluster/projects/nn8008k/lluisa/NextSIM/seas/Fmap_10days/2006_JFM_ic0.5_dt0.0025_DT0.0100/47_Fmap_matrix.npy

real	0m27.117s
user	0m0.015s
sys	0m0.012s
192
232
Generating /cluster/projects/nn8008k/lluisa/NextSIM/seas/Fmap_10days/2006_JFM_ic0.5_dt0.0025_DT0.0100/48_Fmap_matrix.npy

real	0m26.971s
user	0m0.016s
sys	0m0.011s
196
236
Generating /cluster/projects/nn8008k/lluisa/NextSIM/seas/Fmap_10days/2006_JFM_ic0.5_dt0.0025_DT0.0100/49_Fmap_matrix.npy

real	0m27.215s
user	0m0.014s
sys	0m0.013s
200
240
Generating /cluster/projects/nn8008k/lluisa/NextSIM/seas/Fmap_10days/2006_JFM_ic0.5_dt0.0025_DT0.0100/50_Fmap_matrix.npy

real	0m27.021s
user	0m0.014s
sys	0m0.015s
204
244
Generating /cluster/projects/nn8008k/lluisa/NextSIM/seas/Fmap_10days/2006_JFM_ic0.5_dt0.0025_DT0.0100/51_Fmap_matrix.npy

real	0m26.948s
user	0m0.011s
sys	0m0.015s
208
248
Generating /cluster/projects/nn8008k/lluisa/NextSIM/seas/Fmap_10days/2006_JFM_ic0.5_dt0.0025_DT0.0100/52_Fmap_matrix.npy

real	0m27.430s
user	0m0.016s
sys	0m0.011s
212
252
Generating /cluster/projects/nn8008k/lluisa/NextSIM/seas/Fmap_10days/2006_JFM_ic0.5_dt0.0025_DT0.0100/53_Fmap_matrix.npy

real	0m27.545s
user	0m0.014s
sys	0m0.014s
216
256
Generating /cluster/projects/nn8008k/lluisa/NextSIM/seas/Fmap_10days/2006_JFM_ic0.5_dt0.0025_DT0.0100/54_Fmap_matrix.npy

real	0m27.559s
user	0m0.010s
sys	0m0.017s
220
260
Generating /cluster/projects/nn8008k/lluisa/NextSIM/seas/Fmap_10days/2006_JFM_ic0.5_dt0.0025_DT0.0100/55_Fmap_matrix.npy

real	0m27.283s
user	0m0.009s
sys	0m0.017s
224
264
Generating /cluster/projects/nn8008k/lluisa/NextSIM/seas/Fmap_10days/2006_JFM_ic0.5_dt0.0025_DT0.0100/56_Fmap_matrix.npy

real	0m27.369s
user	0m0.011s
sys	0m0.015s
228
268
Generating /cluster/projects/nn8008k/lluisa/NextSIM/seas/Fmap_10days/2006_JFM_ic0.5_dt0.0025_DT0.0100/57_Fmap_matrix.npy

real	0m27.631s
user	0m0.013s
sys	0m0.014s
232
272
Generating /cluster/projects/nn8008k/lluisa/NextSIM/seas/Fmap_10days/2006_JFM_ic0.5_dt0.0025_DT0.0100/58_Fmap_matrix.npy

real	0m27.411s
user	0m0.011s
sys	0m0.017s
236
276
Generating /cluster/projects/nn8008k/lluisa/NextSIM/seas/Fmap_10days/2006_JFM_ic0.5_dt0.0025_DT0.0100/59_Fmap_matrix.npy

real	0m27.114s
user	0m0.016s
sys	0m0.010s
240
280
Generating /cluster/projects/nn8008k/lluisa/NextSIM/seas/Fmap_10days/2006_JFM_ic0.5_dt0.0025_DT0.0100/60_Fmap_matrix.npy

real	0m27.304s
user	0m0.013s
sys	0m0.016s
244
284
Generating /cluster/projects/nn8008k/lluisa/NextSIM/seas/Fmap_10days/2006_JFM_ic0.5_dt0.0025_DT0.0100/61_Fmap_matrix.npy

real	0m27.458s
user	0m0.014s
sys	0m0.013s
248
288
Generating /cluster/projects/nn8008k/lluisa/NextSIM/seas/Fmap_10days/2006_JFM_ic0.5_dt0.0025_DT0.0100/62_Fmap_matrix.npy

real	0m27.382s
user	0m0.012s
sys	0m0.013s
252
292
Generating /cluster/projects/nn8008k/lluisa/NextSIM/seas/Fmap_10days/2006_JFM_ic0.5_dt0.0025_DT0.0100/63_Fmap_matrix.npy

real	0m27.287s
user	0m0.012s
sys	0m0.015s
256
296
Generating /cluster/projects/nn8008k/lluisa/NextSIM/seas/Fmap_10days/2006_JFM_ic0.5_dt0.0025_DT0.0100/64_Fmap_matrix.npy

real	0m27.385s
user	0m0.016s
sys	0m0.011s
260
300
Generating /cluster/projects/nn8008k/lluisa/NextSIM/seas/Fmap_10days/2006_JFM_ic0.5_dt0.0025_DT0.0100/65_Fmap_matrix.npy

real	0m27.405s
user	0m0.017s
sys	0m0.009s
264
304
Generating /cluster/projects/nn8008k/lluisa/NextSIM/seas/Fmap_10days/2006_JFM_ic0.5_dt0.0025_DT0.0100/66_Fmap_matrix.npy

real	0m27.222s
user	0m0.009s
sys	0m0.017s
268
308
Generating /cluster/projects/nn8008k/lluisa/NextSIM/seas/Fmap_10days/2006_JFM_ic0.5_dt0.0025_DT0.0100/67_Fmap_matrix.npy

real	0m27.428s
user	0m0.014s
sys	0m0.014s
272
312
Generating /cluster/projects/nn8008k/lluisa/NextSIM/seas/Fmap_10days/2006_JFM_ic0.5_dt0.0025_DT0.0100/68_Fmap_matrix.npy

real	0m27.162s
user	0m0.014s
sys	0m0.013s
276
316
Generating /cluster/projects/nn8008k/lluisa/NextSIM/seas/Fmap_10days/2006_JFM_ic0.5_dt0.0025_DT0.0100/69_Fmap_matrix.npy

real	0m27.291s
user	0m0.014s
sys	0m0.012s
280
320
Generating /cluster/projects/nn8008k/lluisa/NextSIM/seas/Fmap_10days/2006_JFM_ic0.5_dt0.0025_DT0.0100/70_Fmap_matrix.npy

real	0m27.480s
user	0m0.008s
sys	0m0.018s
284
324
Generating /cluster/projects/nn8008k/lluisa/NextSIM/seas/Fmap_10days/2006_JFM_ic0.5_dt0.0025_DT0.0100/71_Fmap_matrix.npy

real	0m27.552s
user	0m0.011s
sys	0m0.015s
288
328
Generating /cluster/projects/nn8008k/lluisa/NextSIM/seas/Fmap_10days/2006_JFM_ic0.5_dt0.0025_DT0.0100/72_Fmap_matrix.npy

real	0m27.533s
user	0m0.015s
sys	0m0.013s
292
332
Generating /cluster/projects/nn8008k/lluisa/NextSIM/seas/Fmap_10days/2006_JFM_ic0.5_dt0.0025_DT0.0100/73_Fmap_matrix.npy

real	0m27.280s
user	0m0.009s
sys	0m0.018s
296
336
Generating /cluster/projects/nn8008k/lluisa/NextSIM/seas/Fmap_10days/2006_JFM_ic0.5_dt0.0025_DT0.0100/74_Fmap_matrix.npy

real	0m27.474s
user	0m0.010s
sys	0m0.017s
300
340
Generating /cluster/projects/nn8008k/lluisa/NextSIM/seas/Fmap_10days/2006_JFM_ic0.5_dt0.0025_DT0.0100/75_Fmap_matrix.npy

real	0m27.809s
user	0m0.016s
sys	0m0.011s
304
344
Generating /cluster/projects/nn8008k/lluisa/NextSIM/seas/Fmap_10days/2006_JFM_ic0.5_dt0.0025_DT0.0100/76_Fmap_matrix.npy

real	0m27.459s
user	0m0.011s
sys	0m0.015s
308
348
Generating /cluster/projects/nn8008k/lluisa/NextSIM/seas/Fmap_10days/2006_JFM_ic0.5_dt0.0025_DT0.0100/77_Fmap_matrix.npy

real	0m27.482s
user	0m0.013s
sys	0m0.014s
312
352
Generating /cluster/projects/nn8008k/lluisa/NextSIM/seas/Fmap_10days/2006_JFM_ic0.5_dt0.0025_DT0.0100/78_Fmap_matrix.npy

real	0m27.413s
user	0m0.014s
sys	0m0.013s
316
356
Generating /cluster/projects/nn8008k/lluisa/NextSIM/seas/Fmap_10days/2006_JFM_ic0.5_dt0.0025_DT0.0100/79_Fmap_matrix.npy

real	0m27.302s
user	0m0.016s
sys	0m0.010s
320
360
Generating /cluster/projects/nn8008k/lluisa/NextSIM/seas/Fmap_10days/2006_JFM_ic0.5_dt0.0025_DT0.0100/80_Fmap_matrix.npy

real	0m27.281s
user	0m0.009s
sys	0m0.017s
EBVERSIONNUMACTL=2.0.16
SLURM_JOB_NUM_NODES=1
EBROOTNUMACTL=/cluster/software/numactl/2.0.16-GCCcore-13.2.0
EBDEVELNUMACTL=/cluster/software/numactl/2.0.16-GCCcore-13.2.0/easybuild/numactl-2.0.16-GCCcore-13.2.0-easybuild-devel
OMP_NUM_THREADS=32

Job 6228808 consumed 19.7 billing hours from project nn8008k.

Submitted 2025-05-03T00:03:21; waited 20.0 seconds in the queue after becoming eligible to run.

Requested wallclock time: 3.0 days
Elapsed wallclock time:   37.0 minutes

Job exited normally.

Task and CPU statistics:
ID              CPUs  Tasks  CPU util                Start   Elapsed  Exit status
6228808           32            0.0 %  2025-05-03T00:03:41  2221.0 s  0
6228808.batch     32      1     0.0 %  2025-05-03T00:03:41  2221.0 s  0
6228808.python    32      1    20.9 %  2025-05-03T00:03:47    36.0 s  0
6228808.python    32      1    27.4 %  2025-05-03T00:04:23    27.0 s  0
6228808.python    32      1    27.4 %  2025-05-03T00:04:50    27.0 s  0
6228808.python    32      1    27.5 %  2025-05-03T00:05:17    27.0 s  0
6228808.python    32      1    27.6 %  2025-05-03T00:05:44    27.0 s  0
6228808.python    32      1    28.0 %  2025-05-03T00:06:11    27.0 s  0
6228808.python    32      1    28.4 %  2025-05-03T00:06:38    26.0 s  0
6228808.python    32      1    27.3 %  2025-05-03T00:07:04    27.0 s  0
6228808.python    32      1    27.8 %  2025-05-03T00:07:31    27.0 s  0
6228808.python    32      1    26.6 %  2025-05-03T00:07:58    28.0 s  0
6228808.python    32      1    27.3 %  2025-05-03T00:08:26    27.0 s  0
6228808.python    32      1    27.7 %  2025-05-03T00:08:53    27.0 s  0
6228808.python    32      1    27.6 %  2025-05-03T00:09:20    27.0 s  0
6228808.python    32      1    27.7 %  2025-05-03T00:09:47    27.0 s  0
6228808.python    32      1    27.7 %  2025-05-03T00:10:14    27.0 s  0
6228808.python    32      1    27.8 %  2025-05-03T00:10:41    27.0 s  0
6228808.python    32      1    27.6 %  2025-05-03T00:11:08    27.0 s  0
6228808.python    32      1    27.7 %  2025-05-03T00:11:35    27.0 s  0
6228808.python    32      1    27.6 %  2025-05-03T00:12:02    27.0 s  0
6228808.python    32      1    26.7 %  2025-05-03T00:12:29    28.0 s  0
6228808.python    32      1    28.6 %  2025-05-03T00:12:57    26.0 s  0
6228808.python    32      1    26.7 %  2025-05-03T00:13:23    28.0 s  0
6228808.python    32      1    27.6 %  2025-05-03T00:13:51    27.0 s  0
6228808.python    32      1    27.7 %  2025-05-03T00:14:18    27.0 s  0
6228808.python    32      1    27.8 %  2025-05-03T00:14:45    27.0 s  0
6228808.python    32      1    27.9 %  2025-05-03T00:15:12    27.0 s  0
6228808.python    32      1    27.7 %  2025-05-03T00:15:39    27.0 s  0
6228808.python    32      1    26.9 %  2025-05-03T00:16:06    28.0 s  0
6228808.python    32      1    28.1 %  2025-05-03T00:16:34    27.0 s  0
6228808.python    32      1    28.1 %  2025-05-03T00:17:01    27.0 s  0
6228808.python    32      1    28.0 %  2025-05-03T00:17:28    27.0 s  0
6228808.python    32      1    27.0 %  2025-05-03T00:17:55    28.0 s  0
6228808.python    32      1    28.1 %  2025-05-03T00:18:23    27.0 s  0
6228808.python    32      1    27.7 %  2025-05-03T00:18:50    27.0 s  0
6228808.python    32      1    27.8 %  2025-05-03T00:19:17    27.0 s  0
6228808.python    32      1    27.1 %  2025-05-03T00:19:44    28.0 s  0
6228808.python    32      1    28.3 %  2025-05-03T00:20:12    27.0 s  0
6228808.python    32      1    28.0 %  2025-05-03T00:20:39    27.0 s  0
6228808.python    32      1    27.9 %  2025-05-03T00:21:06    27.0 s  0
6228808.python    32      1    27.1 %  2025-05-03T00:21:33    28.0 s  0
6228808.python    32      1    27.8 %  2025-05-03T00:22:01    27.0 s  0
6228808.python    32      1    27.9 %  2025-05-03T00:22:28    27.0 s  0
6228808.python    32      1    26.9 %  2025-05-03T00:22:55    28.0 s  0
6228808.python    32      1    27.9 %  2025-05-03T00:23:23    27.0 s  0
6228808.python    32      1    28.0 %  2025-05-03T00:23:50    27.0 s  0
6228808.python    32      1    26.9 %  2025-05-03T00:24:17    28.0 s  0
6228808.python    32      1    27.9 %  2025-05-03T00:24:45    27.0 s  0
6228808.python    32      1    27.9 %  2025-05-03T00:25:12    27.0 s  0
6228808.python    32      1    27.7 %  2025-05-03T00:25:39    27.0 s  0
6228808.python    32      1    27.9 %  2025-05-03T00:26:06    27.0 s  0
6228808.python    32      1    27.8 %  2025-05-03T00:26:33    27.0 s  0
6228808.python    32      1    27.9 %  2025-05-03T00:27:00    27.0 s  0
6228808.python    32      1    27.2 %  2025-05-03T00:27:27    28.0 s  0
6228808.python    32      1    28.2 %  2025-05-03T00:27:55    27.0 s  0
6228808.python    32      1    27.3 %  2025-05-03T00:28:22    28.0 s  0
6228808.python    32      1    28.2 %  2025-05-03T00:28:50    27.0 s  0
6228808.python    32      1    28.1 %  2025-05-03T00:29:17    27.0 s  0
6228808.python    32      1    27.4 %  2025-05-03T00:29:44    28.0 s  0
6228808.python    32      1    28.6 %  2025-05-03T00:30:12    27.0 s  0
6228808.python    32      1    27.2 %  2025-05-03T00:30:39    28.0 s  0
6228808.python    32      1    28.3 %  2025-05-03T00:31:07    27.0 s  0
6228808.python    32      1    28.3 %  2025-05-03T00:31:34    27.0 s  0
6228808.python    32      1    27.4 %  2025-05-03T00:32:01    28.0 s  0
6228808.python    32      1    28.3 %  2025-05-03T00:32:29    27.0 s  0
6228808.python    32      1    28.4 %  2025-05-03T00:32:56    27.0 s  0
6228808.python    32      1    27.3 %  2025-05-03T00:33:23    28.0 s  0
6228808.python    32      1    28.3 %  2025-05-03T00:33:51    27.0 s  0
6228808.python    32      1    28.2 %  2025-05-03T00:34:18    27.0 s  0
6228808.python    32      1    27.3 %  2025-05-03T00:34:45    28.0 s  0
6228808.python    32      1    28.3 %  2025-05-03T00:35:13    27.0 s  0
6228808.python    32      1    28.2 %  2025-05-03T00:35:40    27.0 s  0
6228808.python    32      1    27.5 %  2025-05-03T00:36:07    28.0 s  0
6228808.python    32      1    28.3 %  2025-05-03T00:36:35    27.0 s  0
6228808.python    32      1    27.5 %  2025-05-03T00:37:02    28.0 s  0
6228808.python    32      1    28.5 %  2025-05-03T00:37:30    27.0 s  0
6228808.python    32      1    27.5 %  2025-05-03T00:37:57    28.0 s  0
6228808.python    32      1    28.4 %  2025-05-03T00:38:25    27.0 s  0
6228808.python    32      1    27.4 %  2025-05-03T00:38:52    28.0 s  0
6228808.python    32      1    28.5 %  2025-05-03T00:39:20    27.0 s  0
6228808.python    32      1    27.4 %  2025-05-03T00:39:47    28.0 s  0
6228808.python    32      1    28.4 %  2025-05-03T00:40:15    27.0 s  0

Used CPU time:   5.4 CPU hours
Unused CPU time: 14.3 CPU hours

Memory statistics, in GiB:
ID               Alloc   Usage
6228808           59.0        
6228808.batch     59.0     0.0
6228808.python    59.0     6.8
6228808.python    59.0     0.1
6228808.python    59.0     0.1
6228808.python    59.0     0.1
6228808.python    59.0     0.1
6228808.python    59.0     0.1
6228808.python    59.0     0.1
6228808.python    59.0     0.1
6228808.python    59.0     0.1
6228808.python    59.0     0.1
6228808.python    59.0     0.1
6228808.python    59.0     0.1
6228808.python    59.0     0.1
6228808.python    59.0     0.1
6228808.python    59.0     0.1
6228808.python    59.0     0.1
6228808.python    59.0     0.1
6228808.python    59.0     0.1
6228808.python    59.0     0.1
6228808.python    59.0     0.1
6228808.python    59.0     0.1
6228808.python    59.0     0.1
6228808.python    59.0     0.1
6228808.python    59.0     0.1
6228808.python    59.0     0.1
6228808.python    59.0     0.1
6228808.python    59.0     0.1
6228808.python    59.0     0.1
6228808.python    59.0     0.1
6228808.python    59.0     0.1
6228808.python    59.0     0.1
6228808.python    59.0     0.1
6228808.python    59.0     0.1
6228808.python    59.0     0.1
6228808.python    59.0     0.1
6228808.python    59.0     0.1
6228808.python    59.0     0.1
6228808.python    59.0     0.1
6228808.python    59.0     0.1
6228808.python    59.0     0.1
6228808.python    59.0     0.1
6228808.python    59.0     0.1
6228808.python    59.0     0.1
6228808.python    59.0     0.1
6228808.python    59.0     0.1
6228808.python    59.0     0.1
6228808.python    59.0     0.1
6228808.python    59.0     0.1
6228808.python    59.0     0.1
6228808.python    59.0     0.1
6228808.python    59.0     0.1
6228808.python    59.0     0.1
6228808.python    59.0     0.1
6228808.python    59.0     0.1
6228808.python    59.0     0.1
6228808.python    59.0     0.1
6228808.python    59.0     0.1
6228808.python    59.0     0.1
6228808.python    59.0     0.1
6228808.python    59.0     0.1
6228808.python    59.0     0.1
6228808.python    59.0     0.1
6228808.python    59.0     0.1
6228808.python    59.0     0.1
6228808.python    59.0     0.1
6228808.python    59.0     0.1
6228808.python    59.0     0.1
6228808.python    59.0     0.1
6228808.python    59.0     0.1
6228808.python    59.0     0.1
6228808.python    59.0     0.1
6228808.python    59.0     0.1
6228808.python    59.0     0.1
6228808.python    59.0     0.1
6228808.python    59.0     0.1
6228808.python    59.0     0.1
6228808.python    59.0     0.1
6228808.python    59.0     0.2
6228808.python    59.0     0.1
6228808.python    59.0     0.1
6228808.python    59.0     0.1

Job 6228808 completed at Sat May 3 00:40:42 CEST 2025
