Starting job 6228789 on c20-12 on fram at Sat May 3 00:03:44 CEST 2025


Currently Loaded Modules:
  1) StdEnv (S)

  Where:
   S:  Module is Sticky, requires --force to unload or purge

 


The following have been reloaded with a version change:
  1) GCCcore/13.3.0 => GCCcore/13.2.0
  2) OpenSSL/3 => OpenSSL/1.1
  3) Python/3.12.3-GCCcore-13.3.0 => Python/3.11.5-GCCcore-13.2.0
  4) SQLite/3.45.3-GCCcore-13.3.0 => SQLite/3.43.1-GCCcore-13.2.0
  5) Tcl/8.6.14-GCCcore-13.3.0 => Tcl/8.6.13-GCCcore-13.2.0
  6) XZ/5.4.5-GCCcore-13.3.0 => XZ/5.4.4-GCCcore-13.2.0
  7) binutils/2.42-GCCcore-13.3.0 => binutils/2.40-GCCcore-13.2.0
  8) bzip2/1.0.8-GCCcore-13.3.0 => bzip2/1.0.8-GCCcore-13.2.0
  9) libffi/3.4.5-GCCcore-13.3.0 => libffi/3.4.4-GCCcore-13.2.0
 10) libreadline/8.2-GCCcore-13.3.0 => libreadline/8.2-GCCcore-13.2.0
 11) ncurses/6.5-GCCcore-13.3.0 => ncurses/6.4-GCCcore-13.2.0
 12) zlib/1.3.1-GCCcore-13.3.0 => zlib/1.2.13-GCCcore-13.2.0

0
40
Generating /cluster/projects/nn8008k/lluisa/NextSIM/seas/Fmap_10days/2001_JAS_ic0.5_dt0.0025_DT0.0100/0_Fmap_matrix.npy

real	0m35.896s
user	0m0.020s
sys	0m0.020s
4
44
Generating /cluster/projects/nn8008k/lluisa/NextSIM/seas/Fmap_10days/2001_JAS_ic0.5_dt0.0025_DT0.0100/1_Fmap_matrix.npy

real	0m26.542s
user	0m0.013s
sys	0m0.015s
8
48
Generating /cluster/projects/nn8008k/lluisa/NextSIM/seas/Fmap_10days/2001_JAS_ic0.5_dt0.0025_DT0.0100/2_Fmap_matrix.npy

real	0m26.552s
user	0m0.013s
sys	0m0.015s
12
52
Generating /cluster/projects/nn8008k/lluisa/NextSIM/seas/Fmap_10days/2001_JAS_ic0.5_dt0.0025_DT0.0100/3_Fmap_matrix.npy

real	0m26.339s
user	0m0.015s
sys	0m0.014s
16
56
Generating /cluster/projects/nn8008k/lluisa/NextSIM/seas/Fmap_10days/2001_JAS_ic0.5_dt0.0025_DT0.0100/4_Fmap_matrix.npy

real	0m26.680s
user	0m0.013s
sys	0m0.015s
20
60
Generating /cluster/projects/nn8008k/lluisa/NextSIM/seas/Fmap_10days/2001_JAS_ic0.5_dt0.0025_DT0.0100/5_Fmap_matrix.npy

real	0m26.174s
user	0m0.015s
sys	0m0.012s
24
64
Generating /cluster/projects/nn8008k/lluisa/NextSIM/seas/Fmap_10days/2001_JAS_ic0.5_dt0.0025_DT0.0100/6_Fmap_matrix.npy

real	0m25.600s
user	0m0.014s
sys	0m0.014s
28
68
Generating /cluster/projects/nn8008k/lluisa/NextSIM/seas/Fmap_10days/2001_JAS_ic0.5_dt0.0025_DT0.0100/7_Fmap_matrix.npy

real	0m26.245s
user	0m0.016s
sys	0m0.012s
32
72
Generating /cluster/projects/nn8008k/lluisa/NextSIM/seas/Fmap_10days/2001_JAS_ic0.5_dt0.0025_DT0.0100/8_Fmap_matrix.npy

real	0m26.230s
user	0m0.016s
sys	0m0.010s
36
76
Generating /cluster/projects/nn8008k/lluisa/NextSIM/seas/Fmap_10days/2001_JAS_ic0.5_dt0.0025_DT0.0100/9_Fmap_matrix.npy

real	0m25.918s
user	0m0.013s
sys	0m0.014s
40
80
Generating /cluster/projects/nn8008k/lluisa/NextSIM/seas/Fmap_10days/2001_JAS_ic0.5_dt0.0025_DT0.0100/10_Fmap_matrix.npy

real	0m25.855s
user	0m0.012s
sys	0m0.015s
44
84
Generating /cluster/projects/nn8008k/lluisa/NextSIM/seas/Fmap_10days/2001_JAS_ic0.5_dt0.0025_DT0.0100/11_Fmap_matrix.npy

real	0m25.566s
user	0m0.012s
sys	0m0.015s
48
88
Generating /cluster/projects/nn8008k/lluisa/NextSIM/seas/Fmap_10days/2001_JAS_ic0.5_dt0.0025_DT0.0100/12_Fmap_matrix.npy

real	0m26.088s
user	0m0.017s
sys	0m0.010s
52
92
Generating /cluster/projects/nn8008k/lluisa/NextSIM/seas/Fmap_10days/2001_JAS_ic0.5_dt0.0025_DT0.0100/13_Fmap_matrix.npy

real	0m25.920s
user	0m0.016s
sys	0m0.011s
56
96
Generating /cluster/projects/nn8008k/lluisa/NextSIM/seas/Fmap_10days/2001_JAS_ic0.5_dt0.0025_DT0.0100/14_Fmap_matrix.npy

real	0m25.808s
user	0m0.014s
sys	0m0.013s
60
100
Generating /cluster/projects/nn8008k/lluisa/NextSIM/seas/Fmap_10days/2001_JAS_ic0.5_dt0.0025_DT0.0100/15_Fmap_matrix.npy

real	0m25.812s
user	0m0.016s
sys	0m0.010s
64
104
Generating /cluster/projects/nn8008k/lluisa/NextSIM/seas/Fmap_10days/2001_JAS_ic0.5_dt0.0025_DT0.0100/16_Fmap_matrix.npy

real	0m25.473s
user	0m0.016s
sys	0m0.011s
68
108
Generating /cluster/projects/nn8008k/lluisa/NextSIM/seas/Fmap_10days/2001_JAS_ic0.5_dt0.0025_DT0.0100/17_Fmap_matrix.npy

real	0m25.789s
user	0m0.015s
sys	0m0.012s
72
112
Generating /cluster/projects/nn8008k/lluisa/NextSIM/seas/Fmap_10days/2001_JAS_ic0.5_dt0.0025_DT0.0100/18_Fmap_matrix.npy

real	0m26.016s
user	0m0.016s
sys	0m0.010s
76
116
Generating /cluster/projects/nn8008k/lluisa/NextSIM/seas/Fmap_10days/2001_JAS_ic0.5_dt0.0025_DT0.0100/19_Fmap_matrix.npy

real	0m25.978s
user	0m0.011s
sys	0m0.015s
80
120
Generating /cluster/projects/nn8008k/lluisa/NextSIM/seas/Fmap_10days/2001_JAS_ic0.5_dt0.0025_DT0.0100/20_Fmap_matrix.npy

real	0m25.669s
user	0m0.012s
sys	0m0.015s
84
124
Generating /cluster/projects/nn8008k/lluisa/NextSIM/seas/Fmap_10days/2001_JAS_ic0.5_dt0.0025_DT0.0100/21_Fmap_matrix.npy

real	0m25.702s
user	0m0.014s
sys	0m0.013s
88
128
Generating /cluster/projects/nn8008k/lluisa/NextSIM/seas/Fmap_10days/2001_JAS_ic0.5_dt0.0025_DT0.0100/22_Fmap_matrix.npy

real	0m25.766s
user	0m0.011s
sys	0m0.016s
92
132
Generating /cluster/projects/nn8008k/lluisa/NextSIM/seas/Fmap_10days/2001_JAS_ic0.5_dt0.0025_DT0.0100/23_Fmap_matrix.npy

real	0m25.855s
user	0m0.011s
sys	0m0.016s
96
136
Generating /cluster/projects/nn8008k/lluisa/NextSIM/seas/Fmap_10days/2001_JAS_ic0.5_dt0.0025_DT0.0100/24_Fmap_matrix.npy

real	0m25.669s
user	0m0.015s
sys	0m0.012s
100
140
Generating /cluster/projects/nn8008k/lluisa/NextSIM/seas/Fmap_10days/2001_JAS_ic0.5_dt0.0025_DT0.0100/25_Fmap_matrix.npy

real	0m25.402s
user	0m0.012s
sys	0m0.014s
104
144
Generating /cluster/projects/nn8008k/lluisa/NextSIM/seas/Fmap_10days/2001_JAS_ic0.5_dt0.0025_DT0.0100/26_Fmap_matrix.npy

real	0m25.332s
user	0m0.013s
sys	0m0.013s
108
148
Generating /cluster/projects/nn8008k/lluisa/NextSIM/seas/Fmap_10days/2001_JAS_ic0.5_dt0.0025_DT0.0100/27_Fmap_matrix.npy

real	0m25.360s
user	0m0.014s
sys	0m0.014s
112
152
Generating /cluster/projects/nn8008k/lluisa/NextSIM/seas/Fmap_10days/2001_JAS_ic0.5_dt0.0025_DT0.0100/28_Fmap_matrix.npy

real	0m25.734s
user	0m0.014s
sys	0m0.013s
116
156
Generating /cluster/projects/nn8008k/lluisa/NextSIM/seas/Fmap_10days/2001_JAS_ic0.5_dt0.0025_DT0.0100/29_Fmap_matrix.npy

real	0m25.474s
user	0m0.013s
sys	0m0.014s
120
160
Generating /cluster/projects/nn8008k/lluisa/NextSIM/seas/Fmap_10days/2001_JAS_ic0.5_dt0.0025_DT0.0100/30_Fmap_matrix.npy

real	0m24.980s
user	0m0.011s
sys	0m0.015s
124
164
Generating /cluster/projects/nn8008k/lluisa/NextSIM/seas/Fmap_10days/2001_JAS_ic0.5_dt0.0025_DT0.0100/31_Fmap_matrix.npy

real	0m25.126s
user	0m0.015s
sys	0m0.011s
128
168
Generating /cluster/projects/nn8008k/lluisa/NextSIM/seas/Fmap_10days/2001_JAS_ic0.5_dt0.0025_DT0.0100/32_Fmap_matrix.npy

real	0m25.808s
user	0m0.012s
sys	0m0.015s
132
172
Generating /cluster/projects/nn8008k/lluisa/NextSIM/seas/Fmap_10days/2001_JAS_ic0.5_dt0.0025_DT0.0100/33_Fmap_matrix.npy

real	0m25.514s
user	0m0.010s
sys	0m0.017s
136
176
Generating /cluster/projects/nn8008k/lluisa/NextSIM/seas/Fmap_10days/2001_JAS_ic0.5_dt0.0025_DT0.0100/34_Fmap_matrix.npy

real	0m25.089s
user	0m0.015s
sys	0m0.012s
140
180
Generating /cluster/projects/nn8008k/lluisa/NextSIM/seas/Fmap_10days/2001_JAS_ic0.5_dt0.0025_DT0.0100/35_Fmap_matrix.npy

real	0m25.230s
user	0m0.016s
sys	0m0.010s
144
184
Generating /cluster/projects/nn8008k/lluisa/NextSIM/seas/Fmap_10days/2001_JAS_ic0.5_dt0.0025_DT0.0100/36_Fmap_matrix.npy

real	0m25.308s
user	0m0.018s
sys	0m0.009s
148
188
Generating /cluster/projects/nn8008k/lluisa/NextSIM/seas/Fmap_10days/2001_JAS_ic0.5_dt0.0025_DT0.0100/37_Fmap_matrix.npy

real	0m24.963s
user	0m0.013s
sys	0m0.015s
152
192
Generating /cluster/projects/nn8008k/lluisa/NextSIM/seas/Fmap_10days/2001_JAS_ic0.5_dt0.0025_DT0.0100/38_Fmap_matrix.npy

real	0m25.135s
user	0m0.013s
sys	0m0.015s
156
196
Generating /cluster/projects/nn8008k/lluisa/NextSIM/seas/Fmap_10days/2001_JAS_ic0.5_dt0.0025_DT0.0100/39_Fmap_matrix.npy

real	0m25.374s
user	0m0.014s
sys	0m0.013s
160
200
Generating /cluster/projects/nn8008k/lluisa/NextSIM/seas/Fmap_10days/2001_JAS_ic0.5_dt0.0025_DT0.0100/40_Fmap_matrix.npy

real	0m25.181s
user	0m0.014s
sys	0m0.012s
164
204
Generating /cluster/projects/nn8008k/lluisa/NextSIM/seas/Fmap_10days/2001_JAS_ic0.5_dt0.0025_DT0.0100/41_Fmap_matrix.npy

real	0m25.513s
user	0m0.011s
sys	0m0.015s
168
208
Generating /cluster/projects/nn8008k/lluisa/NextSIM/seas/Fmap_10days/2001_JAS_ic0.5_dt0.0025_DT0.0100/42_Fmap_matrix.npy

real	0m25.030s
user	0m0.015s
sys	0m0.012s
172
212
Generating /cluster/projects/nn8008k/lluisa/NextSIM/seas/Fmap_10days/2001_JAS_ic0.5_dt0.0025_DT0.0100/43_Fmap_matrix.npy

real	0m25.087s
user	0m0.013s
sys	0m0.013s
176
216
Generating /cluster/projects/nn8008k/lluisa/NextSIM/seas/Fmap_10days/2001_JAS_ic0.5_dt0.0025_DT0.0100/44_Fmap_matrix.npy

real	0m24.931s
user	0m0.016s
sys	0m0.010s
180
220
Generating /cluster/projects/nn8008k/lluisa/NextSIM/seas/Fmap_10days/2001_JAS_ic0.5_dt0.0025_DT0.0100/45_Fmap_matrix.npy

real	0m25.004s
user	0m0.015s
sys	0m0.012s
184
224
Generating /cluster/projects/nn8008k/lluisa/NextSIM/seas/Fmap_10days/2001_JAS_ic0.5_dt0.0025_DT0.0100/46_Fmap_matrix.npy

real	0m24.989s
user	0m0.017s
sys	0m0.010s
188
228
Generating /cluster/projects/nn8008k/lluisa/NextSIM/seas/Fmap_10days/2001_JAS_ic0.5_dt0.0025_DT0.0100/47_Fmap_matrix.npy

real	0m25.458s
user	0m0.013s
sys	0m0.014s
192
232
Generating /cluster/projects/nn8008k/lluisa/NextSIM/seas/Fmap_10days/2001_JAS_ic0.5_dt0.0025_DT0.0100/48_Fmap_matrix.npy

real	0m24.961s
user	0m0.014s
sys	0m0.013s
196
236
Generating /cluster/projects/nn8008k/lluisa/NextSIM/seas/Fmap_10days/2001_JAS_ic0.5_dt0.0025_DT0.0100/49_Fmap_matrix.npy

real	0m24.955s
user	0m0.015s
sys	0m0.011s
200
240
Generating /cluster/projects/nn8008k/lluisa/NextSIM/seas/Fmap_10days/2001_JAS_ic0.5_dt0.0025_DT0.0100/50_Fmap_matrix.npy

real	0m25.170s
user	0m0.014s
sys	0m0.014s
204
244
Generating /cluster/projects/nn8008k/lluisa/NextSIM/seas/Fmap_10days/2001_JAS_ic0.5_dt0.0025_DT0.0100/51_Fmap_matrix.npy

real	0m24.423s
user	0m0.012s
sys	0m0.015s
208
248
Generating /cluster/projects/nn8008k/lluisa/NextSIM/seas/Fmap_10days/2001_JAS_ic0.5_dt0.0025_DT0.0100/52_Fmap_matrix.npy

real	0m24.994s
user	0m0.013s
sys	0m0.013s
212
252
Generating /cluster/projects/nn8008k/lluisa/NextSIM/seas/Fmap_10days/2001_JAS_ic0.5_dt0.0025_DT0.0100/53_Fmap_matrix.npy

real	0m25.051s
user	0m0.012s
sys	0m0.014s
216
256
Generating /cluster/projects/nn8008k/lluisa/NextSIM/seas/Fmap_10days/2001_JAS_ic0.5_dt0.0025_DT0.0100/54_Fmap_matrix.npy

real	0m24.510s
user	0m0.014s
sys	0m0.013s
220
260
Generating /cluster/projects/nn8008k/lluisa/NextSIM/seas/Fmap_10days/2001_JAS_ic0.5_dt0.0025_DT0.0100/55_Fmap_matrix.npy

real	0m24.745s
user	0m0.015s
sys	0m0.012s
224
264
Generating /cluster/projects/nn8008k/lluisa/NextSIM/seas/Fmap_10days/2001_JAS_ic0.5_dt0.0025_DT0.0100/56_Fmap_matrix.npy

real	0m24.835s
user	0m0.015s
sys	0m0.011s
228
268
Generating /cluster/projects/nn8008k/lluisa/NextSIM/seas/Fmap_10days/2001_JAS_ic0.5_dt0.0025_DT0.0100/57_Fmap_matrix.npy

real	0m24.783s
user	0m0.014s
sys	0m0.013s
232
272
Generating /cluster/projects/nn8008k/lluisa/NextSIM/seas/Fmap_10days/2001_JAS_ic0.5_dt0.0025_DT0.0100/58_Fmap_matrix.npy

real	0m24.893s
user	0m0.014s
sys	0m0.013s
236
276
Generating /cluster/projects/nn8008k/lluisa/NextSIM/seas/Fmap_10days/2001_JAS_ic0.5_dt0.0025_DT0.0100/59_Fmap_matrix.npy

real	0m24.289s
user	0m0.016s
sys	0m0.011s
240
280
Generating /cluster/projects/nn8008k/lluisa/NextSIM/seas/Fmap_10days/2001_JAS_ic0.5_dt0.0025_DT0.0100/60_Fmap_matrix.npy

real	0m24.489s
user	0m0.014s
sys	0m0.013s
244
284
Generating /cluster/projects/nn8008k/lluisa/NextSIM/seas/Fmap_10days/2001_JAS_ic0.5_dt0.0025_DT0.0100/61_Fmap_matrix.npy

real	0m24.658s
user	0m0.015s
sys	0m0.011s
248
288
Generating /cluster/projects/nn8008k/lluisa/NextSIM/seas/Fmap_10days/2001_JAS_ic0.5_dt0.0025_DT0.0100/62_Fmap_matrix.npy

real	0m24.370s
user	0m0.013s
sys	0m0.014s
252
292
Generating /cluster/projects/nn8008k/lluisa/NextSIM/seas/Fmap_10days/2001_JAS_ic0.5_dt0.0025_DT0.0100/63_Fmap_matrix.npy

real	0m24.180s
user	0m0.014s
sys	0m0.013s
256
296
Generating /cluster/projects/nn8008k/lluisa/NextSIM/seas/Fmap_10days/2001_JAS_ic0.5_dt0.0025_DT0.0100/64_Fmap_matrix.npy

real	0m24.702s
user	0m0.013s
sys	0m0.014s
260
300
Generating /cluster/projects/nn8008k/lluisa/NextSIM/seas/Fmap_10days/2001_JAS_ic0.5_dt0.0025_DT0.0100/65_Fmap_matrix.npy

real	0m24.550s
user	0m0.016s
sys	0m0.011s
264
304
Generating /cluster/projects/nn8008k/lluisa/NextSIM/seas/Fmap_10days/2001_JAS_ic0.5_dt0.0025_DT0.0100/66_Fmap_matrix.npy

real	0m24.525s
user	0m0.014s
sys	0m0.013s
268
308
Generating /cluster/projects/nn8008k/lluisa/NextSIM/seas/Fmap_10days/2001_JAS_ic0.5_dt0.0025_DT0.0100/67_Fmap_matrix.npy

real	0m24.301s
user	0m0.016s
sys	0m0.011s
272
312
Generating /cluster/projects/nn8008k/lluisa/NextSIM/seas/Fmap_10days/2001_JAS_ic0.5_dt0.0025_DT0.0100/68_Fmap_matrix.npy

real	0m24.383s
user	0m0.012s
sys	0m0.015s
276
316
Generating /cluster/projects/nn8008k/lluisa/NextSIM/seas/Fmap_10days/2001_JAS_ic0.5_dt0.0025_DT0.0100/69_Fmap_matrix.npy

real	0m24.504s
user	0m0.013s
sys	0m0.014s
280
320
Generating /cluster/projects/nn8008k/lluisa/NextSIM/seas/Fmap_10days/2001_JAS_ic0.5_dt0.0025_DT0.0100/70_Fmap_matrix.npy

real	0m24.376s
user	0m0.015s
sys	0m0.011s
284
324
Generating /cluster/projects/nn8008k/lluisa/NextSIM/seas/Fmap_10days/2001_JAS_ic0.5_dt0.0025_DT0.0100/71_Fmap_matrix.npy

real	0m24.407s
user	0m0.013s
sys	0m0.013s
288
328
Generating /cluster/projects/nn8008k/lluisa/NextSIM/seas/Fmap_10days/2001_JAS_ic0.5_dt0.0025_DT0.0100/72_Fmap_matrix.npy

real	0m24.795s
user	0m0.015s
sys	0m0.011s
292
332
Generating /cluster/projects/nn8008k/lluisa/NextSIM/seas/Fmap_10days/2001_JAS_ic0.5_dt0.0025_DT0.0100/73_Fmap_matrix.npy

real	0m24.186s
user	0m0.011s
sys	0m0.016s
296
336
Generating /cluster/projects/nn8008k/lluisa/NextSIM/seas/Fmap_10days/2001_JAS_ic0.5_dt0.0025_DT0.0100/74_Fmap_matrix.npy

real	0m24.691s
user	0m0.015s
sys	0m0.012s
300
340
Generating /cluster/projects/nn8008k/lluisa/NextSIM/seas/Fmap_10days/2001_JAS_ic0.5_dt0.0025_DT0.0100/75_Fmap_matrix.npy

real	0m24.785s
user	0m0.014s
sys	0m0.013s
304
344
Generating /cluster/projects/nn8008k/lluisa/NextSIM/seas/Fmap_10days/2001_JAS_ic0.5_dt0.0025_DT0.0100/76_Fmap_matrix.npy

real	0m24.215s
user	0m0.013s
sys	0m0.013s
308
348
Generating /cluster/projects/nn8008k/lluisa/NextSIM/seas/Fmap_10days/2001_JAS_ic0.5_dt0.0025_DT0.0100/77_Fmap_matrix.npy

real	0m24.431s
user	0m0.012s
sys	0m0.015s
312
352
Generating /cluster/projects/nn8008k/lluisa/NextSIM/seas/Fmap_10days/2001_JAS_ic0.5_dt0.0025_DT0.0100/78_Fmap_matrix.npy

real	0m25.001s
user	0m0.014s
sys	0m0.012s
316
356
Generating /cluster/projects/nn8008k/lluisa/NextSIM/seas/Fmap_10days/2001_JAS_ic0.5_dt0.0025_DT0.0100/79_Fmap_matrix.npy

real	0m24.405s
user	0m0.015s
sys	0m0.011s
320
360
Generating /cluster/projects/nn8008k/lluisa/NextSIM/seas/Fmap_10days/2001_JAS_ic0.5_dt0.0025_DT0.0100/80_Fmap_matrix.npy

real	0m24.438s
user	0m0.015s
sys	0m0.011s
EBVERSIONNUMACTL=2.0.16
SLURM_JOB_NUM_NODES=1
EBROOTNUMACTL=/cluster/software/numactl/2.0.16-GCCcore-13.2.0
EBDEVELNUMACTL=/cluster/software/numactl/2.0.16-GCCcore-13.2.0/easybuild/numactl-2.0.16-GCCcore-13.2.0-easybuild-devel
OMP_NUM_THREADS=32

Job 6228789 consumed 18.3 billing hours from project nn8008k.

Submitted 2025-05-03T00:03:20; waited 21.0 seconds in the queue after becoming eligible to run.

Requested wallclock time: 3.0 days
Elapsed wallclock time:   34.3 minutes

Job exited normally.

Task and CPU statistics:
ID              CPUs  Tasks  CPU util                Start   Elapsed  Exit status
6228789           32            0.0 %  2025-05-03T00:03:41  2057.0 s  0
6228789.batch     32      1     0.0 %  2025-05-03T00:03:41  2057.0 s  0
6228789.python    32      1    20.3 %  2025-05-03T00:03:46    36.0 s  0
6228789.python    32      1    28.1 %  2025-05-03T00:04:22    26.0 s  0
6228789.python    32      1    26.7 %  2025-05-03T00:04:48    27.0 s  0
6228789.python    32      1    27.3 %  2025-05-03T00:05:15    26.0 s  0
6228789.python    32      1    26.4 %  2025-05-03T00:05:41    27.0 s  0
6228789.python    32      1    27.4 %  2025-05-03T00:06:08    26.0 s  0
6228789.python    32      1    27.0 %  2025-05-03T00:06:34    26.0 s  0
6228789.python    32      1    26.9 %  2025-05-03T00:07:00    26.0 s  0
6228789.python    32      1    26.9 %  2025-05-03T00:07:26    26.0 s  0
6228789.python    32      1    26.8 %  2025-05-03T00:07:52    26.0 s  0
6228789.python    32      1    26.9 %  2025-05-03T00:08:18    26.0 s  0
6228789.python    32      1    26.6 %  2025-05-03T00:08:44    26.0 s  0
6228789.python    32      1    26.4 %  2025-05-03T00:09:10    26.0 s  0
6228789.python    32      1    26.1 %  2025-05-03T00:09:36    26.0 s  0
6228789.python    32      1    27.4 %  2025-05-03T00:10:02    25.0 s  0
6228789.python    32      1    25.9 %  2025-05-03T00:10:27    26.0 s  0
6228789.python    32      1    25.8 %  2025-05-03T00:10:53    26.0 s  0
6228789.python    32      1    27.1 %  2025-05-03T00:11:19    25.0 s  0
6228789.python    32      1    25.9 %  2025-05-03T00:11:44    26.0 s  0
6228789.python    32      1    26.9 %  2025-05-03T00:12:11    25.0 s  0
6228789.python    32      1    25.7 %  2025-05-03T00:12:36    26.0 s  0
6228789.python    32      1    25.5 %  2025-05-03T00:13:02    26.0 s  0
6228789.python    32      1    25.4 %  2025-05-03T00:13:28    26.0 s  0
6228789.python    32      1    26.4 %  2025-05-03T00:13:54    25.0 s  0
6228789.python    32      1    25.2 %  2025-05-03T00:14:19    26.0 s  0
6228789.python    32      1    25.2 %  2025-05-03T00:14:45    26.0 s  0
6228789.python    32      1    26.3 %  2025-05-03T00:15:11    25.0 s  0
6228789.python    32      1    26.0 %  2025-05-03T00:15:36    25.0 s  0
6228789.python    32      1    25.1 %  2025-05-03T00:16:01    26.0 s  0
6228789.python    32      1    26.0 %  2025-05-03T00:16:27    25.0 s  0
6228789.python    32      1    25.9 %  2025-05-03T00:16:52    25.0 s  0
6228789.python    32      1    24.8 %  2025-05-03T00:17:17    26.0 s  0
6228789.python    32      1    25.6 %  2025-05-03T00:17:43    25.0 s  0
6228789.python    32      1    24.9 %  2025-05-03T00:18:08    26.0 s  0
6228789.python    32      1    25.4 %  2025-05-03T00:18:34    25.0 s  0
6228789.python    32      1    25.5 %  2025-05-03T00:18:59    25.0 s  0
6228789.python    32      1    25.6 %  2025-05-03T00:19:24    25.0 s  0
6228789.python    32      1    26.5 %  2025-05-03T00:19:50    24.0 s  0
6228789.python    32      1    24.5 %  2025-05-03T00:20:14    26.0 s  0
6228789.python    32      1    25.6 %  2025-05-03T00:20:40    25.0 s  0
6228789.python    32      1    25.2 %  2025-05-03T00:21:05    25.0 s  0
6228789.python    32      1    24.2 %  2025-05-03T00:21:30    26.0 s  0
6228789.python    32      1    25.1 %  2025-05-03T00:21:56    25.0 s  0
6228789.python    32      1    25.0 %  2025-05-03T00:22:21    25.0 s  0
6228789.python    32      1    25.2 %  2025-05-03T00:22:46    25.0 s  0
6228789.python    32      1    24.8 %  2025-05-03T00:23:11    25.0 s  0
6228789.python    32      1    24.8 %  2025-05-03T00:23:36    25.0 s  0
6228789.python    32      1    24.8 %  2025-05-03T00:24:01    25.0 s  0
6228789.python    32      1    24.6 %  2025-05-03T00:24:26    25.0 s  0
6228789.python    32      1    24.6 %  2025-05-03T00:24:51    25.0 s  0
6228789.python    32      1    24.5 %  2025-05-03T00:25:16    25.0 s  0
6228789.python    32      1    24.2 %  2025-05-03T00:25:41    25.0 s  0
6228789.python    32      1    24.4 %  2025-05-03T00:26:06    25.0 s  0
6228789.python    32      1    24.3 %  2025-05-03T00:26:31    25.0 s  0
6228789.python    32      1    25.2 %  2025-05-03T00:26:56    24.0 s  0
6228789.python    32      1    24.1 %  2025-05-03T00:27:20    25.0 s  0
6228789.python    32      1    24.1 %  2025-05-03T00:27:45    25.0 s  0
6228789.python    32      1    23.9 %  2025-05-03T00:28:10    25.0 s  0
6228789.python    32      1    25.1 %  2025-05-03T00:28:35    24.0 s  0
6228789.python    32      1    24.8 %  2025-05-03T00:29:00    24.0 s  0
6228789.python    32      1    24.8 %  2025-05-03T00:29:24    24.0 s  0
6228789.python    32      1    23.8 %  2025-05-03T00:29:48    25.0 s  0
6228789.python    32      1    24.7 %  2025-05-03T00:30:13    24.0 s  0
6228789.python    32      1    24.6 %  2025-05-03T00:30:37    24.0 s  0
6228789.python    32      1    24.8 %  2025-05-03T00:31:02    24.0 s  0
6228789.python    32      1    23.9 %  2025-05-03T00:31:26    25.0 s  0
6228789.python    32      1    24.5 %  2025-05-03T00:31:51    24.0 s  0
6228789.python    32      1    23.7 %  2025-05-03T00:32:15    25.0 s  0
6228789.python    32      1    24.6 %  2025-05-03T00:32:40    24.0 s  0
6228789.python    32      1    24.6 %  2025-05-03T00:33:04    24.0 s  0
6228789.python    32      1    23.5 %  2025-05-03T00:33:28    25.0 s  0
6228789.python    32      1    24.4 %  2025-05-03T00:33:53    24.0 s  0
6228789.python    32      1    23.6 %  2025-05-03T00:34:17    25.0 s  0
6228789.python    32      1    24.4 %  2025-05-03T00:34:42    24.0 s  0
6228789.python    32      1    23.9 %  2025-05-03T00:35:06    25.0 s  0
6228789.python    32      1    23.7 %  2025-05-03T00:35:31    25.0 s  0
6228789.python    32      1    24.4 %  2025-05-03T00:35:56    24.0 s  0
6228789.python    32      1    24.6 %  2025-05-03T00:36:20    24.0 s  0
6228789.python    32      1    23.7 %  2025-05-03T00:36:44    25.0 s  0
6228789.python    32      1    23.6 %  2025-05-03T00:37:09    25.0 s  0
6228789.python    32      1    24.5 %  2025-05-03T00:37:34    24.0 s  0

Used CPU time:   4.6 CPU hours
Unused CPU time: 13.7 CPU hours

Memory statistics, in GiB:
ID               Alloc   Usage
6228789           59.0        
6228789.batch     59.0     0.0
6228789.python    59.0     6.9
6228789.python    59.0     0.1
6228789.python    59.0     0.1
6228789.python    59.0     0.1
6228789.python    59.0     0.1
6228789.python    59.0     0.1
6228789.python    59.0     0.1
6228789.python    59.0     0.1
6228789.python    59.0     0.1
6228789.python    59.0     0.1
6228789.python    59.0     0.1
6228789.python    59.0     0.1
6228789.python    59.0     0.1
6228789.python    59.0     0.1
6228789.python    59.0     0.1
6228789.python    59.0     0.1
6228789.python    59.0     0.1
6228789.python    59.0     0.1
6228789.python    59.0     0.1
6228789.python    59.0     0.1
6228789.python    59.0     0.1
6228789.python    59.0     0.1
6228789.python    59.0     0.1
6228789.python    59.0     0.1
6228789.python    59.0     0.1
6228789.python    59.0     0.1
6228789.python    59.0     0.1
6228789.python    59.0     0.1
6228789.python    59.0     0.1
6228789.python    59.0     0.1
6228789.python    59.0     0.1
6228789.python    59.0     0.1
6228789.python    59.0     0.1
6228789.python    59.0     0.1
6228789.python    59.0     0.1
6228789.python    59.0     0.1
6228789.python    59.0     0.1
6228789.python    59.0     0.1
6228789.python    59.0     0.1
6228789.python    59.0     0.1
6228789.python    59.0     0.1
6228789.python    59.0     0.1
6228789.python    59.0     0.1
6228789.python    59.0     0.1
6228789.python    59.0     0.1
6228789.python    59.0     0.1
6228789.python    59.0     0.1
6228789.python    59.0     0.1
6228789.python    59.0     0.1
6228789.python    59.0     0.1
6228789.python    59.0     0.1
6228789.python    59.0     0.1
6228789.python    59.0     0.1
6228789.python    59.0     0.1
6228789.python    59.0     0.1
6228789.python    59.0     0.1
6228789.python    59.0     0.1
6228789.python    59.0     0.1
6228789.python    59.0     0.1
6228789.python    59.0     0.1
6228789.python    59.0     0.1
6228789.python    59.0     0.1
6228789.python    59.0     0.1
6228789.python    59.0     0.1
6228789.python    59.0     0.1
6228789.python    59.0     0.1
6228789.python    59.0     0.1
6228789.python    59.0     0.1
6228789.python    59.0     0.1
6228789.python    59.0     0.1
6228789.python    59.0     0.1
6228789.python    59.0     0.1
6228789.python    59.0     0.1
6228789.python    59.0     0.1
6228789.python    59.0     0.1
6228789.python    59.0     0.1
6228789.python    59.0     0.1
6228789.python    59.0     0.1
6228789.python    59.0     0.1
6228789.python    59.0     0.1
6228789.python    59.0     0.1

Job 6228789 completed at Sat May 3 00:37:59 CEST 2025
