Starting job 6228787 on c6-1 on fram at Sat May 3 00:03:44 CEST 2025


Currently Loaded Modules:
  1) StdEnv (S)

  Where:
   S:  Module is Sticky, requires --force to unload or purge

 


The following have been reloaded with a version change:
  1) GCCcore/13.3.0 => GCCcore/13.2.0
  2) OpenSSL/3 => OpenSSL/1.1
  3) Python/3.12.3-GCCcore-13.3.0 => Python/3.11.5-GCCcore-13.2.0
  4) SQLite/3.45.3-GCCcore-13.3.0 => SQLite/3.43.1-GCCcore-13.2.0
  5) Tcl/8.6.14-GCCcore-13.3.0 => Tcl/8.6.13-GCCcore-13.2.0
  6) XZ/5.4.5-GCCcore-13.3.0 => XZ/5.4.4-GCCcore-13.2.0
  7) binutils/2.42-GCCcore-13.3.0 => binutils/2.40-GCCcore-13.2.0
  8) bzip2/1.0.8-GCCcore-13.3.0 => bzip2/1.0.8-GCCcore-13.2.0
  9) libffi/3.4.5-GCCcore-13.3.0 => libffi/3.4.4-GCCcore-13.2.0
 10) libreadline/8.2-GCCcore-13.3.0 => libreadline/8.2-GCCcore-13.2.0
 11) ncurses/6.5-GCCcore-13.3.0 => ncurses/6.4-GCCcore-13.2.0
 12) zlib/1.3.1-GCCcore-13.3.0 => zlib/1.2.13-GCCcore-13.2.0

0
40
Generating /cluster/projects/nn8008k/lluisa/NextSIM/seas/Fmap_10days/2001_OND_ic0.5_dt0.0025_DT0.0100/0_Fmap_matrix.npy

real	0m34.156s
user	0m0.012s
sys	0m0.024s
4
44
Generating /cluster/projects/nn8008k/lluisa/NextSIM/seas/Fmap_10days/2001_OND_ic0.5_dt0.0025_DT0.0100/1_Fmap_matrix.npy

real	0m24.788s
user	0m0.017s
sys	0m0.011s
8
48
Generating /cluster/projects/nn8008k/lluisa/NextSIM/seas/Fmap_10days/2001_OND_ic0.5_dt0.0025_DT0.0100/2_Fmap_matrix.npy

real	0m24.565s
user	0m0.015s
sys	0m0.012s
12
52
Generating /cluster/projects/nn8008k/lluisa/NextSIM/seas/Fmap_10days/2001_OND_ic0.5_dt0.0025_DT0.0100/3_Fmap_matrix.npy

real	0m24.850s
user	0m0.011s
sys	0m0.016s
16
56
Generating /cluster/projects/nn8008k/lluisa/NextSIM/seas/Fmap_10days/2001_OND_ic0.5_dt0.0025_DT0.0100/4_Fmap_matrix.npy

real	0m24.360s
user	0m0.013s
sys	0m0.015s
20
60
Generating /cluster/projects/nn8008k/lluisa/NextSIM/seas/Fmap_10days/2001_OND_ic0.5_dt0.0025_DT0.0100/5_Fmap_matrix.npy

real	0m24.222s
user	0m0.017s
sys	0m0.012s
24
64
Generating /cluster/projects/nn8008k/lluisa/NextSIM/seas/Fmap_10days/2001_OND_ic0.5_dt0.0025_DT0.0100/6_Fmap_matrix.npy

real	0m24.880s
user	0m0.012s
sys	0m0.016s
28
68
Generating /cluster/projects/nn8008k/lluisa/NextSIM/seas/Fmap_10days/2001_OND_ic0.5_dt0.0025_DT0.0100/7_Fmap_matrix.npy

real	0m24.879s
user	0m0.014s
sys	0m0.013s
32
72
Generating /cluster/projects/nn8008k/lluisa/NextSIM/seas/Fmap_10days/2001_OND_ic0.5_dt0.0025_DT0.0100/8_Fmap_matrix.npy

real	0m24.728s
user	0m0.015s
sys	0m0.011s
36
76
Generating /cluster/projects/nn8008k/lluisa/NextSIM/seas/Fmap_10days/2001_OND_ic0.5_dt0.0025_DT0.0100/9_Fmap_matrix.npy

real	0m24.774s
user	0m0.013s
sys	0m0.014s
40
80
Generating /cluster/projects/nn8008k/lluisa/NextSIM/seas/Fmap_10days/2001_OND_ic0.5_dt0.0025_DT0.0100/10_Fmap_matrix.npy

real	0m25.154s
user	0m0.014s
sys	0m0.013s
44
84
Generating /cluster/projects/nn8008k/lluisa/NextSIM/seas/Fmap_10days/2001_OND_ic0.5_dt0.0025_DT0.0100/11_Fmap_matrix.npy

real	0m24.830s
user	0m0.015s
sys	0m0.012s
48
88
Generating /cluster/projects/nn8008k/lluisa/NextSIM/seas/Fmap_10days/2001_OND_ic0.5_dt0.0025_DT0.0100/12_Fmap_matrix.npy

real	0m24.748s
user	0m0.013s
sys	0m0.015s
52
92
Generating /cluster/projects/nn8008k/lluisa/NextSIM/seas/Fmap_10days/2001_OND_ic0.5_dt0.0025_DT0.0100/13_Fmap_matrix.npy

real	0m24.998s
user	0m0.012s
sys	0m0.015s
56
96
Generating /cluster/projects/nn8008k/lluisa/NextSIM/seas/Fmap_10days/2001_OND_ic0.5_dt0.0025_DT0.0100/14_Fmap_matrix.npy

real	0m25.089s
user	0m0.015s
sys	0m0.011s
60
100
Generating /cluster/projects/nn8008k/lluisa/NextSIM/seas/Fmap_10days/2001_OND_ic0.5_dt0.0025_DT0.0100/15_Fmap_matrix.npy

real	0m24.868s
user	0m0.016s
sys	0m0.012s
64
104
Generating /cluster/projects/nn8008k/lluisa/NextSIM/seas/Fmap_10days/2001_OND_ic0.5_dt0.0025_DT0.0100/16_Fmap_matrix.npy

real	0m25.066s
user	0m0.012s
sys	0m0.014s
68
108
Generating /cluster/projects/nn8008k/lluisa/NextSIM/seas/Fmap_10days/2001_OND_ic0.5_dt0.0025_DT0.0100/17_Fmap_matrix.npy

real	0m25.194s
user	0m0.014s
sys	0m0.013s
72
112
Generating /cluster/projects/nn8008k/lluisa/NextSIM/seas/Fmap_10days/2001_OND_ic0.5_dt0.0025_DT0.0100/18_Fmap_matrix.npy

real	0m24.911s
user	0m0.016s
sys	0m0.011s
76
116
Generating /cluster/projects/nn8008k/lluisa/NextSIM/seas/Fmap_10days/2001_OND_ic0.5_dt0.0025_DT0.0100/19_Fmap_matrix.npy

real	0m25.247s
user	0m0.015s
sys	0m0.012s
80
120
Generating /cluster/projects/nn8008k/lluisa/NextSIM/seas/Fmap_10days/2001_OND_ic0.5_dt0.0025_DT0.0100/20_Fmap_matrix.npy

real	0m25.137s
user	0m0.013s
sys	0m0.014s
84
124
Generating /cluster/projects/nn8008k/lluisa/NextSIM/seas/Fmap_10days/2001_OND_ic0.5_dt0.0025_DT0.0100/21_Fmap_matrix.npy

real	0m25.504s
user	0m0.014s
sys	0m0.012s
88
128
Generating /cluster/projects/nn8008k/lluisa/NextSIM/seas/Fmap_10days/2001_OND_ic0.5_dt0.0025_DT0.0100/22_Fmap_matrix.npy

real	0m25.032s
user	0m0.017s
sys	0m0.009s
92
132
Generating /cluster/projects/nn8008k/lluisa/NextSIM/seas/Fmap_10days/2001_OND_ic0.5_dt0.0025_DT0.0100/23_Fmap_matrix.npy

real	0m25.259s
user	0m0.011s
sys	0m0.017s
96
136
Generating /cluster/projects/nn8008k/lluisa/NextSIM/seas/Fmap_10days/2001_OND_ic0.5_dt0.0025_DT0.0100/24_Fmap_matrix.npy

real	0m25.136s
user	0m0.012s
sys	0m0.016s
100
140
Generating /cluster/projects/nn8008k/lluisa/NextSIM/seas/Fmap_10days/2001_OND_ic0.5_dt0.0025_DT0.0100/25_Fmap_matrix.npy

real	0m25.557s
user	0m0.012s
sys	0m0.015s
104
144
Generating /cluster/projects/nn8008k/lluisa/NextSIM/seas/Fmap_10days/2001_OND_ic0.5_dt0.0025_DT0.0100/26_Fmap_matrix.npy

real	0m25.473s
user	0m0.011s
sys	0m0.015s
108
148
Generating /cluster/projects/nn8008k/lluisa/NextSIM/seas/Fmap_10days/2001_OND_ic0.5_dt0.0025_DT0.0100/27_Fmap_matrix.npy

real	0m25.237s
user	0m0.016s
sys	0m0.010s
112
152
Generating /cluster/projects/nn8008k/lluisa/NextSIM/seas/Fmap_10days/2001_OND_ic0.5_dt0.0025_DT0.0100/28_Fmap_matrix.npy

real	0m25.557s
user	0m0.013s
sys	0m0.014s
116
156
Generating /cluster/projects/nn8008k/lluisa/NextSIM/seas/Fmap_10days/2001_OND_ic0.5_dt0.0025_DT0.0100/29_Fmap_matrix.npy

real	0m25.706s
user	0m0.012s
sys	0m0.014s
120
160
Generating /cluster/projects/nn8008k/lluisa/NextSIM/seas/Fmap_10days/2001_OND_ic0.5_dt0.0025_DT0.0100/30_Fmap_matrix.npy

real	0m25.423s
user	0m0.011s
sys	0m0.016s
124
164
Generating /cluster/projects/nn8008k/lluisa/NextSIM/seas/Fmap_10days/2001_OND_ic0.5_dt0.0025_DT0.0100/31_Fmap_matrix.npy

real	0m25.732s
user	0m0.013s
sys	0m0.013s
128
168
Generating /cluster/projects/nn8008k/lluisa/NextSIM/seas/Fmap_10days/2001_OND_ic0.5_dt0.0025_DT0.0100/32_Fmap_matrix.npy

real	0m25.207s
user	0m0.015s
sys	0m0.011s
132
172
Generating /cluster/projects/nn8008k/lluisa/NextSIM/seas/Fmap_10days/2001_OND_ic0.5_dt0.0025_DT0.0100/33_Fmap_matrix.npy

real	0m25.818s
user	0m0.013s
sys	0m0.014s
136
176
Generating /cluster/projects/nn8008k/lluisa/NextSIM/seas/Fmap_10days/2001_OND_ic0.5_dt0.0025_DT0.0100/34_Fmap_matrix.npy

real	0m25.254s
user	0m0.012s
sys	0m0.015s
140
180
Generating /cluster/projects/nn8008k/lluisa/NextSIM/seas/Fmap_10days/2001_OND_ic0.5_dt0.0025_DT0.0100/35_Fmap_matrix.npy

real	0m25.648s
user	0m0.012s
sys	0m0.015s
144
184
Generating /cluster/projects/nn8008k/lluisa/NextSIM/seas/Fmap_10days/2001_OND_ic0.5_dt0.0025_DT0.0100/36_Fmap_matrix.npy

real	0m27.817s
user	0m0.012s
sys	0m0.015s
148
188
Generating /cluster/projects/nn8008k/lluisa/NextSIM/seas/Fmap_10days/2001_OND_ic0.5_dt0.0025_DT0.0100/37_Fmap_matrix.npy

real	0m25.734s
user	0m0.016s
sys	0m0.010s
152
192
Generating /cluster/projects/nn8008k/lluisa/NextSIM/seas/Fmap_10days/2001_OND_ic0.5_dt0.0025_DT0.0100/38_Fmap_matrix.npy

real	0m25.833s
user	0m0.014s
sys	0m0.012s
156
196
Generating /cluster/projects/nn8008k/lluisa/NextSIM/seas/Fmap_10days/2001_OND_ic0.5_dt0.0025_DT0.0100/39_Fmap_matrix.npy

real	0m25.620s
user	0m0.015s
sys	0m0.012s
160
200
Generating /cluster/projects/nn8008k/lluisa/NextSIM/seas/Fmap_10days/2001_OND_ic0.5_dt0.0025_DT0.0100/40_Fmap_matrix.npy

real	0m25.909s
user	0m0.013s
sys	0m0.015s
164
204
Generating /cluster/projects/nn8008k/lluisa/NextSIM/seas/Fmap_10days/2001_OND_ic0.5_dt0.0025_DT0.0100/41_Fmap_matrix.npy

real	0m25.670s
user	0m0.014s
sys	0m0.014s
168
208
Generating /cluster/projects/nn8008k/lluisa/NextSIM/seas/Fmap_10days/2001_OND_ic0.5_dt0.0025_DT0.0100/42_Fmap_matrix.npy

real	0m25.994s
user	0m0.018s
sys	0m0.009s
172
212
Generating /cluster/projects/nn8008k/lluisa/NextSIM/seas/Fmap_10days/2001_OND_ic0.5_dt0.0025_DT0.0100/43_Fmap_matrix.npy

real	0m25.665s
user	0m0.011s
sys	0m0.015s
176
216
Generating /cluster/projects/nn8008k/lluisa/NextSIM/seas/Fmap_10days/2001_OND_ic0.5_dt0.0025_DT0.0100/44_Fmap_matrix.npy

real	0m25.954s
user	0m0.013s
sys	0m0.014s
180
220
Generating /cluster/projects/nn8008k/lluisa/NextSIM/seas/Fmap_10days/2001_OND_ic0.5_dt0.0025_DT0.0100/45_Fmap_matrix.npy

real	0m25.570s
user	0m0.013s
sys	0m0.016s
184
224
Generating /cluster/projects/nn8008k/lluisa/NextSIM/seas/Fmap_10days/2001_OND_ic0.5_dt0.0025_DT0.0100/46_Fmap_matrix.npy

real	0m25.872s
user	0m0.016s
sys	0m0.012s
188
228
Generating /cluster/projects/nn8008k/lluisa/NextSIM/seas/Fmap_10days/2001_OND_ic0.5_dt0.0025_DT0.0100/47_Fmap_matrix.npy

real	0m25.707s
user	0m0.013s
sys	0m0.014s
192
232
Generating /cluster/projects/nn8008k/lluisa/NextSIM/seas/Fmap_10days/2001_OND_ic0.5_dt0.0025_DT0.0100/48_Fmap_matrix.npy

real	0m25.951s
user	0m0.015s
sys	0m0.014s
196
236
Generating /cluster/projects/nn8008k/lluisa/NextSIM/seas/Fmap_10days/2001_OND_ic0.5_dt0.0025_DT0.0100/49_Fmap_matrix.npy

real	0m26.167s
user	0m0.018s
sys	0m0.009s
200
240
Generating /cluster/projects/nn8008k/lluisa/NextSIM/seas/Fmap_10days/2001_OND_ic0.5_dt0.0025_DT0.0100/50_Fmap_matrix.npy

real	0m26.210s
user	0m0.014s
sys	0m0.012s
204
244
Generating /cluster/projects/nn8008k/lluisa/NextSIM/seas/Fmap_10days/2001_OND_ic0.5_dt0.0025_DT0.0100/51_Fmap_matrix.npy

real	0m25.976s
user	0m0.014s
sys	0m0.012s
208
248
Generating /cluster/projects/nn8008k/lluisa/NextSIM/seas/Fmap_10days/2001_OND_ic0.5_dt0.0025_DT0.0100/52_Fmap_matrix.npy

real	0m26.260s
user	0m0.013s
sys	0m0.014s
212
252
Generating /cluster/projects/nn8008k/lluisa/NextSIM/seas/Fmap_10days/2001_OND_ic0.5_dt0.0025_DT0.0100/53_Fmap_matrix.npy

real	0m26.055s
user	0m0.021s
sys	0m0.007s
216
256
Generating /cluster/projects/nn8008k/lluisa/NextSIM/seas/Fmap_10days/2001_OND_ic0.5_dt0.0025_DT0.0100/54_Fmap_matrix.npy

real	0m26.227s
user	0m0.013s
sys	0m0.014s
220
260
Generating /cluster/projects/nn8008k/lluisa/NextSIM/seas/Fmap_10days/2001_OND_ic0.5_dt0.0025_DT0.0100/55_Fmap_matrix.npy

real	0m26.226s
user	0m0.013s
sys	0m0.015s
224
264
Generating /cluster/projects/nn8008k/lluisa/NextSIM/seas/Fmap_10days/2001_OND_ic0.5_dt0.0025_DT0.0100/56_Fmap_matrix.npy

real	0m26.580s
user	0m0.013s
sys	0m0.014s
228
268
Generating /cluster/projects/nn8008k/lluisa/NextSIM/seas/Fmap_10days/2001_OND_ic0.5_dt0.0025_DT0.0100/57_Fmap_matrix.npy

real	0m26.297s
user	0m0.014s
sys	0m0.014s
232
272
Generating /cluster/projects/nn8008k/lluisa/NextSIM/seas/Fmap_10days/2001_OND_ic0.5_dt0.0025_DT0.0100/58_Fmap_matrix.npy

real	0m26.203s
user	0m0.012s
sys	0m0.016s
236
276
Generating /cluster/projects/nn8008k/lluisa/NextSIM/seas/Fmap_10days/2001_OND_ic0.5_dt0.0025_DT0.0100/59_Fmap_matrix.npy

real	0m26.288s
user	0m0.012s
sys	0m0.015s
240
280
Generating /cluster/projects/nn8008k/lluisa/NextSIM/seas/Fmap_10days/2001_OND_ic0.5_dt0.0025_DT0.0100/60_Fmap_matrix.npy

real	0m26.312s
user	0m0.014s
sys	0m0.013s
244
284
Generating /cluster/projects/nn8008k/lluisa/NextSIM/seas/Fmap_10days/2001_OND_ic0.5_dt0.0025_DT0.0100/61_Fmap_matrix.npy

real	0m27.332s
user	0m0.011s
sys	0m0.017s
248
288
Generating /cluster/projects/nn8008k/lluisa/NextSIM/seas/Fmap_10days/2001_OND_ic0.5_dt0.0025_DT0.0100/62_Fmap_matrix.npy

real	0m26.476s
user	0m0.015s
sys	0m0.013s
252
292
Generating /cluster/projects/nn8008k/lluisa/NextSIM/seas/Fmap_10days/2001_OND_ic0.5_dt0.0025_DT0.0100/63_Fmap_matrix.npy

real	0m26.005s
user	0m0.012s
sys	0m0.016s
256
296
Generating /cluster/projects/nn8008k/lluisa/NextSIM/seas/Fmap_10days/2001_OND_ic0.5_dt0.0025_DT0.0100/64_Fmap_matrix.npy

real	0m26.701s
user	0m0.014s
sys	0m0.014s
260
300
Generating /cluster/projects/nn8008k/lluisa/NextSIM/seas/Fmap_10days/2001_OND_ic0.5_dt0.0025_DT0.0100/65_Fmap_matrix.npy

real	0m26.902s
user	0m0.014s
sys	0m0.012s
264
304
Generating /cluster/projects/nn8008k/lluisa/NextSIM/seas/Fmap_10days/2001_OND_ic0.5_dt0.0025_DT0.0100/66_Fmap_matrix.npy

real	0m26.545s
user	0m0.013s
sys	0m0.013s
268
308
Generating /cluster/projects/nn8008k/lluisa/NextSIM/seas/Fmap_10days/2001_OND_ic0.5_dt0.0025_DT0.0100/67_Fmap_matrix.npy

real	0m26.701s
user	0m0.015s
sys	0m0.012s
272
312
Generating /cluster/projects/nn8008k/lluisa/NextSIM/seas/Fmap_10days/2001_OND_ic0.5_dt0.0025_DT0.0100/68_Fmap_matrix.npy

real	0m26.632s
user	0m0.011s
sys	0m0.015s
276
316
Generating /cluster/projects/nn8008k/lluisa/NextSIM/seas/Fmap_10days/2001_OND_ic0.5_dt0.0025_DT0.0100/69_Fmap_matrix.npy

real	0m26.917s
user	0m0.010s
sys	0m0.017s
280
320
Generating /cluster/projects/nn8008k/lluisa/NextSIM/seas/Fmap_10days/2001_OND_ic0.5_dt0.0025_DT0.0100/70_Fmap_matrix.npy

real	0m26.736s
user	0m0.016s
sys	0m0.011s
284
324
Generating /cluster/projects/nn8008k/lluisa/NextSIM/seas/Fmap_10days/2001_OND_ic0.5_dt0.0025_DT0.0100/71_Fmap_matrix.npy

real	0m27.566s
user	0m0.014s
sys	0m0.013s
288
328
Generating /cluster/projects/nn8008k/lluisa/NextSIM/seas/Fmap_10days/2001_OND_ic0.5_dt0.0025_DT0.0100/72_Fmap_matrix.npy

real	0m26.711s
user	0m0.013s
sys	0m0.013s
292
332
Generating /cluster/projects/nn8008k/lluisa/NextSIM/seas/Fmap_10days/2001_OND_ic0.5_dt0.0025_DT0.0100/73_Fmap_matrix.npy

real	0m27.189s
user	0m0.013s
sys	0m0.014s
296
336
Generating /cluster/projects/nn8008k/lluisa/NextSIM/seas/Fmap_10days/2001_OND_ic0.5_dt0.0025_DT0.0100/74_Fmap_matrix.npy

real	0m26.699s
user	0m0.015s
sys	0m0.012s
300
340
Generating /cluster/projects/nn8008k/lluisa/NextSIM/seas/Fmap_10days/2001_OND_ic0.5_dt0.0025_DT0.0100/75_Fmap_matrix.npy

real	0m26.850s
user	0m0.012s
sys	0m0.015s
304
344
Generating /cluster/projects/nn8008k/lluisa/NextSIM/seas/Fmap_10days/2001_OND_ic0.5_dt0.0025_DT0.0100/76_Fmap_matrix.npy

real	0m27.048s
user	0m0.010s
sys	0m0.016s
308
348
Generating /cluster/projects/nn8008k/lluisa/NextSIM/seas/Fmap_10days/2001_OND_ic0.5_dt0.0025_DT0.0100/77_Fmap_matrix.npy

real	0m26.699s
user	0m0.015s
sys	0m0.012s
312
352
Generating /cluster/projects/nn8008k/lluisa/NextSIM/seas/Fmap_10days/2001_OND_ic0.5_dt0.0025_DT0.0100/78_Fmap_matrix.npy

real	0m26.774s
user	0m0.015s
sys	0m0.012s
316
356
Generating /cluster/projects/nn8008k/lluisa/NextSIM/seas/Fmap_10days/2001_OND_ic0.5_dt0.0025_DT0.0100/79_Fmap_matrix.npy

real	0m26.652s
user	0m0.013s
sys	0m0.015s
320
360
Generating /cluster/projects/nn8008k/lluisa/NextSIM/seas/Fmap_10days/2001_OND_ic0.5_dt0.0025_DT0.0100/80_Fmap_matrix.npy

real	0m26.835s
user	0m0.013s
sys	0m0.014s
EBVERSIONNUMACTL=2.0.16
SLURM_JOB_NUM_NODES=1
EBROOTNUMACTL=/cluster/software/numactl/2.0.16-GCCcore-13.2.0
EBDEVELNUMACTL=/cluster/software/numactl/2.0.16-GCCcore-13.2.0/easybuild/numactl-2.0.16-GCCcore-13.2.0-easybuild-devel
OMP_NUM_THREADS=32

Job 6228787 consumed 18.7 billing hours from project nn8008k.

Submitted 2025-05-03T00:03:20; waited 21.0 seconds in the queue after becoming eligible to run.

Requested wallclock time: 3.0 days
Elapsed wallclock time:   35.1 minutes

Job exited normally.

Task and CPU statistics:
ID              CPUs  Tasks  CPU util                Start   Elapsed  Exit status
6228787           32            0.0 %  2025-05-03T00:03:41  2107.0 s  0
6228787.batch     32      1     0.0 %  2025-05-03T00:03:41  2107.0 s  0
6228787.python    32      1    18.1 %  2025-05-03T00:03:47    34.0 s  0
6228787.python    32      1    25.5 %  2025-05-03T00:04:21    24.0 s  0
6228787.python    32      1    25.2 %  2025-05-03T00:04:46    24.0 s  0
6228787.python    32      1    24.4 %  2025-05-03T00:05:10    25.0 s  0
6228787.python    32      1    25.4 %  2025-05-03T00:05:35    24.0 s  0
6228787.python    32      1    25.7 %  2025-05-03T00:05:59    24.0 s  0
6228787.python    32      1    25.6 %  2025-05-03T00:06:24    24.0 s  0
6228787.python    32      1    24.6 %  2025-05-03T00:06:48    25.0 s  0
6228787.python    32      1    24.5 %  2025-05-03T00:07:13    25.0 s  0
6228787.python    32      1    24.7 %  2025-05-03T00:07:38    25.0 s  0
6228787.python    32      1    25.0 %  2025-05-03T00:08:03    25.0 s  0
6228787.python    32      1    24.7 %  2025-05-03T00:08:28    25.0 s  0
6228787.python    32      1    26.0 %  2025-05-03T00:08:53    24.0 s  0
6228787.python    32      1    25.9 %  2025-05-03T00:09:18    24.0 s  0
6228787.python    32      1    25.0 %  2025-05-03T00:09:43    25.0 s  0
6228787.python    32      1    26.0 %  2025-05-03T00:10:08    24.0 s  0
6228787.python    32      1    24.0 %  2025-05-03T00:10:32    26.0 s  0
6228787.python    32      1    25.0 %  2025-05-03T00:10:58    25.0 s  0
6228787.python    32      1    25.1 %  2025-05-03T00:11:23    25.0 s  0
6228787.python    32      1    25.2 %  2025-05-03T00:11:48    25.0 s  0
6228787.python    32      1    25.6 %  2025-05-03T00:12:13    25.0 s  0
6228787.python    32      1    25.8 %  2025-05-03T00:12:38    25.0 s  0
6228787.python    32      1    25.3 %  2025-05-03T00:13:04    25.0 s  0
6228787.python    32      1    25.4 %  2025-05-03T00:13:29    25.0 s  0
6228787.python    32      1    25.6 %  2025-05-03T00:13:54    25.0 s  0
6228787.python    32      1    25.8 %  2025-05-03T00:14:19    25.0 s  0
6228787.python    32      1    25.7 %  2025-05-03T00:14:45    25.0 s  0
6228787.python    32      1    25.7 %  2025-05-03T00:15:10    25.0 s  0
6228787.python    32      1    25.1 %  2025-05-03T00:15:35    26.0 s  0
6228787.python    32      1    26.3 %  2025-05-03T00:16:01    25.0 s  0
6228787.python    32      1    25.3 %  2025-05-03T00:16:26    26.0 s  0
6228787.python    32      1    25.4 %  2025-05-03T00:16:52    26.0 s  0
6228787.python    32      1    26.4 %  2025-05-03T00:17:18    25.0 s  0
6228787.python    32      1    25.4 %  2025-05-03T00:17:43    26.0 s  0
6228787.python    32      1    26.6 %  2025-05-03T00:18:09    25.0 s  0
6228787.python    32      1    25.7 %  2025-05-03T00:18:34    26.0 s  0
6228787.python    32      1    25.3 %  2025-05-03T00:19:00    27.0 s  0
6228787.python    32      1    25.8 %  2025-05-03T00:19:27    26.0 s  0
6228787.python    32      1    26.0 %  2025-05-03T00:19:53    26.0 s  0
6228787.python    32      1    25.9 %  2025-05-03T00:20:19    26.0 s  0
6228787.python    32      1    26.9 %  2025-05-03T00:20:45    25.0 s  0
6228787.python    32      1    26.2 %  2025-05-03T00:21:10    26.0 s  0
6228787.python    32      1    26.3 %  2025-05-03T00:21:36    26.0 s  0
6228787.python    32      1    26.1 %  2025-05-03T00:22:02    26.0 s  0
6228787.python    32      1    26.4 %  2025-05-03T00:22:28    26.0 s  0
6228787.python    32      1    27.3 %  2025-05-03T00:22:54    25.0 s  0
6228787.python    32      1    26.4 %  2025-05-03T00:23:19    26.0 s  0
6228787.python    32      1    26.4 %  2025-05-03T00:23:45    26.0 s  0
6228787.python    32      1    27.1 %  2025-05-03T00:24:11    26.0 s  0
6228787.python    32      1    26.8 %  2025-05-03T00:24:37    26.0 s  0
6228787.python    32      1    26.8 %  2025-05-03T00:25:03    26.0 s  0
6228787.python    32      1    26.9 %  2025-05-03T00:25:29    26.0 s  0
6228787.python    32      1    27.0 %  2025-05-03T00:25:55    26.0 s  0
6228787.python    32      1    26.0 %  2025-05-03T00:26:21    27.0 s  0
6228787.python    32      1    27.0 %  2025-05-03T00:26:48    26.0 s  0
6228787.python    32      1    27.0 %  2025-05-03T00:27:14    26.0 s  0
6228787.python    32      1    26.3 %  2025-05-03T00:27:40    27.0 s  0
6228787.python    32      1    27.1 %  2025-05-03T00:28:07    26.0 s  0
6228787.python    32      1    27.6 %  2025-05-03T00:28:33    26.0 s  0
6228787.python    32      1    27.3 %  2025-05-03T00:28:59    26.0 s  0
6228787.python    32      1    26.2 %  2025-05-03T00:29:25    27.0 s  0
6228787.python    32      1    26.8 %  2025-05-03T00:29:52    27.0 s  0
6228787.python    32      1    27.5 %  2025-05-03T00:30:19    26.0 s  0
6228787.python    32      1    28.5 %  2025-05-03T00:30:46    25.0 s  0
6228787.python    32      1    27.7 %  2025-05-03T00:31:12    26.0 s  0
6228787.python    32      1    26.6 %  2025-05-03T00:31:38    27.0 s  0
6228787.python    32      1    26.4 %  2025-05-03T00:32:05    27.0 s  0
6228787.python    32      1    27.7 %  2025-05-03T00:32:32    26.0 s  0
6228787.python    32      1    26.8 %  2025-05-03T00:32:58    27.0 s  0
6228787.python    32      1    26.9 %  2025-05-03T00:33:25    27.0 s  0
6228787.python    32      1    26.8 %  2025-05-03T00:33:52    27.0 s  0
6228787.python    32      1    27.1 %  2025-05-03T00:34:19    27.0 s  0
6228787.python    32      1    27.2 %  2025-05-03T00:34:46    27.0 s  0
6228787.python    32      1    27.0 %  2025-05-03T00:35:13    27.0 s  0
6228787.python    32      1    27.2 %  2025-05-03T00:35:40    27.0 s  0
6228787.python    32      1    27.1 %  2025-05-03T00:36:07    27.0 s  0
6228787.python    32      1    27.3 %  2025-05-03T00:36:34    27.0 s  0
6228787.python    32      1    28.1 %  2025-05-03T00:37:01    26.0 s  0
6228787.python    32      1    27.0 %  2025-05-03T00:37:27    27.0 s  0
6228787.python    32      1    27.0 %  2025-05-03T00:37:54    27.0 s  0
6228787.python    32      1    27.3 %  2025-05-03T00:38:21    27.0 s  0

Used CPU time:   4.9 CPU hours
Unused CPU time: 13.9 CPU hours

Memory statistics, in GiB:
ID               Alloc   Usage
6228787           59.0        
6228787.batch     59.0     0.0
6228787.python    59.0     6.9
6228787.python    59.0     0.1
6228787.python    59.0     0.1
6228787.python    59.0     0.1
6228787.python    59.0     0.1
6228787.python    59.0     0.1
6228787.python    59.0     0.1
6228787.python    59.0     0.1
6228787.python    59.0     0.1
6228787.python    59.0     0.1
6228787.python    59.0     0.1
6228787.python    59.0     0.1
6228787.python    59.0     0.1
6228787.python    59.0     0.1
6228787.python    59.0     0.1
6228787.python    59.0     0.1
6228787.python    59.0     0.1
6228787.python    59.0     0.1
6228787.python    59.0     0.1
6228787.python    59.0     0.1
6228787.python    59.0     0.1
6228787.python    59.0     0.1
6228787.python    59.0     0.1
6228787.python    59.0     0.1
6228787.python    59.0     0.1
6228787.python    59.0     0.1
6228787.python    59.0     0.1
6228787.python    59.0     0.1
6228787.python    59.0     0.1
6228787.python    59.0     0.1
6228787.python    59.0     0.1
6228787.python    59.0     0.1
6228787.python    59.0     0.1
6228787.python    59.0     0.1
6228787.python    59.0     0.1
6228787.python    59.0     0.1
6228787.python    59.0     0.1
6228787.python    59.0     0.1
6228787.python    59.0     0.1
6228787.python    59.0     0.1
6228787.python    59.0     0.1
6228787.python    59.0     0.1
6228787.python    59.0     0.1
6228787.python    59.0     0.1
6228787.python    59.0     0.1
6228787.python    59.0     0.1
6228787.python    59.0     0.1
6228787.python    59.0     0.1
6228787.python    59.0     0.1
6228787.python    59.0     0.1
6228787.python    59.0     0.1
6228787.python    59.0     0.1
6228787.python    59.0     0.1
6228787.python    59.0     0.1
6228787.python    59.0     0.1
6228787.python    59.0     0.1
6228787.python    59.0     0.1
6228787.python    59.0     0.1
6228787.python    59.0     0.1
6228787.python    59.0     0.1
6228787.python    59.0     0.1
6228787.python    59.0     0.1
6228787.python    59.0     0.1
6228787.python    59.0     0.1
6228787.python    59.0     0.1
6228787.python    59.0     0.1
6228787.python    59.0     0.1
6228787.python    59.0     0.1
6228787.python    59.0     0.1
6228787.python    59.0     0.1
6228787.python    59.0     0.1
6228787.python    59.0     0.1
6228787.python    59.0     0.1
6228787.python    59.0     0.1
6228787.python    59.0     0.1
6228787.python    59.0     0.1
6228787.python    59.0     0.1
6228787.python    59.0     0.1
6228787.python    59.0     0.1
6228787.python    59.0     0.1
6228787.python    59.0     0.1

Job 6228787 completed at Sat May 3 00:38:48 CEST 2025
