Starting job 6228810 on c27-10 on fram at Sat May 3 00:03:44 CEST 2025


Currently Loaded Modules:
  1) StdEnv (S)

  Where:
   S:  Module is Sticky, requires --force to unload or purge

 


The following have been reloaded with a version change:
  1) GCCcore/13.3.0 => GCCcore/13.2.0
  2) OpenSSL/3 => OpenSSL/1.1
  3) Python/3.12.3-GCCcore-13.3.0 => Python/3.11.5-GCCcore-13.2.0
  4) SQLite/3.45.3-GCCcore-13.3.0 => SQLite/3.43.1-GCCcore-13.2.0
  5) Tcl/8.6.14-GCCcore-13.3.0 => Tcl/8.6.13-GCCcore-13.2.0
  6) XZ/5.4.5-GCCcore-13.3.0 => XZ/5.4.4-GCCcore-13.2.0
  7) binutils/2.42-GCCcore-13.3.0 => binutils/2.40-GCCcore-13.2.0
  8) bzip2/1.0.8-GCCcore-13.3.0 => bzip2/1.0.8-GCCcore-13.2.0
  9) libffi/3.4.5-GCCcore-13.3.0 => libffi/3.4.4-GCCcore-13.2.0
 10) libreadline/8.2-GCCcore-13.3.0 => libreadline/8.2-GCCcore-13.2.0
 11) ncurses/6.5-GCCcore-13.3.0 => ncurses/6.4-GCCcore-13.2.0
 12) zlib/1.3.1-GCCcore-13.3.0 => zlib/1.2.13-GCCcore-13.2.0

0
40
Generating /cluster/projects/nn8008k/lluisa/NextSIM/seas/Fmap_10days/2007_AMJ_ic0.5_dt0.0025_DT0.0100/0_Fmap_matrix.npy

real	0m36.643s
user	0m0.017s
sys	0m0.021s
4
44
Generating /cluster/projects/nn8008k/lluisa/NextSIM/seas/Fmap_10days/2007_AMJ_ic0.5_dt0.0025_DT0.0100/1_Fmap_matrix.npy

real	0m27.618s
user	0m0.016s
sys	0m0.012s
8
48
Generating /cluster/projects/nn8008k/lluisa/NextSIM/seas/Fmap_10days/2007_AMJ_ic0.5_dt0.0025_DT0.0100/2_Fmap_matrix.npy

real	0m27.788s
user	0m0.014s
sys	0m0.013s
12
52
Generating /cluster/projects/nn8008k/lluisa/NextSIM/seas/Fmap_10days/2007_AMJ_ic0.5_dt0.0025_DT0.0100/3_Fmap_matrix.npy

real	0m27.681s
user	0m0.014s
sys	0m0.012s
16
56
Generating /cluster/projects/nn8008k/lluisa/NextSIM/seas/Fmap_10days/2007_AMJ_ic0.5_dt0.0025_DT0.0100/4_Fmap_matrix.npy

real	0m27.340s
user	0m0.012s
sys	0m0.016s
20
60
Generating /cluster/projects/nn8008k/lluisa/NextSIM/seas/Fmap_10days/2007_AMJ_ic0.5_dt0.0025_DT0.0100/5_Fmap_matrix.npy

real	0m27.169s
user	0m0.016s
sys	0m0.013s
24
64
Generating /cluster/projects/nn8008k/lluisa/NextSIM/seas/Fmap_10days/2007_AMJ_ic0.5_dt0.0025_DT0.0100/6_Fmap_matrix.npy

real	0m27.482s
user	0m0.013s
sys	0m0.014s
28
68
Generating /cluster/projects/nn8008k/lluisa/NextSIM/seas/Fmap_10days/2007_AMJ_ic0.5_dt0.0025_DT0.0100/7_Fmap_matrix.npy

real	0m27.163s
user	0m0.015s
sys	0m0.012s
32
72
Generating /cluster/projects/nn8008k/lluisa/NextSIM/seas/Fmap_10days/2007_AMJ_ic0.5_dt0.0025_DT0.0100/8_Fmap_matrix.npy

real	0m27.277s
user	0m0.012s
sys	0m0.016s
36
76
Generating /cluster/projects/nn8008k/lluisa/NextSIM/seas/Fmap_10days/2007_AMJ_ic0.5_dt0.0025_DT0.0100/9_Fmap_matrix.npy

real	0m27.485s
user	0m0.018s
sys	0m0.011s
40
80
Generating /cluster/projects/nn8008k/lluisa/NextSIM/seas/Fmap_10days/2007_AMJ_ic0.5_dt0.0025_DT0.0100/10_Fmap_matrix.npy

real	0m27.339s
user	0m0.016s
sys	0m0.011s
44
84
Generating /cluster/projects/nn8008k/lluisa/NextSIM/seas/Fmap_10days/2007_AMJ_ic0.5_dt0.0025_DT0.0100/11_Fmap_matrix.npy

real	0m27.162s
user	0m0.013s
sys	0m0.016s
48
88
Generating /cluster/projects/nn8008k/lluisa/NextSIM/seas/Fmap_10days/2007_AMJ_ic0.5_dt0.0025_DT0.0100/12_Fmap_matrix.npy

real	0m27.698s
user	0m0.015s
sys	0m0.012s
52
92
Generating /cluster/projects/nn8008k/lluisa/NextSIM/seas/Fmap_10days/2007_AMJ_ic0.5_dt0.0025_DT0.0100/13_Fmap_matrix.npy

real	0m27.555s
user	0m0.012s
sys	0m0.015s
56
96
Generating /cluster/projects/nn8008k/lluisa/NextSIM/seas/Fmap_10days/2007_AMJ_ic0.5_dt0.0025_DT0.0100/14_Fmap_matrix.npy

real	0m27.175s
user	0m0.012s
sys	0m0.015s
60
100
Generating /cluster/projects/nn8008k/lluisa/NextSIM/seas/Fmap_10days/2007_AMJ_ic0.5_dt0.0025_DT0.0100/15_Fmap_matrix.npy

real	0m27.270s
user	0m0.009s
sys	0m0.019s
64
104
Generating /cluster/projects/nn8008k/lluisa/NextSIM/seas/Fmap_10days/2007_AMJ_ic0.5_dt0.0025_DT0.0100/16_Fmap_matrix.npy

real	0m27.367s
user	0m0.016s
sys	0m0.011s
68
108
Generating /cluster/projects/nn8008k/lluisa/NextSIM/seas/Fmap_10days/2007_AMJ_ic0.5_dt0.0025_DT0.0100/17_Fmap_matrix.npy

real	0m27.370s
user	0m0.016s
sys	0m0.011s
72
112
Generating /cluster/projects/nn8008k/lluisa/NextSIM/seas/Fmap_10days/2007_AMJ_ic0.5_dt0.0025_DT0.0100/18_Fmap_matrix.npy

real	0m27.386s
user	0m0.016s
sys	0m0.011s
76
116
Generating /cluster/projects/nn8008k/lluisa/NextSIM/seas/Fmap_10days/2007_AMJ_ic0.5_dt0.0025_DT0.0100/19_Fmap_matrix.npy

real	0m27.549s
user	0m0.013s
sys	0m0.015s
80
120
Generating /cluster/projects/nn8008k/lluisa/NextSIM/seas/Fmap_10days/2007_AMJ_ic0.5_dt0.0025_DT0.0100/20_Fmap_matrix.npy

real	0m27.654s
user	0m0.012s
sys	0m0.015s
84
124
Generating /cluster/projects/nn8008k/lluisa/NextSIM/seas/Fmap_10days/2007_AMJ_ic0.5_dt0.0025_DT0.0100/21_Fmap_matrix.npy

real	0m27.852s
user	0m0.013s
sys	0m0.015s
88
128
Generating /cluster/projects/nn8008k/lluisa/NextSIM/seas/Fmap_10days/2007_AMJ_ic0.5_dt0.0025_DT0.0100/22_Fmap_matrix.npy

real	0m27.658s
user	0m0.015s
sys	0m0.012s
92
132
Generating /cluster/projects/nn8008k/lluisa/NextSIM/seas/Fmap_10days/2007_AMJ_ic0.5_dt0.0025_DT0.0100/23_Fmap_matrix.npy

real	0m27.159s
user	0m0.014s
sys	0m0.013s
96
136
Generating /cluster/projects/nn8008k/lluisa/NextSIM/seas/Fmap_10days/2007_AMJ_ic0.5_dt0.0025_DT0.0100/24_Fmap_matrix.npy

real	0m27.251s
user	0m0.016s
sys	0m0.011s
100
140
Generating /cluster/projects/nn8008k/lluisa/NextSIM/seas/Fmap_10days/2007_AMJ_ic0.5_dt0.0025_DT0.0100/25_Fmap_matrix.npy

real	0m27.026s
user	0m0.019s
sys	0m0.009s
104
144
Generating /cluster/projects/nn8008k/lluisa/NextSIM/seas/Fmap_10days/2007_AMJ_ic0.5_dt0.0025_DT0.0100/26_Fmap_matrix.npy

real	0m27.002s
user	0m0.014s
sys	0m0.012s
108
148
Generating /cluster/projects/nn8008k/lluisa/NextSIM/seas/Fmap_10days/2007_AMJ_ic0.5_dt0.0025_DT0.0100/27_Fmap_matrix.npy

real	0m27.355s
user	0m0.014s
sys	0m0.014s
112
152
Generating /cluster/projects/nn8008k/lluisa/NextSIM/seas/Fmap_10days/2007_AMJ_ic0.5_dt0.0025_DT0.0100/28_Fmap_matrix.npy

real	0m27.158s
user	0m0.012s
sys	0m0.014s
116
156
Generating /cluster/projects/nn8008k/lluisa/NextSIM/seas/Fmap_10days/2007_AMJ_ic0.5_dt0.0025_DT0.0100/29_Fmap_matrix.npy

real	0m27.979s
user	0m0.014s
sys	0m0.013s
120
160
Generating /cluster/projects/nn8008k/lluisa/NextSIM/seas/Fmap_10days/2007_AMJ_ic0.5_dt0.0025_DT0.0100/30_Fmap_matrix.npy

real	0m27.884s
user	0m0.011s
sys	0m0.015s
124
164
Generating /cluster/projects/nn8008k/lluisa/NextSIM/seas/Fmap_10days/2007_AMJ_ic0.5_dt0.0025_DT0.0100/31_Fmap_matrix.npy

real	0m27.278s
user	0m0.017s
sys	0m0.011s
128
168
Generating /cluster/projects/nn8008k/lluisa/NextSIM/seas/Fmap_10days/2007_AMJ_ic0.5_dt0.0025_DT0.0100/32_Fmap_matrix.npy

real	0m27.251s
user	0m0.015s
sys	0m0.012s
132
172
Generating /cluster/projects/nn8008k/lluisa/NextSIM/seas/Fmap_10days/2007_AMJ_ic0.5_dt0.0025_DT0.0100/33_Fmap_matrix.npy

real	0m27.136s
user	0m0.010s
sys	0m0.016s
136
176
Generating /cluster/projects/nn8008k/lluisa/NextSIM/seas/Fmap_10days/2007_AMJ_ic0.5_dt0.0025_DT0.0100/34_Fmap_matrix.npy

real	0m27.556s
user	0m0.015s
sys	0m0.012s
140
180
Generating /cluster/projects/nn8008k/lluisa/NextSIM/seas/Fmap_10days/2007_AMJ_ic0.5_dt0.0025_DT0.0100/35_Fmap_matrix.npy

real	0m26.606s
user	0m0.013s
sys	0m0.013s
144
184
Generating /cluster/projects/nn8008k/lluisa/NextSIM/seas/Fmap_10days/2007_AMJ_ic0.5_dt0.0025_DT0.0100/36_Fmap_matrix.npy

real	0m26.825s
user	0m0.017s
sys	0m0.010s
148
188
Generating /cluster/projects/nn8008k/lluisa/NextSIM/seas/Fmap_10days/2007_AMJ_ic0.5_dt0.0025_DT0.0100/37_Fmap_matrix.npy

real	0m27.689s
user	0m0.011s
sys	0m0.015s
152
192
Generating /cluster/projects/nn8008k/lluisa/NextSIM/seas/Fmap_10days/2007_AMJ_ic0.5_dt0.0025_DT0.0100/38_Fmap_matrix.npy

real	0m27.638s
user	0m0.017s
sys	0m0.011s
156
196
Generating /cluster/projects/nn8008k/lluisa/NextSIM/seas/Fmap_10days/2007_AMJ_ic0.5_dt0.0025_DT0.0100/39_Fmap_matrix.npy

real	0m27.430s
user	0m0.012s
sys	0m0.015s
160
200
Generating /cluster/projects/nn8008k/lluisa/NextSIM/seas/Fmap_10days/2007_AMJ_ic0.5_dt0.0025_DT0.0100/40_Fmap_matrix.npy

real	0m27.540s
user	0m0.011s
sys	0m0.016s
164
204
Generating /cluster/projects/nn8008k/lluisa/NextSIM/seas/Fmap_10days/2007_AMJ_ic0.5_dt0.0025_DT0.0100/41_Fmap_matrix.npy

real	0m27.592s
user	0m0.011s
sys	0m0.015s
168
208
Generating /cluster/projects/nn8008k/lluisa/NextSIM/seas/Fmap_10days/2007_AMJ_ic0.5_dt0.0025_DT0.0100/42_Fmap_matrix.npy

real	0m27.455s
user	0m0.014s
sys	0m0.013s
172
212
Generating /cluster/projects/nn8008k/lluisa/NextSIM/seas/Fmap_10days/2007_AMJ_ic0.5_dt0.0025_DT0.0100/43_Fmap_matrix.npy

real	0m27.089s
user	0m0.018s
sys	0m0.009s
176
216
Generating /cluster/projects/nn8008k/lluisa/NextSIM/seas/Fmap_10days/2007_AMJ_ic0.5_dt0.0025_DT0.0100/44_Fmap_matrix.npy

real	0m27.112s
user	0m0.013s
sys	0m0.014s
180
220
Generating /cluster/projects/nn8008k/lluisa/NextSIM/seas/Fmap_10days/2007_AMJ_ic0.5_dt0.0025_DT0.0100/45_Fmap_matrix.npy

real	0m27.434s
user	0m0.019s
sys	0m0.008s
184
224
Generating /cluster/projects/nn8008k/lluisa/NextSIM/seas/Fmap_10days/2007_AMJ_ic0.5_dt0.0025_DT0.0100/46_Fmap_matrix.npy

real	0m27.709s
user	0m0.014s
sys	0m0.014s
188
228
Generating /cluster/projects/nn8008k/lluisa/NextSIM/seas/Fmap_10days/2007_AMJ_ic0.5_dt0.0025_DT0.0100/47_Fmap_matrix.npy

real	0m27.107s
user	0m0.014s
sys	0m0.013s
192
232
Generating /cluster/projects/nn8008k/lluisa/NextSIM/seas/Fmap_10days/2007_AMJ_ic0.5_dt0.0025_DT0.0100/48_Fmap_matrix.npy

real	0m27.373s
user	0m0.013s
sys	0m0.015s
196
236
Generating /cluster/projects/nn8008k/lluisa/NextSIM/seas/Fmap_10days/2007_AMJ_ic0.5_dt0.0025_DT0.0100/49_Fmap_matrix.npy

real	0m27.106s
user	0m0.014s
sys	0m0.013s
200
240
Generating /cluster/projects/nn8008k/lluisa/NextSIM/seas/Fmap_10days/2007_AMJ_ic0.5_dt0.0025_DT0.0100/50_Fmap_matrix.npy

real	0m26.995s
user	0m0.011s
sys	0m0.016s
204
244
Generating /cluster/projects/nn8008k/lluisa/NextSIM/seas/Fmap_10days/2007_AMJ_ic0.5_dt0.0025_DT0.0100/51_Fmap_matrix.npy

real	0m26.734s
user	0m0.016s
sys	0m0.011s
208
248
Generating /cluster/projects/nn8008k/lluisa/NextSIM/seas/Fmap_10days/2007_AMJ_ic0.5_dt0.0025_DT0.0100/52_Fmap_matrix.npy

real	0m27.486s
user	0m0.013s
sys	0m0.015s
212
252
Generating /cluster/projects/nn8008k/lluisa/NextSIM/seas/Fmap_10days/2007_AMJ_ic0.5_dt0.0025_DT0.0100/53_Fmap_matrix.npy

real	0m27.599s
user	0m0.015s
sys	0m0.015s
216
256
Generating /cluster/projects/nn8008k/lluisa/NextSIM/seas/Fmap_10days/2007_AMJ_ic0.5_dt0.0025_DT0.0100/54_Fmap_matrix.npy

real	0m27.330s
user	0m0.017s
sys	0m0.010s
220
260
Generating /cluster/projects/nn8008k/lluisa/NextSIM/seas/Fmap_10days/2007_AMJ_ic0.5_dt0.0025_DT0.0100/55_Fmap_matrix.npy

real	0m27.631s
user	0m0.014s
sys	0m0.013s
224
264
Generating /cluster/projects/nn8008k/lluisa/NextSIM/seas/Fmap_10days/2007_AMJ_ic0.5_dt0.0025_DT0.0100/56_Fmap_matrix.npy

real	0m27.332s
user	0m0.011s
sys	0m0.016s
228
268
Generating /cluster/projects/nn8008k/lluisa/NextSIM/seas/Fmap_10days/2007_AMJ_ic0.5_dt0.0025_DT0.0100/57_Fmap_matrix.npy

real	0m27.389s
user	0m0.012s
sys	0m0.014s
232
272
Generating /cluster/projects/nn8008k/lluisa/NextSIM/seas/Fmap_10days/2007_AMJ_ic0.5_dt0.0025_DT0.0100/58_Fmap_matrix.npy

real	0m27.142s
user	0m0.015s
sys	0m0.012s
236
276
Generating /cluster/projects/nn8008k/lluisa/NextSIM/seas/Fmap_10days/2007_AMJ_ic0.5_dt0.0025_DT0.0100/59_Fmap_matrix.npy

real	0m27.563s
user	0m0.014s
sys	0m0.012s
240
280
Generating /cluster/projects/nn8008k/lluisa/NextSIM/seas/Fmap_10days/2007_AMJ_ic0.5_dt0.0025_DT0.0100/60_Fmap_matrix.npy

real	0m27.296s
user	0m0.017s
sys	0m0.012s
244
284
Generating /cluster/projects/nn8008k/lluisa/NextSIM/seas/Fmap_10days/2007_AMJ_ic0.5_dt0.0025_DT0.0100/61_Fmap_matrix.npy

real	0m26.901s
user	0m0.011s
sys	0m0.016s
248
288
Generating /cluster/projects/nn8008k/lluisa/NextSIM/seas/Fmap_10days/2007_AMJ_ic0.5_dt0.0025_DT0.0100/62_Fmap_matrix.npy

real	0m27.198s
user	0m0.014s
sys	0m0.012s
252
292
Generating /cluster/projects/nn8008k/lluisa/NextSIM/seas/Fmap_10days/2007_AMJ_ic0.5_dt0.0025_DT0.0100/63_Fmap_matrix.npy

real	0m27.142s
user	0m0.015s
sys	0m0.013s
256
296
Generating /cluster/projects/nn8008k/lluisa/NextSIM/seas/Fmap_10days/2007_AMJ_ic0.5_dt0.0025_DT0.0100/64_Fmap_matrix.npy

real	0m26.962s
user	0m0.013s
sys	0m0.014s
260
300
Generating /cluster/projects/nn8008k/lluisa/NextSIM/seas/Fmap_10days/2007_AMJ_ic0.5_dt0.0025_DT0.0100/65_Fmap_matrix.npy

real	0m27.211s
user	0m0.012s
sys	0m0.014s
264
304
Generating /cluster/projects/nn8008k/lluisa/NextSIM/seas/Fmap_10days/2007_AMJ_ic0.5_dt0.0025_DT0.0100/66_Fmap_matrix.npy

real	0m27.844s
user	0m0.013s
sys	0m0.014s
268
308
Generating /cluster/projects/nn8008k/lluisa/NextSIM/seas/Fmap_10days/2007_AMJ_ic0.5_dt0.0025_DT0.0100/67_Fmap_matrix.npy

real	0m27.186s
user	0m0.013s
sys	0m0.013s
272
312
Generating /cluster/projects/nn8008k/lluisa/NextSIM/seas/Fmap_10days/2007_AMJ_ic0.5_dt0.0025_DT0.0100/68_Fmap_matrix.npy

real	0m27.112s
user	0m0.013s
sys	0m0.014s
276
316
Generating /cluster/projects/nn8008k/lluisa/NextSIM/seas/Fmap_10days/2007_AMJ_ic0.5_dt0.0025_DT0.0100/69_Fmap_matrix.npy

real	0m26.816s
user	0m0.012s
sys	0m0.015s
280
320
Generating /cluster/projects/nn8008k/lluisa/NextSIM/seas/Fmap_10days/2007_AMJ_ic0.5_dt0.0025_DT0.0100/70_Fmap_matrix.npy

real	0m26.797s
user	0m0.013s
sys	0m0.015s
284
324
Generating /cluster/projects/nn8008k/lluisa/NextSIM/seas/Fmap_10days/2007_AMJ_ic0.5_dt0.0025_DT0.0100/71_Fmap_matrix.npy

real	0m27.418s
user	0m0.016s
sys	0m0.010s
288
328
Generating /cluster/projects/nn8008k/lluisa/NextSIM/seas/Fmap_10days/2007_AMJ_ic0.5_dt0.0025_DT0.0100/72_Fmap_matrix.npy

real	0m26.844s
user	0m0.012s
sys	0m0.015s
292
332
Generating /cluster/projects/nn8008k/lluisa/NextSIM/seas/Fmap_10days/2007_AMJ_ic0.5_dt0.0025_DT0.0100/73_Fmap_matrix.npy

real	0m26.380s
user	0m0.016s
sys	0m0.011s
296
336
Generating /cluster/projects/nn8008k/lluisa/NextSIM/seas/Fmap_10days/2007_AMJ_ic0.5_dt0.0025_DT0.0100/74_Fmap_matrix.npy

real	0m26.766s
user	0m0.012s
sys	0m0.015s
300
340
Generating /cluster/projects/nn8008k/lluisa/NextSIM/seas/Fmap_10days/2007_AMJ_ic0.5_dt0.0025_DT0.0100/75_Fmap_matrix.npy

real	0m26.642s
user	0m0.016s
sys	0m0.011s
304
344
Generating /cluster/projects/nn8008k/lluisa/NextSIM/seas/Fmap_10days/2007_AMJ_ic0.5_dt0.0025_DT0.0100/76_Fmap_matrix.npy

real	0m26.638s
user	0m0.013s
sys	0m0.014s
308
348
Generating /cluster/projects/nn8008k/lluisa/NextSIM/seas/Fmap_10days/2007_AMJ_ic0.5_dt0.0025_DT0.0100/77_Fmap_matrix.npy

real	0m26.521s
user	0m0.011s
sys	0m0.016s
312
352
Generating /cluster/projects/nn8008k/lluisa/NextSIM/seas/Fmap_10days/2007_AMJ_ic0.5_dt0.0025_DT0.0100/78_Fmap_matrix.npy

real	0m27.121s
user	0m0.012s
sys	0m0.016s
316
356
Generating /cluster/projects/nn8008k/lluisa/NextSIM/seas/Fmap_10days/2007_AMJ_ic0.5_dt0.0025_DT0.0100/79_Fmap_matrix.npy

real	0m26.873s
user	0m0.012s
sys	0m0.016s
320
360
Generating /cluster/projects/nn8008k/lluisa/NextSIM/seas/Fmap_10days/2007_AMJ_ic0.5_dt0.0025_DT0.0100/80_Fmap_matrix.npy

real	0m26.747s
user	0m0.022s
sys	0m0.004s
EBVERSIONNUMACTL=2.0.16
SLURM_JOB_NUM_NODES=1
EBROOTNUMACTL=/cluster/software/numactl/2.0.16-GCCcore-13.2.0
EBDEVELNUMACTL=/cluster/software/numactl/2.0.16-GCCcore-13.2.0/easybuild/numactl-2.0.16-GCCcore-13.2.0-easybuild-devel
OMP_NUM_THREADS=32

Job 6228810 consumed 19.8 billing hours from project nn8008k.

Submitted 2025-05-03T00:03:21; waited 20.0 seconds in the queue after becoming eligible to run.

Requested wallclock time: 3.0 days
Elapsed wallclock time:   37.1 minutes

Job exited normally.

Task and CPU statistics:
ID              CPUs  Tasks  CPU util                Start   Elapsed  Exit status
6228810           32            0.0 %  2025-05-03T00:03:41  2224.0 s  0
6228810.batch     32      1     0.0 %  2025-05-03T00:03:41  2224.0 s  0
6228810.python    32      1    21.5 %  2025-05-03T00:03:47    36.0 s  0
6228810.python    32      1    27.5 %  2025-05-03T00:04:23    28.0 s  0
6228810.python    32      1    27.4 %  2025-05-03T00:04:51    28.0 s  0
6228810.python    32      1    28.5 %  2025-05-03T00:05:19    27.0 s  0
6228810.python    32      1    27.3 %  2025-05-03T00:05:46    28.0 s  0
6228810.python    32      1    28.4 %  2025-05-03T00:06:14    27.0 s  0
6228810.python    32      1    28.4 %  2025-05-03T00:06:41    27.0 s  0
6228810.python    32      1    28.4 %  2025-05-03T00:07:08    27.0 s  0
6228810.python    32      1    27.4 %  2025-05-03T00:07:35    28.0 s  0
6228810.python    32      1    28.6 %  2025-05-03T00:08:03    27.0 s  0
6228810.python    32      1    27.2 %  2025-05-03T00:08:30    28.0 s  0
6228810.python    32      1    28.4 %  2025-05-03T00:08:58    27.0 s  0
6228810.python    32      1    28.4 %  2025-05-03T00:09:25    27.0 s  0
6228810.python    32      1    27.3 %  2025-05-03T00:09:52    28.0 s  0
6228810.python    32      1    28.3 %  2025-05-03T00:10:20    27.0 s  0
6228810.python    32      1    28.4 %  2025-05-03T00:10:47    27.0 s  0
6228810.python    32      1    27.2 %  2025-05-03T00:11:14    28.0 s  0
6228810.python    32      1    28.5 %  2025-05-03T00:11:42    27.0 s  0
6228810.python    32      1    27.4 %  2025-05-03T00:12:09    28.0 s  0
6228810.python    32      1    28.5 %  2025-05-03T00:12:37    27.0 s  0
6228810.python    32      1    27.6 %  2025-05-03T00:13:04    28.0 s  0
6228810.python    32      1    27.5 %  2025-05-03T00:13:32    28.0 s  0
6228810.python    32      1    28.4 %  2025-05-03T00:14:00    27.0 s  0
6228810.python    32      1    28.2 %  2025-05-03T00:14:27    27.0 s  0
6228810.python    32      1    27.4 %  2025-05-03T00:14:54    28.0 s  0
6228810.python    32      1    28.1 %  2025-05-03T00:15:22    27.0 s  0
6228810.python    32      1    28.2 %  2025-05-03T00:15:49    27.0 s  0
6228810.python    32      1    28.3 %  2025-05-03T00:16:16    27.0 s  0
6228810.python    32      1    28.4 %  2025-05-03T00:16:43    27.0 s  0
6228810.python    32      1    27.9 %  2025-05-03T00:17:10    28.0 s  0
6228810.python    32      1    27.5 %  2025-05-03T00:17:38    28.0 s  0
6228810.python    32      1    28.5 %  2025-05-03T00:18:06    27.0 s  0
6228810.python    32      1    27.3 %  2025-05-03T00:18:33    28.0 s  0
6228810.python    32      1    28.5 %  2025-05-03T00:19:01    27.0 s  0
6228810.python    32      1    28.3 %  2025-05-03T00:19:28    27.0 s  0
6228810.python    32      1    28.2 %  2025-05-03T00:19:55    27.0 s  0
6228810.python    32      1    28.4 %  2025-05-03T00:20:22    27.0 s  0
6228810.python    32      1    28.2 %  2025-05-03T00:20:49    27.0 s  0
6228810.python    32      1    27.2 %  2025-05-03T00:21:16    28.0 s  0
6228810.python    32      1    27.2 %  2025-05-03T00:21:44    28.0 s  0
6228810.python    32      1    28.2 %  2025-05-03T00:22:12    27.0 s  0
6228810.python    32      1    27.5 %  2025-05-03T00:22:39    28.0 s  0
6228810.python    32      1    28.1 %  2025-05-03T00:23:07    27.0 s  0
6228810.python    32      1    28.1 %  2025-05-03T00:23:34    27.0 s  0
6228810.python    32      1    28.1 %  2025-05-03T00:24:01    27.0 s  0
6228810.python    32      1    27.1 %  2025-05-03T00:24:28    28.0 s  0
6228810.python    32      1    28.2 %  2025-05-03T00:24:56    27.0 s  0
6228810.python    32      1    27.1 %  2025-05-03T00:25:23    28.0 s  0
6228810.python    32      1    28.2 %  2025-05-03T00:25:51    27.0 s  0
6228810.python    32      1    28.0 %  2025-05-03T00:26:18    27.0 s  0
6228810.python    32      1    28.1 %  2025-05-03T00:26:45    27.0 s  0
6228810.python    32      1    28.0 %  2025-05-03T00:27:12    27.0 s  0
6228810.python    32      1    28.1 %  2025-05-03T00:27:39    27.0 s  0
6228810.python    32      1    27.2 %  2025-05-03T00:28:06    28.0 s  0
6228810.python    32      1    28.3 %  2025-05-03T00:28:34    27.0 s  0
6228810.python    32      1    27.2 %  2025-05-03T00:29:01    28.0 s  0
6228810.python    32      1    28.3 %  2025-05-03T00:29:29    27.0 s  0
6228810.python    32      1    27.3 %  2025-05-03T00:29:56    28.0 s  0
6228810.python    32      1    27.9 %  2025-05-03T00:30:24    27.0 s  0
6228810.python    32      1    28.4 %  2025-05-03T00:30:51    27.0 s  0
6228810.python    32      1    26.9 %  2025-05-03T00:31:18    28.0 s  0
6228810.python    32      1    29.1 %  2025-05-03T00:31:46    26.0 s  0
6228810.python    32      1    26.9 %  2025-05-03T00:32:12    28.0 s  0
6228810.python    32      1    27.8 %  2025-05-03T00:32:40    27.0 s  0
6228810.python    32      1    27.8 %  2025-05-03T00:33:07    27.0 s  0
6228810.python    32      1    27.8 %  2025-05-03T00:33:34    27.0 s  0
6228810.python    32      1    27.0 %  2025-05-03T00:34:01    28.0 s  0
6228810.python    32      1    27.6 %  2025-05-03T00:34:29    27.0 s  0
6228810.python    32      1    27.7 %  2025-05-03T00:34:56    27.0 s  0
6228810.python    32      1    27.8 %  2025-05-03T00:35:23    27.0 s  0
6228810.python    32      1    27.6 %  2025-05-03T00:35:50    27.0 s  0
6228810.python    32      1    27.5 %  2025-05-03T00:36:17    27.0 s  0
6228810.python    32      1    27.5 %  2025-05-03T00:36:44    27.0 s  0
6228810.python    32      1    28.6 %  2025-05-03T00:37:11    26.0 s  0
6228810.python    32      1    27.4 %  2025-05-03T00:37:37    27.0 s  0
6228810.python    32      1    27.1 %  2025-05-03T00:38:04    27.0 s  0
6228810.python    32      1    28.0 %  2025-05-03T00:38:31    26.0 s  0
6228810.python    32      1    26.9 %  2025-05-03T00:38:57    27.0 s  0
6228810.python    32      1    26.6 %  2025-05-03T00:39:24    27.0 s  0
6228810.python    32      1    26.6 %  2025-05-03T00:39:51    27.0 s  0
6228810.python    32      1    26.5 %  2025-05-03T00:40:18    27.0 s  0

Used CPU time:   5.5 CPU hours
Unused CPU time: 14.3 CPU hours

Memory statistics, in GiB:
ID               Alloc   Usage
6228810           59.0        
6228810.batch     59.0     0.0
6228810.python    59.0     6.9
6228810.python    59.0     0.1
6228810.python    59.0     0.1
6228810.python    59.0     0.1
6228810.python    59.0     0.1
6228810.python    59.0     0.1
6228810.python    59.0     0.1
6228810.python    59.0     0.1
6228810.python    59.0     0.1
6228810.python    59.0     0.1
6228810.python    59.0     0.1
6228810.python    59.0     0.1
6228810.python    59.0     0.1
6228810.python    59.0     0.1
6228810.python    59.0     0.1
6228810.python    59.0     0.1
6228810.python    59.0     0.1
6228810.python    59.0     0.1
6228810.python    59.0     0.1
6228810.python    59.0     0.1
6228810.python    59.0     0.1
6228810.python    59.0     0.1
6228810.python    59.0     0.1
6228810.python    59.0     0.1
6228810.python    59.0     0.1
6228810.python    59.0     0.1
6228810.python    59.0     0.1
6228810.python    59.0     0.1
6228810.python    59.0     0.1
6228810.python    59.0     0.1
6228810.python    59.0     0.1
6228810.python    59.0     0.1
6228810.python    59.0     0.1
6228810.python    59.0     0.1
6228810.python    59.0     0.1
6228810.python    59.0     0.1
6228810.python    59.0     0.1
6228810.python    59.0     0.1
6228810.python    59.0     0.1
6228810.python    59.0     0.1
6228810.python    59.0     0.1
6228810.python    59.0     0.1
6228810.python    59.0     0.1
6228810.python    59.0     0.1
6228810.python    59.0     0.1
6228810.python    59.0     0.1
6228810.python    59.0     0.1
6228810.python    59.0     0.1
6228810.python    59.0     0.1
6228810.python    59.0     0.1
6228810.python    59.0     0.1
6228810.python    59.0     0.1
6228810.python    59.0     0.1
6228810.python    59.0     0.1
6228810.python    59.0     0.1
6228810.python    59.0     0.1
6228810.python    59.0     0.1
6228810.python    59.0     0.1
6228810.python    59.0     0.1
6228810.python    59.0     0.1
6228810.python    59.0     0.1
6228810.python    59.0     0.1
6228810.python    59.0     0.1
6228810.python    59.0     0.1
6228810.python    59.0     0.1
6228810.python    59.0     0.1
6228810.python    59.0     0.1
6228810.python    59.0     0.1
6228810.python    59.0     0.1
6228810.python    59.0     0.1
6228810.python    59.0     0.1
6228810.python    59.0     0.1
6228810.python    59.0     0.1
6228810.python    59.0     0.1
6228810.python    59.0     0.1
6228810.python    59.0     0.1
6228810.python    59.0     0.1
6228810.python    59.0     0.1
6228810.python    59.0     0.2
6228810.python    59.0     0.1
6228810.python    59.0     0.1

Job 6228810 completed at Sat May 3 00:40:45 CEST 2025
