Starting job 6228798 on c26-10 on fram at Sat May 3 00:03:44 CEST 2025


Currently Loaded Modules:
  1) StdEnv (S)

  Where:
   S:  Module is Sticky, requires --force to unload or purge

 


The following have been reloaded with a version change:
  1) GCCcore/13.3.0 => GCCcore/13.2.0
  2) OpenSSL/3 => OpenSSL/1.1
  3) Python/3.12.3-GCCcore-13.3.0 => Python/3.11.5-GCCcore-13.2.0
  4) SQLite/3.45.3-GCCcore-13.3.0 => SQLite/3.43.1-GCCcore-13.2.0
  5) Tcl/8.6.14-GCCcore-13.3.0 => Tcl/8.6.13-GCCcore-13.2.0
  6) XZ/5.4.5-GCCcore-13.3.0 => XZ/5.4.4-GCCcore-13.2.0
  7) binutils/2.42-GCCcore-13.3.0 => binutils/2.40-GCCcore-13.2.0
  8) bzip2/1.0.8-GCCcore-13.3.0 => bzip2/1.0.8-GCCcore-13.2.0
  9) libffi/3.4.5-GCCcore-13.3.0 => libffi/3.4.4-GCCcore-13.2.0
 10) libreadline/8.2-GCCcore-13.3.0 => libreadline/8.2-GCCcore-13.2.0
 11) ncurses/6.5-GCCcore-13.3.0 => ncurses/6.4-GCCcore-13.2.0
 12) zlib/1.3.1-GCCcore-13.3.0 => zlib/1.2.13-GCCcore-13.2.0

0
40
Generating /cluster/projects/nn8008k/lluisa/NextSIM/seas/Fmap_10days/2004_AMJ_ic0.5_dt0.0025_DT0.0100/0_Fmap_matrix.npy

real	0m35.695s
user	0m0.011s
sys	0m0.027s
4
44
Generating /cluster/projects/nn8008k/lluisa/NextSIM/seas/Fmap_10days/2004_AMJ_ic0.5_dt0.0025_DT0.0100/1_Fmap_matrix.npy

real	0m27.757s
user	0m0.014s
sys	0m0.015s
8
48
Generating /cluster/projects/nn8008k/lluisa/NextSIM/seas/Fmap_10days/2004_AMJ_ic0.5_dt0.0025_DT0.0100/2_Fmap_matrix.npy

real	0m27.549s
user	0m0.013s
sys	0m0.014s
12
52
Generating /cluster/projects/nn8008k/lluisa/NextSIM/seas/Fmap_10days/2004_AMJ_ic0.5_dt0.0025_DT0.0100/3_Fmap_matrix.npy

real	0m27.763s
user	0m0.016s
sys	0m0.012s
16
56
Generating /cluster/projects/nn8008k/lluisa/NextSIM/seas/Fmap_10days/2004_AMJ_ic0.5_dt0.0025_DT0.0100/4_Fmap_matrix.npy

real	0m27.666s
user	0m0.010s
sys	0m0.017s
20
60
Generating /cluster/projects/nn8008k/lluisa/NextSIM/seas/Fmap_10days/2004_AMJ_ic0.5_dt0.0025_DT0.0100/5_Fmap_matrix.npy

real	0m27.704s
user	0m0.012s
sys	0m0.016s
24
64
Generating /cluster/projects/nn8008k/lluisa/NextSIM/seas/Fmap_10days/2004_AMJ_ic0.5_dt0.0025_DT0.0100/6_Fmap_matrix.npy

real	0m27.250s
user	0m0.009s
sys	0m0.019s
28
68
Generating /cluster/projects/nn8008k/lluisa/NextSIM/seas/Fmap_10days/2004_AMJ_ic0.5_dt0.0025_DT0.0100/7_Fmap_matrix.npy

real	0m27.541s
user	0m0.014s
sys	0m0.013s
32
72
Generating /cluster/projects/nn8008k/lluisa/NextSIM/seas/Fmap_10days/2004_AMJ_ic0.5_dt0.0025_DT0.0100/8_Fmap_matrix.npy

real	0m27.786s
user	0m0.017s
sys	0m0.009s
36
76
Generating /cluster/projects/nn8008k/lluisa/NextSIM/seas/Fmap_10days/2004_AMJ_ic0.5_dt0.0025_DT0.0100/9_Fmap_matrix.npy

real	0m27.686s
user	0m0.014s
sys	0m0.013s
40
80
Generating /cluster/projects/nn8008k/lluisa/NextSIM/seas/Fmap_10days/2004_AMJ_ic0.5_dt0.0025_DT0.0100/10_Fmap_matrix.npy

real	0m27.322s
user	0m0.013s
sys	0m0.014s
44
84
Generating /cluster/projects/nn8008k/lluisa/NextSIM/seas/Fmap_10days/2004_AMJ_ic0.5_dt0.0025_DT0.0100/11_Fmap_matrix.npy

real	0m27.261s
user	0m0.010s
sys	0m0.017s
48
88
Generating /cluster/projects/nn8008k/lluisa/NextSIM/seas/Fmap_10days/2004_AMJ_ic0.5_dt0.0025_DT0.0100/12_Fmap_matrix.npy

real	0m27.786s
user	0m0.016s
sys	0m0.011s
52
92
Generating /cluster/projects/nn8008k/lluisa/NextSIM/seas/Fmap_10days/2004_AMJ_ic0.5_dt0.0025_DT0.0100/13_Fmap_matrix.npy

real	0m27.196s
user	0m0.012s
sys	0m0.015s
56
96
Generating /cluster/projects/nn8008k/lluisa/NextSIM/seas/Fmap_10days/2004_AMJ_ic0.5_dt0.0025_DT0.0100/14_Fmap_matrix.npy

real	0m27.965s
user	0m0.014s
sys	0m0.013s
60
100
Generating /cluster/projects/nn8008k/lluisa/NextSIM/seas/Fmap_10days/2004_AMJ_ic0.5_dt0.0025_DT0.0100/15_Fmap_matrix.npy

real	0m27.503s
user	0m0.013s
sys	0m0.014s
64
104
Generating /cluster/projects/nn8008k/lluisa/NextSIM/seas/Fmap_10days/2004_AMJ_ic0.5_dt0.0025_DT0.0100/16_Fmap_matrix.npy

real	0m27.327s
user	0m0.013s
sys	0m0.014s
68
108
Generating /cluster/projects/nn8008k/lluisa/NextSIM/seas/Fmap_10days/2004_AMJ_ic0.5_dt0.0025_DT0.0100/17_Fmap_matrix.npy

real	0m27.319s
user	0m0.015s
sys	0m0.012s
72
112
Generating /cluster/projects/nn8008k/lluisa/NextSIM/seas/Fmap_10days/2004_AMJ_ic0.5_dt0.0025_DT0.0100/18_Fmap_matrix.npy

real	0m27.165s
user	0m0.011s
sys	0m0.017s
76
116
Generating /cluster/projects/nn8008k/lluisa/NextSIM/seas/Fmap_10days/2004_AMJ_ic0.5_dt0.0025_DT0.0100/19_Fmap_matrix.npy

real	0m27.279s
user	0m0.014s
sys	0m0.013s
80
120
Generating /cluster/projects/nn8008k/lluisa/NextSIM/seas/Fmap_10days/2004_AMJ_ic0.5_dt0.0025_DT0.0100/20_Fmap_matrix.npy

real	0m27.825s
user	0m0.014s
sys	0m0.013s
84
124
Generating /cluster/projects/nn8008k/lluisa/NextSIM/seas/Fmap_10days/2004_AMJ_ic0.5_dt0.0025_DT0.0100/21_Fmap_matrix.npy

real	0m27.368s
user	0m0.014s
sys	0m0.013s
88
128
Generating /cluster/projects/nn8008k/lluisa/NextSIM/seas/Fmap_10days/2004_AMJ_ic0.5_dt0.0025_DT0.0100/22_Fmap_matrix.npy

real	0m27.074s
user	0m0.008s
sys	0m0.020s
92
132
Generating /cluster/projects/nn8008k/lluisa/NextSIM/seas/Fmap_10days/2004_AMJ_ic0.5_dt0.0025_DT0.0100/23_Fmap_matrix.npy

real	0m27.967s
user	0m0.013s
sys	0m0.014s
96
136
Generating /cluster/projects/nn8008k/lluisa/NextSIM/seas/Fmap_10days/2004_AMJ_ic0.5_dt0.0025_DT0.0100/24_Fmap_matrix.npy

real	0m27.920s
user	0m0.016s
sys	0m0.011s
100
140
Generating /cluster/projects/nn8008k/lluisa/NextSIM/seas/Fmap_10days/2004_AMJ_ic0.5_dt0.0025_DT0.0100/25_Fmap_matrix.npy

real	0m27.523s
user	0m0.012s
sys	0m0.015s
104
144
Generating /cluster/projects/nn8008k/lluisa/NextSIM/seas/Fmap_10days/2004_AMJ_ic0.5_dt0.0025_DT0.0100/26_Fmap_matrix.npy

real	0m27.234s
user	0m0.014s
sys	0m0.014s
108
148
Generating /cluster/projects/nn8008k/lluisa/NextSIM/seas/Fmap_10days/2004_AMJ_ic0.5_dt0.0025_DT0.0100/27_Fmap_matrix.npy

real	0m27.303s
user	0m0.018s
sys	0m0.010s
112
152
Generating /cluster/projects/nn8008k/lluisa/NextSIM/seas/Fmap_10days/2004_AMJ_ic0.5_dt0.0025_DT0.0100/28_Fmap_matrix.npy

real	0m27.084s
user	0m0.013s
sys	0m0.015s
116
156
Generating /cluster/projects/nn8008k/lluisa/NextSIM/seas/Fmap_10days/2004_AMJ_ic0.5_dt0.0025_DT0.0100/29_Fmap_matrix.npy

real	0m27.502s
user	0m0.015s
sys	0m0.013s
120
160
Generating /cluster/projects/nn8008k/lluisa/NextSIM/seas/Fmap_10days/2004_AMJ_ic0.5_dt0.0025_DT0.0100/30_Fmap_matrix.npy

real	0m27.346s
user	0m0.010s
sys	0m0.017s
124
164
Generating /cluster/projects/nn8008k/lluisa/NextSIM/seas/Fmap_10days/2004_AMJ_ic0.5_dt0.0025_DT0.0100/31_Fmap_matrix.npy

real	0m27.625s
user	0m0.016s
sys	0m0.011s
128
168
Generating /cluster/projects/nn8008k/lluisa/NextSIM/seas/Fmap_10days/2004_AMJ_ic0.5_dt0.0025_DT0.0100/32_Fmap_matrix.npy

real	0m27.712s
user	0m0.012s
sys	0m0.014s
132
172
Generating /cluster/projects/nn8008k/lluisa/NextSIM/seas/Fmap_10days/2004_AMJ_ic0.5_dt0.0025_DT0.0100/33_Fmap_matrix.npy

real	0m27.538s
user	0m0.011s
sys	0m0.015s
136
176
Generating /cluster/projects/nn8008k/lluisa/NextSIM/seas/Fmap_10days/2004_AMJ_ic0.5_dt0.0025_DT0.0100/34_Fmap_matrix.npy

real	0m27.376s
user	0m0.011s
sys	0m0.014s
140
180
Generating /cluster/projects/nn8008k/lluisa/NextSIM/seas/Fmap_10days/2004_AMJ_ic0.5_dt0.0025_DT0.0100/35_Fmap_matrix.npy

real	0m27.104s
user	0m0.016s
sys	0m0.011s
144
184
Generating /cluster/projects/nn8008k/lluisa/NextSIM/seas/Fmap_10days/2004_AMJ_ic0.5_dt0.0025_DT0.0100/36_Fmap_matrix.npy

real	0m27.344s
user	0m0.012s
sys	0m0.016s
148
188
Generating /cluster/projects/nn8008k/lluisa/NextSIM/seas/Fmap_10days/2004_AMJ_ic0.5_dt0.0025_DT0.0100/37_Fmap_matrix.npy

real	0m27.048s
user	0m0.011s
sys	0m0.016s
152
192
Generating /cluster/projects/nn8008k/lluisa/NextSIM/seas/Fmap_10days/2004_AMJ_ic0.5_dt0.0025_DT0.0100/38_Fmap_matrix.npy

real	0m28.496s
user	0m0.012s
sys	0m0.015s
156
196
Generating /cluster/projects/nn8008k/lluisa/NextSIM/seas/Fmap_10days/2004_AMJ_ic0.5_dt0.0025_DT0.0100/39_Fmap_matrix.npy

real	0m28.040s
user	0m0.012s
sys	0m0.015s
160
200
Generating /cluster/projects/nn8008k/lluisa/NextSIM/seas/Fmap_10days/2004_AMJ_ic0.5_dt0.0025_DT0.0100/40_Fmap_matrix.npy

real	0m27.256s
user	0m0.015s
sys	0m0.012s
164
204
Generating /cluster/projects/nn8008k/lluisa/NextSIM/seas/Fmap_10days/2004_AMJ_ic0.5_dt0.0025_DT0.0100/41_Fmap_matrix.npy

real	0m27.351s
user	0m0.013s
sys	0m0.014s
168
208
Generating /cluster/projects/nn8008k/lluisa/NextSIM/seas/Fmap_10days/2004_AMJ_ic0.5_dt0.0025_DT0.0100/42_Fmap_matrix.npy

real	0m27.161s
user	0m0.012s
sys	0m0.015s
172
212
Generating /cluster/projects/nn8008k/lluisa/NextSIM/seas/Fmap_10days/2004_AMJ_ic0.5_dt0.0025_DT0.0100/43_Fmap_matrix.npy

real	0m27.400s
user	0m0.013s
sys	0m0.014s
176
216
Generating /cluster/projects/nn8008k/lluisa/NextSIM/seas/Fmap_10days/2004_AMJ_ic0.5_dt0.0025_DT0.0100/44_Fmap_matrix.npy

real	0m27.140s
user	0m0.016s
sys	0m0.010s
180
220
Generating /cluster/projects/nn8008k/lluisa/NextSIM/seas/Fmap_10days/2004_AMJ_ic0.5_dt0.0025_DT0.0100/45_Fmap_matrix.npy

real	0m27.410s
user	0m0.015s
sys	0m0.012s
184
224
Generating /cluster/projects/nn8008k/lluisa/NextSIM/seas/Fmap_10days/2004_AMJ_ic0.5_dt0.0025_DT0.0100/46_Fmap_matrix.npy

real	0m27.095s
user	0m0.015s
sys	0m0.012s
188
228
Generating /cluster/projects/nn8008k/lluisa/NextSIM/seas/Fmap_10days/2004_AMJ_ic0.5_dt0.0025_DT0.0100/47_Fmap_matrix.npy

real	0m27.389s
user	0m0.013s
sys	0m0.013s
192
232
Generating /cluster/projects/nn8008k/lluisa/NextSIM/seas/Fmap_10days/2004_AMJ_ic0.5_dt0.0025_DT0.0100/48_Fmap_matrix.npy

real	0m26.802s
user	0m0.015s
sys	0m0.013s
196
236
Generating /cluster/projects/nn8008k/lluisa/NextSIM/seas/Fmap_10days/2004_AMJ_ic0.5_dt0.0025_DT0.0100/49_Fmap_matrix.npy

real	0m27.412s
user	0m0.012s
sys	0m0.015s
200
240
Generating /cluster/projects/nn8008k/lluisa/NextSIM/seas/Fmap_10days/2004_AMJ_ic0.5_dt0.0025_DT0.0100/50_Fmap_matrix.npy

real	0m27.173s
user	0m0.010s
sys	0m0.017s
204
244
Generating /cluster/projects/nn8008k/lluisa/NextSIM/seas/Fmap_10days/2004_AMJ_ic0.5_dt0.0025_DT0.0100/51_Fmap_matrix.npy

real	0m26.601s
user	0m0.016s
sys	0m0.011s
208
248
Generating /cluster/projects/nn8008k/lluisa/NextSIM/seas/Fmap_10days/2004_AMJ_ic0.5_dt0.0025_DT0.0100/52_Fmap_matrix.npy

real	0m27.385s
user	0m0.012s
sys	0m0.016s
212
252
Generating /cluster/projects/nn8008k/lluisa/NextSIM/seas/Fmap_10days/2004_AMJ_ic0.5_dt0.0025_DT0.0100/53_Fmap_matrix.npy

real	0m27.428s
user	0m0.015s
sys	0m0.012s
216
256
Generating /cluster/projects/nn8008k/lluisa/NextSIM/seas/Fmap_10days/2004_AMJ_ic0.5_dt0.0025_DT0.0100/54_Fmap_matrix.npy

real	0m27.098s
user	0m0.016s
sys	0m0.011s
220
260
Generating /cluster/projects/nn8008k/lluisa/NextSIM/seas/Fmap_10days/2004_AMJ_ic0.5_dt0.0025_DT0.0100/55_Fmap_matrix.npy

real	0m26.880s
user	0m0.016s
sys	0m0.010s
224
264
Generating /cluster/projects/nn8008k/lluisa/NextSIM/seas/Fmap_10days/2004_AMJ_ic0.5_dt0.0025_DT0.0100/56_Fmap_matrix.npy

real	0m27.095s
user	0m0.011s
sys	0m0.016s
228
268
Generating /cluster/projects/nn8008k/lluisa/NextSIM/seas/Fmap_10days/2004_AMJ_ic0.5_dt0.0025_DT0.0100/57_Fmap_matrix.npy

real	0m27.286s
user	0m0.016s
sys	0m0.011s
232
272
Generating /cluster/projects/nn8008k/lluisa/NextSIM/seas/Fmap_10days/2004_AMJ_ic0.5_dt0.0025_DT0.0100/58_Fmap_matrix.npy

real	0m27.213s
user	0m0.017s
sys	0m0.011s
236
276
Generating /cluster/projects/nn8008k/lluisa/NextSIM/seas/Fmap_10days/2004_AMJ_ic0.5_dt0.0025_DT0.0100/59_Fmap_matrix.npy

real	0m26.984s
user	0m0.017s
sys	0m0.011s
240
280
Generating /cluster/projects/nn8008k/lluisa/NextSIM/seas/Fmap_10days/2004_AMJ_ic0.5_dt0.0025_DT0.0100/60_Fmap_matrix.npy

real	0m27.150s
user	0m0.012s
sys	0m0.016s
244
284
Generating /cluster/projects/nn8008k/lluisa/NextSIM/seas/Fmap_10days/2004_AMJ_ic0.5_dt0.0025_DT0.0100/61_Fmap_matrix.npy

real	0m26.681s
user	0m0.015s
sys	0m0.011s
248
288
Generating /cluster/projects/nn8008k/lluisa/NextSIM/seas/Fmap_10days/2004_AMJ_ic0.5_dt0.0025_DT0.0100/62_Fmap_matrix.npy

real	0m27.278s
user	0m0.017s
sys	0m0.011s
252
292
Generating /cluster/projects/nn8008k/lluisa/NextSIM/seas/Fmap_10days/2004_AMJ_ic0.5_dt0.0025_DT0.0100/63_Fmap_matrix.npy

real	0m27.073s
user	0m0.014s
sys	0m0.013s
256
296
Generating /cluster/projects/nn8008k/lluisa/NextSIM/seas/Fmap_10days/2004_AMJ_ic0.5_dt0.0025_DT0.0100/64_Fmap_matrix.npy

real	0m27.108s
user	0m0.015s
sys	0m0.011s
260
300
Generating /cluster/projects/nn8008k/lluisa/NextSIM/seas/Fmap_10days/2004_AMJ_ic0.5_dt0.0025_DT0.0100/65_Fmap_matrix.npy

real	0m27.024s
user	0m0.012s
sys	0m0.015s
264
304
Generating /cluster/projects/nn8008k/lluisa/NextSIM/seas/Fmap_10days/2004_AMJ_ic0.5_dt0.0025_DT0.0100/66_Fmap_matrix.npy

real	0m26.981s
user	0m0.014s
sys	0m0.012s
268
308
Generating /cluster/projects/nn8008k/lluisa/NextSIM/seas/Fmap_10days/2004_AMJ_ic0.5_dt0.0025_DT0.0100/67_Fmap_matrix.npy

real	0m27.029s
user	0m0.009s
sys	0m0.017s
272
312
Generating /cluster/projects/nn8008k/lluisa/NextSIM/seas/Fmap_10days/2004_AMJ_ic0.5_dt0.0025_DT0.0100/68_Fmap_matrix.npy

real	0m26.716s
user	0m0.015s
sys	0m0.013s
276
316
Generating /cluster/projects/nn8008k/lluisa/NextSIM/seas/Fmap_10days/2004_AMJ_ic0.5_dt0.0025_DT0.0100/69_Fmap_matrix.npy

real	0m26.881s
user	0m0.011s
sys	0m0.016s
280
320
Generating /cluster/projects/nn8008k/lluisa/NextSIM/seas/Fmap_10days/2004_AMJ_ic0.5_dt0.0025_DT0.0100/70_Fmap_matrix.npy

real	0m27.077s
user	0m0.014s
sys	0m0.012s
284
324
Generating /cluster/projects/nn8008k/lluisa/NextSIM/seas/Fmap_10days/2004_AMJ_ic0.5_dt0.0025_DT0.0100/71_Fmap_matrix.npy

real	0m26.976s
user	0m0.018s
sys	0m0.010s
288
328
Generating /cluster/projects/nn8008k/lluisa/NextSIM/seas/Fmap_10days/2004_AMJ_ic0.5_dt0.0025_DT0.0100/72_Fmap_matrix.npy

real	0m27.010s
user	0m0.012s
sys	0m0.015s
292
332
Generating /cluster/projects/nn8008k/lluisa/NextSIM/seas/Fmap_10days/2004_AMJ_ic0.5_dt0.0025_DT0.0100/73_Fmap_matrix.npy

real	0m26.826s
user	0m0.017s
sys	0m0.009s
296
336
Generating /cluster/projects/nn8008k/lluisa/NextSIM/seas/Fmap_10days/2004_AMJ_ic0.5_dt0.0025_DT0.0100/74_Fmap_matrix.npy

real	0m26.936s
user	0m0.011s
sys	0m0.016s
300
340
Generating /cluster/projects/nn8008k/lluisa/NextSIM/seas/Fmap_10days/2004_AMJ_ic0.5_dt0.0025_DT0.0100/75_Fmap_matrix.npy

real	0m26.864s
user	0m0.012s
sys	0m0.014s
304
344
Generating /cluster/projects/nn8008k/lluisa/NextSIM/seas/Fmap_10days/2004_AMJ_ic0.5_dt0.0025_DT0.0100/76_Fmap_matrix.npy

real	0m27.249s
user	0m0.013s
sys	0m0.013s
308
348
Generating /cluster/projects/nn8008k/lluisa/NextSIM/seas/Fmap_10days/2004_AMJ_ic0.5_dt0.0025_DT0.0100/77_Fmap_matrix.npy

real	0m27.183s
user	0m0.010s
sys	0m0.016s
312
352
Generating /cluster/projects/nn8008k/lluisa/NextSIM/seas/Fmap_10days/2004_AMJ_ic0.5_dt0.0025_DT0.0100/78_Fmap_matrix.npy

real	0m26.540s
user	0m0.015s
sys	0m0.012s
316
356
Generating /cluster/projects/nn8008k/lluisa/NextSIM/seas/Fmap_10days/2004_AMJ_ic0.5_dt0.0025_DT0.0100/79_Fmap_matrix.npy

real	0m26.621s
user	0m0.015s
sys	0m0.012s
320
360
Generating /cluster/projects/nn8008k/lluisa/NextSIM/seas/Fmap_10days/2004_AMJ_ic0.5_dt0.0025_DT0.0100/80_Fmap_matrix.npy

real	0m26.611s
user	0m0.013s
sys	0m0.014s
EBVERSIONNUMACTL=2.0.16
SLURM_JOB_NUM_NODES=1
EBROOTNUMACTL=/cluster/software/numactl/2.0.16-GCCcore-13.2.0
EBDEVELNUMACTL=/cluster/software/numactl/2.0.16-GCCcore-13.2.0/easybuild/numactl-2.0.16-GCCcore-13.2.0-easybuild-devel
OMP_NUM_THREADS=32

Job 6228798 consumed 19.8 billing hours from project nn8008k.

Submitted 2025-05-03T00:03:20; waited 21.0 seconds in the queue after becoming eligible to run.

Requested wallclock time: 3.0 days
Elapsed wallclock time:   37.1 minutes

Job exited normally.

Task and CPU statistics:
ID              CPUs  Tasks  CPU util                Start   Elapsed  Exit status
6228798           32            0.0 %  2025-05-03T00:03:41  2224.0 s  0
6228798.batch     32      1     0.0 %  2025-05-03T00:03:41  2224.0 s  0
6228798.python    32      1    22.1 %  2025-05-03T00:03:46    36.0 s  0
6228798.python    32      1    28.1 %  2025-05-03T00:04:22    28.0 s  0
6228798.python    32      1    29.1 %  2025-05-03T00:04:50    27.0 s  0
6228798.python    32      1    28.0 %  2025-05-03T00:05:17    28.0 s  0
6228798.python    32      1    27.9 %  2025-05-03T00:05:45    28.0 s  0
6228798.python    32      1    29.1 %  2025-05-03T00:06:13    27.0 s  0
6228798.python    32      1    28.0 %  2025-05-03T00:06:40    28.0 s  0
6228798.python    32      1    29.0 %  2025-05-03T00:07:08    27.0 s  0
6228798.python    32      1    27.8 %  2025-05-03T00:07:35    28.0 s  0
6228798.python    32      1    28.0 %  2025-05-03T00:08:03    28.0 s  0
6228798.python    32      1    29.2 %  2025-05-03T00:08:31    27.0 s  0
6228798.python    32      1    28.8 %  2025-05-03T00:08:58    27.0 s  0
6228798.python    32      1    28.0 %  2025-05-03T00:09:25    28.0 s  0
6228798.python    32      1    29.0 %  2025-05-03T00:09:53    27.0 s  0
6228798.python    32      1    27.9 %  2025-05-03T00:10:20    28.0 s  0
6228798.python    32      1    27.8 %  2025-05-03T00:10:48    28.0 s  0
6228798.python    32      1    28.9 %  2025-05-03T00:11:16    27.0 s  0
6228798.python    32      1    28.8 %  2025-05-03T00:11:43    27.0 s  0
6228798.python    32      1    28.8 %  2025-05-03T00:12:10    27.0 s  0
6228798.python    32      1    27.8 %  2025-05-03T00:12:37    28.0 s  0
6228798.python    32      1    27.6 %  2025-05-03T00:13:05    28.0 s  0
6228798.python    32      1    28.5 %  2025-05-03T00:13:33    27.0 s  0
6228798.python    32      1    28.7 %  2025-05-03T00:14:00    27.0 s  0
6228798.python    32      1    27.7 %  2025-05-03T00:14:27    28.0 s  0
6228798.python    32      1    27.6 %  2025-05-03T00:14:55    28.0 s  0
6228798.python    32      1    28.9 %  2025-05-03T00:15:23    27.0 s  0
6228798.python    32      1    27.6 %  2025-05-03T00:15:50    28.0 s  0
6228798.python    32      1    28.7 %  2025-05-03T00:16:18    27.0 s  0
6228798.python    32      1    28.9 %  2025-05-03T00:16:45    27.0 s  0
6228798.python    32      1    27.7 %  2025-05-03T00:17:12    28.0 s  0
6228798.python    32      1    28.7 %  2025-05-03T00:17:40    27.0 s  0
6228798.python    32      1    28.7 %  2025-05-03T00:18:07    27.0 s  0
6228798.python    32      1    28.7 %  2025-05-03T00:18:35    27.0 s  0
6228798.python    32      1    27.7 %  2025-05-03T00:19:02    28.0 s  0
6228798.python    32      1    28.5 %  2025-05-03T00:19:30    27.0 s  0
6228798.python    32      1    28.6 %  2025-05-03T00:19:57    27.0 s  0
6228798.python    32      1    27.6 %  2025-05-03T00:20:24    28.0 s  0
6228798.python    32      1    28.4 %  2025-05-03T00:20:52    27.0 s  0
6228798.python    32      1    27.6 %  2025-05-03T00:21:19    28.0 s  0
6228798.python    32      1    27.4 %  2025-05-03T00:21:47    28.0 s  0
6228798.python    32      1    28.2 %  2025-05-03T00:22:15    27.0 s  0
6228798.python    32      1    27.7 %  2025-05-03T00:22:42    28.0 s  0
6228798.python    32      1    28.1 %  2025-05-03T00:23:10    27.0 s  0
6228798.python    32      1    28.4 %  2025-05-03T00:23:37    27.0 s  0
6228798.python    32      1    28.5 %  2025-05-03T00:24:04    27.0 s  0
6228798.python    32      1    28.1 %  2025-05-03T00:24:32    27.0 s  0
6228798.python    32      1    28.3 %  2025-05-03T00:24:59    27.0 s  0
6228798.python    32      1    28.3 %  2025-05-03T00:25:26    27.0 s  0
6228798.python    32      1    28.0 %  2025-05-03T00:25:53    27.0 s  0
6228798.python    32      1    27.1 %  2025-05-03T00:26:20    28.0 s  0
6228798.python    32      1    28.2 %  2025-05-03T00:26:48    27.0 s  0
6228798.python    32      1    29.0 %  2025-05-03T00:27:15    26.0 s  0
6228798.python    32      1    27.0 %  2025-05-03T00:27:41    28.0 s  0
6228798.python    32      1    28.0 %  2025-05-03T00:28:09    27.0 s  0
6228798.python    32      1    27.9 %  2025-05-03T00:28:36    27.0 s  0
6228798.python    32      1    27.9 %  2025-05-03T00:29:03    27.0 s  0
6228798.python    32      1    27.9 %  2025-05-03T00:29:30    27.0 s  0
6228798.python    32      1    27.0 %  2025-05-03T00:29:57    28.0 s  0
6228798.python    32      1    27.8 %  2025-05-03T00:30:25    27.0 s  0
6228798.python    32      1    27.7 %  2025-05-03T00:30:52    27.0 s  0
6228798.python    32      1    27.9 %  2025-05-03T00:31:19    27.0 s  0
6228798.python    32      1    27.8 %  2025-05-03T00:31:46    27.0 s  0
6228798.python    32      1    27.9 %  2025-05-03T00:32:13    27.0 s  0
6228798.python    32      1    27.7 %  2025-05-03T00:32:40    27.0 s  0
6228798.python    32      1    27.9 %  2025-05-03T00:33:07    27.0 s  0
6228798.python    32      1    27.8 %  2025-05-03T00:33:34    27.0 s  0
6228798.python    32      1    27.8 %  2025-05-03T00:34:01    27.0 s  0
6228798.python    32      1    27.8 %  2025-05-03T00:34:28    27.0 s  0
6228798.python    32      1    27.7 %  2025-05-03T00:34:55    27.0 s  0
6228798.python    32      1    27.6 %  2025-05-03T00:35:22    27.0 s  0
6228798.python    32      1    27.9 %  2025-05-03T00:35:49    27.0 s  0
6228798.python    32      1    27.6 %  2025-05-03T00:36:16    27.0 s  0
6228798.python    32      1    27.7 %  2025-05-03T00:36:43    27.0 s  0
6228798.python    32      1    27.5 %  2025-05-03T00:37:10    27.0 s  0
6228798.python    32      1    28.7 %  2025-05-03T00:37:37    26.0 s  0
6228798.python    32      1    28.4 %  2025-05-03T00:38:04    26.0 s  0
6228798.python    32      1    26.6 %  2025-05-03T00:38:30    28.0 s  0
6228798.python    32      1    27.3 %  2025-05-03T00:38:58    27.0 s  0
6228798.python    32      1    28.2 %  2025-05-03T00:39:25    26.0 s  0
6228798.python    32      1    27.2 %  2025-05-03T00:39:51    27.0 s  0
6228798.python    32      1    27.2 %  2025-05-03T00:40:18    27.0 s  0

Used CPU time:   5.5 CPU hours
Unused CPU time: 14.3 CPU hours

Memory statistics, in GiB:
ID               Alloc   Usage
6228798           59.0        
6228798.batch     59.0     0.0
6228798.python    59.0     7.0
6228798.python    59.0     0.1
6228798.python    59.0     0.1
6228798.python    59.0     0.1
6228798.python    59.0     0.1
6228798.python    59.0     0.1
6228798.python    59.0     0.1
6228798.python    59.0     0.1
6228798.python    59.0     0.1
6228798.python    59.0     0.1
6228798.python    59.0     0.1
6228798.python    59.0     0.1
6228798.python    59.0     0.1
6228798.python    59.0     0.1
6228798.python    59.0     0.1
6228798.python    59.0     0.1
6228798.python    59.0     0.1
6228798.python    59.0     0.1
6228798.python    59.0     0.1
6228798.python    59.0     0.1
6228798.python    59.0     0.1
6228798.python    59.0     0.1
6228798.python    59.0     0.1
6228798.python    59.0     0.1
6228798.python    59.0     0.1
6228798.python    59.0     0.1
6228798.python    59.0     0.1
6228798.python    59.0     0.1
6228798.python    59.0     0.1
6228798.python    59.0     0.1
6228798.python    59.0     0.1
6228798.python    59.0     0.1
6228798.python    59.0     0.1
6228798.python    59.0     0.1
6228798.python    59.0     0.1
6228798.python    59.0     0.1
6228798.python    59.0     0.1
6228798.python    59.0     0.1
6228798.python    59.0     0.1
6228798.python    59.0     0.1
6228798.python    59.0     0.1
6228798.python    59.0     0.1
6228798.python    59.0     0.1
6228798.python    59.0     0.1
6228798.python    59.0     0.1
6228798.python    59.0     0.1
6228798.python    59.0     0.1
6228798.python    59.0     0.1
6228798.python    59.0     0.1
6228798.python    59.0     0.1
6228798.python    59.0     0.1
6228798.python    59.0     0.1
6228798.python    59.0     0.1
6228798.python    59.0     0.1
6228798.python    59.0     0.1
6228798.python    59.0     0.1
6228798.python    59.0     0.1
6228798.python    59.0     0.1
6228798.python    59.0     0.1
6228798.python    59.0     0.1
6228798.python    59.0     0.1
6228798.python    59.0     0.1
6228798.python    59.0     0.1
6228798.python    59.0     0.1
6228798.python    59.0     0.1
6228798.python    59.0     0.1
6228798.python    59.0     0.1
6228798.python    59.0     0.1
6228798.python    59.0     0.1
6228798.python    59.0     0.1
6228798.python    59.0     0.1
6228798.python    59.0     0.1
6228798.python    59.0     0.1
6228798.python    59.0     0.1
6228798.python    59.0     0.1
6228798.python    59.0     0.1
6228798.python    59.0     0.1
6228798.python    59.0     0.1
6228798.python    59.0     0.2
6228798.python    59.0     0.1
6228798.python    59.0     0.1

Job 6228798 completed at Sat May 3 00:40:45 CEST 2025
