Starting job 6228805 on c27-5 on fram at Sat May 3 00:03:44 CEST 2025


Currently Loaded Modules:
  1) StdEnv (S)

  Where:
   S:  Module is Sticky, requires --force to unload or purge

 


The following have been reloaded with a version change:
  1) GCCcore/13.3.0 => GCCcore/13.2.0
  2) OpenSSL/3 => OpenSSL/1.1
  3) Python/3.12.3-GCCcore-13.3.0 => Python/3.11.5-GCCcore-13.2.0
  4) SQLite/3.45.3-GCCcore-13.3.0 => SQLite/3.43.1-GCCcore-13.2.0
  5) Tcl/8.6.14-GCCcore-13.3.0 => Tcl/8.6.13-GCCcore-13.2.0
  6) XZ/5.4.5-GCCcore-13.3.0 => XZ/5.4.4-GCCcore-13.2.0
  7) binutils/2.42-GCCcore-13.3.0 => binutils/2.40-GCCcore-13.2.0
  8) bzip2/1.0.8-GCCcore-13.3.0 => bzip2/1.0.8-GCCcore-13.2.0
  9) libffi/3.4.5-GCCcore-13.3.0 => libffi/3.4.4-GCCcore-13.2.0
 10) libreadline/8.2-GCCcore-13.3.0 => libreadline/8.2-GCCcore-13.2.0
 11) ncurses/6.5-GCCcore-13.3.0 => ncurses/6.4-GCCcore-13.2.0
 12) zlib/1.3.1-GCCcore-13.3.0 => zlib/1.2.13-GCCcore-13.2.0

0
40
Generating /cluster/projects/nn8008k/lluisa/NextSIM/seas/Fmap_10days/2005_JAS_ic0.5_dt0.0025_DT0.0100/0_Fmap_matrix.npy

real	0m34.094s
user	0m0.010s
sys	0m0.028s
4
44
Generating /cluster/projects/nn8008k/lluisa/NextSIM/seas/Fmap_10days/2005_JAS_ic0.5_dt0.0025_DT0.0100/1_Fmap_matrix.npy

real	0m26.081s
user	0m0.016s
sys	0m0.013s
8
48
Generating /cluster/projects/nn8008k/lluisa/NextSIM/seas/Fmap_10days/2005_JAS_ic0.5_dt0.0025_DT0.0100/2_Fmap_matrix.npy

real	0m25.334s
user	0m0.018s
sys	0m0.010s
12
52
Generating /cluster/projects/nn8008k/lluisa/NextSIM/seas/Fmap_10days/2005_JAS_ic0.5_dt0.0025_DT0.0100/3_Fmap_matrix.npy

real	0m25.863s
user	0m0.013s
sys	0m0.015s
16
56
Generating /cluster/projects/nn8008k/lluisa/NextSIM/seas/Fmap_10days/2005_JAS_ic0.5_dt0.0025_DT0.0100/4_Fmap_matrix.npy

real	0m25.939s
user	0m0.015s
sys	0m0.012s
20
60
Generating /cluster/projects/nn8008k/lluisa/NextSIM/seas/Fmap_10days/2005_JAS_ic0.5_dt0.0025_DT0.0100/5_Fmap_matrix.npy

real	0m25.754s
user	0m0.012s
sys	0m0.015s
24
64
Generating /cluster/projects/nn8008k/lluisa/NextSIM/seas/Fmap_10days/2005_JAS_ic0.5_dt0.0025_DT0.0100/6_Fmap_matrix.npy

real	0m25.310s
user	0m0.009s
sys	0m0.019s
28
68
Generating /cluster/projects/nn8008k/lluisa/NextSIM/seas/Fmap_10days/2005_JAS_ic0.5_dt0.0025_DT0.0100/7_Fmap_matrix.npy

real	0m25.702s
user	0m0.013s
sys	0m0.014s
32
72
Generating /cluster/projects/nn8008k/lluisa/NextSIM/seas/Fmap_10days/2005_JAS_ic0.5_dt0.0025_DT0.0100/8_Fmap_matrix.npy

real	0m25.920s
user	0m0.014s
sys	0m0.012s
36
76
Generating /cluster/projects/nn8008k/lluisa/NextSIM/seas/Fmap_10days/2005_JAS_ic0.5_dt0.0025_DT0.0100/9_Fmap_matrix.npy

real	0m25.950s
user	0m0.013s
sys	0m0.014s
40
80
Generating /cluster/projects/nn8008k/lluisa/NextSIM/seas/Fmap_10days/2005_JAS_ic0.5_dt0.0025_DT0.0100/10_Fmap_matrix.npy

real	0m25.720s
user	0m0.013s
sys	0m0.015s
44
84
Generating /cluster/projects/nn8008k/lluisa/NextSIM/seas/Fmap_10days/2005_JAS_ic0.5_dt0.0025_DT0.0100/11_Fmap_matrix.npy

real	0m25.568s
user	0m0.016s
sys	0m0.011s
48
88
Generating /cluster/projects/nn8008k/lluisa/NextSIM/seas/Fmap_10days/2005_JAS_ic0.5_dt0.0025_DT0.0100/12_Fmap_matrix.npy

real	0m25.693s
user	0m0.013s
sys	0m0.014s
52
92
Generating /cluster/projects/nn8008k/lluisa/NextSIM/seas/Fmap_10days/2005_JAS_ic0.5_dt0.0025_DT0.0100/13_Fmap_matrix.npy

real	0m25.648s
user	0m0.014s
sys	0m0.013s
56
96
Generating /cluster/projects/nn8008k/lluisa/NextSIM/seas/Fmap_10days/2005_JAS_ic0.5_dt0.0025_DT0.0100/14_Fmap_matrix.npy

real	0m25.627s
user	0m0.012s
sys	0m0.015s
60
100
Generating /cluster/projects/nn8008k/lluisa/NextSIM/seas/Fmap_10days/2005_JAS_ic0.5_dt0.0025_DT0.0100/15_Fmap_matrix.npy

real	0m25.226s
user	0m0.015s
sys	0m0.013s
64
104
Generating /cluster/projects/nn8008k/lluisa/NextSIM/seas/Fmap_10days/2005_JAS_ic0.5_dt0.0025_DT0.0100/16_Fmap_matrix.npy

real	0m25.665s
user	0m0.012s
sys	0m0.015s
68
108
Generating /cluster/projects/nn8008k/lluisa/NextSIM/seas/Fmap_10days/2005_JAS_ic0.5_dt0.0025_DT0.0100/17_Fmap_matrix.npy

real	0m25.519s
user	0m0.015s
sys	0m0.013s
72
112
Generating /cluster/projects/nn8008k/lluisa/NextSIM/seas/Fmap_10days/2005_JAS_ic0.5_dt0.0025_DT0.0100/18_Fmap_matrix.npy

real	0m25.434s
user	0m0.015s
sys	0m0.012s
76
116
Generating /cluster/projects/nn8008k/lluisa/NextSIM/seas/Fmap_10days/2005_JAS_ic0.5_dt0.0025_DT0.0100/19_Fmap_matrix.npy

real	0m24.871s
user	0m0.014s
sys	0m0.012s
80
120
Generating /cluster/projects/nn8008k/lluisa/NextSIM/seas/Fmap_10days/2005_JAS_ic0.5_dt0.0025_DT0.0100/20_Fmap_matrix.npy

real	0m25.155s
user	0m0.013s
sys	0m0.015s
84
124
Generating /cluster/projects/nn8008k/lluisa/NextSIM/seas/Fmap_10days/2005_JAS_ic0.5_dt0.0025_DT0.0100/21_Fmap_matrix.npy

real	0m25.164s
user	0m0.019s
sys	0m0.009s
88
128
Generating /cluster/projects/nn8008k/lluisa/NextSIM/seas/Fmap_10days/2005_JAS_ic0.5_dt0.0025_DT0.0100/22_Fmap_matrix.npy

real	0m25.381s
user	0m0.013s
sys	0m0.013s
92
132
Generating /cluster/projects/nn8008k/lluisa/NextSIM/seas/Fmap_10days/2005_JAS_ic0.5_dt0.0025_DT0.0100/23_Fmap_matrix.npy

real	0m25.325s
user	0m0.017s
sys	0m0.010s
96
136
Generating /cluster/projects/nn8008k/lluisa/NextSIM/seas/Fmap_10days/2005_JAS_ic0.5_dt0.0025_DT0.0100/24_Fmap_matrix.npy

real	0m25.262s
user	0m0.011s
sys	0m0.015s
100
140
Generating /cluster/projects/nn8008k/lluisa/NextSIM/seas/Fmap_10days/2005_JAS_ic0.5_dt0.0025_DT0.0100/25_Fmap_matrix.npy

real	0m25.067s
user	0m0.013s
sys	0m0.013s
104
144
Generating /cluster/projects/nn8008k/lluisa/NextSIM/seas/Fmap_10days/2005_JAS_ic0.5_dt0.0025_DT0.0100/26_Fmap_matrix.npy

real	0m24.896s
user	0m0.012s
sys	0m0.015s
108
148
Generating /cluster/projects/nn8008k/lluisa/NextSIM/seas/Fmap_10days/2005_JAS_ic0.5_dt0.0025_DT0.0100/27_Fmap_matrix.npy

real	0m24.953s
user	0m0.016s
sys	0m0.011s
112
152
Generating /cluster/projects/nn8008k/lluisa/NextSIM/seas/Fmap_10days/2005_JAS_ic0.5_dt0.0025_DT0.0100/28_Fmap_matrix.npy

real	0m24.867s
user	0m0.015s
sys	0m0.012s
116
156
Generating /cluster/projects/nn8008k/lluisa/NextSIM/seas/Fmap_10days/2005_JAS_ic0.5_dt0.0025_DT0.0100/29_Fmap_matrix.npy

real	0m24.954s
user	0m0.012s
sys	0m0.015s
120
160
Generating /cluster/projects/nn8008k/lluisa/NextSIM/seas/Fmap_10days/2005_JAS_ic0.5_dt0.0025_DT0.0100/30_Fmap_matrix.npy

real	0m24.322s
user	0m0.016s
sys	0m0.012s
124
164
Generating /cluster/projects/nn8008k/lluisa/NextSIM/seas/Fmap_10days/2005_JAS_ic0.5_dt0.0025_DT0.0100/31_Fmap_matrix.npy

real	0m24.430s
user	0m0.015s
sys	0m0.012s
128
168
Generating /cluster/projects/nn8008k/lluisa/NextSIM/seas/Fmap_10days/2005_JAS_ic0.5_dt0.0025_DT0.0100/32_Fmap_matrix.npy

real	0m24.729s
user	0m0.014s
sys	0m0.012s
132
172
Generating /cluster/projects/nn8008k/lluisa/NextSIM/seas/Fmap_10days/2005_JAS_ic0.5_dt0.0025_DT0.0100/33_Fmap_matrix.npy

real	0m24.586s
user	0m0.015s
sys	0m0.012s
136
176
Generating /cluster/projects/nn8008k/lluisa/NextSIM/seas/Fmap_10days/2005_JAS_ic0.5_dt0.0025_DT0.0100/34_Fmap_matrix.npy

real	0m24.822s
user	0m0.014s
sys	0m0.012s
140
180
Generating /cluster/projects/nn8008k/lluisa/NextSIM/seas/Fmap_10days/2005_JAS_ic0.5_dt0.0025_DT0.0100/35_Fmap_matrix.npy

real	0m24.698s
user	0m0.018s
sys	0m0.008s
144
184
Generating /cluster/projects/nn8008k/lluisa/NextSIM/seas/Fmap_10days/2005_JAS_ic0.5_dt0.0025_DT0.0100/36_Fmap_matrix.npy

real	0m24.701s
user	0m0.008s
sys	0m0.018s
148
188
Generating /cluster/projects/nn8008k/lluisa/NextSIM/seas/Fmap_10days/2005_JAS_ic0.5_dt0.0025_DT0.0100/37_Fmap_matrix.npy

real	0m24.619s
user	0m0.013s
sys	0m0.015s
152
192
Generating /cluster/projects/nn8008k/lluisa/NextSIM/seas/Fmap_10days/2005_JAS_ic0.5_dt0.0025_DT0.0100/38_Fmap_matrix.npy

real	0m24.075s
user	0m0.012s
sys	0m0.015s
156
196
Generating /cluster/projects/nn8008k/lluisa/NextSIM/seas/Fmap_10days/2005_JAS_ic0.5_dt0.0025_DT0.0100/39_Fmap_matrix.npy

real	0m24.033s
user	0m0.016s
sys	0m0.012s
160
200
Generating /cluster/projects/nn8008k/lluisa/NextSIM/seas/Fmap_10days/2005_JAS_ic0.5_dt0.0025_DT0.0100/40_Fmap_matrix.npy

real	0m23.894s
user	0m0.013s
sys	0m0.014s
164
204
Generating /cluster/projects/nn8008k/lluisa/NextSIM/seas/Fmap_10days/2005_JAS_ic0.5_dt0.0025_DT0.0100/41_Fmap_matrix.npy

real	0m24.179s
user	0m0.014s
sys	0m0.014s
168
208
Generating /cluster/projects/nn8008k/lluisa/NextSIM/seas/Fmap_10days/2005_JAS_ic0.5_dt0.0025_DT0.0100/42_Fmap_matrix.npy

real	0m24.049s
user	0m0.015s
sys	0m0.012s
172
212
Generating /cluster/projects/nn8008k/lluisa/NextSIM/seas/Fmap_10days/2005_JAS_ic0.5_dt0.0025_DT0.0100/43_Fmap_matrix.npy

real	0m24.028s
user	0m0.012s
sys	0m0.014s
176
216
Generating /cluster/projects/nn8008k/lluisa/NextSIM/seas/Fmap_10days/2005_JAS_ic0.5_dt0.0025_DT0.0100/44_Fmap_matrix.npy

real	0m23.878s
user	0m0.010s
sys	0m0.017s
180
220
Generating /cluster/projects/nn8008k/lluisa/NextSIM/seas/Fmap_10days/2005_JAS_ic0.5_dt0.0025_DT0.0100/45_Fmap_matrix.npy

real	0m24.249s
user	0m0.011s
sys	0m0.015s
184
224
Generating /cluster/projects/nn8008k/lluisa/NextSIM/seas/Fmap_10days/2005_JAS_ic0.5_dt0.0025_DT0.0100/46_Fmap_matrix.npy

real	0m23.977s
user	0m0.012s
sys	0m0.014s
188
228
Generating /cluster/projects/nn8008k/lluisa/NextSIM/seas/Fmap_10days/2005_JAS_ic0.5_dt0.0025_DT0.0100/47_Fmap_matrix.npy

real	0m24.357s
user	0m0.015s
sys	0m0.011s
192
232
Generating /cluster/projects/nn8008k/lluisa/NextSIM/seas/Fmap_10days/2005_JAS_ic0.5_dt0.0025_DT0.0100/48_Fmap_matrix.npy

real	0m23.973s
user	0m0.016s
sys	0m0.010s
196
236
Generating /cluster/projects/nn8008k/lluisa/NextSIM/seas/Fmap_10days/2005_JAS_ic0.5_dt0.0025_DT0.0100/49_Fmap_matrix.npy

real	0m23.908s
user	0m0.013s
sys	0m0.013s
200
240
Generating /cluster/projects/nn8008k/lluisa/NextSIM/seas/Fmap_10days/2005_JAS_ic0.5_dt0.0025_DT0.0100/50_Fmap_matrix.npy

real	0m23.860s
user	0m0.012s
sys	0m0.014s
204
244
Generating /cluster/projects/nn8008k/lluisa/NextSIM/seas/Fmap_10days/2005_JAS_ic0.5_dt0.0025_DT0.0100/51_Fmap_matrix.npy

real	0m24.166s
user	0m0.014s
sys	0m0.013s
208
248
Generating /cluster/projects/nn8008k/lluisa/NextSIM/seas/Fmap_10days/2005_JAS_ic0.5_dt0.0025_DT0.0100/52_Fmap_matrix.npy

real	0m23.851s
user	0m0.012s
sys	0m0.014s
212
252
Generating /cluster/projects/nn8008k/lluisa/NextSIM/seas/Fmap_10days/2005_JAS_ic0.5_dt0.0025_DT0.0100/53_Fmap_matrix.npy

real	0m23.741s
user	0m0.010s
sys	0m0.017s
216
256
Generating /cluster/projects/nn8008k/lluisa/NextSIM/seas/Fmap_10days/2005_JAS_ic0.5_dt0.0025_DT0.0100/54_Fmap_matrix.npy

real	0m24.023s
user	0m0.016s
sys	0m0.011s
220
260
Generating /cluster/projects/nn8008k/lluisa/NextSIM/seas/Fmap_10days/2005_JAS_ic0.5_dt0.0025_DT0.0100/55_Fmap_matrix.npy

real	0m23.746s
user	0m0.016s
sys	0m0.011s
224
264
Generating /cluster/projects/nn8008k/lluisa/NextSIM/seas/Fmap_10days/2005_JAS_ic0.5_dt0.0025_DT0.0100/56_Fmap_matrix.npy

real	0m23.262s
user	0m0.017s
sys	0m0.009s
228
268
Generating /cluster/projects/nn8008k/lluisa/NextSIM/seas/Fmap_10days/2005_JAS_ic0.5_dt0.0025_DT0.0100/57_Fmap_matrix.npy

real	0m23.700s
user	0m0.015s
sys	0m0.012s
232
272
Generating /cluster/projects/nn8008k/lluisa/NextSIM/seas/Fmap_10days/2005_JAS_ic0.5_dt0.0025_DT0.0100/58_Fmap_matrix.npy

real	0m23.625s
user	0m0.015s
sys	0m0.012s
236
276
Generating /cluster/projects/nn8008k/lluisa/NextSIM/seas/Fmap_10days/2005_JAS_ic0.5_dt0.0025_DT0.0100/59_Fmap_matrix.npy

real	0m23.573s
user	0m0.017s
sys	0m0.011s
240
280
Generating /cluster/projects/nn8008k/lluisa/NextSIM/seas/Fmap_10days/2005_JAS_ic0.5_dt0.0025_DT0.0100/60_Fmap_matrix.npy

real	0m23.866s
user	0m0.014s
sys	0m0.012s
244
284
Generating /cluster/projects/nn8008k/lluisa/NextSIM/seas/Fmap_10days/2005_JAS_ic0.5_dt0.0025_DT0.0100/61_Fmap_matrix.npy

real	0m23.531s
user	0m0.015s
sys	0m0.011s
248
288
Generating /cluster/projects/nn8008k/lluisa/NextSIM/seas/Fmap_10days/2005_JAS_ic0.5_dt0.0025_DT0.0100/62_Fmap_matrix.npy

real	0m23.656s
user	0m0.014s
sys	0m0.013s
252
292
Generating /cluster/projects/nn8008k/lluisa/NextSIM/seas/Fmap_10days/2005_JAS_ic0.5_dt0.0025_DT0.0100/63_Fmap_matrix.npy

real	0m23.749s
user	0m0.011s
sys	0m0.015s
256
296
Generating /cluster/projects/nn8008k/lluisa/NextSIM/seas/Fmap_10days/2005_JAS_ic0.5_dt0.0025_DT0.0100/64_Fmap_matrix.npy

real	0m23.703s
user	0m0.018s
sys	0m0.009s
260
300
Generating /cluster/projects/nn8008k/lluisa/NextSIM/seas/Fmap_10days/2005_JAS_ic0.5_dt0.0025_DT0.0100/65_Fmap_matrix.npy

real	0m23.812s
user	0m0.012s
sys	0m0.017s
264
304
Generating /cluster/projects/nn8008k/lluisa/NextSIM/seas/Fmap_10days/2005_JAS_ic0.5_dt0.0025_DT0.0100/66_Fmap_matrix.npy

real	0m23.583s
user	0m0.011s
sys	0m0.016s
268
308
Generating /cluster/projects/nn8008k/lluisa/NextSIM/seas/Fmap_10days/2005_JAS_ic0.5_dt0.0025_DT0.0100/67_Fmap_matrix.npy

real	0m23.437s
user	0m0.017s
sys	0m0.009s
272
312
Generating /cluster/projects/nn8008k/lluisa/NextSIM/seas/Fmap_10days/2005_JAS_ic0.5_dt0.0025_DT0.0100/68_Fmap_matrix.npy

real	0m23.519s
user	0m0.012s
sys	0m0.015s
276
316
Generating /cluster/projects/nn8008k/lluisa/NextSIM/seas/Fmap_10days/2005_JAS_ic0.5_dt0.0025_DT0.0100/69_Fmap_matrix.npy

real	0m23.481s
user	0m0.011s
sys	0m0.016s
280
320
Generating /cluster/projects/nn8008k/lluisa/NextSIM/seas/Fmap_10days/2005_JAS_ic0.5_dt0.0025_DT0.0100/70_Fmap_matrix.npy

real	0m23.327s
user	0m0.013s
sys	0m0.014s
284
324
Generating /cluster/projects/nn8008k/lluisa/NextSIM/seas/Fmap_10days/2005_JAS_ic0.5_dt0.0025_DT0.0100/71_Fmap_matrix.npy

real	0m23.652s
user	0m0.013s
sys	0m0.013s
288
328
Generating /cluster/projects/nn8008k/lluisa/NextSIM/seas/Fmap_10days/2005_JAS_ic0.5_dt0.0025_DT0.0100/72_Fmap_matrix.npy

real	0m23.549s
user	0m0.017s
sys	0m0.009s
292
332
Generating /cluster/projects/nn8008k/lluisa/NextSIM/seas/Fmap_10days/2005_JAS_ic0.5_dt0.0025_DT0.0100/73_Fmap_matrix.npy

real	0m23.494s
user	0m0.011s
sys	0m0.017s
296
336
Generating /cluster/projects/nn8008k/lluisa/NextSIM/seas/Fmap_10days/2005_JAS_ic0.5_dt0.0025_DT0.0100/74_Fmap_matrix.npy

real	0m23.404s
user	0m0.013s
sys	0m0.013s
300
340
Generating /cluster/projects/nn8008k/lluisa/NextSIM/seas/Fmap_10days/2005_JAS_ic0.5_dt0.0025_DT0.0100/75_Fmap_matrix.npy

real	0m23.383s
user	0m0.013s
sys	0m0.013s
304
344
Generating /cluster/projects/nn8008k/lluisa/NextSIM/seas/Fmap_10days/2005_JAS_ic0.5_dt0.0025_DT0.0100/76_Fmap_matrix.npy

real	0m23.473s
user	0m0.008s
sys	0m0.018s
308
348
Generating /cluster/projects/nn8008k/lluisa/NextSIM/seas/Fmap_10days/2005_JAS_ic0.5_dt0.0025_DT0.0100/77_Fmap_matrix.npy

real	0m23.554s
user	0m0.015s
sys	0m0.012s
312
352
Generating /cluster/projects/nn8008k/lluisa/NextSIM/seas/Fmap_10days/2005_JAS_ic0.5_dt0.0025_DT0.0100/78_Fmap_matrix.npy

real	0m23.421s
user	0m0.017s
sys	0m0.010s
316
356
Generating /cluster/projects/nn8008k/lluisa/NextSIM/seas/Fmap_10days/2005_JAS_ic0.5_dt0.0025_DT0.0100/79_Fmap_matrix.npy

real	0m23.460s
user	0m0.015s
sys	0m0.011s
320
360
Generating /cluster/projects/nn8008k/lluisa/NextSIM/seas/Fmap_10days/2005_JAS_ic0.5_dt0.0025_DT0.0100/80_Fmap_matrix.npy

real	0m23.399s
user	0m0.016s
sys	0m0.011s
EBVERSIONNUMACTL=2.0.16
SLURM_JOB_NUM_NODES=1
EBROOTNUMACTL=/cluster/software/numactl/2.0.16-GCCcore-13.2.0
EBDEVELNUMACTL=/cluster/software/numactl/2.0.16-GCCcore-13.2.0/easybuild/numactl-2.0.16-GCCcore-13.2.0-easybuild-devel
OMP_NUM_THREADS=32

Job 6228805 consumed 17.7 billing hours from project nn8008k.

Submitted 2025-05-03T00:03:20; waited 21.0 seconds in the queue after becoming eligible to run.

Requested wallclock time: 3.0 days
Elapsed wallclock time:   33.2 minutes

Job exited normally.

Task and CPU statistics:
ID              CPUs  Tasks  CPU util                Start   Elapsed  Exit status
6228805           32            0.0 %  2025-05-03T00:03:41  1995.0 s  0
6228805.batch     32      1     0.0 %  2025-05-03T00:03:41  1995.0 s  0
6228805.python    32      1    20.4 %  2025-05-03T00:03:47    34.0 s  0
6228805.python    32      1    26.1 %  2025-05-03T00:04:21    26.0 s  0
6228805.python    32      1    27.1 %  2025-05-03T00:04:47    25.0 s  0
6228805.python    32      1    26.1 %  2025-05-03T00:05:12    26.0 s  0
6228805.python    32      1    25.7 %  2025-05-03T00:05:38    26.0 s  0
6228805.python    32      1    25.9 %  2025-05-03T00:06:04    26.0 s  0
6228805.python    32      1    26.6 %  2025-05-03T00:06:30    25.0 s  0
6228805.python    32      1    25.6 %  2025-05-03T00:06:55    26.0 s  0
6228805.python    32      1    25.9 %  2025-05-03T00:07:21    26.0 s  0
6228805.python    32      1    25.4 %  2025-05-03T00:07:47    26.0 s  0
6228805.python    32      1    26.4 %  2025-05-03T00:08:13    25.0 s  0
6228805.python    32      1    25.6 %  2025-05-03T00:08:38    26.0 s  0
6228805.python    32      1    25.5 %  2025-05-03T00:09:04    26.0 s  0
6228805.python    32      1    26.3 %  2025-05-03T00:09:30    25.0 s  0
6228805.python    32      1    25.4 %  2025-05-03T00:09:55    26.0 s  0
6228805.python    32      1    26.3 %  2025-05-03T00:10:21    25.0 s  0
6228805.python    32      1    25.1 %  2025-05-03T00:10:46    26.0 s  0
6228805.python    32      1    25.9 %  2025-05-03T00:11:12    25.0 s  0
6228805.python    32      1    24.6 %  2025-05-03T00:11:37    26.0 s  0
6228805.python    32      1    25.8 %  2025-05-03T00:12:03    25.0 s  0
6228805.python    32      1    25.1 %  2025-05-03T00:12:28    25.0 s  0
6228805.python    32      1    25.4 %  2025-05-03T00:12:53    25.0 s  0
6228805.python    32      1    25.2 %  2025-05-03T00:13:18    25.0 s  0
6228805.python    32      1    24.1 %  2025-05-03T00:13:43    26.0 s  0
6228805.python    32      1    25.1 %  2025-05-03T00:14:09    25.0 s  0
6228805.python    32      1    25.1 %  2025-05-03T00:14:34    25.0 s  0
6228805.python    32      1    24.5 %  2025-05-03T00:14:59    25.0 s  0
6228805.python    32      1    24.5 %  2025-05-03T00:15:24    25.0 s  0
6228805.python    32      1    24.4 %  2025-05-03T00:15:49    25.0 s  0
6228805.python    32      1    24.3 %  2025-05-03T00:16:14    25.0 s  0
6228805.python    32      1    24.8 %  2025-05-03T00:16:39    24.0 s  0
6228805.python    32      1    24.7 %  2025-05-03T00:17:03    24.0 s  0
6228805.python    32      1    23.5 %  2025-05-03T00:17:27    25.0 s  0
6228805.python    32      1    23.5 %  2025-05-03T00:17:52    25.0 s  0
6228805.python    32      1    24.6 %  2025-05-03T00:18:17    24.0 s  0
6228805.python    32      1    23.2 %  2025-05-03T00:18:41    25.0 s  0
6228805.python    32      1    23.1 %  2025-05-03T00:19:06    25.0 s  0
6228805.python    32      1    24.2 %  2025-05-03T00:19:31    24.0 s  0
6228805.python    32      1    23.0 %  2025-05-03T00:19:55    25.0 s  0
6228805.python    32      1    23.7 %  2025-05-03T00:20:20    24.0 s  0
6228805.python    32      1    24.6 %  2025-05-03T00:20:44    23.0 s  0
6228805.python    32      1    22.7 %  2025-05-03T00:21:07    25.0 s  0
6228805.python    32      1    23.2 %  2025-05-03T00:21:32    24.0 s  0
6228805.python    32      1    23.3 %  2025-05-03T00:21:56    24.0 s  0
6228805.python    32      1    23.1 %  2025-05-03T00:22:20    24.0 s  0
6228805.python    32      1    23.0 %  2025-05-03T00:22:44    24.0 s  0
6228805.python    32      1    23.1 %  2025-05-03T00:23:08    24.0 s  0
6228805.python    32      1    22.9 %  2025-05-03T00:23:32    24.0 s  0
6228805.python    32      1    22.7 %  2025-05-03T00:23:56    24.0 s  0
6228805.python    32      1    22.7 %  2025-05-03T00:24:20    24.0 s  0
6228805.python    32      1    22.6 %  2025-05-03T00:24:44    24.0 s  0
6228805.python    32      1    22.7 %  2025-05-03T00:25:08    24.0 s  0
6228805.python    32      1    22.6 %  2025-05-03T00:25:32    24.0 s  0
6228805.python    32      1    22.6 %  2025-05-03T00:25:56    24.0 s  0
6228805.python    32      1    22.6 %  2025-05-03T00:26:20    24.0 s  0
6228805.python    32      1    23.5 %  2025-05-03T00:26:44    23.0 s  0
6228805.python    32      1    22.2 %  2025-05-03T00:27:07    24.0 s  0
6228805.python    32      1    23.2 %  2025-05-03T00:27:31    23.0 s  0
6228805.python    32      1    22.1 %  2025-05-03T00:27:54    24.0 s  0
6228805.python    32      1    21.8 %  2025-05-03T00:28:18    24.0 s  0
6228805.python    32      1    23.0 %  2025-05-03T00:28:42    23.0 s  0
6228805.python    32      1    21.9 %  2025-05-03T00:29:05    24.0 s  0
6228805.python    32      1    22.0 %  2025-05-03T00:29:29    24.0 s  0
6228805.python    32      1    23.0 %  2025-05-03T00:29:53    23.0 s  0
6228805.python    32      1    21.9 %  2025-05-03T00:30:16    24.0 s  0
6228805.python    32      1    22.0 %  2025-05-03T00:30:40    24.0 s  0
6228805.python    32      1    22.1 %  2025-05-03T00:31:04    24.0 s  0
6228805.python    32      1    22.9 %  2025-05-03T00:31:28    23.0 s  0
6228805.python    32      1    22.9 %  2025-05-03T00:31:51    23.0 s  0
6228805.python    32      1    22.0 %  2025-05-03T00:32:14    24.0 s  0
6228805.python    32      1    22.8 %  2025-05-03T00:32:38    23.0 s  0
6228805.python    32      1    22.0 %  2025-05-03T00:33:01    24.0 s  0
6228805.python    32      1    22.9 %  2025-05-03T00:33:25    23.0 s  0
6228805.python    32      1    22.8 %  2025-05-03T00:33:49    23.0 s  0
6228805.python    32      1    22.7 %  2025-05-03T00:34:12    23.0 s  0
6228805.python    32      1    21.7 %  2025-05-03T00:34:35    24.0 s  0
6228805.python    32      1    22.6 %  2025-05-03T00:34:59    23.0 s  0
6228805.python    32      1    21.7 %  2025-05-03T00:35:22    24.0 s  0
6228805.python    32      1    22.4 %  2025-05-03T00:35:46    23.0 s  0
6228805.python    32      1    21.5 %  2025-05-03T00:36:09    24.0 s  0
6228805.python    32      1    22.5 %  2025-05-03T00:36:33    23.0 s  0

Used CPU time:   4.2 CPU hours
Unused CPU time: 13.5 CPU hours

Memory statistics, in GiB:
ID               Alloc   Usage
6228805           59.0        
6228805.batch     59.0     0.0
6228805.python    59.0     6.9
6228805.python    59.0     0.1
6228805.python    59.0     0.1
6228805.python    59.0     0.1
6228805.python    59.0     0.1
6228805.python    59.0     0.1
6228805.python    59.0     0.1
6228805.python    59.0     0.1
6228805.python    59.0     0.1
6228805.python    59.0     0.1
6228805.python    59.0     0.1
6228805.python    59.0     0.1
6228805.python    59.0     0.1
6228805.python    59.0     0.1
6228805.python    59.0     0.1
6228805.python    59.0     0.1
6228805.python    59.0     0.1
6228805.python    59.0     0.1
6228805.python    59.0     0.1
6228805.python    59.0     0.1
6228805.python    59.0     0.1
6228805.python    59.0     0.1
6228805.python    59.0     0.1
6228805.python    59.0     0.1
6228805.python    59.0     0.1
6228805.python    59.0     0.1
6228805.python    59.0     0.1
6228805.python    59.0     0.1
6228805.python    59.0     0.1
6228805.python    59.0     0.1
6228805.python    59.0     0.1
6228805.python    59.0     0.1
6228805.python    59.0     0.1
6228805.python    59.0     0.1
6228805.python    59.0     0.1
6228805.python    59.0     0.1
6228805.python    59.0     0.1
6228805.python    59.0     0.1
6228805.python    59.0     0.1
6228805.python    59.0     0.1
6228805.python    59.0     0.1
6228805.python    59.0     0.1
6228805.python    59.0     0.1
6228805.python    59.0     0.1
6228805.python    59.0     0.1
6228805.python    59.0     0.1
6228805.python    59.0     0.1
6228805.python    59.0     0.1
6228805.python    59.0     0.1
6228805.python    59.0     0.1
6228805.python    59.0     0.1
6228805.python    59.0     0.1
6228805.python    59.0     0.1
6228805.python    59.0     0.1
6228805.python    59.0     0.1
6228805.python    59.0     0.1
6228805.python    59.0     0.1
6228805.python    59.0     0.1
6228805.python    59.0     0.1
6228805.python    59.0     0.1
6228805.python    59.0     0.1
6228805.python    59.0     0.1
6228805.python    59.0     0.1
6228805.python    59.0     0.1
6228805.python    59.0     0.1
6228805.python    59.0     0.1
6228805.python    59.0     0.1
6228805.python    59.0     0.1
6228805.python    59.0     0.1
6228805.python    59.0     0.1
6228805.python    59.0     0.1
6228805.python    59.0     0.1
6228805.python    59.0     0.1
6228805.python    59.0     0.1
6228805.python    59.0     0.1
6228805.python    59.0     0.1
6228805.python    59.0     0.1
6228805.python    59.0     0.1
6228805.python    59.0     0.1
6228805.python    59.0     0.1
6228805.python    59.0     0.1

Job 6228805 completed at Sat May 3 00:36:56 CEST 2025
