Starting job 6228807 on c27-7 on fram at Sat May 3 00:03:44 CEST 2025


Currently Loaded Modules:
  1) StdEnv (S)

  Where:
   S:  Module is Sticky, requires --force to unload or purge

 


The following have been reloaded with a version change:
  1) GCCcore/13.3.0 => GCCcore/13.2.0
  2) OpenSSL/3 => OpenSSL/1.1
  3) Python/3.12.3-GCCcore-13.3.0 => Python/3.11.5-GCCcore-13.2.0
  4) SQLite/3.45.3-GCCcore-13.3.0 => SQLite/3.43.1-GCCcore-13.2.0
  5) Tcl/8.6.14-GCCcore-13.3.0 => Tcl/8.6.13-GCCcore-13.2.0
  6) XZ/5.4.5-GCCcore-13.3.0 => XZ/5.4.4-GCCcore-13.2.0
  7) binutils/2.42-GCCcore-13.3.0 => binutils/2.40-GCCcore-13.2.0
  8) bzip2/1.0.8-GCCcore-13.3.0 => bzip2/1.0.8-GCCcore-13.2.0
  9) libffi/3.4.5-GCCcore-13.3.0 => libffi/3.4.4-GCCcore-13.2.0
 10) libreadline/8.2-GCCcore-13.3.0 => libreadline/8.2-GCCcore-13.2.0
 11) ncurses/6.5-GCCcore-13.3.0 => ncurses/6.4-GCCcore-13.2.0
 12) zlib/1.3.1-GCCcore-13.3.0 => zlib/1.2.13-GCCcore-13.2.0

0
40
Generating /cluster/projects/nn8008k/lluisa/NextSIM/seas/Fmap_10days/2006_OND_ic0.5_dt0.0025_DT0.0100/0_Fmap_matrix.npy

real	0m32.492s
user	0m0.009s
sys	0m0.029s
4
44
Generating /cluster/projects/nn8008k/lluisa/NextSIM/seas/Fmap_10days/2006_OND_ic0.5_dt0.0025_DT0.0100/1_Fmap_matrix.npy

real	0m23.925s
user	0m0.012s
sys	0m0.016s
8
48
Generating /cluster/projects/nn8008k/lluisa/NextSIM/seas/Fmap_10days/2006_OND_ic0.5_dt0.0025_DT0.0100/2_Fmap_matrix.npy

real	0m23.957s
user	0m0.012s
sys	0m0.015s
12
52
Generating /cluster/projects/nn8008k/lluisa/NextSIM/seas/Fmap_10days/2006_OND_ic0.5_dt0.0025_DT0.0100/3_Fmap_matrix.npy

real	0m24.060s
user	0m0.014s
sys	0m0.014s
16
56
Generating /cluster/projects/nn8008k/lluisa/NextSIM/seas/Fmap_10days/2006_OND_ic0.5_dt0.0025_DT0.0100/4_Fmap_matrix.npy

real	0m23.737s
user	0m0.011s
sys	0m0.017s
20
60
Generating /cluster/projects/nn8008k/lluisa/NextSIM/seas/Fmap_10days/2006_OND_ic0.5_dt0.0025_DT0.0100/5_Fmap_matrix.npy

real	0m23.841s
user	0m0.015s
sys	0m0.013s
24
64
Generating /cluster/projects/nn8008k/lluisa/NextSIM/seas/Fmap_10days/2006_OND_ic0.5_dt0.0025_DT0.0100/6_Fmap_matrix.npy

real	0m23.554s
user	0m0.016s
sys	0m0.011s
28
68
Generating /cluster/projects/nn8008k/lluisa/NextSIM/seas/Fmap_10days/2006_OND_ic0.5_dt0.0025_DT0.0100/7_Fmap_matrix.npy

real	0m24.090s
user	0m0.015s
sys	0m0.011s
32
72
Generating /cluster/projects/nn8008k/lluisa/NextSIM/seas/Fmap_10days/2006_OND_ic0.5_dt0.0025_DT0.0100/8_Fmap_matrix.npy

real	0m24.243s
user	0m0.014s
sys	0m0.013s
36
76
Generating /cluster/projects/nn8008k/lluisa/NextSIM/seas/Fmap_10days/2006_OND_ic0.5_dt0.0025_DT0.0100/9_Fmap_matrix.npy

real	0m24.259s
user	0m0.014s
sys	0m0.012s
40
80
Generating /cluster/projects/nn8008k/lluisa/NextSIM/seas/Fmap_10days/2006_OND_ic0.5_dt0.0025_DT0.0100/10_Fmap_matrix.npy

real	0m24.159s
user	0m0.010s
sys	0m0.017s
44
84
Generating /cluster/projects/nn8008k/lluisa/NextSIM/seas/Fmap_10days/2006_OND_ic0.5_dt0.0025_DT0.0100/11_Fmap_matrix.npy

real	0m23.682s
user	0m0.012s
sys	0m0.015s
48
88
Generating /cluster/projects/nn8008k/lluisa/NextSIM/seas/Fmap_10days/2006_OND_ic0.5_dt0.0025_DT0.0100/12_Fmap_matrix.npy

real	0m24.227s
user	0m0.014s
sys	0m0.012s
52
92
Generating /cluster/projects/nn8008k/lluisa/NextSIM/seas/Fmap_10days/2006_OND_ic0.5_dt0.0025_DT0.0100/13_Fmap_matrix.npy

real	0m24.358s
user	0m0.019s
sys	0m0.008s
56
96
Generating /cluster/projects/nn8008k/lluisa/NextSIM/seas/Fmap_10days/2006_OND_ic0.5_dt0.0025_DT0.0100/14_Fmap_matrix.npy

real	0m24.236s
user	0m0.014s
sys	0m0.014s
60
100
Generating /cluster/projects/nn8008k/lluisa/NextSIM/seas/Fmap_10days/2006_OND_ic0.5_dt0.0025_DT0.0100/15_Fmap_matrix.npy

real	0m24.335s
user	0m0.014s
sys	0m0.013s
64
104
Generating /cluster/projects/nn8008k/lluisa/NextSIM/seas/Fmap_10days/2006_OND_ic0.5_dt0.0025_DT0.0100/16_Fmap_matrix.npy

real	0m24.665s
user	0m0.017s
sys	0m0.010s
68
108
Generating /cluster/projects/nn8008k/lluisa/NextSIM/seas/Fmap_10days/2006_OND_ic0.5_dt0.0025_DT0.0100/17_Fmap_matrix.npy

real	0m24.716s
user	0m0.015s
sys	0m0.013s
72
112
Generating /cluster/projects/nn8008k/lluisa/NextSIM/seas/Fmap_10days/2006_OND_ic0.5_dt0.0025_DT0.0100/18_Fmap_matrix.npy

real	0m24.312s
user	0m0.014s
sys	0m0.014s
76
116
Generating /cluster/projects/nn8008k/lluisa/NextSIM/seas/Fmap_10days/2006_OND_ic0.5_dt0.0025_DT0.0100/19_Fmap_matrix.npy

real	0m25.284s
user	0m0.012s
sys	0m0.015s
80
120
Generating /cluster/projects/nn8008k/lluisa/NextSIM/seas/Fmap_10days/2006_OND_ic0.5_dt0.0025_DT0.0100/20_Fmap_matrix.npy

real	0m24.474s
user	0m0.009s
sys	0m0.018s
84
124
Generating /cluster/projects/nn8008k/lluisa/NextSIM/seas/Fmap_10days/2006_OND_ic0.5_dt0.0025_DT0.0100/21_Fmap_matrix.npy

real	0m24.977s
user	0m0.011s
sys	0m0.017s
88
128
Generating /cluster/projects/nn8008k/lluisa/NextSIM/seas/Fmap_10days/2006_OND_ic0.5_dt0.0025_DT0.0100/22_Fmap_matrix.npy

real	0m25.222s
user	0m0.010s
sys	0m0.017s
92
132
Generating /cluster/projects/nn8008k/lluisa/NextSIM/seas/Fmap_10days/2006_OND_ic0.5_dt0.0025_DT0.0100/23_Fmap_matrix.npy

real	0m25.186s
user	0m0.013s
sys	0m0.015s
96
136
Generating /cluster/projects/nn8008k/lluisa/NextSIM/seas/Fmap_10days/2006_OND_ic0.5_dt0.0025_DT0.0100/24_Fmap_matrix.npy

real	0m25.381s
user	0m0.014s
sys	0m0.014s
100
140
Generating /cluster/projects/nn8008k/lluisa/NextSIM/seas/Fmap_10days/2006_OND_ic0.5_dt0.0025_DT0.0100/25_Fmap_matrix.npy

real	0m25.308s
user	0m0.009s
sys	0m0.018s
104
144
Generating /cluster/projects/nn8008k/lluisa/NextSIM/seas/Fmap_10days/2006_OND_ic0.5_dt0.0025_DT0.0100/26_Fmap_matrix.npy

real	0m24.731s
user	0m0.012s
sys	0m0.015s
108
148
Generating /cluster/projects/nn8008k/lluisa/NextSIM/seas/Fmap_10days/2006_OND_ic0.5_dt0.0025_DT0.0100/27_Fmap_matrix.npy

real	0m25.306s
user	0m0.014s
sys	0m0.013s
112
152
Generating /cluster/projects/nn8008k/lluisa/NextSIM/seas/Fmap_10days/2006_OND_ic0.5_dt0.0025_DT0.0100/28_Fmap_matrix.npy

real	0m25.398s
user	0m0.012s
sys	0m0.016s
116
156
Generating /cluster/projects/nn8008k/lluisa/NextSIM/seas/Fmap_10days/2006_OND_ic0.5_dt0.0025_DT0.0100/29_Fmap_matrix.npy

real	0m25.313s
user	0m0.015s
sys	0m0.013s
120
160
Generating /cluster/projects/nn8008k/lluisa/NextSIM/seas/Fmap_10days/2006_OND_ic0.5_dt0.0025_DT0.0100/30_Fmap_matrix.npy

real	0m25.394s
user	0m0.014s
sys	0m0.014s
124
164
Generating /cluster/projects/nn8008k/lluisa/NextSIM/seas/Fmap_10days/2006_OND_ic0.5_dt0.0025_DT0.0100/31_Fmap_matrix.npy

real	0m26.096s
user	0m0.009s
sys	0m0.018s
128
168
Generating /cluster/projects/nn8008k/lluisa/NextSIM/seas/Fmap_10days/2006_OND_ic0.5_dt0.0025_DT0.0100/32_Fmap_matrix.npy

real	0m25.476s
user	0m0.014s
sys	0m0.015s
132
172
Generating /cluster/projects/nn8008k/lluisa/NextSIM/seas/Fmap_10days/2006_OND_ic0.5_dt0.0025_DT0.0100/33_Fmap_matrix.npy

real	0m25.238s
user	0m0.011s
sys	0m0.017s
136
176
Generating /cluster/projects/nn8008k/lluisa/NextSIM/seas/Fmap_10days/2006_OND_ic0.5_dt0.0025_DT0.0100/34_Fmap_matrix.npy

real	0m25.097s
user	0m0.013s
sys	0m0.015s
140
180
Generating /cluster/projects/nn8008k/lluisa/NextSIM/seas/Fmap_10days/2006_OND_ic0.5_dt0.0025_DT0.0100/35_Fmap_matrix.npy

real	0m25.627s
user	0m0.015s
sys	0m0.013s
144
184
Generating /cluster/projects/nn8008k/lluisa/NextSIM/seas/Fmap_10days/2006_OND_ic0.5_dt0.0025_DT0.0100/36_Fmap_matrix.npy

real	0m25.658s
user	0m0.013s
sys	0m0.014s
148
188
Generating /cluster/projects/nn8008k/lluisa/NextSIM/seas/Fmap_10days/2006_OND_ic0.5_dt0.0025_DT0.0100/37_Fmap_matrix.npy

real	0m25.654s
user	0m0.014s
sys	0m0.012s
152
192
Generating /cluster/projects/nn8008k/lluisa/NextSIM/seas/Fmap_10days/2006_OND_ic0.5_dt0.0025_DT0.0100/38_Fmap_matrix.npy

real	0m25.686s
user	0m0.011s
sys	0m0.014s
156
196
Generating /cluster/projects/nn8008k/lluisa/NextSIM/seas/Fmap_10days/2006_OND_ic0.5_dt0.0025_DT0.0100/39_Fmap_matrix.npy

real	0m25.529s
user	0m0.011s
sys	0m0.016s
160
200
Generating /cluster/projects/nn8008k/lluisa/NextSIM/seas/Fmap_10days/2006_OND_ic0.5_dt0.0025_DT0.0100/40_Fmap_matrix.npy

real	0m25.874s
user	0m0.009s
sys	0m0.018s
164
204
Generating /cluster/projects/nn8008k/lluisa/NextSIM/seas/Fmap_10days/2006_OND_ic0.5_dt0.0025_DT0.0100/41_Fmap_matrix.npy

real	0m25.521s
user	0m0.016s
sys	0m0.011s
168
208
Generating /cluster/projects/nn8008k/lluisa/NextSIM/seas/Fmap_10days/2006_OND_ic0.5_dt0.0025_DT0.0100/42_Fmap_matrix.npy

real	0m25.751s
user	0m0.012s
sys	0m0.015s
172
212
Generating /cluster/projects/nn8008k/lluisa/NextSIM/seas/Fmap_10days/2006_OND_ic0.5_dt0.0025_DT0.0100/43_Fmap_matrix.npy

real	0m25.527s
user	0m0.013s
sys	0m0.014s
176
216
Generating /cluster/projects/nn8008k/lluisa/NextSIM/seas/Fmap_10days/2006_OND_ic0.5_dt0.0025_DT0.0100/44_Fmap_matrix.npy

real	0m25.686s
user	0m0.015s
sys	0m0.012s
180
220
Generating /cluster/projects/nn8008k/lluisa/NextSIM/seas/Fmap_10days/2006_OND_ic0.5_dt0.0025_DT0.0100/45_Fmap_matrix.npy

real	0m25.788s
user	0m0.012s
sys	0m0.015s
184
224
Generating /cluster/projects/nn8008k/lluisa/NextSIM/seas/Fmap_10days/2006_OND_ic0.5_dt0.0025_DT0.0100/46_Fmap_matrix.npy

real	0m26.352s
user	0m0.011s
sys	0m0.016s
188
228
Generating /cluster/projects/nn8008k/lluisa/NextSIM/seas/Fmap_10days/2006_OND_ic0.5_dt0.0025_DT0.0100/47_Fmap_matrix.npy

real	0m25.435s
user	0m0.016s
sys	0m0.013s
192
232
Generating /cluster/projects/nn8008k/lluisa/NextSIM/seas/Fmap_10days/2006_OND_ic0.5_dt0.0025_DT0.0100/48_Fmap_matrix.npy

real	0m25.805s
user	0m0.011s
sys	0m0.016s
196
236
Generating /cluster/projects/nn8008k/lluisa/NextSIM/seas/Fmap_10days/2006_OND_ic0.5_dt0.0025_DT0.0100/49_Fmap_matrix.npy

real	0m25.581s
user	0m0.015s
sys	0m0.012s
200
240
Generating /cluster/projects/nn8008k/lluisa/NextSIM/seas/Fmap_10days/2006_OND_ic0.5_dt0.0025_DT0.0100/50_Fmap_matrix.npy

real	0m26.101s
user	0m0.012s
sys	0m0.015s
204
244
Generating /cluster/projects/nn8008k/lluisa/NextSIM/seas/Fmap_10days/2006_OND_ic0.5_dt0.0025_DT0.0100/51_Fmap_matrix.npy

real	0m25.987s
user	0m0.016s
sys	0m0.011s
208
248
Generating /cluster/projects/nn8008k/lluisa/NextSIM/seas/Fmap_10days/2006_OND_ic0.5_dt0.0025_DT0.0100/52_Fmap_matrix.npy

real	0m25.822s
user	0m0.014s
sys	0m0.014s
212
252
Generating /cluster/projects/nn8008k/lluisa/NextSIM/seas/Fmap_10days/2006_OND_ic0.5_dt0.0025_DT0.0100/53_Fmap_matrix.npy

real	0m25.513s
user	0m0.015s
sys	0m0.012s
216
256
Generating /cluster/projects/nn8008k/lluisa/NextSIM/seas/Fmap_10days/2006_OND_ic0.5_dt0.0025_DT0.0100/54_Fmap_matrix.npy

real	0m25.871s
user	0m0.013s
sys	0m0.013s
220
260
Generating /cluster/projects/nn8008k/lluisa/NextSIM/seas/Fmap_10days/2006_OND_ic0.5_dt0.0025_DT0.0100/55_Fmap_matrix.npy

real	0m26.077s
user	0m0.014s
sys	0m0.013s
224
264
Generating /cluster/projects/nn8008k/lluisa/NextSIM/seas/Fmap_10days/2006_OND_ic0.5_dt0.0025_DT0.0100/56_Fmap_matrix.npy

real	0m26.166s
user	0m0.016s
sys	0m0.010s
228
268
Generating /cluster/projects/nn8008k/lluisa/NextSIM/seas/Fmap_10days/2006_OND_ic0.5_dt0.0025_DT0.0100/57_Fmap_matrix.npy

real	0m25.923s
user	0m0.017s
sys	0m0.010s
232
272
Generating /cluster/projects/nn8008k/lluisa/NextSIM/seas/Fmap_10days/2006_OND_ic0.5_dt0.0025_DT0.0100/58_Fmap_matrix.npy

real	0m26.085s
user	0m0.012s
sys	0m0.015s
236
276
Generating /cluster/projects/nn8008k/lluisa/NextSIM/seas/Fmap_10days/2006_OND_ic0.5_dt0.0025_DT0.0100/59_Fmap_matrix.npy

real	0m26.090s
user	0m0.014s
sys	0m0.013s
240
280
Generating /cluster/projects/nn8008k/lluisa/NextSIM/seas/Fmap_10days/2006_OND_ic0.5_dt0.0025_DT0.0100/60_Fmap_matrix.npy

real	0m26.125s
user	0m0.011s
sys	0m0.016s
244
284
Generating /cluster/projects/nn8008k/lluisa/NextSIM/seas/Fmap_10days/2006_OND_ic0.5_dt0.0025_DT0.0100/61_Fmap_matrix.npy

real	0m26.270s
user	0m0.008s
sys	0m0.019s
248
288
Generating /cluster/projects/nn8008k/lluisa/NextSIM/seas/Fmap_10days/2006_OND_ic0.5_dt0.0025_DT0.0100/62_Fmap_matrix.npy

real	0m26.147s
user	0m0.011s
sys	0m0.016s
252
292
Generating /cluster/projects/nn8008k/lluisa/NextSIM/seas/Fmap_10days/2006_OND_ic0.5_dt0.0025_DT0.0100/63_Fmap_matrix.npy

real	0m26.026s
user	0m0.012s
sys	0m0.015s
256
296
Generating /cluster/projects/nn8008k/lluisa/NextSIM/seas/Fmap_10days/2006_OND_ic0.5_dt0.0025_DT0.0100/64_Fmap_matrix.npy

real	0m25.868s
user	0m0.012s
sys	0m0.015s
260
300
Generating /cluster/projects/nn8008k/lluisa/NextSIM/seas/Fmap_10days/2006_OND_ic0.5_dt0.0025_DT0.0100/65_Fmap_matrix.npy

real	0m26.203s
user	0m0.013s
sys	0m0.013s
264
304
Generating /cluster/projects/nn8008k/lluisa/NextSIM/seas/Fmap_10days/2006_OND_ic0.5_dt0.0025_DT0.0100/66_Fmap_matrix.npy

real	0m25.897s
user	0m0.010s
sys	0m0.017s
268
308
Generating /cluster/projects/nn8008k/lluisa/NextSIM/seas/Fmap_10days/2006_OND_ic0.5_dt0.0025_DT0.0100/67_Fmap_matrix.npy

real	0m26.276s
user	0m0.016s
sys	0m0.010s
272
312
Generating /cluster/projects/nn8008k/lluisa/NextSIM/seas/Fmap_10days/2006_OND_ic0.5_dt0.0025_DT0.0100/68_Fmap_matrix.npy

real	0m26.723s
user	0m0.014s
sys	0m0.014s
276
316
Generating /cluster/projects/nn8008k/lluisa/NextSIM/seas/Fmap_10days/2006_OND_ic0.5_dt0.0025_DT0.0100/69_Fmap_matrix.npy

real	0m26.579s
user	0m0.014s
sys	0m0.014s
280
320
Generating /cluster/projects/nn8008k/lluisa/NextSIM/seas/Fmap_10days/2006_OND_ic0.5_dt0.0025_DT0.0100/70_Fmap_matrix.npy

real	0m26.685s
user	0m0.011s
sys	0m0.015s
284
324
Generating /cluster/projects/nn8008k/lluisa/NextSIM/seas/Fmap_10days/2006_OND_ic0.5_dt0.0025_DT0.0100/71_Fmap_matrix.npy

real	0m26.443s
user	0m0.015s
sys	0m0.012s
288
328
Generating /cluster/projects/nn8008k/lluisa/NextSIM/seas/Fmap_10days/2006_OND_ic0.5_dt0.0025_DT0.0100/72_Fmap_matrix.npy

real	0m27.332s
user	0m0.015s
sys	0m0.011s
292
332
Generating /cluster/projects/nn8008k/lluisa/NextSIM/seas/Fmap_10days/2006_OND_ic0.5_dt0.0025_DT0.0100/73_Fmap_matrix.npy

real	0m26.618s
user	0m0.014s
sys	0m0.013s
296
336
Generating /cluster/projects/nn8008k/lluisa/NextSIM/seas/Fmap_10days/2006_OND_ic0.5_dt0.0025_DT0.0100/74_Fmap_matrix.npy

real	0m26.408s
user	0m0.017s
sys	0m0.011s
300
340
Generating /cluster/projects/nn8008k/lluisa/NextSIM/seas/Fmap_10days/2006_OND_ic0.5_dt0.0025_DT0.0100/75_Fmap_matrix.npy

real	0m26.932s
user	0m0.014s
sys	0m0.013s
304
344
Generating /cluster/projects/nn8008k/lluisa/NextSIM/seas/Fmap_10days/2006_OND_ic0.5_dt0.0025_DT0.0100/76_Fmap_matrix.npy

real	0m26.841s
user	0m0.013s
sys	0m0.014s
308
348
Generating /cluster/projects/nn8008k/lluisa/NextSIM/seas/Fmap_10days/2006_OND_ic0.5_dt0.0025_DT0.0100/77_Fmap_matrix.npy

real	0m26.438s
user	0m0.017s
sys	0m0.010s
312
352
Generating /cluster/projects/nn8008k/lluisa/NextSIM/seas/Fmap_10days/2006_OND_ic0.5_dt0.0025_DT0.0100/78_Fmap_matrix.npy

real	0m27.139s
user	0m0.016s
sys	0m0.011s
316
356
Generating /cluster/projects/nn8008k/lluisa/NextSIM/seas/Fmap_10days/2006_OND_ic0.5_dt0.0025_DT0.0100/79_Fmap_matrix.npy

real	0m26.659s
user	0m0.016s
sys	0m0.012s
320
360
Generating /cluster/projects/nn8008k/lluisa/NextSIM/seas/Fmap_10days/2006_OND_ic0.5_dt0.0025_DT0.0100/80_Fmap_matrix.npy

real	0m26.943s
user	0m0.014s
sys	0m0.013s
EBVERSIONNUMACTL=2.0.16
SLURM_JOB_NUM_NODES=1
EBROOTNUMACTL=/cluster/software/numactl/2.0.16-GCCcore-13.2.0
EBDEVELNUMACTL=/cluster/software/numactl/2.0.16-GCCcore-13.2.0/easybuild/numactl-2.0.16-GCCcore-13.2.0-easybuild-devel
OMP_NUM_THREADS=32

Job 6228807 consumed 18.5 billing hours from project nn8008k.

Submitted 2025-05-03T00:03:21; waited 20.0 seconds in the queue after becoming eligible to run.

Requested wallclock time: 3.0 days
Elapsed wallclock time:   34.6 minutes

Job exited normally.

Task and CPU statistics:
ID              CPUs  Tasks  CPU util                Start   Elapsed  Exit status
6228807           32            0.0 %  2025-05-03T00:03:41  2078.0 s  0
6228807.batch     32      1     0.0 %  2025-05-03T00:03:41  2078.0 s  0
6228807.python    32      1    17.1 %  2025-05-03T00:03:46    33.0 s  0
6228807.python    32      1    23.1 %  2025-05-03T00:04:19    24.0 s  0
6228807.python    32      1    23.3 %  2025-05-03T00:04:43    24.0 s  0
6228807.python    32      1    23.7 %  2025-05-03T00:05:07    24.0 s  0
6228807.python    32      1    24.3 %  2025-05-03T00:05:31    23.0 s  0
6228807.python    32      1    23.6 %  2025-05-03T00:05:54    24.0 s  0
6228807.python    32      1    23.2 %  2025-05-03T00:06:18    24.0 s  0
6228807.python    32      1    23.7 %  2025-05-03T00:06:42    24.0 s  0
6228807.python    32      1    23.9 %  2025-05-03T00:07:06    24.0 s  0
6228807.python    32      1    23.9 %  2025-05-03T00:07:30    24.0 s  0
6228807.python    32      1    23.9 %  2025-05-03T00:07:54    24.0 s  0
6228807.python    32      1    23.9 %  2025-05-03T00:08:18    24.0 s  0
6228807.python    32      1    24.7 %  2025-05-03T00:08:42    24.0 s  0
6228807.python    32      1    23.6 %  2025-05-03T00:09:06    25.0 s  0
6228807.python    32      1    25.2 %  2025-05-03T00:09:31    24.0 s  0
6228807.python    32      1    25.0 %  2025-05-03T00:09:55    24.0 s  0
6228807.python    32      1    24.2 %  2025-05-03T00:10:19    25.0 s  0
6228807.python    32      1    24.2 %  2025-05-03T00:10:44    25.0 s  0
6228807.python    32      1    25.4 %  2025-05-03T00:11:09    24.0 s  0
6228807.python    32      1    24.9 %  2025-05-03T00:11:33    25.0 s  0
6228807.python    32      1    24.6 %  2025-05-03T00:11:58    25.0 s  0
6228807.python    32      1    24.8 %  2025-05-03T00:12:23    25.0 s  0
6228807.python    32      1    24.9 %  2025-05-03T00:12:48    25.0 s  0
6228807.python    32      1    25.3 %  2025-05-03T00:13:13    25.0 s  0
6228807.python    32      1    24.1 %  2025-05-03T00:13:38    26.0 s  0
6228807.python    32      1    25.3 %  2025-05-03T00:14:04    25.0 s  0
6228807.python    32      1    25.1 %  2025-05-03T00:14:29    25.0 s  0
6228807.python    32      1    25.5 %  2025-05-03T00:14:54    25.0 s  0
6228807.python    32      1    25.5 %  2025-05-03T00:15:19    25.0 s  0
6228807.python    32      1    25.1 %  2025-05-03T00:15:44    26.0 s  0
6228807.python    32      1    25.8 %  2025-05-03T00:16:10    25.0 s  0
6228807.python    32      1    25.3 %  2025-05-03T00:16:35    26.0 s  0
6228807.python    32      1    25.0 %  2025-05-03T00:17:01    26.0 s  0
6228807.python    32      1    26.1 %  2025-05-03T00:17:27    25.0 s  0
6228807.python    32      1    25.9 %  2025-05-03T00:17:52    25.0 s  0
6228807.python    32      1    25.3 %  2025-05-03T00:18:17    26.0 s  0
6228807.python    32      1    26.3 %  2025-05-03T00:18:43    25.0 s  0
6228807.python    32      1    25.2 %  2025-05-03T00:19:08    26.0 s  0
6228807.python    32      1    25.5 %  2025-05-03T00:19:34    26.0 s  0
6228807.python    32      1    26.4 %  2025-05-03T00:20:00    25.0 s  0
6228807.python    32      1    25.4 %  2025-05-03T00:20:25    26.0 s  0
6228807.python    32      1    26.3 %  2025-05-03T00:20:51    25.0 s  0
6228807.python    32      1    26.5 %  2025-05-03T00:21:17    25.0 s  0
6228807.python    32      1    25.6 %  2025-05-03T00:21:42    26.0 s  0
6228807.python    32      1    26.5 %  2025-05-03T00:22:08    25.0 s  0
6228807.python    32      1    25.8 %  2025-05-03T00:22:33    26.0 s  0
6228807.python    32      1    25.0 %  2025-05-03T00:22:59    27.0 s  0
6228807.python    32      1    26.8 %  2025-05-03T00:23:26    25.0 s  0
6228807.python    32      1    25.8 %  2025-05-03T00:23:51    26.0 s  0
6228807.python    32      1    27.1 %  2025-05-03T00:24:17    25.0 s  0
6228807.python    32      1    25.9 %  2025-05-03T00:24:42    26.0 s  0
6228807.python    32      1    26.1 %  2025-05-03T00:25:08    26.0 s  0
6228807.python    32      1    26.2 %  2025-05-03T00:25:34    26.0 s  0
6228807.python    32      1    25.9 %  2025-05-03T00:26:00    26.0 s  0
6228807.python    32      1    26.1 %  2025-05-03T00:26:26    26.0 s  0
6228807.python    32      1    26.1 %  2025-05-03T00:26:52    26.0 s  0
6228807.python    32      1    26.3 %  2025-05-03T00:27:18    26.0 s  0
6228807.python    32      1    26.0 %  2025-05-03T00:27:44    26.0 s  0
6228807.python    32      1    26.4 %  2025-05-03T00:28:10    26.0 s  0
6228807.python    32      1    26.3 %  2025-05-03T00:28:36    26.0 s  0
6228807.python    32      1    26.4 %  2025-05-03T00:29:02    26.0 s  0
6228807.python    32      1    26.4 %  2025-05-03T00:29:28    26.0 s  0
6228807.python    32      1    25.7 %  2025-05-03T00:29:54    27.0 s  0
6228807.python    32      1    26.6 %  2025-05-03T00:30:21    26.0 s  0
6228807.python    32      1    27.7 %  2025-05-03T00:30:47    25.0 s  0
6228807.python    32      1    26.3 %  2025-05-03T00:31:12    27.0 s  0
6228807.python    32      1    26.8 %  2025-05-03T00:31:39    26.0 s  0
6228807.python    32      1    26.9 %  2025-05-03T00:32:05    26.0 s  0
6228807.python    32      1    26.4 %  2025-05-03T00:32:31    27.0 s  0
6228807.python    32      1    27.3 %  2025-05-03T00:32:58    26.0 s  0
6228807.python    32      1    26.5 %  2025-05-03T00:33:24    27.0 s  0
6228807.python    32      1    27.4 %  2025-05-03T00:33:51    26.0 s  0
6228807.python    32      1    25.8 %  2025-05-03T00:34:17    28.0 s  0
6228807.python    32      1    27.7 %  2025-05-03T00:34:45    26.0 s  0
6228807.python    32      1    26.6 %  2025-05-03T00:35:11    27.0 s  0
6228807.python    32      1    26.8 %  2025-05-03T00:35:38    27.0 s  0
6228807.python    32      1    28.0 %  2025-05-03T00:36:05    26.0 s  0
6228807.python    32      1    27.0 %  2025-05-03T00:36:31    27.0 s  0
6228807.python    32      1    27.1 %  2025-05-03T00:36:58    27.0 s  0
6228807.python    32      1    27.2 %  2025-05-03T00:37:25    27.0 s  0
6228807.python    32      1    27.1 %  2025-05-03T00:37:52    27.0 s  0

Used CPU time:   4.7 CPU hours
Unused CPU time: 13.8 CPU hours

Memory statistics, in GiB:
ID               Alloc   Usage
6228807           59.0        
6228807.batch     59.0     0.0
6228807.python    59.0     6.9
6228807.python    59.0     0.1
6228807.python    59.0     0.1
6228807.python    59.0     0.1
6228807.python    59.0     0.1
6228807.python    59.0     0.1
6228807.python    59.0     0.1
6228807.python    59.0     0.1
6228807.python    59.0     0.1
6228807.python    59.0     0.1
6228807.python    59.0     0.1
6228807.python    59.0     0.1
6228807.python    59.0     0.1
6228807.python    59.0     0.1
6228807.python    59.0     0.1
6228807.python    59.0     0.1
6228807.python    59.0     0.1
6228807.python    59.0     0.1
6228807.python    59.0     0.1
6228807.python    59.0     0.1
6228807.python    59.0     0.1
6228807.python    59.0     0.1
6228807.python    59.0     0.1
6228807.python    59.0     0.1
6228807.python    59.0     0.1
6228807.python    59.0     0.1
6228807.python    59.0     0.1
6228807.python    59.0     0.1
6228807.python    59.0     0.1
6228807.python    59.0     0.1
6228807.python    59.0     0.1
6228807.python    59.0     0.1
6228807.python    59.0     0.1
6228807.python    59.0     0.1
6228807.python    59.0     0.1
6228807.python    59.0     0.1
6228807.python    59.0     0.1
6228807.python    59.0     0.1
6228807.python    59.0     0.1
6228807.python    59.0     0.1
6228807.python    59.0     0.1
6228807.python    59.0     0.1
6228807.python    59.0     0.1
6228807.python    59.0     0.1
6228807.python    59.0     0.1
6228807.python    59.0     0.1
6228807.python    59.0     0.1
6228807.python    59.0     0.1
6228807.python    59.0     0.1
6228807.python    59.0     0.1
6228807.python    59.0     0.1
6228807.python    59.0     0.1
6228807.python    59.0     0.1
6228807.python    59.0     0.1
6228807.python    59.0     0.1
6228807.python    59.0     0.1
6228807.python    59.0     0.1
6228807.python    59.0     0.1
6228807.python    59.0     0.1
6228807.python    59.0     0.1
6228807.python    59.0     0.1
6228807.python    59.0     0.1
6228807.python    59.0     0.1
6228807.python    59.0     0.1
6228807.python    59.0     0.1
6228807.python    59.0     0.1
6228807.python    59.0     0.1
6228807.python    59.0     0.1
6228807.python    59.0     0.1
6228807.python    59.0     0.1
6228807.python    59.0     0.1
6228807.python    59.0     0.1
6228807.python    59.0     0.1
6228807.python    59.0     0.1
6228807.python    59.0     0.1
6228807.python    59.0     0.1
6228807.python    59.0     0.1
6228807.python    59.0     0.1
6228807.python    59.0     0.1
6228807.python    59.0     0.1
6228807.python    59.0     0.1

Job 6228807 completed at Sat May 3 00:38:19 CEST 2025
