Starting job 6228799 on c26-11 on fram at Sat May 3 00:03:44 CEST 2025


Currently Loaded Modules:
  1) StdEnv (S)

  Where:
   S:  Module is Sticky, requires --force to unload or purge

 


The following have been reloaded with a version change:
  1) GCCcore/13.3.0 => GCCcore/13.2.0
  2) OpenSSL/3 => OpenSSL/1.1
  3) Python/3.12.3-GCCcore-13.3.0 => Python/3.11.5-GCCcore-13.2.0
  4) SQLite/3.45.3-GCCcore-13.3.0 => SQLite/3.43.1-GCCcore-13.2.0
  5) Tcl/8.6.14-GCCcore-13.3.0 => Tcl/8.6.13-GCCcore-13.2.0
  6) XZ/5.4.5-GCCcore-13.3.0 => XZ/5.4.4-GCCcore-13.2.0
  7) binutils/2.42-GCCcore-13.3.0 => binutils/2.40-GCCcore-13.2.0
  8) bzip2/1.0.8-GCCcore-13.3.0 => bzip2/1.0.8-GCCcore-13.2.0
  9) libffi/3.4.5-GCCcore-13.3.0 => libffi/3.4.4-GCCcore-13.2.0
 10) libreadline/8.2-GCCcore-13.3.0 => libreadline/8.2-GCCcore-13.2.0
 11) ncurses/6.5-GCCcore-13.3.0 => ncurses/6.4-GCCcore-13.2.0
 12) zlib/1.3.1-GCCcore-13.3.0 => zlib/1.2.13-GCCcore-13.2.0

0
40
Generating /cluster/projects/nn8008k/lluisa/NextSIM/seas/Fmap_10days/2004_OND_ic0.5_dt0.0025_DT0.0100/0_Fmap_matrix.npy

real	0m34.681s
user	0m0.015s
sys	0m0.023s
4
44
Generating /cluster/projects/nn8008k/lluisa/NextSIM/seas/Fmap_10days/2004_OND_ic0.5_dt0.0025_DT0.0100/1_Fmap_matrix.npy

real	0m24.373s
user	0m0.017s
sys	0m0.011s
8
48
Generating /cluster/projects/nn8008k/lluisa/NextSIM/seas/Fmap_10days/2004_OND_ic0.5_dt0.0025_DT0.0100/2_Fmap_matrix.npy

real	0m24.250s
user	0m0.016s
sys	0m0.011s
12
52
Generating /cluster/projects/nn8008k/lluisa/NextSIM/seas/Fmap_10days/2004_OND_ic0.5_dt0.0025_DT0.0100/3_Fmap_matrix.npy

real	0m24.018s
user	0m0.016s
sys	0m0.012s
16
56
Generating /cluster/projects/nn8008k/lluisa/NextSIM/seas/Fmap_10days/2004_OND_ic0.5_dt0.0025_DT0.0100/4_Fmap_matrix.npy

real	0m24.886s
user	0m0.013s
sys	0m0.015s
20
60
Generating /cluster/projects/nn8008k/lluisa/NextSIM/seas/Fmap_10days/2004_OND_ic0.5_dt0.0025_DT0.0100/5_Fmap_matrix.npy

real	0m23.983s
user	0m0.014s
sys	0m0.014s
24
64
Generating /cluster/projects/nn8008k/lluisa/NextSIM/seas/Fmap_10days/2004_OND_ic0.5_dt0.0025_DT0.0100/6_Fmap_matrix.npy

real	0m24.420s
user	0m0.014s
sys	0m0.015s
28
68
Generating /cluster/projects/nn8008k/lluisa/NextSIM/seas/Fmap_10days/2004_OND_ic0.5_dt0.0025_DT0.0100/7_Fmap_matrix.npy

real	0m24.085s
user	0m0.015s
sys	0m0.013s
32
72
Generating /cluster/projects/nn8008k/lluisa/NextSIM/seas/Fmap_10days/2004_OND_ic0.5_dt0.0025_DT0.0100/8_Fmap_matrix.npy

real	0m24.642s
user	0m0.016s
sys	0m0.011s
36
76
Generating /cluster/projects/nn8008k/lluisa/NextSIM/seas/Fmap_10days/2004_OND_ic0.5_dt0.0025_DT0.0100/9_Fmap_matrix.npy

real	0m24.439s
user	0m0.017s
sys	0m0.011s
40
80
Generating /cluster/projects/nn8008k/lluisa/NextSIM/seas/Fmap_10days/2004_OND_ic0.5_dt0.0025_DT0.0100/10_Fmap_matrix.npy

real	0m24.542s
user	0m0.011s
sys	0m0.016s
44
84
Generating /cluster/projects/nn8008k/lluisa/NextSIM/seas/Fmap_10days/2004_OND_ic0.5_dt0.0025_DT0.0100/11_Fmap_matrix.npy

real	0m24.439s
user	0m0.014s
sys	0m0.013s
48
88
Generating /cluster/projects/nn8008k/lluisa/NextSIM/seas/Fmap_10days/2004_OND_ic0.5_dt0.0025_DT0.0100/12_Fmap_matrix.npy

real	0m24.693s
user	0m0.014s
sys	0m0.014s
52
92
Generating /cluster/projects/nn8008k/lluisa/NextSIM/seas/Fmap_10days/2004_OND_ic0.5_dt0.0025_DT0.0100/13_Fmap_matrix.npy

real	0m25.321s
user	0m0.012s
sys	0m0.015s
56
96
Generating /cluster/projects/nn8008k/lluisa/NextSIM/seas/Fmap_10days/2004_OND_ic0.5_dt0.0025_DT0.0100/14_Fmap_matrix.npy

real	0m24.842s
user	0m0.016s
sys	0m0.012s
60
100
Generating /cluster/projects/nn8008k/lluisa/NextSIM/seas/Fmap_10days/2004_OND_ic0.5_dt0.0025_DT0.0100/15_Fmap_matrix.npy

real	0m24.615s
user	0m0.013s
sys	0m0.014s
64
104
Generating /cluster/projects/nn8008k/lluisa/NextSIM/seas/Fmap_10days/2004_OND_ic0.5_dt0.0025_DT0.0100/16_Fmap_matrix.npy

real	0m24.327s
user	0m0.012s
sys	0m0.016s
68
108
Generating /cluster/projects/nn8008k/lluisa/NextSIM/seas/Fmap_10days/2004_OND_ic0.5_dt0.0025_DT0.0100/17_Fmap_matrix.npy

real	0m24.276s
user	0m0.015s
sys	0m0.012s
72
112
Generating /cluster/projects/nn8008k/lluisa/NextSIM/seas/Fmap_10days/2004_OND_ic0.5_dt0.0025_DT0.0100/18_Fmap_matrix.npy

real	0m24.908s
user	0m0.017s
sys	0m0.010s
76
116
Generating /cluster/projects/nn8008k/lluisa/NextSIM/seas/Fmap_10days/2004_OND_ic0.5_dt0.0025_DT0.0100/19_Fmap_matrix.npy

real	0m24.645s
user	0m0.015s
sys	0m0.012s
80
120
Generating /cluster/projects/nn8008k/lluisa/NextSIM/seas/Fmap_10days/2004_OND_ic0.5_dt0.0025_DT0.0100/20_Fmap_matrix.npy

real	0m24.748s
user	0m0.013s
sys	0m0.015s
84
124
Generating /cluster/projects/nn8008k/lluisa/NextSIM/seas/Fmap_10days/2004_OND_ic0.5_dt0.0025_DT0.0100/21_Fmap_matrix.npy

real	0m25.789s
user	0m0.017s
sys	0m0.010s
88
128
Generating /cluster/projects/nn8008k/lluisa/NextSIM/seas/Fmap_10days/2004_OND_ic0.5_dt0.0025_DT0.0100/22_Fmap_matrix.npy

real	0m25.042s
user	0m0.016s
sys	0m0.012s
92
132
Generating /cluster/projects/nn8008k/lluisa/NextSIM/seas/Fmap_10days/2004_OND_ic0.5_dt0.0025_DT0.0100/23_Fmap_matrix.npy

real	0m24.975s
user	0m0.012s
sys	0m0.015s
96
136
Generating /cluster/projects/nn8008k/lluisa/NextSIM/seas/Fmap_10days/2004_OND_ic0.5_dt0.0025_DT0.0100/24_Fmap_matrix.npy

real	0m24.899s
user	0m0.013s
sys	0m0.014s
100
140
Generating /cluster/projects/nn8008k/lluisa/NextSIM/seas/Fmap_10days/2004_OND_ic0.5_dt0.0025_DT0.0100/25_Fmap_matrix.npy

real	0m25.528s
user	0m0.015s
sys	0m0.012s
104
144
Generating /cluster/projects/nn8008k/lluisa/NextSIM/seas/Fmap_10days/2004_OND_ic0.5_dt0.0025_DT0.0100/26_Fmap_matrix.npy

real	0m24.955s
user	0m0.013s
sys	0m0.014s
108
148
Generating /cluster/projects/nn8008k/lluisa/NextSIM/seas/Fmap_10days/2004_OND_ic0.5_dt0.0025_DT0.0100/27_Fmap_matrix.npy

real	0m25.253s
user	0m0.010s
sys	0m0.017s
112
152
Generating /cluster/projects/nn8008k/lluisa/NextSIM/seas/Fmap_10days/2004_OND_ic0.5_dt0.0025_DT0.0100/28_Fmap_matrix.npy

real	0m25.474s
user	0m0.011s
sys	0m0.016s
116
156
Generating /cluster/projects/nn8008k/lluisa/NextSIM/seas/Fmap_10days/2004_OND_ic0.5_dt0.0025_DT0.0100/29_Fmap_matrix.npy

real	0m25.618s
user	0m0.013s
sys	0m0.015s
120
160
Generating /cluster/projects/nn8008k/lluisa/NextSIM/seas/Fmap_10days/2004_OND_ic0.5_dt0.0025_DT0.0100/30_Fmap_matrix.npy

real	0m25.429s
user	0m0.014s
sys	0m0.014s
124
164
Generating /cluster/projects/nn8008k/lluisa/NextSIM/seas/Fmap_10days/2004_OND_ic0.5_dt0.0025_DT0.0100/31_Fmap_matrix.npy

real	0m25.279s
user	0m0.015s
sys	0m0.012s
128
168
Generating /cluster/projects/nn8008k/lluisa/NextSIM/seas/Fmap_10days/2004_OND_ic0.5_dt0.0025_DT0.0100/32_Fmap_matrix.npy

real	0m25.647s
user	0m0.016s
sys	0m0.012s
132
172
Generating /cluster/projects/nn8008k/lluisa/NextSIM/seas/Fmap_10days/2004_OND_ic0.5_dt0.0025_DT0.0100/33_Fmap_matrix.npy

real	0m25.149s
user	0m0.013s
sys	0m0.015s
136
176
Generating /cluster/projects/nn8008k/lluisa/NextSIM/seas/Fmap_10days/2004_OND_ic0.5_dt0.0025_DT0.0100/34_Fmap_matrix.npy

real	0m25.487s
user	0m0.016s
sys	0m0.012s
140
180
Generating /cluster/projects/nn8008k/lluisa/NextSIM/seas/Fmap_10days/2004_OND_ic0.5_dt0.0025_DT0.0100/35_Fmap_matrix.npy

real	0m25.678s
user	0m0.016s
sys	0m0.011s
144
184
Generating /cluster/projects/nn8008k/lluisa/NextSIM/seas/Fmap_10days/2004_OND_ic0.5_dt0.0025_DT0.0100/36_Fmap_matrix.npy

real	0m25.777s
user	0m0.014s
sys	0m0.012s
148
188
Generating /cluster/projects/nn8008k/lluisa/NextSIM/seas/Fmap_10days/2004_OND_ic0.5_dt0.0025_DT0.0100/37_Fmap_matrix.npy

real	0m25.470s
user	0m0.018s
sys	0m0.009s
152
192
Generating /cluster/projects/nn8008k/lluisa/NextSIM/seas/Fmap_10days/2004_OND_ic0.5_dt0.0025_DT0.0100/38_Fmap_matrix.npy

real	0m25.747s
user	0m0.017s
sys	0m0.011s
156
196
Generating /cluster/projects/nn8008k/lluisa/NextSIM/seas/Fmap_10days/2004_OND_ic0.5_dt0.0025_DT0.0100/39_Fmap_matrix.npy

real	0m25.482s
user	0m0.014s
sys	0m0.013s
160
200
Generating /cluster/projects/nn8008k/lluisa/NextSIM/seas/Fmap_10days/2004_OND_ic0.5_dt0.0025_DT0.0100/40_Fmap_matrix.npy

real	0m25.647s
user	0m0.014s
sys	0m0.013s
164
204
Generating /cluster/projects/nn8008k/lluisa/NextSIM/seas/Fmap_10days/2004_OND_ic0.5_dt0.0025_DT0.0100/41_Fmap_matrix.npy

real	0m25.574s
user	0m0.016s
sys	0m0.009s
168
208
Generating /cluster/projects/nn8008k/lluisa/NextSIM/seas/Fmap_10days/2004_OND_ic0.5_dt0.0025_DT0.0100/42_Fmap_matrix.npy

real	0m25.844s
user	0m0.017s
sys	0m0.012s
172
212
Generating /cluster/projects/nn8008k/lluisa/NextSIM/seas/Fmap_10days/2004_OND_ic0.5_dt0.0025_DT0.0100/43_Fmap_matrix.npy

real	0m26.139s
user	0m0.015s
sys	0m0.014s
176
216
Generating /cluster/projects/nn8008k/lluisa/NextSIM/seas/Fmap_10days/2004_OND_ic0.5_dt0.0025_DT0.0100/44_Fmap_matrix.npy

real	0m25.822s
user	0m0.014s
sys	0m0.014s
180
220
Generating /cluster/projects/nn8008k/lluisa/NextSIM/seas/Fmap_10days/2004_OND_ic0.5_dt0.0025_DT0.0100/45_Fmap_matrix.npy

real	0m25.860s
user	0m0.015s
sys	0m0.012s
184
224
Generating /cluster/projects/nn8008k/lluisa/NextSIM/seas/Fmap_10days/2004_OND_ic0.5_dt0.0025_DT0.0100/46_Fmap_matrix.npy

real	0m25.915s
user	0m0.014s
sys	0m0.013s
188
228
Generating /cluster/projects/nn8008k/lluisa/NextSIM/seas/Fmap_10days/2004_OND_ic0.5_dt0.0025_DT0.0100/47_Fmap_matrix.npy

real	0m25.929s
user	0m0.015s
sys	0m0.013s
192
232
Generating /cluster/projects/nn8008k/lluisa/NextSIM/seas/Fmap_10days/2004_OND_ic0.5_dt0.0025_DT0.0100/48_Fmap_matrix.npy

real	0m25.676s
user	0m0.016s
sys	0m0.013s
196
236
Generating /cluster/projects/nn8008k/lluisa/NextSIM/seas/Fmap_10days/2004_OND_ic0.5_dt0.0025_DT0.0100/49_Fmap_matrix.npy

real	0m26.125s
user	0m0.016s
sys	0m0.013s
200
240
Generating /cluster/projects/nn8008k/lluisa/NextSIM/seas/Fmap_10days/2004_OND_ic0.5_dt0.0025_DT0.0100/50_Fmap_matrix.npy

real	0m25.798s
user	0m0.013s
sys	0m0.014s
204
244
Generating /cluster/projects/nn8008k/lluisa/NextSIM/seas/Fmap_10days/2004_OND_ic0.5_dt0.0025_DT0.0100/51_Fmap_matrix.npy

real	0m25.888s
user	0m0.009s
sys	0m0.019s
208
248
Generating /cluster/projects/nn8008k/lluisa/NextSIM/seas/Fmap_10days/2004_OND_ic0.5_dt0.0025_DT0.0100/52_Fmap_matrix.npy

real	0m26.309s
user	0m0.017s
sys	0m0.011s
212
252
Generating /cluster/projects/nn8008k/lluisa/NextSIM/seas/Fmap_10days/2004_OND_ic0.5_dt0.0025_DT0.0100/53_Fmap_matrix.npy

real	0m26.137s
user	0m0.013s
sys	0m0.015s
216
256
Generating /cluster/projects/nn8008k/lluisa/NextSIM/seas/Fmap_10days/2004_OND_ic0.5_dt0.0025_DT0.0100/54_Fmap_matrix.npy

real	0m25.914s
user	0m0.015s
sys	0m0.012s
220
260
Generating /cluster/projects/nn8008k/lluisa/NextSIM/seas/Fmap_10days/2004_OND_ic0.5_dt0.0025_DT0.0100/55_Fmap_matrix.npy

real	0m25.637s
user	0m0.015s
sys	0m0.014s
224
264
Generating /cluster/projects/nn8008k/lluisa/NextSIM/seas/Fmap_10days/2004_OND_ic0.5_dt0.0025_DT0.0100/56_Fmap_matrix.npy

real	0m26.329s
user	0m0.012s
sys	0m0.016s
228
268
Generating /cluster/projects/nn8008k/lluisa/NextSIM/seas/Fmap_10days/2004_OND_ic0.5_dt0.0025_DT0.0100/57_Fmap_matrix.npy

real	0m26.401s
user	0m0.014s
sys	0m0.013s
232
272
Generating /cluster/projects/nn8008k/lluisa/NextSIM/seas/Fmap_10days/2004_OND_ic0.5_dt0.0025_DT0.0100/58_Fmap_matrix.npy

real	0m26.109s
user	0m0.014s
sys	0m0.012s
236
276
Generating /cluster/projects/nn8008k/lluisa/NextSIM/seas/Fmap_10days/2004_OND_ic0.5_dt0.0025_DT0.0100/59_Fmap_matrix.npy

real	0m26.304s
user	0m0.011s
sys	0m0.017s
240
280
Generating /cluster/projects/nn8008k/lluisa/NextSIM/seas/Fmap_10days/2004_OND_ic0.5_dt0.0025_DT0.0100/60_Fmap_matrix.npy

real	0m26.394s
user	0m0.009s
sys	0m0.019s
244
284
Generating /cluster/projects/nn8008k/lluisa/NextSIM/seas/Fmap_10days/2004_OND_ic0.5_dt0.0025_DT0.0100/61_Fmap_matrix.npy

real	0m26.324s
user	0m0.014s
sys	0m0.013s
248
288
Generating /cluster/projects/nn8008k/lluisa/NextSIM/seas/Fmap_10days/2004_OND_ic0.5_dt0.0025_DT0.0100/62_Fmap_matrix.npy

real	0m26.572s
user	0m0.013s
sys	0m0.014s
252
292
Generating /cluster/projects/nn8008k/lluisa/NextSIM/seas/Fmap_10days/2004_OND_ic0.5_dt0.0025_DT0.0100/63_Fmap_matrix.npy

real	0m26.770s
user	0m0.013s
sys	0m0.015s
256
296
Generating /cluster/projects/nn8008k/lluisa/NextSIM/seas/Fmap_10days/2004_OND_ic0.5_dt0.0025_DT0.0100/64_Fmap_matrix.npy

real	0m26.644s
user	0m0.015s
sys	0m0.013s
260
300
Generating /cluster/projects/nn8008k/lluisa/NextSIM/seas/Fmap_10days/2004_OND_ic0.5_dt0.0025_DT0.0100/65_Fmap_matrix.npy

real	0m26.724s
user	0m0.013s
sys	0m0.016s
264
304
Generating /cluster/projects/nn8008k/lluisa/NextSIM/seas/Fmap_10days/2004_OND_ic0.5_dt0.0025_DT0.0100/66_Fmap_matrix.npy

real	0m26.592s
user	0m0.016s
sys	0m0.012s
268
308
Generating /cluster/projects/nn8008k/lluisa/NextSIM/seas/Fmap_10days/2004_OND_ic0.5_dt0.0025_DT0.0100/67_Fmap_matrix.npy

real	0m26.926s
user	0m0.013s
sys	0m0.013s
272
312
Generating /cluster/projects/nn8008k/lluisa/NextSIM/seas/Fmap_10days/2004_OND_ic0.5_dt0.0025_DT0.0100/68_Fmap_matrix.npy

real	0m26.725s
user	0m0.019s
sys	0m0.007s
276
316
Generating /cluster/projects/nn8008k/lluisa/NextSIM/seas/Fmap_10days/2004_OND_ic0.5_dt0.0025_DT0.0100/69_Fmap_matrix.npy

real	0m26.800s
user	0m0.012s
sys	0m0.015s
280
320
Generating /cluster/projects/nn8008k/lluisa/NextSIM/seas/Fmap_10days/2004_OND_ic0.5_dt0.0025_DT0.0100/70_Fmap_matrix.npy

real	0m26.856s
user	0m0.015s
sys	0m0.013s
284
324
Generating /cluster/projects/nn8008k/lluisa/NextSIM/seas/Fmap_10days/2004_OND_ic0.5_dt0.0025_DT0.0100/71_Fmap_matrix.npy

real	0m27.086s
user	0m0.018s
sys	0m0.011s
288
328
Generating /cluster/projects/nn8008k/lluisa/NextSIM/seas/Fmap_10days/2004_OND_ic0.5_dt0.0025_DT0.0100/72_Fmap_matrix.npy

real	0m26.736s
user	0m0.010s
sys	0m0.017s
292
332
Generating /cluster/projects/nn8008k/lluisa/NextSIM/seas/Fmap_10days/2004_OND_ic0.5_dt0.0025_DT0.0100/73_Fmap_matrix.npy

real	0m26.944s
user	0m0.015s
sys	0m0.013s
296
336
Generating /cluster/projects/nn8008k/lluisa/NextSIM/seas/Fmap_10days/2004_OND_ic0.5_dt0.0025_DT0.0100/74_Fmap_matrix.npy

real	0m26.768s
user	0m0.015s
sys	0m0.012s
300
340
Generating /cluster/projects/nn8008k/lluisa/NextSIM/seas/Fmap_10days/2004_OND_ic0.5_dt0.0025_DT0.0100/75_Fmap_matrix.npy

real	0m26.890s
user	0m0.016s
sys	0m0.011s
304
344
Generating /cluster/projects/nn8008k/lluisa/NextSIM/seas/Fmap_10days/2004_OND_ic0.5_dt0.0025_DT0.0100/76_Fmap_matrix.npy

real	0m27.281s
user	0m0.015s
sys	0m0.012s
308
348
Generating /cluster/projects/nn8008k/lluisa/NextSIM/seas/Fmap_10days/2004_OND_ic0.5_dt0.0025_DT0.0100/77_Fmap_matrix.npy

real	0m27.210s
user	0m0.016s
sys	0m0.011s
312
352
Generating /cluster/projects/nn8008k/lluisa/NextSIM/seas/Fmap_10days/2004_OND_ic0.5_dt0.0025_DT0.0100/78_Fmap_matrix.npy

real	0m26.948s
user	0m0.017s
sys	0m0.010s
316
356
Generating /cluster/projects/nn8008k/lluisa/NextSIM/seas/Fmap_10days/2004_OND_ic0.5_dt0.0025_DT0.0100/79_Fmap_matrix.npy

real	0m26.838s
user	0m0.016s
sys	0m0.012s
320
360
Generating /cluster/projects/nn8008k/lluisa/NextSIM/seas/Fmap_10days/2004_OND_ic0.5_dt0.0025_DT0.0100/80_Fmap_matrix.npy

real	0m27.000s
user	0m0.017s
sys	0m0.010s
EBVERSIONNUMACTL=2.0.16
SLURM_JOB_NUM_NODES=1
EBROOTNUMACTL=/cluster/software/numactl/2.0.16-GCCcore-13.2.0
EBDEVELNUMACTL=/cluster/software/numactl/2.0.16-GCCcore-13.2.0/easybuild/numactl-2.0.16-GCCcore-13.2.0-easybuild-devel
OMP_NUM_THREADS=32

Job 6228799 consumed 18.6 billing hours from project nn8008k.

Submitted 2025-05-03T00:03:20; waited 21.0 seconds in the queue after becoming eligible to run.

Requested wallclock time: 3.0 days
Elapsed wallclock time:   34.9 minutes

Job exited normally.

Task and CPU statistics:
ID              CPUs  Tasks  CPU util                Start   Elapsed  Exit status
6228799           32            0.0 %  2025-05-03T00:03:41  2095.0 s  0
6228799.batch     32      1     0.0 %  2025-05-03T00:03:41  2095.0 s  0
6228799.python    32      1    17.0 %  2025-05-03T00:03:46    35.0 s  0
6228799.python    32      1    24.2 %  2025-05-03T00:04:21    24.0 s  0
6228799.python    32      1    24.2 %  2025-05-03T00:04:45    24.0 s  0
6228799.python    32      1    24.5 %  2025-05-03T00:05:09    24.0 s  0
6228799.python    32      1    24.5 %  2025-05-03T00:05:34    24.0 s  0
6228799.python    32      1    24.4 %  2025-05-03T00:05:58    24.0 s  0
6228799.python    32      1    23.8 %  2025-05-03T00:06:22    25.0 s  0
6228799.python    32      1    24.9 %  2025-05-03T00:06:47    24.0 s  0
6228799.python    32      1    24.7 %  2025-05-03T00:07:11    24.0 s  0
6228799.python    32      1    23.9 %  2025-05-03T00:07:35    25.0 s  0
6228799.python    32      1    24.9 %  2025-05-03T00:08:00    24.0 s  0
6228799.python    32      1    24.0 %  2025-05-03T00:08:24    25.0 s  0
6228799.python    32      1    24.3 %  2025-05-03T00:08:49    25.0 s  0
6228799.python    32      1    24.2 %  2025-05-03T00:09:14    25.0 s  0
6228799.python    32      1    24.4 %  2025-05-03T00:09:39    25.0 s  0
6228799.python    32      1    25.5 %  2025-05-03T00:10:04    24.0 s  0
6228799.python    32      1    24.3 %  2025-05-03T00:10:28    25.0 s  0
6228799.python    32      1    25.6 %  2025-05-03T00:10:53    24.0 s  0
6228799.python    32      1    24.7 %  2025-05-03T00:11:17    25.0 s  0
6228799.python    32      1    25.7 %  2025-05-03T00:11:42    24.0 s  0
6228799.python    32      1    24.7 %  2025-05-03T00:12:06    25.0 s  0
6228799.python    32      1    24.4 %  2025-05-03T00:12:31    26.0 s  0
6228799.python    32      1    24.7 %  2025-05-03T00:12:57    25.0 s  0
6228799.python    32      1    25.0 %  2025-05-03T00:13:22    25.0 s  0
6228799.python    32      1    25.0 %  2025-05-03T00:13:47    25.0 s  0
6228799.python    32      1    25.5 %  2025-05-03T00:14:12    25.0 s  0
6228799.python    32      1    25.4 %  2025-05-03T00:14:37    25.0 s  0
6228799.python    32      1    24.7 %  2025-05-03T00:15:02    26.0 s  0
6228799.python    32      1    25.8 %  2025-05-03T00:15:28    25.0 s  0
6228799.python    32      1    24.7 %  2025-05-03T00:15:53    26.0 s  0
6228799.python    32      1    25.9 %  2025-05-03T00:16:19    25.0 s  0
6228799.python    32      1    25.8 %  2025-05-03T00:16:44    25.0 s  0
6228799.python    32      1    24.9 %  2025-05-03T00:17:09    26.0 s  0
6228799.python    32      1    25.7 %  2025-05-03T00:17:35    25.0 s  0
6228799.python    32      1    25.1 %  2025-05-03T00:18:00    26.0 s  0
6228799.python    32      1    26.1 %  2025-05-03T00:18:26    25.0 s  0
6228799.python    32      1    25.4 %  2025-05-03T00:18:51    26.0 s  0
6228799.python    32      1    25.5 %  2025-05-03T00:19:17    26.0 s  0
6228799.python    32      1    26.2 %  2025-05-03T00:19:43    25.0 s  0
6228799.python    32      1    25.6 %  2025-05-03T00:20:08    26.0 s  0
6228799.python    32      1    25.7 %  2025-05-03T00:20:34    26.0 s  0
6228799.python    32      1    27.0 %  2025-05-03T00:21:00    25.0 s  0
6228799.python    32      1    26.0 %  2025-05-03T00:21:25    26.0 s  0
6228799.python    32      1    26.1 %  2025-05-03T00:21:51    26.0 s  0
6228799.python    32      1    26.0 %  2025-05-03T00:22:17    26.0 s  0
6228799.python    32      1    26.2 %  2025-05-03T00:22:43    26.0 s  0
6228799.python    32      1    26.2 %  2025-05-03T00:23:09    26.0 s  0
6228799.python    32      1    26.2 %  2025-05-03T00:23:35    26.0 s  0
6228799.python    32      1    27.3 %  2025-05-03T00:24:01    25.0 s  0
6228799.python    32      1    26.4 %  2025-05-03T00:24:26    26.0 s  0
6228799.python    32      1    26.4 %  2025-05-03T00:24:52    26.0 s  0
6228799.python    32      1    26.4 %  2025-05-03T00:25:18    26.0 s  0
6228799.python    32      1    26.7 %  2025-05-03T00:25:44    26.0 s  0
6228799.python    32      1    25.8 %  2025-05-03T00:26:10    27.0 s  0
6228799.python    32      1    27.8 %  2025-05-03T00:26:37    25.0 s  0
6228799.python    32      1    27.7 %  2025-05-03T00:27:03    25.0 s  0
6228799.python    32      1    26.8 %  2025-05-03T00:27:28    26.0 s  0
6228799.python    32      1    26.1 %  2025-05-03T00:27:54    27.0 s  0
6228799.python    32      1    27.2 %  2025-05-03T00:28:21    26.0 s  0
6228799.python    32      1    27.1 %  2025-05-03T00:28:47    26.0 s  0
6228799.python    32      1    26.2 %  2025-05-03T00:29:13    27.0 s  0
6228799.python    32      1    27.7 %  2025-05-03T00:29:40    26.0 s  0
6228799.python    32      1    26.7 %  2025-05-03T00:30:06    27.0 s  0
6228799.python    32      1    27.4 %  2025-05-03T00:30:33    26.0 s  0
6228799.python    32      1    27.1 %  2025-05-03T00:30:59    27.0 s  0
6228799.python    32      1    27.0 %  2025-05-03T00:31:26    27.0 s  0
6228799.python    32      1    28.0 %  2025-05-03T00:31:53    26.0 s  0
6228799.python    32      1    27.0 %  2025-05-03T00:32:19    27.0 s  0
6228799.python    32      1    27.2 %  2025-05-03T00:32:46    27.0 s  0
6228799.python    32      1    27.1 %  2025-05-03T00:33:13    27.0 s  0
6228799.python    32      1    27.0 %  2025-05-03T00:33:40    27.0 s  0
6228799.python    32      1    27.3 %  2025-05-03T00:34:07    27.0 s  0
6228799.python    32      1    28.5 %  2025-05-03T00:34:34    26.0 s  0
6228799.python    32      1    27.6 %  2025-05-03T00:35:00    27.0 s  0
6228799.python    32      1    27.4 %  2025-05-03T00:35:27    27.0 s  0
6228799.python    32      1    27.4 %  2025-05-03T00:35:54    27.0 s  0
6228799.python    32      1    27.5 %  2025-05-03T00:36:21    27.0 s  0
6228799.python    32      1    26.7 %  2025-05-03T00:36:48    28.0 s  0
6228799.python    32      1    28.5 %  2025-05-03T00:37:16    26.0 s  0
6228799.python    32      1    28.7 %  2025-05-03T00:37:43    26.0 s  0
6228799.python    32      1    27.6 %  2025-05-03T00:38:09    27.0 s  0

Used CPU time:   4.8 CPU hours
Unused CPU time: 13.8 CPU hours

Memory statistics, in GiB:
ID               Alloc   Usage
6228799           59.0        
6228799.batch     59.0     0.0
6228799.python    59.0     7.0
6228799.python    59.0     0.1
6228799.python    59.0     0.1
6228799.python    59.0     0.1
6228799.python    59.0     0.1
6228799.python    59.0     0.1
6228799.python    59.0     0.1
6228799.python    59.0     0.1
6228799.python    59.0     0.1
6228799.python    59.0     0.1
6228799.python    59.0     0.1
6228799.python    59.0     0.1
6228799.python    59.0     0.1
6228799.python    59.0     0.1
6228799.python    59.0     0.1
6228799.python    59.0     0.1
6228799.python    59.0     0.1
6228799.python    59.0     0.1
6228799.python    59.0     0.1
6228799.python    59.0     0.1
6228799.python    59.0     0.1
6228799.python    59.0     0.1
6228799.python    59.0     0.1
6228799.python    59.0     0.1
6228799.python    59.0     0.1
6228799.python    59.0     0.1
6228799.python    59.0     0.1
6228799.python    59.0     0.1
6228799.python    59.0     0.1
6228799.python    59.0     0.1
6228799.python    59.0     0.1
6228799.python    59.0     0.1
6228799.python    59.0     0.1
6228799.python    59.0     0.1
6228799.python    59.0     0.1
6228799.python    59.0     0.1
6228799.python    59.0     0.1
6228799.python    59.0     0.1
6228799.python    59.0     0.1
6228799.python    59.0     0.1
6228799.python    59.0     0.1
6228799.python    59.0     0.1
6228799.python    59.0     0.1
6228799.python    59.0     0.1
6228799.python    59.0     0.1
6228799.python    59.0     0.1
6228799.python    59.0     0.1
6228799.python    59.0     0.1
6228799.python    59.0     0.1
6228799.python    59.0     0.1
6228799.python    59.0     0.1
6228799.python    59.0     0.1
6228799.python    59.0     0.1
6228799.python    59.0     0.1
6228799.python    59.0     0.1
6228799.python    59.0     0.1
6228799.python    59.0     0.1
6228799.python    59.0     0.1
6228799.python    59.0     0.1
6228799.python    59.0     0.1
6228799.python    59.0     0.1
6228799.python    59.0     0.1
6228799.python    59.0     0.1
6228799.python    59.0     0.1
6228799.python    59.0     0.1
6228799.python    59.0     0.1
6228799.python    59.0     0.1
6228799.python    59.0     0.1
6228799.python    59.0     0.1
6228799.python    59.0     0.1
6228799.python    59.0     0.1
6228799.python    59.0     0.1
6228799.python    59.0     0.1
6228799.python    59.0     0.1
6228799.python    59.0     0.1
6228799.python    59.0     0.1
6228799.python    59.0     0.1
6228799.python    59.0     0.1
6228799.python    59.0     0.1
6228799.python    59.0     0.2
6228799.python    59.0     0.1

Job 6228799 completed at Sat May 3 00:38:37 CEST 2025
