Starting job 6228819 on c29-11 on fram at Sat May 3 00:03:44 CEST 2025


Currently Loaded Modules:
  1) StdEnv (S)

  Where:
   S:  Module is Sticky, requires --force to unload or purge

 


The following have been reloaded with a version change:
  1) GCCcore/13.3.0 => GCCcore/13.2.0
  2) OpenSSL/3 => OpenSSL/1.1
  3) Python/3.12.3-GCCcore-13.3.0 => Python/3.11.5-GCCcore-13.2.0
  4) SQLite/3.45.3-GCCcore-13.3.0 => SQLite/3.43.1-GCCcore-13.2.0
  5) Tcl/8.6.14-GCCcore-13.3.0 => Tcl/8.6.13-GCCcore-13.2.0
  6) XZ/5.4.5-GCCcore-13.3.0 => XZ/5.4.4-GCCcore-13.2.0
  7) binutils/2.42-GCCcore-13.3.0 => binutils/2.40-GCCcore-13.2.0
  8) bzip2/1.0.8-GCCcore-13.3.0 => bzip2/1.0.8-GCCcore-13.2.0
  9) libffi/3.4.5-GCCcore-13.3.0 => libffi/3.4.4-GCCcore-13.2.0
 10) libreadline/8.2-GCCcore-13.3.0 => libreadline/8.2-GCCcore-13.2.0
 11) ncurses/6.5-GCCcore-13.3.0 => ncurses/6.4-GCCcore-13.2.0
 12) zlib/1.3.1-GCCcore-13.3.0 => zlib/1.2.13-GCCcore-13.2.0

0
40
Generating /cluster/projects/nn8008k/lluisa/NextSIM/seas/Fmap_10days/2009_OND_ic0.5_dt0.0025_DT0.0100/0_Fmap_matrix.npy

real	0m32.000s
user	0m0.014s
sys	0m0.024s
4
44
Generating /cluster/projects/nn8008k/lluisa/NextSIM/seas/Fmap_10days/2009_OND_ic0.5_dt0.0025_DT0.0100/1_Fmap_matrix.npy

real	0m23.603s
user	0m0.015s
sys	0m0.013s
8
48
Generating /cluster/projects/nn8008k/lluisa/NextSIM/seas/Fmap_10days/2009_OND_ic0.5_dt0.0025_DT0.0100/2_Fmap_matrix.npy

real	0m23.518s
user	0m0.014s
sys	0m0.014s
12
52
Generating /cluster/projects/nn8008k/lluisa/NextSIM/seas/Fmap_10days/2009_OND_ic0.5_dt0.0025_DT0.0100/3_Fmap_matrix.npy

real	0m23.322s
user	0m0.017s
sys	0m0.010s
16
56
Generating /cluster/projects/nn8008k/lluisa/NextSIM/seas/Fmap_10days/2009_OND_ic0.5_dt0.0025_DT0.0100/4_Fmap_matrix.npy

real	0m23.513s
user	0m0.013s
sys	0m0.014s
20
60
Generating /cluster/projects/nn8008k/lluisa/NextSIM/seas/Fmap_10days/2009_OND_ic0.5_dt0.0025_DT0.0100/5_Fmap_matrix.npy

real	0m23.665s
user	0m0.015s
sys	0m0.012s
24
64
Generating /cluster/projects/nn8008k/lluisa/NextSIM/seas/Fmap_10days/2009_OND_ic0.5_dt0.0025_DT0.0100/6_Fmap_matrix.npy

real	0m23.737s
user	0m0.017s
sys	0m0.011s
28
68
Generating /cluster/projects/nn8008k/lluisa/NextSIM/seas/Fmap_10days/2009_OND_ic0.5_dt0.0025_DT0.0100/7_Fmap_matrix.npy

real	0m23.563s
user	0m0.013s
sys	0m0.015s
32
72
Generating /cluster/projects/nn8008k/lluisa/NextSIM/seas/Fmap_10days/2009_OND_ic0.5_dt0.0025_DT0.0100/8_Fmap_matrix.npy

real	0m23.410s
user	0m0.009s
sys	0m0.018s
36
76
Generating /cluster/projects/nn8008k/lluisa/NextSIM/seas/Fmap_10days/2009_OND_ic0.5_dt0.0025_DT0.0100/9_Fmap_matrix.npy

real	0m23.823s
user	0m0.016s
sys	0m0.011s
40
80
Generating /cluster/projects/nn8008k/lluisa/NextSIM/seas/Fmap_10days/2009_OND_ic0.5_dt0.0025_DT0.0100/10_Fmap_matrix.npy

real	0m23.318s
user	0m0.015s
sys	0m0.012s
44
84
Generating /cluster/projects/nn8008k/lluisa/NextSIM/seas/Fmap_10days/2009_OND_ic0.5_dt0.0025_DT0.0100/11_Fmap_matrix.npy

real	0m23.523s
user	0m0.015s
sys	0m0.013s
48
88
Generating /cluster/projects/nn8008k/lluisa/NextSIM/seas/Fmap_10days/2009_OND_ic0.5_dt0.0025_DT0.0100/12_Fmap_matrix.npy

real	0m23.404s
user	0m0.009s
sys	0m0.018s
52
92
Generating /cluster/projects/nn8008k/lluisa/NextSIM/seas/Fmap_10days/2009_OND_ic0.5_dt0.0025_DT0.0100/13_Fmap_matrix.npy

real	0m23.712s
user	0m0.010s
sys	0m0.017s
56
96
Generating /cluster/projects/nn8008k/lluisa/NextSIM/seas/Fmap_10days/2009_OND_ic0.5_dt0.0025_DT0.0100/14_Fmap_matrix.npy

real	0m23.858s
user	0m0.015s
sys	0m0.011s
60
100
Generating /cluster/projects/nn8008k/lluisa/NextSIM/seas/Fmap_10days/2009_OND_ic0.5_dt0.0025_DT0.0100/15_Fmap_matrix.npy

real	0m23.916s
user	0m0.015s
sys	0m0.013s
64
104
Generating /cluster/projects/nn8008k/lluisa/NextSIM/seas/Fmap_10days/2009_OND_ic0.5_dt0.0025_DT0.0100/16_Fmap_matrix.npy

real	0m23.570s
user	0m0.013s
sys	0m0.013s
68
108
Generating /cluster/projects/nn8008k/lluisa/NextSIM/seas/Fmap_10days/2009_OND_ic0.5_dt0.0025_DT0.0100/17_Fmap_matrix.npy

real	0m23.919s
user	0m0.012s
sys	0m0.015s
72
112
Generating /cluster/projects/nn8008k/lluisa/NextSIM/seas/Fmap_10days/2009_OND_ic0.5_dt0.0025_DT0.0100/18_Fmap_matrix.npy

real	0m24.138s
user	0m0.015s
sys	0m0.010s
76
116
Generating /cluster/projects/nn8008k/lluisa/NextSIM/seas/Fmap_10days/2009_OND_ic0.5_dt0.0025_DT0.0100/19_Fmap_matrix.npy

real	0m24.178s
user	0m0.013s
sys	0m0.014s
80
120
Generating /cluster/projects/nn8008k/lluisa/NextSIM/seas/Fmap_10days/2009_OND_ic0.5_dt0.0025_DT0.0100/20_Fmap_matrix.npy

real	0m24.221s
user	0m0.009s
sys	0m0.018s
84
124
Generating /cluster/projects/nn8008k/lluisa/NextSIM/seas/Fmap_10days/2009_OND_ic0.5_dt0.0025_DT0.0100/21_Fmap_matrix.npy

real	0m24.471s
user	0m0.017s
sys	0m0.011s
88
128
Generating /cluster/projects/nn8008k/lluisa/NextSIM/seas/Fmap_10days/2009_OND_ic0.5_dt0.0025_DT0.0100/22_Fmap_matrix.npy

real	0m24.064s
user	0m0.008s
sys	0m0.021s
92
132
Generating /cluster/projects/nn8008k/lluisa/NextSIM/seas/Fmap_10days/2009_OND_ic0.5_dt0.0025_DT0.0100/23_Fmap_matrix.npy

real	0m24.403s
user	0m0.012s
sys	0m0.016s
96
136
Generating /cluster/projects/nn8008k/lluisa/NextSIM/seas/Fmap_10days/2009_OND_ic0.5_dt0.0025_DT0.0100/24_Fmap_matrix.npy

real	0m24.346s
user	0m0.014s
sys	0m0.013s
100
140
Generating /cluster/projects/nn8008k/lluisa/NextSIM/seas/Fmap_10days/2009_OND_ic0.5_dt0.0025_DT0.0100/25_Fmap_matrix.npy

real	0m24.565s
user	0m0.013s
sys	0m0.015s
104
144
Generating /cluster/projects/nn8008k/lluisa/NextSIM/seas/Fmap_10days/2009_OND_ic0.5_dt0.0025_DT0.0100/26_Fmap_matrix.npy

real	0m24.446s
user	0m0.011s
sys	0m0.016s
108
148
Generating /cluster/projects/nn8008k/lluisa/NextSIM/seas/Fmap_10days/2009_OND_ic0.5_dt0.0025_DT0.0100/27_Fmap_matrix.npy

real	0m24.393s
user	0m0.015s
sys	0m0.012s
112
152
Generating /cluster/projects/nn8008k/lluisa/NextSIM/seas/Fmap_10days/2009_OND_ic0.5_dt0.0025_DT0.0100/28_Fmap_matrix.npy

real	0m24.676s
user	0m0.010s
sys	0m0.015s
116
156
Generating /cluster/projects/nn8008k/lluisa/NextSIM/seas/Fmap_10days/2009_OND_ic0.5_dt0.0025_DT0.0100/29_Fmap_matrix.npy

real	0m24.941s
user	0m0.018s
sys	0m0.008s
120
160
Generating /cluster/projects/nn8008k/lluisa/NextSIM/seas/Fmap_10days/2009_OND_ic0.5_dt0.0025_DT0.0100/30_Fmap_matrix.npy

real	0m25.357s
user	0m0.015s
sys	0m0.012s
124
164
Generating /cluster/projects/nn8008k/lluisa/NextSIM/seas/Fmap_10days/2009_OND_ic0.5_dt0.0025_DT0.0100/31_Fmap_matrix.npy

real	0m24.837s
user	0m0.013s
sys	0m0.014s
128
168
Generating /cluster/projects/nn8008k/lluisa/NextSIM/seas/Fmap_10days/2009_OND_ic0.5_dt0.0025_DT0.0100/32_Fmap_matrix.npy

real	0m25.297s
user	0m0.013s
sys	0m0.014s
132
172
Generating /cluster/projects/nn8008k/lluisa/NextSIM/seas/Fmap_10days/2009_OND_ic0.5_dt0.0025_DT0.0100/33_Fmap_matrix.npy

real	0m25.178s
user	0m0.016s
sys	0m0.010s
136
176
Generating /cluster/projects/nn8008k/lluisa/NextSIM/seas/Fmap_10days/2009_OND_ic0.5_dt0.0025_DT0.0100/34_Fmap_matrix.npy

real	0m25.033s
user	0m0.016s
sys	0m0.011s
140
180
Generating /cluster/projects/nn8008k/lluisa/NextSIM/seas/Fmap_10days/2009_OND_ic0.5_dt0.0025_DT0.0100/35_Fmap_matrix.npy

real	0m25.474s
user	0m0.015s
sys	0m0.012s
144
184
Generating /cluster/projects/nn8008k/lluisa/NextSIM/seas/Fmap_10days/2009_OND_ic0.5_dt0.0025_DT0.0100/36_Fmap_matrix.npy

real	0m25.500s
user	0m0.013s
sys	0m0.014s
148
188
Generating /cluster/projects/nn8008k/lluisa/NextSIM/seas/Fmap_10days/2009_OND_ic0.5_dt0.0025_DT0.0100/37_Fmap_matrix.npy

real	0m25.088s
user	0m0.011s
sys	0m0.016s
152
192
Generating /cluster/projects/nn8008k/lluisa/NextSIM/seas/Fmap_10days/2009_OND_ic0.5_dt0.0025_DT0.0100/38_Fmap_matrix.npy

real	0m25.377s
user	0m0.012s
sys	0m0.017s
156
196
Generating /cluster/projects/nn8008k/lluisa/NextSIM/seas/Fmap_10days/2009_OND_ic0.5_dt0.0025_DT0.0100/39_Fmap_matrix.npy

real	0m25.494s
user	0m0.014s
sys	0m0.015s
160
200
Generating /cluster/projects/nn8008k/lluisa/NextSIM/seas/Fmap_10days/2009_OND_ic0.5_dt0.0025_DT0.0100/40_Fmap_matrix.npy

real	0m25.299s
user	0m0.017s
sys	0m0.011s
164
204
Generating /cluster/projects/nn8008k/lluisa/NextSIM/seas/Fmap_10days/2009_OND_ic0.5_dt0.0025_DT0.0100/41_Fmap_matrix.npy

real	0m25.481s
user	0m0.012s
sys	0m0.015s
168
208
Generating /cluster/projects/nn8008k/lluisa/NextSIM/seas/Fmap_10days/2009_OND_ic0.5_dt0.0025_DT0.0100/42_Fmap_matrix.npy

real	0m25.221s
user	0m0.013s
sys	0m0.014s
172
212
Generating /cluster/projects/nn8008k/lluisa/NextSIM/seas/Fmap_10days/2009_OND_ic0.5_dt0.0025_DT0.0100/43_Fmap_matrix.npy

real	0m25.679s
user	0m0.012s
sys	0m0.016s
176
216
Generating /cluster/projects/nn8008k/lluisa/NextSIM/seas/Fmap_10days/2009_OND_ic0.5_dt0.0025_DT0.0100/44_Fmap_matrix.npy

real	0m25.195s
user	0m0.018s
sys	0m0.009s
180
220
Generating /cluster/projects/nn8008k/lluisa/NextSIM/seas/Fmap_10days/2009_OND_ic0.5_dt0.0025_DT0.0100/45_Fmap_matrix.npy

real	0m25.732s
user	0m0.012s
sys	0m0.016s
184
224
Generating /cluster/projects/nn8008k/lluisa/NextSIM/seas/Fmap_10days/2009_OND_ic0.5_dt0.0025_DT0.0100/46_Fmap_matrix.npy

real	0m25.924s
user	0m0.015s
sys	0m0.012s
188
228
Generating /cluster/projects/nn8008k/lluisa/NextSIM/seas/Fmap_10days/2009_OND_ic0.5_dt0.0025_DT0.0100/47_Fmap_matrix.npy

real	0m25.767s
user	0m0.015s
sys	0m0.011s
192
232
Generating /cluster/projects/nn8008k/lluisa/NextSIM/seas/Fmap_10days/2009_OND_ic0.5_dt0.0025_DT0.0100/48_Fmap_matrix.npy

real	0m25.396s
user	0m0.014s
sys	0m0.013s
196
236
Generating /cluster/projects/nn8008k/lluisa/NextSIM/seas/Fmap_10days/2009_OND_ic0.5_dt0.0025_DT0.0100/49_Fmap_matrix.npy

real	0m25.613s
user	0m0.015s
sys	0m0.012s
200
240
Generating /cluster/projects/nn8008k/lluisa/NextSIM/seas/Fmap_10days/2009_OND_ic0.5_dt0.0025_DT0.0100/50_Fmap_matrix.npy

real	0m25.718s
user	0m0.014s
sys	0m0.012s
204
244
Generating /cluster/projects/nn8008k/lluisa/NextSIM/seas/Fmap_10days/2009_OND_ic0.5_dt0.0025_DT0.0100/51_Fmap_matrix.npy

real	0m25.249s
user	0m0.019s
sys	0m0.007s
208
248
Generating /cluster/projects/nn8008k/lluisa/NextSIM/seas/Fmap_10days/2009_OND_ic0.5_dt0.0025_DT0.0100/52_Fmap_matrix.npy

real	0m25.533s
user	0m0.013s
sys	0m0.011s
212
252
Generating /cluster/projects/nn8008k/lluisa/NextSIM/seas/Fmap_10days/2009_OND_ic0.5_dt0.0025_DT0.0100/53_Fmap_matrix.npy

real	0m25.755s
user	0m0.013s
sys	0m0.016s
216
256
Generating /cluster/projects/nn8008k/lluisa/NextSIM/seas/Fmap_10days/2009_OND_ic0.5_dt0.0025_DT0.0100/54_Fmap_matrix.npy

real	0m27.048s
user	0m0.016s
sys	0m0.011s
220
260
Generating /cluster/projects/nn8008k/lluisa/NextSIM/seas/Fmap_10days/2009_OND_ic0.5_dt0.0025_DT0.0100/55_Fmap_matrix.npy

real	0m25.864s
user	0m0.012s
sys	0m0.016s
224
264
Generating /cluster/projects/nn8008k/lluisa/NextSIM/seas/Fmap_10days/2009_OND_ic0.5_dt0.0025_DT0.0100/56_Fmap_matrix.npy

real	0m26.436s
user	0m0.012s
sys	0m0.015s
228
268
Generating /cluster/projects/nn8008k/lluisa/NextSIM/seas/Fmap_10days/2009_OND_ic0.5_dt0.0025_DT0.0100/57_Fmap_matrix.npy

real	0m25.997s
user	0m0.014s
sys	0m0.013s
232
272
Generating /cluster/projects/nn8008k/lluisa/NextSIM/seas/Fmap_10days/2009_OND_ic0.5_dt0.0025_DT0.0100/58_Fmap_matrix.npy

real	0m25.850s
user	0m0.013s
sys	0m0.014s
236
276
Generating /cluster/projects/nn8008k/lluisa/NextSIM/seas/Fmap_10days/2009_OND_ic0.5_dt0.0025_DT0.0100/59_Fmap_matrix.npy

real	0m25.822s
user	0m0.016s
sys	0m0.011s
240
280
Generating /cluster/projects/nn8008k/lluisa/NextSIM/seas/Fmap_10days/2009_OND_ic0.5_dt0.0025_DT0.0100/60_Fmap_matrix.npy

real	0m26.168s
user	0m0.013s
sys	0m0.016s
244
284
Generating /cluster/projects/nn8008k/lluisa/NextSIM/seas/Fmap_10days/2009_OND_ic0.5_dt0.0025_DT0.0100/61_Fmap_matrix.npy

real	0m26.037s
user	0m0.016s
sys	0m0.012s
248
288
Generating /cluster/projects/nn8008k/lluisa/NextSIM/seas/Fmap_10days/2009_OND_ic0.5_dt0.0025_DT0.0100/62_Fmap_matrix.npy

real	0m25.917s
user	0m0.010s
sys	0m0.016s
252
292
Generating /cluster/projects/nn8008k/lluisa/NextSIM/seas/Fmap_10days/2009_OND_ic0.5_dt0.0025_DT0.0100/63_Fmap_matrix.npy

real	0m26.051s
user	0m0.016s
sys	0m0.011s
256
296
Generating /cluster/projects/nn8008k/lluisa/NextSIM/seas/Fmap_10days/2009_OND_ic0.5_dt0.0025_DT0.0100/64_Fmap_matrix.npy

real	0m26.132s
user	0m0.016s
sys	0m0.012s
260
300
Generating /cluster/projects/nn8008k/lluisa/NextSIM/seas/Fmap_10days/2009_OND_ic0.5_dt0.0025_DT0.0100/65_Fmap_matrix.npy

real	0m26.424s
user	0m0.008s
sys	0m0.018s
264
304
Generating /cluster/projects/nn8008k/lluisa/NextSIM/seas/Fmap_10days/2009_OND_ic0.5_dt0.0025_DT0.0100/66_Fmap_matrix.npy

real	0m25.937s
user	0m0.016s
sys	0m0.010s
268
308
Generating /cluster/projects/nn8008k/lluisa/NextSIM/seas/Fmap_10days/2009_OND_ic0.5_dt0.0025_DT0.0100/67_Fmap_matrix.npy

real	0m26.670s
user	0m0.015s
sys	0m0.013s
272
312
Generating /cluster/projects/nn8008k/lluisa/NextSIM/seas/Fmap_10days/2009_OND_ic0.5_dt0.0025_DT0.0100/68_Fmap_matrix.npy

real	0m26.404s
user	0m0.014s
sys	0m0.013s
276
316
Generating /cluster/projects/nn8008k/lluisa/NextSIM/seas/Fmap_10days/2009_OND_ic0.5_dt0.0025_DT0.0100/69_Fmap_matrix.npy

real	0m26.458s
user	0m0.016s
sys	0m0.010s
280
320
Generating /cluster/projects/nn8008k/lluisa/NextSIM/seas/Fmap_10days/2009_OND_ic0.5_dt0.0025_DT0.0100/70_Fmap_matrix.npy

real	0m26.407s
user	0m0.016s
sys	0m0.012s
284
324
Generating /cluster/projects/nn8008k/lluisa/NextSIM/seas/Fmap_10days/2009_OND_ic0.5_dt0.0025_DT0.0100/71_Fmap_matrix.npy

real	0m27.006s
user	0m0.016s
sys	0m0.011s
288
328
Generating /cluster/projects/nn8008k/lluisa/NextSIM/seas/Fmap_10days/2009_OND_ic0.5_dt0.0025_DT0.0100/72_Fmap_matrix.npy

real	0m26.059s
user	0m0.016s
sys	0m0.013s
292
332
Generating /cluster/projects/nn8008k/lluisa/NextSIM/seas/Fmap_10days/2009_OND_ic0.5_dt0.0025_DT0.0100/73_Fmap_matrix.npy

real	0m26.487s
user	0m0.015s
sys	0m0.012s
296
336
Generating /cluster/projects/nn8008k/lluisa/NextSIM/seas/Fmap_10days/2009_OND_ic0.5_dt0.0025_DT0.0100/74_Fmap_matrix.npy

real	0m26.507s
user	0m0.016s
sys	0m0.009s
300
340
Generating /cluster/projects/nn8008k/lluisa/NextSIM/seas/Fmap_10days/2009_OND_ic0.5_dt0.0025_DT0.0100/75_Fmap_matrix.npy

real	0m26.476s
user	0m0.014s
sys	0m0.013s
304
344
Generating /cluster/projects/nn8008k/lluisa/NextSIM/seas/Fmap_10days/2009_OND_ic0.5_dt0.0025_DT0.0100/76_Fmap_matrix.npy

real	0m27.007s
user	0m0.014s
sys	0m0.014s
308
348
Generating /cluster/projects/nn8008k/lluisa/NextSIM/seas/Fmap_10days/2009_OND_ic0.5_dt0.0025_DT0.0100/77_Fmap_matrix.npy

real	0m26.571s
user	0m0.016s
sys	0m0.010s
312
352
Generating /cluster/projects/nn8008k/lluisa/NextSIM/seas/Fmap_10days/2009_OND_ic0.5_dt0.0025_DT0.0100/78_Fmap_matrix.npy

real	0m26.887s
user	0m0.012s
sys	0m0.016s
316
356
Generating /cluster/projects/nn8008k/lluisa/NextSIM/seas/Fmap_10days/2009_OND_ic0.5_dt0.0025_DT0.0100/79_Fmap_matrix.npy

real	0m26.814s
user	0m0.014s
sys	0m0.014s
320
360
Generating /cluster/projects/nn8008k/lluisa/NextSIM/seas/Fmap_10days/2009_OND_ic0.5_dt0.0025_DT0.0100/80_Fmap_matrix.npy

real	0m26.962s
user	0m0.015s
sys	0m0.013s
EBVERSIONNUMACTL=2.0.16
SLURM_JOB_NUM_NODES=1
EBROOTNUMACTL=/cluster/software/numactl/2.0.16-GCCcore-13.2.0
EBDEVELNUMACTL=/cluster/software/numactl/2.0.16-GCCcore-13.2.0/easybuild/numactl-2.0.16-GCCcore-13.2.0-easybuild-devel
OMP_NUM_THREADS=32

Job 6228819 consumed 18.3 billing hours from project nn8008k.

Submitted 2025-05-03T00:03:21; waited 20.0 seconds in the queue after becoming eligible to run.

Requested wallclock time: 3.0 days
Elapsed wallclock time:   34.2 minutes

Job exited normally.

Task and CPU statistics:
ID              CPUs  Tasks  CPU util                Start   Elapsed  Exit status
6228819           32            0.0 %  2025-05-03T00:03:41  2055.0 s  0
6228819.batch     32      1     0.0 %  2025-05-03T00:03:41  2055.0 s  0
6228819.python    32      1    16.9 %  2025-05-03T00:03:47    32.0 s  0
6228819.python    32      1    23.4 %  2025-05-03T00:04:19    23.0 s  0
6228819.python    32      1    22.3 %  2025-05-03T00:04:42    24.0 s  0
6228819.python    32      1    23.0 %  2025-05-03T00:05:06    23.0 s  0
6228819.python    32      1    22.6 %  2025-05-03T00:05:29    24.0 s  0
6228819.python    32      1    23.8 %  2025-05-03T00:05:53    23.0 s  0
6228819.python    32      1    22.4 %  2025-05-03T00:06:16    24.0 s  0
6228819.python    32      1    22.6 %  2025-05-03T00:06:40    24.0 s  0
6228819.python    32      1    23.4 %  2025-05-03T00:07:04    23.0 s  0
6228819.python    32      1    22.5 %  2025-05-03T00:07:27    24.0 s  0
6228819.python    32      1    23.9 %  2025-05-03T00:07:51    23.0 s  0
6228819.python    32      1    22.8 %  2025-05-03T00:08:14    24.0 s  0
6228819.python    32      1    24.2 %  2025-05-03T00:08:38    23.0 s  0
6228819.python    32      1    23.4 %  2025-05-03T00:09:01    24.0 s  0
6228819.python    32      1    23.7 %  2025-05-03T00:09:25    24.0 s  0
6228819.python    32      1    23.8 %  2025-05-03T00:09:49    24.0 s  0
6228819.python    32      1    24.9 %  2025-05-03T00:10:13    23.0 s  0
6228819.python    32      1    24.0 %  2025-05-03T00:10:36    24.0 s  0
6228819.python    32      1    24.4 %  2025-05-03T00:11:00    24.0 s  0
6228819.python    32      1    24.3 %  2025-05-03T00:11:24    24.0 s  0
6228819.python    32      1    23.8 %  2025-05-03T00:11:48    25.0 s  0
6228819.python    32      1    24.9 %  2025-05-03T00:12:13    24.0 s  0
6228819.python    32      1    24.7 %  2025-05-03T00:12:37    24.0 s  0
6228819.python    32      1    25.3 %  2025-05-03T00:13:01    24.0 s  0
6228819.python    32      1    25.1 %  2025-05-03T00:13:26    24.0 s  0
6228819.python    32      1    25.6 %  2025-05-03T00:13:50    24.0 s  0
6228819.python    32      1    24.9 %  2025-05-03T00:14:14    25.0 s  0
6228819.python    32      1    26.7 %  2025-05-03T00:14:39    24.0 s  0
6228819.python    32      1    25.7 %  2025-05-03T00:15:03    25.0 s  0
6228819.python    32      1    25.3 %  2025-05-03T00:15:28    25.0 s  0
6228819.python    32      1    25.6 %  2025-05-03T00:15:53    25.0 s  0
6228819.python    32      1    25.6 %  2025-05-03T00:16:18    25.0 s  0
6228819.python    32      1    26.3 %  2025-05-03T00:16:43    25.0 s  0
6228819.python    32      1    24.8 %  2025-05-03T00:17:08    26.0 s  0
6228819.python    32      1    25.8 %  2025-05-03T00:17:34    25.0 s  0
6228819.python    32      1    25.9 %  2025-05-03T00:17:59    25.0 s  0
6228819.python    32      1    25.1 %  2025-05-03T00:18:24    26.0 s  0
6228819.python    32      1    26.0 %  2025-05-03T00:18:50    25.0 s  0
6228819.python    32      1    26.2 %  2025-05-03T00:19:15    25.0 s  0
6228819.python    32      1    25.2 %  2025-05-03T00:19:40    26.0 s  0
6228819.python    32      1    26.3 %  2025-05-03T00:20:06    25.0 s  0
6228819.python    32      1    26.4 %  2025-05-03T00:20:31    25.0 s  0
6228819.python    32      1    25.6 %  2025-05-03T00:20:56    26.0 s  0
6228819.python    32      1    26.8 %  2025-05-03T00:21:22    25.0 s  0
6228819.python    32      1    26.7 %  2025-05-03T00:21:47    25.0 s  0
6228819.python    32      1    25.8 %  2025-05-03T00:22:12    26.0 s  0
6228819.python    32      1    25.9 %  2025-05-03T00:22:38    26.0 s  0
6228819.python    32      1    25.9 %  2025-05-03T00:23:04    26.0 s  0
6228819.python    32      1    27.3 %  2025-05-03T00:23:30    25.0 s  0
6228819.python    32      1    26.3 %  2025-05-03T00:23:55    26.0 s  0
6228819.python    32      1    26.3 %  2025-05-03T00:24:21    26.0 s  0
6228819.python    32      1    27.5 %  2025-05-03T00:24:47    25.0 s  0
6228819.python    32      1    27.2 %  2025-05-03T00:25:12    25.0 s  0
6228819.python    32      1    26.2 %  2025-05-03T00:25:37    26.0 s  0
6228819.python    32      1    25.9 %  2025-05-03T00:26:03    27.0 s  0
6228819.python    32      1    26.9 %  2025-05-03T00:26:30    26.0 s  0
6228819.python    32      1    27.0 %  2025-05-03T00:26:56    26.0 s  0
6228819.python    32      1    26.8 %  2025-05-03T00:27:22    26.0 s  0
6228819.python    32      1    27.1 %  2025-05-03T00:27:48    26.0 s  0
6228819.python    32      1    27.0 %  2025-05-03T00:28:14    26.0 s  0
6228819.python    32      1    26.8 %  2025-05-03T00:28:40    26.0 s  0
6228819.python    32      1    26.7 %  2025-05-03T00:29:06    26.0 s  0
6228819.python    32      1    27.0 %  2025-05-03T00:29:32    26.0 s  0
6228819.python    32      1    27.0 %  2025-05-03T00:29:58    26.0 s  0
6228819.python    32      1    27.1 %  2025-05-03T00:30:24    26.0 s  0
6228819.python    32      1    26.0 %  2025-05-03T00:30:50    27.0 s  0
6228819.python    32      1    27.4 %  2025-05-03T00:31:17    26.0 s  0
6228819.python    32      1    27.5 %  2025-05-03T00:31:43    26.0 s  0
6228819.python    32      1    26.2 %  2025-05-03T00:32:09    27.0 s  0
6228819.python    32      1    27.6 %  2025-05-03T00:32:36    26.0 s  0
6228819.python    32      1    26.6 %  2025-05-03T00:33:02    27.0 s  0
6228819.python    32      1    26.5 %  2025-05-03T00:33:29    27.0 s  0
6228819.python    32      1    27.4 %  2025-05-03T00:33:56    26.0 s  0
6228819.python    32      1    27.9 %  2025-05-03T00:34:22    26.0 s  0
6228819.python    32      1    26.7 %  2025-05-03T00:34:48    27.0 s  0
6228819.python    32      1    28.1 %  2025-05-03T00:35:15    26.0 s  0
6228819.python    32      1    27.6 %  2025-05-03T00:35:41    27.0 s  0
6228819.python    32      1    27.2 %  2025-05-03T00:36:08    27.0 s  0
6228819.python    32      1    27.4 %  2025-05-03T00:36:35    27.0 s  0
6228819.python    32      1    27.4 %  2025-05-03T00:37:02    27.0 s  0
6228819.python    32      1    28.7 %  2025-05-03T00:37:29    26.0 s  0

Used CPU time:   4.7 CPU hours
Unused CPU time: 13.6 CPU hours

Memory statistics, in GiB:
ID               Alloc   Usage
6228819           59.0        
6228819.batch     59.0     0.0
6228819.python    59.0     6.8
6228819.python    59.0     0.1
6228819.python    59.0     0.1
6228819.python    59.0     0.1
6228819.python    59.0     0.1
6228819.python    59.0     0.1
6228819.python    59.0     0.1
6228819.python    59.0     0.1
6228819.python    59.0     0.1
6228819.python    59.0     0.1
6228819.python    59.0     0.1
6228819.python    59.0     0.1
6228819.python    59.0     0.1
6228819.python    59.0     0.1
6228819.python    59.0     0.1
6228819.python    59.0     0.1
6228819.python    59.0     0.1
6228819.python    59.0     0.1
6228819.python    59.0     0.1
6228819.python    59.0     0.1
6228819.python    59.0     0.1
6228819.python    59.0     0.1
6228819.python    59.0     0.1
6228819.python    59.0     0.1
6228819.python    59.0     0.1
6228819.python    59.0     0.1
6228819.python    59.0     0.1
6228819.python    59.0     0.1
6228819.python    59.0     0.1
6228819.python    59.0     0.1
6228819.python    59.0     0.1
6228819.python    59.0     0.1
6228819.python    59.0     0.1
6228819.python    59.0     0.1
6228819.python    59.0     0.1
6228819.python    59.0     0.1
6228819.python    59.0     0.1
6228819.python    59.0     0.1
6228819.python    59.0     0.1
6228819.python    59.0     0.1
6228819.python    59.0     0.1
6228819.python    59.0     0.1
6228819.python    59.0     0.1
6228819.python    59.0     0.1
6228819.python    59.0     0.1
6228819.python    59.0     0.1
6228819.python    59.0     0.1
6228819.python    59.0     0.1
6228819.python    59.0     0.1
6228819.python    59.0     0.1
6228819.python    59.0     0.1
6228819.python    59.0     0.1
6228819.python    59.0     0.1
6228819.python    59.0     0.1
6228819.python    59.0     0.1
6228819.python    59.0     0.1
6228819.python    59.0     0.1
6228819.python    59.0     0.1
6228819.python    59.0     0.1
6228819.python    59.0     0.1
6228819.python    59.0     0.1
6228819.python    59.0     0.1
6228819.python    59.0     0.1
6228819.python    59.0     0.1
6228819.python    59.0     0.1
6228819.python    59.0     0.1
6228819.python    59.0     0.1
6228819.python    59.0     0.1
6228819.python    59.0     0.1
6228819.python    59.0     0.1
6228819.python    59.0     0.1
6228819.python    59.0     0.1
6228819.python    59.0     0.1
6228819.python    59.0     0.1
6228819.python    59.0     0.1
6228819.python    59.0     0.1
6228819.python    59.0     0.1
6228819.python    59.0     0.1
6228819.python    59.0     0.1
6228819.python    59.0     0.1
6228819.python    59.0     0.1

Job 6228819 completed at Sat May 3 00:37:56 CEST 2025
