Starting job 6228785 on c4-11 on fram at Sat May 3 00:03:44 CEST 2025


Currently Loaded Modules:
  1) StdEnv (S)

  Where:
   S:  Module is Sticky, requires --force to unload or purge

 


The following have been reloaded with a version change:
  1) GCCcore/13.3.0 => GCCcore/13.2.0
  2) OpenSSL/3 => OpenSSL/1.1
  3) Python/3.12.3-GCCcore-13.3.0 => Python/3.11.5-GCCcore-13.2.0
  4) SQLite/3.45.3-GCCcore-13.3.0 => SQLite/3.43.1-GCCcore-13.2.0
  5) Tcl/8.6.14-GCCcore-13.3.0 => Tcl/8.6.13-GCCcore-13.2.0
  6) XZ/5.4.5-GCCcore-13.3.0 => XZ/5.4.4-GCCcore-13.2.0
  7) binutils/2.42-GCCcore-13.3.0 => binutils/2.40-GCCcore-13.2.0
  8) bzip2/1.0.8-GCCcore-13.3.0 => bzip2/1.0.8-GCCcore-13.2.0
  9) libffi/3.4.5-GCCcore-13.3.0 => libffi/3.4.4-GCCcore-13.2.0
 10) libreadline/8.2-GCCcore-13.3.0 => libreadline/8.2-GCCcore-13.2.0
 11) ncurses/6.5-GCCcore-13.3.0 => ncurses/6.4-GCCcore-13.2.0
 12) zlib/1.3.1-GCCcore-13.3.0 => zlib/1.2.13-GCCcore-13.2.0

0
40
Generating /cluster/projects/nn8008k/lluisa/NextSIM/seas/Fmap_10days/2000_JAS_ic0.5_dt0.0025_DT0.0100/0_Fmap_matrix.npy

real	0m34.732s
user	0m0.020s
sys	0m0.017s
4
44
Generating /cluster/projects/nn8008k/lluisa/NextSIM/seas/Fmap_10days/2000_JAS_ic0.5_dt0.0025_DT0.0100/1_Fmap_matrix.npy

real	0m26.527s
user	0m0.016s
sys	0m0.012s
8
48
Generating /cluster/projects/nn8008k/lluisa/NextSIM/seas/Fmap_10days/2000_JAS_ic0.5_dt0.0025_DT0.0100/2_Fmap_matrix.npy

real	0m26.887s
user	0m0.014s
sys	0m0.014s
12
52
Generating /cluster/projects/nn8008k/lluisa/NextSIM/seas/Fmap_10days/2000_JAS_ic0.5_dt0.0025_DT0.0100/3_Fmap_matrix.npy

real	0m26.425s
user	0m0.012s
sys	0m0.016s
16
56
Generating /cluster/projects/nn8008k/lluisa/NextSIM/seas/Fmap_10days/2000_JAS_ic0.5_dt0.0025_DT0.0100/4_Fmap_matrix.npy

real	0m26.395s
user	0m0.010s
sys	0m0.018s
20
60
Generating /cluster/projects/nn8008k/lluisa/NextSIM/seas/Fmap_10days/2000_JAS_ic0.5_dt0.0025_DT0.0100/5_Fmap_matrix.npy

real	0m27.372s
user	0m0.011s
sys	0m0.017s
24
64
Generating /cluster/projects/nn8008k/lluisa/NextSIM/seas/Fmap_10days/2000_JAS_ic0.5_dt0.0025_DT0.0100/6_Fmap_matrix.npy

real	0m26.641s
user	0m0.014s
sys	0m0.014s
28
68
Generating /cluster/projects/nn8008k/lluisa/NextSIM/seas/Fmap_10days/2000_JAS_ic0.5_dt0.0025_DT0.0100/7_Fmap_matrix.npy

real	0m26.562s
user	0m0.013s
sys	0m0.013s
32
72
Generating /cluster/projects/nn8008k/lluisa/NextSIM/seas/Fmap_10days/2000_JAS_ic0.5_dt0.0025_DT0.0100/8_Fmap_matrix.npy

real	0m26.597s
user	0m0.013s
sys	0m0.015s
36
76
Generating /cluster/projects/nn8008k/lluisa/NextSIM/seas/Fmap_10days/2000_JAS_ic0.5_dt0.0025_DT0.0100/9_Fmap_matrix.npy

real	0m25.971s
user	0m0.013s
sys	0m0.016s
40
80
Generating /cluster/projects/nn8008k/lluisa/NextSIM/seas/Fmap_10days/2000_JAS_ic0.5_dt0.0025_DT0.0100/10_Fmap_matrix.npy

real	0m26.398s
user	0m0.017s
sys	0m0.010s
44
84
Generating /cluster/projects/nn8008k/lluisa/NextSIM/seas/Fmap_10days/2000_JAS_ic0.5_dt0.0025_DT0.0100/11_Fmap_matrix.npy

real	0m26.199s
user	0m0.011s
sys	0m0.017s
48
88
Generating /cluster/projects/nn8008k/lluisa/NextSIM/seas/Fmap_10days/2000_JAS_ic0.5_dt0.0025_DT0.0100/12_Fmap_matrix.npy

real	0m26.142s
user	0m0.015s
sys	0m0.014s
52
92
Generating /cluster/projects/nn8008k/lluisa/NextSIM/seas/Fmap_10days/2000_JAS_ic0.5_dt0.0025_DT0.0100/13_Fmap_matrix.npy

real	0m26.326s
user	0m0.015s
sys	0m0.012s
56
96
Generating /cluster/projects/nn8008k/lluisa/NextSIM/seas/Fmap_10days/2000_JAS_ic0.5_dt0.0025_DT0.0100/14_Fmap_matrix.npy

real	0m26.109s
user	0m0.016s
sys	0m0.011s
60
100
Generating /cluster/projects/nn8008k/lluisa/NextSIM/seas/Fmap_10days/2000_JAS_ic0.5_dt0.0025_DT0.0100/15_Fmap_matrix.npy

real	0m26.134s
user	0m0.014s
sys	0m0.014s
64
104
Generating /cluster/projects/nn8008k/lluisa/NextSIM/seas/Fmap_10days/2000_JAS_ic0.5_dt0.0025_DT0.0100/16_Fmap_matrix.npy

real	0m26.119s
user	0m0.018s
sys	0m0.009s
68
108
Generating /cluster/projects/nn8008k/lluisa/NextSIM/seas/Fmap_10days/2000_JAS_ic0.5_dt0.0025_DT0.0100/17_Fmap_matrix.npy

real	0m26.043s
user	0m0.013s
sys	0m0.014s
72
112
Generating /cluster/projects/nn8008k/lluisa/NextSIM/seas/Fmap_10days/2000_JAS_ic0.5_dt0.0025_DT0.0100/18_Fmap_matrix.npy

real	0m25.753s
user	0m0.012s
sys	0m0.015s
76
116
Generating /cluster/projects/nn8008k/lluisa/NextSIM/seas/Fmap_10days/2000_JAS_ic0.5_dt0.0025_DT0.0100/19_Fmap_matrix.npy

real	0m25.868s
user	0m0.014s
sys	0m0.013s
80
120
Generating /cluster/projects/nn8008k/lluisa/NextSIM/seas/Fmap_10days/2000_JAS_ic0.5_dt0.0025_DT0.0100/20_Fmap_matrix.npy

real	0m25.640s
user	0m0.015s
sys	0m0.012s
84
124
Generating /cluster/projects/nn8008k/lluisa/NextSIM/seas/Fmap_10days/2000_JAS_ic0.5_dt0.0025_DT0.0100/21_Fmap_matrix.npy

real	0m25.772s
user	0m0.011s
sys	0m0.017s
88
128
Generating /cluster/projects/nn8008k/lluisa/NextSIM/seas/Fmap_10days/2000_JAS_ic0.5_dt0.0025_DT0.0100/22_Fmap_matrix.npy

real	0m26.010s
user	0m0.017s
sys	0m0.011s
92
132
Generating /cluster/projects/nn8008k/lluisa/NextSIM/seas/Fmap_10days/2000_JAS_ic0.5_dt0.0025_DT0.0100/23_Fmap_matrix.npy

real	0m25.701s
user	0m0.015s
sys	0m0.013s
96
136
Generating /cluster/projects/nn8008k/lluisa/NextSIM/seas/Fmap_10days/2000_JAS_ic0.5_dt0.0025_DT0.0100/24_Fmap_matrix.npy

real	0m26.053s
user	0m0.013s
sys	0m0.014s
100
140
Generating /cluster/projects/nn8008k/lluisa/NextSIM/seas/Fmap_10days/2000_JAS_ic0.5_dt0.0025_DT0.0100/25_Fmap_matrix.npy

real	0m25.736s
user	0m0.011s
sys	0m0.016s
104
144
Generating /cluster/projects/nn8008k/lluisa/NextSIM/seas/Fmap_10days/2000_JAS_ic0.5_dt0.0025_DT0.0100/26_Fmap_matrix.npy

real	0m26.093s
user	0m0.012s
sys	0m0.015s
108
148
Generating /cluster/projects/nn8008k/lluisa/NextSIM/seas/Fmap_10days/2000_JAS_ic0.5_dt0.0025_DT0.0100/27_Fmap_matrix.npy

real	0m25.784s
user	0m0.015s
sys	0m0.012s
112
152
Generating /cluster/projects/nn8008k/lluisa/NextSIM/seas/Fmap_10days/2000_JAS_ic0.5_dt0.0025_DT0.0100/28_Fmap_matrix.npy

real	0m25.869s
user	0m0.014s
sys	0m0.013s
116
156
Generating /cluster/projects/nn8008k/lluisa/NextSIM/seas/Fmap_10days/2000_JAS_ic0.5_dt0.0025_DT0.0100/29_Fmap_matrix.npy

real	0m25.497s
user	0m0.015s
sys	0m0.012s
120
160
Generating /cluster/projects/nn8008k/lluisa/NextSIM/seas/Fmap_10days/2000_JAS_ic0.5_dt0.0025_DT0.0100/30_Fmap_matrix.npy

real	0m25.595s
user	0m0.012s
sys	0m0.015s
124
164
Generating /cluster/projects/nn8008k/lluisa/NextSIM/seas/Fmap_10days/2000_JAS_ic0.5_dt0.0025_DT0.0100/31_Fmap_matrix.npy

real	0m25.233s
user	0m0.016s
sys	0m0.012s
128
168
Generating /cluster/projects/nn8008k/lluisa/NextSIM/seas/Fmap_10days/2000_JAS_ic0.5_dt0.0025_DT0.0100/32_Fmap_matrix.npy

real	0m25.488s
user	0m0.012s
sys	0m0.016s
132
172
Generating /cluster/projects/nn8008k/lluisa/NextSIM/seas/Fmap_10days/2000_JAS_ic0.5_dt0.0025_DT0.0100/33_Fmap_matrix.npy

real	0m25.443s
user	0m0.010s
sys	0m0.017s
136
176
Generating /cluster/projects/nn8008k/lluisa/NextSIM/seas/Fmap_10days/2000_JAS_ic0.5_dt0.0025_DT0.0100/34_Fmap_matrix.npy

real	0m25.449s
user	0m0.015s
sys	0m0.012s
140
180
Generating /cluster/projects/nn8008k/lluisa/NextSIM/seas/Fmap_10days/2000_JAS_ic0.5_dt0.0025_DT0.0100/35_Fmap_matrix.npy

real	0m25.242s
user	0m0.012s
sys	0m0.016s
144
184
Generating /cluster/projects/nn8008k/lluisa/NextSIM/seas/Fmap_10days/2000_JAS_ic0.5_dt0.0025_DT0.0100/36_Fmap_matrix.npy

real	0m25.054s
user	0m0.014s
sys	0m0.013s
148
188
Generating /cluster/projects/nn8008k/lluisa/NextSIM/seas/Fmap_10days/2000_JAS_ic0.5_dt0.0025_DT0.0100/37_Fmap_matrix.npy

real	0m25.402s
user	0m0.012s
sys	0m0.015s
152
192
Generating /cluster/projects/nn8008k/lluisa/NextSIM/seas/Fmap_10days/2000_JAS_ic0.5_dt0.0025_DT0.0100/38_Fmap_matrix.npy

real	0m25.106s
user	0m0.014s
sys	0m0.013s
156
196
Generating /cluster/projects/nn8008k/lluisa/NextSIM/seas/Fmap_10days/2000_JAS_ic0.5_dt0.0025_DT0.0100/39_Fmap_matrix.npy

real	0m25.027s
user	0m0.012s
sys	0m0.015s
160
200
Generating /cluster/projects/nn8008k/lluisa/NextSIM/seas/Fmap_10days/2000_JAS_ic0.5_dt0.0025_DT0.0100/40_Fmap_matrix.npy

real	0m24.471s
user	0m0.011s
sys	0m0.015s
164
204
Generating /cluster/projects/nn8008k/lluisa/NextSIM/seas/Fmap_10days/2000_JAS_ic0.5_dt0.0025_DT0.0100/41_Fmap_matrix.npy

real	0m24.952s
user	0m0.016s
sys	0m0.011s
168
208
Generating /cluster/projects/nn8008k/lluisa/NextSIM/seas/Fmap_10days/2000_JAS_ic0.5_dt0.0025_DT0.0100/42_Fmap_matrix.npy

real	0m24.861s
user	0m0.012s
sys	0m0.015s
172
212
Generating /cluster/projects/nn8008k/lluisa/NextSIM/seas/Fmap_10days/2000_JAS_ic0.5_dt0.0025_DT0.0100/43_Fmap_matrix.npy

real	0m24.943s
user	0m0.012s
sys	0m0.015s
176
216
Generating /cluster/projects/nn8008k/lluisa/NextSIM/seas/Fmap_10days/2000_JAS_ic0.5_dt0.0025_DT0.0100/44_Fmap_matrix.npy

real	0m24.938s
user	0m0.012s
sys	0m0.017s
180
220
Generating /cluster/projects/nn8008k/lluisa/NextSIM/seas/Fmap_10days/2000_JAS_ic0.5_dt0.0025_DT0.0100/45_Fmap_matrix.npy

real	0m24.559s
user	0m0.014s
sys	0m0.013s
184
224
Generating /cluster/projects/nn8008k/lluisa/NextSIM/seas/Fmap_10days/2000_JAS_ic0.5_dt0.0025_DT0.0100/46_Fmap_matrix.npy

real	0m25.057s
user	0m0.016s
sys	0m0.011s
188
228
Generating /cluster/projects/nn8008k/lluisa/NextSIM/seas/Fmap_10days/2000_JAS_ic0.5_dt0.0025_DT0.0100/47_Fmap_matrix.npy

real	0m24.367s
user	0m0.012s
sys	0m0.014s
192
232
Generating /cluster/projects/nn8008k/lluisa/NextSIM/seas/Fmap_10days/2000_JAS_ic0.5_dt0.0025_DT0.0100/48_Fmap_matrix.npy

real	0m24.559s
user	0m0.012s
sys	0m0.015s
196
236
Generating /cluster/projects/nn8008k/lluisa/NextSIM/seas/Fmap_10days/2000_JAS_ic0.5_dt0.0025_DT0.0100/49_Fmap_matrix.npy

real	0m24.484s
user	0m0.013s
sys	0m0.014s
200
240
Generating /cluster/projects/nn8008k/lluisa/NextSIM/seas/Fmap_10days/2000_JAS_ic0.5_dt0.0025_DT0.0100/50_Fmap_matrix.npy

real	0m24.717s
user	0m0.015s
sys	0m0.012s
204
244
Generating /cluster/projects/nn8008k/lluisa/NextSIM/seas/Fmap_10days/2000_JAS_ic0.5_dt0.0025_DT0.0100/51_Fmap_matrix.npy

real	0m24.770s
user	0m0.014s
sys	0m0.013s
208
248
Generating /cluster/projects/nn8008k/lluisa/NextSIM/seas/Fmap_10days/2000_JAS_ic0.5_dt0.0025_DT0.0100/52_Fmap_matrix.npy

real	0m24.102s
user	0m0.014s
sys	0m0.011s
212
252
Generating /cluster/projects/nn8008k/lluisa/NextSIM/seas/Fmap_10days/2000_JAS_ic0.5_dt0.0025_DT0.0100/53_Fmap_matrix.npy

real	0m24.372s
user	0m0.014s
sys	0m0.013s
216
256
Generating /cluster/projects/nn8008k/lluisa/NextSIM/seas/Fmap_10days/2000_JAS_ic0.5_dt0.0025_DT0.0100/54_Fmap_matrix.npy

real	0m23.974s
user	0m0.014s
sys	0m0.015s
220
260
Generating /cluster/projects/nn8008k/lluisa/NextSIM/seas/Fmap_10days/2000_JAS_ic0.5_dt0.0025_DT0.0100/55_Fmap_matrix.npy

real	0m24.487s
user	0m0.014s
sys	0m0.014s
224
264
Generating /cluster/projects/nn8008k/lluisa/NextSIM/seas/Fmap_10days/2000_JAS_ic0.5_dt0.0025_DT0.0100/56_Fmap_matrix.npy

real	0m24.739s
user	0m0.013s
sys	0m0.014s
228
268
Generating /cluster/projects/nn8008k/lluisa/NextSIM/seas/Fmap_10days/2000_JAS_ic0.5_dt0.0025_DT0.0100/57_Fmap_matrix.npy

real	0m24.265s
user	0m0.018s
sys	0m0.009s
232
272
Generating /cluster/projects/nn8008k/lluisa/NextSIM/seas/Fmap_10days/2000_JAS_ic0.5_dt0.0025_DT0.0100/58_Fmap_matrix.npy

real	0m24.503s
user	0m0.011s
sys	0m0.016s
236
276
Generating /cluster/projects/nn8008k/lluisa/NextSIM/seas/Fmap_10days/2000_JAS_ic0.5_dt0.0025_DT0.0100/59_Fmap_matrix.npy

real	0m24.613s
user	0m0.016s
sys	0m0.010s
240
280
Generating /cluster/projects/nn8008k/lluisa/NextSIM/seas/Fmap_10days/2000_JAS_ic0.5_dt0.0025_DT0.0100/60_Fmap_matrix.npy

real	0m24.714s
user	0m0.015s
sys	0m0.012s
244
284
Generating /cluster/projects/nn8008k/lluisa/NextSIM/seas/Fmap_10days/2000_JAS_ic0.5_dt0.0025_DT0.0100/61_Fmap_matrix.npy

real	0m24.324s
user	0m0.008s
sys	0m0.019s
248
288
Generating /cluster/projects/nn8008k/lluisa/NextSIM/seas/Fmap_10days/2000_JAS_ic0.5_dt0.0025_DT0.0100/62_Fmap_matrix.npy

real	0m24.233s
user	0m0.012s
sys	0m0.015s
252
292
Generating /cluster/projects/nn8008k/lluisa/NextSIM/seas/Fmap_10days/2000_JAS_ic0.5_dt0.0025_DT0.0100/63_Fmap_matrix.npy

real	0m24.245s
user	0m0.014s
sys	0m0.014s
256
296
Generating /cluster/projects/nn8008k/lluisa/NextSIM/seas/Fmap_10days/2000_JAS_ic0.5_dt0.0025_DT0.0100/64_Fmap_matrix.npy

real	0m24.405s
user	0m0.015s
sys	0m0.012s
260
300
Generating /cluster/projects/nn8008k/lluisa/NextSIM/seas/Fmap_10days/2000_JAS_ic0.5_dt0.0025_DT0.0100/65_Fmap_matrix.npy

real	0m23.742s
user	0m0.019s
sys	0m0.007s
264
304
Generating /cluster/projects/nn8008k/lluisa/NextSIM/seas/Fmap_10days/2000_JAS_ic0.5_dt0.0025_DT0.0100/66_Fmap_matrix.npy

real	0m24.545s
user	0m0.012s
sys	0m0.016s
268
308
Generating /cluster/projects/nn8008k/lluisa/NextSIM/seas/Fmap_10days/2000_JAS_ic0.5_dt0.0025_DT0.0100/67_Fmap_matrix.npy

real	0m24.568s
user	0m0.013s
sys	0m0.015s
272
312
Generating /cluster/projects/nn8008k/lluisa/NextSIM/seas/Fmap_10days/2000_JAS_ic0.5_dt0.0025_DT0.0100/68_Fmap_matrix.npy

real	0m24.302s
user	0m0.012s
sys	0m0.015s
276
316
Generating /cluster/projects/nn8008k/lluisa/NextSIM/seas/Fmap_10days/2000_JAS_ic0.5_dt0.0025_DT0.0100/69_Fmap_matrix.npy

real	0m24.018s
user	0m0.015s
sys	0m0.012s
280
320
Generating /cluster/projects/nn8008k/lluisa/NextSIM/seas/Fmap_10days/2000_JAS_ic0.5_dt0.0025_DT0.0100/70_Fmap_matrix.npy

real	0m24.258s
user	0m0.014s
sys	0m0.013s
284
324
Generating /cluster/projects/nn8008k/lluisa/NextSIM/seas/Fmap_10days/2000_JAS_ic0.5_dt0.0025_DT0.0100/71_Fmap_matrix.npy

real	0m24.298s
user	0m0.012s
sys	0m0.016s
288
328
Generating /cluster/projects/nn8008k/lluisa/NextSIM/seas/Fmap_10days/2000_JAS_ic0.5_dt0.0025_DT0.0100/72_Fmap_matrix.npy

real	0m24.202s
user	0m0.015s
sys	0m0.012s
292
332
Generating /cluster/projects/nn8008k/lluisa/NextSIM/seas/Fmap_10days/2000_JAS_ic0.5_dt0.0025_DT0.0100/73_Fmap_matrix.npy

real	0m24.437s
user	0m0.010s
sys	0m0.017s
296
336
Generating /cluster/projects/nn8008k/lluisa/NextSIM/seas/Fmap_10days/2000_JAS_ic0.5_dt0.0025_DT0.0100/74_Fmap_matrix.npy

real	0m24.030s
user	0m0.013s
sys	0m0.015s
300
340
Generating /cluster/projects/nn8008k/lluisa/NextSIM/seas/Fmap_10days/2000_JAS_ic0.5_dt0.0025_DT0.0100/75_Fmap_matrix.npy

real	0m24.462s
user	0m0.014s
sys	0m0.013s
304
344
Generating /cluster/projects/nn8008k/lluisa/NextSIM/seas/Fmap_10days/2000_JAS_ic0.5_dt0.0025_DT0.0100/76_Fmap_matrix.npy

real	0m24.097s
user	0m0.014s
sys	0m0.014s
308
348
Generating /cluster/projects/nn8008k/lluisa/NextSIM/seas/Fmap_10days/2000_JAS_ic0.5_dt0.0025_DT0.0100/77_Fmap_matrix.npy

real	0m24.404s
user	0m0.010s
sys	0m0.017s
312
352
Generating /cluster/projects/nn8008k/lluisa/NextSIM/seas/Fmap_10days/2000_JAS_ic0.5_dt0.0025_DT0.0100/78_Fmap_matrix.npy

real	0m24.347s
user	0m0.017s
sys	0m0.011s
316
356
Generating /cluster/projects/nn8008k/lluisa/NextSIM/seas/Fmap_10days/2000_JAS_ic0.5_dt0.0025_DT0.0100/79_Fmap_matrix.npy

real	0m24.090s
user	0m0.014s
sys	0m0.013s
320
360
Generating /cluster/projects/nn8008k/lluisa/NextSIM/seas/Fmap_10days/2000_JAS_ic0.5_dt0.0025_DT0.0100/80_Fmap_matrix.npy

real	0m24.699s
user	0m0.009s
sys	0m0.018s
EBVERSIONNUMACTL=2.0.16
SLURM_JOB_NUM_NODES=1
EBROOTNUMACTL=/cluster/software/numactl/2.0.16-GCCcore-13.2.0
EBDEVELNUMACTL=/cluster/software/numactl/2.0.16-GCCcore-13.2.0/easybuild/numactl-2.0.16-GCCcore-13.2.0-easybuild-devel
OMP_NUM_THREADS=32

Job 6228785 consumed 18.3 billing hours from project nn8008k.

Submitted 2025-05-03T00:03:20; waited 21.0 seconds in the queue after becoming eligible to run.

Requested wallclock time: 3.0 days
Elapsed wallclock time:   34.2 minutes

Job exited normally.

Task and CPU statistics:
ID              CPUs  Tasks  CPU util                Start   Elapsed  Exit status
6228785           32            0.0 %  2025-05-03T00:03:41  2054.0 s  0
6228785.batch     32      1     0.0 %  2025-05-03T00:03:41  2054.0 s  0
6228785.python    32      1    21.0 %  2025-05-03T00:03:46    35.0 s  0
6228785.python    32      1    27.9 %  2025-05-03T00:04:21    26.0 s  0
6228785.python    32      1    26.8 %  2025-05-03T00:04:47    27.0 s  0
6228785.python    32      1    26.7 %  2025-05-03T00:05:14    27.0 s  0
6228785.python    32      1    27.7 %  2025-05-03T00:05:41    26.0 s  0
6228785.python    32      1    26.1 %  2025-05-03T00:06:07    28.0 s  0
6228785.python    32      1    27.5 %  2025-05-03T00:06:35    26.0 s  0
6228785.python    32      1    26.6 %  2025-05-03T00:07:01    27.0 s  0
6228785.python    32      1    27.5 %  2025-05-03T00:07:28    26.0 s  0
6228785.python    32      1    27.2 %  2025-05-03T00:07:54    26.0 s  0
6228785.python    32      1    26.6 %  2025-05-03T00:08:20    27.0 s  0
6228785.python    32      1    27.0 %  2025-05-03T00:08:47    26.0 s  0
6228785.python    32      1    26.9 %  2025-05-03T00:09:13    26.0 s  0
6228785.python    32      1    26.8 %  2025-05-03T00:09:39    26.0 s  0
6228785.python    32      1    26.7 %  2025-05-03T00:10:05    26.0 s  0
6228785.python    32      1    25.9 %  2025-05-03T00:10:31    27.0 s  0
6228785.python    32      1    26.8 %  2025-05-03T00:10:58    26.0 s  0
6228785.python    32      1    26.8 %  2025-05-03T00:11:24    26.0 s  0
6228785.python    32      1    26.3 %  2025-05-03T00:11:50    26.0 s  0
6228785.python    32      1    27.2 %  2025-05-03T00:12:16    25.0 s  0
6228785.python    32      1    26.2 %  2025-05-03T00:12:41    26.0 s  0
6228785.python    32      1    26.0 %  2025-05-03T00:13:07    26.0 s  0
6228785.python    32      1    26.1 %  2025-05-03T00:13:33    26.0 s  0
6228785.python    32      1    26.9 %  2025-05-03T00:13:59    25.0 s  0
6228785.python    32      1    25.9 %  2025-05-03T00:14:25    26.0 s  0
6228785.python    32      1    26.8 %  2025-05-03T00:14:51    25.0 s  0
6228785.python    32      1    25.9 %  2025-05-03T00:15:16    26.0 s  0
6228785.python    32      1    25.5 %  2025-05-03T00:15:42    26.0 s  0
6228785.python    32      1    25.4 %  2025-05-03T00:16:08    26.0 s  0
6228785.python    32      1    25.4 %  2025-05-03T00:16:34    26.0 s  0
6228785.python    32      1    25.8 %  2025-05-03T00:17:00    25.0 s  0
6228785.python    32      1    25.8 %  2025-05-03T00:17:25    25.0 s  0
6228785.python    32      1    24.9 %  2025-05-03T00:17:50    26.0 s  0
6228785.python    32      1    25.6 %  2025-05-03T00:18:16    25.0 s  0
6228785.python    32      1    24.5 %  2025-05-03T00:18:41    26.0 s  0
6228785.python    32      1    25.2 %  2025-05-03T00:19:07    25.0 s  0
6228785.python    32      1    25.3 %  2025-05-03T00:19:32    25.0 s  0
6228785.python    32      1    25.4 %  2025-05-03T00:19:57    25.0 s  0
6228785.python    32      1    24.1 %  2025-05-03T00:20:22    26.0 s  0
6228785.python    32      1    25.1 %  2025-05-03T00:20:48    25.0 s  0
6228785.python    32      1    26.0 %  2025-05-03T00:21:13    24.0 s  0
6228785.python    32      1    24.7 %  2025-05-03T00:21:37    25.0 s  0
6228785.python    32      1    24.6 %  2025-05-03T00:22:02    25.0 s  0
6228785.python    32      1    24.6 %  2025-05-03T00:22:27    25.0 s  0
6228785.python    32      1    24.5 %  2025-05-03T00:22:52    25.0 s  0
6228785.python    32      1    25.4 %  2025-05-03T00:23:17    24.0 s  0
6228785.python    32      1    24.2 %  2025-05-03T00:23:41    25.0 s  0
6228785.python    32      1    24.3 %  2025-05-03T00:24:06    25.0 s  0
6228785.python    32      1    24.9 %  2025-05-03T00:24:31    24.0 s  0
6228785.python    32      1    24.2 %  2025-05-03T00:24:55    25.0 s  0
6228785.python    32      1    25.0 %  2025-05-03T00:25:20    24.0 s  0
6228785.python    32      1    25.0 %  2025-05-03T00:25:45    24.0 s  0
6228785.python    32      1    24.6 %  2025-05-03T00:26:09    24.0 s  0
6228785.python    32      1    23.8 %  2025-05-03T00:26:33    25.0 s  0
6228785.python    32      1    24.6 %  2025-05-03T00:26:58    24.0 s  0
6228785.python    32      1    24.5 %  2025-05-03T00:27:22    24.0 s  0
6228785.python    32      1    23.5 %  2025-05-03T00:27:46    25.0 s  0
6228785.python    32      1    24.5 %  2025-05-03T00:28:11    24.0 s  0
6228785.python    32      1    23.2 %  2025-05-03T00:28:35    25.0 s  0
6228785.python    32      1    24.2 %  2025-05-03T00:29:00    24.0 s  0
6228785.python    32      1    23.2 %  2025-05-03T00:29:24    25.0 s  0
6228785.python    32      1    24.1 %  2025-05-03T00:29:49    24.0 s  0
6228785.python    32      1    23.0 %  2025-05-03T00:30:13    25.0 s  0
6228785.python    32      1    24.1 %  2025-05-03T00:30:38    24.0 s  0
6228785.python    32      1    24.0 %  2025-05-03T00:31:02    24.0 s  0
6228785.python    32      1    24.2 %  2025-05-03T00:31:26    24.0 s  0
6228785.python    32      1    23.1 %  2025-05-03T00:31:50    25.0 s  0
6228785.python    32      1    24.1 %  2025-05-03T00:32:15    24.0 s  0
6228785.python    32      1    24.2 %  2025-05-03T00:32:39    24.0 s  0
6228785.python    32      1    23.9 %  2025-05-03T00:33:03    24.0 s  0
6228785.python    32      1    22.9 %  2025-05-03T00:33:27    25.0 s  0
6228785.python    32      1    23.9 %  2025-05-03T00:33:52    24.0 s  0
6228785.python    32      1    24.0 %  2025-05-03T00:34:16    24.0 s  0
6228785.python    32      1    22.7 %  2025-05-03T00:34:40    25.0 s  0
6228785.python    32      1    23.8 %  2025-05-03T00:35:05    24.0 s  0
6228785.python    32      1    24.0 %  2025-05-03T00:35:29    24.0 s  0
6228785.python    32      1    23.8 %  2025-05-03T00:35:53    24.0 s  0
6228785.python    32      1    23.2 %  2025-05-03T00:36:17    25.0 s  0
6228785.python    32      1    24.2 %  2025-05-03T00:36:42    24.0 s  0
6228785.python    32      1    23.9 %  2025-05-03T00:37:06    24.0 s  0
6228785.python    32      1    23.4 %  2025-05-03T00:37:30    25.0 s  0

Used CPU time:   4.6 CPU hours
Unused CPU time: 13.7 CPU hours

Memory statistics, in GiB:
ID               Alloc   Usage
6228785           59.0        
6228785.batch     59.0     0.0
6228785.python    59.0     6.8
6228785.python    59.0     0.1
6228785.python    59.0     0.1
6228785.python    59.0     0.1
6228785.python    59.0     0.1
6228785.python    59.0     0.1
6228785.python    59.0     0.1
6228785.python    59.0     0.1
6228785.python    59.0     0.1
6228785.python    59.0     0.1
6228785.python    59.0     0.1
6228785.python    59.0     0.1
6228785.python    59.0     0.1
6228785.python    59.0     0.1
6228785.python    59.0     0.1
6228785.python    59.0     0.1
6228785.python    59.0     0.1
6228785.python    59.0     0.1
6228785.python    59.0     0.1
6228785.python    59.0     0.1
6228785.python    59.0     0.1
6228785.python    59.0     0.1
6228785.python    59.0     0.1
6228785.python    59.0     0.1
6228785.python    59.0     0.1
6228785.python    59.0     0.1
6228785.python    59.0     0.1
6228785.python    59.0     0.1
6228785.python    59.0     0.1
6228785.python    59.0     0.1
6228785.python    59.0     0.1
6228785.python    59.0     0.1
6228785.python    59.0     0.1
6228785.python    59.0     0.1
6228785.python    59.0     0.1
6228785.python    59.0     0.1
6228785.python    59.0     0.1
6228785.python    59.0     0.1
6228785.python    59.0     0.1
6228785.python    59.0     0.1
6228785.python    59.0     0.1
6228785.python    59.0     0.1
6228785.python    59.0     0.1
6228785.python    59.0     0.1
6228785.python    59.0     0.1
6228785.python    59.0     0.1
6228785.python    59.0     0.1
6228785.python    59.0     0.1
6228785.python    59.0     0.1
6228785.python    59.0     0.1
6228785.python    59.0     0.1
6228785.python    59.0     0.1
6228785.python    59.0     0.1
6228785.python    59.0     0.1
6228785.python    59.0     0.1
6228785.python    59.0     0.1
6228785.python    59.0     0.1
6228785.python    59.0     0.1
6228785.python    59.0     0.1
6228785.python    59.0     0.1
6228785.python    59.0     0.1
6228785.python    59.0     0.1
6228785.python    59.0     0.1
6228785.python    59.0     0.1
6228785.python    59.0     0.1
6228785.python    59.0     0.1
6228785.python    59.0     0.1
6228785.python    59.0     0.1
6228785.python    59.0     0.1
6228785.python    59.0     0.1
6228785.python    59.0     0.1
6228785.python    59.0     0.1
6228785.python    59.0     0.1
6228785.python    59.0     0.1
6228785.python    59.0     0.1
6228785.python    59.0     0.1
6228785.python    59.0     0.1
6228785.python    59.0     0.1
6228785.python    59.0     0.1
6228785.python    59.0     0.1
6228785.python    59.0     0.1

Job 6228785 completed at Sat May 3 00:37:55 CEST 2025
