Starting job 6228815 on c28-7 on fram at Sat May 3 00:03:44 CEST 2025


Currently Loaded Modules:
  1) StdEnv (S)

  Where:
   S:  Module is Sticky, requires --force to unload or purge

 


The following have been reloaded with a version change:
  1) GCCcore/13.3.0 => GCCcore/13.2.0
  2) OpenSSL/3 => OpenSSL/1.1
  3) Python/3.12.3-GCCcore-13.3.0 => Python/3.11.5-GCCcore-13.2.0
  4) SQLite/3.45.3-GCCcore-13.3.0 => SQLite/3.43.1-GCCcore-13.2.0
  5) Tcl/8.6.14-GCCcore-13.3.0 => Tcl/8.6.13-GCCcore-13.2.0
  6) XZ/5.4.5-GCCcore-13.3.0 => XZ/5.4.4-GCCcore-13.2.0
  7) binutils/2.42-GCCcore-13.3.0 => binutils/2.40-GCCcore-13.2.0
  8) bzip2/1.0.8-GCCcore-13.3.0 => bzip2/1.0.8-GCCcore-13.2.0
  9) libffi/3.4.5-GCCcore-13.3.0 => libffi/3.4.4-GCCcore-13.2.0
 10) libreadline/8.2-GCCcore-13.3.0 => libreadline/8.2-GCCcore-13.2.0
 11) ncurses/6.5-GCCcore-13.3.0 => ncurses/6.4-GCCcore-13.2.0
 12) zlib/1.3.1-GCCcore-13.3.0 => zlib/1.2.13-GCCcore-13.2.0

0
40
Generating /cluster/projects/nn8008k/lluisa/NextSIM/seas/Fmap_10days/2008_OND_ic0.5_dt0.0025_DT0.0100/0_Fmap_matrix.npy

real	0m32.140s
user	0m0.016s
sys	0m0.022s
4
44
Generating /cluster/projects/nn8008k/lluisa/NextSIM/seas/Fmap_10days/2008_OND_ic0.5_dt0.0025_DT0.0100/1_Fmap_matrix.npy

real	0m23.357s
user	0m0.012s
sys	0m0.016s
8
48
Generating /cluster/projects/nn8008k/lluisa/NextSIM/seas/Fmap_10days/2008_OND_ic0.5_dt0.0025_DT0.0100/2_Fmap_matrix.npy

real	0m23.194s
user	0m0.014s
sys	0m0.013s
12
52
Generating /cluster/projects/nn8008k/lluisa/NextSIM/seas/Fmap_10days/2008_OND_ic0.5_dt0.0025_DT0.0100/3_Fmap_matrix.npy

real	0m23.213s
user	0m0.012s
sys	0m0.015s
16
56
Generating /cluster/projects/nn8008k/lluisa/NextSIM/seas/Fmap_10days/2008_OND_ic0.5_dt0.0025_DT0.0100/4_Fmap_matrix.npy

real	0m23.468s
user	0m0.014s
sys	0m0.012s
20
60
Generating /cluster/projects/nn8008k/lluisa/NextSIM/seas/Fmap_10days/2008_OND_ic0.5_dt0.0025_DT0.0100/5_Fmap_matrix.npy

real	0m23.274s
user	0m0.011s
sys	0m0.017s
24
64
Generating /cluster/projects/nn8008k/lluisa/NextSIM/seas/Fmap_10days/2008_OND_ic0.5_dt0.0025_DT0.0100/6_Fmap_matrix.npy

real	0m23.517s
user	0m0.015s
sys	0m0.013s
28
68
Generating /cluster/projects/nn8008k/lluisa/NextSIM/seas/Fmap_10days/2008_OND_ic0.5_dt0.0025_DT0.0100/7_Fmap_matrix.npy

real	0m23.711s
user	0m0.015s
sys	0m0.012s
32
72
Generating /cluster/projects/nn8008k/lluisa/NextSIM/seas/Fmap_10days/2008_OND_ic0.5_dt0.0025_DT0.0100/8_Fmap_matrix.npy

real	0m23.877s
user	0m0.013s
sys	0m0.015s
36
76
Generating /cluster/projects/nn8008k/lluisa/NextSIM/seas/Fmap_10days/2008_OND_ic0.5_dt0.0025_DT0.0100/9_Fmap_matrix.npy

real	0m23.590s
user	0m0.014s
sys	0m0.013s
40
80
Generating /cluster/projects/nn8008k/lluisa/NextSIM/seas/Fmap_10days/2008_OND_ic0.5_dt0.0025_DT0.0100/10_Fmap_matrix.npy

real	0m23.548s
user	0m0.011s
sys	0m0.016s
44
84
Generating /cluster/projects/nn8008k/lluisa/NextSIM/seas/Fmap_10days/2008_OND_ic0.5_dt0.0025_DT0.0100/11_Fmap_matrix.npy

real	0m24.069s
user	0m0.013s
sys	0m0.014s
48
88
Generating /cluster/projects/nn8008k/lluisa/NextSIM/seas/Fmap_10days/2008_OND_ic0.5_dt0.0025_DT0.0100/12_Fmap_matrix.npy

real	0m23.802s
user	0m0.010s
sys	0m0.017s
52
92
Generating /cluster/projects/nn8008k/lluisa/NextSIM/seas/Fmap_10days/2008_OND_ic0.5_dt0.0025_DT0.0100/13_Fmap_matrix.npy

real	0m23.772s
user	0m0.012s
sys	0m0.014s
56
96
Generating /cluster/projects/nn8008k/lluisa/NextSIM/seas/Fmap_10days/2008_OND_ic0.5_dt0.0025_DT0.0100/14_Fmap_matrix.npy

real	0m24.032s
user	0m0.016s
sys	0m0.011s
60
100
Generating /cluster/projects/nn8008k/lluisa/NextSIM/seas/Fmap_10days/2008_OND_ic0.5_dt0.0025_DT0.0100/15_Fmap_matrix.npy

real	0m24.075s
user	0m0.014s
sys	0m0.014s
64
104
Generating /cluster/projects/nn8008k/lluisa/NextSIM/seas/Fmap_10days/2008_OND_ic0.5_dt0.0025_DT0.0100/16_Fmap_matrix.npy

real	0m24.371s
user	0m0.017s
sys	0m0.010s
68
108
Generating /cluster/projects/nn8008k/lluisa/NextSIM/seas/Fmap_10days/2008_OND_ic0.5_dt0.0025_DT0.0100/17_Fmap_matrix.npy

real	0m24.595s
user	0m0.014s
sys	0m0.013s
72
112
Generating /cluster/projects/nn8008k/lluisa/NextSIM/seas/Fmap_10days/2008_OND_ic0.5_dt0.0025_DT0.0100/18_Fmap_matrix.npy

real	0m24.333s
user	0m0.016s
sys	0m0.012s
76
116
Generating /cluster/projects/nn8008k/lluisa/NextSIM/seas/Fmap_10days/2008_OND_ic0.5_dt0.0025_DT0.0100/19_Fmap_matrix.npy

real	0m24.460s
user	0m0.010s
sys	0m0.017s
80
120
Generating /cluster/projects/nn8008k/lluisa/NextSIM/seas/Fmap_10days/2008_OND_ic0.5_dt0.0025_DT0.0100/20_Fmap_matrix.npy

real	0m24.711s
user	0m0.016s
sys	0m0.010s
84
124
Generating /cluster/projects/nn8008k/lluisa/NextSIM/seas/Fmap_10days/2008_OND_ic0.5_dt0.0025_DT0.0100/21_Fmap_matrix.npy

real	0m24.497s
user	0m0.015s
sys	0m0.012s
88
128
Generating /cluster/projects/nn8008k/lluisa/NextSIM/seas/Fmap_10days/2008_OND_ic0.5_dt0.0025_DT0.0100/22_Fmap_matrix.npy

real	0m24.671s
user	0m0.013s
sys	0m0.014s
92
132
Generating /cluster/projects/nn8008k/lluisa/NextSIM/seas/Fmap_10days/2008_OND_ic0.5_dt0.0025_DT0.0100/23_Fmap_matrix.npy

real	0m24.710s
user	0m0.011s
sys	0m0.016s
96
136
Generating /cluster/projects/nn8008k/lluisa/NextSIM/seas/Fmap_10days/2008_OND_ic0.5_dt0.0025_DT0.0100/24_Fmap_matrix.npy

real	0m24.869s
user	0m0.017s
sys	0m0.010s
100
140
Generating /cluster/projects/nn8008k/lluisa/NextSIM/seas/Fmap_10days/2008_OND_ic0.5_dt0.0025_DT0.0100/25_Fmap_matrix.npy

real	0m24.991s
user	0m0.010s
sys	0m0.018s
104
144
Generating /cluster/projects/nn8008k/lluisa/NextSIM/seas/Fmap_10days/2008_OND_ic0.5_dt0.0025_DT0.0100/26_Fmap_matrix.npy

real	0m24.958s
user	0m0.015s
sys	0m0.012s
108
148
Generating /cluster/projects/nn8008k/lluisa/NextSIM/seas/Fmap_10days/2008_OND_ic0.5_dt0.0025_DT0.0100/27_Fmap_matrix.npy

real	0m24.786s
user	0m0.017s
sys	0m0.011s
112
152
Generating /cluster/projects/nn8008k/lluisa/NextSIM/seas/Fmap_10days/2008_OND_ic0.5_dt0.0025_DT0.0100/28_Fmap_matrix.npy

real	0m24.955s
user	0m0.012s
sys	0m0.015s
116
156
Generating /cluster/projects/nn8008k/lluisa/NextSIM/seas/Fmap_10days/2008_OND_ic0.5_dt0.0025_DT0.0100/29_Fmap_matrix.npy

real	0m25.389s
user	0m0.013s
sys	0m0.014s
120
160
Generating /cluster/projects/nn8008k/lluisa/NextSIM/seas/Fmap_10days/2008_OND_ic0.5_dt0.0025_DT0.0100/30_Fmap_matrix.npy

real	0m25.429s
user	0m0.015s
sys	0m0.012s
124
164
Generating /cluster/projects/nn8008k/lluisa/NextSIM/seas/Fmap_10days/2008_OND_ic0.5_dt0.0025_DT0.0100/31_Fmap_matrix.npy

real	0m25.269s
user	0m0.013s
sys	0m0.014s
128
168
Generating /cluster/projects/nn8008k/lluisa/NextSIM/seas/Fmap_10days/2008_OND_ic0.5_dt0.0025_DT0.0100/32_Fmap_matrix.npy

real	0m25.252s
user	0m0.013s
sys	0m0.014s
132
172
Generating /cluster/projects/nn8008k/lluisa/NextSIM/seas/Fmap_10days/2008_OND_ic0.5_dt0.0025_DT0.0100/33_Fmap_matrix.npy

real	0m25.325s
user	0m0.014s
sys	0m0.013s
136
176
Generating /cluster/projects/nn8008k/lluisa/NextSIM/seas/Fmap_10days/2008_OND_ic0.5_dt0.0025_DT0.0100/34_Fmap_matrix.npy

real	0m25.182s
user	0m0.018s
sys	0m0.009s
140
180
Generating /cluster/projects/nn8008k/lluisa/NextSIM/seas/Fmap_10days/2008_OND_ic0.5_dt0.0025_DT0.0100/35_Fmap_matrix.npy

real	0m25.692s
user	0m0.014s
sys	0m0.013s
144
184
Generating /cluster/projects/nn8008k/lluisa/NextSIM/seas/Fmap_10days/2008_OND_ic0.5_dt0.0025_DT0.0100/36_Fmap_matrix.npy

real	0m25.361s
user	0m0.011s
sys	0m0.016s
148
188
Generating /cluster/projects/nn8008k/lluisa/NextSIM/seas/Fmap_10days/2008_OND_ic0.5_dt0.0025_DT0.0100/37_Fmap_matrix.npy

real	0m25.782s
user	0m0.019s
sys	0m0.008s
152
192
Generating /cluster/projects/nn8008k/lluisa/NextSIM/seas/Fmap_10days/2008_OND_ic0.5_dt0.0025_DT0.0100/38_Fmap_matrix.npy

real	0m26.041s
user	0m0.015s
sys	0m0.012s
156
196
Generating /cluster/projects/nn8008k/lluisa/NextSIM/seas/Fmap_10days/2008_OND_ic0.5_dt0.0025_DT0.0100/39_Fmap_matrix.npy

real	0m26.313s
user	0m0.015s
sys	0m0.012s
160
200
Generating /cluster/projects/nn8008k/lluisa/NextSIM/seas/Fmap_10days/2008_OND_ic0.5_dt0.0025_DT0.0100/40_Fmap_matrix.npy

real	0m25.618s
user	0m0.012s
sys	0m0.015s
164
204
Generating /cluster/projects/nn8008k/lluisa/NextSIM/seas/Fmap_10days/2008_OND_ic0.5_dt0.0025_DT0.0100/41_Fmap_matrix.npy

real	0m25.901s
user	0m0.011s
sys	0m0.016s
168
208
Generating /cluster/projects/nn8008k/lluisa/NextSIM/seas/Fmap_10days/2008_OND_ic0.5_dt0.0025_DT0.0100/42_Fmap_matrix.npy

real	0m25.312s
user	0m0.015s
sys	0m0.012s
172
212
Generating /cluster/projects/nn8008k/lluisa/NextSIM/seas/Fmap_10days/2008_OND_ic0.5_dt0.0025_DT0.0100/43_Fmap_matrix.npy

real	0m25.518s
user	0m0.016s
sys	0m0.010s
176
216
Generating /cluster/projects/nn8008k/lluisa/NextSIM/seas/Fmap_10days/2008_OND_ic0.5_dt0.0025_DT0.0100/44_Fmap_matrix.npy

real	0m25.901s
user	0m0.015s
sys	0m0.012s
180
220
Generating /cluster/projects/nn8008k/lluisa/NextSIM/seas/Fmap_10days/2008_OND_ic0.5_dt0.0025_DT0.0100/45_Fmap_matrix.npy

real	0m25.897s
user	0m0.017s
sys	0m0.011s
184
224
Generating /cluster/projects/nn8008k/lluisa/NextSIM/seas/Fmap_10days/2008_OND_ic0.5_dt0.0025_DT0.0100/46_Fmap_matrix.npy

real	0m25.754s
user	0m0.016s
sys	0m0.012s
188
228
Generating /cluster/projects/nn8008k/lluisa/NextSIM/seas/Fmap_10days/2008_OND_ic0.5_dt0.0025_DT0.0100/47_Fmap_matrix.npy

real	0m25.769s
user	0m0.017s
sys	0m0.008s
192
232
Generating /cluster/projects/nn8008k/lluisa/NextSIM/seas/Fmap_10days/2008_OND_ic0.5_dt0.0025_DT0.0100/48_Fmap_matrix.npy

real	0m26.043s
user	0m0.013s
sys	0m0.014s
196
236
Generating /cluster/projects/nn8008k/lluisa/NextSIM/seas/Fmap_10days/2008_OND_ic0.5_dt0.0025_DT0.0100/49_Fmap_matrix.npy

real	0m25.653s
user	0m0.016s
sys	0m0.011s
200
240
Generating /cluster/projects/nn8008k/lluisa/NextSIM/seas/Fmap_10days/2008_OND_ic0.5_dt0.0025_DT0.0100/50_Fmap_matrix.npy

real	0m25.754s
user	0m0.010s
sys	0m0.017s
204
244
Generating /cluster/projects/nn8008k/lluisa/NextSIM/seas/Fmap_10days/2008_OND_ic0.5_dt0.0025_DT0.0100/51_Fmap_matrix.npy

real	0m25.987s
user	0m0.015s
sys	0m0.012s
208
248
Generating /cluster/projects/nn8008k/lluisa/NextSIM/seas/Fmap_10days/2008_OND_ic0.5_dt0.0025_DT0.0100/52_Fmap_matrix.npy

real	0m25.779s
user	0m0.014s
sys	0m0.012s
212
252
Generating /cluster/projects/nn8008k/lluisa/NextSIM/seas/Fmap_10days/2008_OND_ic0.5_dt0.0025_DT0.0100/53_Fmap_matrix.npy

real	0m25.902s
user	0m0.013s
sys	0m0.014s
216
256
Generating /cluster/projects/nn8008k/lluisa/NextSIM/seas/Fmap_10days/2008_OND_ic0.5_dt0.0025_DT0.0100/54_Fmap_matrix.npy

real	0m26.215s
user	0m0.014s
sys	0m0.012s
220
260
Generating /cluster/projects/nn8008k/lluisa/NextSIM/seas/Fmap_10days/2008_OND_ic0.5_dt0.0025_DT0.0100/55_Fmap_matrix.npy

real	0m25.782s
user	0m0.018s
sys	0m0.009s
224
264
Generating /cluster/projects/nn8008k/lluisa/NextSIM/seas/Fmap_10days/2008_OND_ic0.5_dt0.0025_DT0.0100/56_Fmap_matrix.npy

real	0m25.917s
user	0m0.014s
sys	0m0.012s
228
268
Generating /cluster/projects/nn8008k/lluisa/NextSIM/seas/Fmap_10days/2008_OND_ic0.5_dt0.0025_DT0.0100/57_Fmap_matrix.npy

real	0m26.053s
user	0m0.010s
sys	0m0.016s
232
272
Generating /cluster/projects/nn8008k/lluisa/NextSIM/seas/Fmap_10days/2008_OND_ic0.5_dt0.0025_DT0.0100/58_Fmap_matrix.npy

real	0m26.257s
user	0m0.015s
sys	0m0.012s
236
276
Generating /cluster/projects/nn8008k/lluisa/NextSIM/seas/Fmap_10days/2008_OND_ic0.5_dt0.0025_DT0.0100/59_Fmap_matrix.npy

real	0m25.964s
user	0m0.011s
sys	0m0.016s
240
280
Generating /cluster/projects/nn8008k/lluisa/NextSIM/seas/Fmap_10days/2008_OND_ic0.5_dt0.0025_DT0.0100/60_Fmap_matrix.npy

real	0m26.136s
user	0m0.012s
sys	0m0.015s
244
284
Generating /cluster/projects/nn8008k/lluisa/NextSIM/seas/Fmap_10days/2008_OND_ic0.5_dt0.0025_DT0.0100/61_Fmap_matrix.npy

real	0m25.987s
user	0m0.012s
sys	0m0.017s
248
288
Generating /cluster/projects/nn8008k/lluisa/NextSIM/seas/Fmap_10days/2008_OND_ic0.5_dt0.0025_DT0.0100/62_Fmap_matrix.npy

real	0m26.128s
user	0m0.016s
sys	0m0.012s
252
292
Generating /cluster/projects/nn8008k/lluisa/NextSIM/seas/Fmap_10days/2008_OND_ic0.5_dt0.0025_DT0.0100/63_Fmap_matrix.npy

real	0m26.041s
user	0m0.015s
sys	0m0.011s
256
296
Generating /cluster/projects/nn8008k/lluisa/NextSIM/seas/Fmap_10days/2008_OND_ic0.5_dt0.0025_DT0.0100/64_Fmap_matrix.npy

real	0m26.361s
user	0m0.014s
sys	0m0.013s
260
300
Generating /cluster/projects/nn8008k/lluisa/NextSIM/seas/Fmap_10days/2008_OND_ic0.5_dt0.0025_DT0.0100/65_Fmap_matrix.npy

real	0m26.696s
user	0m0.019s
sys	0m0.009s
264
304
Generating /cluster/projects/nn8008k/lluisa/NextSIM/seas/Fmap_10days/2008_OND_ic0.5_dt0.0025_DT0.0100/66_Fmap_matrix.npy

real	0m26.951s
user	0m0.011s
sys	0m0.016s
268
308
Generating /cluster/projects/nn8008k/lluisa/NextSIM/seas/Fmap_10days/2008_OND_ic0.5_dt0.0025_DT0.0100/67_Fmap_matrix.npy

real	0m26.398s
user	0m0.008s
sys	0m0.020s
272
312
Generating /cluster/projects/nn8008k/lluisa/NextSIM/seas/Fmap_10days/2008_OND_ic0.5_dt0.0025_DT0.0100/68_Fmap_matrix.npy

real	0m26.236s
user	0m0.014s
sys	0m0.013s
276
316
Generating /cluster/projects/nn8008k/lluisa/NextSIM/seas/Fmap_10days/2008_OND_ic0.5_dt0.0025_DT0.0100/69_Fmap_matrix.npy

real	0m26.398s
user	0m0.018s
sys	0m0.010s
280
320
Generating /cluster/projects/nn8008k/lluisa/NextSIM/seas/Fmap_10days/2008_OND_ic0.5_dt0.0025_DT0.0100/70_Fmap_matrix.npy

real	0m26.444s
user	0m0.014s
sys	0m0.012s
284
324
Generating /cluster/projects/nn8008k/lluisa/NextSIM/seas/Fmap_10days/2008_OND_ic0.5_dt0.0025_DT0.0100/71_Fmap_matrix.npy

real	0m26.573s
user	0m0.013s
sys	0m0.014s
288
328
Generating /cluster/projects/nn8008k/lluisa/NextSIM/seas/Fmap_10days/2008_OND_ic0.5_dt0.0025_DT0.0100/72_Fmap_matrix.npy

real	0m26.612s
user	0m0.015s
sys	0m0.013s
292
332
Generating /cluster/projects/nn8008k/lluisa/NextSIM/seas/Fmap_10days/2008_OND_ic0.5_dt0.0025_DT0.0100/73_Fmap_matrix.npy

real	0m26.467s
user	0m0.014s
sys	0m0.013s
296
336
Generating /cluster/projects/nn8008k/lluisa/NextSIM/seas/Fmap_10days/2008_OND_ic0.5_dt0.0025_DT0.0100/74_Fmap_matrix.npy

real	0m26.774s
user	0m0.014s
sys	0m0.013s
300
340
Generating /cluster/projects/nn8008k/lluisa/NextSIM/seas/Fmap_10days/2008_OND_ic0.5_dt0.0025_DT0.0100/75_Fmap_matrix.npy

real	0m26.694s
user	0m0.012s
sys	0m0.014s
304
344
Generating /cluster/projects/nn8008k/lluisa/NextSIM/seas/Fmap_10days/2008_OND_ic0.5_dt0.0025_DT0.0100/76_Fmap_matrix.npy

real	0m26.694s
user	0m0.011s
sys	0m0.015s
308
348
Generating /cluster/projects/nn8008k/lluisa/NextSIM/seas/Fmap_10days/2008_OND_ic0.5_dt0.0025_DT0.0100/77_Fmap_matrix.npy

real	0m26.632s
user	0m0.017s
sys	0m0.009s
312
352
Generating /cluster/projects/nn8008k/lluisa/NextSIM/seas/Fmap_10days/2008_OND_ic0.5_dt0.0025_DT0.0100/78_Fmap_matrix.npy

real	0m26.713s
user	0m0.011s
sys	0m0.016s
316
356
Generating /cluster/projects/nn8008k/lluisa/NextSIM/seas/Fmap_10days/2008_OND_ic0.5_dt0.0025_DT0.0100/79_Fmap_matrix.npy

real	0m27.103s
user	0m0.011s
sys	0m0.016s
320
360
Generating /cluster/projects/nn8008k/lluisa/NextSIM/seas/Fmap_10days/2008_OND_ic0.5_dt0.0025_DT0.0100/80_Fmap_matrix.npy

real	0m26.651s
user	0m0.015s
sys	0m0.011s
EBVERSIONNUMACTL=2.0.16
SLURM_JOB_NUM_NODES=1
EBROOTNUMACTL=/cluster/software/numactl/2.0.16-GCCcore-13.2.0
EBDEVELNUMACTL=/cluster/software/numactl/2.0.16-GCCcore-13.2.0/easybuild/numactl-2.0.16-GCCcore-13.2.0-easybuild-devel
OMP_NUM_THREADS=32

Job 6228815 consumed 18.4 billing hours from project nn8008k.

Submitted 2025-05-03T00:03:21; waited 20.0 seconds in the queue after becoming eligible to run.

Requested wallclock time: 3.0 days
Elapsed wallclock time:   34.5 minutes

Job exited normally.

Task and CPU statistics:
ID              CPUs  Tasks  CPU util                Start   Elapsed  Exit status
6228815           32            0.0 %  2025-05-03T00:03:41  2068.0 s  0
6228815.batch     32      1     0.0 %  2025-05-03T00:03:41  2068.0 s  0
6228815.python    32      1    16.2 %  2025-05-03T00:03:46    33.0 s  0
6228815.python    32      1    23.0 %  2025-05-03T00:04:19    23.0 s  0
6228815.python    32      1    22.9 %  2025-05-03T00:04:42    23.0 s  0
6228815.python    32      1    23.1 %  2025-05-03T00:05:05    23.0 s  0
6228815.python    32      1    22.3 %  2025-05-03T00:05:28    24.0 s  0
6228815.python    32      1    23.3 %  2025-05-03T00:05:52    23.0 s  0
6228815.python    32      1    22.7 %  2025-05-03T00:06:15    24.0 s  0
6228815.python    32      1    23.9 %  2025-05-03T00:06:39    23.0 s  0
6228815.python    32      1    23.1 %  2025-05-03T00:07:02    24.0 s  0
6228815.python    32      1    23.1 %  2025-05-03T00:07:26    24.0 s  0
6228815.python    32      1    24.2 %  2025-05-03T00:07:50    23.0 s  0
6228815.python    32      1    23.5 %  2025-05-03T00:08:13    24.0 s  0
6228815.python    32      1    23.4 %  2025-05-03T00:08:37    24.0 s  0
6228815.python    32      1    23.9 %  2025-05-03T00:09:01    24.0 s  0
6228815.python    32      1    23.9 %  2025-05-03T00:09:25    24.0 s  0
6228815.python    32      1    24.2 %  2025-05-03T00:09:49    24.0 s  0
6228815.python    32      1    24.4 %  2025-05-03T00:10:13    24.0 s  0
6228815.python    32      1    23.8 %  2025-05-03T00:10:37    25.0 s  0
6228815.python    32      1    24.9 %  2025-05-03T00:11:02    24.0 s  0
6228815.python    32      1    24.5 %  2025-05-03T00:11:26    25.0 s  0
6228815.python    32      1    24.3 %  2025-05-03T00:11:51    25.0 s  0
6228815.python    32      1    25.5 %  2025-05-03T00:12:16    24.0 s  0
6228815.python    32      1    24.7 %  2025-05-03T00:12:40    25.0 s  0
6228815.python    32      1    25.8 %  2025-05-03T00:13:05    24.0 s  0
6228815.python    32      1    25.1 %  2025-05-03T00:13:29    25.0 s  0
6228815.python    32      1    25.0 %  2025-05-03T00:13:54    25.0 s  0
6228815.python    32      1    25.4 %  2025-05-03T00:14:19    25.0 s  0
6228815.python    32      1    25.4 %  2025-05-03T00:14:44    25.0 s  0
6228815.python    32      1    25.4 %  2025-05-03T00:15:09    25.0 s  0
6228815.python    32      1    26.1 %  2025-05-03T00:15:34    25.0 s  0
6228815.python    32      1    25.1 %  2025-05-03T00:15:59    26.0 s  0
6228815.python    32      1    26.4 %  2025-05-03T00:16:25    25.0 s  0
6228815.python    32      1    26.0 %  2025-05-03T00:16:50    25.0 s  0
6228815.python    32      1    25.1 %  2025-05-03T00:17:15    26.0 s  0
6228815.python    32      1    26.1 %  2025-05-03T00:17:41    25.0 s  0
6228815.python    32      1    25.4 %  2025-05-03T00:18:06    26.0 s  0
6228815.python    32      1    26.3 %  2025-05-03T00:18:32    25.0 s  0
6228815.python    32      1    25.5 %  2025-05-03T00:18:57    26.0 s  0
6228815.python    32      1    25.8 %  2025-05-03T00:19:23    26.0 s  0
6228815.python    32      1    25.9 %  2025-05-03T00:19:49    26.0 s  0
6228815.python    32      1    25.7 %  2025-05-03T00:20:15    26.0 s  0
6228815.python    32      1    25.9 %  2025-05-03T00:20:41    26.0 s  0
6228815.python    32      1    27.0 %  2025-05-03T00:21:07    25.0 s  0
6228815.python    32      1    27.2 %  2025-05-03T00:21:32    25.0 s  0
6228815.python    32      1    26.1 %  2025-05-03T00:21:57    26.0 s  0
6228815.python    32      1    26.2 %  2025-05-03T00:22:23    26.0 s  0
6228815.python    32      1    26.2 %  2025-05-03T00:22:49    26.0 s  0
6228815.python    32      1    26.2 %  2025-05-03T00:23:15    26.0 s  0
6228815.python    32      1    26.4 %  2025-05-03T00:23:41    26.0 s  0
6228815.python    32      1    27.4 %  2025-05-03T00:24:07    25.0 s  0
6228815.python    32      1    26.4 %  2025-05-03T00:24:32    26.0 s  0
6228815.python    32      1    26.6 %  2025-05-03T00:24:58    26.0 s  0
6228815.python    32      1    26.4 %  2025-05-03T00:25:24    26.0 s  0
6228815.python    32      1    26.5 %  2025-05-03T00:25:50    26.0 s  0
6228815.python    32      1    27.0 %  2025-05-03T00:26:16    26.0 s  0
6228815.python    32      1    26.7 %  2025-05-03T00:26:42    26.0 s  0
6228815.python    32      1    26.8 %  2025-05-03T00:27:08    26.0 s  0
6228815.python    32      1    27.1 %  2025-05-03T00:27:34    26.0 s  0
6228815.python    32      1    26.9 %  2025-05-03T00:28:00    26.0 s  0
6228815.python    32      1    26.8 %  2025-05-03T00:28:26    26.0 s  0
6228815.python    32      1    27.1 %  2025-05-03T00:28:52    26.0 s  0
6228815.python    32      1    27.2 %  2025-05-03T00:29:18    26.0 s  0
6228815.python    32      1    27.0 %  2025-05-03T00:29:44    26.0 s  0
6228815.python    32      1    27.2 %  2025-05-03T00:30:10    26.0 s  0
6228815.python    32      1    26.3 %  2025-05-03T00:30:36    27.0 s  0
6228815.python    32      1    27.5 %  2025-05-03T00:31:03    26.0 s  0
6228815.python    32      1    26.6 %  2025-05-03T00:31:29    27.0 s  0
6228815.python    32      1    26.6 %  2025-05-03T00:31:56    27.0 s  0
6228815.python    32      1    27.8 %  2025-05-03T00:32:23    26.0 s  0
6228815.python    32      1    27.9 %  2025-05-03T00:32:49    26.0 s  0
6228815.python    32      1    26.8 %  2025-05-03T00:33:15    27.0 s  0
6228815.python    32      1    28.0 %  2025-05-03T00:33:42    26.0 s  0
6228815.python    32      1    26.9 %  2025-05-03T00:34:08    27.0 s  0
6228815.python    32      1    28.1 %  2025-05-03T00:34:35    26.0 s  0
6228815.python    32      1    27.0 %  2025-05-03T00:35:01    27.0 s  0
6228815.python    32      1    27.4 %  2025-05-03T00:35:28    27.0 s  0
6228815.python    32      1    27.1 %  2025-05-03T00:35:55    27.0 s  0
6228815.python    32      1    28.4 %  2025-05-03T00:36:22    26.0 s  0
6228815.python    32      1    27.2 %  2025-05-03T00:36:48    27.0 s  0
6228815.python    32      1    27.3 %  2025-05-03T00:37:15    27.0 s  0
6228815.python    32      1    27.4 %  2025-05-03T00:37:42    27.0 s  0

Used CPU time:   4.7 CPU hours
Unused CPU time: 13.7 CPU hours

Memory statistics, in GiB:
ID               Alloc   Usage
6228815           59.0        
6228815.batch     59.0     0.0
6228815.python    59.0     6.9
6228815.python    59.0     0.1
6228815.python    59.0     0.1
6228815.python    59.0     0.1
6228815.python    59.0     0.1
6228815.python    59.0     0.1
6228815.python    59.0     0.1
6228815.python    59.0     0.1
6228815.python    59.0     0.1
6228815.python    59.0     0.1
6228815.python    59.0     0.1
6228815.python    59.0     0.1
6228815.python    59.0     0.1
6228815.python    59.0     0.1
6228815.python    59.0     0.1
6228815.python    59.0     0.1
6228815.python    59.0     0.1
6228815.python    59.0     0.1
6228815.python    59.0     0.1
6228815.python    59.0     0.1
6228815.python    59.0     0.1
6228815.python    59.0     0.1
6228815.python    59.0     0.1
6228815.python    59.0     0.1
6228815.python    59.0     0.1
6228815.python    59.0     0.1
6228815.python    59.0     0.1
6228815.python    59.0     0.1
6228815.python    59.0     0.1
6228815.python    59.0     0.1
6228815.python    59.0     0.1
6228815.python    59.0     0.1
6228815.python    59.0     0.1
6228815.python    59.0     0.1
6228815.python    59.0     0.1
6228815.python    59.0     0.1
6228815.python    59.0     0.1
6228815.python    59.0     0.1
6228815.python    59.0     0.1
6228815.python    59.0     0.1
6228815.python    59.0     0.1
6228815.python    59.0     0.1
6228815.python    59.0     0.1
6228815.python    59.0     0.1
6228815.python    59.0     0.1
6228815.python    59.0     0.1
6228815.python    59.0     0.1
6228815.python    59.0     0.1
6228815.python    59.0     0.1
6228815.python    59.0     0.1
6228815.python    59.0     0.1
6228815.python    59.0     0.1
6228815.python    59.0     0.1
6228815.python    59.0     0.1
6228815.python    59.0     0.1
6228815.python    59.0     0.1
6228815.python    59.0     0.1
6228815.python    59.0     0.1
6228815.python    59.0     0.1
6228815.python    59.0     0.1
6228815.python    59.0     0.1
6228815.python    59.0     0.1
6228815.python    59.0     0.1
6228815.python    59.0     0.1
6228815.python    59.0     0.1
6228815.python    59.0     0.1
6228815.python    59.0     0.1
6228815.python    59.0     0.1
6228815.python    59.0     0.1
6228815.python    59.0     0.1
6228815.python    59.0     0.1
6228815.python    59.0     0.1
6228815.python    59.0     0.1
6228815.python    59.0     0.1
6228815.python    59.0     0.1
6228815.python    59.0     0.1
6228815.python    59.0     0.1
6228815.python    59.0     0.1
6228815.python    59.0     0.1
6228815.python    59.0     0.1
6228815.python    59.0     0.1

Job 6228815 completed at Sat May 3 00:38:09 CEST 2025
