Starting job 6228824 on c30-4 on fram at Sat May 3 00:03:44 CEST 2025


Currently Loaded Modules:
  1) StdEnv (S)

  Where:
   S:  Module is Sticky, requires --force to unload or purge

 


The following have been reloaded with a version change:
  1) GCCcore/13.3.0 => GCCcore/13.2.0
  2) OpenSSL/3 => OpenSSL/1.1
  3) Python/3.12.3-GCCcore-13.3.0 => Python/3.11.5-GCCcore-13.2.0
  4) SQLite/3.45.3-GCCcore-13.3.0 => SQLite/3.43.1-GCCcore-13.2.0
  5) Tcl/8.6.14-GCCcore-13.3.0 => Tcl/8.6.13-GCCcore-13.2.0
  6) XZ/5.4.5-GCCcore-13.3.0 => XZ/5.4.4-GCCcore-13.2.0
  7) binutils/2.42-GCCcore-13.3.0 => binutils/2.40-GCCcore-13.2.0
  8) bzip2/1.0.8-GCCcore-13.3.0 => bzip2/1.0.8-GCCcore-13.2.0
  9) libffi/3.4.5-GCCcore-13.3.0 => libffi/3.4.4-GCCcore-13.2.0
 10) libreadline/8.2-GCCcore-13.3.0 => libreadline/8.2-GCCcore-13.2.0
 11) ncurses/6.5-GCCcore-13.3.0 => ncurses/6.4-GCCcore-13.2.0
 12) zlib/1.3.1-GCCcore-13.3.0 => zlib/1.2.13-GCCcore-13.2.0

0
40
Generating /cluster/projects/nn8008k/lluisa/NextSIM/seas/Fmap_10days/2010_JFM_ic0.5_dt0.0025_DT0.0100/0_Fmap_matrix.npy

real	0m34.159s
user	0m0.012s
sys	0m0.027s
4
44
Generating /cluster/projects/nn8008k/lluisa/NextSIM/seas/Fmap_10days/2010_JFM_ic0.5_dt0.0025_DT0.0100/1_Fmap_matrix.npy

real	0m26.981s
user	0m0.015s
sys	0m0.013s
8
48
Generating /cluster/projects/nn8008k/lluisa/NextSIM/seas/Fmap_10days/2010_JFM_ic0.5_dt0.0025_DT0.0100/2_Fmap_matrix.npy

real	0m27.180s
user	0m0.014s
sys	0m0.014s
12
52
Generating /cluster/projects/nn8008k/lluisa/NextSIM/seas/Fmap_10days/2010_JFM_ic0.5_dt0.0025_DT0.0100/3_Fmap_matrix.npy

real	0m27.182s
user	0m0.012s
sys	0m0.015s
16
56
Generating /cluster/projects/nn8008k/lluisa/NextSIM/seas/Fmap_10days/2010_JFM_ic0.5_dt0.0025_DT0.0100/4_Fmap_matrix.npy

real	0m27.085s
user	0m0.014s
sys	0m0.013s
20
60
Generating /cluster/projects/nn8008k/lluisa/NextSIM/seas/Fmap_10days/2010_JFM_ic0.5_dt0.0025_DT0.0100/5_Fmap_matrix.npy

real	0m27.235s
user	0m0.016s
sys	0m0.011s
24
64
Generating /cluster/projects/nn8008k/lluisa/NextSIM/seas/Fmap_10days/2010_JFM_ic0.5_dt0.0025_DT0.0100/6_Fmap_matrix.npy

real	0m26.692s
user	0m0.012s
sys	0m0.016s
28
68
Generating /cluster/projects/nn8008k/lluisa/NextSIM/seas/Fmap_10days/2010_JFM_ic0.5_dt0.0025_DT0.0100/7_Fmap_matrix.npy

real	0m27.272s
user	0m0.012s
sys	0m0.015s
32
72
Generating /cluster/projects/nn8008k/lluisa/NextSIM/seas/Fmap_10days/2010_JFM_ic0.5_dt0.0025_DT0.0100/8_Fmap_matrix.npy

real	0m26.775s
user	0m0.013s
sys	0m0.014s
36
76
Generating /cluster/projects/nn8008k/lluisa/NextSIM/seas/Fmap_10days/2010_JFM_ic0.5_dt0.0025_DT0.0100/9_Fmap_matrix.npy

real	0m27.214s
user	0m0.013s
sys	0m0.015s
40
80
Generating /cluster/projects/nn8008k/lluisa/NextSIM/seas/Fmap_10days/2010_JFM_ic0.5_dt0.0025_DT0.0100/10_Fmap_matrix.npy

real	0m27.124s
user	0m0.009s
sys	0m0.019s
44
84
Generating /cluster/projects/nn8008k/lluisa/NextSIM/seas/Fmap_10days/2010_JFM_ic0.5_dt0.0025_DT0.0100/11_Fmap_matrix.npy

real	0m27.426s
user	0m0.011s
sys	0m0.015s
48
88
Generating /cluster/projects/nn8008k/lluisa/NextSIM/seas/Fmap_10days/2010_JFM_ic0.5_dt0.0025_DT0.0100/12_Fmap_matrix.npy

real	0m27.574s
user	0m0.014s
sys	0m0.013s
52
92
Generating /cluster/projects/nn8008k/lluisa/NextSIM/seas/Fmap_10days/2010_JFM_ic0.5_dt0.0025_DT0.0100/13_Fmap_matrix.npy

real	0m27.200s
user	0m0.012s
sys	0m0.015s
56
96
Generating /cluster/projects/nn8008k/lluisa/NextSIM/seas/Fmap_10days/2010_JFM_ic0.5_dt0.0025_DT0.0100/14_Fmap_matrix.npy

real	0m27.062s
user	0m0.009s
sys	0m0.018s
60
100
Generating /cluster/projects/nn8008k/lluisa/NextSIM/seas/Fmap_10days/2010_JFM_ic0.5_dt0.0025_DT0.0100/15_Fmap_matrix.npy

real	0m26.940s
user	0m0.012s
sys	0m0.016s
64
104
Generating /cluster/projects/nn8008k/lluisa/NextSIM/seas/Fmap_10days/2010_JFM_ic0.5_dt0.0025_DT0.0100/16_Fmap_matrix.npy

real	0m27.201s
user	0m0.013s
sys	0m0.015s
68
108
Generating /cluster/projects/nn8008k/lluisa/NextSIM/seas/Fmap_10days/2010_JFM_ic0.5_dt0.0025_DT0.0100/17_Fmap_matrix.npy

real	0m27.373s
user	0m0.012s
sys	0m0.014s
72
112
Generating /cluster/projects/nn8008k/lluisa/NextSIM/seas/Fmap_10days/2010_JFM_ic0.5_dt0.0025_DT0.0100/18_Fmap_matrix.npy

real	0m27.384s
user	0m0.014s
sys	0m0.013s
76
116
Generating /cluster/projects/nn8008k/lluisa/NextSIM/seas/Fmap_10days/2010_JFM_ic0.5_dt0.0025_DT0.0100/19_Fmap_matrix.npy

real	0m26.804s
user	0m0.019s
sys	0m0.009s
80
120
Generating /cluster/projects/nn8008k/lluisa/NextSIM/seas/Fmap_10days/2010_JFM_ic0.5_dt0.0025_DT0.0100/20_Fmap_matrix.npy

real	0m27.350s
user	0m0.010s
sys	0m0.017s
84
124
Generating /cluster/projects/nn8008k/lluisa/NextSIM/seas/Fmap_10days/2010_JFM_ic0.5_dt0.0025_DT0.0100/21_Fmap_matrix.npy

real	0m27.158s
user	0m0.011s
sys	0m0.016s
88
128
Generating /cluster/projects/nn8008k/lluisa/NextSIM/seas/Fmap_10days/2010_JFM_ic0.5_dt0.0025_DT0.0100/22_Fmap_matrix.npy

real	0m27.652s
user	0m0.018s
sys	0m0.010s
92
132
Generating /cluster/projects/nn8008k/lluisa/NextSIM/seas/Fmap_10days/2010_JFM_ic0.5_dt0.0025_DT0.0100/23_Fmap_matrix.npy

real	0m27.106s
user	0m0.010s
sys	0m0.017s
96
136
Generating /cluster/projects/nn8008k/lluisa/NextSIM/seas/Fmap_10days/2010_JFM_ic0.5_dt0.0025_DT0.0100/24_Fmap_matrix.npy

real	0m27.543s
user	0m0.015s
sys	0m0.013s
100
140
Generating /cluster/projects/nn8008k/lluisa/NextSIM/seas/Fmap_10days/2010_JFM_ic0.5_dt0.0025_DT0.0100/25_Fmap_matrix.npy

real	0m27.605s
user	0m0.015s
sys	0m0.012s
104
144
Generating /cluster/projects/nn8008k/lluisa/NextSIM/seas/Fmap_10days/2010_JFM_ic0.5_dt0.0025_DT0.0100/26_Fmap_matrix.npy

real	0m27.503s
user	0m0.014s
sys	0m0.013s
108
148
Generating /cluster/projects/nn8008k/lluisa/NextSIM/seas/Fmap_10days/2010_JFM_ic0.5_dt0.0025_DT0.0100/27_Fmap_matrix.npy

real	0m27.460s
user	0m0.015s
sys	0m0.012s
112
152
Generating /cluster/projects/nn8008k/lluisa/NextSIM/seas/Fmap_10days/2010_JFM_ic0.5_dt0.0025_DT0.0100/28_Fmap_matrix.npy

real	0m27.434s
user	0m0.017s
sys	0m0.011s
116
156
Generating /cluster/projects/nn8008k/lluisa/NextSIM/seas/Fmap_10days/2010_JFM_ic0.5_dt0.0025_DT0.0100/29_Fmap_matrix.npy

real	0m27.212s
user	0m0.015s
sys	0m0.012s
120
160
Generating /cluster/projects/nn8008k/lluisa/NextSIM/seas/Fmap_10days/2010_JFM_ic0.5_dt0.0025_DT0.0100/30_Fmap_matrix.npy

real	0m27.262s
user	0m0.013s
sys	0m0.014s
124
164
Generating /cluster/projects/nn8008k/lluisa/NextSIM/seas/Fmap_10days/2010_JFM_ic0.5_dt0.0025_DT0.0100/31_Fmap_matrix.npy

real	0m27.782s
user	0m0.015s
sys	0m0.012s
128
168
Generating /cluster/projects/nn8008k/lluisa/NextSIM/seas/Fmap_10days/2010_JFM_ic0.5_dt0.0025_DT0.0100/32_Fmap_matrix.npy

real	0m27.734s
user	0m0.018s
sys	0m0.009s
132
172
Generating /cluster/projects/nn8008k/lluisa/NextSIM/seas/Fmap_10days/2010_JFM_ic0.5_dt0.0025_DT0.0100/33_Fmap_matrix.npy

real	0m27.370s
user	0m0.015s
sys	0m0.012s
136
176
Generating /cluster/projects/nn8008k/lluisa/NextSIM/seas/Fmap_10days/2010_JFM_ic0.5_dt0.0025_DT0.0100/34_Fmap_matrix.npy

real	0m27.385s
user	0m0.015s
sys	0m0.012s
140
180
Generating /cluster/projects/nn8008k/lluisa/NextSIM/seas/Fmap_10days/2010_JFM_ic0.5_dt0.0025_DT0.0100/35_Fmap_matrix.npy

real	0m27.435s
user	0m0.011s
sys	0m0.016s
144
184
Generating /cluster/projects/nn8008k/lluisa/NextSIM/seas/Fmap_10days/2010_JFM_ic0.5_dt0.0025_DT0.0100/36_Fmap_matrix.npy

real	0m28.525s
user	0m0.014s
sys	0m0.013s
148
188
Generating /cluster/projects/nn8008k/lluisa/NextSIM/seas/Fmap_10days/2010_JFM_ic0.5_dt0.0025_DT0.0100/37_Fmap_matrix.npy

real	0m27.345s
user	0m0.013s
sys	0m0.014s
152
192
Generating /cluster/projects/nn8008k/lluisa/NextSIM/seas/Fmap_10days/2010_JFM_ic0.5_dt0.0025_DT0.0100/38_Fmap_matrix.npy

real	0m27.583s
user	0m0.013s
sys	0m0.014s
156
196
Generating /cluster/projects/nn8008k/lluisa/NextSIM/seas/Fmap_10days/2010_JFM_ic0.5_dt0.0025_DT0.0100/39_Fmap_matrix.npy

real	0m27.960s
user	0m0.016s
sys	0m0.011s
160
200
Generating /cluster/projects/nn8008k/lluisa/NextSIM/seas/Fmap_10days/2010_JFM_ic0.5_dt0.0025_DT0.0100/40_Fmap_matrix.npy

real	0m27.077s
user	0m0.014s
sys	0m0.013s
164
204
Generating /cluster/projects/nn8008k/lluisa/NextSIM/seas/Fmap_10days/2010_JFM_ic0.5_dt0.0025_DT0.0100/41_Fmap_matrix.npy

real	0m27.492s
user	0m0.015s
sys	0m0.013s
168
208
Generating /cluster/projects/nn8008k/lluisa/NextSIM/seas/Fmap_10days/2010_JFM_ic0.5_dt0.0025_DT0.0100/42_Fmap_matrix.npy

real	0m27.218s
user	0m0.016s
sys	0m0.011s
172
212
Generating /cluster/projects/nn8008k/lluisa/NextSIM/seas/Fmap_10days/2010_JFM_ic0.5_dt0.0025_DT0.0100/43_Fmap_matrix.npy

real	0m27.550s
user	0m0.013s
sys	0m0.015s
176
216
Generating /cluster/projects/nn8008k/lluisa/NextSIM/seas/Fmap_10days/2010_JFM_ic0.5_dt0.0025_DT0.0100/44_Fmap_matrix.npy

real	0m27.509s
user	0m0.014s
sys	0m0.013s
180
220
Generating /cluster/projects/nn8008k/lluisa/NextSIM/seas/Fmap_10days/2010_JFM_ic0.5_dt0.0025_DT0.0100/45_Fmap_matrix.npy

real	0m27.391s
user	0m0.016s
sys	0m0.011s
184
224
Generating /cluster/projects/nn8008k/lluisa/NextSIM/seas/Fmap_10days/2010_JFM_ic0.5_dt0.0025_DT0.0100/46_Fmap_matrix.npy

real	0m27.971s
user	0m0.014s
sys	0m0.013s
188
228
Generating /cluster/projects/nn8008k/lluisa/NextSIM/seas/Fmap_10days/2010_JFM_ic0.5_dt0.0025_DT0.0100/47_Fmap_matrix.npy

real	0m27.185s
user	0m0.015s
sys	0m0.011s
192
232
Generating /cluster/projects/nn8008k/lluisa/NextSIM/seas/Fmap_10days/2010_JFM_ic0.5_dt0.0025_DT0.0100/48_Fmap_matrix.npy

real	0m27.503s
user	0m0.016s
sys	0m0.011s
196
236
Generating /cluster/projects/nn8008k/lluisa/NextSIM/seas/Fmap_10days/2010_JFM_ic0.5_dt0.0025_DT0.0100/49_Fmap_matrix.npy

real	0m27.459s
user	0m0.014s
sys	0m0.014s
200
240
Generating /cluster/projects/nn8008k/lluisa/NextSIM/seas/Fmap_10days/2010_JFM_ic0.5_dt0.0025_DT0.0100/50_Fmap_matrix.npy

real	0m28.153s
user	0m0.014s
sys	0m0.013s
204
244
Generating /cluster/projects/nn8008k/lluisa/NextSIM/seas/Fmap_10days/2010_JFM_ic0.5_dt0.0025_DT0.0100/51_Fmap_matrix.npy

real	0m27.510s
user	0m0.013s
sys	0m0.013s
208
248
Generating /cluster/projects/nn8008k/lluisa/NextSIM/seas/Fmap_10days/2010_JFM_ic0.5_dt0.0025_DT0.0100/52_Fmap_matrix.npy

real	0m26.939s
user	0m0.012s
sys	0m0.016s
212
252
Generating /cluster/projects/nn8008k/lluisa/NextSIM/seas/Fmap_10days/2010_JFM_ic0.5_dt0.0025_DT0.0100/53_Fmap_matrix.npy

real	0m27.270s
user	0m0.014s
sys	0m0.013s
216
256
Generating /cluster/projects/nn8008k/lluisa/NextSIM/seas/Fmap_10days/2010_JFM_ic0.5_dt0.0025_DT0.0100/54_Fmap_matrix.npy

real	0m27.378s
user	0m0.012s
sys	0m0.015s
220
260
Generating /cluster/projects/nn8008k/lluisa/NextSIM/seas/Fmap_10days/2010_JFM_ic0.5_dt0.0025_DT0.0100/55_Fmap_matrix.npy

real	0m27.500s
user	0m0.012s
sys	0m0.015s
224
264
Generating /cluster/projects/nn8008k/lluisa/NextSIM/seas/Fmap_10days/2010_JFM_ic0.5_dt0.0025_DT0.0100/56_Fmap_matrix.npy

real	0m27.703s
user	0m0.016s
sys	0m0.012s
228
268
Generating /cluster/projects/nn8008k/lluisa/NextSIM/seas/Fmap_10days/2010_JFM_ic0.5_dt0.0025_DT0.0100/57_Fmap_matrix.npy

real	0m27.443s
user	0m0.014s
sys	0m0.013s
232
272
Generating /cluster/projects/nn8008k/lluisa/NextSIM/seas/Fmap_10days/2010_JFM_ic0.5_dt0.0025_DT0.0100/58_Fmap_matrix.npy

real	0m27.550s
user	0m0.017s
sys	0m0.010s
236
276
Generating /cluster/projects/nn8008k/lluisa/NextSIM/seas/Fmap_10days/2010_JFM_ic0.5_dt0.0025_DT0.0100/59_Fmap_matrix.npy

real	0m27.118s
user	0m0.012s
sys	0m0.016s
240
280
Generating /cluster/projects/nn8008k/lluisa/NextSIM/seas/Fmap_10days/2010_JFM_ic0.5_dt0.0025_DT0.0100/60_Fmap_matrix.npy

real	0m27.470s
user	0m0.015s
sys	0m0.011s
244
284
Generating /cluster/projects/nn8008k/lluisa/NextSIM/seas/Fmap_10days/2010_JFM_ic0.5_dt0.0025_DT0.0100/61_Fmap_matrix.npy

real	0m27.317s
user	0m0.015s
sys	0m0.012s
248
288
Generating /cluster/projects/nn8008k/lluisa/NextSIM/seas/Fmap_10days/2010_JFM_ic0.5_dt0.0025_DT0.0100/62_Fmap_matrix.npy

real	0m27.442s
user	0m0.010s
sys	0m0.017s
252
292
Generating /cluster/projects/nn8008k/lluisa/NextSIM/seas/Fmap_10days/2010_JFM_ic0.5_dt0.0025_DT0.0100/63_Fmap_matrix.npy

real	0m28.815s
user	0m0.018s
sys	0m0.009s
256
296
Generating /cluster/projects/nn8008k/lluisa/NextSIM/seas/Fmap_10days/2010_JFM_ic0.5_dt0.0025_DT0.0100/64_Fmap_matrix.npy

real	0m27.441s
user	0m0.011s
sys	0m0.016s
260
300
Generating /cluster/projects/nn8008k/lluisa/NextSIM/seas/Fmap_10days/2010_JFM_ic0.5_dt0.0025_DT0.0100/65_Fmap_matrix.npy

real	0m27.437s
user	0m0.013s
sys	0m0.014s
264
304
Generating /cluster/projects/nn8008k/lluisa/NextSIM/seas/Fmap_10days/2010_JFM_ic0.5_dt0.0025_DT0.0100/66_Fmap_matrix.npy

real	0m27.445s
user	0m0.011s
sys	0m0.016s
268
308
Generating /cluster/projects/nn8008k/lluisa/NextSIM/seas/Fmap_10days/2010_JFM_ic0.5_dt0.0025_DT0.0100/67_Fmap_matrix.npy

real	0m27.547s
user	0m0.014s
sys	0m0.013s
272
312
Generating /cluster/projects/nn8008k/lluisa/NextSIM/seas/Fmap_10days/2010_JFM_ic0.5_dt0.0025_DT0.0100/68_Fmap_matrix.npy

real	0m27.294s
user	0m0.012s
sys	0m0.015s
276
316
Generating /cluster/projects/nn8008k/lluisa/NextSIM/seas/Fmap_10days/2010_JFM_ic0.5_dt0.0025_DT0.0100/69_Fmap_matrix.npy

real	0m27.532s
user	0m0.012s
sys	0m0.015s
280
320
Generating /cluster/projects/nn8008k/lluisa/NextSIM/seas/Fmap_10days/2010_JFM_ic0.5_dt0.0025_DT0.0100/70_Fmap_matrix.npy

real	0m27.319s
user	0m0.016s
sys	0m0.012s
284
324
Generating /cluster/projects/nn8008k/lluisa/NextSIM/seas/Fmap_10days/2010_JFM_ic0.5_dt0.0025_DT0.0100/71_Fmap_matrix.npy

real	0m27.725s
user	0m0.010s
sys	0m0.018s
288
328
Generating /cluster/projects/nn8008k/lluisa/NextSIM/seas/Fmap_10days/2010_JFM_ic0.5_dt0.0025_DT0.0100/72_Fmap_matrix.npy

real	0m27.566s
user	0m0.012s
sys	0m0.015s
292
332
Generating /cluster/projects/nn8008k/lluisa/NextSIM/seas/Fmap_10days/2010_JFM_ic0.5_dt0.0025_DT0.0100/73_Fmap_matrix.npy

real	0m27.520s
user	0m0.016s
sys	0m0.010s
296
336
Generating /cluster/projects/nn8008k/lluisa/NextSIM/seas/Fmap_10days/2010_JFM_ic0.5_dt0.0025_DT0.0100/74_Fmap_matrix.npy

real	0m27.279s
user	0m0.016s
sys	0m0.012s
300
340
Generating /cluster/projects/nn8008k/lluisa/NextSIM/seas/Fmap_10days/2010_JFM_ic0.5_dt0.0025_DT0.0100/75_Fmap_matrix.npy

real	0m27.219s
user	0m0.013s
sys	0m0.014s
304
344
Generating /cluster/projects/nn8008k/lluisa/NextSIM/seas/Fmap_10days/2010_JFM_ic0.5_dt0.0025_DT0.0100/76_Fmap_matrix.npy

real	0m28.202s
user	0m0.016s
sys	0m0.012s
308
348
Generating /cluster/projects/nn8008k/lluisa/NextSIM/seas/Fmap_10days/2010_JFM_ic0.5_dt0.0025_DT0.0100/77_Fmap_matrix.npy

real	0m27.327s
user	0m0.011s
sys	0m0.016s
312
352
Generating /cluster/projects/nn8008k/lluisa/NextSIM/seas/Fmap_10days/2010_JFM_ic0.5_dt0.0025_DT0.0100/78_Fmap_matrix.npy

real	0m27.344s
user	0m0.016s
sys	0m0.012s
316
356
Generating /cluster/projects/nn8008k/lluisa/NextSIM/seas/Fmap_10days/2010_JFM_ic0.5_dt0.0025_DT0.0100/79_Fmap_matrix.npy

real	0m27.787s
user	0m0.009s
sys	0m0.017s
320
360
Generating /cluster/projects/nn8008k/lluisa/NextSIM/seas/Fmap_10days/2010_JFM_ic0.5_dt0.0025_DT0.0100/80_Fmap_matrix.npy

real	0m27.464s
user	0m0.015s
sys	0m0.012s
EBVERSIONNUMACTL=2.0.16
SLURM_JOB_NUM_NODES=1
EBROOTNUMACTL=/cluster/software/numactl/2.0.16-GCCcore-13.2.0
EBDEVELNUMACTL=/cluster/software/numactl/2.0.16-GCCcore-13.2.0/easybuild/numactl-2.0.16-GCCcore-13.2.0-easybuild-devel
OMP_NUM_THREADS=32

Job 6228824 consumed 19.8 billing hours from project nn8008k.

Submitted 2025-05-03T00:03:21; waited 20.0 seconds in the queue after becoming eligible to run.

Requested wallclock time: 3.0 days
Elapsed wallclock time:   37.2 minutes

Job exited normally.

Task and CPU statistics:
ID              CPUs  Tasks  CPU util                Start   Elapsed  Exit status
6228824           32            0.0 %  2025-05-03T00:03:41  2233.0 s  0
6228824.batch     32      1     0.0 %  2025-05-03T00:03:41  2233.0 s  0
6228824.python    32      1    22.3 %  2025-05-03T00:03:47    34.0 s  0
6228824.python    32      1    27.7 %  2025-05-03T00:04:21    27.0 s  0
6228824.python    32      1    28.1 %  2025-05-03T00:04:48    27.0 s  0
6228824.python    32      1    28.0 %  2025-05-03T00:05:15    27.0 s  0
6228824.python    32      1    27.9 %  2025-05-03T00:05:42    27.0 s  0
6228824.python    32      1    27.0 %  2025-05-03T00:06:09    28.0 s  0
6228824.python    32      1    28.8 %  2025-05-03T00:06:37    26.0 s  0
6228824.python    32      1    27.0 %  2025-05-03T00:07:03    28.0 s  0
6228824.python    32      1    28.9 %  2025-05-03T00:07:31    26.0 s  0
6228824.python    32      1    27.9 %  2025-05-03T00:07:57    27.0 s  0
6228824.python    32      1    28.0 %  2025-05-03T00:08:25    27.0 s  0
6228824.python    32      1    28.0 %  2025-05-03T00:08:52    27.0 s  0
6228824.python    32      1    26.9 %  2025-05-03T00:09:19    28.0 s  0
6228824.python    32      1    28.0 %  2025-05-03T00:09:47    27.0 s  0
6228824.python    32      1    28.4 %  2025-05-03T00:10:14    27.0 s  0
6228824.python    32      1    28.0 %  2025-05-03T00:10:41    27.0 s  0
6228824.python    32      1    28.2 %  2025-05-03T00:11:08    27.0 s  0
6228824.python    32      1    28.0 %  2025-05-03T00:11:35    27.0 s  0
6228824.python    32      1    27.1 %  2025-05-03T00:12:02    28.0 s  0
6228824.python    32      1    27.9 %  2025-05-03T00:12:30    27.0 s  0
6228824.python    32      1    28.2 %  2025-05-03T00:12:57    27.0 s  0
6228824.python    32      1    28.0 %  2025-05-03T00:13:24    27.0 s  0
6228824.python    32      1    27.2 %  2025-05-03T00:13:51    28.0 s  0
6228824.python    32      1    28.8 %  2025-05-03T00:14:19    27.0 s  0
6228824.python    32      1    28.3 %  2025-05-03T00:14:46    27.0 s  0
6228824.python    32      1    27.5 %  2025-05-03T00:15:13    28.0 s  0
6228824.python    32      1    27.2 %  2025-05-03T00:15:41    28.0 s  0
6228824.python    32      1    28.3 %  2025-05-03T00:16:09    27.0 s  0
6228824.python    32      1    28.2 %  2025-05-03T00:16:36    27.0 s  0
6228824.python    32      1    27.1 %  2025-05-03T00:17:03    28.0 s  0
6228824.python    32      1    28.3 %  2025-05-03T00:17:31    27.0 s  0
6228824.python    32      1    27.3 %  2025-05-03T00:17:58    28.0 s  0
6228824.python    32      1    28.6 %  2025-05-03T00:18:26    27.0 s  0
6228824.python    32      1    27.1 %  2025-05-03T00:18:53    28.0 s  0
6228824.python    32      1    28.3 %  2025-05-03T00:19:21    27.0 s  0
6228824.python    32      1    27.4 %  2025-05-03T00:19:48    28.0 s  0
6228824.python    32      1    27.2 %  2025-05-03T00:20:16    28.0 s  0
6228824.python    32      1    28.3 %  2025-05-03T00:20:44    27.0 s  0
6228824.python    32      1    27.3 %  2025-05-03T00:21:11    28.0 s  0
6228824.python    32      1    27.5 %  2025-05-03T00:21:39    28.0 s  0
6228824.python    32      1    28.3 %  2025-05-03T00:22:07    27.0 s  0
6228824.python    32      1    27.2 %  2025-05-03T00:22:34    28.0 s  0
6228824.python    32      1    28.3 %  2025-05-03T00:23:02    27.0 s  0
6228824.python    32      1    28.3 %  2025-05-03T00:23:29    27.0 s  0
6228824.python    32      1    27.3 %  2025-05-03T00:23:56    28.0 s  0
6228824.python    32      1    28.5 %  2025-05-03T00:24:24    27.0 s  0
6228824.python    32      1    27.6 %  2025-05-03T00:24:51    28.0 s  0
6228824.python    32      1    28.4 %  2025-05-03T00:25:19    27.0 s  0
6228824.python    32      1    27.5 %  2025-05-03T00:25:46    28.0 s  0
6228824.python    32      1    28.4 %  2025-05-03T00:26:14    27.0 s  0
6228824.python    32      1    26.6 %  2025-05-03T00:26:41    29.0 s  0
6228824.python    32      1    28.4 %  2025-05-03T00:27:10    27.0 s  0
6228824.python    32      1    28.4 %  2025-05-03T00:27:37    27.0 s  0
6228824.python    32      1    28.5 %  2025-05-03T00:28:04    27.0 s  0
6228824.python    32      1    27.4 %  2025-05-03T00:28:31    28.0 s  0
6228824.python    32      1    28.7 %  2025-05-03T00:28:59    27.0 s  0
6228824.python    32      1    27.6 %  2025-05-03T00:29:26    28.0 s  0
6228824.python    32      1    28.5 %  2025-05-03T00:29:54    27.0 s  0
6228824.python    32      1    27.6 %  2025-05-03T00:30:21    28.0 s  0
6228824.python    32      1    28.5 %  2025-05-03T00:30:49    27.0 s  0
6228824.python    32      1    28.6 %  2025-05-03T00:31:16    27.0 s  0
6228824.python    32      1    27.6 %  2025-05-03T00:31:43    28.0 s  0
6228824.python    32      1    28.9 %  2025-05-03T00:32:11    27.0 s  0
6228824.python    32      1    27.1 %  2025-05-03T00:32:38    29.0 s  0
6228824.python    32      1    28.9 %  2025-05-03T00:33:07    27.0 s  0
6228824.python    32      1    27.6 %  2025-05-03T00:33:34    28.0 s  0
6228824.python    32      1    28.6 %  2025-05-03T00:34:02    27.0 s  0
6228824.python    32      1    27.5 %  2025-05-03T00:34:29    28.0 s  0
6228824.python    32      1    28.7 %  2025-05-03T00:34:57    27.0 s  0
6228824.python    32      1    27.9 %  2025-05-03T00:35:24    28.0 s  0
6228824.python    32      1    28.7 %  2025-05-03T00:35:52    27.0 s  0
6228824.python    32      1    27.7 %  2025-05-03T00:36:19    28.0 s  0
6228824.python    32      1    28.7 %  2025-05-03T00:36:47    27.0 s  0
6228824.python    32      1    27.6 %  2025-05-03T00:37:14    28.0 s  0
6228824.python    32      1    28.8 %  2025-05-03T00:37:42    27.0 s  0
6228824.python    32      1    28.7 %  2025-05-03T00:38:09    27.0 s  0
6228824.python    32      1    27.5 %  2025-05-03T00:38:36    29.0 s  0
6228824.python    32      1    28.7 %  2025-05-03T00:39:05    27.0 s  0
6228824.python    32      1    28.5 %  2025-05-03T00:39:32    27.0 s  0
6228824.python    32      1    27.8 %  2025-05-03T00:39:59    28.0 s  0
6228824.python    32      1    28.6 %  2025-05-03T00:40:27    27.0 s  0

Used CPU time:   5.5 CPU hours
Unused CPU time: 14.3 CPU hours

Memory statistics, in GiB:
ID               Alloc   Usage
6228824           59.0        
6228824.batch     59.0     0.0
6228824.python    59.0     6.9
6228824.python    59.0     0.1
6228824.python    59.0     0.1
6228824.python    59.0     0.1
6228824.python    59.0     0.1
6228824.python    59.0     0.1
6228824.python    59.0     0.1
6228824.python    59.0     0.1
6228824.python    59.0     0.1
6228824.python    59.0     0.1
6228824.python    59.0     0.1
6228824.python    59.0     0.1
6228824.python    59.0     0.1
6228824.python    59.0     0.1
6228824.python    59.0     0.1
6228824.python    59.0     0.1
6228824.python    59.0     0.1
6228824.python    59.0     0.1
6228824.python    59.0     0.1
6228824.python    59.0     0.1
6228824.python    59.0     0.1
6228824.python    59.0     0.1
6228824.python    59.0     0.1
6228824.python    59.0     0.1
6228824.python    59.0     0.1
6228824.python    59.0     0.1
6228824.python    59.0     0.1
6228824.python    59.0     0.1
6228824.python    59.0     0.1
6228824.python    59.0     0.1
6228824.python    59.0     0.1
6228824.python    59.0     0.1
6228824.python    59.0     0.1
6228824.python    59.0     0.1
6228824.python    59.0     0.1
6228824.python    59.0     0.1
6228824.python    59.0     0.1
6228824.python    59.0     0.1
6228824.python    59.0     0.2
6228824.python    59.0     0.1
6228824.python    59.0     0.1
6228824.python    59.0     0.1
6228824.python    59.0     0.1
6228824.python    59.0     0.1
6228824.python    59.0     0.1
6228824.python    59.0     0.1
6228824.python    59.0     0.1
6228824.python    59.0     0.1
6228824.python    59.0     0.1
6228824.python    59.0     0.1
6228824.python    59.0     0.1
6228824.python    59.0     0.1
6228824.python    59.0     0.1
6228824.python    59.0     0.1
6228824.python    59.0     0.1
6228824.python    59.0     0.1
6228824.python    59.0     0.1
6228824.python    59.0     0.1
6228824.python    59.0     0.1
6228824.python    59.0     0.1
6228824.python    59.0     0.1
6228824.python    59.0     0.1
6228824.python    59.0     0.1
6228824.python    59.0     0.1
6228824.python    59.0     0.1
6228824.python    59.0     0.1
6228824.python    59.0     0.1
6228824.python    59.0     0.1
6228824.python    59.0     0.1
6228824.python    59.0     0.1
6228824.python    59.0     0.1
6228824.python    59.0     0.1
6228824.python    59.0     0.1
6228824.python    59.0     0.1
6228824.python    59.0     0.1
6228824.python    59.0     0.1
6228824.python    59.0     0.1
6228824.python    59.0     0.2
6228824.python    59.0     0.1
6228824.python    59.0     0.1
6228824.python    59.0     0.1

Job 6228824 completed at Sat May 3 00:40:55 CEST 2025
