Starting job 6228791 on c21-3 on fram at Sat May 3 00:03:44 CEST 2025


Currently Loaded Modules:
  1) StdEnv (S)

  Where:
   S:  Module is Sticky, requires --force to unload or purge

 


The following have been reloaded with a version change:
  1) GCCcore/13.3.0 => GCCcore/13.2.0
  2) OpenSSL/3 => OpenSSL/1.1
  3) Python/3.12.3-GCCcore-13.3.0 => Python/3.11.5-GCCcore-13.2.0
  4) SQLite/3.45.3-GCCcore-13.3.0 => SQLite/3.43.1-GCCcore-13.2.0
  5) Tcl/8.6.14-GCCcore-13.3.0 => Tcl/8.6.13-GCCcore-13.2.0
  6) XZ/5.4.5-GCCcore-13.3.0 => XZ/5.4.4-GCCcore-13.2.0
  7) binutils/2.42-GCCcore-13.3.0 => binutils/2.40-GCCcore-13.2.0
  8) bzip2/1.0.8-GCCcore-13.3.0 => bzip2/1.0.8-GCCcore-13.2.0
  9) libffi/3.4.5-GCCcore-13.3.0 => libffi/3.4.4-GCCcore-13.2.0
 10) libreadline/8.2-GCCcore-13.3.0 => libreadline/8.2-GCCcore-13.2.0
 11) ncurses/6.5-GCCcore-13.3.0 => ncurses/6.4-GCCcore-13.2.0
 12) zlib/1.3.1-GCCcore-13.3.0 => zlib/1.2.13-GCCcore-13.2.0

0
40
Generating /cluster/projects/nn8008k/lluisa/NextSIM/seas/Fmap_10days/2002_OND_ic0.5_dt0.0025_DT0.0100/0_Fmap_matrix.npy

real	0m34.170s
user	0m0.013s
sys	0m0.025s
4
44
Generating /cluster/projects/nn8008k/lluisa/NextSIM/seas/Fmap_10days/2002_OND_ic0.5_dt0.0025_DT0.0100/1_Fmap_matrix.npy

real	0m25.007s
user	0m0.015s
sys	0m0.013s
8
48
Generating /cluster/projects/nn8008k/lluisa/NextSIM/seas/Fmap_10days/2002_OND_ic0.5_dt0.0025_DT0.0100/2_Fmap_matrix.npy

real	0m24.345s
user	0m0.013s
sys	0m0.013s
12
52
Generating /cluster/projects/nn8008k/lluisa/NextSIM/seas/Fmap_10days/2002_OND_ic0.5_dt0.0025_DT0.0100/3_Fmap_matrix.npy

real	0m25.027s
user	0m0.014s
sys	0m0.012s
16
56
Generating /cluster/projects/nn8008k/lluisa/NextSIM/seas/Fmap_10days/2002_OND_ic0.5_dt0.0025_DT0.0100/4_Fmap_matrix.npy

real	0m24.568s
user	0m0.016s
sys	0m0.011s
20
60
Generating /cluster/projects/nn8008k/lluisa/NextSIM/seas/Fmap_10days/2002_OND_ic0.5_dt0.0025_DT0.0100/5_Fmap_matrix.npy

real	0m24.380s
user	0m0.014s
sys	0m0.014s
24
64
Generating /cluster/projects/nn8008k/lluisa/NextSIM/seas/Fmap_10days/2002_OND_ic0.5_dt0.0025_DT0.0100/6_Fmap_matrix.npy

real	0m24.284s
user	0m0.015s
sys	0m0.013s
28
68
Generating /cluster/projects/nn8008k/lluisa/NextSIM/seas/Fmap_10days/2002_OND_ic0.5_dt0.0025_DT0.0100/7_Fmap_matrix.npy

real	0m24.966s
user	0m0.014s
sys	0m0.013s
32
72
Generating /cluster/projects/nn8008k/lluisa/NextSIM/seas/Fmap_10days/2002_OND_ic0.5_dt0.0025_DT0.0100/8_Fmap_matrix.npy

real	0m24.498s
user	0m0.010s
sys	0m0.016s
36
76
Generating /cluster/projects/nn8008k/lluisa/NextSIM/seas/Fmap_10days/2002_OND_ic0.5_dt0.0025_DT0.0100/9_Fmap_matrix.npy

real	0m24.783s
user	0m0.013s
sys	0m0.015s
40
80
Generating /cluster/projects/nn8008k/lluisa/NextSIM/seas/Fmap_10days/2002_OND_ic0.5_dt0.0025_DT0.0100/10_Fmap_matrix.npy

real	0m24.833s
user	0m0.010s
sys	0m0.017s
44
84
Generating /cluster/projects/nn8008k/lluisa/NextSIM/seas/Fmap_10days/2002_OND_ic0.5_dt0.0025_DT0.0100/11_Fmap_matrix.npy

real	0m24.894s
user	0m0.015s
sys	0m0.013s
48
88
Generating /cluster/projects/nn8008k/lluisa/NextSIM/seas/Fmap_10days/2002_OND_ic0.5_dt0.0025_DT0.0100/12_Fmap_matrix.npy

real	0m25.196s
user	0m0.014s
sys	0m0.015s
52
92
Generating /cluster/projects/nn8008k/lluisa/NextSIM/seas/Fmap_10days/2002_OND_ic0.5_dt0.0025_DT0.0100/13_Fmap_matrix.npy

real	0m25.125s
user	0m0.013s
sys	0m0.016s
56
96
Generating /cluster/projects/nn8008k/lluisa/NextSIM/seas/Fmap_10days/2002_OND_ic0.5_dt0.0025_DT0.0100/14_Fmap_matrix.npy

real	0m25.252s
user	0m0.017s
sys	0m0.010s
60
100
Generating /cluster/projects/nn8008k/lluisa/NextSIM/seas/Fmap_10days/2002_OND_ic0.5_dt0.0025_DT0.0100/15_Fmap_matrix.npy

real	0m25.304s
user	0m0.017s
sys	0m0.012s
64
104
Generating /cluster/projects/nn8008k/lluisa/NextSIM/seas/Fmap_10days/2002_OND_ic0.5_dt0.0025_DT0.0100/16_Fmap_matrix.npy

real	0m25.184s
user	0m0.016s
sys	0m0.012s
68
108
Generating /cluster/projects/nn8008k/lluisa/NextSIM/seas/Fmap_10days/2002_OND_ic0.5_dt0.0025_DT0.0100/17_Fmap_matrix.npy

real	0m24.665s
user	0m0.014s
sys	0m0.014s
72
112
Generating /cluster/projects/nn8008k/lluisa/NextSIM/seas/Fmap_10days/2002_OND_ic0.5_dt0.0025_DT0.0100/18_Fmap_matrix.npy

real	0m24.780s
user	0m0.013s
sys	0m0.015s
76
116
Generating /cluster/projects/nn8008k/lluisa/NextSIM/seas/Fmap_10days/2002_OND_ic0.5_dt0.0025_DT0.0100/19_Fmap_matrix.npy

real	0m25.067s
user	0m0.010s
sys	0m0.019s
80
120
Generating /cluster/projects/nn8008k/lluisa/NextSIM/seas/Fmap_10days/2002_OND_ic0.5_dt0.0025_DT0.0100/20_Fmap_matrix.npy

real	0m25.503s
user	0m0.014s
sys	0m0.015s
84
124
Generating /cluster/projects/nn8008k/lluisa/NextSIM/seas/Fmap_10days/2002_OND_ic0.5_dt0.0025_DT0.0100/21_Fmap_matrix.npy

real	0m25.288s
user	0m0.014s
sys	0m0.014s
88
128
Generating /cluster/projects/nn8008k/lluisa/NextSIM/seas/Fmap_10days/2002_OND_ic0.5_dt0.0025_DT0.0100/22_Fmap_matrix.npy

real	0m24.624s
user	0m0.016s
sys	0m0.012s
92
132
Generating /cluster/projects/nn8008k/lluisa/NextSIM/seas/Fmap_10days/2002_OND_ic0.5_dt0.0025_DT0.0100/23_Fmap_matrix.npy

real	0m25.206s
user	0m0.014s
sys	0m0.014s
96
136
Generating /cluster/projects/nn8008k/lluisa/NextSIM/seas/Fmap_10days/2002_OND_ic0.5_dt0.0025_DT0.0100/24_Fmap_matrix.npy

real	0m25.097s
user	0m0.013s
sys	0m0.017s
100
140
Generating /cluster/projects/nn8008k/lluisa/NextSIM/seas/Fmap_10days/2002_OND_ic0.5_dt0.0025_DT0.0100/25_Fmap_matrix.npy

real	0m24.791s
user	0m0.013s
sys	0m0.015s
104
144
Generating /cluster/projects/nn8008k/lluisa/NextSIM/seas/Fmap_10days/2002_OND_ic0.5_dt0.0025_DT0.0100/26_Fmap_matrix.npy

real	0m25.265s
user	0m0.018s
sys	0m0.010s
108
148
Generating /cluster/projects/nn8008k/lluisa/NextSIM/seas/Fmap_10days/2002_OND_ic0.5_dt0.0025_DT0.0100/27_Fmap_matrix.npy

real	0m25.554s
user	0m0.015s
sys	0m0.012s
112
152
Generating /cluster/projects/nn8008k/lluisa/NextSIM/seas/Fmap_10days/2002_OND_ic0.5_dt0.0025_DT0.0100/28_Fmap_matrix.npy

real	0m25.840s
user	0m0.016s
sys	0m0.011s
116
156
Generating /cluster/projects/nn8008k/lluisa/NextSIM/seas/Fmap_10days/2002_OND_ic0.5_dt0.0025_DT0.0100/29_Fmap_matrix.npy

real	0m25.857s
user	0m0.012s
sys	0m0.016s
120
160
Generating /cluster/projects/nn8008k/lluisa/NextSIM/seas/Fmap_10days/2002_OND_ic0.5_dt0.0025_DT0.0100/30_Fmap_matrix.npy

real	0m25.444s
user	0m0.014s
sys	0m0.013s
124
164
Generating /cluster/projects/nn8008k/lluisa/NextSIM/seas/Fmap_10days/2002_OND_ic0.5_dt0.0025_DT0.0100/31_Fmap_matrix.npy

real	0m25.117s
user	0m0.015s
sys	0m0.011s
128
168
Generating /cluster/projects/nn8008k/lluisa/NextSIM/seas/Fmap_10days/2002_OND_ic0.5_dt0.0025_DT0.0100/32_Fmap_matrix.npy

real	0m25.581s
user	0m0.013s
sys	0m0.014s
132
172
Generating /cluster/projects/nn8008k/lluisa/NextSIM/seas/Fmap_10days/2002_OND_ic0.5_dt0.0025_DT0.0100/33_Fmap_matrix.npy

real	0m25.173s
user	0m0.013s
sys	0m0.014s
136
176
Generating /cluster/projects/nn8008k/lluisa/NextSIM/seas/Fmap_10days/2002_OND_ic0.5_dt0.0025_DT0.0100/34_Fmap_matrix.npy

real	0m25.299s
user	0m0.016s
sys	0m0.011s
140
180
Generating /cluster/projects/nn8008k/lluisa/NextSIM/seas/Fmap_10days/2002_OND_ic0.5_dt0.0025_DT0.0100/35_Fmap_matrix.npy

real	0m25.852s
user	0m0.012s
sys	0m0.016s
144
184
Generating /cluster/projects/nn8008k/lluisa/NextSIM/seas/Fmap_10days/2002_OND_ic0.5_dt0.0025_DT0.0100/36_Fmap_matrix.npy

real	0m25.718s
user	0m0.016s
sys	0m0.011s
148
188
Generating /cluster/projects/nn8008k/lluisa/NextSIM/seas/Fmap_10days/2002_OND_ic0.5_dt0.0025_DT0.0100/37_Fmap_matrix.npy

real	0m25.780s
user	0m0.014s
sys	0m0.013s
152
192
Generating /cluster/projects/nn8008k/lluisa/NextSIM/seas/Fmap_10days/2002_OND_ic0.5_dt0.0025_DT0.0100/38_Fmap_matrix.npy

real	0m25.642s
user	0m0.013s
sys	0m0.013s
156
196
Generating /cluster/projects/nn8008k/lluisa/NextSIM/seas/Fmap_10days/2002_OND_ic0.5_dt0.0025_DT0.0100/39_Fmap_matrix.npy

real	0m25.692s
user	0m0.012s
sys	0m0.015s
160
200
Generating /cluster/projects/nn8008k/lluisa/NextSIM/seas/Fmap_10days/2002_OND_ic0.5_dt0.0025_DT0.0100/40_Fmap_matrix.npy

real	0m25.568s
user	0m0.013s
sys	0m0.014s
164
204
Generating /cluster/projects/nn8008k/lluisa/NextSIM/seas/Fmap_10days/2002_OND_ic0.5_dt0.0025_DT0.0100/41_Fmap_matrix.npy

real	0m25.521s
user	0m0.011s
sys	0m0.015s
168
208
Generating /cluster/projects/nn8008k/lluisa/NextSIM/seas/Fmap_10days/2002_OND_ic0.5_dt0.0025_DT0.0100/42_Fmap_matrix.npy

real	0m25.672s
user	0m0.010s
sys	0m0.016s
172
212
Generating /cluster/projects/nn8008k/lluisa/NextSIM/seas/Fmap_10days/2002_OND_ic0.5_dt0.0025_DT0.0100/43_Fmap_matrix.npy

real	0m26.461s
user	0m0.014s
sys	0m0.012s
176
216
Generating /cluster/projects/nn8008k/lluisa/NextSIM/seas/Fmap_10days/2002_OND_ic0.5_dt0.0025_DT0.0100/44_Fmap_matrix.npy

real	0m25.962s
user	0m0.012s
sys	0m0.014s
180
220
Generating /cluster/projects/nn8008k/lluisa/NextSIM/seas/Fmap_10days/2002_OND_ic0.5_dt0.0025_DT0.0100/45_Fmap_matrix.npy

real	0m26.073s
user	0m0.012s
sys	0m0.014s
184
224
Generating /cluster/projects/nn8008k/lluisa/NextSIM/seas/Fmap_10days/2002_OND_ic0.5_dt0.0025_DT0.0100/46_Fmap_matrix.npy

real	0m25.622s
user	0m0.012s
sys	0m0.015s
188
228
Generating /cluster/projects/nn8008k/lluisa/NextSIM/seas/Fmap_10days/2002_OND_ic0.5_dt0.0025_DT0.0100/47_Fmap_matrix.npy

real	0m26.215s
user	0m0.014s
sys	0m0.013s
192
232
Generating /cluster/projects/nn8008k/lluisa/NextSIM/seas/Fmap_10days/2002_OND_ic0.5_dt0.0025_DT0.0100/48_Fmap_matrix.npy

real	0m26.010s
user	0m0.010s
sys	0m0.017s
196
236
Generating /cluster/projects/nn8008k/lluisa/NextSIM/seas/Fmap_10days/2002_OND_ic0.5_dt0.0025_DT0.0100/49_Fmap_matrix.npy

real	0m26.229s
user	0m0.014s
sys	0m0.013s
200
240
Generating /cluster/projects/nn8008k/lluisa/NextSIM/seas/Fmap_10days/2002_OND_ic0.5_dt0.0025_DT0.0100/50_Fmap_matrix.npy

real	0m26.248s
user	0m0.015s
sys	0m0.012s
204
244
Generating /cluster/projects/nn8008k/lluisa/NextSIM/seas/Fmap_10days/2002_OND_ic0.5_dt0.0025_DT0.0100/51_Fmap_matrix.npy

real	0m25.945s
user	0m0.015s
sys	0m0.012s
208
248
Generating /cluster/projects/nn8008k/lluisa/NextSIM/seas/Fmap_10days/2002_OND_ic0.5_dt0.0025_DT0.0100/52_Fmap_matrix.npy

real	0m26.326s
user	0m0.010s
sys	0m0.017s
212
252
Generating /cluster/projects/nn8008k/lluisa/NextSIM/seas/Fmap_10days/2002_OND_ic0.5_dt0.0025_DT0.0100/53_Fmap_matrix.npy

real	0m26.059s
user	0m0.012s
sys	0m0.015s
216
256
Generating /cluster/projects/nn8008k/lluisa/NextSIM/seas/Fmap_10days/2002_OND_ic0.5_dt0.0025_DT0.0100/54_Fmap_matrix.npy

real	0m26.324s
user	0m0.012s
sys	0m0.016s
220
260
Generating /cluster/projects/nn8008k/lluisa/NextSIM/seas/Fmap_10days/2002_OND_ic0.5_dt0.0025_DT0.0100/55_Fmap_matrix.npy

real	0m26.623s
user	0m0.011s
sys	0m0.016s
224
264
Generating /cluster/projects/nn8008k/lluisa/NextSIM/seas/Fmap_10days/2002_OND_ic0.5_dt0.0025_DT0.0100/56_Fmap_matrix.npy

real	0m26.275s
user	0m0.011s
sys	0m0.016s
228
268
Generating /cluster/projects/nn8008k/lluisa/NextSIM/seas/Fmap_10days/2002_OND_ic0.5_dt0.0025_DT0.0100/57_Fmap_matrix.npy

real	0m26.217s
user	0m0.013s
sys	0m0.015s
232
272
Generating /cluster/projects/nn8008k/lluisa/NextSIM/seas/Fmap_10days/2002_OND_ic0.5_dt0.0025_DT0.0100/58_Fmap_matrix.npy

real	0m26.467s
user	0m0.010s
sys	0m0.018s
236
276
Generating /cluster/projects/nn8008k/lluisa/NextSIM/seas/Fmap_10days/2002_OND_ic0.5_dt0.0025_DT0.0100/59_Fmap_matrix.npy

real	0m26.626s
user	0m0.015s
sys	0m0.012s
240
280
Generating /cluster/projects/nn8008k/lluisa/NextSIM/seas/Fmap_10days/2002_OND_ic0.5_dt0.0025_DT0.0100/60_Fmap_matrix.npy

real	0m26.434s
user	0m0.008s
sys	0m0.020s
244
284
Generating /cluster/projects/nn8008k/lluisa/NextSIM/seas/Fmap_10days/2002_OND_ic0.5_dt0.0025_DT0.0100/61_Fmap_matrix.npy

real	0m27.028s
user	0m0.011s
sys	0m0.016s
248
288
Generating /cluster/projects/nn8008k/lluisa/NextSIM/seas/Fmap_10days/2002_OND_ic0.5_dt0.0025_DT0.0100/62_Fmap_matrix.npy

real	0m26.811s
user	0m0.009s
sys	0m0.017s
252
292
Generating /cluster/projects/nn8008k/lluisa/NextSIM/seas/Fmap_10days/2002_OND_ic0.5_dt0.0025_DT0.0100/63_Fmap_matrix.npy

real	0m26.894s
user	0m0.013s
sys	0m0.012s
256
296
Generating /cluster/projects/nn8008k/lluisa/NextSIM/seas/Fmap_10days/2002_OND_ic0.5_dt0.0025_DT0.0100/64_Fmap_matrix.npy

real	0m26.665s
user	0m0.018s
sys	0m0.008s
260
300
Generating /cluster/projects/nn8008k/lluisa/NextSIM/seas/Fmap_10days/2002_OND_ic0.5_dt0.0025_DT0.0100/65_Fmap_matrix.npy

real	0m26.968s
user	0m0.012s
sys	0m0.017s
264
304
Generating /cluster/projects/nn8008k/lluisa/NextSIM/seas/Fmap_10days/2002_OND_ic0.5_dt0.0025_DT0.0100/66_Fmap_matrix.npy

real	0m27.182s
user	0m0.013s
sys	0m0.014s
268
308
Generating /cluster/projects/nn8008k/lluisa/NextSIM/seas/Fmap_10days/2002_OND_ic0.5_dt0.0025_DT0.0100/67_Fmap_matrix.npy

real	0m26.582s
user	0m0.013s
sys	0m0.015s
272
312
Generating /cluster/projects/nn8008k/lluisa/NextSIM/seas/Fmap_10days/2002_OND_ic0.5_dt0.0025_DT0.0100/68_Fmap_matrix.npy

real	0m27.145s
user	0m0.014s
sys	0m0.014s
276
316
Generating /cluster/projects/nn8008k/lluisa/NextSIM/seas/Fmap_10days/2002_OND_ic0.5_dt0.0025_DT0.0100/69_Fmap_matrix.npy

real	0m26.695s
user	0m0.016s
sys	0m0.012s
280
320
Generating /cluster/projects/nn8008k/lluisa/NextSIM/seas/Fmap_10days/2002_OND_ic0.5_dt0.0025_DT0.0100/70_Fmap_matrix.npy

real	0m26.681s
user	0m0.012s
sys	0m0.015s
284
324
Generating /cluster/projects/nn8008k/lluisa/NextSIM/seas/Fmap_10days/2002_OND_ic0.5_dt0.0025_DT0.0100/71_Fmap_matrix.npy

real	0m26.885s
user	0m0.011s
sys	0m0.016s
288
328
Generating /cluster/projects/nn8008k/lluisa/NextSIM/seas/Fmap_10days/2002_OND_ic0.5_dt0.0025_DT0.0100/72_Fmap_matrix.npy

real	0m26.918s
user	0m0.014s
sys	0m0.012s
292
332
Generating /cluster/projects/nn8008k/lluisa/NextSIM/seas/Fmap_10days/2002_OND_ic0.5_dt0.0025_DT0.0100/73_Fmap_matrix.npy

real	0m27.371s
user	0m0.014s
sys	0m0.012s
296
336
Generating /cluster/projects/nn8008k/lluisa/NextSIM/seas/Fmap_10days/2002_OND_ic0.5_dt0.0025_DT0.0100/74_Fmap_matrix.npy

real	0m26.907s
user	0m0.011s
sys	0m0.016s
300
340
Generating /cluster/projects/nn8008k/lluisa/NextSIM/seas/Fmap_10days/2002_OND_ic0.5_dt0.0025_DT0.0100/75_Fmap_matrix.npy

real	0m27.360s
user	0m0.015s
sys	0m0.012s
304
344
Generating /cluster/projects/nn8008k/lluisa/NextSIM/seas/Fmap_10days/2002_OND_ic0.5_dt0.0025_DT0.0100/76_Fmap_matrix.npy

real	0m26.884s
user	0m0.013s
sys	0m0.015s
308
348
Generating /cluster/projects/nn8008k/lluisa/NextSIM/seas/Fmap_10days/2002_OND_ic0.5_dt0.0025_DT0.0100/77_Fmap_matrix.npy

real	0m27.219s
user	0m0.011s
sys	0m0.017s
312
352
Generating /cluster/projects/nn8008k/lluisa/NextSIM/seas/Fmap_10days/2002_OND_ic0.5_dt0.0025_DT0.0100/78_Fmap_matrix.npy

real	0m27.512s
user	0m0.010s
sys	0m0.018s
316
356
Generating /cluster/projects/nn8008k/lluisa/NextSIM/seas/Fmap_10days/2002_OND_ic0.5_dt0.0025_DT0.0100/79_Fmap_matrix.npy

real	0m27.213s
user	0m0.013s
sys	0m0.014s
320
360
Generating /cluster/projects/nn8008k/lluisa/NextSIM/seas/Fmap_10days/2002_OND_ic0.5_dt0.0025_DT0.0100/80_Fmap_matrix.npy

real	0m27.291s
user	0m0.015s
sys	0m0.011s
EBVERSIONNUMACTL=2.0.16
SLURM_JOB_NUM_NODES=1
EBROOTNUMACTL=/cluster/software/numactl/2.0.16-GCCcore-13.2.0
EBDEVELNUMACTL=/cluster/software/numactl/2.0.16-GCCcore-13.2.0/easybuild/numactl-2.0.16-GCCcore-13.2.0-easybuild-devel
OMP_NUM_THREADS=32

Job 6228791 consumed 18.7 billing hours from project nn8008k.

Submitted 2025-05-03T00:03:20; waited 21.0 seconds in the queue after becoming eligible to run.

Requested wallclock time: 3.0 days
Elapsed wallclock time:   35.1 minutes

Job exited normally.

Task and CPU statistics:
ID              CPUs  Tasks  CPU util                Start   Elapsed  Exit status
6228791           32            0.0 %  2025-05-03T00:03:41  2109.0 s  0
6228791.batch     32      1     0.0 %  2025-05-03T00:03:41  2109.0 s  0
6228791.python    32      1    17.5 %  2025-05-03T00:03:47    34.0 s  0
6228791.python    32      1    23.6 %  2025-05-03T00:04:21    25.0 s  0
6228791.python    32      1    24.7 %  2025-05-03T00:04:46    24.0 s  0
6228791.python    32      1    23.6 %  2025-05-03T00:05:10    25.0 s  0
6228791.python    32      1    23.8 %  2025-05-03T00:05:35    25.0 s  0
6228791.python    32      1    24.9 %  2025-05-03T00:06:00    24.0 s  0
6228791.python    32      1    25.2 %  2025-05-03T00:06:24    24.0 s  0
6228791.python    32      1    24.7 %  2025-05-03T00:06:48    25.0 s  0
6228791.python    32      1    24.5 %  2025-05-03T00:07:13    25.0 s  0
6228791.python    32      1    24.8 %  2025-05-03T00:07:38    25.0 s  0
6228791.python    32      1    25.9 %  2025-05-03T00:08:03    24.0 s  0
6228791.python    32      1    25.2 %  2025-05-03T00:08:27    25.0 s  0
6228791.python    32      1    24.7 %  2025-05-03T00:08:52    26.0 s  0
6228791.python    32      1    25.5 %  2025-05-03T00:09:18    25.0 s  0
6228791.python    32      1    25.4 %  2025-05-03T00:09:43    25.0 s  0
6228791.python    32      1    25.4 %  2025-05-03T00:10:08    25.0 s  0
6228791.python    32      1    25.6 %  2025-05-03T00:10:33    25.0 s  0
6228791.python    32      1    25.7 %  2025-05-03T00:10:58    25.0 s  0
6228791.python    32      1    25.5 %  2025-05-03T00:11:23    25.0 s  0
6228791.python    32      1    25.6 %  2025-05-03T00:11:48    25.0 s  0
6228791.python    32      1    25.7 %  2025-05-03T00:12:13    25.0 s  0
6228791.python    32      1    25.0 %  2025-05-03T00:12:38    26.0 s  0
6228791.python    32      1    26.8 %  2025-05-03T00:13:04    24.0 s  0
6228791.python    32      1    24.8 %  2025-05-03T00:13:28    26.0 s  0
6228791.python    32      1    25.7 %  2025-05-03T00:13:54    25.0 s  0
6228791.python    32      1    26.7 %  2025-05-03T00:14:19    24.0 s  0
6228791.python    32      1    24.8 %  2025-05-03T00:14:43    26.0 s  0
6228791.python    32      1    26.1 %  2025-05-03T00:15:09    25.0 s  0
6228791.python    32      1    25.2 %  2025-05-03T00:15:34    26.0 s  0
6228791.python    32      1    25.1 %  2025-05-03T00:16:00    26.0 s  0
6228791.python    32      1    26.1 %  2025-05-03T00:16:26    25.0 s  0
6228791.python    32      1    25.0 %  2025-05-03T00:16:51    26.0 s  0
6228791.python    32      1    26.1 %  2025-05-03T00:17:17    25.0 s  0
6228791.python    32      1    26.0 %  2025-05-03T00:17:42    25.0 s  0
6228791.python    32      1    25.2 %  2025-05-03T00:18:07    26.0 s  0
6228791.python    32      1    26.4 %  2025-05-03T00:18:33    25.0 s  0
6228791.python    32      1    25.2 %  2025-05-03T00:18:58    26.0 s  0
6228791.python    32      1    25.8 %  2025-05-03T00:19:24    26.0 s  0
6228791.python    32      1    25.6 %  2025-05-03T00:19:50    26.0 s  0
6228791.python    32      1    26.8 %  2025-05-03T00:20:16    25.0 s  0
6228791.python    32      1    25.7 %  2025-05-03T00:20:41    26.0 s  0
6228791.python    32      1    26.6 %  2025-05-03T00:21:07    25.0 s  0
6228791.python    32      1    25.8 %  2025-05-03T00:21:32    26.0 s  0
6228791.python    32      1    25.2 %  2025-05-03T00:21:58    27.0 s  0
6228791.python    32      1    27.2 %  2025-05-03T00:22:25    25.0 s  0
6228791.python    32      1    26.1 %  2025-05-03T00:22:51    26.0 s  0
6228791.python    32      1    27.0 %  2025-05-03T00:23:17    25.0 s  0
6228791.python    32      1    26.3 %  2025-05-03T00:23:42    26.0 s  0
6228791.python    32      1    26.3 %  2025-05-03T00:24:08    26.0 s  0
6228791.python    32      1    25.5 %  2025-05-03T00:24:34    27.0 s  0
6228791.python    32      1    26.7 %  2025-05-03T00:25:01    26.0 s  0
6228791.python    32      1    26.9 %  2025-05-03T00:25:27    26.0 s  0
6228791.python    32      1    27.0 %  2025-05-03T00:25:53    26.0 s  0
6228791.python    32      1    26.9 %  2025-05-03T00:26:19    26.0 s  0
6228791.python    32      1    26.1 %  2025-05-03T00:26:45    27.0 s  0
6228791.python    32      1    26.9 %  2025-05-03T00:27:12    26.0 s  0
6228791.python    32      1    26.9 %  2025-05-03T00:27:38    26.0 s  0
6228791.python    32      1    26.4 %  2025-05-03T00:28:04    27.0 s  0
6228791.python    32      1    27.2 %  2025-05-03T00:28:31    26.0 s  0
6228791.python    32      1    26.5 %  2025-05-03T00:28:57    27.0 s  0
6228791.python    32      1    27.6 %  2025-05-03T00:29:24    26.0 s  0
6228791.python    32      1    26.8 %  2025-05-03T00:29:50    27.0 s  0
6228791.python    32      1    26.7 %  2025-05-03T00:30:17    27.0 s  0
6228791.python    32      1    26.8 %  2025-05-03T00:30:44    27.0 s  0
6228791.python    32      1    27.2 %  2025-05-03T00:31:11    27.0 s  0
6228791.python    32      1    27.1 %  2025-05-03T00:31:38    27.0 s  0
6228791.python    32      1    27.4 %  2025-05-03T00:32:05    27.0 s  0
6228791.python    32      1    28.4 %  2025-05-03T00:32:32    26.0 s  0
6228791.python    32      1    27.5 %  2025-05-03T00:32:58    27.0 s  0
6228791.python    32      1    27.4 %  2025-05-03T00:33:25    27.0 s  0
6228791.python    32      1    27.5 %  2025-05-03T00:33:52    27.0 s  0
6228791.python    32      1    27.4 %  2025-05-03T00:34:19    27.0 s  0
6228791.python    32      1    27.7 %  2025-05-03T00:34:46    27.0 s  0
6228791.python    32      1    27.6 %  2025-05-03T00:35:13    27.0 s  0
6228791.python    32      1    27.7 %  2025-05-03T00:35:40    27.0 s  0
6228791.python    32      1    27.8 %  2025-05-03T00:36:07    27.0 s  0
6228791.python    32      1    28.0 %  2025-05-03T00:36:34    27.0 s  0
6228791.python    32      1    27.7 %  2025-05-03T00:37:01    27.0 s  0
6228791.python    32      1    26.8 %  2025-05-03T00:37:28    28.0 s  0
6228791.python    32      1    27.7 %  2025-05-03T00:37:56    27.0 s  0
6228791.python    32      1    27.9 %  2025-05-03T00:38:23    27.0 s  0

Used CPU time:   4.9 CPU hours
Unused CPU time: 13.9 CPU hours

Memory statistics, in GiB:
ID               Alloc   Usage
6228791           59.0        
6228791.batch     59.0     0.0
6228791.python    59.0     6.9
6228791.python    59.0     0.1
6228791.python    59.0     0.1
6228791.python    59.0     0.1
6228791.python    59.0     0.1
6228791.python    59.0     0.1
6228791.python    59.0     0.1
6228791.python    59.0     0.1
6228791.python    59.0     0.1
6228791.python    59.0     0.1
6228791.python    59.0     0.1
6228791.python    59.0     0.1
6228791.python    59.0     0.1
6228791.python    59.0     0.1
6228791.python    59.0     0.1
6228791.python    59.0     0.1
6228791.python    59.0     0.1
6228791.python    59.0     0.1
6228791.python    59.0     0.1
6228791.python    59.0     0.1
6228791.python    59.0     0.1
6228791.python    59.0     0.1
6228791.python    59.0     0.1
6228791.python    59.0     0.1
6228791.python    59.0     0.1
6228791.python    59.0     0.1
6228791.python    59.0     0.1
6228791.python    59.0     0.1
6228791.python    59.0     0.1
6228791.python    59.0     0.1
6228791.python    59.0     0.1
6228791.python    59.0     0.1
6228791.python    59.0     0.1
6228791.python    59.0     0.1
6228791.python    59.0     0.1
6228791.python    59.0     0.1
6228791.python    59.0     0.1
6228791.python    59.0     0.1
6228791.python    59.0     0.1
6228791.python    59.0     0.1
6228791.python    59.0     0.1
6228791.python    59.0     0.1
6228791.python    59.0     0.1
6228791.python    59.0     0.1
6228791.python    59.0     0.1
6228791.python    59.0     0.1
6228791.python    59.0     0.1
6228791.python    59.0     0.1
6228791.python    59.0     0.1
6228791.python    59.0     0.1
6228791.python    59.0     0.1
6228791.python    59.0     0.1
6228791.python    59.0     0.1
6228791.python    59.0     0.1
6228791.python    59.0     0.1
6228791.python    59.0     0.1
6228791.python    59.0     0.1
6228791.python    59.0     0.1
6228791.python    59.0     0.1
6228791.python    59.0     0.1
6228791.python    59.0     0.1
6228791.python    59.0     0.1
6228791.python    59.0     0.1
6228791.python    59.0     0.1
6228791.python    59.0     0.1
6228791.python    59.0     0.1
6228791.python    59.0     0.1
6228791.python    59.0     0.1
6228791.python    59.0     0.1
6228791.python    59.0     0.1
6228791.python    59.0     0.1
6228791.python    59.0     0.1
6228791.python    59.0     0.1
6228791.python    59.0     0.1
6228791.python    59.0     0.1
6228791.python    59.0     0.1
6228791.python    59.0     0.1
6228791.python    59.0     0.1
6228791.python    59.0     0.1
6228791.python    59.0     0.2
6228791.python    59.0     0.1

Job 6228791 completed at Sat May 3 00:38:51 CEST 2025
