Starting job 6228821 on c30-1 on fram at Sat May 3 00:03:44 CEST 2025


Currently Loaded Modules:
  1) StdEnv (S)

  Where:
   S:  Module is Sticky, requires --force to unload or purge

 


The following have been reloaded with a version change:
  1) GCCcore/13.3.0 => GCCcore/13.2.0
  2) OpenSSL/3 => OpenSSL/1.1
  3) Python/3.12.3-GCCcore-13.3.0 => Python/3.11.5-GCCcore-13.2.0
  4) SQLite/3.45.3-GCCcore-13.3.0 => SQLite/3.43.1-GCCcore-13.2.0
  5) Tcl/8.6.14-GCCcore-13.3.0 => Tcl/8.6.13-GCCcore-13.2.0
  6) XZ/5.4.5-GCCcore-13.3.0 => XZ/5.4.4-GCCcore-13.2.0
  7) binutils/2.42-GCCcore-13.3.0 => binutils/2.40-GCCcore-13.2.0
  8) bzip2/1.0.8-GCCcore-13.3.0 => bzip2/1.0.8-GCCcore-13.2.0
  9) libffi/3.4.5-GCCcore-13.3.0 => libffi/3.4.4-GCCcore-13.2.0
 10) libreadline/8.2-GCCcore-13.3.0 => libreadline/8.2-GCCcore-13.2.0
 11) ncurses/6.5-GCCcore-13.3.0 => ncurses/6.4-GCCcore-13.2.0
 12) zlib/1.3.1-GCCcore-13.3.0 => zlib/1.2.13-GCCcore-13.2.0

0
40
Generating /cluster/projects/nn8008k/lluisa/NextSIM/seas/Fmap_10days/2009_JAS_ic0.5_dt0.0025_DT0.0100/0_Fmap_matrix.npy

real	0m34.095s
user	0m0.010s
sys	0m0.026s
4
44
Generating /cluster/projects/nn8008k/lluisa/NextSIM/seas/Fmap_10days/2009_JAS_ic0.5_dt0.0025_DT0.0100/1_Fmap_matrix.npy

real	0m26.080s
user	0m0.011s
sys	0m0.016s
8
48
Generating /cluster/projects/nn8008k/lluisa/NextSIM/seas/Fmap_10days/2009_JAS_ic0.5_dt0.0025_DT0.0100/2_Fmap_matrix.npy

real	0m26.098s
user	0m0.014s
sys	0m0.014s
12
52
Generating /cluster/projects/nn8008k/lluisa/NextSIM/seas/Fmap_10days/2009_JAS_ic0.5_dt0.0025_DT0.0100/3_Fmap_matrix.npy

real	0m26.253s
user	0m0.014s
sys	0m0.014s
16
56
Generating /cluster/projects/nn8008k/lluisa/NextSIM/seas/Fmap_10days/2009_JAS_ic0.5_dt0.0025_DT0.0100/4_Fmap_matrix.npy

real	0m26.035s
user	0m0.010s
sys	0m0.019s
20
60
Generating /cluster/projects/nn8008k/lluisa/NextSIM/seas/Fmap_10days/2009_JAS_ic0.5_dt0.0025_DT0.0100/5_Fmap_matrix.npy

real	0m26.227s
user	0m0.019s
sys	0m0.009s
24
64
Generating /cluster/projects/nn8008k/lluisa/NextSIM/seas/Fmap_10days/2009_JAS_ic0.5_dt0.0025_DT0.0100/6_Fmap_matrix.npy

real	0m25.901s
user	0m0.012s
sys	0m0.015s
28
68
Generating /cluster/projects/nn8008k/lluisa/NextSIM/seas/Fmap_10days/2009_JAS_ic0.5_dt0.0025_DT0.0100/7_Fmap_matrix.npy

real	0m25.565s
user	0m0.017s
sys	0m0.011s
32
72
Generating /cluster/projects/nn8008k/lluisa/NextSIM/seas/Fmap_10days/2009_JAS_ic0.5_dt0.0025_DT0.0100/8_Fmap_matrix.npy

real	0m25.745s
user	0m0.013s
sys	0m0.014s
36
76
Generating /cluster/projects/nn8008k/lluisa/NextSIM/seas/Fmap_10days/2009_JAS_ic0.5_dt0.0025_DT0.0100/9_Fmap_matrix.npy

real	0m25.665s
user	0m0.010s
sys	0m0.017s
40
80
Generating /cluster/projects/nn8008k/lluisa/NextSIM/seas/Fmap_10days/2009_JAS_ic0.5_dt0.0025_DT0.0100/10_Fmap_matrix.npy

real	0m25.239s
user	0m0.015s
sys	0m0.013s
44
84
Generating /cluster/projects/nn8008k/lluisa/NextSIM/seas/Fmap_10days/2009_JAS_ic0.5_dt0.0025_DT0.0100/11_Fmap_matrix.npy

real	0m25.830s
user	0m0.009s
sys	0m0.018s
48
88
Generating /cluster/projects/nn8008k/lluisa/NextSIM/seas/Fmap_10days/2009_JAS_ic0.5_dt0.0025_DT0.0100/12_Fmap_matrix.npy

real	0m26.045s
user	0m0.012s
sys	0m0.015s
52
92
Generating /cluster/projects/nn8008k/lluisa/NextSIM/seas/Fmap_10days/2009_JAS_ic0.5_dt0.0025_DT0.0100/13_Fmap_matrix.npy

real	0m25.743s
user	0m0.016s
sys	0m0.011s
56
96
Generating /cluster/projects/nn8008k/lluisa/NextSIM/seas/Fmap_10days/2009_JAS_ic0.5_dt0.0025_DT0.0100/14_Fmap_matrix.npy

real	0m25.325s
user	0m0.014s
sys	0m0.013s
60
100
Generating /cluster/projects/nn8008k/lluisa/NextSIM/seas/Fmap_10days/2009_JAS_ic0.5_dt0.0025_DT0.0100/15_Fmap_matrix.npy

real	0m25.231s
user	0m0.016s
sys	0m0.012s
64
104
Generating /cluster/projects/nn8008k/lluisa/NextSIM/seas/Fmap_10days/2009_JAS_ic0.5_dt0.0025_DT0.0100/16_Fmap_matrix.npy

real	0m25.443s
user	0m0.014s
sys	0m0.013s
68
108
Generating /cluster/projects/nn8008k/lluisa/NextSIM/seas/Fmap_10days/2009_JAS_ic0.5_dt0.0025_DT0.0100/17_Fmap_matrix.npy

real	0m25.279s
user	0m0.011s
sys	0m0.017s
72
112
Generating /cluster/projects/nn8008k/lluisa/NextSIM/seas/Fmap_10days/2009_JAS_ic0.5_dt0.0025_DT0.0100/18_Fmap_matrix.npy

real	0m25.474s
user	0m0.015s
sys	0m0.013s
76
116
Generating /cluster/projects/nn8008k/lluisa/NextSIM/seas/Fmap_10days/2009_JAS_ic0.5_dt0.0025_DT0.0100/19_Fmap_matrix.npy

real	0m25.442s
user	0m0.013s
sys	0m0.014s
80
120
Generating /cluster/projects/nn8008k/lluisa/NextSIM/seas/Fmap_10days/2009_JAS_ic0.5_dt0.0025_DT0.0100/20_Fmap_matrix.npy

real	0m25.145s
user	0m0.017s
sys	0m0.010s
84
124
Generating /cluster/projects/nn8008k/lluisa/NextSIM/seas/Fmap_10days/2009_JAS_ic0.5_dt0.0025_DT0.0100/21_Fmap_matrix.npy

real	0m25.345s
user	0m0.015s
sys	0m0.013s
88
128
Generating /cluster/projects/nn8008k/lluisa/NextSIM/seas/Fmap_10days/2009_JAS_ic0.5_dt0.0025_DT0.0100/22_Fmap_matrix.npy

real	0m25.438s
user	0m0.014s
sys	0m0.012s
92
132
Generating /cluster/projects/nn8008k/lluisa/NextSIM/seas/Fmap_10days/2009_JAS_ic0.5_dt0.0025_DT0.0100/23_Fmap_matrix.npy

real	0m24.958s
user	0m0.015s
sys	0m0.011s
96
136
Generating /cluster/projects/nn8008k/lluisa/NextSIM/seas/Fmap_10days/2009_JAS_ic0.5_dt0.0025_DT0.0100/24_Fmap_matrix.npy

real	0m24.774s
user	0m0.013s
sys	0m0.013s
100
140
Generating /cluster/projects/nn8008k/lluisa/NextSIM/seas/Fmap_10days/2009_JAS_ic0.5_dt0.0025_DT0.0100/25_Fmap_matrix.npy

real	0m24.800s
user	0m0.014s
sys	0m0.014s
104
144
Generating /cluster/projects/nn8008k/lluisa/NextSIM/seas/Fmap_10days/2009_JAS_ic0.5_dt0.0025_DT0.0100/26_Fmap_matrix.npy

real	0m24.608s
user	0m0.011s
sys	0m0.016s
108
148
Generating /cluster/projects/nn8008k/lluisa/NextSIM/seas/Fmap_10days/2009_JAS_ic0.5_dt0.0025_DT0.0100/27_Fmap_matrix.npy

real	0m24.795s
user	0m0.014s
sys	0m0.013s
112
152
Generating /cluster/projects/nn8008k/lluisa/NextSIM/seas/Fmap_10days/2009_JAS_ic0.5_dt0.0025_DT0.0100/28_Fmap_matrix.npy

real	0m25.629s
user	0m0.009s
sys	0m0.018s
116
156
Generating /cluster/projects/nn8008k/lluisa/NextSIM/seas/Fmap_10days/2009_JAS_ic0.5_dt0.0025_DT0.0100/29_Fmap_matrix.npy

real	0m25.589s
user	0m0.017s
sys	0m0.010s
120
160
Generating /cluster/projects/nn8008k/lluisa/NextSIM/seas/Fmap_10days/2009_JAS_ic0.5_dt0.0025_DT0.0100/30_Fmap_matrix.npy

real	0m24.632s
user	0m0.009s
sys	0m0.018s
124
164
Generating /cluster/projects/nn8008k/lluisa/NextSIM/seas/Fmap_10days/2009_JAS_ic0.5_dt0.0025_DT0.0100/31_Fmap_matrix.npy

real	0m24.289s
user	0m0.014s
sys	0m0.013s
128
168
Generating /cluster/projects/nn8008k/lluisa/NextSIM/seas/Fmap_10days/2009_JAS_ic0.5_dt0.0025_DT0.0100/32_Fmap_matrix.npy

real	0m24.443s
user	0m0.012s
sys	0m0.014s
132
172
Generating /cluster/projects/nn8008k/lluisa/NextSIM/seas/Fmap_10days/2009_JAS_ic0.5_dt0.0025_DT0.0100/33_Fmap_matrix.npy

real	0m24.421s
user	0m0.012s
sys	0m0.015s
136
176
Generating /cluster/projects/nn8008k/lluisa/NextSIM/seas/Fmap_10days/2009_JAS_ic0.5_dt0.0025_DT0.0100/34_Fmap_matrix.npy

real	0m24.363s
user	0m0.017s
sys	0m0.010s
140
180
Generating /cluster/projects/nn8008k/lluisa/NextSIM/seas/Fmap_10days/2009_JAS_ic0.5_dt0.0025_DT0.0100/35_Fmap_matrix.npy

real	0m24.210s
user	0m0.008s
sys	0m0.018s
144
184
Generating /cluster/projects/nn8008k/lluisa/NextSIM/seas/Fmap_10days/2009_JAS_ic0.5_dt0.0025_DT0.0100/36_Fmap_matrix.npy

real	0m24.689s
user	0m0.011s
sys	0m0.018s
148
188
Generating /cluster/projects/nn8008k/lluisa/NextSIM/seas/Fmap_10days/2009_JAS_ic0.5_dt0.0025_DT0.0100/37_Fmap_matrix.npy

real	0m24.458s
user	0m0.010s
sys	0m0.016s
152
192
Generating /cluster/projects/nn8008k/lluisa/NextSIM/seas/Fmap_10days/2009_JAS_ic0.5_dt0.0025_DT0.0100/38_Fmap_matrix.npy

real	0m24.146s
user	0m0.012s
sys	0m0.016s
156
196
Generating /cluster/projects/nn8008k/lluisa/NextSIM/seas/Fmap_10days/2009_JAS_ic0.5_dt0.0025_DT0.0100/39_Fmap_matrix.npy

real	0m24.700s
user	0m0.015s
sys	0m0.013s
160
200
Generating /cluster/projects/nn8008k/lluisa/NextSIM/seas/Fmap_10days/2009_JAS_ic0.5_dt0.0025_DT0.0100/40_Fmap_matrix.npy

real	0m23.977s
user	0m0.012s
sys	0m0.015s
164
204
Generating /cluster/projects/nn8008k/lluisa/NextSIM/seas/Fmap_10days/2009_JAS_ic0.5_dt0.0025_DT0.0100/41_Fmap_matrix.npy

real	0m24.170s
user	0m0.016s
sys	0m0.011s
168
208
Generating /cluster/projects/nn8008k/lluisa/NextSIM/seas/Fmap_10days/2009_JAS_ic0.5_dt0.0025_DT0.0100/42_Fmap_matrix.npy

real	0m24.052s
user	0m0.012s
sys	0m0.015s
172
212
Generating /cluster/projects/nn8008k/lluisa/NextSIM/seas/Fmap_10days/2009_JAS_ic0.5_dt0.0025_DT0.0100/43_Fmap_matrix.npy

real	0m24.061s
user	0m0.017s
sys	0m0.011s
176
216
Generating /cluster/projects/nn8008k/lluisa/NextSIM/seas/Fmap_10days/2009_JAS_ic0.5_dt0.0025_DT0.0100/44_Fmap_matrix.npy

real	0m24.034s
user	0m0.015s
sys	0m0.012s
180
220
Generating /cluster/projects/nn8008k/lluisa/NextSIM/seas/Fmap_10days/2009_JAS_ic0.5_dt0.0025_DT0.0100/45_Fmap_matrix.npy

real	0m23.744s
user	0m0.012s
sys	0m0.016s
184
224
Generating /cluster/projects/nn8008k/lluisa/NextSIM/seas/Fmap_10days/2009_JAS_ic0.5_dt0.0025_DT0.0100/46_Fmap_matrix.npy

real	0m23.770s
user	0m0.014s
sys	0m0.013s
188
228
Generating /cluster/projects/nn8008k/lluisa/NextSIM/seas/Fmap_10days/2009_JAS_ic0.5_dt0.0025_DT0.0100/47_Fmap_matrix.npy

real	0m23.531s
user	0m0.013s
sys	0m0.014s
192
232
Generating /cluster/projects/nn8008k/lluisa/NextSIM/seas/Fmap_10days/2009_JAS_ic0.5_dt0.0025_DT0.0100/48_Fmap_matrix.npy

real	0m23.694s
user	0m0.013s
sys	0m0.014s
196
236
Generating /cluster/projects/nn8008k/lluisa/NextSIM/seas/Fmap_10days/2009_JAS_ic0.5_dt0.0025_DT0.0100/49_Fmap_matrix.npy

real	0m24.085s
user	0m0.016s
sys	0m0.012s
200
240
Generating /cluster/projects/nn8008k/lluisa/NextSIM/seas/Fmap_10days/2009_JAS_ic0.5_dt0.0025_DT0.0100/50_Fmap_matrix.npy

real	0m24.122s
user	0m0.012s
sys	0m0.016s
204
244
Generating /cluster/projects/nn8008k/lluisa/NextSIM/seas/Fmap_10days/2009_JAS_ic0.5_dt0.0025_DT0.0100/51_Fmap_matrix.npy

real	0m23.783s
user	0m0.013s
sys	0m0.013s
208
248
Generating /cluster/projects/nn8008k/lluisa/NextSIM/seas/Fmap_10days/2009_JAS_ic0.5_dt0.0025_DT0.0100/52_Fmap_matrix.npy

real	0m23.406s
user	0m0.016s
sys	0m0.012s
212
252
Generating /cluster/projects/nn8008k/lluisa/NextSIM/seas/Fmap_10days/2009_JAS_ic0.5_dt0.0025_DT0.0100/53_Fmap_matrix.npy

real	0m23.794s
user	0m0.013s
sys	0m0.015s
216
256
Generating /cluster/projects/nn8008k/lluisa/NextSIM/seas/Fmap_10days/2009_JAS_ic0.5_dt0.0025_DT0.0100/54_Fmap_matrix.npy

real	0m23.569s
user	0m0.015s
sys	0m0.012s
220
260
Generating /cluster/projects/nn8008k/lluisa/NextSIM/seas/Fmap_10days/2009_JAS_ic0.5_dt0.0025_DT0.0100/55_Fmap_matrix.npy

real	0m23.426s
user	0m0.011s
sys	0m0.016s
224
264
Generating /cluster/projects/nn8008k/lluisa/NextSIM/seas/Fmap_10days/2009_JAS_ic0.5_dt0.0025_DT0.0100/56_Fmap_matrix.npy

real	0m23.837s
user	0m0.015s
sys	0m0.012s
228
268
Generating /cluster/projects/nn8008k/lluisa/NextSIM/seas/Fmap_10days/2009_JAS_ic0.5_dt0.0025_DT0.0100/57_Fmap_matrix.npy

real	0m23.985s
user	0m0.010s
sys	0m0.017s
232
272
Generating /cluster/projects/nn8008k/lluisa/NextSIM/seas/Fmap_10days/2009_JAS_ic0.5_dt0.0025_DT0.0100/58_Fmap_matrix.npy

real	0m23.747s
user	0m0.013s
sys	0m0.013s
236
276
Generating /cluster/projects/nn8008k/lluisa/NextSIM/seas/Fmap_10days/2009_JAS_ic0.5_dt0.0025_DT0.0100/59_Fmap_matrix.npy

real	0m23.602s
user	0m0.011s
sys	0m0.017s
240
280
Generating /cluster/projects/nn8008k/lluisa/NextSIM/seas/Fmap_10days/2009_JAS_ic0.5_dt0.0025_DT0.0100/60_Fmap_matrix.npy

real	0m23.724s
user	0m0.013s
sys	0m0.014s
244
284
Generating /cluster/projects/nn8008k/lluisa/NextSIM/seas/Fmap_10days/2009_JAS_ic0.5_dt0.0025_DT0.0100/61_Fmap_matrix.npy

real	0m23.506s
user	0m0.013s
sys	0m0.014s
248
288
Generating /cluster/projects/nn8008k/lluisa/NextSIM/seas/Fmap_10days/2009_JAS_ic0.5_dt0.0025_DT0.0100/62_Fmap_matrix.npy

real	0m23.527s
user	0m0.015s
sys	0m0.012s
252
292
Generating /cluster/projects/nn8008k/lluisa/NextSIM/seas/Fmap_10days/2009_JAS_ic0.5_dt0.0025_DT0.0100/63_Fmap_matrix.npy

real	0m23.410s
user	0m0.012s
sys	0m0.014s
256
296
Generating /cluster/projects/nn8008k/lluisa/NextSIM/seas/Fmap_10days/2009_JAS_ic0.5_dt0.0025_DT0.0100/64_Fmap_matrix.npy

real	0m23.889s
user	0m0.012s
sys	0m0.014s
260
300
Generating /cluster/projects/nn8008k/lluisa/NextSIM/seas/Fmap_10days/2009_JAS_ic0.5_dt0.0025_DT0.0100/65_Fmap_matrix.npy

real	0m23.713s
user	0m0.011s
sys	0m0.016s
264
304
Generating /cluster/projects/nn8008k/lluisa/NextSIM/seas/Fmap_10days/2009_JAS_ic0.5_dt0.0025_DT0.0100/66_Fmap_matrix.npy

real	0m23.519s
user	0m0.015s
sys	0m0.013s
268
308
Generating /cluster/projects/nn8008k/lluisa/NextSIM/seas/Fmap_10days/2009_JAS_ic0.5_dt0.0025_DT0.0100/67_Fmap_matrix.npy

real	0m23.445s
user	0m0.014s
sys	0m0.013s
272
312
Generating /cluster/projects/nn8008k/lluisa/NextSIM/seas/Fmap_10days/2009_JAS_ic0.5_dt0.0025_DT0.0100/68_Fmap_matrix.npy

real	0m23.410s
user	0m0.011s
sys	0m0.016s
276
316
Generating /cluster/projects/nn8008k/lluisa/NextSIM/seas/Fmap_10days/2009_JAS_ic0.5_dt0.0025_DT0.0100/69_Fmap_matrix.npy

real	0m23.649s
user	0m0.013s
sys	0m0.014s
280
320
Generating /cluster/projects/nn8008k/lluisa/NextSIM/seas/Fmap_10days/2009_JAS_ic0.5_dt0.0025_DT0.0100/70_Fmap_matrix.npy

real	0m23.615s
user	0m0.014s
sys	0m0.013s
284
324
Generating /cluster/projects/nn8008k/lluisa/NextSIM/seas/Fmap_10days/2009_JAS_ic0.5_dt0.0025_DT0.0100/71_Fmap_matrix.npy

real	0m23.638s
user	0m0.012s
sys	0m0.014s
288
328
Generating /cluster/projects/nn8008k/lluisa/NextSIM/seas/Fmap_10days/2009_JAS_ic0.5_dt0.0025_DT0.0100/72_Fmap_matrix.npy

real	0m23.463s
user	0m0.010s
sys	0m0.017s
292
332
Generating /cluster/projects/nn8008k/lluisa/NextSIM/seas/Fmap_10days/2009_JAS_ic0.5_dt0.0025_DT0.0100/73_Fmap_matrix.npy

real	0m23.677s
user	0m0.009s
sys	0m0.018s
296
336
Generating /cluster/projects/nn8008k/lluisa/NextSIM/seas/Fmap_10days/2009_JAS_ic0.5_dt0.0025_DT0.0100/74_Fmap_matrix.npy

real	0m23.497s
user	0m0.014s
sys	0m0.013s
300
340
Generating /cluster/projects/nn8008k/lluisa/NextSIM/seas/Fmap_10days/2009_JAS_ic0.5_dt0.0025_DT0.0100/75_Fmap_matrix.npy

real	0m23.644s
user	0m0.014s
sys	0m0.012s
304
344
Generating /cluster/projects/nn8008k/lluisa/NextSIM/seas/Fmap_10days/2009_JAS_ic0.5_dt0.0025_DT0.0100/76_Fmap_matrix.npy

real	0m23.261s
user	0m0.011s
sys	0m0.017s
308
348
Generating /cluster/projects/nn8008k/lluisa/NextSIM/seas/Fmap_10days/2009_JAS_ic0.5_dt0.0025_DT0.0100/77_Fmap_matrix.npy

real	0m22.903s
user	0m0.014s
sys	0m0.014s
312
352
Generating /cluster/projects/nn8008k/lluisa/NextSIM/seas/Fmap_10days/2009_JAS_ic0.5_dt0.0025_DT0.0100/78_Fmap_matrix.npy

real	0m23.232s
user	0m0.016s
sys	0m0.012s
316
356
Generating /cluster/projects/nn8008k/lluisa/NextSIM/seas/Fmap_10days/2009_JAS_ic0.5_dt0.0025_DT0.0100/79_Fmap_matrix.npy

real	0m23.103s
user	0m0.013s
sys	0m0.016s
320
360
Generating /cluster/projects/nn8008k/lluisa/NextSIM/seas/Fmap_10days/2009_JAS_ic0.5_dt0.0025_DT0.0100/80_Fmap_matrix.npy

real	0m23.414s
user	0m0.011s
sys	0m0.017s
EBVERSIONNUMACTL=2.0.16
SLURM_JOB_NUM_NODES=1
EBROOTNUMACTL=/cluster/software/numactl/2.0.16-GCCcore-13.2.0
EBDEVELNUMACTL=/cluster/software/numactl/2.0.16-GCCcore-13.2.0/easybuild/numactl-2.0.16-GCCcore-13.2.0-easybuild-devel
OMP_NUM_THREADS=32

Job 6228821 consumed 17.7 billing hours from project nn8008k.

Submitted 2025-05-03T00:03:21; waited 20.0 seconds in the queue after becoming eligible to run.

Requested wallclock time: 3.0 days
Elapsed wallclock time:   33.2 minutes

Job exited normally.

Task and CPU statistics:
ID              CPUs  Tasks  CPU util                Start   Elapsed  Exit status
6228821           32            0.0 %  2025-05-03T00:03:41  1994.0 s  0
6228821.batch     32      1     0.0 %  2025-05-03T00:03:41  1994.0 s  0
6228821.python    32      1    21.2 %  2025-05-03T00:03:47    34.0 s  0
6228821.python    32      1    27.2 %  2025-05-03T00:04:21    26.0 s  0
6228821.python    32      1    27.0 %  2025-05-03T00:04:47    26.0 s  0
6228821.python    32      1    27.0 %  2025-05-03T00:05:13    26.0 s  0
6228821.python    32      1    26.5 %  2025-05-03T00:05:39    26.0 s  0
6228821.python    32      1    25.4 %  2025-05-03T00:06:05    27.0 s  0
6228821.python    32      1    27.4 %  2025-05-03T00:06:32    25.0 s  0
6228821.python    32      1    26.2 %  2025-05-03T00:06:57    26.0 s  0
6228821.python    32      1    26.0 %  2025-05-03T00:07:23    26.0 s  0
6228821.python    32      1    26.9 %  2025-05-03T00:07:49    25.0 s  0
6228821.python    32      1    25.7 %  2025-05-03T00:08:14    26.0 s  0
6228821.python    32      1    25.4 %  2025-05-03T00:08:40    26.0 s  0
6228821.python    32      1    25.6 %  2025-05-03T00:09:06    26.0 s  0
6228821.python    32      1    26.2 %  2025-05-03T00:09:32    25.0 s  0
6228821.python    32      1    25.3 %  2025-05-03T00:09:57    26.0 s  0
6228821.python    32      1    26.1 %  2025-05-03T00:10:23    25.0 s  0
6228821.python    32      1    26.2 %  2025-05-03T00:10:48    25.0 s  0
6228821.python    32      1    24.6 %  2025-05-03T00:11:13    26.0 s  0
6228821.python    32      1    25.6 %  2025-05-03T00:11:39    25.0 s  0
6228821.python    32      1    25.5 %  2025-05-03T00:12:04    25.0 s  0
6228821.python    32      1    25.3 %  2025-05-03T00:12:30    25.0 s  0
6228821.python    32      1    25.3 %  2025-05-03T00:12:55    25.0 s  0
6228821.python    32      1    25.0 %  2025-05-03T00:13:20    25.0 s  0
6228821.python    32      1    24.6 %  2025-05-03T00:13:45    25.0 s  0
6228821.python    32      1    24.5 %  2025-05-03T00:14:10    25.0 s  0
6228821.python    32      1    24.3 %  2025-05-03T00:14:35    25.0 s  0
6228821.python    32      1    24.4 %  2025-05-03T00:15:00    25.0 s  0
6228821.python    32      1    25.1 %  2025-05-03T00:15:25    24.0 s  0
6228821.python    32      1    23.5 %  2025-05-03T00:15:49    26.0 s  0
6228821.python    32      1    23.1 %  2025-05-03T00:16:15    26.0 s  0
6228821.python    32      1    24.8 %  2025-05-03T00:16:41    24.0 s  0
6228821.python    32      1    23.7 %  2025-05-03T00:17:05    25.0 s  0
6228821.python    32      1    24.7 %  2025-05-03T00:17:30    24.0 s  0
6228821.python    32      1    24.6 %  2025-05-03T00:17:54    24.0 s  0
6228821.python    32      1    23.7 %  2025-05-03T00:18:18    25.0 s  0
6228821.python    32      1    24.5 %  2025-05-03T00:18:43    24.0 s  0
6228821.python    32      1    23.7 %  2025-05-03T00:19:07    25.0 s  0
6228821.python    32      1    24.2 %  2025-05-03T00:19:32    24.0 s  0
6228821.python    32      1    23.9 %  2025-05-03T00:19:56    24.0 s  0
6228821.python    32      1    23.3 %  2025-05-03T00:20:20    25.0 s  0
6228821.python    32      1    23.9 %  2025-05-03T00:20:45    24.0 s  0
6228821.python    32      1    23.8 %  2025-05-03T00:21:09    24.0 s  0
6228821.python    32      1    23.7 %  2025-05-03T00:21:33    24.0 s  0
6228821.python    32      1    23.6 %  2025-05-03T00:21:57    24.0 s  0
6228821.python    32      1    23.2 %  2025-05-03T00:22:21    24.0 s  0
6228821.python    32      1    23.3 %  2025-05-03T00:22:45    24.0 s  0
6228821.python    32      1    23.2 %  2025-05-03T00:23:09    24.0 s  0
6228821.python    32      1    24.0 %  2025-05-03T00:23:33    23.0 s  0
6228821.python    32      1    23.0 %  2025-05-03T00:23:56    24.0 s  0
6228821.python    32      1    22.9 %  2025-05-03T00:24:20    24.0 s  0
6228821.python    32      1    23.0 %  2025-05-03T00:24:44    24.0 s  0
6228821.python    32      1    22.9 %  2025-05-03T00:25:08    24.0 s  0
6228821.python    32      1    23.7 %  2025-05-03T00:25:32    23.0 s  0
6228821.python    32      1    22.7 %  2025-05-03T00:25:55    24.0 s  0
6228821.python    32      1    22.6 %  2025-05-03T00:26:19    24.0 s  0
6228821.python    32      1    23.5 %  2025-05-03T00:26:43    23.0 s  0
6228821.python    32      1    22.4 %  2025-05-03T00:27:06    24.0 s  0
6228821.python    32      1    22.7 %  2025-05-03T00:27:30    24.0 s  0
6228821.python    32      1    22.7 %  2025-05-03T00:27:54    24.0 s  0
6228821.python    32      1    23.6 %  2025-05-03T00:28:18    23.0 s  0
6228821.python    32      1    22.6 %  2025-05-03T00:28:41    24.0 s  0
6228821.python    32      1    22.5 %  2025-05-03T00:29:05    24.0 s  0
6228821.python    32      1    23.1 %  2025-05-03T00:29:29    23.0 s  0
6228821.python    32      1    22.2 %  2025-05-03T00:29:52    24.0 s  0
6228821.python    32      1    23.3 %  2025-05-03T00:30:16    23.0 s  0
6228821.python    32      1    22.2 %  2025-05-03T00:30:39    24.0 s  0
6228821.python    32      1    22.0 %  2025-05-03T00:31:03    24.0 s  0
6228821.python    32      1    23.0 %  2025-05-03T00:31:27    23.0 s  0
6228821.python    32      1    23.3 %  2025-05-03T00:31:50    23.0 s  0
6228821.python    32      1    23.4 %  2025-05-03T00:32:14    23.0 s  0
6228821.python    32      1    22.3 %  2025-05-03T00:32:37    24.0 s  0
6228821.python    32      1    23.0 %  2025-05-03T00:33:01    23.0 s  0
6228821.python    32      1    22.0 %  2025-05-03T00:33:24    24.0 s  0
6228821.python    32      1    22.2 %  2025-05-03T00:33:48    24.0 s  0
6228821.python    32      1    22.9 %  2025-05-03T00:34:12    23.0 s  0
6228821.python    32      1    22.1 %  2025-05-03T00:34:35    24.0 s  0
6228821.python    32      1    22.7 %  2025-05-03T00:34:59    23.0 s  0
6228821.python    32      1    23.1 %  2025-05-03T00:35:22    23.0 s  0
6228821.python    32      1    22.8 %  2025-05-03T00:35:45    23.0 s  0
6228821.python    32      1    22.8 %  2025-05-03T00:36:08    23.0 s  0
6228821.python    32      1    21.9 %  2025-05-03T00:36:31    24.0 s  0

Used CPU time:   4.2 CPU hours
Unused CPU time: 13.5 CPU hours

Memory statistics, in GiB:
ID               Alloc   Usage
6228821           59.0        
6228821.batch     59.0     0.0
6228821.python    59.0     6.8
6228821.python    59.0     0.1
6228821.python    59.0     0.1
6228821.python    59.0     0.1
6228821.python    59.0     0.1
6228821.python    59.0     0.1
6228821.python    59.0     0.1
6228821.python    59.0     0.1
6228821.python    59.0     0.1
6228821.python    59.0     0.1
6228821.python    59.0     0.1
6228821.python    59.0     0.1
6228821.python    59.0     0.1
6228821.python    59.0     0.1
6228821.python    59.0     0.1
6228821.python    59.0     0.1
6228821.python    59.0     0.1
6228821.python    59.0     0.1
6228821.python    59.0     0.1
6228821.python    59.0     0.1
6228821.python    59.0     0.1
6228821.python    59.0     0.1
6228821.python    59.0     0.1
6228821.python    59.0     0.1
6228821.python    59.0     0.1
6228821.python    59.0     0.1
6228821.python    59.0     0.1
6228821.python    59.0     0.1
6228821.python    59.0     0.1
6228821.python    59.0     0.1
6228821.python    59.0     0.1
6228821.python    59.0     0.1
6228821.python    59.0     0.1
6228821.python    59.0     0.1
6228821.python    59.0     0.1
6228821.python    59.0     0.1
6228821.python    59.0     0.1
6228821.python    59.0     0.1
6228821.python    59.0     0.1
6228821.python    59.0     0.1
6228821.python    59.0     0.1
6228821.python    59.0     0.1
6228821.python    59.0     0.1
6228821.python    59.0     0.1
6228821.python    59.0     0.1
6228821.python    59.0     0.1
6228821.python    59.0     0.1
6228821.python    59.0     0.1
6228821.python    59.0     0.1
6228821.python    59.0     0.1
6228821.python    59.0     0.1
6228821.python    59.0     0.1
6228821.python    59.0     0.1
6228821.python    59.0     0.1
6228821.python    59.0     0.1
6228821.python    59.0     0.1
6228821.python    59.0     0.1
6228821.python    59.0     0.1
6228821.python    59.0     0.1
6228821.python    59.0     0.1
6228821.python    59.0     0.1
6228821.python    59.0     0.1
6228821.python    59.0     0.1
6228821.python    59.0     0.1
6228821.python    59.0     0.1
6228821.python    59.0     0.1
6228821.python    59.0     0.1
6228821.python    59.0     0.1
6228821.python    59.0     0.1
6228821.python    59.0     0.1
6228821.python    59.0     0.1
6228821.python    59.0     0.1
6228821.python    59.0     0.1
6228821.python    59.0     0.1
6228821.python    59.0     0.1
6228821.python    59.0     0.1
6228821.python    59.0     0.1
6228821.python    59.0     0.1
6228821.python    59.0     0.1
6228821.python    59.0     0.1
6228821.python    59.0     0.1

Job 6228821 completed at Sat May 3 00:36:55 CEST 2025
