Starting job 6228796 on c25-8 on fram at Sat May 3 00:03:44 CEST 2025


Currently Loaded Modules:
  1) StdEnv (S)

  Where:
   S:  Module is Sticky, requires --force to unload or purge

 


The following have been reloaded with a version change:
  1) GCCcore/13.3.0 => GCCcore/13.2.0
  2) OpenSSL/3 => OpenSSL/1.1
  3) Python/3.12.3-GCCcore-13.3.0 => Python/3.11.5-GCCcore-13.2.0
  4) SQLite/3.45.3-GCCcore-13.3.0 => SQLite/3.43.1-GCCcore-13.2.0
  5) Tcl/8.6.14-GCCcore-13.3.0 => Tcl/8.6.13-GCCcore-13.2.0
  6) XZ/5.4.5-GCCcore-13.3.0 => XZ/5.4.4-GCCcore-13.2.0
  7) binutils/2.42-GCCcore-13.3.0 => binutils/2.40-GCCcore-13.2.0
  8) bzip2/1.0.8-GCCcore-13.3.0 => bzip2/1.0.8-GCCcore-13.2.0
  9) libffi/3.4.5-GCCcore-13.3.0 => libffi/3.4.4-GCCcore-13.2.0
 10) libreadline/8.2-GCCcore-13.3.0 => libreadline/8.2-GCCcore-13.2.0
 11) ncurses/6.5-GCCcore-13.3.0 => ncurses/6.4-GCCcore-13.2.0
 12) zlib/1.3.1-GCCcore-13.3.0 => zlib/1.2.13-GCCcore-13.2.0

0
40
Generating /cluster/projects/nn8008k/lluisa/NextSIM/seas/Fmap_10days/2003_JFM_ic0.5_dt0.0025_DT0.0100/0_Fmap_matrix.npy

real	0m34.620s
user	0m0.013s
sys	0m0.023s
4
44
Generating /cluster/projects/nn8008k/lluisa/NextSIM/seas/Fmap_10days/2003_JFM_ic0.5_dt0.0025_DT0.0100/1_Fmap_matrix.npy

real	0m27.183s
user	0m0.016s
sys	0m0.011s
8
48
Generating /cluster/projects/nn8008k/lluisa/NextSIM/seas/Fmap_10days/2003_JFM_ic0.5_dt0.0025_DT0.0100/2_Fmap_matrix.npy

real	0m27.679s
user	0m0.013s
sys	0m0.014s
12
52
Generating /cluster/projects/nn8008k/lluisa/NextSIM/seas/Fmap_10days/2003_JFM_ic0.5_dt0.0025_DT0.0100/3_Fmap_matrix.npy

real	0m26.841s
user	0m0.015s
sys	0m0.012s
16
56
Generating /cluster/projects/nn8008k/lluisa/NextSIM/seas/Fmap_10days/2003_JFM_ic0.5_dt0.0025_DT0.0100/4_Fmap_matrix.npy

real	0m27.376s
user	0m0.011s
sys	0m0.016s
20
60
Generating /cluster/projects/nn8008k/lluisa/NextSIM/seas/Fmap_10days/2003_JFM_ic0.5_dt0.0025_DT0.0100/5_Fmap_matrix.npy

real	0m27.175s
user	0m0.014s
sys	0m0.013s
24
64
Generating /cluster/projects/nn8008k/lluisa/NextSIM/seas/Fmap_10days/2003_JFM_ic0.5_dt0.0025_DT0.0100/6_Fmap_matrix.npy

real	0m27.153s
user	0m0.015s
sys	0m0.013s
28
68
Generating /cluster/projects/nn8008k/lluisa/NextSIM/seas/Fmap_10days/2003_JFM_ic0.5_dt0.0025_DT0.0100/7_Fmap_matrix.npy

real	0m27.497s
user	0m0.016s
sys	0m0.011s
32
72
Generating /cluster/projects/nn8008k/lluisa/NextSIM/seas/Fmap_10days/2003_JFM_ic0.5_dt0.0025_DT0.0100/8_Fmap_matrix.npy

real	0m27.045s
user	0m0.016s
sys	0m0.011s
36
76
Generating /cluster/projects/nn8008k/lluisa/NextSIM/seas/Fmap_10days/2003_JFM_ic0.5_dt0.0025_DT0.0100/9_Fmap_matrix.npy

real	0m27.132s
user	0m0.015s
sys	0m0.012s
40
80
Generating /cluster/projects/nn8008k/lluisa/NextSIM/seas/Fmap_10days/2003_JFM_ic0.5_dt0.0025_DT0.0100/10_Fmap_matrix.npy

real	0m27.535s
user	0m0.013s
sys	0m0.014s
44
84
Generating /cluster/projects/nn8008k/lluisa/NextSIM/seas/Fmap_10days/2003_JFM_ic0.5_dt0.0025_DT0.0100/11_Fmap_matrix.npy

real	0m26.800s
user	0m0.010s
sys	0m0.017s
48
88
Generating /cluster/projects/nn8008k/lluisa/NextSIM/seas/Fmap_10days/2003_JFM_ic0.5_dt0.0025_DT0.0100/12_Fmap_matrix.npy

real	0m27.658s
user	0m0.011s
sys	0m0.016s
52
92
Generating /cluster/projects/nn8008k/lluisa/NextSIM/seas/Fmap_10days/2003_JFM_ic0.5_dt0.0025_DT0.0100/13_Fmap_matrix.npy

real	0m27.563s
user	0m0.012s
sys	0m0.015s
56
96
Generating /cluster/projects/nn8008k/lluisa/NextSIM/seas/Fmap_10days/2003_JFM_ic0.5_dt0.0025_DT0.0100/14_Fmap_matrix.npy

real	0m27.532s
user	0m0.011s
sys	0m0.014s
60
100
Generating /cluster/projects/nn8008k/lluisa/NextSIM/seas/Fmap_10days/2003_JFM_ic0.5_dt0.0025_DT0.0100/15_Fmap_matrix.npy

real	0m27.290s
user	0m0.014s
sys	0m0.012s
64
104
Generating /cluster/projects/nn8008k/lluisa/NextSIM/seas/Fmap_10days/2003_JFM_ic0.5_dt0.0025_DT0.0100/16_Fmap_matrix.npy

real	0m27.328s
user	0m0.013s
sys	0m0.013s
68
108
Generating /cluster/projects/nn8008k/lluisa/NextSIM/seas/Fmap_10days/2003_JFM_ic0.5_dt0.0025_DT0.0100/17_Fmap_matrix.npy

real	0m27.295s
user	0m0.016s
sys	0m0.011s
72
112
Generating /cluster/projects/nn8008k/lluisa/NextSIM/seas/Fmap_10days/2003_JFM_ic0.5_dt0.0025_DT0.0100/18_Fmap_matrix.npy

real	0m27.017s
user	0m0.016s
sys	0m0.010s
76
116
Generating /cluster/projects/nn8008k/lluisa/NextSIM/seas/Fmap_10days/2003_JFM_ic0.5_dt0.0025_DT0.0100/19_Fmap_matrix.npy

real	0m27.195s
user	0m0.014s
sys	0m0.011s
80
120
Generating /cluster/projects/nn8008k/lluisa/NextSIM/seas/Fmap_10days/2003_JFM_ic0.5_dt0.0025_DT0.0100/20_Fmap_matrix.npy

real	0m27.438s
user	0m0.014s
sys	0m0.012s
84
124
Generating /cluster/projects/nn8008k/lluisa/NextSIM/seas/Fmap_10days/2003_JFM_ic0.5_dt0.0025_DT0.0100/21_Fmap_matrix.npy

real	0m27.431s
user	0m0.013s
sys	0m0.014s
88
128
Generating /cluster/projects/nn8008k/lluisa/NextSIM/seas/Fmap_10days/2003_JFM_ic0.5_dt0.0025_DT0.0100/22_Fmap_matrix.npy

real	0m27.254s
user	0m0.015s
sys	0m0.012s
92
132
Generating /cluster/projects/nn8008k/lluisa/NextSIM/seas/Fmap_10days/2003_JFM_ic0.5_dt0.0025_DT0.0100/23_Fmap_matrix.npy

real	0m27.617s
user	0m0.016s
sys	0m0.010s
96
136
Generating /cluster/projects/nn8008k/lluisa/NextSIM/seas/Fmap_10days/2003_JFM_ic0.5_dt0.0025_DT0.0100/24_Fmap_matrix.npy

real	0m27.450s
user	0m0.017s
sys	0m0.010s
100
140
Generating /cluster/projects/nn8008k/lluisa/NextSIM/seas/Fmap_10days/2003_JFM_ic0.5_dt0.0025_DT0.0100/25_Fmap_matrix.npy

real	0m27.449s
user	0m0.013s
sys	0m0.013s
104
144
Generating /cluster/projects/nn8008k/lluisa/NextSIM/seas/Fmap_10days/2003_JFM_ic0.5_dt0.0025_DT0.0100/26_Fmap_matrix.npy

real	0m27.633s
user	0m0.014s
sys	0m0.013s
108
148
Generating /cluster/projects/nn8008k/lluisa/NextSIM/seas/Fmap_10days/2003_JFM_ic0.5_dt0.0025_DT0.0100/27_Fmap_matrix.npy

real	0m27.573s
user	0m0.014s
sys	0m0.013s
112
152
Generating /cluster/projects/nn8008k/lluisa/NextSIM/seas/Fmap_10days/2003_JFM_ic0.5_dt0.0025_DT0.0100/28_Fmap_matrix.npy

real	0m27.488s
user	0m0.013s
sys	0m0.013s
116
156
Generating /cluster/projects/nn8008k/lluisa/NextSIM/seas/Fmap_10days/2003_JFM_ic0.5_dt0.0025_DT0.0100/29_Fmap_matrix.npy

real	0m27.428s
user	0m0.012s
sys	0m0.014s
120
160
Generating /cluster/projects/nn8008k/lluisa/NextSIM/seas/Fmap_10days/2003_JFM_ic0.5_dt0.0025_DT0.0100/30_Fmap_matrix.npy

real	0m27.815s
user	0m0.011s
sys	0m0.015s
124
164
Generating /cluster/projects/nn8008k/lluisa/NextSIM/seas/Fmap_10days/2003_JFM_ic0.5_dt0.0025_DT0.0100/31_Fmap_matrix.npy

real	0m27.366s
user	0m0.010s
sys	0m0.017s
128
168
Generating /cluster/projects/nn8008k/lluisa/NextSIM/seas/Fmap_10days/2003_JFM_ic0.5_dt0.0025_DT0.0100/32_Fmap_matrix.npy

real	0m26.816s
user	0m0.015s
sys	0m0.012s
132
172
Generating /cluster/projects/nn8008k/lluisa/NextSIM/seas/Fmap_10days/2003_JFM_ic0.5_dt0.0025_DT0.0100/33_Fmap_matrix.npy

real	0m27.408s
user	0m0.013s
sys	0m0.015s
136
176
Generating /cluster/projects/nn8008k/lluisa/NextSIM/seas/Fmap_10days/2003_JFM_ic0.5_dt0.0025_DT0.0100/34_Fmap_matrix.npy

real	0m27.386s
user	0m0.013s
sys	0m0.016s
140
180
Generating /cluster/projects/nn8008k/lluisa/NextSIM/seas/Fmap_10days/2003_JFM_ic0.5_dt0.0025_DT0.0100/35_Fmap_matrix.npy

real	0m27.458s
user	0m0.013s
sys	0m0.014s
144
184
Generating /cluster/projects/nn8008k/lluisa/NextSIM/seas/Fmap_10days/2003_JFM_ic0.5_dt0.0025_DT0.0100/36_Fmap_matrix.npy

real	0m27.449s
user	0m0.014s
sys	0m0.012s
148
188
Generating /cluster/projects/nn8008k/lluisa/NextSIM/seas/Fmap_10days/2003_JFM_ic0.5_dt0.0025_DT0.0100/37_Fmap_matrix.npy

real	0m27.623s
user	0m0.014s
sys	0m0.012s
152
192
Generating /cluster/projects/nn8008k/lluisa/NextSIM/seas/Fmap_10days/2003_JFM_ic0.5_dt0.0025_DT0.0100/38_Fmap_matrix.npy

real	0m27.380s
user	0m0.014s
sys	0m0.012s
156
196
Generating /cluster/projects/nn8008k/lluisa/NextSIM/seas/Fmap_10days/2003_JFM_ic0.5_dt0.0025_DT0.0100/39_Fmap_matrix.npy

real	0m27.468s
user	0m0.017s
sys	0m0.011s
160
200
Generating /cluster/projects/nn8008k/lluisa/NextSIM/seas/Fmap_10days/2003_JFM_ic0.5_dt0.0025_DT0.0100/40_Fmap_matrix.npy

real	0m27.047s
user	0m0.017s
sys	0m0.011s
164
204
Generating /cluster/projects/nn8008k/lluisa/NextSIM/seas/Fmap_10days/2003_JFM_ic0.5_dt0.0025_DT0.0100/41_Fmap_matrix.npy

real	0m27.621s
user	0m0.015s
sys	0m0.012s
168
208
Generating /cluster/projects/nn8008k/lluisa/NextSIM/seas/Fmap_10days/2003_JFM_ic0.5_dt0.0025_DT0.0100/42_Fmap_matrix.npy

real	0m27.193s
user	0m0.018s
sys	0m0.010s
172
212
Generating /cluster/projects/nn8008k/lluisa/NextSIM/seas/Fmap_10days/2003_JFM_ic0.5_dt0.0025_DT0.0100/43_Fmap_matrix.npy

real	0m27.349s
user	0m0.015s
sys	0m0.013s
176
216
Generating /cluster/projects/nn8008k/lluisa/NextSIM/seas/Fmap_10days/2003_JFM_ic0.5_dt0.0025_DT0.0100/44_Fmap_matrix.npy

real	0m27.344s
user	0m0.014s
sys	0m0.013s
180
220
Generating /cluster/projects/nn8008k/lluisa/NextSIM/seas/Fmap_10days/2003_JFM_ic0.5_dt0.0025_DT0.0100/45_Fmap_matrix.npy

real	0m27.451s
user	0m0.015s
sys	0m0.011s
184
224
Generating /cluster/projects/nn8008k/lluisa/NextSIM/seas/Fmap_10days/2003_JFM_ic0.5_dt0.0025_DT0.0100/46_Fmap_matrix.npy

real	0m27.551s
user	0m0.014s
sys	0m0.012s
188
228
Generating /cluster/projects/nn8008k/lluisa/NextSIM/seas/Fmap_10days/2003_JFM_ic0.5_dt0.0025_DT0.0100/47_Fmap_matrix.npy

real	0m27.834s
user	0m0.013s
sys	0m0.014s
192
232
Generating /cluster/projects/nn8008k/lluisa/NextSIM/seas/Fmap_10days/2003_JFM_ic0.5_dt0.0025_DT0.0100/48_Fmap_matrix.npy

real	0m27.630s
user	0m0.016s
sys	0m0.011s
196
236
Generating /cluster/projects/nn8008k/lluisa/NextSIM/seas/Fmap_10days/2003_JFM_ic0.5_dt0.0025_DT0.0100/49_Fmap_matrix.npy

real	0m27.570s
user	0m0.010s
sys	0m0.017s
200
240
Generating /cluster/projects/nn8008k/lluisa/NextSIM/seas/Fmap_10days/2003_JFM_ic0.5_dt0.0025_DT0.0100/50_Fmap_matrix.npy

real	0m27.619s
user	0m0.015s
sys	0m0.012s
204
244
Generating /cluster/projects/nn8008k/lluisa/NextSIM/seas/Fmap_10days/2003_JFM_ic0.5_dt0.0025_DT0.0100/51_Fmap_matrix.npy

real	0m27.872s
user	0m0.016s
sys	0m0.010s
208
248
Generating /cluster/projects/nn8008k/lluisa/NextSIM/seas/Fmap_10days/2003_JFM_ic0.5_dt0.0025_DT0.0100/52_Fmap_matrix.npy

real	0m27.773s
user	0m0.012s
sys	0m0.014s
212
252
Generating /cluster/projects/nn8008k/lluisa/NextSIM/seas/Fmap_10days/2003_JFM_ic0.5_dt0.0025_DT0.0100/53_Fmap_matrix.npy

real	0m27.607s
user	0m0.014s
sys	0m0.012s
216
256
Generating /cluster/projects/nn8008k/lluisa/NextSIM/seas/Fmap_10days/2003_JFM_ic0.5_dt0.0025_DT0.0100/54_Fmap_matrix.npy

real	0m27.262s
user	0m0.015s
sys	0m0.012s
220
260
Generating /cluster/projects/nn8008k/lluisa/NextSIM/seas/Fmap_10days/2003_JFM_ic0.5_dt0.0025_DT0.0100/55_Fmap_matrix.npy

real	0m27.910s
user	0m0.015s
sys	0m0.011s
224
264
Generating /cluster/projects/nn8008k/lluisa/NextSIM/seas/Fmap_10days/2003_JFM_ic0.5_dt0.0025_DT0.0100/56_Fmap_matrix.npy

real	0m27.452s
user	0m0.014s
sys	0m0.013s
228
268
Generating /cluster/projects/nn8008k/lluisa/NextSIM/seas/Fmap_10days/2003_JFM_ic0.5_dt0.0025_DT0.0100/57_Fmap_matrix.npy

real	0m27.300s
user	0m0.015s
sys	0m0.011s
232
272
Generating /cluster/projects/nn8008k/lluisa/NextSIM/seas/Fmap_10days/2003_JFM_ic0.5_dt0.0025_DT0.0100/58_Fmap_matrix.npy

real	0m27.714s
user	0m0.011s
sys	0m0.016s
236
276
Generating /cluster/projects/nn8008k/lluisa/NextSIM/seas/Fmap_10days/2003_JFM_ic0.5_dt0.0025_DT0.0100/59_Fmap_matrix.npy

real	0m27.438s
user	0m0.011s
sys	0m0.016s
240
280
Generating /cluster/projects/nn8008k/lluisa/NextSIM/seas/Fmap_10days/2003_JFM_ic0.5_dt0.0025_DT0.0100/60_Fmap_matrix.npy

real	0m27.684s
user	0m0.013s
sys	0m0.014s
244
284
Generating /cluster/projects/nn8008k/lluisa/NextSIM/seas/Fmap_10days/2003_JFM_ic0.5_dt0.0025_DT0.0100/61_Fmap_matrix.npy

real	0m27.129s
user	0m0.015s
sys	0m0.010s
248
288
Generating /cluster/projects/nn8008k/lluisa/NextSIM/seas/Fmap_10days/2003_JFM_ic0.5_dt0.0025_DT0.0100/62_Fmap_matrix.npy

real	0m27.478s
user	0m0.012s
sys	0m0.015s
252
292
Generating /cluster/projects/nn8008k/lluisa/NextSIM/seas/Fmap_10days/2003_JFM_ic0.5_dt0.0025_DT0.0100/63_Fmap_matrix.npy

real	0m27.456s
user	0m0.012s
sys	0m0.015s
256
296
Generating /cluster/projects/nn8008k/lluisa/NextSIM/seas/Fmap_10days/2003_JFM_ic0.5_dt0.0025_DT0.0100/64_Fmap_matrix.npy

real	0m27.842s
user	0m0.012s
sys	0m0.015s
260
300
Generating /cluster/projects/nn8008k/lluisa/NextSIM/seas/Fmap_10days/2003_JFM_ic0.5_dt0.0025_DT0.0100/65_Fmap_matrix.npy

real	0m27.953s
user	0m0.013s
sys	0m0.013s
264
304
Generating /cluster/projects/nn8008k/lluisa/NextSIM/seas/Fmap_10days/2003_JFM_ic0.5_dt0.0025_DT0.0100/66_Fmap_matrix.npy

real	0m27.857s
user	0m0.016s
sys	0m0.012s
268
308
Generating /cluster/projects/nn8008k/lluisa/NextSIM/seas/Fmap_10days/2003_JFM_ic0.5_dt0.0025_DT0.0100/67_Fmap_matrix.npy

real	0m27.644s
user	0m0.012s
sys	0m0.014s
272
312
Generating /cluster/projects/nn8008k/lluisa/NextSIM/seas/Fmap_10days/2003_JFM_ic0.5_dt0.0025_DT0.0100/68_Fmap_matrix.npy

real	0m27.588s
user	0m0.018s
sys	0m0.010s
276
316
Generating /cluster/projects/nn8008k/lluisa/NextSIM/seas/Fmap_10days/2003_JFM_ic0.5_dt0.0025_DT0.0100/69_Fmap_matrix.npy

real	0m27.591s
user	0m0.014s
sys	0m0.013s
280
320
Generating /cluster/projects/nn8008k/lluisa/NextSIM/seas/Fmap_10days/2003_JFM_ic0.5_dt0.0025_DT0.0100/70_Fmap_matrix.npy

real	0m27.677s
user	0m0.012s
sys	0m0.015s
284
324
Generating /cluster/projects/nn8008k/lluisa/NextSIM/seas/Fmap_10days/2003_JFM_ic0.5_dt0.0025_DT0.0100/71_Fmap_matrix.npy

real	0m27.859s
user	0m0.015s
sys	0m0.014s
288
328
Generating /cluster/projects/nn8008k/lluisa/NextSIM/seas/Fmap_10days/2003_JFM_ic0.5_dt0.0025_DT0.0100/72_Fmap_matrix.npy

real	0m27.665s
user	0m0.013s
sys	0m0.014s
292
332
Generating /cluster/projects/nn8008k/lluisa/NextSIM/seas/Fmap_10days/2003_JFM_ic0.5_dt0.0025_DT0.0100/73_Fmap_matrix.npy

real	0m27.621s
user	0m0.015s
sys	0m0.012s
296
336
Generating /cluster/projects/nn8008k/lluisa/NextSIM/seas/Fmap_10days/2003_JFM_ic0.5_dt0.0025_DT0.0100/74_Fmap_matrix.npy

real	0m27.577s
user	0m0.016s
sys	0m0.011s
300
340
Generating /cluster/projects/nn8008k/lluisa/NextSIM/seas/Fmap_10days/2003_JFM_ic0.5_dt0.0025_DT0.0100/75_Fmap_matrix.npy

real	0m27.600s
user	0m0.012s
sys	0m0.014s
304
344
Generating /cluster/projects/nn8008k/lluisa/NextSIM/seas/Fmap_10days/2003_JFM_ic0.5_dt0.0025_DT0.0100/76_Fmap_matrix.npy

real	0m27.456s
user	0m0.013s
sys	0m0.013s
308
348
Generating /cluster/projects/nn8008k/lluisa/NextSIM/seas/Fmap_10days/2003_JFM_ic0.5_dt0.0025_DT0.0100/77_Fmap_matrix.npy

real	0m27.703s
user	0m0.011s
sys	0m0.015s
312
352
Generating /cluster/projects/nn8008k/lluisa/NextSIM/seas/Fmap_10days/2003_JFM_ic0.5_dt0.0025_DT0.0100/78_Fmap_matrix.npy

real	0m27.641s
user	0m0.016s
sys	0m0.010s
316
356
Generating /cluster/projects/nn8008k/lluisa/NextSIM/seas/Fmap_10days/2003_JFM_ic0.5_dt0.0025_DT0.0100/79_Fmap_matrix.npy

real	0m27.865s
user	0m0.012s
sys	0m0.014s
320
360
Generating /cluster/projects/nn8008k/lluisa/NextSIM/seas/Fmap_10days/2003_JFM_ic0.5_dt0.0025_DT0.0100/80_Fmap_matrix.npy

real	0m27.411s
user	0m0.012s
sys	0m0.014s
EBVERSIONNUMACTL=2.0.16
SLURM_JOB_NUM_NODES=1
EBROOTNUMACTL=/cluster/software/numactl/2.0.16-GCCcore-13.2.0
EBDEVELNUMACTL=/cluster/software/numactl/2.0.16-GCCcore-13.2.0/easybuild/numactl-2.0.16-GCCcore-13.2.0-easybuild-devel
OMP_NUM_THREADS=32

Job 6228796 consumed 19.9 billing hours from project nn8008k.

Submitted 2025-05-03T00:03:20; waited 21.0 seconds in the queue after becoming eligible to run.

Requested wallclock time: 3.0 days
Elapsed wallclock time:   37.3 minutes

Job exited normally.

Task and CPU statistics:
ID              CPUs  Tasks  CPU util                Start   Elapsed  Exit status
6228796           32            0.0 %  2025-05-03T00:03:41  2238.0 s  0
6228796.batch     32      1     0.0 %  2025-05-03T00:03:41  2238.0 s  0
6228796.python    32      1    21.9 %  2025-05-03T00:03:46    35.0 s  0
6228796.python    32      1    28.0 %  2025-05-03T00:04:21    27.0 s  0
6228796.python    32      1    27.1 %  2025-05-03T00:04:48    28.0 s  0
6228796.python    32      1    29.0 %  2025-05-03T00:05:16    26.0 s  0
6228796.python    32      1    28.3 %  2025-05-03T00:05:43    27.0 s  0
6228796.python    32      1    28.2 %  2025-05-03T00:06:10    27.0 s  0
6228796.python    32      1    28.0 %  2025-05-03T00:06:37    27.0 s  0
6228796.python    32      1    27.4 %  2025-05-03T00:07:04    28.0 s  0
6228796.python    32      1    28.1 %  2025-05-03T00:07:32    27.0 s  0
6228796.python    32      1    28.2 %  2025-05-03T00:07:59    27.0 s  0
6228796.python    32      1    28.3 %  2025-05-03T00:08:26    27.0 s  0
6228796.python    32      1    28.2 %  2025-05-03T00:08:53    27.0 s  0
6228796.python    32      1    27.4 %  2025-05-03T00:09:20    28.0 s  0
6228796.python    32      1    28.5 %  2025-05-03T00:09:48    27.0 s  0
6228796.python    32      1    27.2 %  2025-05-03T00:10:15    28.0 s  0
6228796.python    32      1    28.4 %  2025-05-03T00:10:43    27.0 s  0
6228796.python    32      1    27.7 %  2025-05-03T00:11:10    28.0 s  0
6228796.python    32      1    28.4 %  2025-05-03T00:11:38    27.0 s  0
6228796.python    32      1    28.6 %  2025-05-03T00:12:05    27.0 s  0
6228796.python    32      1    28.6 %  2025-05-03T00:12:32    27.0 s  0
6228796.python    32      1    27.5 %  2025-05-03T00:12:59    28.0 s  0
6228796.python    32      1    28.8 %  2025-05-03T00:13:27    27.0 s  0
6228796.python    32      1    28.4 %  2025-05-03T00:13:54    27.0 s  0
6228796.python    32      1    27.6 %  2025-05-03T00:14:21    28.0 s  0
6228796.python    32      1    28.6 %  2025-05-03T00:14:49    27.0 s  0
6228796.python    32      1    27.5 %  2025-05-03T00:15:16    28.0 s  0
6228796.python    32      1    28.5 %  2025-05-03T00:15:44    27.0 s  0
6228796.python    32      1    27.8 %  2025-05-03T00:16:11    28.0 s  0
6228796.python    32      1    28.6 %  2025-05-03T00:16:39    27.0 s  0
6228796.python    32      1    28.3 %  2025-05-03T00:17:06    28.0 s  0
6228796.python    32      1    27.5 %  2025-05-03T00:17:34    28.0 s  0
6228796.python    32      1    28.7 %  2025-05-03T00:18:02    27.0 s  0
6228796.python    32      1    28.5 %  2025-05-03T00:18:29    27.0 s  0
6228796.python    32      1    28.9 %  2025-05-03T00:18:56    27.0 s  0
6228796.python    32      1    27.8 %  2025-05-03T00:19:23    28.0 s  0
6228796.python    32      1    28.5 %  2025-05-03T00:19:51    27.0 s  0
6228796.python    32      1    27.5 %  2025-05-03T00:20:18    28.0 s  0
6228796.python    32      1    28.9 %  2025-05-03T00:20:46    27.0 s  0
6228796.python    32      1    27.6 %  2025-05-03T00:21:13    28.0 s  0
6228796.python    32      1    28.6 %  2025-05-03T00:21:41    27.0 s  0
6228796.python    32      1    29.1 %  2025-05-03T00:22:08    27.0 s  0
6228796.python    32      1    28.0 %  2025-05-03T00:22:35    28.0 s  0
6228796.python    32      1    28.7 %  2025-05-03T00:23:03    27.0 s  0
6228796.python    32      1    28.6 %  2025-05-03T00:23:30    27.0 s  0
6228796.python    32      1    27.6 %  2025-05-03T00:23:57    28.0 s  0
6228796.python    32      1    28.7 %  2025-05-03T00:24:25    27.0 s  0
6228796.python    32      1    27.7 %  2025-05-03T00:24:52    28.0 s  0
6228796.python    32      1    28.9 %  2025-05-03T00:25:20    27.0 s  0
6228796.python    32      1    27.9 %  2025-05-03T00:25:47    28.0 s  0
6228796.python    32      1    27.8 %  2025-05-03T00:26:15    28.0 s  0
6228796.python    32      1    28.7 %  2025-05-03T00:26:43    27.0 s  0
6228796.python    32      1    28.1 %  2025-05-03T00:27:10    28.0 s  0
6228796.python    32      1    28.2 %  2025-05-03T00:27:38    28.0 s  0
6228796.python    32      1    28.1 %  2025-05-03T00:28:06    28.0 s  0
6228796.python    32      1    29.0 %  2025-05-03T00:28:34    27.0 s  0
6228796.python    32      1    27.9 %  2025-05-03T00:29:01    28.0 s  0
6228796.python    32      1    29.0 %  2025-05-03T00:29:29    27.0 s  0
6228796.python    32      1    29.0 %  2025-05-03T00:29:56    27.0 s  0
6228796.python    32      1    27.9 %  2025-05-03T00:30:23    28.0 s  0
6228796.python    32      1    28.0 %  2025-05-03T00:30:51    28.0 s  0
6228796.python    32      1    29.0 %  2025-05-03T00:31:19    27.0 s  0
6228796.python    32      1    29.0 %  2025-05-03T00:31:46    27.0 s  0
6228796.python    32      1    28.2 %  2025-05-03T00:32:13    28.0 s  0
6228796.python    32      1    29.0 %  2025-05-03T00:32:41    27.0 s  0
6228796.python    32      1    28.2 %  2025-05-03T00:33:08    28.0 s  0
6228796.python    32      1    28.1 %  2025-05-03T00:33:36    28.0 s  0
6228796.python    32      1    28.2 %  2025-05-03T00:34:04    28.0 s  0
6228796.python    32      1    28.0 %  2025-05-03T00:34:32    28.0 s  0
6228796.python    32      1    28.9 %  2025-05-03T00:35:00    27.0 s  0
6228796.python    32      1    28.1 %  2025-05-03T00:35:27    28.0 s  0
6228796.python    32      1    29.2 %  2025-05-03T00:35:55    27.0 s  0
6228796.python    32      1    29.3 %  2025-05-03T00:36:23    27.0 s  0
6228796.python    32      1    28.3 %  2025-05-03T00:36:50    28.0 s  0
6228796.python    32      1    28.3 %  2025-05-03T00:37:18    28.0 s  0
6228796.python    32      1    29.2 %  2025-05-03T00:37:46    27.0 s  0
6228796.python    32      1    28.1 %  2025-05-03T00:38:13    28.0 s  0
6228796.python    32      1    29.3 %  2025-05-03T00:38:41    27.0 s  0
6228796.python    32      1    28.4 %  2025-05-03T00:39:08    28.0 s  0
6228796.python    32      1    28.4 %  2025-05-03T00:39:36    28.0 s  0
6228796.python    32      1    29.3 %  2025-05-03T00:40:04    27.0 s  0
6228796.python    32      1    29.0 %  2025-05-03T00:40:32    27.0 s  0

Used CPU time:   5.6 CPU hours
Unused CPU time: 14.3 CPU hours

Memory statistics, in GiB:
ID               Alloc   Usage
6228796           59.0        
6228796.batch     59.0     0.0
6228796.python    59.0     6.9
6228796.python    59.0     0.1
6228796.python    59.0     0.1
6228796.python    59.0     0.1
6228796.python    59.0     0.1
6228796.python    59.0     0.1
6228796.python    59.0     0.1
6228796.python    59.0     0.1
6228796.python    59.0     0.1
6228796.python    59.0     0.1
6228796.python    59.0     0.1
6228796.python    59.0     0.1
6228796.python    59.0     0.1
6228796.python    59.0     0.1
6228796.python    59.0     0.1
6228796.python    59.0     0.1
6228796.python    59.0     0.1
6228796.python    59.0     0.1
6228796.python    59.0     0.1
6228796.python    59.0     0.1
6228796.python    59.0     0.1
6228796.python    59.0     0.1
6228796.python    59.0     0.1
6228796.python    59.0     0.1
6228796.python    59.0     0.1
6228796.python    59.0     0.1
6228796.python    59.0     0.1
6228796.python    59.0     0.1
6228796.python    59.0     0.1
6228796.python    59.0     0.1
6228796.python    59.0     0.1
6228796.python    59.0     0.1
6228796.python    59.0     0.1
6228796.python    59.0     0.1
6228796.python    59.0     0.1
6228796.python    59.0     0.1
6228796.python    59.0     0.1
6228796.python    59.0     0.1
6228796.python    59.0     0.1
6228796.python    59.0     0.1
6228796.python    59.0     0.1
6228796.python    59.0     0.1
6228796.python    59.0     0.1
6228796.python    59.0     0.1
6228796.python    59.0     0.1
6228796.python    59.0     0.1
6228796.python    59.0     0.1
6228796.python    59.0     0.1
6228796.python    59.0     0.1
6228796.python    59.0     0.1
6228796.python    59.0     0.1
6228796.python    59.0     0.1
6228796.python    59.0     0.1
6228796.python    59.0     0.1
6228796.python    59.0     0.1
6228796.python    59.0     0.1
6228796.python    59.0     0.1
6228796.python    59.0     0.1
6228796.python    59.0     0.1
6228796.python    59.0     0.1
6228796.python    59.0     0.1
6228796.python    59.0     0.1
6228796.python    59.0     0.1
6228796.python    59.0     0.1
6228796.python    59.0     0.1
6228796.python    59.0     0.1
6228796.python    59.0     0.1
6228796.python    59.0     0.1
6228796.python    59.0     0.1
6228796.python    59.0     0.1
6228796.python    59.0     0.1
6228796.python    59.0     0.1
6228796.python    59.0     0.1
6228796.python    59.0     0.1
6228796.python    59.0     0.1
6228796.python    59.0     0.1
6228796.python    59.0     0.1
6228796.python    59.0     0.2
6228796.python    59.0     0.1
6228796.python    59.0     0.1
6228796.python    59.0     0.1

Job 6228796 completed at Sat May 3 00:40:59 CEST 2025
