Starting job 6228803 on c27-3 on fram at Sat May 3 00:03:44 CEST 2025


Currently Loaded Modules:
  1) StdEnv (S)

  Where:
   S:  Module is Sticky, requires --force to unload or purge

 


The following have been reloaded with a version change:
  1) GCCcore/13.3.0 => GCCcore/13.2.0
  2) OpenSSL/3 => OpenSSL/1.1
  3) Python/3.12.3-GCCcore-13.3.0 => Python/3.11.5-GCCcore-13.2.0
  4) SQLite/3.45.3-GCCcore-13.3.0 => SQLite/3.43.1-GCCcore-13.2.0
  5) Tcl/8.6.14-GCCcore-13.3.0 => Tcl/8.6.13-GCCcore-13.2.0
  6) XZ/5.4.5-GCCcore-13.3.0 => XZ/5.4.4-GCCcore-13.2.0
  7) binutils/2.42-GCCcore-13.3.0 => binutils/2.40-GCCcore-13.2.0
  8) bzip2/1.0.8-GCCcore-13.3.0 => bzip2/1.0.8-GCCcore-13.2.0
  9) libffi/3.4.5-GCCcore-13.3.0 => libffi/3.4.4-GCCcore-13.2.0
 10) libreadline/8.2-GCCcore-13.3.0 => libreadline/8.2-GCCcore-13.2.0
 11) ncurses/6.5-GCCcore-13.3.0 => ncurses/6.4-GCCcore-13.2.0
 12) zlib/1.3.1-GCCcore-13.3.0 => zlib/1.2.13-GCCcore-13.2.0

0
40
Generating /cluster/projects/nn8008k/lluisa/NextSIM/seas/Fmap_10days/2005_OND_ic0.5_dt0.0025_DT0.0100/0_Fmap_matrix.npy

real	0m31.949s
user	0m0.014s
sys	0m0.023s
4
44
Generating /cluster/projects/nn8008k/lluisa/NextSIM/seas/Fmap_10days/2005_OND_ic0.5_dt0.0025_DT0.0100/1_Fmap_matrix.npy

real	0m23.555s
user	0m0.018s
sys	0m0.010s
8
48
Generating /cluster/projects/nn8008k/lluisa/NextSIM/seas/Fmap_10days/2005_OND_ic0.5_dt0.0025_DT0.0100/2_Fmap_matrix.npy

real	0m23.689s
user	0m0.013s
sys	0m0.016s
12
52
Generating /cluster/projects/nn8008k/lluisa/NextSIM/seas/Fmap_10days/2005_OND_ic0.5_dt0.0025_DT0.0100/3_Fmap_matrix.npy

real	0m23.735s
user	0m0.015s
sys	0m0.013s
16
56
Generating /cluster/projects/nn8008k/lluisa/NextSIM/seas/Fmap_10days/2005_OND_ic0.5_dt0.0025_DT0.0100/4_Fmap_matrix.npy

real	0m23.458s
user	0m0.012s
sys	0m0.015s
20
60
Generating /cluster/projects/nn8008k/lluisa/NextSIM/seas/Fmap_10days/2005_OND_ic0.5_dt0.0025_DT0.0100/5_Fmap_matrix.npy

real	0m23.610s
user	0m0.016s
sys	0m0.011s
24
64
Generating /cluster/projects/nn8008k/lluisa/NextSIM/seas/Fmap_10days/2005_OND_ic0.5_dt0.0025_DT0.0100/6_Fmap_matrix.npy

real	0m23.850s
user	0m0.012s
sys	0m0.014s
28
68
Generating /cluster/projects/nn8008k/lluisa/NextSIM/seas/Fmap_10days/2005_OND_ic0.5_dt0.0025_DT0.0100/7_Fmap_matrix.npy

real	0m23.836s
user	0m0.018s
sys	0m0.009s
32
72
Generating /cluster/projects/nn8008k/lluisa/NextSIM/seas/Fmap_10days/2005_OND_ic0.5_dt0.0025_DT0.0100/8_Fmap_matrix.npy

real	0m24.154s
user	0m0.012s
sys	0m0.014s
36
76
Generating /cluster/projects/nn8008k/lluisa/NextSIM/seas/Fmap_10days/2005_OND_ic0.5_dt0.0025_DT0.0100/9_Fmap_matrix.npy

real	0m23.499s
user	0m0.014s
sys	0m0.013s
40
80
Generating /cluster/projects/nn8008k/lluisa/NextSIM/seas/Fmap_10days/2005_OND_ic0.5_dt0.0025_DT0.0100/10_Fmap_matrix.npy

real	0m23.626s
user	0m0.014s
sys	0m0.015s
44
84
Generating /cluster/projects/nn8008k/lluisa/NextSIM/seas/Fmap_10days/2005_OND_ic0.5_dt0.0025_DT0.0100/11_Fmap_matrix.npy

real	0m23.857s
user	0m0.015s
sys	0m0.012s
48
88
Generating /cluster/projects/nn8008k/lluisa/NextSIM/seas/Fmap_10days/2005_OND_ic0.5_dt0.0025_DT0.0100/12_Fmap_matrix.npy

real	0m23.775s
user	0m0.012s
sys	0m0.015s
52
92
Generating /cluster/projects/nn8008k/lluisa/NextSIM/seas/Fmap_10days/2005_OND_ic0.5_dt0.0025_DT0.0100/13_Fmap_matrix.npy

real	0m24.149s
user	0m0.013s
sys	0m0.014s
56
96
Generating /cluster/projects/nn8008k/lluisa/NextSIM/seas/Fmap_10days/2005_OND_ic0.5_dt0.0025_DT0.0100/14_Fmap_matrix.npy

real	0m24.107s
user	0m0.014s
sys	0m0.012s
60
100
Generating /cluster/projects/nn8008k/lluisa/NextSIM/seas/Fmap_10days/2005_OND_ic0.5_dt0.0025_DT0.0100/15_Fmap_matrix.npy

real	0m23.906s
user	0m0.015s
sys	0m0.012s
64
104
Generating /cluster/projects/nn8008k/lluisa/NextSIM/seas/Fmap_10days/2005_OND_ic0.5_dt0.0025_DT0.0100/16_Fmap_matrix.npy

real	0m24.630s
user	0m0.010s
sys	0m0.017s
68
108
Generating /cluster/projects/nn8008k/lluisa/NextSIM/seas/Fmap_10days/2005_OND_ic0.5_dt0.0025_DT0.0100/17_Fmap_matrix.npy

real	0m24.059s
user	0m0.012s
sys	0m0.015s
72
112
Generating /cluster/projects/nn8008k/lluisa/NextSIM/seas/Fmap_10days/2005_OND_ic0.5_dt0.0025_DT0.0100/18_Fmap_matrix.npy

real	0m24.065s
user	0m0.016s
sys	0m0.011s
76
116
Generating /cluster/projects/nn8008k/lluisa/NextSIM/seas/Fmap_10days/2005_OND_ic0.5_dt0.0025_DT0.0100/19_Fmap_matrix.npy

real	0m23.960s
user	0m0.012s
sys	0m0.015s
80
120
Generating /cluster/projects/nn8008k/lluisa/NextSIM/seas/Fmap_10days/2005_OND_ic0.5_dt0.0025_DT0.0100/20_Fmap_matrix.npy

real	0m24.292s
user	0m0.013s
sys	0m0.014s
84
124
Generating /cluster/projects/nn8008k/lluisa/NextSIM/seas/Fmap_10days/2005_OND_ic0.5_dt0.0025_DT0.0100/21_Fmap_matrix.npy

real	0m24.466s
user	0m0.013s
sys	0m0.014s
88
128
Generating /cluster/projects/nn8008k/lluisa/NextSIM/seas/Fmap_10days/2005_OND_ic0.5_dt0.0025_DT0.0100/22_Fmap_matrix.npy

real	0m24.282s
user	0m0.013s
sys	0m0.014s
92
132
Generating /cluster/projects/nn8008k/lluisa/NextSIM/seas/Fmap_10days/2005_OND_ic0.5_dt0.0025_DT0.0100/23_Fmap_matrix.npy

real	0m24.737s
user	0m0.018s
sys	0m0.008s
96
136
Generating /cluster/projects/nn8008k/lluisa/NextSIM/seas/Fmap_10days/2005_OND_ic0.5_dt0.0025_DT0.0100/24_Fmap_matrix.npy

real	0m24.877s
user	0m0.014s
sys	0m0.013s
100
140
Generating /cluster/projects/nn8008k/lluisa/NextSIM/seas/Fmap_10days/2005_OND_ic0.5_dt0.0025_DT0.0100/25_Fmap_matrix.npy

real	0m25.060s
user	0m0.012s
sys	0m0.014s
104
144
Generating /cluster/projects/nn8008k/lluisa/NextSIM/seas/Fmap_10days/2005_OND_ic0.5_dt0.0025_DT0.0100/26_Fmap_matrix.npy

real	0m25.359s
user	0m0.015s
sys	0m0.012s
108
148
Generating /cluster/projects/nn8008k/lluisa/NextSIM/seas/Fmap_10days/2005_OND_ic0.5_dt0.0025_DT0.0100/27_Fmap_matrix.npy

real	0m24.624s
user	0m0.008s
sys	0m0.019s
112
152
Generating /cluster/projects/nn8008k/lluisa/NextSIM/seas/Fmap_10days/2005_OND_ic0.5_dt0.0025_DT0.0100/28_Fmap_matrix.npy

real	0m25.441s
user	0m0.014s
sys	0m0.014s
116
156
Generating /cluster/projects/nn8008k/lluisa/NextSIM/seas/Fmap_10days/2005_OND_ic0.5_dt0.0025_DT0.0100/29_Fmap_matrix.npy

real	0m24.775s
user	0m0.012s
sys	0m0.016s
120
160
Generating /cluster/projects/nn8008k/lluisa/NextSIM/seas/Fmap_10days/2005_OND_ic0.5_dt0.0025_DT0.0100/30_Fmap_matrix.npy

real	0m25.275s
user	0m0.015s
sys	0m0.012s
124
164
Generating /cluster/projects/nn8008k/lluisa/NextSIM/seas/Fmap_10days/2005_OND_ic0.5_dt0.0025_DT0.0100/31_Fmap_matrix.npy

real	0m25.202s
user	0m0.013s
sys	0m0.014s
128
168
Generating /cluster/projects/nn8008k/lluisa/NextSIM/seas/Fmap_10days/2005_OND_ic0.5_dt0.0025_DT0.0100/32_Fmap_matrix.npy

real	0m25.374s
user	0m0.009s
sys	0m0.017s
132
172
Generating /cluster/projects/nn8008k/lluisa/NextSIM/seas/Fmap_10days/2005_OND_ic0.5_dt0.0025_DT0.0100/33_Fmap_matrix.npy

real	0m25.227s
user	0m0.015s
sys	0m0.013s
136
176
Generating /cluster/projects/nn8008k/lluisa/NextSIM/seas/Fmap_10days/2005_OND_ic0.5_dt0.0025_DT0.0100/34_Fmap_matrix.npy

real	0m25.623s
user	0m0.013s
sys	0m0.015s
140
180
Generating /cluster/projects/nn8008k/lluisa/NextSIM/seas/Fmap_10days/2005_OND_ic0.5_dt0.0025_DT0.0100/35_Fmap_matrix.npy

real	0m25.557s
user	0m0.012s
sys	0m0.015s
144
184
Generating /cluster/projects/nn8008k/lluisa/NextSIM/seas/Fmap_10days/2005_OND_ic0.5_dt0.0025_DT0.0100/36_Fmap_matrix.npy

real	0m25.603s
user	0m0.014s
sys	0m0.014s
148
188
Generating /cluster/projects/nn8008k/lluisa/NextSIM/seas/Fmap_10days/2005_OND_ic0.5_dt0.0025_DT0.0100/37_Fmap_matrix.npy

real	0m25.277s
user	0m0.016s
sys	0m0.011s
152
192
Generating /cluster/projects/nn8008k/lluisa/NextSIM/seas/Fmap_10days/2005_OND_ic0.5_dt0.0025_DT0.0100/38_Fmap_matrix.npy

real	0m25.532s
user	0m0.012s
sys	0m0.015s
156
196
Generating /cluster/projects/nn8008k/lluisa/NextSIM/seas/Fmap_10days/2005_OND_ic0.5_dt0.0025_DT0.0100/39_Fmap_matrix.npy

real	0m25.701s
user	0m0.014s
sys	0m0.013s
160
200
Generating /cluster/projects/nn8008k/lluisa/NextSIM/seas/Fmap_10days/2005_OND_ic0.5_dt0.0025_DT0.0100/40_Fmap_matrix.npy

real	0m25.651s
user	0m0.010s
sys	0m0.018s
164
204
Generating /cluster/projects/nn8008k/lluisa/NextSIM/seas/Fmap_10days/2005_OND_ic0.5_dt0.0025_DT0.0100/41_Fmap_matrix.npy

real	0m25.114s
user	0m0.014s
sys	0m0.015s
168
208
Generating /cluster/projects/nn8008k/lluisa/NextSIM/seas/Fmap_10days/2005_OND_ic0.5_dt0.0025_DT0.0100/42_Fmap_matrix.npy

real	0m25.324s
user	0m0.013s
sys	0m0.015s
172
212
Generating /cluster/projects/nn8008k/lluisa/NextSIM/seas/Fmap_10days/2005_OND_ic0.5_dt0.0025_DT0.0100/43_Fmap_matrix.npy

real	0m25.686s
user	0m0.013s
sys	0m0.014s
176
216
Generating /cluster/projects/nn8008k/lluisa/NextSIM/seas/Fmap_10days/2005_OND_ic0.5_dt0.0025_DT0.0100/44_Fmap_matrix.npy

real	0m25.787s
user	0m0.016s
sys	0m0.012s
180
220
Generating /cluster/projects/nn8008k/lluisa/NextSIM/seas/Fmap_10days/2005_OND_ic0.5_dt0.0025_DT0.0100/45_Fmap_matrix.npy

real	0m25.894s
user	0m0.014s
sys	0m0.012s
184
224
Generating /cluster/projects/nn8008k/lluisa/NextSIM/seas/Fmap_10days/2005_OND_ic0.5_dt0.0025_DT0.0100/46_Fmap_matrix.npy

real	0m25.839s
user	0m0.016s
sys	0m0.012s
188
228
Generating /cluster/projects/nn8008k/lluisa/NextSIM/seas/Fmap_10days/2005_OND_ic0.5_dt0.0025_DT0.0100/47_Fmap_matrix.npy

real	0m25.758s
user	0m0.010s
sys	0m0.016s
192
232
Generating /cluster/projects/nn8008k/lluisa/NextSIM/seas/Fmap_10days/2005_OND_ic0.5_dt0.0025_DT0.0100/48_Fmap_matrix.npy

real	0m25.833s
user	0m0.013s
sys	0m0.014s
196
236
Generating /cluster/projects/nn8008k/lluisa/NextSIM/seas/Fmap_10days/2005_OND_ic0.5_dt0.0025_DT0.0100/49_Fmap_matrix.npy

real	0m26.117s
user	0m0.012s
sys	0m0.016s
200
240
Generating /cluster/projects/nn8008k/lluisa/NextSIM/seas/Fmap_10days/2005_OND_ic0.5_dt0.0025_DT0.0100/50_Fmap_matrix.npy

real	0m25.798s
user	0m0.014s
sys	0m0.013s
204
244
Generating /cluster/projects/nn8008k/lluisa/NextSIM/seas/Fmap_10days/2005_OND_ic0.5_dt0.0025_DT0.0100/51_Fmap_matrix.npy

real	0m25.974s
user	0m0.014s
sys	0m0.014s
208
248
Generating /cluster/projects/nn8008k/lluisa/NextSIM/seas/Fmap_10days/2005_OND_ic0.5_dt0.0025_DT0.0100/52_Fmap_matrix.npy

real	0m26.101s
user	0m0.013s
sys	0m0.014s
212
252
Generating /cluster/projects/nn8008k/lluisa/NextSIM/seas/Fmap_10days/2005_OND_ic0.5_dt0.0025_DT0.0100/53_Fmap_matrix.npy

real	0m25.864s
user	0m0.013s
sys	0m0.015s
216
256
Generating /cluster/projects/nn8008k/lluisa/NextSIM/seas/Fmap_10days/2005_OND_ic0.5_dt0.0025_DT0.0100/54_Fmap_matrix.npy

real	0m26.248s
user	0m0.014s
sys	0m0.015s
220
260
Generating /cluster/projects/nn8008k/lluisa/NextSIM/seas/Fmap_10days/2005_OND_ic0.5_dt0.0025_DT0.0100/55_Fmap_matrix.npy

real	0m26.110s
user	0m0.015s
sys	0m0.012s
224
264
Generating /cluster/projects/nn8008k/lluisa/NextSIM/seas/Fmap_10days/2005_OND_ic0.5_dt0.0025_DT0.0100/56_Fmap_matrix.npy

real	0m26.369s
user	0m0.012s
sys	0m0.014s
228
268
Generating /cluster/projects/nn8008k/lluisa/NextSIM/seas/Fmap_10days/2005_OND_ic0.5_dt0.0025_DT0.0100/57_Fmap_matrix.npy

real	0m26.073s
user	0m0.017s
sys	0m0.010s
232
272
Generating /cluster/projects/nn8008k/lluisa/NextSIM/seas/Fmap_10days/2005_OND_ic0.5_dt0.0025_DT0.0100/58_Fmap_matrix.npy

real	0m26.287s
user	0m0.014s
sys	0m0.013s
236
276
Generating /cluster/projects/nn8008k/lluisa/NextSIM/seas/Fmap_10days/2005_OND_ic0.5_dt0.0025_DT0.0100/59_Fmap_matrix.npy

real	0m26.450s
user	0m0.015s
sys	0m0.012s
240
280
Generating /cluster/projects/nn8008k/lluisa/NextSIM/seas/Fmap_10days/2005_OND_ic0.5_dt0.0025_DT0.0100/60_Fmap_matrix.npy

real	0m26.285s
user	0m0.015s
sys	0m0.014s
244
284
Generating /cluster/projects/nn8008k/lluisa/NextSIM/seas/Fmap_10days/2005_OND_ic0.5_dt0.0025_DT0.0100/61_Fmap_matrix.npy

real	0m25.882s
user	0m0.016s
sys	0m0.012s
248
288
Generating /cluster/projects/nn8008k/lluisa/NextSIM/seas/Fmap_10days/2005_OND_ic0.5_dt0.0025_DT0.0100/62_Fmap_matrix.npy

real	0m26.191s
user	0m0.016s
sys	0m0.012s
252
292
Generating /cluster/projects/nn8008k/lluisa/NextSIM/seas/Fmap_10days/2005_OND_ic0.5_dt0.0025_DT0.0100/63_Fmap_matrix.npy

real	0m26.366s
user	0m0.013s
sys	0m0.012s
256
296
Generating /cluster/projects/nn8008k/lluisa/NextSIM/seas/Fmap_10days/2005_OND_ic0.5_dt0.0025_DT0.0100/64_Fmap_matrix.npy

real	0m26.009s
user	0m0.015s
sys	0m0.013s
260
300
Generating /cluster/projects/nn8008k/lluisa/NextSIM/seas/Fmap_10days/2005_OND_ic0.5_dt0.0025_DT0.0100/65_Fmap_matrix.npy

real	0m26.453s
user	0m0.016s
sys	0m0.012s
264
304
Generating /cluster/projects/nn8008k/lluisa/NextSIM/seas/Fmap_10days/2005_OND_ic0.5_dt0.0025_DT0.0100/66_Fmap_matrix.npy

real	0m25.894s
user	0m0.012s
sys	0m0.015s
268
308
Generating /cluster/projects/nn8008k/lluisa/NextSIM/seas/Fmap_10days/2005_OND_ic0.5_dt0.0025_DT0.0100/67_Fmap_matrix.npy

real	0m26.200s
user	0m0.014s
sys	0m0.013s
272
312
Generating /cluster/projects/nn8008k/lluisa/NextSIM/seas/Fmap_10days/2005_OND_ic0.5_dt0.0025_DT0.0100/68_Fmap_matrix.npy

real	0m26.228s
user	0m0.017s
sys	0m0.010s
276
316
Generating /cluster/projects/nn8008k/lluisa/NextSIM/seas/Fmap_10days/2005_OND_ic0.5_dt0.0025_DT0.0100/69_Fmap_matrix.npy

real	0m25.688s
user	0m0.014s
sys	0m0.015s
280
320
Generating /cluster/projects/nn8008k/lluisa/NextSIM/seas/Fmap_10days/2005_OND_ic0.5_dt0.0025_DT0.0100/70_Fmap_matrix.npy

real	0m26.110s
user	0m0.012s
sys	0m0.015s
284
324
Generating /cluster/projects/nn8008k/lluisa/NextSIM/seas/Fmap_10days/2005_OND_ic0.5_dt0.0025_DT0.0100/71_Fmap_matrix.npy

real	0m26.754s
user	0m0.014s
sys	0m0.014s
288
328
Generating /cluster/projects/nn8008k/lluisa/NextSIM/seas/Fmap_10days/2005_OND_ic0.5_dt0.0025_DT0.0100/72_Fmap_matrix.npy

real	0m25.973s
user	0m0.013s
sys	0m0.015s
292
332
Generating /cluster/projects/nn8008k/lluisa/NextSIM/seas/Fmap_10days/2005_OND_ic0.5_dt0.0025_DT0.0100/73_Fmap_matrix.npy

real	0m25.961s
user	0m0.013s
sys	0m0.016s
296
336
Generating /cluster/projects/nn8008k/lluisa/NextSIM/seas/Fmap_10days/2005_OND_ic0.5_dt0.0025_DT0.0100/74_Fmap_matrix.npy

real	0m26.609s
user	0m0.014s
sys	0m0.015s
300
340
Generating /cluster/projects/nn8008k/lluisa/NextSIM/seas/Fmap_10days/2005_OND_ic0.5_dt0.0025_DT0.0100/75_Fmap_matrix.npy

real	0m26.959s
user	0m0.017s
sys	0m0.011s
304
344
Generating /cluster/projects/nn8008k/lluisa/NextSIM/seas/Fmap_10days/2005_OND_ic0.5_dt0.0025_DT0.0100/76_Fmap_matrix.npy

real	0m26.500s
user	0m0.011s
sys	0m0.016s
308
348
Generating /cluster/projects/nn8008k/lluisa/NextSIM/seas/Fmap_10days/2005_OND_ic0.5_dt0.0025_DT0.0100/77_Fmap_matrix.npy

real	0m26.480s
user	0m0.013s
sys	0m0.014s
312
352
Generating /cluster/projects/nn8008k/lluisa/NextSIM/seas/Fmap_10days/2005_OND_ic0.5_dt0.0025_DT0.0100/78_Fmap_matrix.npy

real	0m26.722s
user	0m0.015s
sys	0m0.013s
316
356
Generating /cluster/projects/nn8008k/lluisa/NextSIM/seas/Fmap_10days/2005_OND_ic0.5_dt0.0025_DT0.0100/79_Fmap_matrix.npy

real	0m26.774s
user	0m0.013s
sys	0m0.014s
320
360
Generating /cluster/projects/nn8008k/lluisa/NextSIM/seas/Fmap_10days/2005_OND_ic0.5_dt0.0025_DT0.0100/80_Fmap_matrix.npy

real	0m27.113s
user	0m0.014s
sys	0m0.013s
EBVERSIONNUMACTL=2.0.16
SLURM_JOB_NUM_NODES=1
EBROOTNUMACTL=/cluster/software/numactl/2.0.16-GCCcore-13.2.0
EBDEVELNUMACTL=/cluster/software/numactl/2.0.16-GCCcore-13.2.0/easybuild/numactl-2.0.16-GCCcore-13.2.0-easybuild-devel
OMP_NUM_THREADS=32

Job 6228803 consumed 18.4 billing hours from project nn8008k.

Submitted 2025-05-03T00:03:20; waited 21.0 seconds in the queue after becoming eligible to run.

Requested wallclock time: 3.0 days
Elapsed wallclock time:   34.4 minutes

Job exited normally.

Task and CPU statistics:
ID              CPUs  Tasks  CPU util                Start   Elapsed  Exit status
6228803           32            0.0 %  2025-05-03T00:03:41  2065.0 s  0
6228803.batch     32      1     0.0 %  2025-05-03T00:03:41  2065.0 s  0
6228803.python    32      1    16.9 %  2025-05-03T00:03:47    32.0 s  0
6228803.python    32      1    23.4 %  2025-05-03T00:04:19    23.0 s  0
6228803.python    32      1    22.5 %  2025-05-03T00:04:42    24.0 s  0
6228803.python    32      1    22.5 %  2025-05-03T00:05:06    24.0 s  0
6228803.python    32      1    23.6 %  2025-05-03T00:05:30    23.0 s  0
6228803.python    32      1    22.6 %  2025-05-03T00:05:53    24.0 s  0
6228803.python    32      1    22.7 %  2025-05-03T00:06:17    24.0 s  0
6228803.python    32      1    23.7 %  2025-05-03T00:06:41    23.0 s  0
6228803.python    32      1    22.1 %  2025-05-03T00:07:04    25.0 s  0
6228803.python    32      1    24.1 %  2025-05-03T00:07:29    23.0 s  0
6228803.python    32      1    23.3 %  2025-05-03T00:07:52    24.0 s  0
6228803.python    32      1    23.6 %  2025-05-03T00:08:16    24.0 s  0
6228803.python    32      1    24.4 %  2025-05-03T00:08:40    23.0 s  0
6228803.python    32      1    23.8 %  2025-05-03T00:09:03    24.0 s  0
6228803.python    32      1    22.9 %  2025-05-03T00:09:27    25.0 s  0
6228803.python    32      1    24.9 %  2025-05-03T00:09:52    23.0 s  0
6228803.python    32      1    23.6 %  2025-05-03T00:10:15    25.0 s  0
6228803.python    32      1    24.2 %  2025-05-03T00:10:40    24.0 s  0
6228803.python    32      1    24.3 %  2025-05-03T00:11:04    24.0 s  0
6228803.python    32      1    24.4 %  2025-05-03T00:11:28    24.0 s  0
6228803.python    32      1    24.5 %  2025-05-03T00:11:52    24.0 s  0
6228803.python    32      1    24.2 %  2025-05-03T00:12:16    25.0 s  0
6228803.python    32      1    25.1 %  2025-05-03T00:12:41    24.0 s  0
6228803.python    32      1    24.6 %  2025-05-03T00:13:05    25.0 s  0
6228803.python    32      1    24.4 %  2025-05-03T00:13:30    25.0 s  0
6228803.python    32      1    25.0 %  2025-05-03T00:13:55    25.0 s  0
6228803.python    32      1    25.9 %  2025-05-03T00:14:20    25.0 s  0
6228803.python    32      1    24.9 %  2025-05-03T00:14:45    25.0 s  0
6228803.python    32      1    25.1 %  2025-05-03T00:15:10    25.0 s  0
6228803.python    32      1    25.1 %  2025-05-03T00:15:35    25.0 s  0
6228803.python    32      1    25.4 %  2025-05-03T00:16:00    25.0 s  0
6228803.python    32      1    24.7 %  2025-05-03T00:16:25    26.0 s  0
6228803.python    32      1    25.6 %  2025-05-03T00:16:51    25.0 s  0
6228803.python    32      1    25.7 %  2025-05-03T00:17:16    25.0 s  0
6228803.python    32      1    25.3 %  2025-05-03T00:17:41    26.0 s  0
6228803.python    32      1    25.9 %  2025-05-03T00:18:07    25.0 s  0
6228803.python    32      1    25.2 %  2025-05-03T00:18:32    26.0 s  0
6228803.python    32      1    26.2 %  2025-05-03T00:18:58    25.0 s  0
6228803.python    32      1    25.4 %  2025-05-03T00:19:23    26.0 s  0
6228803.python    32      1    26.5 %  2025-05-03T00:19:49    25.0 s  0
6228803.python    32      1    25.7 %  2025-05-03T00:20:14    26.0 s  0
6228803.python    32      1    26.5 %  2025-05-03T00:20:40    25.0 s  0
6228803.python    32      1    25.8 %  2025-05-03T00:21:05    26.0 s  0
6228803.python    32      1    26.8 %  2025-05-03T00:21:31    25.0 s  0
6228803.python    32      1    25.9 %  2025-05-03T00:21:56    26.0 s  0
6228803.python    32      1    25.9 %  2025-05-03T00:22:22    26.0 s  0
6228803.python    32      1    25.7 %  2025-05-03T00:22:48    26.0 s  0
6228803.python    32      1    25.7 %  2025-05-03T00:23:14    26.0 s  0
6228803.python    32      1    27.2 %  2025-05-03T00:23:40    25.0 s  0
6228803.python    32      1    26.1 %  2025-05-03T00:24:05    26.0 s  0
6228803.python    32      1    26.1 %  2025-05-03T00:24:31    26.0 s  0
6228803.python    32      1    26.5 %  2025-05-03T00:24:57    26.0 s  0
6228803.python    32      1    26.6 %  2025-05-03T00:25:23    26.0 s  0
6228803.python    32      1    26.3 %  2025-05-03T00:25:49    26.0 s  0
6228803.python    32      1    26.6 %  2025-05-03T00:26:15    26.0 s  0
6228803.python    32      1    25.6 %  2025-05-03T00:26:41    27.0 s  0
6228803.python    32      1    26.9 %  2025-05-03T00:27:08    26.0 s  0
6228803.python    32      1    26.7 %  2025-05-03T00:27:34    26.0 s  0
6228803.python    32      1    26.9 %  2025-05-03T00:28:00    26.0 s  0
6228803.python    32      1    25.8 %  2025-05-03T00:28:26    27.0 s  0
6228803.python    32      1    27.1 %  2025-05-03T00:28:53    26.0 s  0
6228803.python    32      1    26.7 %  2025-05-03T00:29:19    26.0 s  0
6228803.python    32      1    26.8 %  2025-05-03T00:29:45    26.0 s  0
6228803.python    32      1    27.2 %  2025-05-03T00:30:11    26.0 s  0
6228803.python    32      1    28.2 %  2025-05-03T00:30:38    25.0 s  0
6228803.python    32      1    27.1 %  2025-05-03T00:31:04    26.0 s  0
6228803.python    32      1    27.0 %  2025-05-03T00:31:30    26.0 s  0
6228803.python    32      1    27.3 %  2025-05-03T00:31:56    26.0 s  0
6228803.python    32      1    27.2 %  2025-05-03T00:32:22    26.0 s  0
6228803.python    32      1    27.5 %  2025-05-03T00:32:48    26.0 s  0
6228803.python    32      1    27.3 %  2025-05-03T00:33:14    26.0 s  0
6228803.python    32      1    26.9 %  2025-05-03T00:33:40    27.0 s  0
6228803.python    32      1    28.0 %  2025-05-03T00:34:07    26.0 s  0
6228803.python    32      1    28.2 %  2025-05-03T00:34:33    26.0 s  0
6228803.python    32      1    27.9 %  2025-05-03T00:34:59    26.0 s  0
6228803.python    32      1    27.0 %  2025-05-03T00:35:25    27.0 s  0
6228803.python    32      1    27.0 %  2025-05-03T00:35:52    27.0 s  0
6228803.python    32      1    28.2 %  2025-05-03T00:36:19    26.0 s  0
6228803.python    32      1    26.9 %  2025-05-03T00:36:45    27.0 s  0
6228803.python    32      1    27.0 %  2025-05-03T00:37:12    27.0 s  0
6228803.python    32      1    27.2 %  2025-05-03T00:37:39    27.0 s  0

Used CPU time:   4.7 CPU hours
Unused CPU time: 13.7 CPU hours

Memory statistics, in GiB:
ID               Alloc   Usage
6228803           59.0        
6228803.batch     59.0     0.0
6228803.python    59.0     6.8
6228803.python    59.0     0.1
6228803.python    59.0     0.1
6228803.python    59.0     0.1
6228803.python    59.0     0.1
6228803.python    59.0     0.1
6228803.python    59.0     0.1
6228803.python    59.0     0.1
6228803.python    59.0     0.1
6228803.python    59.0     0.1
6228803.python    59.0     0.1
6228803.python    59.0     0.1
6228803.python    59.0     0.1
6228803.python    59.0     0.1
6228803.python    59.0     0.1
6228803.python    59.0     0.1
6228803.python    59.0     0.1
6228803.python    59.0     0.1
6228803.python    59.0     0.1
6228803.python    59.0     0.1
6228803.python    59.0     0.1
6228803.python    59.0     0.1
6228803.python    59.0     0.1
6228803.python    59.0     0.1
6228803.python    59.0     0.1
6228803.python    59.0     0.1
6228803.python    59.0     0.1
6228803.python    59.0     0.1
6228803.python    59.0     0.1
6228803.python    59.0     0.1
6228803.python    59.0     0.1
6228803.python    59.0     0.1
6228803.python    59.0     0.1
6228803.python    59.0     0.1
6228803.python    59.0     0.1
6228803.python    59.0     0.1
6228803.python    59.0     0.1
6228803.python    59.0     0.1
6228803.python    59.0     0.1
6228803.python    59.0     0.1
6228803.python    59.0     0.1
6228803.python    59.0     0.1
6228803.python    59.0     0.1
6228803.python    59.0     0.1
6228803.python    59.0     0.1
6228803.python    59.0     0.1
6228803.python    59.0     0.1
6228803.python    59.0     0.1
6228803.python    59.0     0.1
6228803.python    59.0     0.1
6228803.python    59.0     0.1
6228803.python    59.0     0.1
6228803.python    59.0     0.1
6228803.python    59.0     0.1
6228803.python    59.0     0.1
6228803.python    59.0     0.1
6228803.python    59.0     0.1
6228803.python    59.0     0.1
6228803.python    59.0     0.1
6228803.python    59.0     0.1
6228803.python    59.0     0.1
6228803.python    59.0     0.1
6228803.python    59.0     0.1
6228803.python    59.0     0.1
6228803.python    59.0     0.1
6228803.python    59.0     0.1
6228803.python    59.0     0.1
6228803.python    59.0     0.1
6228803.python    59.0     0.1
6228803.python    59.0     0.1
6228803.python    59.0     0.1
6228803.python    59.0     0.1
6228803.python    59.0     0.1
6228803.python    59.0     0.1
6228803.python    59.0     0.1
6228803.python    59.0     0.1
6228803.python    59.0     0.1
6228803.python    59.0     0.1
6228803.python    59.0     0.1
6228803.python    59.0     0.1
6228803.python    59.0     0.1

Job 6228803 completed at Sat May 3 00:38:06 CEST 2025
