Starting job 6228795 on c25-7 on fram at Sat May 3 00:03:44 CEST 2025


Currently Loaded Modules:
  1) StdEnv (S)

  Where:
   S:  Module is Sticky, requires --force to unload or purge

 


The following have been reloaded with a version change:
  1) GCCcore/13.3.0 => GCCcore/13.2.0
  2) OpenSSL/3 => OpenSSL/1.1
  3) Python/3.12.3-GCCcore-13.3.0 => Python/3.11.5-GCCcore-13.2.0
  4) SQLite/3.45.3-GCCcore-13.3.0 => SQLite/3.43.1-GCCcore-13.2.0
  5) Tcl/8.6.14-GCCcore-13.3.0 => Tcl/8.6.13-GCCcore-13.2.0
  6) XZ/5.4.5-GCCcore-13.3.0 => XZ/5.4.4-GCCcore-13.2.0
  7) binutils/2.42-GCCcore-13.3.0 => binutils/2.40-GCCcore-13.2.0
  8) bzip2/1.0.8-GCCcore-13.3.0 => bzip2/1.0.8-GCCcore-13.2.0
  9) libffi/3.4.5-GCCcore-13.3.0 => libffi/3.4.4-GCCcore-13.2.0
 10) libreadline/8.2-GCCcore-13.3.0 => libreadline/8.2-GCCcore-13.2.0
 11) ncurses/6.5-GCCcore-13.3.0 => ncurses/6.4-GCCcore-13.2.0
 12) zlib/1.3.1-GCCcore-13.3.0 => zlib/1.2.13-GCCcore-13.2.0

0
40
Generating /cluster/projects/nn8008k/lluisa/NextSIM/seas/Fmap_10days/2003_OND_ic0.5_dt0.0025_DT0.0100/0_Fmap_matrix.npy

real	0m34.103s
user	0m0.015s
sys	0m0.022s
4
44
Generating /cluster/projects/nn8008k/lluisa/NextSIM/seas/Fmap_10days/2003_OND_ic0.5_dt0.0025_DT0.0100/1_Fmap_matrix.npy

real	0m24.229s
user	0m0.016s
sys	0m0.013s
8
48
Generating /cluster/projects/nn8008k/lluisa/NextSIM/seas/Fmap_10days/2003_OND_ic0.5_dt0.0025_DT0.0100/2_Fmap_matrix.npy

real	0m24.172s
user	0m0.014s
sys	0m0.014s
12
52
Generating /cluster/projects/nn8008k/lluisa/NextSIM/seas/Fmap_10days/2003_OND_ic0.5_dt0.0025_DT0.0100/3_Fmap_matrix.npy

real	0m24.133s
user	0m0.017s
sys	0m0.011s
16
56
Generating /cluster/projects/nn8008k/lluisa/NextSIM/seas/Fmap_10days/2003_OND_ic0.5_dt0.0025_DT0.0100/4_Fmap_matrix.npy

real	0m24.245s
user	0m0.010s
sys	0m0.017s
20
60
Generating /cluster/projects/nn8008k/lluisa/NextSIM/seas/Fmap_10days/2003_OND_ic0.5_dt0.0025_DT0.0100/5_Fmap_matrix.npy

real	0m24.028s
user	0m0.017s
sys	0m0.011s
24
64
Generating /cluster/projects/nn8008k/lluisa/NextSIM/seas/Fmap_10days/2003_OND_ic0.5_dt0.0025_DT0.0100/6_Fmap_matrix.npy

real	0m23.914s
user	0m0.011s
sys	0m0.017s
28
68
Generating /cluster/projects/nn8008k/lluisa/NextSIM/seas/Fmap_10days/2003_OND_ic0.5_dt0.0025_DT0.0100/7_Fmap_matrix.npy

real	0m24.586s
user	0m0.014s
sys	0m0.013s
32
72
Generating /cluster/projects/nn8008k/lluisa/NextSIM/seas/Fmap_10days/2003_OND_ic0.5_dt0.0025_DT0.0100/8_Fmap_matrix.npy

real	0m24.317s
user	0m0.013s
sys	0m0.015s
36
76
Generating /cluster/projects/nn8008k/lluisa/NextSIM/seas/Fmap_10days/2003_OND_ic0.5_dt0.0025_DT0.0100/9_Fmap_matrix.npy

real	0m24.187s
user	0m0.014s
sys	0m0.014s
40
80
Generating /cluster/projects/nn8008k/lluisa/NextSIM/seas/Fmap_10days/2003_OND_ic0.5_dt0.0025_DT0.0100/10_Fmap_matrix.npy

real	0m24.096s
user	0m0.013s
sys	0m0.014s
44
84
Generating /cluster/projects/nn8008k/lluisa/NextSIM/seas/Fmap_10days/2003_OND_ic0.5_dt0.0025_DT0.0100/11_Fmap_matrix.npy

real	0m24.312s
user	0m0.011s
sys	0m0.017s
48
88
Generating /cluster/projects/nn8008k/lluisa/NextSIM/seas/Fmap_10days/2003_OND_ic0.5_dt0.0025_DT0.0100/12_Fmap_matrix.npy

real	0m24.260s
user	0m0.014s
sys	0m0.013s
52
92
Generating /cluster/projects/nn8008k/lluisa/NextSIM/seas/Fmap_10days/2003_OND_ic0.5_dt0.0025_DT0.0100/13_Fmap_matrix.npy

real	0m24.427s
user	0m0.012s
sys	0m0.015s
56
96
Generating /cluster/projects/nn8008k/lluisa/NextSIM/seas/Fmap_10days/2003_OND_ic0.5_dt0.0025_DT0.0100/14_Fmap_matrix.npy

real	0m24.705s
user	0m0.009s
sys	0m0.018s
60
100
Generating /cluster/projects/nn8008k/lluisa/NextSIM/seas/Fmap_10days/2003_OND_ic0.5_dt0.0025_DT0.0100/15_Fmap_matrix.npy

real	0m24.120s
user	0m0.011s
sys	0m0.017s
64
104
Generating /cluster/projects/nn8008k/lluisa/NextSIM/seas/Fmap_10days/2003_OND_ic0.5_dt0.0025_DT0.0100/16_Fmap_matrix.npy

real	0m24.013s
user	0m0.010s
sys	0m0.019s
68
108
Generating /cluster/projects/nn8008k/lluisa/NextSIM/seas/Fmap_10days/2003_OND_ic0.5_dt0.0025_DT0.0100/17_Fmap_matrix.npy

real	0m24.713s
user	0m0.015s
sys	0m0.013s
72
112
Generating /cluster/projects/nn8008k/lluisa/NextSIM/seas/Fmap_10days/2003_OND_ic0.5_dt0.0025_DT0.0100/18_Fmap_matrix.npy

real	0m24.573s
user	0m0.011s
sys	0m0.016s
76
116
Generating /cluster/projects/nn8008k/lluisa/NextSIM/seas/Fmap_10days/2003_OND_ic0.5_dt0.0025_DT0.0100/19_Fmap_matrix.npy

real	0m24.845s
user	0m0.010s
sys	0m0.017s
80
120
Generating /cluster/projects/nn8008k/lluisa/NextSIM/seas/Fmap_10days/2003_OND_ic0.5_dt0.0025_DT0.0100/20_Fmap_matrix.npy

real	0m24.588s
user	0m0.014s
sys	0m0.014s
84
124
Generating /cluster/projects/nn8008k/lluisa/NextSIM/seas/Fmap_10days/2003_OND_ic0.5_dt0.0025_DT0.0100/21_Fmap_matrix.npy

real	0m25.134s
user	0m0.016s
sys	0m0.011s
88
128
Generating /cluster/projects/nn8008k/lluisa/NextSIM/seas/Fmap_10days/2003_OND_ic0.5_dt0.0025_DT0.0100/22_Fmap_matrix.npy

real	0m24.379s
user	0m0.011s
sys	0m0.016s
92
132
Generating /cluster/projects/nn8008k/lluisa/NextSIM/seas/Fmap_10days/2003_OND_ic0.5_dt0.0025_DT0.0100/23_Fmap_matrix.npy

real	0m24.756s
user	0m0.016s
sys	0m0.011s
96
136
Generating /cluster/projects/nn8008k/lluisa/NextSIM/seas/Fmap_10days/2003_OND_ic0.5_dt0.0025_DT0.0100/24_Fmap_matrix.npy

real	0m25.231s
user	0m0.014s
sys	0m0.012s
100
140
Generating /cluster/projects/nn8008k/lluisa/NextSIM/seas/Fmap_10days/2003_OND_ic0.5_dt0.0025_DT0.0100/25_Fmap_matrix.npy

real	0m24.855s
user	0m0.013s
sys	0m0.015s
104
144
Generating /cluster/projects/nn8008k/lluisa/NextSIM/seas/Fmap_10days/2003_OND_ic0.5_dt0.0025_DT0.0100/26_Fmap_matrix.npy

real	0m24.948s
user	0m0.014s
sys	0m0.012s
108
148
Generating /cluster/projects/nn8008k/lluisa/NextSIM/seas/Fmap_10days/2003_OND_ic0.5_dt0.0025_DT0.0100/27_Fmap_matrix.npy

real	0m25.395s
user	0m0.016s
sys	0m0.012s
112
152
Generating /cluster/projects/nn8008k/lluisa/NextSIM/seas/Fmap_10days/2003_OND_ic0.5_dt0.0025_DT0.0100/28_Fmap_matrix.npy

real	0m24.929s
user	0m0.013s
sys	0m0.014s
116
156
Generating /cluster/projects/nn8008k/lluisa/NextSIM/seas/Fmap_10days/2003_OND_ic0.5_dt0.0025_DT0.0100/29_Fmap_matrix.npy

real	0m25.651s
user	0m0.014s
sys	0m0.013s
120
160
Generating /cluster/projects/nn8008k/lluisa/NextSIM/seas/Fmap_10days/2003_OND_ic0.5_dt0.0025_DT0.0100/30_Fmap_matrix.npy

real	0m25.657s
user	0m0.013s
sys	0m0.014s
124
164
Generating /cluster/projects/nn8008k/lluisa/NextSIM/seas/Fmap_10days/2003_OND_ic0.5_dt0.0025_DT0.0100/31_Fmap_matrix.npy

real	0m25.661s
user	0m0.014s
sys	0m0.013s
128
168
Generating /cluster/projects/nn8008k/lluisa/NextSIM/seas/Fmap_10days/2003_OND_ic0.5_dt0.0025_DT0.0100/32_Fmap_matrix.npy

real	0m25.162s
user	0m0.018s
sys	0m0.010s
132
172
Generating /cluster/projects/nn8008k/lluisa/NextSIM/seas/Fmap_10days/2003_OND_ic0.5_dt0.0025_DT0.0100/33_Fmap_matrix.npy

real	0m25.134s
user	0m0.015s
sys	0m0.012s
136
176
Generating /cluster/projects/nn8008k/lluisa/NextSIM/seas/Fmap_10days/2003_OND_ic0.5_dt0.0025_DT0.0100/34_Fmap_matrix.npy

real	0m25.497s
user	0m0.015s
sys	0m0.012s
140
180
Generating /cluster/projects/nn8008k/lluisa/NextSIM/seas/Fmap_10days/2003_OND_ic0.5_dt0.0025_DT0.0100/35_Fmap_matrix.npy

real	0m26.186s
user	0m0.011s
sys	0m0.017s
144
184
Generating /cluster/projects/nn8008k/lluisa/NextSIM/seas/Fmap_10days/2003_OND_ic0.5_dt0.0025_DT0.0100/36_Fmap_matrix.npy

real	0m25.817s
user	0m0.014s
sys	0m0.013s
148
188
Generating /cluster/projects/nn8008k/lluisa/NextSIM/seas/Fmap_10days/2003_OND_ic0.5_dt0.0025_DT0.0100/37_Fmap_matrix.npy

real	0m25.568s
user	0m0.011s
sys	0m0.017s
152
192
Generating /cluster/projects/nn8008k/lluisa/NextSIM/seas/Fmap_10days/2003_OND_ic0.5_dt0.0025_DT0.0100/38_Fmap_matrix.npy

real	0m25.356s
user	0m0.017s
sys	0m0.010s
156
196
Generating /cluster/projects/nn8008k/lluisa/NextSIM/seas/Fmap_10days/2003_OND_ic0.5_dt0.0025_DT0.0100/39_Fmap_matrix.npy

real	0m25.622s
user	0m0.014s
sys	0m0.013s
160
200
Generating /cluster/projects/nn8008k/lluisa/NextSIM/seas/Fmap_10days/2003_OND_ic0.5_dt0.0025_DT0.0100/40_Fmap_matrix.npy

real	0m26.144s
user	0m0.013s
sys	0m0.015s
164
204
Generating /cluster/projects/nn8008k/lluisa/NextSIM/seas/Fmap_10days/2003_OND_ic0.5_dt0.0025_DT0.0100/41_Fmap_matrix.npy

real	0m25.241s
user	0m0.013s
sys	0m0.014s
168
208
Generating /cluster/projects/nn8008k/lluisa/NextSIM/seas/Fmap_10days/2003_OND_ic0.5_dt0.0025_DT0.0100/42_Fmap_matrix.npy

real	0m25.652s
user	0m0.016s
sys	0m0.011s
172
212
Generating /cluster/projects/nn8008k/lluisa/NextSIM/seas/Fmap_10days/2003_OND_ic0.5_dt0.0025_DT0.0100/43_Fmap_matrix.npy

real	0m25.936s
user	0m0.013s
sys	0m0.014s
176
216
Generating /cluster/projects/nn8008k/lluisa/NextSIM/seas/Fmap_10days/2003_OND_ic0.5_dt0.0025_DT0.0100/44_Fmap_matrix.npy

real	0m25.401s
user	0m0.010s
sys	0m0.017s
180
220
Generating /cluster/projects/nn8008k/lluisa/NextSIM/seas/Fmap_10days/2003_OND_ic0.5_dt0.0025_DT0.0100/45_Fmap_matrix.npy

real	0m25.616s
user	0m0.013s
sys	0m0.014s
184
224
Generating /cluster/projects/nn8008k/lluisa/NextSIM/seas/Fmap_10days/2003_OND_ic0.5_dt0.0025_DT0.0100/46_Fmap_matrix.npy

real	0m25.870s
user	0m0.014s
sys	0m0.014s
188
228
Generating /cluster/projects/nn8008k/lluisa/NextSIM/seas/Fmap_10days/2003_OND_ic0.5_dt0.0025_DT0.0100/47_Fmap_matrix.npy

real	0m25.711s
user	0m0.015s
sys	0m0.012s
192
232
Generating /cluster/projects/nn8008k/lluisa/NextSIM/seas/Fmap_10days/2003_OND_ic0.5_dt0.0025_DT0.0100/48_Fmap_matrix.npy

real	0m25.750s
user	0m0.013s
sys	0m0.014s
196
236
Generating /cluster/projects/nn8008k/lluisa/NextSIM/seas/Fmap_10days/2003_OND_ic0.5_dt0.0025_DT0.0100/49_Fmap_matrix.npy

real	0m25.987s
user	0m0.013s
sys	0m0.013s
200
240
Generating /cluster/projects/nn8008k/lluisa/NextSIM/seas/Fmap_10days/2003_OND_ic0.5_dt0.0025_DT0.0100/50_Fmap_matrix.npy

real	0m26.074s
user	0m0.015s
sys	0m0.013s
204
244
Generating /cluster/projects/nn8008k/lluisa/NextSIM/seas/Fmap_10days/2003_OND_ic0.5_dt0.0025_DT0.0100/51_Fmap_matrix.npy

real	0m25.908s
user	0m0.016s
sys	0m0.012s
208
248
Generating /cluster/projects/nn8008k/lluisa/NextSIM/seas/Fmap_10days/2003_OND_ic0.5_dt0.0025_DT0.0100/52_Fmap_matrix.npy

real	0m25.550s
user	0m0.015s
sys	0m0.012s
212
252
Generating /cluster/projects/nn8008k/lluisa/NextSIM/seas/Fmap_10days/2003_OND_ic0.5_dt0.0025_DT0.0100/53_Fmap_matrix.npy

real	0m25.840s
user	0m0.016s
sys	0m0.012s
216
256
Generating /cluster/projects/nn8008k/lluisa/NextSIM/seas/Fmap_10days/2003_OND_ic0.5_dt0.0025_DT0.0100/54_Fmap_matrix.npy

real	0m26.245s
user	0m0.012s
sys	0m0.015s
220
260
Generating /cluster/projects/nn8008k/lluisa/NextSIM/seas/Fmap_10days/2003_OND_ic0.5_dt0.0025_DT0.0100/55_Fmap_matrix.npy

real	0m25.967s
user	0m0.013s
sys	0m0.014s
224
264
Generating /cluster/projects/nn8008k/lluisa/NextSIM/seas/Fmap_10days/2003_OND_ic0.5_dt0.0025_DT0.0100/56_Fmap_matrix.npy

real	0m26.350s
user	0m0.013s
sys	0m0.013s
228
268
Generating /cluster/projects/nn8008k/lluisa/NextSIM/seas/Fmap_10days/2003_OND_ic0.5_dt0.0025_DT0.0100/57_Fmap_matrix.npy

real	0m26.058s
user	0m0.013s
sys	0m0.014s
232
272
Generating /cluster/projects/nn8008k/lluisa/NextSIM/seas/Fmap_10days/2003_OND_ic0.5_dt0.0025_DT0.0100/58_Fmap_matrix.npy

real	0m26.259s
user	0m0.016s
sys	0m0.011s
236
276
Generating /cluster/projects/nn8008k/lluisa/NextSIM/seas/Fmap_10days/2003_OND_ic0.5_dt0.0025_DT0.0100/59_Fmap_matrix.npy

real	0m25.976s
user	0m0.012s
sys	0m0.015s
240
280
Generating /cluster/projects/nn8008k/lluisa/NextSIM/seas/Fmap_10days/2003_OND_ic0.5_dt0.0025_DT0.0100/60_Fmap_matrix.npy

real	0m25.851s
user	0m0.013s
sys	0m0.014s
244
284
Generating /cluster/projects/nn8008k/lluisa/NextSIM/seas/Fmap_10days/2003_OND_ic0.5_dt0.0025_DT0.0100/61_Fmap_matrix.npy

real	0m26.171s
user	0m0.014s
sys	0m0.014s
248
288
Generating /cluster/projects/nn8008k/lluisa/NextSIM/seas/Fmap_10days/2003_OND_ic0.5_dt0.0025_DT0.0100/62_Fmap_matrix.npy

real	0m26.127s
user	0m0.014s
sys	0m0.013s
252
292
Generating /cluster/projects/nn8008k/lluisa/NextSIM/seas/Fmap_10days/2003_OND_ic0.5_dt0.0025_DT0.0100/63_Fmap_matrix.npy

real	0m25.932s
user	0m0.013s
sys	0m0.015s
256
296
Generating /cluster/projects/nn8008k/lluisa/NextSIM/seas/Fmap_10days/2003_OND_ic0.5_dt0.0025_DT0.0100/64_Fmap_matrix.npy

real	0m25.898s
user	0m0.009s
sys	0m0.018s
260
300
Generating /cluster/projects/nn8008k/lluisa/NextSIM/seas/Fmap_10days/2003_OND_ic0.5_dt0.0025_DT0.0100/65_Fmap_matrix.npy

real	0m26.014s
user	0m0.012s
sys	0m0.016s
264
304
Generating /cluster/projects/nn8008k/lluisa/NextSIM/seas/Fmap_10days/2003_OND_ic0.5_dt0.0025_DT0.0100/66_Fmap_matrix.npy

real	0m26.133s
user	0m0.013s
sys	0m0.013s
268
308
Generating /cluster/projects/nn8008k/lluisa/NextSIM/seas/Fmap_10days/2003_OND_ic0.5_dt0.0025_DT0.0100/67_Fmap_matrix.npy

real	0m26.469s
user	0m0.011s
sys	0m0.016s
272
312
Generating /cluster/projects/nn8008k/lluisa/NextSIM/seas/Fmap_10days/2003_OND_ic0.5_dt0.0025_DT0.0100/68_Fmap_matrix.npy

real	0m26.717s
user	0m0.015s
sys	0m0.011s
276
316
Generating /cluster/projects/nn8008k/lluisa/NextSIM/seas/Fmap_10days/2003_OND_ic0.5_dt0.0025_DT0.0100/69_Fmap_matrix.npy

real	0m26.558s
user	0m0.012s
sys	0m0.015s
280
320
Generating /cluster/projects/nn8008k/lluisa/NextSIM/seas/Fmap_10days/2003_OND_ic0.5_dt0.0025_DT0.0100/70_Fmap_matrix.npy

real	0m26.686s
user	0m0.013s
sys	0m0.014s
284
324
Generating /cluster/projects/nn8008k/lluisa/NextSIM/seas/Fmap_10days/2003_OND_ic0.5_dt0.0025_DT0.0100/71_Fmap_matrix.npy

real	0m26.776s
user	0m0.016s
sys	0m0.012s
288
328
Generating /cluster/projects/nn8008k/lluisa/NextSIM/seas/Fmap_10days/2003_OND_ic0.5_dt0.0025_DT0.0100/72_Fmap_matrix.npy

real	0m26.763s
user	0m0.015s
sys	0m0.012s
292
332
Generating /cluster/projects/nn8008k/lluisa/NextSIM/seas/Fmap_10days/2003_OND_ic0.5_dt0.0025_DT0.0100/73_Fmap_matrix.npy

real	0m26.502s
user	0m0.012s
sys	0m0.015s
296
336
Generating /cluster/projects/nn8008k/lluisa/NextSIM/seas/Fmap_10days/2003_OND_ic0.5_dt0.0025_DT0.0100/74_Fmap_matrix.npy

real	0m26.728s
user	0m0.015s
sys	0m0.011s
300
340
Generating /cluster/projects/nn8008k/lluisa/NextSIM/seas/Fmap_10days/2003_OND_ic0.5_dt0.0025_DT0.0100/75_Fmap_matrix.npy

real	0m26.882s
user	0m0.013s
sys	0m0.014s
304
344
Generating /cluster/projects/nn8008k/lluisa/NextSIM/seas/Fmap_10days/2003_OND_ic0.5_dt0.0025_DT0.0100/76_Fmap_matrix.npy

real	0m27.089s
user	0m0.014s
sys	0m0.014s
308
348
Generating /cluster/projects/nn8008k/lluisa/NextSIM/seas/Fmap_10days/2003_OND_ic0.5_dt0.0025_DT0.0100/77_Fmap_matrix.npy

real	0m26.828s
user	0m0.013s
sys	0m0.016s
312
352
Generating /cluster/projects/nn8008k/lluisa/NextSIM/seas/Fmap_10days/2003_OND_ic0.5_dt0.0025_DT0.0100/78_Fmap_matrix.npy

real	0m27.849s
user	0m0.017s
sys	0m0.011s
316
356
Generating /cluster/projects/nn8008k/lluisa/NextSIM/seas/Fmap_10days/2003_OND_ic0.5_dt0.0025_DT0.0100/79_Fmap_matrix.npy

real	0m26.908s
user	0m0.011s
sys	0m0.017s
320
360
Generating /cluster/projects/nn8008k/lluisa/NextSIM/seas/Fmap_10days/2003_OND_ic0.5_dt0.0025_DT0.0100/80_Fmap_matrix.npy

real	0m26.871s
user	0m0.014s
sys	0m0.014s
EBVERSIONNUMACTL=2.0.16
SLURM_JOB_NUM_NODES=1
EBROOTNUMACTL=/cluster/software/numactl/2.0.16-GCCcore-13.2.0
EBDEVELNUMACTL=/cluster/software/numactl/2.0.16-GCCcore-13.2.0/easybuild/numactl-2.0.16-GCCcore-13.2.0-easybuild-devel
OMP_NUM_THREADS=32

Job 6228795 consumed 18.5 billing hours from project nn8008k.

Submitted 2025-05-03T00:03:20; waited 21.0 seconds in the queue after becoming eligible to run.

Requested wallclock time: 3.0 days
Elapsed wallclock time:   34.7 minutes

Job exited normally.

Task and CPU statistics:
ID              CPUs  Tasks  CPU util                Start   Elapsed  Exit status
6228795           32            0.0 %  2025-05-03T00:03:41  2082.0 s  0
6228795.batch     32      1     0.0 %  2025-05-03T00:03:41  2082.0 s  0
6228795.python    32      1    17.0 %  2025-05-03T00:03:47    34.0 s  0
6228795.python    32      1    23.9 %  2025-05-03T00:04:21    24.0 s  0
6228795.python    32      1    24.0 %  2025-05-03T00:04:45    24.0 s  0
6228795.python    32      1    23.9 %  2025-05-03T00:05:09    24.0 s  0
6228795.python    32      1    24.2 %  2025-05-03T00:05:33    24.0 s  0
6228795.python    32      1    23.1 %  2025-05-03T00:05:57    25.0 s  0
6228795.python    32      1    25.1 %  2025-05-03T00:06:22    23.0 s  0
6228795.python    32      1    23.4 %  2025-05-03T00:06:45    25.0 s  0
6228795.python    32      1    24.3 %  2025-05-03T00:07:10    24.0 s  0
6228795.python    32      1    23.3 %  2025-05-03T00:07:34    25.0 s  0
6228795.python    32      1    24.3 %  2025-05-03T00:07:59    24.0 s  0
6228795.python    32      1    24.5 %  2025-05-03T00:08:23    24.0 s  0
6228795.python    32      1    24.7 %  2025-05-03T00:08:47    24.0 s  0
6228795.python    32      1    23.9 %  2025-05-03T00:09:11    25.0 s  0
6228795.python    32      1    25.2 %  2025-05-03T00:09:36    24.0 s  0
6228795.python    32      1    25.0 %  2025-05-03T00:10:00    24.0 s  0
6228795.python    32      1    25.2 %  2025-05-03T00:10:24    24.0 s  0
6228795.python    32      1    24.6 %  2025-05-03T00:10:48    25.0 s  0
6228795.python    32      1    24.7 %  2025-05-03T00:11:13    25.0 s  0
6228795.python    32      1    25.0 %  2025-05-03T00:11:38    25.0 s  0
6228795.python    32      1    26.0 %  2025-05-03T00:12:03    24.0 s  0
6228795.python    32      1    25.3 %  2025-05-03T00:12:27    25.0 s  0
6228795.python    32      1    24.9 %  2025-05-03T00:12:52    25.0 s  0
6228795.python    32      1    26.3 %  2025-05-03T00:13:17    24.0 s  0
6228795.python    32      1    24.6 %  2025-05-03T00:13:41    26.0 s  0
6228795.python    32      1    25.4 %  2025-05-03T00:14:07    25.0 s  0
6228795.python    32      1    26.6 %  2025-05-03T00:14:32    24.0 s  0
6228795.python    32      1    24.7 %  2025-05-03T00:14:56    26.0 s  0
6228795.python    32      1    25.8 %  2025-05-03T00:15:22    25.0 s  0
6228795.python    32      1    26.2 %  2025-05-03T00:15:47    25.0 s  0
6228795.python    32      1    25.3 %  2025-05-03T00:16:12    26.0 s  0
6228795.python    32      1    25.1 %  2025-05-03T00:16:38    26.0 s  0
6228795.python    32      1    25.9 %  2025-05-03T00:17:04    25.0 s  0
6228795.python    32      1    26.0 %  2025-05-03T00:17:29    25.0 s  0
6228795.python    32      1    25.1 %  2025-05-03T00:17:54    26.0 s  0
6228795.python    32      1    25.8 %  2025-05-03T00:18:20    26.0 s  0
6228795.python    32      1    25.1 %  2025-05-03T00:18:46    26.0 s  0
6228795.python    32      1    26.3 %  2025-05-03T00:19:12    25.0 s  0
6228795.python    32      1    25.4 %  2025-05-03T00:19:37    26.0 s  0
6228795.python    32      1    26.4 %  2025-05-03T00:20:03    25.0 s  0
6228795.python    32      1    25.6 %  2025-05-03T00:20:28    26.0 s  0
6228795.python    32      1    25.5 %  2025-05-03T00:20:54    26.0 s  0
6228795.python    32      1    26.8 %  2025-05-03T00:21:20    25.0 s  0
6228795.python    32      1    25.8 %  2025-05-03T00:21:45    26.0 s  0
6228795.python    32      1    25.8 %  2025-05-03T00:22:11    26.0 s  0
6228795.python    32      1    26.8 %  2025-05-03T00:22:37    25.0 s  0
6228795.python    32      1    26.0 %  2025-05-03T00:23:02    26.0 s  0
6228795.python    32      1    25.9 %  2025-05-03T00:23:28    26.0 s  0
6228795.python    32      1    27.2 %  2025-05-03T00:23:54    25.0 s  0
6228795.python    32      1    26.3 %  2025-05-03T00:24:19    26.0 s  0
6228795.python    32      1    25.4 %  2025-05-03T00:24:45    27.0 s  0
6228795.python    32      1    27.2 %  2025-05-03T00:25:12    25.0 s  0
6228795.python    32      1    26.0 %  2025-05-03T00:25:37    26.0 s  0
6228795.python    32      1    26.2 %  2025-05-03T00:26:03    26.0 s  0
6228795.python    32      1    26.5 %  2025-05-03T00:26:29    26.0 s  0
6228795.python    32      1    26.6 %  2025-05-03T00:26:55    26.0 s  0
6228795.python    32      1    26.7 %  2025-05-03T00:27:21    26.0 s  0
6228795.python    32      1    26.6 %  2025-05-03T00:27:47    26.0 s  0
6228795.python    32      1    25.5 %  2025-05-03T00:28:13    27.0 s  0
6228795.python    32      1    26.7 %  2025-05-03T00:28:40    26.0 s  0
6228795.python    32      1    26.8 %  2025-05-03T00:29:06    26.0 s  0
6228795.python    32      1    26.8 %  2025-05-03T00:29:32    26.0 s  0
6228795.python    32      1    26.9 %  2025-05-03T00:29:58    26.0 s  0
6228795.python    32      1    27.3 %  2025-05-03T00:30:24    26.0 s  0
6228795.python    32      1    27.2 %  2025-05-03T00:30:50    26.0 s  0
6228795.python    32      1    27.2 %  2025-05-03T00:31:16    26.0 s  0
6228795.python    32      1    27.2 %  2025-05-03T00:31:42    26.0 s  0
6228795.python    32      1    27.8 %  2025-05-03T00:32:08    26.0 s  0
6228795.python    32      1    26.7 %  2025-05-03T00:32:34    27.0 s  0
6228795.python    32      1    26.8 %  2025-05-03T00:33:01    27.0 s  0
6228795.python    32      1    27.9 %  2025-05-03T00:33:28    26.0 s  0
6228795.python    32      1    27.0 %  2025-05-03T00:33:54    27.0 s  0
6228795.python    32      1    27.0 %  2025-05-03T00:34:21    27.0 s  0
6228795.python    32      1    28.3 %  2025-05-03T00:34:48    26.0 s  0
6228795.python    32      1    27.7 %  2025-05-03T00:35:14    27.0 s  0
6228795.python    32      1    27.6 %  2025-05-03T00:35:41    27.0 s  0
6228795.python    32      1    28.0 %  2025-05-03T00:36:08    27.0 s  0
6228795.python    32      1    27.9 %  2025-05-03T00:36:35    27.0 s  0
6228795.python    32      1    27.2 %  2025-05-03T00:37:02    28.0 s  0
6228795.python    32      1    27.8 %  2025-05-03T00:37:30    27.0 s  0
6228795.python    32      1    28.7 %  2025-05-03T00:37:57    26.0 s  0

Used CPU time:   4.8 CPU hours
Unused CPU time: 13.7 CPU hours

Memory statistics, in GiB:
ID               Alloc   Usage
6228795           59.0        
6228795.batch     59.0     0.0
6228795.python    59.0     6.9
6228795.python    59.0     0.1
6228795.python    59.0     0.1
6228795.python    59.0     0.1
6228795.python    59.0     0.1
6228795.python    59.0     0.1
6228795.python    59.0     0.1
6228795.python    59.0     0.1
6228795.python    59.0     0.1
6228795.python    59.0     0.1
6228795.python    59.0     0.1
6228795.python    59.0     0.1
6228795.python    59.0     0.1
6228795.python    59.0     0.1
6228795.python    59.0     0.1
6228795.python    59.0     0.1
6228795.python    59.0     0.1
6228795.python    59.0     0.1
6228795.python    59.0     0.1
6228795.python    59.0     0.1
6228795.python    59.0     0.1
6228795.python    59.0     0.1
6228795.python    59.0     0.1
6228795.python    59.0     0.1
6228795.python    59.0     0.1
6228795.python    59.0     0.1
6228795.python    59.0     0.1
6228795.python    59.0     0.1
6228795.python    59.0     0.1
6228795.python    59.0     0.1
6228795.python    59.0     0.1
6228795.python    59.0     0.1
6228795.python    59.0     0.1
6228795.python    59.0     0.1
6228795.python    59.0     0.1
6228795.python    59.0     0.1
6228795.python    59.0     0.1
6228795.python    59.0     0.1
6228795.python    59.0     0.1
6228795.python    59.0     0.1
6228795.python    59.0     0.1
6228795.python    59.0     0.1
6228795.python    59.0     0.1
6228795.python    59.0     0.1
6228795.python    59.0     0.1
6228795.python    59.0     0.1
6228795.python    59.0     0.1
6228795.python    59.0     0.1
6228795.python    59.0     0.1
6228795.python    59.0     0.1
6228795.python    59.0     0.1
6228795.python    59.0     0.1
6228795.python    59.0     0.1
6228795.python    59.0     0.1
6228795.python    59.0     0.1
6228795.python    59.0     0.1
6228795.python    59.0     0.1
6228795.python    59.0     0.1
6228795.python    59.0     0.1
6228795.python    59.0     0.1
6228795.python    59.0     0.1
6228795.python    59.0     0.1
6228795.python    59.0     0.1
6228795.python    59.0     0.1
6228795.python    59.0     0.1
6228795.python    59.0     0.1
6228795.python    59.0     0.1
6228795.python    59.0     0.1
6228795.python    59.0     0.1
6228795.python    59.0     0.1
6228795.python    59.0     0.1
6228795.python    59.0     0.1
6228795.python    59.0     0.1
6228795.python    59.0     0.1
6228795.python    59.0     0.1
6228795.python    59.0     0.1
6228795.python    59.0     0.1
6228795.python    59.0     0.1
6228795.python    59.0     0.1
6228795.python    59.0     0.2
6228795.python    59.0     0.1

Job 6228795 completed at Sat May 3 00:38:24 CEST 2025
