Starting job 6228793 on c25-4 on fram at Sat May 3 00:03:44 CEST 2025


Currently Loaded Modules:
  1) StdEnv (S)

  Where:
   S:  Module is Sticky, requires --force to unload or purge

 


The following have been reloaded with a version change:
  1) GCCcore/13.3.0 => GCCcore/13.2.0
  2) OpenSSL/3 => OpenSSL/1.1
  3) Python/3.12.3-GCCcore-13.3.0 => Python/3.11.5-GCCcore-13.2.0
  4) SQLite/3.45.3-GCCcore-13.3.0 => SQLite/3.43.1-GCCcore-13.2.0
  5) Tcl/8.6.14-GCCcore-13.3.0 => Tcl/8.6.13-GCCcore-13.2.0
  6) XZ/5.4.5-GCCcore-13.3.0 => XZ/5.4.4-GCCcore-13.2.0
  7) binutils/2.42-GCCcore-13.3.0 => binutils/2.40-GCCcore-13.2.0
  8) bzip2/1.0.8-GCCcore-13.3.0 => bzip2/1.0.8-GCCcore-13.2.0
  9) libffi/3.4.5-GCCcore-13.3.0 => libffi/3.4.4-GCCcore-13.2.0
 10) libreadline/8.2-GCCcore-13.3.0 => libreadline/8.2-GCCcore-13.2.0
 11) ncurses/6.5-GCCcore-13.3.0 => ncurses/6.4-GCCcore-13.2.0
 12) zlib/1.3.1-GCCcore-13.3.0 => zlib/1.2.13-GCCcore-13.2.0

0
40
Generating /cluster/projects/nn8008k/lluisa/NextSIM/seas/Fmap_10days/2002_JAS_ic0.5_dt0.0025_DT0.0100/0_Fmap_matrix.npy

real	0m34.591s
user	0m0.011s
sys	0m0.026s
4
44
Generating /cluster/projects/nn8008k/lluisa/NextSIM/seas/Fmap_10days/2002_JAS_ic0.5_dt0.0025_DT0.0100/1_Fmap_matrix.npy

real	0m26.334s
user	0m0.015s
sys	0m0.014s
8
48
Generating /cluster/projects/nn8008k/lluisa/NextSIM/seas/Fmap_10days/2002_JAS_ic0.5_dt0.0025_DT0.0100/2_Fmap_matrix.npy

real	0m26.823s
user	0m0.009s
sys	0m0.017s
12
52
Generating /cluster/projects/nn8008k/lluisa/NextSIM/seas/Fmap_10days/2002_JAS_ic0.5_dt0.0025_DT0.0100/3_Fmap_matrix.npy

real	0m26.906s
user	0m0.015s
sys	0m0.012s
16
56
Generating /cluster/projects/nn8008k/lluisa/NextSIM/seas/Fmap_10days/2002_JAS_ic0.5_dt0.0025_DT0.0100/4_Fmap_matrix.npy

real	0m26.431s
user	0m0.013s
sys	0m0.014s
20
60
Generating /cluster/projects/nn8008k/lluisa/NextSIM/seas/Fmap_10days/2002_JAS_ic0.5_dt0.0025_DT0.0100/5_Fmap_matrix.npy

real	0m26.026s
user	0m0.017s
sys	0m0.011s
24
64
Generating /cluster/projects/nn8008k/lluisa/NextSIM/seas/Fmap_10days/2002_JAS_ic0.5_dt0.0025_DT0.0100/6_Fmap_matrix.npy

real	0m26.698s
user	0m0.013s
sys	0m0.014s
28
68
Generating /cluster/projects/nn8008k/lluisa/NextSIM/seas/Fmap_10days/2002_JAS_ic0.5_dt0.0025_DT0.0100/7_Fmap_matrix.npy

real	0m26.501s
user	0m0.012s
sys	0m0.015s
32
72
Generating /cluster/projects/nn8008k/lluisa/NextSIM/seas/Fmap_10days/2002_JAS_ic0.5_dt0.0025_DT0.0100/8_Fmap_matrix.npy

real	0m26.119s
user	0m0.017s
sys	0m0.010s
36
76
Generating /cluster/projects/nn8008k/lluisa/NextSIM/seas/Fmap_10days/2002_JAS_ic0.5_dt0.0025_DT0.0100/9_Fmap_matrix.npy

real	0m26.435s
user	0m0.017s
sys	0m0.009s
40
80
Generating /cluster/projects/nn8008k/lluisa/NextSIM/seas/Fmap_10days/2002_JAS_ic0.5_dt0.0025_DT0.0100/10_Fmap_matrix.npy

real	0m26.528s
user	0m0.010s
sys	0m0.017s
44
84
Generating /cluster/projects/nn8008k/lluisa/NextSIM/seas/Fmap_10days/2002_JAS_ic0.5_dt0.0025_DT0.0100/11_Fmap_matrix.npy

real	0m25.775s
user	0m0.015s
sys	0m0.011s
48
88
Generating /cluster/projects/nn8008k/lluisa/NextSIM/seas/Fmap_10days/2002_JAS_ic0.5_dt0.0025_DT0.0100/12_Fmap_matrix.npy

real	0m26.300s
user	0m0.013s
sys	0m0.014s
52
92
Generating /cluster/projects/nn8008k/lluisa/NextSIM/seas/Fmap_10days/2002_JAS_ic0.5_dt0.0025_DT0.0100/13_Fmap_matrix.npy

real	0m26.109s
user	0m0.014s
sys	0m0.013s
56
96
Generating /cluster/projects/nn8008k/lluisa/NextSIM/seas/Fmap_10days/2002_JAS_ic0.5_dt0.0025_DT0.0100/14_Fmap_matrix.npy

real	0m25.984s
user	0m0.016s
sys	0m0.011s
60
100
Generating /cluster/projects/nn8008k/lluisa/NextSIM/seas/Fmap_10days/2002_JAS_ic0.5_dt0.0025_DT0.0100/15_Fmap_matrix.npy

real	0m25.366s
user	0m0.014s
sys	0m0.015s
64
104
Generating /cluster/projects/nn8008k/lluisa/NextSIM/seas/Fmap_10days/2002_JAS_ic0.5_dt0.0025_DT0.0100/16_Fmap_matrix.npy

real	0m26.047s
user	0m0.013s
sys	0m0.014s
68
108
Generating /cluster/projects/nn8008k/lluisa/NextSIM/seas/Fmap_10days/2002_JAS_ic0.5_dt0.0025_DT0.0100/17_Fmap_matrix.npy

real	0m25.894s
user	0m0.015s
sys	0m0.012s
72
112
Generating /cluster/projects/nn8008k/lluisa/NextSIM/seas/Fmap_10days/2002_JAS_ic0.5_dt0.0025_DT0.0100/18_Fmap_matrix.npy

real	0m25.634s
user	0m0.015s
sys	0m0.012s
76
116
Generating /cluster/projects/nn8008k/lluisa/NextSIM/seas/Fmap_10days/2002_JAS_ic0.5_dt0.0025_DT0.0100/19_Fmap_matrix.npy

real	0m25.988s
user	0m0.018s
sys	0m0.009s
80
120
Generating /cluster/projects/nn8008k/lluisa/NextSIM/seas/Fmap_10days/2002_JAS_ic0.5_dt0.0025_DT0.0100/20_Fmap_matrix.npy

real	0m25.499s
user	0m0.017s
sys	0m0.009s
84
124
Generating /cluster/projects/nn8008k/lluisa/NextSIM/seas/Fmap_10days/2002_JAS_ic0.5_dt0.0025_DT0.0100/21_Fmap_matrix.npy

real	0m25.572s
user	0m0.013s
sys	0m0.014s
88
128
Generating /cluster/projects/nn8008k/lluisa/NextSIM/seas/Fmap_10days/2002_JAS_ic0.5_dt0.0025_DT0.0100/22_Fmap_matrix.npy

real	0m25.435s
user	0m0.014s
sys	0m0.012s
92
132
Generating /cluster/projects/nn8008k/lluisa/NextSIM/seas/Fmap_10days/2002_JAS_ic0.5_dt0.0025_DT0.0100/23_Fmap_matrix.npy

real	0m25.778s
user	0m0.014s
sys	0m0.014s
96
136
Generating /cluster/projects/nn8008k/lluisa/NextSIM/seas/Fmap_10days/2002_JAS_ic0.5_dt0.0025_DT0.0100/24_Fmap_matrix.npy

real	0m25.704s
user	0m0.014s
sys	0m0.013s
100
140
Generating /cluster/projects/nn8008k/lluisa/NextSIM/seas/Fmap_10days/2002_JAS_ic0.5_dt0.0025_DT0.0100/25_Fmap_matrix.npy

real	0m25.697s
user	0m0.016s
sys	0m0.011s
104
144
Generating /cluster/projects/nn8008k/lluisa/NextSIM/seas/Fmap_10days/2002_JAS_ic0.5_dt0.0025_DT0.0100/26_Fmap_matrix.npy

real	0m25.489s
user	0m0.011s
sys	0m0.015s
108
148
Generating /cluster/projects/nn8008k/lluisa/NextSIM/seas/Fmap_10days/2002_JAS_ic0.5_dt0.0025_DT0.0100/27_Fmap_matrix.npy

real	0m25.541s
user	0m0.013s
sys	0m0.013s
112
152
Generating /cluster/projects/nn8008k/lluisa/NextSIM/seas/Fmap_10days/2002_JAS_ic0.5_dt0.0025_DT0.0100/28_Fmap_matrix.npy

real	0m24.806s
user	0m0.015s
sys	0m0.011s
116
156
Generating /cluster/projects/nn8008k/lluisa/NextSIM/seas/Fmap_10days/2002_JAS_ic0.5_dt0.0025_DT0.0100/29_Fmap_matrix.npy

real	0m25.148s
user	0m0.010s
sys	0m0.018s
120
160
Generating /cluster/projects/nn8008k/lluisa/NextSIM/seas/Fmap_10days/2002_JAS_ic0.5_dt0.0025_DT0.0100/30_Fmap_matrix.npy

real	0m25.189s
user	0m0.016s
sys	0m0.011s
124
164
Generating /cluster/projects/nn8008k/lluisa/NextSIM/seas/Fmap_10days/2002_JAS_ic0.5_dt0.0025_DT0.0100/31_Fmap_matrix.npy

real	0m25.422s
user	0m0.015s
sys	0m0.012s
128
168
Generating /cluster/projects/nn8008k/lluisa/NextSIM/seas/Fmap_10days/2002_JAS_ic0.5_dt0.0025_DT0.0100/32_Fmap_matrix.npy

real	0m24.991s
user	0m0.020s
sys	0m0.007s
132
172
Generating /cluster/projects/nn8008k/lluisa/NextSIM/seas/Fmap_10days/2002_JAS_ic0.5_dt0.0025_DT0.0100/33_Fmap_matrix.npy

real	0m25.185s
user	0m0.015s
sys	0m0.011s
136
176
Generating /cluster/projects/nn8008k/lluisa/NextSIM/seas/Fmap_10days/2002_JAS_ic0.5_dt0.0025_DT0.0100/34_Fmap_matrix.npy

real	0m25.058s
user	0m0.015s
sys	0m0.011s
140
180
Generating /cluster/projects/nn8008k/lluisa/NextSIM/seas/Fmap_10days/2002_JAS_ic0.5_dt0.0025_DT0.0100/35_Fmap_matrix.npy

real	0m25.271s
user	0m0.014s
sys	0m0.012s
144
184
Generating /cluster/projects/nn8008k/lluisa/NextSIM/seas/Fmap_10days/2002_JAS_ic0.5_dt0.0025_DT0.0100/36_Fmap_matrix.npy

real	0m24.851s
user	0m0.013s
sys	0m0.014s
148
188
Generating /cluster/projects/nn8008k/lluisa/NextSIM/seas/Fmap_10days/2002_JAS_ic0.5_dt0.0025_DT0.0100/37_Fmap_matrix.npy

real	0m25.358s
user	0m0.013s
sys	0m0.015s
152
192
Generating /cluster/projects/nn8008k/lluisa/NextSIM/seas/Fmap_10days/2002_JAS_ic0.5_dt0.0025_DT0.0100/38_Fmap_matrix.npy

real	0m24.893s
user	0m0.013s
sys	0m0.013s
156
196
Generating /cluster/projects/nn8008k/lluisa/NextSIM/seas/Fmap_10days/2002_JAS_ic0.5_dt0.0025_DT0.0100/39_Fmap_matrix.npy

real	0m24.653s
user	0m0.015s
sys	0m0.011s
160
200
Generating /cluster/projects/nn8008k/lluisa/NextSIM/seas/Fmap_10days/2002_JAS_ic0.5_dt0.0025_DT0.0100/40_Fmap_matrix.npy

real	0m24.952s
user	0m0.011s
sys	0m0.016s
164
204
Generating /cluster/projects/nn8008k/lluisa/NextSIM/seas/Fmap_10days/2002_JAS_ic0.5_dt0.0025_DT0.0100/41_Fmap_matrix.npy

real	0m24.764s
user	0m0.011s
sys	0m0.015s
168
208
Generating /cluster/projects/nn8008k/lluisa/NextSIM/seas/Fmap_10days/2002_JAS_ic0.5_dt0.0025_DT0.0100/42_Fmap_matrix.npy

real	0m25.336s
user	0m0.014s
sys	0m0.012s
172
212
Generating /cluster/projects/nn8008k/lluisa/NextSIM/seas/Fmap_10days/2002_JAS_ic0.5_dt0.0025_DT0.0100/43_Fmap_matrix.npy

real	0m24.683s
user	0m0.013s
sys	0m0.013s
176
216
Generating /cluster/projects/nn8008k/lluisa/NextSIM/seas/Fmap_10days/2002_JAS_ic0.5_dt0.0025_DT0.0100/44_Fmap_matrix.npy

real	0m24.243s
user	0m0.012s
sys	0m0.015s
180
220
Generating /cluster/projects/nn8008k/lluisa/NextSIM/seas/Fmap_10days/2002_JAS_ic0.5_dt0.0025_DT0.0100/45_Fmap_matrix.npy

real	0m24.661s
user	0m0.014s
sys	0m0.013s
184
224
Generating /cluster/projects/nn8008k/lluisa/NextSIM/seas/Fmap_10days/2002_JAS_ic0.5_dt0.0025_DT0.0100/46_Fmap_matrix.npy

real	0m24.459s
user	0m0.013s
sys	0m0.013s
188
228
Generating /cluster/projects/nn8008k/lluisa/NextSIM/seas/Fmap_10days/2002_JAS_ic0.5_dt0.0025_DT0.0100/47_Fmap_matrix.npy

real	0m24.171s
user	0m0.014s
sys	0m0.012s
192
232
Generating /cluster/projects/nn8008k/lluisa/NextSIM/seas/Fmap_10days/2002_JAS_ic0.5_dt0.0025_DT0.0100/48_Fmap_matrix.npy

real	0m24.040s
user	0m0.016s
sys	0m0.011s
196
236
Generating /cluster/projects/nn8008k/lluisa/NextSIM/seas/Fmap_10days/2002_JAS_ic0.5_dt0.0025_DT0.0100/49_Fmap_matrix.npy

real	0m24.608s
user	0m0.013s
sys	0m0.015s
200
240
Generating /cluster/projects/nn8008k/lluisa/NextSIM/seas/Fmap_10days/2002_JAS_ic0.5_dt0.0025_DT0.0100/50_Fmap_matrix.npy

real	0m24.646s
user	0m0.018s
sys	0m0.009s
204
244
Generating /cluster/projects/nn8008k/lluisa/NextSIM/seas/Fmap_10days/2002_JAS_ic0.5_dt0.0025_DT0.0100/51_Fmap_matrix.npy

real	0m24.327s
user	0m0.015s
sys	0m0.012s
208
248
Generating /cluster/projects/nn8008k/lluisa/NextSIM/seas/Fmap_10days/2002_JAS_ic0.5_dt0.0025_DT0.0100/52_Fmap_matrix.npy

real	0m23.982s
user	0m0.017s
sys	0m0.011s
212
252
Generating /cluster/projects/nn8008k/lluisa/NextSIM/seas/Fmap_10days/2002_JAS_ic0.5_dt0.0025_DT0.0100/53_Fmap_matrix.npy

real	0m24.621s
user	0m0.016s
sys	0m0.010s
216
256
Generating /cluster/projects/nn8008k/lluisa/NextSIM/seas/Fmap_10days/2002_JAS_ic0.5_dt0.0025_DT0.0100/54_Fmap_matrix.npy

real	0m23.935s
user	0m0.012s
sys	0m0.014s
220
260
Generating /cluster/projects/nn8008k/lluisa/NextSIM/seas/Fmap_10days/2002_JAS_ic0.5_dt0.0025_DT0.0100/55_Fmap_matrix.npy

real	0m24.198s
user	0m0.014s
sys	0m0.013s
224
264
Generating /cluster/projects/nn8008k/lluisa/NextSIM/seas/Fmap_10days/2002_JAS_ic0.5_dt0.0025_DT0.0100/56_Fmap_matrix.npy

real	0m24.217s
user	0m0.009s
sys	0m0.017s
228
268
Generating /cluster/projects/nn8008k/lluisa/NextSIM/seas/Fmap_10days/2002_JAS_ic0.5_dt0.0025_DT0.0100/57_Fmap_matrix.npy

real	0m23.972s
user	0m0.010s
sys	0m0.017s
232
272
Generating /cluster/projects/nn8008k/lluisa/NextSIM/seas/Fmap_10days/2002_JAS_ic0.5_dt0.0025_DT0.0100/58_Fmap_matrix.npy

real	0m23.882s
user	0m0.009s
sys	0m0.018s
236
276
Generating /cluster/projects/nn8008k/lluisa/NextSIM/seas/Fmap_10days/2002_JAS_ic0.5_dt0.0025_DT0.0100/59_Fmap_matrix.npy

real	0m23.931s
user	0m0.018s
sys	0m0.009s
240
280
Generating /cluster/projects/nn8008k/lluisa/NextSIM/seas/Fmap_10days/2002_JAS_ic0.5_dt0.0025_DT0.0100/60_Fmap_matrix.npy

real	0m24.073s
user	0m0.014s
sys	0m0.013s
244
284
Generating /cluster/projects/nn8008k/lluisa/NextSIM/seas/Fmap_10days/2002_JAS_ic0.5_dt0.0025_DT0.0100/61_Fmap_matrix.npy

real	0m23.741s
user	0m0.016s
sys	0m0.011s
248
288
Generating /cluster/projects/nn8008k/lluisa/NextSIM/seas/Fmap_10days/2002_JAS_ic0.5_dt0.0025_DT0.0100/62_Fmap_matrix.npy

real	0m23.538s
user	0m0.014s
sys	0m0.013s
252
292
Generating /cluster/projects/nn8008k/lluisa/NextSIM/seas/Fmap_10days/2002_JAS_ic0.5_dt0.0025_DT0.0100/63_Fmap_matrix.npy

real	0m23.774s
user	0m0.014s
sys	0m0.013s
256
296
Generating /cluster/projects/nn8008k/lluisa/NextSIM/seas/Fmap_10days/2002_JAS_ic0.5_dt0.0025_DT0.0100/64_Fmap_matrix.npy

real	0m23.734s
user	0m0.014s
sys	0m0.012s
260
300
Generating /cluster/projects/nn8008k/lluisa/NextSIM/seas/Fmap_10days/2002_JAS_ic0.5_dt0.0025_DT0.0100/65_Fmap_matrix.npy

real	0m24.145s
user	0m0.017s
sys	0m0.011s
264
304
Generating /cluster/projects/nn8008k/lluisa/NextSIM/seas/Fmap_10days/2002_JAS_ic0.5_dt0.0025_DT0.0100/66_Fmap_matrix.npy

real	0m24.065s
user	0m0.012s
sys	0m0.015s
268
308
Generating /cluster/projects/nn8008k/lluisa/NextSIM/seas/Fmap_10days/2002_JAS_ic0.5_dt0.0025_DT0.0100/67_Fmap_matrix.npy

real	0m24.105s
user	0m0.015s
sys	0m0.012s
272
312
Generating /cluster/projects/nn8008k/lluisa/NextSIM/seas/Fmap_10days/2002_JAS_ic0.5_dt0.0025_DT0.0100/68_Fmap_matrix.npy

real	0m23.758s
user	0m0.016s
sys	0m0.011s
276
316
Generating /cluster/projects/nn8008k/lluisa/NextSIM/seas/Fmap_10days/2002_JAS_ic0.5_dt0.0025_DT0.0100/69_Fmap_matrix.npy

real	0m23.490s
user	0m0.013s
sys	0m0.014s
280
320
Generating /cluster/projects/nn8008k/lluisa/NextSIM/seas/Fmap_10days/2002_JAS_ic0.5_dt0.0025_DT0.0100/70_Fmap_matrix.npy

real	0m24.061s
user	0m0.010s
sys	0m0.016s
284
324
Generating /cluster/projects/nn8008k/lluisa/NextSIM/seas/Fmap_10days/2002_JAS_ic0.5_dt0.0025_DT0.0100/71_Fmap_matrix.npy

real	0m23.985s
user	0m0.016s
sys	0m0.010s
288
328
Generating /cluster/projects/nn8008k/lluisa/NextSIM/seas/Fmap_10days/2002_JAS_ic0.5_dt0.0025_DT0.0100/72_Fmap_matrix.npy

real	0m24.366s
user	0m0.011s
sys	0m0.016s
292
332
Generating /cluster/projects/nn8008k/lluisa/NextSIM/seas/Fmap_10days/2002_JAS_ic0.5_dt0.0025_DT0.0100/73_Fmap_matrix.npy

real	0m23.757s
user	0m0.016s
sys	0m0.012s
296
336
Generating /cluster/projects/nn8008k/lluisa/NextSIM/seas/Fmap_10days/2002_JAS_ic0.5_dt0.0025_DT0.0100/74_Fmap_matrix.npy

real	0m23.736s
user	0m0.016s
sys	0m0.012s
300
340
Generating /cluster/projects/nn8008k/lluisa/NextSIM/seas/Fmap_10days/2002_JAS_ic0.5_dt0.0025_DT0.0100/75_Fmap_matrix.npy

real	0m23.841s
user	0m0.013s
sys	0m0.014s
304
344
Generating /cluster/projects/nn8008k/lluisa/NextSIM/seas/Fmap_10days/2002_JAS_ic0.5_dt0.0025_DT0.0100/76_Fmap_matrix.npy

real	0m23.991s
user	0m0.020s
sys	0m0.007s
308
348
Generating /cluster/projects/nn8008k/lluisa/NextSIM/seas/Fmap_10days/2002_JAS_ic0.5_dt0.0025_DT0.0100/77_Fmap_matrix.npy

real	0m23.978s
user	0m0.019s
sys	0m0.008s
312
352
Generating /cluster/projects/nn8008k/lluisa/NextSIM/seas/Fmap_10days/2002_JAS_ic0.5_dt0.0025_DT0.0100/78_Fmap_matrix.npy

real	0m23.907s
user	0m0.010s
sys	0m0.018s
316
356
Generating /cluster/projects/nn8008k/lluisa/NextSIM/seas/Fmap_10days/2002_JAS_ic0.5_dt0.0025_DT0.0100/79_Fmap_matrix.npy

real	0m23.871s
user	0m0.014s
sys	0m0.013s
320
360
Generating /cluster/projects/nn8008k/lluisa/NextSIM/seas/Fmap_10days/2002_JAS_ic0.5_dt0.0025_DT0.0100/80_Fmap_matrix.npy

real	0m23.870s
user	0m0.010s
sys	0m0.017s
EBVERSIONNUMACTL=2.0.16
SLURM_JOB_NUM_NODES=1
EBROOTNUMACTL=/cluster/software/numactl/2.0.16-GCCcore-13.2.0
EBDEVELNUMACTL=/cluster/software/numactl/2.0.16-GCCcore-13.2.0/easybuild/numactl-2.0.16-GCCcore-13.2.0-easybuild-devel
OMP_NUM_THREADS=32

Job 6228793 consumed 18.1 billing hours from project nn8008k.

Submitted 2025-05-03T00:03:20; waited 21.0 seconds in the queue after becoming eligible to run.

Requested wallclock time: 3.0 days
Elapsed wallclock time:   33.9 minutes

Job exited normally.

Task and CPU statistics:
ID              CPUs  Tasks  CPU util                Start   Elapsed  Exit status
6228793           32            0.0 %  2025-05-03T00:03:41  2033.0 s  0
6228793.batch     32      1     0.0 %  2025-05-03T00:03:41  2033.0 s  0
6228793.python    32      1    20.9 %  2025-05-03T00:03:46    35.0 s  0
6228793.python    32      1    27.9 %  2025-05-03T00:04:21    26.0 s  0
6228793.python    32      1    27.0 %  2025-05-03T00:04:47    27.0 s  0
6228793.python    32      1    26.9 %  2025-05-03T00:05:14    27.0 s  0
6228793.python    32      1    27.8 %  2025-05-03T00:05:41    26.0 s  0
6228793.python    32      1    27.4 %  2025-05-03T00:06:07    26.0 s  0
6228793.python    32      1    26.3 %  2025-05-03T00:06:33    27.0 s  0
6228793.python    32      1    26.1 %  2025-05-03T00:07:00    27.0 s  0
6228793.python    32      1    26.8 %  2025-05-03T00:07:27    26.0 s  0
6228793.python    32      1    27.3 %  2025-05-03T00:07:53    26.0 s  0
6228793.python    32      1    25.9 %  2025-05-03T00:08:19    27.0 s  0
6228793.python    32      1    28.0 %  2025-05-03T00:08:46    25.0 s  0
6228793.python    32      1    25.8 %  2025-05-03T00:09:11    27.0 s  0
6228793.python    32      1    26.4 %  2025-05-03T00:09:38    26.0 s  0
6228793.python    32      1    26.5 %  2025-05-03T00:10:04    26.0 s  0
6228793.python    32      1    27.2 %  2025-05-03T00:10:30    25.0 s  0
6228793.python    32      1    26.2 %  2025-05-03T00:10:55    26.0 s  0
6228793.python    32      1    26.0 %  2025-05-03T00:11:21    26.0 s  0
6228793.python    32      1    26.0 %  2025-05-03T00:11:47    26.0 s  0
6228793.python    32      1    26.0 %  2025-05-03T00:12:13    26.0 s  0
6228793.python    32      1    26.8 %  2025-05-03T00:12:39    25.0 s  0
6228793.python    32      1    25.5 %  2025-05-03T00:13:04    26.0 s  0
6228793.python    32      1    26.4 %  2025-05-03T00:13:30    25.0 s  0
6228793.python    32      1    25.4 %  2025-05-03T00:13:55    26.0 s  0
6228793.python    32      1    25.4 %  2025-05-03T00:14:21    26.0 s  0
6228793.python    32      1    26.2 %  2025-05-03T00:14:47    25.0 s  0
6228793.python    32      1    25.2 %  2025-05-03T00:15:12    26.0 s  0
6228793.python    32      1    26.0 %  2025-05-03T00:15:38    25.0 s  0
6228793.python    32      1    26.9 %  2025-05-03T00:16:04    24.0 s  0
6228793.python    32      1    25.3 %  2025-05-03T00:16:28    25.0 s  0
6228793.python    32      1    24.5 %  2025-05-03T00:16:53    26.0 s  0
6228793.python    32      1    25.3 %  2025-05-03T00:17:19    25.0 s  0
6228793.python    32      1    25.0 %  2025-05-03T00:17:44    25.0 s  0
6228793.python    32      1    24.8 %  2025-05-03T00:18:09    25.0 s  0
6228793.python    32      1    24.8 %  2025-05-03T00:18:34    25.0 s  0
6228793.python    32      1    24.2 %  2025-05-03T00:18:59    26.0 s  0
6228793.python    32      1    25.8 %  2025-05-03T00:19:25    24.0 s  0
6228793.python    32      1    23.7 %  2025-05-03T00:19:49    26.0 s  0
6228793.python    32      1    24.5 %  2025-05-03T00:20:15    25.0 s  0
6228793.python    32      1    25.1 %  2025-05-03T00:20:40    24.0 s  0
6228793.python    32      1    24.2 %  2025-05-03T00:21:04    25.0 s  0
6228793.python    32      1    23.9 %  2025-05-03T00:21:29    25.0 s  0
6228793.python    32      1    24.1 %  2025-05-03T00:21:54    25.0 s  0
6228793.python    32      1    23.8 %  2025-05-03T00:22:19    25.0 s  0
6228793.python    32      1    24.5 %  2025-05-03T00:22:44    24.0 s  0
6228793.python    32      1    23.9 %  2025-05-03T00:23:08    25.0 s  0
6228793.python    32      1    24.5 %  2025-05-03T00:23:33    24.0 s  0
6228793.python    32      1    23.2 %  2025-05-03T00:23:57    25.0 s  0
6228793.python    32      1    24.1 %  2025-05-03T00:24:22    24.0 s  0
6228793.python    32      1    24.0 %  2025-05-03T00:24:46    24.0 s  0
6228793.python    32      1    23.2 %  2025-05-03T00:25:10    25.0 s  0
6228793.python    32      1    23.7 %  2025-05-03T00:25:35    24.0 s  0
6228793.python    32      1    23.9 %  2025-05-03T00:25:59    24.0 s  0
6228793.python    32      1    22.9 %  2025-05-03T00:26:23    25.0 s  0
6228793.python    32      1    23.7 %  2025-05-03T00:26:48    24.0 s  0
6228793.python    32      1    23.6 %  2025-05-03T00:27:12    24.0 s  0
6228793.python    32      1    23.4 %  2025-05-03T00:27:36    24.0 s  0
6228793.python    32      1    23.3 %  2025-05-03T00:28:00    24.0 s  0
6228793.python    32      1    23.3 %  2025-05-03T00:28:24    24.0 s  0
6228793.python    32      1    23.1 %  2025-05-03T00:28:48    24.0 s  0
6228793.python    32      1    23.2 %  2025-05-03T00:29:12    24.0 s  0
6228793.python    32      1    22.8 %  2025-05-03T00:29:36    24.0 s  0
6228793.python    32      1    23.7 %  2025-05-03T00:30:00    23.0 s  0
6228793.python    32      1    22.6 %  2025-05-03T00:30:23    24.0 s  0
6228793.python    32      1    22.6 %  2025-05-03T00:30:47    24.0 s  0
6228793.python    32      1    22.8 %  2025-05-03T00:31:11    24.0 s  0
6228793.python    32      1    22.8 %  2025-05-03T00:31:35    24.0 s  0
6228793.python    32      1    22.9 %  2025-05-03T00:31:59    24.0 s  0
6228793.python    32      1    22.7 %  2025-05-03T00:32:23    24.0 s  0
6228793.python    32      1    23.5 %  2025-05-03T00:32:47    23.0 s  0
6228793.python    32      1    22.6 %  2025-05-03T00:33:10    24.0 s  0
6228793.python    32      1    22.7 %  2025-05-03T00:33:34    24.0 s  0
6228793.python    32      1    21.9 %  2025-05-03T00:33:58    25.0 s  0
6228793.python    32      1    22.6 %  2025-05-03T00:34:23    24.0 s  0
6228793.python    32      1    23.6 %  2025-05-03T00:34:47    23.0 s  0
6228793.python    32      1    22.7 %  2025-05-03T00:35:10    24.0 s  0
6228793.python    32      1    22.6 %  2025-05-03T00:35:34    24.0 s  0
6228793.python    32      1    22.8 %  2025-05-03T00:35:58    24.0 s  0
6228793.python    32      1    22.8 %  2025-05-03T00:36:22    24.0 s  0
6228793.python    32      1    23.1 %  2025-05-03T00:36:46    24.0 s  0
6228793.python    32      1    22.9 %  2025-05-03T00:37:10    24.0 s  0

Used CPU time:   4.4 CPU hours
Unused CPU time: 13.6 CPU hours

Memory statistics, in GiB:
ID               Alloc   Usage
6228793           59.0        
6228793.batch     59.0     0.0
6228793.python    59.0     6.9
6228793.python    59.0     0.1
6228793.python    59.0     0.1
6228793.python    59.0     0.1
6228793.python    59.0     0.1
6228793.python    59.0     0.1
6228793.python    59.0     0.1
6228793.python    59.0     0.1
6228793.python    59.0     0.1
6228793.python    59.0     0.1
6228793.python    59.0     0.1
6228793.python    59.0     0.1
6228793.python    59.0     0.1
6228793.python    59.0     0.1
6228793.python    59.0     0.1
6228793.python    59.0     0.1
6228793.python    59.0     0.1
6228793.python    59.0     0.1
6228793.python    59.0     0.1
6228793.python    59.0     0.1
6228793.python    59.0     0.1
6228793.python    59.0     0.1
6228793.python    59.0     0.1
6228793.python    59.0     0.1
6228793.python    59.0     0.1
6228793.python    59.0     0.1
6228793.python    59.0     0.1
6228793.python    59.0     0.1
6228793.python    59.0     0.1
6228793.python    59.0     0.1
6228793.python    59.0     0.1
6228793.python    59.0     0.1
6228793.python    59.0     0.1
6228793.python    59.0     0.1
6228793.python    59.0     0.1
6228793.python    59.0     0.1
6228793.python    59.0     0.1
6228793.python    59.0     0.1
6228793.python    59.0     0.1
6228793.python    59.0     0.1
6228793.python    59.0     0.1
6228793.python    59.0     0.1
6228793.python    59.0     0.1
6228793.python    59.0     0.1
6228793.python    59.0     0.1
6228793.python    59.0     0.1
6228793.python    59.0     0.1
6228793.python    59.0     0.1
6228793.python    59.0     0.1
6228793.python    59.0     0.1
6228793.python    59.0     0.1
6228793.python    59.0     0.1
6228793.python    59.0     0.1
6228793.python    59.0     0.1
6228793.python    59.0     0.1
6228793.python    59.0     0.1
6228793.python    59.0     0.1
6228793.python    59.0     0.1
6228793.python    59.0     0.1
6228793.python    59.0     0.1
6228793.python    59.0     0.1
6228793.python    59.0     0.1
6228793.python    59.0     0.1
6228793.python    59.0     0.1
6228793.python    59.0     0.1
6228793.python    59.0     0.1
6228793.python    59.0     0.1
6228793.python    59.0     0.1
6228793.python    59.0     0.1
6228793.python    59.0     0.1
6228793.python    59.0     0.1
6228793.python    59.0     0.1
6228793.python    59.0     0.1
6228793.python    59.0     0.1
6228793.python    59.0     0.1
6228793.python    59.0     0.1
6228793.python    59.0     0.1
6228793.python    59.0     0.1
6228793.python    59.0     0.1
6228793.python    59.0     0.1
6228793.python    59.0     0.1

Job 6228793 completed at Sat May 3 00:37:34 CEST 2025
