Starting job 6228790 on c21-1 on fram at Sat May 3 00:03:44 CEST 2025


Currently Loaded Modules:
  1) StdEnv (S)

  Where:
   S:  Module is Sticky, requires --force to unload or purge

 


The following have been reloaded with a version change:
  1) GCCcore/13.3.0 => GCCcore/13.2.0
  2) OpenSSL/3 => OpenSSL/1.1
  3) Python/3.12.3-GCCcore-13.3.0 => Python/3.11.5-GCCcore-13.2.0
  4) SQLite/3.45.3-GCCcore-13.3.0 => SQLite/3.43.1-GCCcore-13.2.0
  5) Tcl/8.6.14-GCCcore-13.3.0 => Tcl/8.6.13-GCCcore-13.2.0
  6) XZ/5.4.5-GCCcore-13.3.0 => XZ/5.4.4-GCCcore-13.2.0
  7) binutils/2.42-GCCcore-13.3.0 => binutils/2.40-GCCcore-13.2.0
  8) bzip2/1.0.8-GCCcore-13.3.0 => bzip2/1.0.8-GCCcore-13.2.0
  9) libffi/3.4.5-GCCcore-13.3.0 => libffi/3.4.4-GCCcore-13.2.0
 10) libreadline/8.2-GCCcore-13.3.0 => libreadline/8.2-GCCcore-13.2.0
 11) ncurses/6.5-GCCcore-13.3.0 => ncurses/6.4-GCCcore-13.2.0
 12) zlib/1.3.1-GCCcore-13.3.0 => zlib/1.2.13-GCCcore-13.2.0

0
40
Generating /cluster/projects/nn8008k/lluisa/NextSIM/seas/Fmap_10days/2002_AMJ_ic0.5_dt0.0025_DT0.0100/0_Fmap_matrix.npy

real	0m35.343s
user	0m0.010s
sys	0m0.025s
4
44
Generating /cluster/projects/nn8008k/lluisa/NextSIM/seas/Fmap_10days/2002_AMJ_ic0.5_dt0.0025_DT0.0100/1_Fmap_matrix.npy

real	0m27.498s
user	0m0.012s
sys	0m0.015s
8
48
Generating /cluster/projects/nn8008k/lluisa/NextSIM/seas/Fmap_10days/2002_AMJ_ic0.5_dt0.0025_DT0.0100/2_Fmap_matrix.npy

real	0m27.663s
user	0m0.015s
sys	0m0.012s
12
52
Generating /cluster/projects/nn8008k/lluisa/NextSIM/seas/Fmap_10days/2002_AMJ_ic0.5_dt0.0025_DT0.0100/3_Fmap_matrix.npy

real	0m27.404s
user	0m0.010s
sys	0m0.018s
16
56
Generating /cluster/projects/nn8008k/lluisa/NextSIM/seas/Fmap_10days/2002_AMJ_ic0.5_dt0.0025_DT0.0100/4_Fmap_matrix.npy

real	0m27.633s
user	0m0.017s
sys	0m0.011s
20
60
Generating /cluster/projects/nn8008k/lluisa/NextSIM/seas/Fmap_10days/2002_AMJ_ic0.5_dt0.0025_DT0.0100/5_Fmap_matrix.npy

real	0m27.383s
user	0m0.015s
sys	0m0.012s
24
64
Generating /cluster/projects/nn8008k/lluisa/NextSIM/seas/Fmap_10days/2002_AMJ_ic0.5_dt0.0025_DT0.0100/6_Fmap_matrix.npy

real	0m27.701s
user	0m0.016s
sys	0m0.012s
28
68
Generating /cluster/projects/nn8008k/lluisa/NextSIM/seas/Fmap_10days/2002_AMJ_ic0.5_dt0.0025_DT0.0100/7_Fmap_matrix.npy

real	0m27.357s
user	0m0.015s
sys	0m0.012s
32
72
Generating /cluster/projects/nn8008k/lluisa/NextSIM/seas/Fmap_10days/2002_AMJ_ic0.5_dt0.0025_DT0.0100/8_Fmap_matrix.npy

real	0m27.399s
user	0m0.010s
sys	0m0.018s
36
76
Generating /cluster/projects/nn8008k/lluisa/NextSIM/seas/Fmap_10days/2002_AMJ_ic0.5_dt0.0025_DT0.0100/9_Fmap_matrix.npy

real	0m27.538s
user	0m0.017s
sys	0m0.011s
40
80
Generating /cluster/projects/nn8008k/lluisa/NextSIM/seas/Fmap_10days/2002_AMJ_ic0.5_dt0.0025_DT0.0100/10_Fmap_matrix.npy

real	0m27.498s
user	0m0.015s
sys	0m0.012s
44
84
Generating /cluster/projects/nn8008k/lluisa/NextSIM/seas/Fmap_10days/2002_AMJ_ic0.5_dt0.0025_DT0.0100/11_Fmap_matrix.npy

real	0m27.521s
user	0m0.015s
sys	0m0.013s
48
88
Generating /cluster/projects/nn8008k/lluisa/NextSIM/seas/Fmap_10days/2002_AMJ_ic0.5_dt0.0025_DT0.0100/12_Fmap_matrix.npy

real	0m27.402s
user	0m0.017s
sys	0m0.010s
52
92
Generating /cluster/projects/nn8008k/lluisa/NextSIM/seas/Fmap_10days/2002_AMJ_ic0.5_dt0.0025_DT0.0100/13_Fmap_matrix.npy

real	0m27.391s
user	0m0.013s
sys	0m0.014s
56
96
Generating /cluster/projects/nn8008k/lluisa/NextSIM/seas/Fmap_10days/2002_AMJ_ic0.5_dt0.0025_DT0.0100/14_Fmap_matrix.npy

real	0m27.645s
user	0m0.017s
sys	0m0.010s
60
100
Generating /cluster/projects/nn8008k/lluisa/NextSIM/seas/Fmap_10days/2002_AMJ_ic0.5_dt0.0025_DT0.0100/15_Fmap_matrix.npy

real	0m27.845s
user	0m0.012s
sys	0m0.015s
64
104
Generating /cluster/projects/nn8008k/lluisa/NextSIM/seas/Fmap_10days/2002_AMJ_ic0.5_dt0.0025_DT0.0100/16_Fmap_matrix.npy

real	0m27.592s
user	0m0.012s
sys	0m0.016s
68
108
Generating /cluster/projects/nn8008k/lluisa/NextSIM/seas/Fmap_10days/2002_AMJ_ic0.5_dt0.0025_DT0.0100/17_Fmap_matrix.npy

real	0m27.689s
user	0m0.014s
sys	0m0.012s
72
112
Generating /cluster/projects/nn8008k/lluisa/NextSIM/seas/Fmap_10days/2002_AMJ_ic0.5_dt0.0025_DT0.0100/18_Fmap_matrix.npy

real	0m27.298s
user	0m0.012s
sys	0m0.015s
76
116
Generating /cluster/projects/nn8008k/lluisa/NextSIM/seas/Fmap_10days/2002_AMJ_ic0.5_dt0.0025_DT0.0100/19_Fmap_matrix.npy

real	0m27.937s
user	0m0.016s
sys	0m0.010s
80
120
Generating /cluster/projects/nn8008k/lluisa/NextSIM/seas/Fmap_10days/2002_AMJ_ic0.5_dt0.0025_DT0.0100/20_Fmap_matrix.npy

real	0m27.424s
user	0m0.014s
sys	0m0.013s
84
124
Generating /cluster/projects/nn8008k/lluisa/NextSIM/seas/Fmap_10days/2002_AMJ_ic0.5_dt0.0025_DT0.0100/21_Fmap_matrix.npy

real	0m27.643s
user	0m0.015s
sys	0m0.013s
88
128
Generating /cluster/projects/nn8008k/lluisa/NextSIM/seas/Fmap_10days/2002_AMJ_ic0.5_dt0.0025_DT0.0100/22_Fmap_matrix.npy

real	0m27.591s
user	0m0.016s
sys	0m0.011s
92
132
Generating /cluster/projects/nn8008k/lluisa/NextSIM/seas/Fmap_10days/2002_AMJ_ic0.5_dt0.0025_DT0.0100/23_Fmap_matrix.npy

real	0m27.825s
user	0m0.013s
sys	0m0.014s
96
136
Generating /cluster/projects/nn8008k/lluisa/NextSIM/seas/Fmap_10days/2002_AMJ_ic0.5_dt0.0025_DT0.0100/24_Fmap_matrix.npy

real	0m27.369s
user	0m0.014s
sys	0m0.013s
100
140
Generating /cluster/projects/nn8008k/lluisa/NextSIM/seas/Fmap_10days/2002_AMJ_ic0.5_dt0.0025_DT0.0100/25_Fmap_matrix.npy

real	0m27.428s
user	0m0.013s
sys	0m0.014s
104
144
Generating /cluster/projects/nn8008k/lluisa/NextSIM/seas/Fmap_10days/2002_AMJ_ic0.5_dt0.0025_DT0.0100/26_Fmap_matrix.npy

real	0m27.232s
user	0m0.013s
sys	0m0.014s
108
148
Generating /cluster/projects/nn8008k/lluisa/NextSIM/seas/Fmap_10days/2002_AMJ_ic0.5_dt0.0025_DT0.0100/27_Fmap_matrix.npy

real	0m27.198s
user	0m0.011s
sys	0m0.016s
112
152
Generating /cluster/projects/nn8008k/lluisa/NextSIM/seas/Fmap_10days/2002_AMJ_ic0.5_dt0.0025_DT0.0100/28_Fmap_matrix.npy

real	0m27.352s
user	0m0.010s
sys	0m0.018s
116
156
Generating /cluster/projects/nn8008k/lluisa/NextSIM/seas/Fmap_10days/2002_AMJ_ic0.5_dt0.0025_DT0.0100/29_Fmap_matrix.npy

real	0m27.076s
user	0m0.014s
sys	0m0.013s
120
160
Generating /cluster/projects/nn8008k/lluisa/NextSIM/seas/Fmap_10days/2002_AMJ_ic0.5_dt0.0025_DT0.0100/30_Fmap_matrix.npy

real	0m27.514s
user	0m0.016s
sys	0m0.011s
124
164
Generating /cluster/projects/nn8008k/lluisa/NextSIM/seas/Fmap_10days/2002_AMJ_ic0.5_dt0.0025_DT0.0100/31_Fmap_matrix.npy

real	0m27.506s
user	0m0.018s
sys	0m0.008s
128
168
Generating /cluster/projects/nn8008k/lluisa/NextSIM/seas/Fmap_10days/2002_AMJ_ic0.5_dt0.0025_DT0.0100/32_Fmap_matrix.npy

real	0m27.757s
user	0m0.013s
sys	0m0.014s
132
172
Generating /cluster/projects/nn8008k/lluisa/NextSIM/seas/Fmap_10days/2002_AMJ_ic0.5_dt0.0025_DT0.0100/33_Fmap_matrix.npy

real	0m27.980s
user	0m0.013s
sys	0m0.014s
136
176
Generating /cluster/projects/nn8008k/lluisa/NextSIM/seas/Fmap_10days/2002_AMJ_ic0.5_dt0.0025_DT0.0100/34_Fmap_matrix.npy

real	0m27.583s
user	0m0.013s
sys	0m0.013s
140
180
Generating /cluster/projects/nn8008k/lluisa/NextSIM/seas/Fmap_10days/2002_AMJ_ic0.5_dt0.0025_DT0.0100/35_Fmap_matrix.npy

real	0m27.243s
user	0m0.010s
sys	0m0.017s
144
184
Generating /cluster/projects/nn8008k/lluisa/NextSIM/seas/Fmap_10days/2002_AMJ_ic0.5_dt0.0025_DT0.0100/36_Fmap_matrix.npy

real	0m27.578s
user	0m0.012s
sys	0m0.015s
148
188
Generating /cluster/projects/nn8008k/lluisa/NextSIM/seas/Fmap_10days/2002_AMJ_ic0.5_dt0.0025_DT0.0100/37_Fmap_matrix.npy

real	0m27.472s
user	0m0.012s
sys	0m0.015s
152
192
Generating /cluster/projects/nn8008k/lluisa/NextSIM/seas/Fmap_10days/2002_AMJ_ic0.5_dt0.0025_DT0.0100/38_Fmap_matrix.npy

real	0m27.294s
user	0m0.013s
sys	0m0.014s
156
196
Generating /cluster/projects/nn8008k/lluisa/NextSIM/seas/Fmap_10days/2002_AMJ_ic0.5_dt0.0025_DT0.0100/39_Fmap_matrix.npy

real	0m27.519s
user	0m0.014s
sys	0m0.013s
160
200
Generating /cluster/projects/nn8008k/lluisa/NextSIM/seas/Fmap_10days/2002_AMJ_ic0.5_dt0.0025_DT0.0100/40_Fmap_matrix.npy

real	0m27.299s
user	0m0.013s
sys	0m0.014s
164
204
Generating /cluster/projects/nn8008k/lluisa/NextSIM/seas/Fmap_10days/2002_AMJ_ic0.5_dt0.0025_DT0.0100/41_Fmap_matrix.npy

real	0m27.549s
user	0m0.013s
sys	0m0.014s
168
208
Generating /cluster/projects/nn8008k/lluisa/NextSIM/seas/Fmap_10days/2002_AMJ_ic0.5_dt0.0025_DT0.0100/42_Fmap_matrix.npy

real	0m27.783s
user	0m0.017s
sys	0m0.010s
172
212
Generating /cluster/projects/nn8008k/lluisa/NextSIM/seas/Fmap_10days/2002_AMJ_ic0.5_dt0.0025_DT0.0100/43_Fmap_matrix.npy

real	0m26.605s
user	0m0.013s
sys	0m0.013s
176
216
Generating /cluster/projects/nn8008k/lluisa/NextSIM/seas/Fmap_10days/2002_AMJ_ic0.5_dt0.0025_DT0.0100/44_Fmap_matrix.npy

real	0m27.223s
user	0m0.013s
sys	0m0.014s
180
220
Generating /cluster/projects/nn8008k/lluisa/NextSIM/seas/Fmap_10days/2002_AMJ_ic0.5_dt0.0025_DT0.0100/45_Fmap_matrix.npy

real	0m27.468s
user	0m0.017s
sys	0m0.011s
184
224
Generating /cluster/projects/nn8008k/lluisa/NextSIM/seas/Fmap_10days/2002_AMJ_ic0.5_dt0.0025_DT0.0100/46_Fmap_matrix.npy

real	0m27.673s
user	0m0.013s
sys	0m0.012s
188
228
Generating /cluster/projects/nn8008k/lluisa/NextSIM/seas/Fmap_10days/2002_AMJ_ic0.5_dt0.0025_DT0.0100/47_Fmap_matrix.npy

real	0m27.691s
user	0m0.012s
sys	0m0.015s
192
232
Generating /cluster/projects/nn8008k/lluisa/NextSIM/seas/Fmap_10days/2002_AMJ_ic0.5_dt0.0025_DT0.0100/48_Fmap_matrix.npy

real	0m27.908s
user	0m0.015s
sys	0m0.012s
196
236
Generating /cluster/projects/nn8008k/lluisa/NextSIM/seas/Fmap_10days/2002_AMJ_ic0.5_dt0.0025_DT0.0100/49_Fmap_matrix.npy

real	0m27.656s
user	0m0.015s
sys	0m0.012s
200
240
Generating /cluster/projects/nn8008k/lluisa/NextSIM/seas/Fmap_10days/2002_AMJ_ic0.5_dt0.0025_DT0.0100/50_Fmap_matrix.npy

real	0m27.653s
user	0m0.013s
sys	0m0.014s
204
244
Generating /cluster/projects/nn8008k/lluisa/NextSIM/seas/Fmap_10days/2002_AMJ_ic0.5_dt0.0025_DT0.0100/51_Fmap_matrix.npy

real	0m27.295s
user	0m0.014s
sys	0m0.013s
208
248
Generating /cluster/projects/nn8008k/lluisa/NextSIM/seas/Fmap_10days/2002_AMJ_ic0.5_dt0.0025_DT0.0100/52_Fmap_matrix.npy

real	0m27.416s
user	0m0.016s
sys	0m0.010s
212
252
Generating /cluster/projects/nn8008k/lluisa/NextSIM/seas/Fmap_10days/2002_AMJ_ic0.5_dt0.0025_DT0.0100/53_Fmap_matrix.npy

real	0m27.254s
user	0m0.016s
sys	0m0.012s
216
256
Generating /cluster/projects/nn8008k/lluisa/NextSIM/seas/Fmap_10days/2002_AMJ_ic0.5_dt0.0025_DT0.0100/54_Fmap_matrix.npy

real	0m27.247s
user	0m0.013s
sys	0m0.013s
220
260
Generating /cluster/projects/nn8008k/lluisa/NextSIM/seas/Fmap_10days/2002_AMJ_ic0.5_dt0.0025_DT0.0100/55_Fmap_matrix.npy

real	0m27.648s
user	0m0.016s
sys	0m0.011s
224
264
Generating /cluster/projects/nn8008k/lluisa/NextSIM/seas/Fmap_10days/2002_AMJ_ic0.5_dt0.0025_DT0.0100/56_Fmap_matrix.npy

real	0m26.926s
user	0m0.012s
sys	0m0.014s
228
268
Generating /cluster/projects/nn8008k/lluisa/NextSIM/seas/Fmap_10days/2002_AMJ_ic0.5_dt0.0025_DT0.0100/57_Fmap_matrix.npy

real	0m27.274s
user	0m0.011s
sys	0m0.015s
232
272
Generating /cluster/projects/nn8008k/lluisa/NextSIM/seas/Fmap_10days/2002_AMJ_ic0.5_dt0.0025_DT0.0100/58_Fmap_matrix.npy

real	0m27.455s
user	0m0.014s
sys	0m0.013s
236
276
Generating /cluster/projects/nn8008k/lluisa/NextSIM/seas/Fmap_10days/2002_AMJ_ic0.5_dt0.0025_DT0.0100/59_Fmap_matrix.npy

real	0m27.458s
user	0m0.013s
sys	0m0.014s
240
280
Generating /cluster/projects/nn8008k/lluisa/NextSIM/seas/Fmap_10days/2002_AMJ_ic0.5_dt0.0025_DT0.0100/60_Fmap_matrix.npy

real	0m27.374s
user	0m0.011s
sys	0m0.016s
244
284
Generating /cluster/projects/nn8008k/lluisa/NextSIM/seas/Fmap_10days/2002_AMJ_ic0.5_dt0.0025_DT0.0100/61_Fmap_matrix.npy

real	0m27.177s
user	0m0.010s
sys	0m0.016s
248
288
Generating /cluster/projects/nn8008k/lluisa/NextSIM/seas/Fmap_10days/2002_AMJ_ic0.5_dt0.0025_DT0.0100/62_Fmap_matrix.npy

real	0m27.210s
user	0m0.011s
sys	0m0.015s
252
292
Generating /cluster/projects/nn8008k/lluisa/NextSIM/seas/Fmap_10days/2002_AMJ_ic0.5_dt0.0025_DT0.0100/63_Fmap_matrix.npy

real	0m29.017s
user	0m0.014s
sys	0m0.013s
256
296
Generating /cluster/projects/nn8008k/lluisa/NextSIM/seas/Fmap_10days/2002_AMJ_ic0.5_dt0.0025_DT0.0100/64_Fmap_matrix.npy

real	0m27.360s
user	0m0.010s
sys	0m0.017s
260
300
Generating /cluster/projects/nn8008k/lluisa/NextSIM/seas/Fmap_10days/2002_AMJ_ic0.5_dt0.0025_DT0.0100/65_Fmap_matrix.npy

real	0m27.350s
user	0m0.013s
sys	0m0.014s
264
304
Generating /cluster/projects/nn8008k/lluisa/NextSIM/seas/Fmap_10days/2002_AMJ_ic0.5_dt0.0025_DT0.0100/66_Fmap_matrix.npy

real	0m26.727s
user	0m0.014s
sys	0m0.013s
268
308
Generating /cluster/projects/nn8008k/lluisa/NextSIM/seas/Fmap_10days/2002_AMJ_ic0.5_dt0.0025_DT0.0100/67_Fmap_matrix.npy

real	0m26.949s
user	0m0.015s
sys	0m0.012s
272
312
Generating /cluster/projects/nn8008k/lluisa/NextSIM/seas/Fmap_10days/2002_AMJ_ic0.5_dt0.0025_DT0.0100/68_Fmap_matrix.npy

real	0m26.900s
user	0m0.017s
sys	0m0.009s
276
316
Generating /cluster/projects/nn8008k/lluisa/NextSIM/seas/Fmap_10days/2002_AMJ_ic0.5_dt0.0025_DT0.0100/69_Fmap_matrix.npy

real	0m27.378s
user	0m0.013s
sys	0m0.013s
280
320
Generating /cluster/projects/nn8008k/lluisa/NextSIM/seas/Fmap_10days/2002_AMJ_ic0.5_dt0.0025_DT0.0100/70_Fmap_matrix.npy

real	0m27.196s
user	0m0.010s
sys	0m0.016s
284
324
Generating /cluster/projects/nn8008k/lluisa/NextSIM/seas/Fmap_10days/2002_AMJ_ic0.5_dt0.0025_DT0.0100/71_Fmap_matrix.npy

real	0m28.547s
user	0m0.015s
sys	0m0.013s
288
328
Generating /cluster/projects/nn8008k/lluisa/NextSIM/seas/Fmap_10days/2002_AMJ_ic0.5_dt0.0025_DT0.0100/72_Fmap_matrix.npy

real	0m26.998s
user	0m0.012s
sys	0m0.016s
292
332
Generating /cluster/projects/nn8008k/lluisa/NextSIM/seas/Fmap_10days/2002_AMJ_ic0.5_dt0.0025_DT0.0100/73_Fmap_matrix.npy

real	0m27.479s
user	0m0.010s
sys	0m0.017s
296
336
Generating /cluster/projects/nn8008k/lluisa/NextSIM/seas/Fmap_10days/2002_AMJ_ic0.5_dt0.0025_DT0.0100/74_Fmap_matrix.npy

real	0m26.654s
user	0m0.011s
sys	0m0.016s
300
340
Generating /cluster/projects/nn8008k/lluisa/NextSIM/seas/Fmap_10days/2002_AMJ_ic0.5_dt0.0025_DT0.0100/75_Fmap_matrix.npy

real	0m26.625s
user	0m0.012s
sys	0m0.015s
304
344
Generating /cluster/projects/nn8008k/lluisa/NextSIM/seas/Fmap_10days/2002_AMJ_ic0.5_dt0.0025_DT0.0100/76_Fmap_matrix.npy

real	0m26.862s
user	0m0.013s
sys	0m0.014s
308
348
Generating /cluster/projects/nn8008k/lluisa/NextSIM/seas/Fmap_10days/2002_AMJ_ic0.5_dt0.0025_DT0.0100/77_Fmap_matrix.npy

real	0m26.878s
user	0m0.014s
sys	0m0.013s
312
352
Generating /cluster/projects/nn8008k/lluisa/NextSIM/seas/Fmap_10days/2002_AMJ_ic0.5_dt0.0025_DT0.0100/78_Fmap_matrix.npy

real	0m26.660s
user	0m0.011s
sys	0m0.016s
316
356
Generating /cluster/projects/nn8008k/lluisa/NextSIM/seas/Fmap_10days/2002_AMJ_ic0.5_dt0.0025_DT0.0100/79_Fmap_matrix.npy

real	0m26.811s
user	0m0.013s
sys	0m0.014s
320
360
Generating /cluster/projects/nn8008k/lluisa/NextSIM/seas/Fmap_10days/2002_AMJ_ic0.5_dt0.0025_DT0.0100/80_Fmap_matrix.npy

real	0m27.076s
user	0m0.015s
sys	0m0.012s
EBVERSIONNUMACTL=2.0.16
SLURM_JOB_NUM_NODES=1
EBROOTNUMACTL=/cluster/software/numactl/2.0.16-GCCcore-13.2.0
EBDEVELNUMACTL=/cluster/software/numactl/2.0.16-GCCcore-13.2.0/easybuild/numactl-2.0.16-GCCcore-13.2.0-easybuild-devel
OMP_NUM_THREADS=32

Job 6228790 consumed 19.9 billing hours from project nn8008k.

Submitted 2025-05-03T00:03:20; waited 21.0 seconds in the queue after becoming eligible to run.

Requested wallclock time: 3.0 days
Elapsed wallclock time:   37.2 minutes

Job exited normally.

Task and CPU statistics:
ID              CPUs  Tasks  CPU util                Start   Elapsed  Exit status
6228790           32            0.0 %  2025-05-03T00:03:41  2234.0 s  0
6228790.batch     32      1     0.0 %  2025-05-03T00:03:41  2234.0 s  0
6228790.python    32      1    22.7 %  2025-05-03T00:03:47    35.0 s  0
6228790.python    32      1    29.0 %  2025-05-03T00:04:22    27.0 s  0
6228790.python    32      1    28.0 %  2025-05-03T00:04:49    28.0 s  0
6228790.python    32      1    29.1 %  2025-05-03T00:05:17    27.0 s  0
6228790.python    32      1    29.2 %  2025-05-03T00:05:45    27.0 s  0
6228790.python    32      1    29.1 %  2025-05-03T00:06:12    27.0 s  0
6228790.python    32      1    29.1 %  2025-05-03T00:06:40    27.0 s  0
6228790.python    32      1    27.8 %  2025-05-03T00:07:07    28.0 s  0
6228790.python    32      1    28.8 %  2025-05-03T00:07:35    27.0 s  0
6228790.python    32      1    29.1 %  2025-05-03T00:08:02    27.0 s  0
6228790.python    32      1    28.8 %  2025-05-03T00:08:30    27.0 s  0
6228790.python    32      1    28.1 %  2025-05-03T00:08:57    28.0 s  0
6228790.python    32      1    28.7 %  2025-05-03T00:09:25    27.0 s  0
6228790.python    32      1    28.9 %  2025-05-03T00:09:52    27.0 s  0
6228790.python    32      1    28.1 %  2025-05-03T00:10:19    28.0 s  0
6228790.python    32      1    27.8 %  2025-05-03T00:10:47    28.0 s  0
6228790.python    32      1    28.9 %  2025-05-03T00:11:15    27.0 s  0
6228790.python    32      1    28.0 %  2025-05-03T00:11:42    28.0 s  0
6228790.python    32      1    28.7 %  2025-05-03T00:12:10    27.0 s  0
6228790.python    32      1    27.8 %  2025-05-03T00:12:37    28.0 s  0
6228790.python    32      1    27.8 %  2025-05-03T00:13:05    28.0 s  0
6228790.python    32      1    29.0 %  2025-05-03T00:13:33    27.0 s  0
6228790.python    32      1    27.9 %  2025-05-03T00:14:00    28.0 s  0
6228790.python    32      1    27.8 %  2025-05-03T00:14:28    28.0 s  0
6228790.python    32      1    28.9 %  2025-05-03T00:14:56    27.0 s  0
6228790.python    32      1    27.6 %  2025-05-03T00:15:23    28.0 s  0
6228790.python    32      1    29.2 %  2025-05-03T00:15:51    27.0 s  0
6228790.python    32      1    28.5 %  2025-05-03T00:16:18    27.0 s  0
6228790.python    32      1    28.9 %  2025-05-03T00:16:45    27.0 s  0
6228790.python    32      1    28.6 %  2025-05-03T00:17:12    27.0 s  0
6228790.python    32      1    27.6 %  2025-05-03T00:17:39    28.0 s  0
6228790.python    32      1    28.6 %  2025-05-03T00:18:07    27.0 s  0
6228790.python    32      1    28.8 %  2025-05-03T00:18:35    27.0 s  0
6228790.python    32      1    27.6 %  2025-05-03T00:19:02    28.0 s  0
6228790.python    32      1    27.7 %  2025-05-03T00:19:30    28.0 s  0
6228790.python    32      1    28.4 %  2025-05-03T00:19:58    27.0 s  0
6228790.python    32      1    27.7 %  2025-05-03T00:20:25    28.0 s  0
6228790.python    32      1    28.6 %  2025-05-03T00:20:53    27.0 s  0
6228790.python    32      1    28.6 %  2025-05-03T00:21:20    27.0 s  0
6228790.python    32      1    27.7 %  2025-05-03T00:21:47    28.0 s  0
6228790.python    32      1    28.7 %  2025-05-03T00:22:15    27.0 s  0
6228790.python    32      1    27.6 %  2025-05-03T00:22:42    28.0 s  0
6228790.python    32      1    27.5 %  2025-05-03T00:23:10    28.0 s  0
6228790.python    32      1    29.7 %  2025-05-03T00:23:38    26.0 s  0
6228790.python    32      1    28.5 %  2025-05-03T00:24:04    27.0 s  0
6228790.python    32      1    27.5 %  2025-05-03T00:24:31    28.0 s  0
6228790.python    32      1    27.7 %  2025-05-03T00:24:59    28.0 s  0
6228790.python    32      1    28.7 %  2025-05-03T00:25:27    27.0 s  0
6228790.python    32      1    27.8 %  2025-05-03T00:25:54    28.0 s  0
6228790.python    32      1    27.6 %  2025-05-03T00:26:22    28.0 s  0
6228790.python    32      1    28.4 %  2025-05-03T00:26:50    27.0 s  0
6228790.python    32      1    27.6 %  2025-05-03T00:27:17    28.0 s  0
6228790.python    32      1    28.4 %  2025-05-03T00:27:45    27.0 s  0
6228790.python    32      1    28.5 %  2025-05-03T00:28:12    27.0 s  0
6228790.python    32      1    27.5 %  2025-05-03T00:28:39    28.0 s  0
6228790.python    32      1    28.5 %  2025-05-03T00:29:07    27.0 s  0
6228790.python    32      1    28.5 %  2025-05-03T00:29:34    27.0 s  0
6228790.python    32      1    28.4 %  2025-05-03T00:30:01    27.0 s  0
6228790.python    32      1    28.4 %  2025-05-03T00:30:29    27.0 s  0
6228790.python    32      1    28.5 %  2025-05-03T00:30:56    27.0 s  0
6228790.python    32      1    27.5 %  2025-05-03T00:31:23    28.0 s  0
6228790.python    32      1    28.3 %  2025-05-03T00:31:51    27.0 s  0
6228790.python    32      1    28.2 %  2025-05-03T00:32:18    27.0 s  0
6228790.python    32      1    26.6 %  2025-05-03T00:32:45    29.0 s  0
6228790.python    32      1    27.2 %  2025-05-03T00:33:14    28.0 s  0
6228790.python    32      1    28.1 %  2025-05-03T00:33:42    27.0 s  0
6228790.python    32      1    28.0 %  2025-05-03T00:34:09    27.0 s  0
6228790.python    32      1    28.1 %  2025-05-03T00:34:36    27.0 s  0
6228790.python    32      1    29.0 %  2025-05-03T00:35:03    26.0 s  0
6228790.python    32      1    28.0 %  2025-05-03T00:35:30    27.0 s  0
6228790.python    32      1    27.9 %  2025-05-03T00:35:57    27.0 s  0
6228790.python    32      1    26.1 %  2025-05-03T00:36:24    29.0 s  0
6228790.python    32      1    28.2 %  2025-05-03T00:36:53    27.0 s  0
6228790.python    32      1    27.9 %  2025-05-03T00:37:20    27.0 s  0
6228790.python    32      1    27.6 %  2025-05-03T00:37:47    27.0 s  0
6228790.python    32      1    28.7 %  2025-05-03T00:38:14    26.0 s  0
6228790.python    32      1    27.6 %  2025-05-03T00:38:40    27.0 s  0
6228790.python    32      1    27.7 %  2025-05-03T00:39:07    27.0 s  0
6228790.python    32      1    27.3 %  2025-05-03T00:39:34    27.0 s  0
6228790.python    32      1    27.3 %  2025-05-03T00:40:01    27.0 s  0
6228790.python    32      1    27.6 %  2025-05-03T00:40:28    27.0 s  0

Used CPU time:   5.6 CPU hours
Unused CPU time: 14.3 CPU hours

Memory statistics, in GiB:
ID               Alloc   Usage
6228790           59.0        
6228790.batch     59.0     0.0
6228790.python    59.0     7.0
6228790.python    59.0     0.1
6228790.python    59.0     0.1
6228790.python    59.0     0.1
6228790.python    59.0     0.1
6228790.python    59.0     0.1
6228790.python    59.0     0.1
6228790.python    59.0     0.1
6228790.python    59.0     0.1
6228790.python    59.0     0.1
6228790.python    59.0     0.1
6228790.python    59.0     0.1
6228790.python    59.0     0.1
6228790.python    59.0     0.1
6228790.python    59.0     0.1
6228790.python    59.0     0.1
6228790.python    59.0     0.1
6228790.python    59.0     0.1
6228790.python    59.0     0.1
6228790.python    59.0     0.1
6228790.python    59.0     0.1
6228790.python    59.0     0.1
6228790.python    59.0     0.1
6228790.python    59.0     0.1
6228790.python    59.0     0.1
6228790.python    59.0     0.1
6228790.python    59.0     0.1
6228790.python    59.0     0.1
6228790.python    59.0     0.1
6228790.python    59.0     0.1
6228790.python    59.0     0.1
6228790.python    59.0     0.1
6228790.python    59.0     0.1
6228790.python    59.0     0.1
6228790.python    59.0     0.1
6228790.python    59.0     0.1
6228790.python    59.0     0.1
6228790.python    59.0     0.1
6228790.python    59.0     0.1
6228790.python    59.0     0.1
6228790.python    59.0     0.1
6228790.python    59.0     0.1
6228790.python    59.0     0.1
6228790.python    59.0     0.1
6228790.python    59.0     0.1
6228790.python    59.0     0.1
6228790.python    59.0     0.1
6228790.python    59.0     0.1
6228790.python    59.0     0.1
6228790.python    59.0     0.1
6228790.python    59.0     0.1
6228790.python    59.0     0.1
6228790.python    59.0     0.1
6228790.python    59.0     0.1
6228790.python    59.0     0.1
6228790.python    59.0     0.1
6228790.python    59.0     0.1
6228790.python    59.0     0.1
6228790.python    59.0     0.1
6228790.python    59.0     0.1
6228790.python    59.0     0.1
6228790.python    59.0     0.1
6228790.python    59.0     0.1
6228790.python    59.0     0.1
6228790.python    59.0     0.1
6228790.python    59.0     0.1
6228790.python    59.0     0.1
6228790.python    59.0     0.1
6228790.python    59.0     0.1
6228790.python    59.0     0.1
6228790.python    59.0     0.1
6228790.python    59.0     0.1
6228790.python    59.0     0.1
6228790.python    59.0     0.1
6228790.python    59.0     0.1
6228790.python    59.0     0.1
6228790.python    59.0     0.1
6228790.python    59.0     0.1
6228790.python    59.0     0.2
6228790.python    59.0     0.1
6228790.python    59.0     0.1

Job 6228790 completed at Sat May 3 00:40:55 CEST 2025
