Starting job 6228794 on c25-6 on fram at Sat May 3 00:03:44 CEST 2025


Currently Loaded Modules:
  1) StdEnv (S)

  Where:
   S:  Module is Sticky, requires --force to unload or purge

 


The following have been reloaded with a version change:
  1) GCCcore/13.3.0 => GCCcore/13.2.0
  2) OpenSSL/3 => OpenSSL/1.1
  3) Python/3.12.3-GCCcore-13.3.0 => Python/3.11.5-GCCcore-13.2.0
  4) SQLite/3.45.3-GCCcore-13.3.0 => SQLite/3.43.1-GCCcore-13.2.0
  5) Tcl/8.6.14-GCCcore-13.3.0 => Tcl/8.6.13-GCCcore-13.2.0
  6) XZ/5.4.5-GCCcore-13.3.0 => XZ/5.4.4-GCCcore-13.2.0
  7) binutils/2.42-GCCcore-13.3.0 => binutils/2.40-GCCcore-13.2.0
  8) bzip2/1.0.8-GCCcore-13.3.0 => bzip2/1.0.8-GCCcore-13.2.0
  9) libffi/3.4.5-GCCcore-13.3.0 => libffi/3.4.4-GCCcore-13.2.0
 10) libreadline/8.2-GCCcore-13.3.0 => libreadline/8.2-GCCcore-13.2.0
 11) ncurses/6.5-GCCcore-13.3.0 => ncurses/6.4-GCCcore-13.2.0
 12) zlib/1.3.1-GCCcore-13.3.0 => zlib/1.2.13-GCCcore-13.2.0

0
40
Generating /cluster/projects/nn8008k/lluisa/NextSIM/seas/Fmap_10days/2003_AMJ_ic0.5_dt0.0025_DT0.0100/0_Fmap_matrix.npy

real	0m35.269s
user	0m0.011s
sys	0m0.024s
4
44
Generating /cluster/projects/nn8008k/lluisa/NextSIM/seas/Fmap_10days/2003_AMJ_ic0.5_dt0.0025_DT0.0100/1_Fmap_matrix.npy

real	0m27.504s
user	0m0.016s
sys	0m0.012s
8
48
Generating /cluster/projects/nn8008k/lluisa/NextSIM/seas/Fmap_10days/2003_AMJ_ic0.5_dt0.0025_DT0.0100/2_Fmap_matrix.npy

real	0m27.749s
user	0m0.013s
sys	0m0.014s
12
52
Generating /cluster/projects/nn8008k/lluisa/NextSIM/seas/Fmap_10days/2003_AMJ_ic0.5_dt0.0025_DT0.0100/3_Fmap_matrix.npy

real	0m27.574s
user	0m0.014s
sys	0m0.014s
16
56
Generating /cluster/projects/nn8008k/lluisa/NextSIM/seas/Fmap_10days/2003_AMJ_ic0.5_dt0.0025_DT0.0100/4_Fmap_matrix.npy

real	0m27.988s
user	0m0.015s
sys	0m0.012s
20
60
Generating /cluster/projects/nn8008k/lluisa/NextSIM/seas/Fmap_10days/2003_AMJ_ic0.5_dt0.0025_DT0.0100/5_Fmap_matrix.npy

real	0m27.230s
user	0m0.015s
sys	0m0.012s
24
64
Generating /cluster/projects/nn8008k/lluisa/NextSIM/seas/Fmap_10days/2003_AMJ_ic0.5_dt0.0025_DT0.0100/6_Fmap_matrix.npy

real	0m27.567s
user	0m0.017s
sys	0m0.010s
28
68
Generating /cluster/projects/nn8008k/lluisa/NextSIM/seas/Fmap_10days/2003_AMJ_ic0.5_dt0.0025_DT0.0100/7_Fmap_matrix.npy

real	0m27.599s
user	0m0.016s
sys	0m0.011s
32
72
Generating /cluster/projects/nn8008k/lluisa/NextSIM/seas/Fmap_10days/2003_AMJ_ic0.5_dt0.0025_DT0.0100/8_Fmap_matrix.npy

real	0m27.999s
user	0m0.017s
sys	0m0.010s
36
76
Generating /cluster/projects/nn8008k/lluisa/NextSIM/seas/Fmap_10days/2003_AMJ_ic0.5_dt0.0025_DT0.0100/9_Fmap_matrix.npy

real	0m27.161s
user	0m0.013s
sys	0m0.013s
40
80
Generating /cluster/projects/nn8008k/lluisa/NextSIM/seas/Fmap_10days/2003_AMJ_ic0.5_dt0.0025_DT0.0100/10_Fmap_matrix.npy

real	0m27.531s
user	0m0.013s
sys	0m0.014s
44
84
Generating /cluster/projects/nn8008k/lluisa/NextSIM/seas/Fmap_10days/2003_AMJ_ic0.5_dt0.0025_DT0.0100/11_Fmap_matrix.npy

real	0m27.541s
user	0m0.018s
sys	0m0.009s
48
88
Generating /cluster/projects/nn8008k/lluisa/NextSIM/seas/Fmap_10days/2003_AMJ_ic0.5_dt0.0025_DT0.0100/12_Fmap_matrix.npy

real	0m27.688s
user	0m0.013s
sys	0m0.013s
52
92
Generating /cluster/projects/nn8008k/lluisa/NextSIM/seas/Fmap_10days/2003_AMJ_ic0.5_dt0.0025_DT0.0100/13_Fmap_matrix.npy

real	0m27.900s
user	0m0.012s
sys	0m0.015s
56
96
Generating /cluster/projects/nn8008k/lluisa/NextSIM/seas/Fmap_10days/2003_AMJ_ic0.5_dt0.0025_DT0.0100/14_Fmap_matrix.npy

real	0m27.282s
user	0m0.014s
sys	0m0.014s
60
100
Generating /cluster/projects/nn8008k/lluisa/NextSIM/seas/Fmap_10days/2003_AMJ_ic0.5_dt0.0025_DT0.0100/15_Fmap_matrix.npy

real	0m27.646s
user	0m0.012s
sys	0m0.015s
64
104
Generating /cluster/projects/nn8008k/lluisa/NextSIM/seas/Fmap_10days/2003_AMJ_ic0.5_dt0.0025_DT0.0100/16_Fmap_matrix.npy

real	0m27.694s
user	0m0.007s
sys	0m0.020s
68
108
Generating /cluster/projects/nn8008k/lluisa/NextSIM/seas/Fmap_10days/2003_AMJ_ic0.5_dt0.0025_DT0.0100/17_Fmap_matrix.npy

real	0m27.357s
user	0m0.011s
sys	0m0.016s
72
112
Generating /cluster/projects/nn8008k/lluisa/NextSIM/seas/Fmap_10days/2003_AMJ_ic0.5_dt0.0025_DT0.0100/18_Fmap_matrix.npy

real	0m27.493s
user	0m0.015s
sys	0m0.013s
76
116
Generating /cluster/projects/nn8008k/lluisa/NextSIM/seas/Fmap_10days/2003_AMJ_ic0.5_dt0.0025_DT0.0100/19_Fmap_matrix.npy

real	0m27.746s
user	0m0.016s
sys	0m0.010s
80
120
Generating /cluster/projects/nn8008k/lluisa/NextSIM/seas/Fmap_10days/2003_AMJ_ic0.5_dt0.0025_DT0.0100/20_Fmap_matrix.npy

real	0m28.200s
user	0m0.012s
sys	0m0.016s
84
124
Generating /cluster/projects/nn8008k/lluisa/NextSIM/seas/Fmap_10days/2003_AMJ_ic0.5_dt0.0025_DT0.0100/21_Fmap_matrix.npy

real	0m27.437s
user	0m0.012s
sys	0m0.015s
88
128
Generating /cluster/projects/nn8008k/lluisa/NextSIM/seas/Fmap_10days/2003_AMJ_ic0.5_dt0.0025_DT0.0100/22_Fmap_matrix.npy

real	0m27.424s
user	0m0.012s
sys	0m0.015s
92
132
Generating /cluster/projects/nn8008k/lluisa/NextSIM/seas/Fmap_10days/2003_AMJ_ic0.5_dt0.0025_DT0.0100/23_Fmap_matrix.npy

real	0m27.334s
user	0m0.011s
sys	0m0.016s
96
136
Generating /cluster/projects/nn8008k/lluisa/NextSIM/seas/Fmap_10days/2003_AMJ_ic0.5_dt0.0025_DT0.0100/24_Fmap_matrix.npy

real	0m27.564s
user	0m0.017s
sys	0m0.011s
100
140
Generating /cluster/projects/nn8008k/lluisa/NextSIM/seas/Fmap_10days/2003_AMJ_ic0.5_dt0.0025_DT0.0100/25_Fmap_matrix.npy

real	0m27.571s
user	0m0.017s
sys	0m0.010s
104
144
Generating /cluster/projects/nn8008k/lluisa/NextSIM/seas/Fmap_10days/2003_AMJ_ic0.5_dt0.0025_DT0.0100/26_Fmap_matrix.npy

real	0m27.668s
user	0m0.013s
sys	0m0.014s
108
148
Generating /cluster/projects/nn8008k/lluisa/NextSIM/seas/Fmap_10days/2003_AMJ_ic0.5_dt0.0025_DT0.0100/27_Fmap_matrix.npy

real	0m27.596s
user	0m0.011s
sys	0m0.016s
112
152
Generating /cluster/projects/nn8008k/lluisa/NextSIM/seas/Fmap_10days/2003_AMJ_ic0.5_dt0.0025_DT0.0100/28_Fmap_matrix.npy

real	0m27.614s
user	0m0.012s
sys	0m0.014s
116
156
Generating /cluster/projects/nn8008k/lluisa/NextSIM/seas/Fmap_10days/2003_AMJ_ic0.5_dt0.0025_DT0.0100/29_Fmap_matrix.npy

real	0m27.438s
user	0m0.015s
sys	0m0.012s
120
160
Generating /cluster/projects/nn8008k/lluisa/NextSIM/seas/Fmap_10days/2003_AMJ_ic0.5_dt0.0025_DT0.0100/30_Fmap_matrix.npy

real	0m27.536s
user	0m0.016s
sys	0m0.012s
124
164
Generating /cluster/projects/nn8008k/lluisa/NextSIM/seas/Fmap_10days/2003_AMJ_ic0.5_dt0.0025_DT0.0100/31_Fmap_matrix.npy

real	0m27.706s
user	0m0.014s
sys	0m0.013s
128
168
Generating /cluster/projects/nn8008k/lluisa/NextSIM/seas/Fmap_10days/2003_AMJ_ic0.5_dt0.0025_DT0.0100/32_Fmap_matrix.npy

real	0m27.494s
user	0m0.011s
sys	0m0.016s
132
172
Generating /cluster/projects/nn8008k/lluisa/NextSIM/seas/Fmap_10days/2003_AMJ_ic0.5_dt0.0025_DT0.0100/33_Fmap_matrix.npy

real	0m27.897s
user	0m0.015s
sys	0m0.012s
136
176
Generating /cluster/projects/nn8008k/lluisa/NextSIM/seas/Fmap_10days/2003_AMJ_ic0.5_dt0.0025_DT0.0100/34_Fmap_matrix.npy

real	0m27.820s
user	0m0.014s
sys	0m0.013s
140
180
Generating /cluster/projects/nn8008k/lluisa/NextSIM/seas/Fmap_10days/2003_AMJ_ic0.5_dt0.0025_DT0.0100/35_Fmap_matrix.npy

real	0m27.757s
user	0m0.015s
sys	0m0.012s
144
184
Generating /cluster/projects/nn8008k/lluisa/NextSIM/seas/Fmap_10days/2003_AMJ_ic0.5_dt0.0025_DT0.0100/36_Fmap_matrix.npy

real	0m27.508s
user	0m0.013s
sys	0m0.014s
148
188
Generating /cluster/projects/nn8008k/lluisa/NextSIM/seas/Fmap_10days/2003_AMJ_ic0.5_dt0.0025_DT0.0100/37_Fmap_matrix.npy

real	0m28.191s
user	0m0.016s
sys	0m0.011s
152
192
Generating /cluster/projects/nn8008k/lluisa/NextSIM/seas/Fmap_10days/2003_AMJ_ic0.5_dt0.0025_DT0.0100/38_Fmap_matrix.npy

real	0m27.953s
user	0m0.017s
sys	0m0.010s
156
196
Generating /cluster/projects/nn8008k/lluisa/NextSIM/seas/Fmap_10days/2003_AMJ_ic0.5_dt0.0025_DT0.0100/39_Fmap_matrix.npy

real	0m27.586s
user	0m0.011s
sys	0m0.016s
160
200
Generating /cluster/projects/nn8008k/lluisa/NextSIM/seas/Fmap_10days/2003_AMJ_ic0.5_dt0.0025_DT0.0100/40_Fmap_matrix.npy

real	0m27.494s
user	0m0.013s
sys	0m0.014s
164
204
Generating /cluster/projects/nn8008k/lluisa/NextSIM/seas/Fmap_10days/2003_AMJ_ic0.5_dt0.0025_DT0.0100/41_Fmap_matrix.npy

real	0m27.379s
user	0m0.017s
sys	0m0.010s
168
208
Generating /cluster/projects/nn8008k/lluisa/NextSIM/seas/Fmap_10days/2003_AMJ_ic0.5_dt0.0025_DT0.0100/42_Fmap_matrix.npy

real	0m27.405s
user	0m0.013s
sys	0m0.013s
172
212
Generating /cluster/projects/nn8008k/lluisa/NextSIM/seas/Fmap_10days/2003_AMJ_ic0.5_dt0.0025_DT0.0100/43_Fmap_matrix.npy

real	0m27.568s
user	0m0.010s
sys	0m0.016s
176
216
Generating /cluster/projects/nn8008k/lluisa/NextSIM/seas/Fmap_10days/2003_AMJ_ic0.5_dt0.0025_DT0.0100/44_Fmap_matrix.npy

real	0m27.659s
user	0m0.014s
sys	0m0.012s
180
220
Generating /cluster/projects/nn8008k/lluisa/NextSIM/seas/Fmap_10days/2003_AMJ_ic0.5_dt0.0025_DT0.0100/45_Fmap_matrix.npy

real	0m27.521s
user	0m0.013s
sys	0m0.013s
184
224
Generating /cluster/projects/nn8008k/lluisa/NextSIM/seas/Fmap_10days/2003_AMJ_ic0.5_dt0.0025_DT0.0100/46_Fmap_matrix.npy

real	0m27.551s
user	0m0.015s
sys	0m0.010s
188
228
Generating /cluster/projects/nn8008k/lluisa/NextSIM/seas/Fmap_10days/2003_AMJ_ic0.5_dt0.0025_DT0.0100/47_Fmap_matrix.npy

real	0m27.530s
user	0m0.014s
sys	0m0.013s
192
232
Generating /cluster/projects/nn8008k/lluisa/NextSIM/seas/Fmap_10days/2003_AMJ_ic0.5_dt0.0025_DT0.0100/48_Fmap_matrix.npy

real	0m27.384s
user	0m0.012s
sys	0m0.016s
196
236
Generating /cluster/projects/nn8008k/lluisa/NextSIM/seas/Fmap_10days/2003_AMJ_ic0.5_dt0.0025_DT0.0100/49_Fmap_matrix.npy

real	0m27.716s
user	0m0.013s
sys	0m0.013s
200
240
Generating /cluster/projects/nn8008k/lluisa/NextSIM/seas/Fmap_10days/2003_AMJ_ic0.5_dt0.0025_DT0.0100/50_Fmap_matrix.npy

real	0m27.405s
user	0m0.013s
sys	0m0.014s
204
244
Generating /cluster/projects/nn8008k/lluisa/NextSIM/seas/Fmap_10days/2003_AMJ_ic0.5_dt0.0025_DT0.0100/51_Fmap_matrix.npy

real	0m27.653s
user	0m0.012s
sys	0m0.015s
208
248
Generating /cluster/projects/nn8008k/lluisa/NextSIM/seas/Fmap_10days/2003_AMJ_ic0.5_dt0.0025_DT0.0100/52_Fmap_matrix.npy

real	0m27.440s
user	0m0.013s
sys	0m0.014s
212
252
Generating /cluster/projects/nn8008k/lluisa/NextSIM/seas/Fmap_10days/2003_AMJ_ic0.5_dt0.0025_DT0.0100/53_Fmap_matrix.npy

real	0m27.436s
user	0m0.013s
sys	0m0.014s
216
256
Generating /cluster/projects/nn8008k/lluisa/NextSIM/seas/Fmap_10days/2003_AMJ_ic0.5_dt0.0025_DT0.0100/54_Fmap_matrix.npy

real	0m27.459s
user	0m0.014s
sys	0m0.012s
220
260
Generating /cluster/projects/nn8008k/lluisa/NextSIM/seas/Fmap_10days/2003_AMJ_ic0.5_dt0.0025_DT0.0100/55_Fmap_matrix.npy

real	0m27.232s
user	0m0.013s
sys	0m0.013s
224
264
Generating /cluster/projects/nn8008k/lluisa/NextSIM/seas/Fmap_10days/2003_AMJ_ic0.5_dt0.0025_DT0.0100/56_Fmap_matrix.npy

real	0m28.003s
user	0m0.013s
sys	0m0.013s
228
268
Generating /cluster/projects/nn8008k/lluisa/NextSIM/seas/Fmap_10days/2003_AMJ_ic0.5_dt0.0025_DT0.0100/57_Fmap_matrix.npy

real	0m27.520s
user	0m0.012s
sys	0m0.014s
232
272
Generating /cluster/projects/nn8008k/lluisa/NextSIM/seas/Fmap_10days/2003_AMJ_ic0.5_dt0.0025_DT0.0100/58_Fmap_matrix.npy

real	0m27.148s
user	0m0.013s
sys	0m0.013s
236
276
Generating /cluster/projects/nn8008k/lluisa/NextSIM/seas/Fmap_10days/2003_AMJ_ic0.5_dt0.0025_DT0.0100/59_Fmap_matrix.npy

real	0m27.684s
user	0m0.013s
sys	0m0.014s
240
280
Generating /cluster/projects/nn8008k/lluisa/NextSIM/seas/Fmap_10days/2003_AMJ_ic0.5_dt0.0025_DT0.0100/60_Fmap_matrix.npy

real	0m27.418s
user	0m0.014s
sys	0m0.012s
244
284
Generating /cluster/projects/nn8008k/lluisa/NextSIM/seas/Fmap_10days/2003_AMJ_ic0.5_dt0.0025_DT0.0100/61_Fmap_matrix.npy

real	0m27.112s
user	0m0.012s
sys	0m0.015s
248
288
Generating /cluster/projects/nn8008k/lluisa/NextSIM/seas/Fmap_10days/2003_AMJ_ic0.5_dt0.0025_DT0.0100/62_Fmap_matrix.npy

real	0m27.237s
user	0m0.008s
sys	0m0.019s
252
292
Generating /cluster/projects/nn8008k/lluisa/NextSIM/seas/Fmap_10days/2003_AMJ_ic0.5_dt0.0025_DT0.0100/63_Fmap_matrix.npy

real	0m27.359s
user	0m0.016s
sys	0m0.010s
256
296
Generating /cluster/projects/nn8008k/lluisa/NextSIM/seas/Fmap_10days/2003_AMJ_ic0.5_dt0.0025_DT0.0100/64_Fmap_matrix.npy

real	0m27.463s
user	0m0.011s
sys	0m0.015s
260
300
Generating /cluster/projects/nn8008k/lluisa/NextSIM/seas/Fmap_10days/2003_AMJ_ic0.5_dt0.0025_DT0.0100/65_Fmap_matrix.npy

real	0m27.495s
user	0m0.015s
sys	0m0.012s
264
304
Generating /cluster/projects/nn8008k/lluisa/NextSIM/seas/Fmap_10days/2003_AMJ_ic0.5_dt0.0025_DT0.0100/66_Fmap_matrix.npy

real	0m26.771s
user	0m0.013s
sys	0m0.013s
268
308
Generating /cluster/projects/nn8008k/lluisa/NextSIM/seas/Fmap_10days/2003_AMJ_ic0.5_dt0.0025_DT0.0100/67_Fmap_matrix.npy

real	0m27.234s
user	0m0.012s
sys	0m0.014s
272
312
Generating /cluster/projects/nn8008k/lluisa/NextSIM/seas/Fmap_10days/2003_AMJ_ic0.5_dt0.0025_DT0.0100/68_Fmap_matrix.npy

real	0m27.446s
user	0m0.017s
sys	0m0.010s
276
316
Generating /cluster/projects/nn8008k/lluisa/NextSIM/seas/Fmap_10days/2003_AMJ_ic0.5_dt0.0025_DT0.0100/69_Fmap_matrix.npy

real	0m27.496s
user	0m0.015s
sys	0m0.012s
280
320
Generating /cluster/projects/nn8008k/lluisa/NextSIM/seas/Fmap_10days/2003_AMJ_ic0.5_dt0.0025_DT0.0100/70_Fmap_matrix.npy

real	0m27.058s
user	0m0.013s
sys	0m0.013s
284
324
Generating /cluster/projects/nn8008k/lluisa/NextSIM/seas/Fmap_10days/2003_AMJ_ic0.5_dt0.0025_DT0.0100/71_Fmap_matrix.npy

real	0m27.166s
user	0m0.014s
sys	0m0.012s
288
328
Generating /cluster/projects/nn8008k/lluisa/NextSIM/seas/Fmap_10days/2003_AMJ_ic0.5_dt0.0025_DT0.0100/72_Fmap_matrix.npy

real	0m27.026s
user	0m0.015s
sys	0m0.013s
292
332
Generating /cluster/projects/nn8008k/lluisa/NextSIM/seas/Fmap_10days/2003_AMJ_ic0.5_dt0.0025_DT0.0100/73_Fmap_matrix.npy

real	0m27.389s
user	0m0.014s
sys	0m0.014s
296
336
Generating /cluster/projects/nn8008k/lluisa/NextSIM/seas/Fmap_10days/2003_AMJ_ic0.5_dt0.0025_DT0.0100/74_Fmap_matrix.npy

real	0m26.678s
user	0m0.014s
sys	0m0.013s
300
340
Generating /cluster/projects/nn8008k/lluisa/NextSIM/seas/Fmap_10days/2003_AMJ_ic0.5_dt0.0025_DT0.0100/75_Fmap_matrix.npy

real	0m26.766s
user	0m0.014s
sys	0m0.013s
304
344
Generating /cluster/projects/nn8008k/lluisa/NextSIM/seas/Fmap_10days/2003_AMJ_ic0.5_dt0.0025_DT0.0100/76_Fmap_matrix.npy

real	0m27.178s
user	0m0.009s
sys	0m0.017s
308
348
Generating /cluster/projects/nn8008k/lluisa/NextSIM/seas/Fmap_10days/2003_AMJ_ic0.5_dt0.0025_DT0.0100/77_Fmap_matrix.npy

real	0m27.150s
user	0m0.011s
sys	0m0.015s
312
352
Generating /cluster/projects/nn8008k/lluisa/NextSIM/seas/Fmap_10days/2003_AMJ_ic0.5_dt0.0025_DT0.0100/78_Fmap_matrix.npy

real	0m26.738s
user	0m0.015s
sys	0m0.012s
316
356
Generating /cluster/projects/nn8008k/lluisa/NextSIM/seas/Fmap_10days/2003_AMJ_ic0.5_dt0.0025_DT0.0100/79_Fmap_matrix.npy

real	0m26.978s
user	0m0.016s
sys	0m0.010s
320
360
Generating /cluster/projects/nn8008k/lluisa/NextSIM/seas/Fmap_10days/2003_AMJ_ic0.5_dt0.0025_DT0.0100/80_Fmap_matrix.npy

real	0m26.531s
user	0m0.013s
sys	0m0.013s
EBVERSIONNUMACTL=2.0.16
SLURM_JOB_NUM_NODES=1
EBROOTNUMACTL=/cluster/software/numactl/2.0.16-GCCcore-13.2.0
EBDEVELNUMACTL=/cluster/software/numactl/2.0.16-GCCcore-13.2.0/easybuild/numactl-2.0.16-GCCcore-13.2.0-easybuild-devel
OMP_NUM_THREADS=32

Job 6228794 consumed 19.9 billing hours from project nn8008k.

Submitted 2025-05-03T00:03:20; waited 21.0 seconds in the queue after becoming eligible to run.

Requested wallclock time: 3.0 days
Elapsed wallclock time:   37.3 minutes

Job exited normally.

Task and CPU statistics:
ID              CPUs  Tasks  CPU util                Start   Elapsed  Exit status
6228794           32            0.0 %  2025-05-03T00:03:41  2238.0 s  0
6228794.batch     32      1     0.0 %  2025-05-03T00:03:41  2238.0 s  0
6228794.python    32      1    22.9 %  2025-05-03T00:03:47    35.0 s  0
6228794.python    32      1    29.3 %  2025-05-03T00:04:22    27.0 s  0
6228794.python    32      1    28.1 %  2025-05-03T00:04:49    28.0 s  0
6228794.python    32      1    28.7 %  2025-05-03T00:05:17    28.0 s  0
6228794.python    32      1    28.9 %  2025-05-03T00:05:45    28.0 s  0
6228794.python    32      1    29.5 %  2025-05-03T00:06:13    27.0 s  0
6228794.python    32      1    29.2 %  2025-05-03T00:06:40    27.0 s  0
6228794.python    32      1    29.4 %  2025-05-03T00:07:08    27.0 s  0
6228794.python    32      1    28.2 %  2025-05-03T00:07:35    28.0 s  0
6228794.python    32      1    29.2 %  2025-05-03T00:08:03    27.0 s  0
6228794.python    32      1    28.4 %  2025-05-03T00:08:30    28.0 s  0
6228794.python    32      1    29.3 %  2025-05-03T00:08:58    27.0 s  0
6228794.python    32      1    28.2 %  2025-05-03T00:09:25    28.0 s  0
6228794.python    32      1    28.1 %  2025-05-03T00:09:53    28.0 s  0
6228794.python    32      1    29.0 %  2025-05-03T00:10:21    27.0 s  0
6228794.python    32      1    27.9 %  2025-05-03T00:10:48    28.0 s  0
6228794.python    32      1    28.2 %  2025-05-03T00:11:16    28.0 s  0
6228794.python    32      1    29.4 %  2025-05-03T00:11:44    27.0 s  0
6228794.python    32      1    29.5 %  2025-05-03T00:12:11    27.0 s  0
6228794.python    32      1    28.1 %  2025-05-03T00:12:38    28.0 s  0
6228794.python    32      1    28.4 %  2025-05-03T00:13:06    28.0 s  0
6228794.python    32      1    28.1 %  2025-05-03T00:13:34    28.0 s  0
6228794.python    32      1    29.1 %  2025-05-03T00:14:02    27.0 s  0
6228794.python    32      1    28.2 %  2025-05-03T00:14:29    28.0 s  0
6228794.python    32      1    29.5 %  2025-05-03T00:14:57    27.0 s  0
6228794.python    32      1    28.3 %  2025-05-03T00:15:24    28.0 s  0
6228794.python    32      1    29.4 %  2025-05-03T00:15:52    27.0 s  0
6228794.python    32      1    28.2 %  2025-05-03T00:16:19    28.0 s  0
6228794.python    32      1    28.3 %  2025-05-03T00:16:47    28.0 s  0
6228794.python    32      1    29.4 %  2025-05-03T00:17:15    27.0 s  0
6228794.python    32      1    28.4 %  2025-05-03T00:17:42    28.0 s  0
6228794.python    32      1    29.3 %  2025-05-03T00:18:10    27.0 s  0
6228794.python    32      1    28.3 %  2025-05-03T00:18:37    28.0 s  0
6228794.python    32      1    28.3 %  2025-05-03T00:19:05    28.0 s  0
6228794.python    32      1    29.2 %  2025-05-03T00:19:33    27.0 s  0
6228794.python    32      1    28.2 %  2025-05-03T00:20:00    28.0 s  0
6228794.python    32      1    28.0 %  2025-05-03T00:20:28    28.0 s  0
6228794.python    32      1    28.1 %  2025-05-03T00:20:56    28.0 s  0
6228794.python    32      1    28.3 %  2025-05-03T00:21:24    28.0 s  0
6228794.python    32      1    29.2 %  2025-05-03T00:21:52    27.0 s  0
6228794.python    32      1    28.0 %  2025-05-03T00:22:19    28.0 s  0
6228794.python    32      1    29.0 %  2025-05-03T00:22:47    27.0 s  0
6228794.python    32      1    28.1 %  2025-05-03T00:23:14    28.0 s  0
6228794.python    32      1    29.0 %  2025-05-03T00:23:42    27.0 s  0
6228794.python    32      1    28.1 %  2025-05-03T00:24:09    28.0 s  0
6228794.python    32      1    29.0 %  2025-05-03T00:24:37    27.0 s  0
6228794.python    32      1    28.0 %  2025-05-03T00:25:04    28.0 s  0
6228794.python    32      1    27.8 %  2025-05-03T00:25:32    28.0 s  0
6228794.python    32      1    29.1 %  2025-05-03T00:26:00    27.0 s  0
6228794.python    32      1    27.8 %  2025-05-03T00:26:27    28.0 s  0
6228794.python    32      1    28.8 %  2025-05-03T00:26:55    27.0 s  0
6228794.python    32      1    28.0 %  2025-05-03T00:27:22    28.0 s  0
6228794.python    32      1    28.8 %  2025-05-03T00:27:50    27.0 s  0
6228794.python    32      1    27.7 %  2025-05-03T00:28:17    28.0 s  0
6228794.python    32      1    28.9 %  2025-05-03T00:28:45    27.0 s  0
6228794.python    32      1    28.8 %  2025-05-03T00:29:12    27.0 s  0
6228794.python    32      1    27.9 %  2025-05-03T00:29:39    28.0 s  0
6228794.python    32      1    27.6 %  2025-05-03T00:30:07    28.0 s  0
6228794.python    32      1    28.8 %  2025-05-03T00:30:35    27.0 s  0
6228794.python    32      1    27.6 %  2025-05-03T00:31:02    28.0 s  0
6228794.python    32      1    28.7 %  2025-05-03T00:31:30    27.0 s  0
6228794.python    32      1    28.7 %  2025-05-03T00:31:57    27.0 s  0
6228794.python    32      1    28.6 %  2025-05-03T00:32:24    27.0 s  0
6228794.python    32      1    27.8 %  2025-05-03T00:32:51    28.0 s  0
6228794.python    32      1    28.8 %  2025-05-03T00:33:19    27.0 s  0
6228794.python    32      1    27.6 %  2025-05-03T00:33:46    28.0 s  0
6228794.python    32      1    28.5 %  2025-05-03T00:34:14    27.0 s  0
6228794.python    32      1    28.7 %  2025-05-03T00:34:41    27.0 s  0
6228794.python    32      1    28.4 %  2025-05-03T00:35:08    27.0 s  0
6228794.python    32      1    27.8 %  2025-05-03T00:35:35    28.0 s  0
6228794.python    32      1    28.3 %  2025-05-03T00:36:03    27.0 s  0
6228794.python    32      1    28.3 %  2025-05-03T00:36:30    27.0 s  0
6228794.python    32      1    28.5 %  2025-05-03T00:36:57    27.0 s  0
6228794.python    32      1    28.0 %  2025-05-03T00:37:24    27.0 s  0
6228794.python    32      1    28.0 %  2025-05-03T00:37:51    27.0 s  0
6228794.python    32      1    27.7 %  2025-05-03T00:38:18    27.0 s  0
6228794.python    32      1    27.6 %  2025-05-03T00:38:45    27.0 s  0
6228794.python    32      1    27.6 %  2025-05-03T00:39:12    27.0 s  0
6228794.python    32      1    27.5 %  2025-05-03T00:39:39    27.0 s  0
6228794.python    32      1    27.5 %  2025-05-03T00:40:06    27.0 s  0
6228794.python    32      1    28.1 %  2025-05-03T00:40:33    26.0 s  0

Used CPU time:   5.6 CPU hours
Unused CPU time: 14.3 CPU hours

Memory statistics, in GiB:
ID               Alloc   Usage
6228794           59.0        
6228794.batch     59.0     0.0
6228794.python    59.0     6.9
6228794.python    59.0     0.1
6228794.python    59.0     0.1
6228794.python    59.0     0.1
6228794.python    59.0     0.1
6228794.python    59.0     0.1
6228794.python    59.0     0.1
6228794.python    59.0     0.1
6228794.python    59.0     0.1
6228794.python    59.0     0.1
6228794.python    59.0     0.1
6228794.python    59.0     0.1
6228794.python    59.0     0.1
6228794.python    59.0     0.1
6228794.python    59.0     0.1
6228794.python    59.0     0.1
6228794.python    59.0     0.1
6228794.python    59.0     0.1
6228794.python    59.0     0.1
6228794.python    59.0     0.1
6228794.python    59.0     0.1
6228794.python    59.0     0.1
6228794.python    59.0     0.1
6228794.python    59.0     0.1
6228794.python    59.0     0.1
6228794.python    59.0     0.1
6228794.python    59.0     0.1
6228794.python    59.0     0.1
6228794.python    59.0     0.1
6228794.python    59.0     0.1
6228794.python    59.0     0.1
6228794.python    59.0     0.1
6228794.python    59.0     0.1
6228794.python    59.0     0.1
6228794.python    59.0     0.1
6228794.python    59.0     0.1
6228794.python    59.0     0.1
6228794.python    59.0     0.1
6228794.python    59.0     0.1
6228794.python    59.0     0.1
6228794.python    59.0     0.1
6228794.python    59.0     0.1
6228794.python    59.0     0.1
6228794.python    59.0     0.1
6228794.python    59.0     0.1
6228794.python    59.0     0.1
6228794.python    59.0     0.1
6228794.python    59.0     0.1
6228794.python    59.0     0.1
6228794.python    59.0     0.1
6228794.python    59.0     0.1
6228794.python    59.0     0.1
6228794.python    59.0     0.1
6228794.python    59.0     0.1
6228794.python    59.0     0.1
6228794.python    59.0     0.1
6228794.python    59.0     0.1
6228794.python    59.0     0.1
6228794.python    59.0     0.1
6228794.python    59.0     0.1
6228794.python    59.0     0.1
6228794.python    59.0     0.1
6228794.python    59.0     0.1
6228794.python    59.0     0.1
6228794.python    59.0     0.1
6228794.python    59.0     0.1
6228794.python    59.0     0.1
6228794.python    59.0     0.1
6228794.python    59.0     0.1
6228794.python    59.0     0.1
6228794.python    59.0     0.1
6228794.python    59.0     0.1
6228794.python    59.0     0.1
6228794.python    59.0     0.1
6228794.python    59.0     0.1
6228794.python    59.0     0.1
6228794.python    59.0     0.1
6228794.python    59.0     0.1
6228794.python    59.0     0.1
6228794.python    59.0     0.1
6228794.python    59.0     0.1

Job 6228794 completed at Sat May 3 00:41:00 CEST 2025
