Starting job 6228817 on c29-5 on fram at Sat May 3 00:03:44 CEST 2025


Currently Loaded Modules:
  1) StdEnv (S)

  Where:
   S:  Module is Sticky, requires --force to unload or purge

 


The following have been reloaded with a version change:
  1) GCCcore/13.3.0 => GCCcore/13.2.0
  2) OpenSSL/3 => OpenSSL/1.1
  3) Python/3.12.3-GCCcore-13.3.0 => Python/3.11.5-GCCcore-13.2.0
  4) SQLite/3.45.3-GCCcore-13.3.0 => SQLite/3.43.1-GCCcore-13.2.0
  5) Tcl/8.6.14-GCCcore-13.3.0 => Tcl/8.6.13-GCCcore-13.2.0
  6) XZ/5.4.5-GCCcore-13.3.0 => XZ/5.4.4-GCCcore-13.2.0
  7) binutils/2.42-GCCcore-13.3.0 => binutils/2.40-GCCcore-13.2.0
  8) bzip2/1.0.8-GCCcore-13.3.0 => bzip2/1.0.8-GCCcore-13.2.0
  9) libffi/3.4.5-GCCcore-13.3.0 => libffi/3.4.4-GCCcore-13.2.0
 10) libreadline/8.2-GCCcore-13.3.0 => libreadline/8.2-GCCcore-13.2.0
 11) ncurses/6.5-GCCcore-13.3.0 => ncurses/6.4-GCCcore-13.2.0
 12) zlib/1.3.1-GCCcore-13.3.0 => zlib/1.2.13-GCCcore-13.2.0

0
40
Generating /cluster/projects/nn8008k/lluisa/NextSIM/seas/Fmap_10days/2008_JAS_ic0.5_dt0.0025_DT0.0100/0_Fmap_matrix.npy

real	0m34.810s
user	0m0.011s
sys	0m0.027s
4
44
Generating /cluster/projects/nn8008k/lluisa/NextSIM/seas/Fmap_10days/2008_JAS_ic0.5_dt0.0025_DT0.0100/1_Fmap_matrix.npy

real	0m26.499s
user	0m0.016s
sys	0m0.013s
8
48
Generating /cluster/projects/nn8008k/lluisa/NextSIM/seas/Fmap_10days/2008_JAS_ic0.5_dt0.0025_DT0.0100/2_Fmap_matrix.npy

real	0m26.457s
user	0m0.015s
sys	0m0.012s
12
52
Generating /cluster/projects/nn8008k/lluisa/NextSIM/seas/Fmap_10days/2008_JAS_ic0.5_dt0.0025_DT0.0100/3_Fmap_matrix.npy

real	0m26.048s
user	0m0.015s
sys	0m0.013s
16
56
Generating /cluster/projects/nn8008k/lluisa/NextSIM/seas/Fmap_10days/2008_JAS_ic0.5_dt0.0025_DT0.0100/4_Fmap_matrix.npy

real	0m25.942s
user	0m0.015s
sys	0m0.012s
20
60
Generating /cluster/projects/nn8008k/lluisa/NextSIM/seas/Fmap_10days/2008_JAS_ic0.5_dt0.0025_DT0.0100/5_Fmap_matrix.npy

real	0m25.711s
user	0m0.011s
sys	0m0.017s
24
64
Generating /cluster/projects/nn8008k/lluisa/NextSIM/seas/Fmap_10days/2008_JAS_ic0.5_dt0.0025_DT0.0100/6_Fmap_matrix.npy

real	0m25.844s
user	0m0.015s
sys	0m0.012s
28
68
Generating /cluster/projects/nn8008k/lluisa/NextSIM/seas/Fmap_10days/2008_JAS_ic0.5_dt0.0025_DT0.0100/7_Fmap_matrix.npy

real	0m25.907s
user	0m0.018s
sys	0m0.009s
32
72
Generating /cluster/projects/nn8008k/lluisa/NextSIM/seas/Fmap_10days/2008_JAS_ic0.5_dt0.0025_DT0.0100/8_Fmap_matrix.npy

real	0m25.288s
user	0m0.016s
sys	0m0.011s
36
76
Generating /cluster/projects/nn8008k/lluisa/NextSIM/seas/Fmap_10days/2008_JAS_ic0.5_dt0.0025_DT0.0100/9_Fmap_matrix.npy

real	0m25.403s
user	0m0.013s
sys	0m0.014s
40
80
Generating /cluster/projects/nn8008k/lluisa/NextSIM/seas/Fmap_10days/2008_JAS_ic0.5_dt0.0025_DT0.0100/10_Fmap_matrix.npy

real	0m25.681s
user	0m0.010s
sys	0m0.019s
44
84
Generating /cluster/projects/nn8008k/lluisa/NextSIM/seas/Fmap_10days/2008_JAS_ic0.5_dt0.0025_DT0.0100/11_Fmap_matrix.npy

real	0m25.262s
user	0m0.012s
sys	0m0.016s
48
88
Generating /cluster/projects/nn8008k/lluisa/NextSIM/seas/Fmap_10days/2008_JAS_ic0.5_dt0.0025_DT0.0100/12_Fmap_matrix.npy

real	0m25.903s
user	0m0.016s
sys	0m0.013s
52
92
Generating /cluster/projects/nn8008k/lluisa/NextSIM/seas/Fmap_10days/2008_JAS_ic0.5_dt0.0025_DT0.0100/13_Fmap_matrix.npy

real	0m25.470s
user	0m0.011s
sys	0m0.019s
56
96
Generating /cluster/projects/nn8008k/lluisa/NextSIM/seas/Fmap_10days/2008_JAS_ic0.5_dt0.0025_DT0.0100/14_Fmap_matrix.npy

real	0m25.312s
user	0m0.012s
sys	0m0.016s
60
100
Generating /cluster/projects/nn8008k/lluisa/NextSIM/seas/Fmap_10days/2008_JAS_ic0.5_dt0.0025_DT0.0100/15_Fmap_matrix.npy

real	0m25.304s
user	0m0.012s
sys	0m0.016s
64
104
Generating /cluster/projects/nn8008k/lluisa/NextSIM/seas/Fmap_10days/2008_JAS_ic0.5_dt0.0025_DT0.0100/16_Fmap_matrix.npy

real	0m25.595s
user	0m0.011s
sys	0m0.017s
68
108
Generating /cluster/projects/nn8008k/lluisa/NextSIM/seas/Fmap_10days/2008_JAS_ic0.5_dt0.0025_DT0.0100/17_Fmap_matrix.npy

real	0m24.935s
user	0m0.017s
sys	0m0.009s
72
112
Generating /cluster/projects/nn8008k/lluisa/NextSIM/seas/Fmap_10days/2008_JAS_ic0.5_dt0.0025_DT0.0100/18_Fmap_matrix.npy

real	0m24.633s
user	0m0.009s
sys	0m0.018s
76
116
Generating /cluster/projects/nn8008k/lluisa/NextSIM/seas/Fmap_10days/2008_JAS_ic0.5_dt0.0025_DT0.0100/19_Fmap_matrix.npy

real	0m25.687s
user	0m0.014s
sys	0m0.012s
80
120
Generating /cluster/projects/nn8008k/lluisa/NextSIM/seas/Fmap_10days/2008_JAS_ic0.5_dt0.0025_DT0.0100/20_Fmap_matrix.npy

real	0m25.246s
user	0m0.015s
sys	0m0.012s
84
124
Generating /cluster/projects/nn8008k/lluisa/NextSIM/seas/Fmap_10days/2008_JAS_ic0.5_dt0.0025_DT0.0100/21_Fmap_matrix.npy

real	0m24.979s
user	0m0.010s
sys	0m0.016s
88
128
Generating /cluster/projects/nn8008k/lluisa/NextSIM/seas/Fmap_10days/2008_JAS_ic0.5_dt0.0025_DT0.0100/22_Fmap_matrix.npy

real	0m25.017s
user	0m0.016s
sys	0m0.012s
92
132
Generating /cluster/projects/nn8008k/lluisa/NextSIM/seas/Fmap_10days/2008_JAS_ic0.5_dt0.0025_DT0.0100/23_Fmap_matrix.npy

real	0m24.873s
user	0m0.017s
sys	0m0.010s
96
136
Generating /cluster/projects/nn8008k/lluisa/NextSIM/seas/Fmap_10days/2008_JAS_ic0.5_dt0.0025_DT0.0100/24_Fmap_matrix.npy

real	0m24.994s
user	0m0.011s
sys	0m0.015s
100
140
Generating /cluster/projects/nn8008k/lluisa/NextSIM/seas/Fmap_10days/2008_JAS_ic0.5_dt0.0025_DT0.0100/25_Fmap_matrix.npy

real	0m24.805s
user	0m0.016s
sys	0m0.012s
104
144
Generating /cluster/projects/nn8008k/lluisa/NextSIM/seas/Fmap_10days/2008_JAS_ic0.5_dt0.0025_DT0.0100/26_Fmap_matrix.npy

real	0m25.058s
user	0m0.008s
sys	0m0.019s
108
148
Generating /cluster/projects/nn8008k/lluisa/NextSIM/seas/Fmap_10days/2008_JAS_ic0.5_dt0.0025_DT0.0100/27_Fmap_matrix.npy

real	0m24.775s
user	0m0.013s
sys	0m0.015s
112
152
Generating /cluster/projects/nn8008k/lluisa/NextSIM/seas/Fmap_10days/2008_JAS_ic0.5_dt0.0025_DT0.0100/28_Fmap_matrix.npy

real	0m24.369s
user	0m0.013s
sys	0m0.014s
116
156
Generating /cluster/projects/nn8008k/lluisa/NextSIM/seas/Fmap_10days/2008_JAS_ic0.5_dt0.0025_DT0.0100/29_Fmap_matrix.npy

real	0m25.092s
user	0m0.016s
sys	0m0.011s
120
160
Generating /cluster/projects/nn8008k/lluisa/NextSIM/seas/Fmap_10days/2008_JAS_ic0.5_dt0.0025_DT0.0100/30_Fmap_matrix.npy

real	0m24.776s
user	0m0.015s
sys	0m0.013s
124
164
Generating /cluster/projects/nn8008k/lluisa/NextSIM/seas/Fmap_10days/2008_JAS_ic0.5_dt0.0025_DT0.0100/31_Fmap_matrix.npy

real	0m24.920s
user	0m0.017s
sys	0m0.010s
128
168
Generating /cluster/projects/nn8008k/lluisa/NextSIM/seas/Fmap_10days/2008_JAS_ic0.5_dt0.0025_DT0.0100/32_Fmap_matrix.npy

real	0m24.645s
user	0m0.013s
sys	0m0.014s
132
172
Generating /cluster/projects/nn8008k/lluisa/NextSIM/seas/Fmap_10days/2008_JAS_ic0.5_dt0.0025_DT0.0100/33_Fmap_matrix.npy

real	0m24.499s
user	0m0.009s
sys	0m0.018s
136
176
Generating /cluster/projects/nn8008k/lluisa/NextSIM/seas/Fmap_10days/2008_JAS_ic0.5_dt0.0025_DT0.0100/34_Fmap_matrix.npy

real	0m24.692s
user	0m0.015s
sys	0m0.012s
140
180
Generating /cluster/projects/nn8008k/lluisa/NextSIM/seas/Fmap_10days/2008_JAS_ic0.5_dt0.0025_DT0.0100/35_Fmap_matrix.npy

real	0m24.657s
user	0m0.015s
sys	0m0.012s
144
184
Generating /cluster/projects/nn8008k/lluisa/NextSIM/seas/Fmap_10days/2008_JAS_ic0.5_dt0.0025_DT0.0100/36_Fmap_matrix.npy

real	0m24.533s
user	0m0.012s
sys	0m0.015s
148
188
Generating /cluster/projects/nn8008k/lluisa/NextSIM/seas/Fmap_10days/2008_JAS_ic0.5_dt0.0025_DT0.0100/37_Fmap_matrix.npy

real	0m24.665s
user	0m0.012s
sys	0m0.015s
152
192
Generating /cluster/projects/nn8008k/lluisa/NextSIM/seas/Fmap_10days/2008_JAS_ic0.5_dt0.0025_DT0.0100/38_Fmap_matrix.npy

real	0m24.560s
user	0m0.012s
sys	0m0.015s
156
196
Generating /cluster/projects/nn8008k/lluisa/NextSIM/seas/Fmap_10days/2008_JAS_ic0.5_dt0.0025_DT0.0100/39_Fmap_matrix.npy

real	0m24.334s
user	0m0.012s
sys	0m0.015s
160
200
Generating /cluster/projects/nn8008k/lluisa/NextSIM/seas/Fmap_10days/2008_JAS_ic0.5_dt0.0025_DT0.0100/40_Fmap_matrix.npy

real	0m24.630s
user	0m0.015s
sys	0m0.013s
164
204
Generating /cluster/projects/nn8008k/lluisa/NextSIM/seas/Fmap_10days/2008_JAS_ic0.5_dt0.0025_DT0.0100/41_Fmap_matrix.npy

real	0m24.323s
user	0m0.016s
sys	0m0.011s
168
208
Generating /cluster/projects/nn8008k/lluisa/NextSIM/seas/Fmap_10days/2008_JAS_ic0.5_dt0.0025_DT0.0100/42_Fmap_matrix.npy

real	0m24.174s
user	0m0.013s
sys	0m0.013s
172
212
Generating /cluster/projects/nn8008k/lluisa/NextSIM/seas/Fmap_10days/2008_JAS_ic0.5_dt0.0025_DT0.0100/43_Fmap_matrix.npy

real	0m24.684s
user	0m0.016s
sys	0m0.011s
176
216
Generating /cluster/projects/nn8008k/lluisa/NextSIM/seas/Fmap_10days/2008_JAS_ic0.5_dt0.0025_DT0.0100/44_Fmap_matrix.npy

real	0m24.176s
user	0m0.017s
sys	0m0.009s
180
220
Generating /cluster/projects/nn8008k/lluisa/NextSIM/seas/Fmap_10days/2008_JAS_ic0.5_dt0.0025_DT0.0100/45_Fmap_matrix.npy

real	0m23.943s
user	0m0.015s
sys	0m0.012s
184
224
Generating /cluster/projects/nn8008k/lluisa/NextSIM/seas/Fmap_10days/2008_JAS_ic0.5_dt0.0025_DT0.0100/46_Fmap_matrix.npy

real	0m23.837s
user	0m0.010s
sys	0m0.017s
188
228
Generating /cluster/projects/nn8008k/lluisa/NextSIM/seas/Fmap_10days/2008_JAS_ic0.5_dt0.0025_DT0.0100/47_Fmap_matrix.npy

real	0m23.597s
user	0m0.014s
sys	0m0.012s
192
232
Generating /cluster/projects/nn8008k/lluisa/NextSIM/seas/Fmap_10days/2008_JAS_ic0.5_dt0.0025_DT0.0100/48_Fmap_matrix.npy

real	0m24.157s
user	0m0.017s
sys	0m0.011s
196
236
Generating /cluster/projects/nn8008k/lluisa/NextSIM/seas/Fmap_10days/2008_JAS_ic0.5_dt0.0025_DT0.0100/49_Fmap_matrix.npy

real	0m23.995s
user	0m0.014s
sys	0m0.013s
200
240
Generating /cluster/projects/nn8008k/lluisa/NextSIM/seas/Fmap_10days/2008_JAS_ic0.5_dt0.0025_DT0.0100/50_Fmap_matrix.npy

real	0m23.596s
user	0m0.014s
sys	0m0.013s
204
244
Generating /cluster/projects/nn8008k/lluisa/NextSIM/seas/Fmap_10days/2008_JAS_ic0.5_dt0.0025_DT0.0100/51_Fmap_matrix.npy

real	0m24.191s
user	0m0.010s
sys	0m0.016s
208
248
Generating /cluster/projects/nn8008k/lluisa/NextSIM/seas/Fmap_10days/2008_JAS_ic0.5_dt0.0025_DT0.0100/52_Fmap_matrix.npy

real	0m23.702s
user	0m0.012s
sys	0m0.014s
212
252
Generating /cluster/projects/nn8008k/lluisa/NextSIM/seas/Fmap_10days/2008_JAS_ic0.5_dt0.0025_DT0.0100/53_Fmap_matrix.npy

real	0m23.975s
user	0m0.011s
sys	0m0.016s
216
256
Generating /cluster/projects/nn8008k/lluisa/NextSIM/seas/Fmap_10days/2008_JAS_ic0.5_dt0.0025_DT0.0100/54_Fmap_matrix.npy

real	0m23.593s
user	0m0.018s
sys	0m0.008s
220
260
Generating /cluster/projects/nn8008k/lluisa/NextSIM/seas/Fmap_10days/2008_JAS_ic0.5_dt0.0025_DT0.0100/55_Fmap_matrix.npy

real	0m23.979s
user	0m0.013s
sys	0m0.015s
224
264
Generating /cluster/projects/nn8008k/lluisa/NextSIM/seas/Fmap_10days/2008_JAS_ic0.5_dt0.0025_DT0.0100/56_Fmap_matrix.npy

real	0m23.834s
user	0m0.011s
sys	0m0.017s
228
268
Generating /cluster/projects/nn8008k/lluisa/NextSIM/seas/Fmap_10days/2008_JAS_ic0.5_dt0.0025_DT0.0100/57_Fmap_matrix.npy

real	0m23.315s
user	0m0.013s
sys	0m0.015s
232
272
Generating /cluster/projects/nn8008k/lluisa/NextSIM/seas/Fmap_10days/2008_JAS_ic0.5_dt0.0025_DT0.0100/58_Fmap_matrix.npy

real	0m23.919s
user	0m0.014s
sys	0m0.013s
236
276
Generating /cluster/projects/nn8008k/lluisa/NextSIM/seas/Fmap_10days/2008_JAS_ic0.5_dt0.0025_DT0.0100/59_Fmap_matrix.npy

real	0m24.003s
user	0m0.016s
sys	0m0.011s
240
280
Generating /cluster/projects/nn8008k/lluisa/NextSIM/seas/Fmap_10days/2008_JAS_ic0.5_dt0.0025_DT0.0100/60_Fmap_matrix.npy

real	0m23.474s
user	0m0.012s
sys	0m0.016s
244
284
Generating /cluster/projects/nn8008k/lluisa/NextSIM/seas/Fmap_10days/2008_JAS_ic0.5_dt0.0025_DT0.0100/61_Fmap_matrix.npy

real	0m23.703s
user	0m0.011s
sys	0m0.016s
248
288
Generating /cluster/projects/nn8008k/lluisa/NextSIM/seas/Fmap_10days/2008_JAS_ic0.5_dt0.0025_DT0.0100/62_Fmap_matrix.npy

real	0m23.622s
user	0m0.010s
sys	0m0.017s
252
292
Generating /cluster/projects/nn8008k/lluisa/NextSIM/seas/Fmap_10days/2008_JAS_ic0.5_dt0.0025_DT0.0100/63_Fmap_matrix.npy

real	0m23.660s
user	0m0.013s
sys	0m0.014s
256
296
Generating /cluster/projects/nn8008k/lluisa/NextSIM/seas/Fmap_10days/2008_JAS_ic0.5_dt0.0025_DT0.0100/64_Fmap_matrix.npy

real	0m23.679s
user	0m0.013s
sys	0m0.014s
260
300
Generating /cluster/projects/nn8008k/lluisa/NextSIM/seas/Fmap_10days/2008_JAS_ic0.5_dt0.0025_DT0.0100/65_Fmap_matrix.npy

real	0m23.687s
user	0m0.013s
sys	0m0.014s
264
304
Generating /cluster/projects/nn8008k/lluisa/NextSIM/seas/Fmap_10days/2008_JAS_ic0.5_dt0.0025_DT0.0100/66_Fmap_matrix.npy

real	0m23.353s
user	0m0.013s
sys	0m0.014s
268
308
Generating /cluster/projects/nn8008k/lluisa/NextSIM/seas/Fmap_10days/2008_JAS_ic0.5_dt0.0025_DT0.0100/67_Fmap_matrix.npy

real	0m23.197s
user	0m0.011s
sys	0m0.017s
272
312
Generating /cluster/projects/nn8008k/lluisa/NextSIM/seas/Fmap_10days/2008_JAS_ic0.5_dt0.0025_DT0.0100/68_Fmap_matrix.npy

real	0m23.527s
user	0m0.011s
sys	0m0.016s
276
316
Generating /cluster/projects/nn8008k/lluisa/NextSIM/seas/Fmap_10days/2008_JAS_ic0.5_dt0.0025_DT0.0100/69_Fmap_matrix.npy

real	0m23.653s
user	0m0.010s
sys	0m0.018s
280
320
Generating /cluster/projects/nn8008k/lluisa/NextSIM/seas/Fmap_10days/2008_JAS_ic0.5_dt0.0025_DT0.0100/70_Fmap_matrix.npy

real	0m23.295s
user	0m0.017s
sys	0m0.012s
284
324
Generating /cluster/projects/nn8008k/lluisa/NextSIM/seas/Fmap_10days/2008_JAS_ic0.5_dt0.0025_DT0.0100/71_Fmap_matrix.npy

real	0m23.146s
user	0m0.017s
sys	0m0.012s
288
328
Generating /cluster/projects/nn8008k/lluisa/NextSIM/seas/Fmap_10days/2008_JAS_ic0.5_dt0.0025_DT0.0100/72_Fmap_matrix.npy

real	0m23.287s
user	0m0.015s
sys	0m0.012s
292
332
Generating /cluster/projects/nn8008k/lluisa/NextSIM/seas/Fmap_10days/2008_JAS_ic0.5_dt0.0025_DT0.0100/73_Fmap_matrix.npy

real	0m23.423s
user	0m0.017s
sys	0m0.010s
296
336
Generating /cluster/projects/nn8008k/lluisa/NextSIM/seas/Fmap_10days/2008_JAS_ic0.5_dt0.0025_DT0.0100/74_Fmap_matrix.npy

real	0m23.273s
user	0m0.015s
sys	0m0.013s
300
340
Generating /cluster/projects/nn8008k/lluisa/NextSIM/seas/Fmap_10days/2008_JAS_ic0.5_dt0.0025_DT0.0100/75_Fmap_matrix.npy

real	0m23.425s
user	0m0.011s
sys	0m0.016s
304
344
Generating /cluster/projects/nn8008k/lluisa/NextSIM/seas/Fmap_10days/2008_JAS_ic0.5_dt0.0025_DT0.0100/76_Fmap_matrix.npy

real	0m23.411s
user	0m0.015s
sys	0m0.011s
308
348
Generating /cluster/projects/nn8008k/lluisa/NextSIM/seas/Fmap_10days/2008_JAS_ic0.5_dt0.0025_DT0.0100/77_Fmap_matrix.npy

real	0m23.333s
user	0m0.011s
sys	0m0.016s
312
352
Generating /cluster/projects/nn8008k/lluisa/NextSIM/seas/Fmap_10days/2008_JAS_ic0.5_dt0.0025_DT0.0100/78_Fmap_matrix.npy

real	0m23.407s
user	0m0.016s
sys	0m0.012s
316
356
Generating /cluster/projects/nn8008k/lluisa/NextSIM/seas/Fmap_10days/2008_JAS_ic0.5_dt0.0025_DT0.0100/79_Fmap_matrix.npy

real	0m23.684s
user	0m0.014s
sys	0m0.013s
320
360
Generating /cluster/projects/nn8008k/lluisa/NextSIM/seas/Fmap_10days/2008_JAS_ic0.5_dt0.0025_DT0.0100/80_Fmap_matrix.npy

real	0m23.365s
user	0m0.013s
sys	0m0.014s
EBVERSIONNUMACTL=2.0.16
SLURM_JOB_NUM_NODES=1
EBROOTNUMACTL=/cluster/software/numactl/2.0.16-GCCcore-13.2.0
EBDEVELNUMACTL=/cluster/software/numactl/2.0.16-GCCcore-13.2.0/easybuild/numactl-2.0.16-GCCcore-13.2.0-easybuild-devel
OMP_NUM_THREADS=32

Job 6228817 consumed 17.7 billing hours from project nn8008k.

Submitted 2025-05-03T00:03:21; waited 20.0 seconds in the queue after becoming eligible to run.

Requested wallclock time: 3.0 days
Elapsed wallclock time:   33.2 minutes

Job exited normally.

Task and CPU statistics:
ID              CPUs  Tasks  CPU util                Start   Elapsed  Exit status
6228817           32            0.0 %  2025-05-03T00:03:41  1995.0 s  0
6228817.batch     32      1     0.0 %  2025-05-03T00:03:41  1995.0 s  0
6228817.python    32      1    20.4 %  2025-05-03T00:03:46    35.0 s  0
6228817.python    32      1    26.7 %  2025-05-03T00:04:21    26.0 s  0
6228817.python    32      1    25.8 %  2025-05-03T00:04:47    27.0 s  0
6228817.python    32      1    26.6 %  2025-05-03T00:05:14    26.0 s  0
6228817.python    32      1    26.4 %  2025-05-03T00:05:40    26.0 s  0
6228817.python    32      1    26.1 %  2025-05-03T00:06:06    26.0 s  0
6228817.python    32      1    26.9 %  2025-05-03T00:06:32    25.0 s  0
6228817.python    32      1    26.1 %  2025-05-03T00:06:57    26.0 s  0
6228817.python    32      1    25.7 %  2025-05-03T00:07:23    26.0 s  0
6228817.python    32      1    26.7 %  2025-05-03T00:07:49    25.0 s  0
6228817.python    32      1    25.7 %  2025-05-03T00:08:14    26.0 s  0
6228817.python    32      1    27.0 %  2025-05-03T00:08:40    25.0 s  0
6228817.python    32      1    25.4 %  2025-05-03T00:09:05    26.0 s  0
6228817.python    32      1    26.5 %  2025-05-03T00:09:31    25.0 s  0
6228817.python    32      1    25.2 %  2025-05-03T00:09:56    26.0 s  0
6228817.python    32      1    25.8 %  2025-05-03T00:10:22    25.0 s  0
6228817.python    32      1    25.0 %  2025-05-03T00:10:47    26.0 s  0
6228817.python    32      1    26.7 %  2025-05-03T00:11:13    24.0 s  0
6228817.python    32      1    25.6 %  2025-05-03T00:11:37    25.0 s  0
6228817.python    32      1    24.6 %  2025-05-03T00:12:02    26.0 s  0
6228817.python    32      1    25.4 %  2025-05-03T00:12:28    25.0 s  0
6228817.python    32      1    25.1 %  2025-05-03T00:12:53    25.0 s  0
6228817.python    32      1    25.0 %  2025-05-03T00:13:18    25.0 s  0
6228817.python    32      1    24.8 %  2025-05-03T00:13:43    25.0 s  0
6228817.python    32      1    24.4 %  2025-05-03T00:14:08    25.0 s  0
6228817.python    32      1    24.7 %  2025-05-03T00:14:33    25.0 s  0
6228817.python    32      1    24.6 %  2025-05-03T00:14:58    25.0 s  0
6228817.python    32      1    24.4 %  2025-05-03T00:15:23    25.0 s  0
6228817.python    32      1    25.0 %  2025-05-03T00:15:48    24.0 s  0
6228817.python    32      1    24.3 %  2025-05-03T00:16:12    25.0 s  0
6228817.python    32      1    24.0 %  2025-05-03T00:16:37    25.0 s  0
6228817.python    32      1    24.1 %  2025-05-03T00:17:02    25.0 s  0
6228817.python    32      1    24.9 %  2025-05-03T00:17:27    24.0 s  0
6228817.python    32      1    23.8 %  2025-05-03T00:17:51    25.0 s  0
6228817.python    32      1    23.7 %  2025-05-03T00:18:16    25.0 s  0
6228817.python    32      1    25.0 %  2025-05-03T00:18:41    24.0 s  0
6228817.python    32      1    23.5 %  2025-05-03T00:19:05    25.0 s  0
6228817.python    32      1    24.5 %  2025-05-03T00:19:30    24.0 s  0
6228817.python    32      1    23.3 %  2025-05-03T00:19:54    25.0 s  0
6228817.python    32      1    24.1 %  2025-05-03T00:20:19    24.0 s  0
6228817.python    32      1    23.1 %  2025-05-03T00:20:43    25.0 s  0
6228817.python    32      1    24.0 %  2025-05-03T00:21:08    24.0 s  0
6228817.python    32      1    23.6 %  2025-05-03T00:21:32    24.0 s  0
6228817.python    32      1    22.8 %  2025-05-03T00:21:56    25.0 s  0
6228817.python    32      1    23.7 %  2025-05-03T00:22:21    24.0 s  0
6228817.python    32      1    23.2 %  2025-05-03T00:22:45    24.0 s  0
6228817.python    32      1    22.9 %  2025-05-03T00:23:09    24.0 s  0
6228817.python    32      1    22.8 %  2025-05-03T00:23:33    24.0 s  0
6228817.python    32      1    22.9 %  2025-05-03T00:23:57    24.0 s  0
6228817.python    32      1    22.8 %  2025-05-03T00:24:21    24.0 s  0
6228817.python    32      1    23.9 %  2025-05-03T00:24:45    23.0 s  0
6228817.python    32      1    22.0 %  2025-05-03T00:25:08    25.0 s  0
6228817.python    32      1    23.6 %  2025-05-03T00:25:33    23.0 s  0
6228817.python    32      1    22.4 %  2025-05-03T00:25:56    24.0 s  0
6228817.python    32      1    22.4 %  2025-05-03T00:26:20    24.0 s  0
6228817.python    32      1    22.7 %  2025-05-03T00:26:44    24.0 s  0
6228817.python    32      1    22.2 %  2025-05-03T00:27:08    24.0 s  0
6228817.python    32      1    23.0 %  2025-05-03T00:27:32    23.0 s  0
6228817.python    32      1    22.3 %  2025-05-03T00:27:55    24.0 s  0
6228817.python    32      1    22.1 %  2025-05-03T00:28:19    24.0 s  0
6228817.python    32      1    22.9 %  2025-05-03T00:28:43    23.0 s  0
6228817.python    32      1    21.9 %  2025-05-03T00:29:06    24.0 s  0
6228817.python    32      1    21.9 %  2025-05-03T00:29:30    24.0 s  0
6228817.python    32      1    22.7 %  2025-05-03T00:29:54    23.0 s  0
6228817.python    32      1    21.7 %  2025-05-03T00:30:17    24.0 s  0
6228817.python    32      1    21.5 %  2025-05-03T00:30:41    24.0 s  0
6228817.python    32      1    22.4 %  2025-05-03T00:31:05    23.0 s  0
6228817.python    32      1    22.3 %  2025-05-03T00:31:28    23.0 s  0
6228817.python    32      1    21.4 %  2025-05-03T00:31:51    24.0 s  0
6228817.python    32      1    22.5 %  2025-05-03T00:32:15    23.0 s  0
6228817.python    32      1    21.4 %  2025-05-03T00:32:38    24.0 s  0
6228817.python    32      1    22.1 %  2025-05-03T00:33:02    23.0 s  0
6228817.python    32      1    22.1 %  2025-05-03T00:33:25    23.0 s  0
6228817.python    32      1    21.4 %  2025-05-03T00:33:48    24.0 s  0
6228817.python    32      1    22.4 %  2025-05-03T00:34:12    23.0 s  0
6228817.python    32      1    22.1 %  2025-05-03T00:34:35    23.0 s  0
6228817.python    32      1    21.3 %  2025-05-03T00:34:58    24.0 s  0
6228817.python    32      1    22.2 %  2025-05-03T00:35:22    23.0 s  0
6228817.python    32      1    22.4 %  2025-05-03T00:35:45    23.0 s  0
6228817.python    32      1    21.4 %  2025-05-03T00:36:08    24.0 s  0
6228817.python    32      1    21.1 %  2025-05-03T00:36:32    24.0 s  0

Used CPU time:   4.2 CPU hours
Unused CPU time: 13.5 CPU hours

Memory statistics, in GiB:
ID               Alloc   Usage
6228817           59.0        
6228817.batch     59.0     0.0
6228817.python    59.0     6.8
6228817.python    59.0     0.1
6228817.python    59.0     0.1
6228817.python    59.0     0.1
6228817.python    59.0     0.1
6228817.python    59.0     0.1
6228817.python    59.0     0.1
6228817.python    59.0     0.1
6228817.python    59.0     0.1
6228817.python    59.0     0.1
6228817.python    59.0     0.1
6228817.python    59.0     0.1
6228817.python    59.0     0.1
6228817.python    59.0     0.1
6228817.python    59.0     0.1
6228817.python    59.0     0.1
6228817.python    59.0     0.1
6228817.python    59.0     0.1
6228817.python    59.0     0.1
6228817.python    59.0     0.1
6228817.python    59.0     0.1
6228817.python    59.0     0.1
6228817.python    59.0     0.1
6228817.python    59.0     0.1
6228817.python    59.0     0.1
6228817.python    59.0     0.1
6228817.python    59.0     0.1
6228817.python    59.0     0.1
6228817.python    59.0     0.1
6228817.python    59.0     0.1
6228817.python    59.0     0.1
6228817.python    59.0     0.1
6228817.python    59.0     0.1
6228817.python    59.0     0.1
6228817.python    59.0     0.1
6228817.python    59.0     0.1
6228817.python    59.0     0.1
6228817.python    59.0     0.1
6228817.python    59.0     0.1
6228817.python    59.0     0.1
6228817.python    59.0     0.1
6228817.python    59.0     0.1
6228817.python    59.0     0.1
6228817.python    59.0     0.1
6228817.python    59.0     0.1
6228817.python    59.0     0.1
6228817.python    59.0     0.1
6228817.python    59.0     0.1
6228817.python    59.0     0.1
6228817.python    59.0     0.1
6228817.python    59.0     0.1
6228817.python    59.0     0.1
6228817.python    59.0     0.1
6228817.python    59.0     0.1
6228817.python    59.0     0.1
6228817.python    59.0     0.1
6228817.python    59.0     0.1
6228817.python    59.0     0.1
6228817.python    59.0     0.1
6228817.python    59.0     0.1
6228817.python    59.0     0.1
6228817.python    59.0     0.1
6228817.python    59.0     0.1
6228817.python    59.0     0.1
6228817.python    59.0     0.1
6228817.python    59.0     0.1
6228817.python    59.0     0.1
6228817.python    59.0     0.1
6228817.python    59.0     0.1
6228817.python    59.0     0.1
6228817.python    59.0     0.1
6228817.python    59.0     0.1
6228817.python    59.0     0.1
6228817.python    59.0     0.1
6228817.python    59.0     0.1
6228817.python    59.0     0.1
6228817.python    59.0     0.1
6228817.python    59.0     0.1
6228817.python    59.0     0.1
6228817.python    59.0     0.1
6228817.python    59.0     0.1

Job 6228817 completed at Sat May 3 00:36:56 CEST 2025
