Starting job 6228783 on c62-12 on fram at Sat May 3 00:03:44 CEST 2025


Currently Loaded Modules:
  1) StdEnv (S)

  Where:
   S:  Module is Sticky, requires --force to unload or purge

 


The following have been reloaded with a version change:
  1) GCCcore/13.3.0 => GCCcore/13.2.0
  2) OpenSSL/3 => OpenSSL/1.1
  3) Python/3.12.3-GCCcore-13.3.0 => Python/3.11.5-GCCcore-13.2.0
  4) SQLite/3.45.3-GCCcore-13.3.0 => SQLite/3.43.1-GCCcore-13.2.0
  5) Tcl/8.6.14-GCCcore-13.3.0 => Tcl/8.6.13-GCCcore-13.2.0
  6) XZ/5.4.5-GCCcore-13.3.0 => XZ/5.4.4-GCCcore-13.2.0
  7) binutils/2.42-GCCcore-13.3.0 => binutils/2.40-GCCcore-13.2.0
  8) bzip2/1.0.8-GCCcore-13.3.0 => bzip2/1.0.8-GCCcore-13.2.0
  9) libffi/3.4.5-GCCcore-13.3.0 => libffi/3.4.4-GCCcore-13.2.0
 10) libreadline/8.2-GCCcore-13.3.0 => libreadline/8.2-GCCcore-13.2.0
 11) ncurses/6.5-GCCcore-13.3.0 => ncurses/6.4-GCCcore-13.2.0
 12) zlib/1.3.1-GCCcore-13.3.0 => zlib/1.2.13-GCCcore-13.2.0

0
40
Generating /cluster/projects/nn8008k/lluisa/NextSIM/seas/Fmap_10days/2000_OND_ic0.5_dt0.0025_DT0.0100/0_Fmap_matrix.npy

real	0m34.429s
user	0m0.009s
sys	0m0.030s
4
44
Generating /cluster/projects/nn8008k/lluisa/NextSIM/seas/Fmap_10days/2000_OND_ic0.5_dt0.0025_DT0.0100/1_Fmap_matrix.npy

real	0m24.874s
user	0m0.012s
sys	0m0.017s
8
48
Generating /cluster/projects/nn8008k/lluisa/NextSIM/seas/Fmap_10days/2000_OND_ic0.5_dt0.0025_DT0.0100/2_Fmap_matrix.npy

real	0m24.633s
user	0m0.013s
sys	0m0.016s
12
52
Generating /cluster/projects/nn8008k/lluisa/NextSIM/seas/Fmap_10days/2000_OND_ic0.5_dt0.0025_DT0.0100/3_Fmap_matrix.npy

real	0m24.478s
user	0m0.013s
sys	0m0.014s
16
56
Generating /cluster/projects/nn8008k/lluisa/NextSIM/seas/Fmap_10days/2000_OND_ic0.5_dt0.0025_DT0.0100/4_Fmap_matrix.npy

real	0m24.296s
user	0m0.011s
sys	0m0.017s
20
60
Generating /cluster/projects/nn8008k/lluisa/NextSIM/seas/Fmap_10days/2000_OND_ic0.5_dt0.0025_DT0.0100/5_Fmap_matrix.npy

real	0m24.666s
user	0m0.017s
sys	0m0.011s
24
64
Generating /cluster/projects/nn8008k/lluisa/NextSIM/seas/Fmap_10days/2000_OND_ic0.5_dt0.0025_DT0.0100/6_Fmap_matrix.npy

real	0m24.679s
user	0m0.013s
sys	0m0.014s
28
68
Generating /cluster/projects/nn8008k/lluisa/NextSIM/seas/Fmap_10days/2000_OND_ic0.5_dt0.0025_DT0.0100/7_Fmap_matrix.npy

real	0m24.857s
user	0m0.016s
sys	0m0.011s
32
72
Generating /cluster/projects/nn8008k/lluisa/NextSIM/seas/Fmap_10days/2000_OND_ic0.5_dt0.0025_DT0.0100/8_Fmap_matrix.npy

real	0m24.745s
user	0m0.014s
sys	0m0.013s
36
76
Generating /cluster/projects/nn8008k/lluisa/NextSIM/seas/Fmap_10days/2000_OND_ic0.5_dt0.0025_DT0.0100/9_Fmap_matrix.npy

real	0m24.956s
user	0m0.010s
sys	0m0.017s
40
80
Generating /cluster/projects/nn8008k/lluisa/NextSIM/seas/Fmap_10days/2000_OND_ic0.5_dt0.0025_DT0.0100/10_Fmap_matrix.npy

real	0m24.641s
user	0m0.015s
sys	0m0.014s
44
84
Generating /cluster/projects/nn8008k/lluisa/NextSIM/seas/Fmap_10days/2000_OND_ic0.5_dt0.0025_DT0.0100/11_Fmap_matrix.npy

real	0m24.973s
user	0m0.016s
sys	0m0.013s
48
88
Generating /cluster/projects/nn8008k/lluisa/NextSIM/seas/Fmap_10days/2000_OND_ic0.5_dt0.0025_DT0.0100/12_Fmap_matrix.npy

real	0m24.642s
user	0m0.013s
sys	0m0.013s
52
92
Generating /cluster/projects/nn8008k/lluisa/NextSIM/seas/Fmap_10days/2000_OND_ic0.5_dt0.0025_DT0.0100/13_Fmap_matrix.npy

real	0m24.883s
user	0m0.011s
sys	0m0.014s
56
96
Generating /cluster/projects/nn8008k/lluisa/NextSIM/seas/Fmap_10days/2000_OND_ic0.5_dt0.0025_DT0.0100/14_Fmap_matrix.npy

real	0m25.384s
user	0m0.013s
sys	0m0.015s
60
100
Generating /cluster/projects/nn8008k/lluisa/NextSIM/seas/Fmap_10days/2000_OND_ic0.5_dt0.0025_DT0.0100/15_Fmap_matrix.npy

real	0m24.962s
user	0m0.016s
sys	0m0.010s
64
104
Generating /cluster/projects/nn8008k/lluisa/NextSIM/seas/Fmap_10days/2000_OND_ic0.5_dt0.0025_DT0.0100/16_Fmap_matrix.npy

real	0m24.976s
user	0m0.012s
sys	0m0.015s
68
108
Generating /cluster/projects/nn8008k/lluisa/NextSIM/seas/Fmap_10days/2000_OND_ic0.5_dt0.0025_DT0.0100/17_Fmap_matrix.npy

real	0m24.823s
user	0m0.011s
sys	0m0.016s
72
112
Generating /cluster/projects/nn8008k/lluisa/NextSIM/seas/Fmap_10days/2000_OND_ic0.5_dt0.0025_DT0.0100/18_Fmap_matrix.npy

real	0m25.096s
user	0m0.010s
sys	0m0.017s
76
116
Generating /cluster/projects/nn8008k/lluisa/NextSIM/seas/Fmap_10days/2000_OND_ic0.5_dt0.0025_DT0.0100/19_Fmap_matrix.npy

real	0m24.981s
user	0m0.014s
sys	0m0.010s
80
120
Generating /cluster/projects/nn8008k/lluisa/NextSIM/seas/Fmap_10days/2000_OND_ic0.5_dt0.0025_DT0.0100/20_Fmap_matrix.npy

real	0m25.160s
user	0m0.011s
sys	0m0.016s
84
124
Generating /cluster/projects/nn8008k/lluisa/NextSIM/seas/Fmap_10days/2000_OND_ic0.5_dt0.0025_DT0.0100/21_Fmap_matrix.npy

real	0m24.978s
user	0m0.012s
sys	0m0.014s
88
128
Generating /cluster/projects/nn8008k/lluisa/NextSIM/seas/Fmap_10days/2000_OND_ic0.5_dt0.0025_DT0.0100/22_Fmap_matrix.npy

real	0m25.139s
user	0m0.015s
sys	0m0.012s
92
132
Generating /cluster/projects/nn8008k/lluisa/NextSIM/seas/Fmap_10days/2000_OND_ic0.5_dt0.0025_DT0.0100/23_Fmap_matrix.npy

real	0m25.279s
user	0m0.011s
sys	0m0.017s
96
136
Generating /cluster/projects/nn8008k/lluisa/NextSIM/seas/Fmap_10days/2000_OND_ic0.5_dt0.0025_DT0.0100/24_Fmap_matrix.npy

real	0m25.711s
user	0m0.016s
sys	0m0.012s
100
140
Generating /cluster/projects/nn8008k/lluisa/NextSIM/seas/Fmap_10days/2000_OND_ic0.5_dt0.0025_DT0.0100/25_Fmap_matrix.npy

real	0m25.338s
user	0m0.013s
sys	0m0.014s
104
144
Generating /cluster/projects/nn8008k/lluisa/NextSIM/seas/Fmap_10days/2000_OND_ic0.5_dt0.0025_DT0.0100/26_Fmap_matrix.npy

real	0m25.104s
user	0m0.013s
sys	0m0.016s
108
148
Generating /cluster/projects/nn8008k/lluisa/NextSIM/seas/Fmap_10days/2000_OND_ic0.5_dt0.0025_DT0.0100/27_Fmap_matrix.npy

real	0m25.583s
user	0m0.014s
sys	0m0.012s
112
152
Generating /cluster/projects/nn8008k/lluisa/NextSIM/seas/Fmap_10days/2000_OND_ic0.5_dt0.0025_DT0.0100/28_Fmap_matrix.npy

real	0m25.707s
user	0m0.010s
sys	0m0.017s
116
156
Generating /cluster/projects/nn8008k/lluisa/NextSIM/seas/Fmap_10days/2000_OND_ic0.5_dt0.0025_DT0.0100/29_Fmap_matrix.npy

real	0m25.625s
user	0m0.012s
sys	0m0.015s
120
160
Generating /cluster/projects/nn8008k/lluisa/NextSIM/seas/Fmap_10days/2000_OND_ic0.5_dt0.0025_DT0.0100/30_Fmap_matrix.npy

real	0m26.193s
user	0m0.010s
sys	0m0.017s
124
164
Generating /cluster/projects/nn8008k/lluisa/NextSIM/seas/Fmap_10days/2000_OND_ic0.5_dt0.0025_DT0.0100/31_Fmap_matrix.npy

real	0m25.793s
user	0m0.012s
sys	0m0.016s
128
168
Generating /cluster/projects/nn8008k/lluisa/NextSIM/seas/Fmap_10days/2000_OND_ic0.5_dt0.0025_DT0.0100/32_Fmap_matrix.npy

real	0m26.109s
user	0m0.014s
sys	0m0.012s
132
172
Generating /cluster/projects/nn8008k/lluisa/NextSIM/seas/Fmap_10days/2000_OND_ic0.5_dt0.0025_DT0.0100/33_Fmap_matrix.npy

real	0m25.711s
user	0m0.015s
sys	0m0.012s
136
176
Generating /cluster/projects/nn8008k/lluisa/NextSIM/seas/Fmap_10days/2000_OND_ic0.5_dt0.0025_DT0.0100/34_Fmap_matrix.npy

real	0m25.728s
user	0m0.013s
sys	0m0.015s
140
180
Generating /cluster/projects/nn8008k/lluisa/NextSIM/seas/Fmap_10days/2000_OND_ic0.5_dt0.0025_DT0.0100/35_Fmap_matrix.npy

real	0m25.834s
user	0m0.013s
sys	0m0.015s
144
184
Generating /cluster/projects/nn8008k/lluisa/NextSIM/seas/Fmap_10days/2000_OND_ic0.5_dt0.0025_DT0.0100/36_Fmap_matrix.npy

real	0m25.575s
user	0m0.015s
sys	0m0.010s
148
188
Generating /cluster/projects/nn8008k/lluisa/NextSIM/seas/Fmap_10days/2000_OND_ic0.5_dt0.0025_DT0.0100/37_Fmap_matrix.npy

real	0m25.639s
user	0m0.013s
sys	0m0.014s
152
192
Generating /cluster/projects/nn8008k/lluisa/NextSIM/seas/Fmap_10days/2000_OND_ic0.5_dt0.0025_DT0.0100/38_Fmap_matrix.npy

real	0m25.598s
user	0m0.013s
sys	0m0.015s
156
196
Generating /cluster/projects/nn8008k/lluisa/NextSIM/seas/Fmap_10days/2000_OND_ic0.5_dt0.0025_DT0.0100/39_Fmap_matrix.npy

real	0m25.657s
user	0m0.015s
sys	0m0.012s
160
200
Generating /cluster/projects/nn8008k/lluisa/NextSIM/seas/Fmap_10days/2000_OND_ic0.5_dt0.0025_DT0.0100/40_Fmap_matrix.npy

real	0m25.614s
user	0m0.015s
sys	0m0.013s
164
204
Generating /cluster/projects/nn8008k/lluisa/NextSIM/seas/Fmap_10days/2000_OND_ic0.5_dt0.0025_DT0.0100/41_Fmap_matrix.npy

real	0m25.798s
user	0m0.017s
sys	0m0.011s
168
208
Generating /cluster/projects/nn8008k/lluisa/NextSIM/seas/Fmap_10days/2000_OND_ic0.5_dt0.0025_DT0.0100/42_Fmap_matrix.npy

real	0m26.295s
user	0m0.014s
sys	0m0.015s
172
212
Generating /cluster/projects/nn8008k/lluisa/NextSIM/seas/Fmap_10days/2000_OND_ic0.5_dt0.0025_DT0.0100/43_Fmap_matrix.npy

real	0m25.492s
user	0m0.015s
sys	0m0.013s
176
216
Generating /cluster/projects/nn8008k/lluisa/NextSIM/seas/Fmap_10days/2000_OND_ic0.5_dt0.0025_DT0.0100/44_Fmap_matrix.npy

real	0m25.858s
user	0m0.011s
sys	0m0.017s
180
220
Generating /cluster/projects/nn8008k/lluisa/NextSIM/seas/Fmap_10days/2000_OND_ic0.5_dt0.0025_DT0.0100/45_Fmap_matrix.npy

real	0m26.141s
user	0m0.016s
sys	0m0.013s
184
224
Generating /cluster/projects/nn8008k/lluisa/NextSIM/seas/Fmap_10days/2000_OND_ic0.5_dt0.0025_DT0.0100/46_Fmap_matrix.npy

real	0m25.944s
user	0m0.019s
sys	0m0.008s
188
228
Generating /cluster/projects/nn8008k/lluisa/NextSIM/seas/Fmap_10days/2000_OND_ic0.5_dt0.0025_DT0.0100/47_Fmap_matrix.npy

real	0m26.018s
user	0m0.015s
sys	0m0.012s
192
232
Generating /cluster/projects/nn8008k/lluisa/NextSIM/seas/Fmap_10days/2000_OND_ic0.5_dt0.0025_DT0.0100/48_Fmap_matrix.npy

real	0m25.974s
user	0m0.013s
sys	0m0.014s
196
236
Generating /cluster/projects/nn8008k/lluisa/NextSIM/seas/Fmap_10days/2000_OND_ic0.5_dt0.0025_DT0.0100/49_Fmap_matrix.npy

real	0m25.888s
user	0m0.013s
sys	0m0.015s
200
240
Generating /cluster/projects/nn8008k/lluisa/NextSIM/seas/Fmap_10days/2000_OND_ic0.5_dt0.0025_DT0.0100/50_Fmap_matrix.npy

real	0m26.237s
user	0m0.014s
sys	0m0.013s
204
244
Generating /cluster/projects/nn8008k/lluisa/NextSIM/seas/Fmap_10days/2000_OND_ic0.5_dt0.0025_DT0.0100/51_Fmap_matrix.npy

real	0m26.152s
user	0m0.015s
sys	0m0.011s
208
248
Generating /cluster/projects/nn8008k/lluisa/NextSIM/seas/Fmap_10days/2000_OND_ic0.5_dt0.0025_DT0.0100/52_Fmap_matrix.npy

real	0m26.021s
user	0m0.011s
sys	0m0.015s
212
252
Generating /cluster/projects/nn8008k/lluisa/NextSIM/seas/Fmap_10days/2000_OND_ic0.5_dt0.0025_DT0.0100/53_Fmap_matrix.npy

real	0m26.277s
user	0m0.013s
sys	0m0.015s
216
256
Generating /cluster/projects/nn8008k/lluisa/NextSIM/seas/Fmap_10days/2000_OND_ic0.5_dt0.0025_DT0.0100/54_Fmap_matrix.npy

real	0m26.028s
user	0m0.016s
sys	0m0.011s
220
260
Generating /cluster/projects/nn8008k/lluisa/NextSIM/seas/Fmap_10days/2000_OND_ic0.5_dt0.0025_DT0.0100/55_Fmap_matrix.npy

real	0m26.426s
user	0m0.011s
sys	0m0.016s
224
264
Generating /cluster/projects/nn8008k/lluisa/NextSIM/seas/Fmap_10days/2000_OND_ic0.5_dt0.0025_DT0.0100/56_Fmap_matrix.npy

real	0m26.157s
user	0m0.011s
sys	0m0.016s
228
268
Generating /cluster/projects/nn8008k/lluisa/NextSIM/seas/Fmap_10days/2000_OND_ic0.5_dt0.0025_DT0.0100/57_Fmap_matrix.npy

real	0m26.302s
user	0m0.015s
sys	0m0.013s
232
272
Generating /cluster/projects/nn8008k/lluisa/NextSIM/seas/Fmap_10days/2000_OND_ic0.5_dt0.0025_DT0.0100/58_Fmap_matrix.npy

real	0m26.243s
user	0m0.013s
sys	0m0.014s
236
276
Generating /cluster/projects/nn8008k/lluisa/NextSIM/seas/Fmap_10days/2000_OND_ic0.5_dt0.0025_DT0.0100/59_Fmap_matrix.npy

real	0m26.426s
user	0m0.013s
sys	0m0.014s
240
280
Generating /cluster/projects/nn8008k/lluisa/NextSIM/seas/Fmap_10days/2000_OND_ic0.5_dt0.0025_DT0.0100/60_Fmap_matrix.npy

real	0m26.307s
user	0m0.021s
sys	0m0.008s
244
284
Generating /cluster/projects/nn8008k/lluisa/NextSIM/seas/Fmap_10days/2000_OND_ic0.5_dt0.0025_DT0.0100/61_Fmap_matrix.npy

real	0m26.643s
user	0m0.012s
sys	0m0.016s
248
288
Generating /cluster/projects/nn8008k/lluisa/NextSIM/seas/Fmap_10days/2000_OND_ic0.5_dt0.0025_DT0.0100/62_Fmap_matrix.npy

real	0m26.965s
user	0m0.008s
sys	0m0.019s
252
292
Generating /cluster/projects/nn8008k/lluisa/NextSIM/seas/Fmap_10days/2000_OND_ic0.5_dt0.0025_DT0.0100/63_Fmap_matrix.npy

real	0m26.523s
user	0m0.014s
sys	0m0.013s
256
296
Generating /cluster/projects/nn8008k/lluisa/NextSIM/seas/Fmap_10days/2000_OND_ic0.5_dt0.0025_DT0.0100/64_Fmap_matrix.npy

real	0m26.186s
user	0m0.013s
sys	0m0.015s
260
300
Generating /cluster/projects/nn8008k/lluisa/NextSIM/seas/Fmap_10days/2000_OND_ic0.5_dt0.0025_DT0.0100/65_Fmap_matrix.npy

real	0m26.251s
user	0m0.014s
sys	0m0.014s
264
304
Generating /cluster/projects/nn8008k/lluisa/NextSIM/seas/Fmap_10days/2000_OND_ic0.5_dt0.0025_DT0.0100/66_Fmap_matrix.npy

real	0m26.383s
user	0m0.014s
sys	0m0.013s
268
308
Generating /cluster/projects/nn8008k/lluisa/NextSIM/seas/Fmap_10days/2000_OND_ic0.5_dt0.0025_DT0.0100/67_Fmap_matrix.npy

real	0m26.665s
user	0m0.012s
sys	0m0.015s
272
312
Generating /cluster/projects/nn8008k/lluisa/NextSIM/seas/Fmap_10days/2000_OND_ic0.5_dt0.0025_DT0.0100/68_Fmap_matrix.npy

real	0m26.805s
user	0m0.013s
sys	0m0.016s
276
316
Generating /cluster/projects/nn8008k/lluisa/NextSIM/seas/Fmap_10days/2000_OND_ic0.5_dt0.0025_DT0.0100/69_Fmap_matrix.npy

real	0m26.515s
user	0m0.012s
sys	0m0.017s
280
320
Generating /cluster/projects/nn8008k/lluisa/NextSIM/seas/Fmap_10days/2000_OND_ic0.5_dt0.0025_DT0.0100/70_Fmap_matrix.npy

real	0m26.744s
user	0m0.015s
sys	0m0.012s
284
324
Generating /cluster/projects/nn8008k/lluisa/NextSIM/seas/Fmap_10days/2000_OND_ic0.5_dt0.0025_DT0.0100/71_Fmap_matrix.npy

real	0m27.039s
user	0m0.011s
sys	0m0.016s
288
328
Generating /cluster/projects/nn8008k/lluisa/NextSIM/seas/Fmap_10days/2000_OND_ic0.5_dt0.0025_DT0.0100/72_Fmap_matrix.npy

real	0m27.160s
user	0m0.015s
sys	0m0.012s
292
332
Generating /cluster/projects/nn8008k/lluisa/NextSIM/seas/Fmap_10days/2000_OND_ic0.5_dt0.0025_DT0.0100/73_Fmap_matrix.npy

real	0m27.257s
user	0m0.014s
sys	0m0.013s
296
336
Generating /cluster/projects/nn8008k/lluisa/NextSIM/seas/Fmap_10days/2000_OND_ic0.5_dt0.0025_DT0.0100/74_Fmap_matrix.npy

real	0m27.222s
user	0m0.015s
sys	0m0.011s
300
340
Generating /cluster/projects/nn8008k/lluisa/NextSIM/seas/Fmap_10days/2000_OND_ic0.5_dt0.0025_DT0.0100/75_Fmap_matrix.npy

real	0m26.890s
user	0m0.014s
sys	0m0.013s
304
344
Generating /cluster/projects/nn8008k/lluisa/NextSIM/seas/Fmap_10days/2000_OND_ic0.5_dt0.0025_DT0.0100/76_Fmap_matrix.npy

real	0m27.076s
user	0m0.014s
sys	0m0.013s
308
348
Generating /cluster/projects/nn8008k/lluisa/NextSIM/seas/Fmap_10days/2000_OND_ic0.5_dt0.0025_DT0.0100/77_Fmap_matrix.npy

real	0m26.740s
user	0m0.011s
sys	0m0.016s
312
352
Generating /cluster/projects/nn8008k/lluisa/NextSIM/seas/Fmap_10days/2000_OND_ic0.5_dt0.0025_DT0.0100/78_Fmap_matrix.npy

real	0m27.237s
user	0m0.010s
sys	0m0.017s
316
356
Generating /cluster/projects/nn8008k/lluisa/NextSIM/seas/Fmap_10days/2000_OND_ic0.5_dt0.0025_DT0.0100/79_Fmap_matrix.npy

real	0m27.563s
user	0m0.012s
sys	0m0.014s
320
360
Generating /cluster/projects/nn8008k/lluisa/NextSIM/seas/Fmap_10days/2000_OND_ic0.5_dt0.0025_DT0.0100/80_Fmap_matrix.npy

real	0m27.158s
user	0m0.014s
sys	0m0.012s
EBVERSIONNUMACTL=2.0.16
SLURM_JOB_NUM_NODES=1
EBROOTNUMACTL=/cluster/software/numactl/2.0.16-GCCcore-13.2.0
EBDEVELNUMACTL=/cluster/software/numactl/2.0.16-GCCcore-13.2.0/easybuild/numactl-2.0.16-GCCcore-13.2.0-easybuild-devel
OMP_NUM_THREADS=32

Job 6228783 consumed 18.7 billing hours from project nn8008k.

Submitted 2025-05-03T00:03:20; waited 21.0 seconds in the queue after becoming eligible to run.

Requested wallclock time: 3.0 days
Elapsed wallclock time:   35.1 minutes

Job exited normally.

Task and CPU statistics:
ID              CPUs  Tasks  CPU util                Start   Elapsed  Exit status
6228783           32            0.0 %  2025-05-03T00:03:41  2107.0 s  0
6228783.batch     32      1     0.0 %  2025-05-03T00:03:41  2107.0 s  0
6228783.python    32      1    17.3 %  2025-05-03T00:03:46    35.0 s  0
6228783.python    32      1    24.0 %  2025-05-03T00:04:21    25.0 s  0
6228783.python    32      1    24.9 %  2025-05-03T00:04:46    24.0 s  0
6228783.python    32      1    24.1 %  2025-05-03T00:05:10    25.0 s  0
6228783.python    32      1    25.2 %  2025-05-03T00:05:35    24.0 s  0
6228783.python    32      1    24.5 %  2025-05-03T00:05:59    25.0 s  0
6228783.python    32      1    25.7 %  2025-05-03T00:06:24    24.0 s  0
6228783.python    32      1    24.8 %  2025-05-03T00:06:48    25.0 s  0
6228783.python    32      1    25.1 %  2025-05-03T00:07:13    25.0 s  0
6228783.python    32      1    25.0 %  2025-05-03T00:07:38    25.0 s  0
6228783.python    32      1    25.3 %  2025-05-03T00:08:03    25.0 s  0
6228783.python    32      1    25.4 %  2025-05-03T00:08:28    25.0 s  0
6228783.python    32      1    26.3 %  2025-05-03T00:08:53    24.0 s  0
6228783.python    32      1    25.4 %  2025-05-03T00:09:17    25.0 s  0
6228783.python    32      1    25.6 %  2025-05-03T00:09:42    25.0 s  0
6228783.python    32      1    25.3 %  2025-05-03T00:10:07    25.0 s  0
6228783.python    32      1    25.3 %  2025-05-03T00:10:32    25.0 s  0
6228783.python    32      1    25.4 %  2025-05-03T00:10:57    25.0 s  0
6228783.python    32      1    25.5 %  2025-05-03T00:11:22    25.0 s  0
6228783.python    32      1    25.7 %  2025-05-03T00:11:47    25.0 s  0
6228783.python    32      1    25.8 %  2025-05-03T00:12:12    25.0 s  0
6228783.python    32      1    25.9 %  2025-05-03T00:12:37    25.0 s  0
6228783.python    32      1    24.8 %  2025-05-03T00:13:02    26.0 s  0
6228783.python    32      1    25.8 %  2025-05-03T00:13:28    25.0 s  0
6228783.python    32      1    25.2 %  2025-05-03T00:13:53    26.0 s  0
6228783.python    32      1    26.1 %  2025-05-03T00:14:19    25.0 s  0
6228783.python    32      1    26.2 %  2025-05-03T00:14:44    25.0 s  0
6228783.python    32      1    25.4 %  2025-05-03T00:15:09    26.0 s  0
6228783.python    32      1    26.5 %  2025-05-03T00:15:35    25.0 s  0
6228783.python    32      1    25.7 %  2025-05-03T00:16:00    26.0 s  0
6228783.python    32      1    25.6 %  2025-05-03T00:16:26    26.0 s  0
6228783.python    32      1    25.8 %  2025-05-03T00:16:52    26.0 s  0
6228783.python    32      1    26.1 %  2025-05-03T00:17:18    26.0 s  0
6228783.python    32      1    26.0 %  2025-05-03T00:17:44    26.0 s  0
6228783.python    32      1    26.8 %  2025-05-03T00:18:10    25.0 s  0
6228783.python    32      1    26.0 %  2025-05-03T00:18:35    26.0 s  0
6228783.python    32      1    25.8 %  2025-05-03T00:19:01    26.0 s  0
6228783.python    32      1    27.0 %  2025-05-03T00:19:27    25.0 s  0
6228783.python    32      1    27.0 %  2025-05-03T00:19:53    25.0 s  0
6228783.python    32      1    26.0 %  2025-05-03T00:20:18    26.0 s  0
6228783.python    32      1    27.0 %  2025-05-03T00:20:44    25.0 s  0
6228783.python    32      1    26.0 %  2025-05-03T00:21:09    26.0 s  0
6228783.python    32      1    26.2 %  2025-05-03T00:21:35    26.0 s  0
6228783.python    32      1    26.3 %  2025-05-03T00:22:01    26.0 s  0
6228783.python    32      1    26.1 %  2025-05-03T00:22:27    26.0 s  0
6228783.python    32      1    26.3 %  2025-05-03T00:22:53    26.0 s  0
6228783.python    32      1    26.5 %  2025-05-03T00:23:19    26.0 s  0
6228783.python    32      1    26.3 %  2025-05-03T00:23:45    26.0 s  0
6228783.python    32      1    26.3 %  2025-05-03T00:24:11    26.0 s  0
6228783.python    32      1    26.6 %  2025-05-03T00:24:37    26.0 s  0
6228783.python    32      1    26.7 %  2025-05-03T00:25:03    26.0 s  0
6228783.python    32      1    26.8 %  2025-05-03T00:25:29    26.0 s  0
6228783.python    32      1    26.6 %  2025-05-03T00:25:55    26.0 s  0
6228783.python    32      1    27.0 %  2025-05-03T00:26:21    26.0 s  0
6228783.python    32      1    26.7 %  2025-05-03T00:26:48    26.0 s  0
6228783.python    32      1    27.1 %  2025-05-03T00:27:14    26.0 s  0
6228783.python    32      1    27.0 %  2025-05-03T00:27:40    26.0 s  0
6228783.python    32      1    27.1 %  2025-05-03T00:28:06    26.0 s  0
6228783.python    32      1    26.0 %  2025-05-03T00:28:32    27.0 s  0
6228783.python    32      1    27.8 %  2025-05-03T00:28:59    26.0 s  0
6228783.python    32      1    27.2 %  2025-05-03T00:29:25    26.0 s  0
6228783.python    32      1    26.5 %  2025-05-03T00:29:51    27.0 s  0
6228783.python    32      1    26.6 %  2025-05-03T00:30:18    27.0 s  0
6228783.python    32      1    27.5 %  2025-05-03T00:30:45    26.0 s  0
6228783.python    32      1    27.5 %  2025-05-03T00:31:12    26.0 s  0
6228783.python    32      1    27.7 %  2025-05-03T00:31:38    26.0 s  0
6228783.python    32      1    27.8 %  2025-05-03T00:32:04    26.0 s  0
6228783.python    32      1    26.9 %  2025-05-03T00:32:30    27.0 s  0
6228783.python    32      1    27.1 %  2025-05-03T00:32:57    27.0 s  0
6228783.python    32      1    28.3 %  2025-05-03T00:33:24    26.0 s  0
6228783.python    32      1    27.4 %  2025-05-03T00:33:50    27.0 s  0
6228783.python    32      1    27.1 %  2025-05-03T00:34:17    27.0 s  0
6228783.python    32      1    27.3 %  2025-05-03T00:34:44    27.0 s  0
6228783.python    32      1    26.6 %  2025-05-03T00:35:11    28.0 s  0
6228783.python    32      1    27.7 %  2025-05-03T00:35:39    27.0 s  0
6228783.python    32      1    27.4 %  2025-05-03T00:36:06    27.0 s  0
6228783.python    32      1    27.9 %  2025-05-03T00:36:33    27.0 s  0
6228783.python    32      1    28.4 %  2025-05-03T00:37:00    26.0 s  0
6228783.python    32      1    26.8 %  2025-05-03T00:37:26    28.0 s  0
6228783.python    32      1    27.6 %  2025-05-03T00:37:54    27.0 s  0
6228783.python    32      1    27.8 %  2025-05-03T00:38:21    27.0 s  0

Used CPU time:   4.9 CPU hours
Unused CPU time: 13.8 CPU hours

Memory statistics, in GiB:
ID               Alloc   Usage
6228783           59.0        
6228783.batch     59.0     0.0
6228783.python    59.0     6.9
6228783.python    59.0     0.1
6228783.python    59.0     0.1
6228783.python    59.0     0.1
6228783.python    59.0     0.1
6228783.python    59.0     0.1
6228783.python    59.0     0.1
6228783.python    59.0     0.1
6228783.python    59.0     0.1
6228783.python    59.0     0.1
6228783.python    59.0     0.1
6228783.python    59.0     0.1
6228783.python    59.0     0.1
6228783.python    59.0     0.1
6228783.python    59.0     0.1
6228783.python    59.0     0.1
6228783.python    59.0     0.1
6228783.python    59.0     0.1
6228783.python    59.0     0.1
6228783.python    59.0     0.1
6228783.python    59.0     0.1
6228783.python    59.0     0.1
6228783.python    59.0     0.1
6228783.python    59.0     0.1
6228783.python    59.0     0.1
6228783.python    59.0     0.1
6228783.python    59.0     0.1
6228783.python    59.0     0.1
6228783.python    59.0     0.1
6228783.python    59.0     0.1
6228783.python    59.0     0.1
6228783.python    59.0     0.1
6228783.python    59.0     0.1
6228783.python    59.0     0.1
6228783.python    59.0     0.1
6228783.python    59.0     0.1
6228783.python    59.0     0.1
6228783.python    59.0     0.1
6228783.python    59.0     0.1
6228783.python    59.0     0.1
6228783.python    59.0     0.1
6228783.python    59.0     0.1
6228783.python    59.0     0.1
6228783.python    59.0     0.1
6228783.python    59.0     0.1
6228783.python    59.0     0.1
6228783.python    59.0     0.1
6228783.python    59.0     0.1
6228783.python    59.0     0.1
6228783.python    59.0     0.1
6228783.python    59.0     0.1
6228783.python    59.0     0.1
6228783.python    59.0     0.1
6228783.python    59.0     0.1
6228783.python    59.0     0.1
6228783.python    59.0     0.1
6228783.python    59.0     0.1
6228783.python    59.0     0.1
6228783.python    59.0     0.1
6228783.python    59.0     0.1
6228783.python    59.0     0.1
6228783.python    59.0     0.1
6228783.python    59.0     0.1
6228783.python    59.0     0.1
6228783.python    59.0     0.1
6228783.python    59.0     0.1
6228783.python    59.0     0.1
6228783.python    59.0     0.1
6228783.python    59.0     0.1
6228783.python    59.0     0.1
6228783.python    59.0     0.1
6228783.python    59.0     0.1
6228783.python    59.0     0.1
6228783.python    59.0     0.1
6228783.python    59.0     0.1
6228783.python    59.0     0.1
6228783.python    59.0     0.1
6228783.python    59.0     0.1
6228783.python    59.0     0.1
6228783.python    59.0     0.1
6228783.python    59.0     0.1

Job 6228783 completed at Sat May 3 00:38:49 CEST 2025
