Starting job 6228802 on c27-2 on fram at Sat May 3 00:03:44 CEST 2025


Currently Loaded Modules:
  1) StdEnv (S)

  Where:
   S:  Module is Sticky, requires --force to unload or purge

 


The following have been reloaded with a version change:
  1) GCCcore/13.3.0 => GCCcore/13.2.0
  2) OpenSSL/3 => OpenSSL/1.1
  3) Python/3.12.3-GCCcore-13.3.0 => Python/3.11.5-GCCcore-13.2.0
  4) SQLite/3.45.3-GCCcore-13.3.0 => SQLite/3.43.1-GCCcore-13.2.0
  5) Tcl/8.6.14-GCCcore-13.3.0 => Tcl/8.6.13-GCCcore-13.2.0
  6) XZ/5.4.5-GCCcore-13.3.0 => XZ/5.4.4-GCCcore-13.2.0
  7) binutils/2.42-GCCcore-13.3.0 => binutils/2.40-GCCcore-13.2.0
  8) bzip2/1.0.8-GCCcore-13.3.0 => bzip2/1.0.8-GCCcore-13.2.0
  9) libffi/3.4.5-GCCcore-13.3.0 => libffi/3.4.4-GCCcore-13.2.0
 10) libreadline/8.2-GCCcore-13.3.0 => libreadline/8.2-GCCcore-13.2.0
 11) ncurses/6.5-GCCcore-13.3.0 => ncurses/6.4-GCCcore-13.2.0
 12) zlib/1.3.1-GCCcore-13.3.0 => zlib/1.2.13-GCCcore-13.2.0

0
40
Generating /cluster/projects/nn8008k/lluisa/NextSIM/seas/Fmap_10days/2005_AMJ_ic0.5_dt0.0025_DT0.0100/0_Fmap_matrix.npy

real	0m35.903s
user	0m0.014s
sys	0m0.022s
4
44
Generating /cluster/projects/nn8008k/lluisa/NextSIM/seas/Fmap_10days/2005_AMJ_ic0.5_dt0.0025_DT0.0100/1_Fmap_matrix.npy

real	0m27.337s
user	0m0.015s
sys	0m0.013s
8
48
Generating /cluster/projects/nn8008k/lluisa/NextSIM/seas/Fmap_10days/2005_AMJ_ic0.5_dt0.0025_DT0.0100/2_Fmap_matrix.npy

real	0m27.442s
user	0m0.014s
sys	0m0.012s
12
52
Generating /cluster/projects/nn8008k/lluisa/NextSIM/seas/Fmap_10days/2005_AMJ_ic0.5_dt0.0025_DT0.0100/3_Fmap_matrix.npy

real	0m27.225s
user	0m0.010s
sys	0m0.018s
16
56
Generating /cluster/projects/nn8008k/lluisa/NextSIM/seas/Fmap_10days/2005_AMJ_ic0.5_dt0.0025_DT0.0100/4_Fmap_matrix.npy

real	0m26.974s
user	0m0.014s
sys	0m0.012s
20
60
Generating /cluster/projects/nn8008k/lluisa/NextSIM/seas/Fmap_10days/2005_AMJ_ic0.5_dt0.0025_DT0.0100/5_Fmap_matrix.npy

real	0m27.222s
user	0m0.012s
sys	0m0.015s
24
64
Generating /cluster/projects/nn8008k/lluisa/NextSIM/seas/Fmap_10days/2005_AMJ_ic0.5_dt0.0025_DT0.0100/6_Fmap_matrix.npy

real	0m27.555s
user	0m0.017s
sys	0m0.010s
28
68
Generating /cluster/projects/nn8008k/lluisa/NextSIM/seas/Fmap_10days/2005_AMJ_ic0.5_dt0.0025_DT0.0100/7_Fmap_matrix.npy

real	0m27.466s
user	0m0.014s
sys	0m0.013s
32
72
Generating /cluster/projects/nn8008k/lluisa/NextSIM/seas/Fmap_10days/2005_AMJ_ic0.5_dt0.0025_DT0.0100/8_Fmap_matrix.npy

real	0m27.491s
user	0m0.012s
sys	0m0.015s
36
76
Generating /cluster/projects/nn8008k/lluisa/NextSIM/seas/Fmap_10days/2005_AMJ_ic0.5_dt0.0025_DT0.0100/9_Fmap_matrix.npy

real	0m27.190s
user	0m0.011s
sys	0m0.015s
40
80
Generating /cluster/projects/nn8008k/lluisa/NextSIM/seas/Fmap_10days/2005_AMJ_ic0.5_dt0.0025_DT0.0100/10_Fmap_matrix.npy

real	0m27.535s
user	0m0.010s
sys	0m0.017s
44
84
Generating /cluster/projects/nn8008k/lluisa/NextSIM/seas/Fmap_10days/2005_AMJ_ic0.5_dt0.0025_DT0.0100/11_Fmap_matrix.npy

real	0m27.556s
user	0m0.010s
sys	0m0.016s
48
88
Generating /cluster/projects/nn8008k/lluisa/NextSIM/seas/Fmap_10days/2005_AMJ_ic0.5_dt0.0025_DT0.0100/12_Fmap_matrix.npy

real	0m26.890s
user	0m0.016s
sys	0m0.010s
52
92
Generating /cluster/projects/nn8008k/lluisa/NextSIM/seas/Fmap_10days/2005_AMJ_ic0.5_dt0.0025_DT0.0100/13_Fmap_matrix.npy

real	0m27.197s
user	0m0.018s
sys	0m0.009s
56
96
Generating /cluster/projects/nn8008k/lluisa/NextSIM/seas/Fmap_10days/2005_AMJ_ic0.5_dt0.0025_DT0.0100/14_Fmap_matrix.npy

real	0m27.215s
user	0m0.010s
sys	0m0.017s
60
100
Generating /cluster/projects/nn8008k/lluisa/NextSIM/seas/Fmap_10days/2005_AMJ_ic0.5_dt0.0025_DT0.0100/15_Fmap_matrix.npy

real	0m27.051s
user	0m0.014s
sys	0m0.013s
64
104
Generating /cluster/projects/nn8008k/lluisa/NextSIM/seas/Fmap_10days/2005_AMJ_ic0.5_dt0.0025_DT0.0100/16_Fmap_matrix.npy

real	0m27.259s
user	0m0.015s
sys	0m0.012s
68
108
Generating /cluster/projects/nn8008k/lluisa/NextSIM/seas/Fmap_10days/2005_AMJ_ic0.5_dt0.0025_DT0.0100/17_Fmap_matrix.npy

real	0m27.339s
user	0m0.009s
sys	0m0.018s
72
112
Generating /cluster/projects/nn8008k/lluisa/NextSIM/seas/Fmap_10days/2005_AMJ_ic0.5_dt0.0025_DT0.0100/18_Fmap_matrix.npy

real	0m27.494s
user	0m0.014s
sys	0m0.013s
76
116
Generating /cluster/projects/nn8008k/lluisa/NextSIM/seas/Fmap_10days/2005_AMJ_ic0.5_dt0.0025_DT0.0100/19_Fmap_matrix.npy

real	0m27.492s
user	0m0.010s
sys	0m0.016s
80
120
Generating /cluster/projects/nn8008k/lluisa/NextSIM/seas/Fmap_10days/2005_AMJ_ic0.5_dt0.0025_DT0.0100/20_Fmap_matrix.npy

real	0m27.423s
user	0m0.012s
sys	0m0.014s
84
124
Generating /cluster/projects/nn8008k/lluisa/NextSIM/seas/Fmap_10days/2005_AMJ_ic0.5_dt0.0025_DT0.0100/21_Fmap_matrix.npy

real	0m27.176s
user	0m0.012s
sys	0m0.014s
88
128
Generating /cluster/projects/nn8008k/lluisa/NextSIM/seas/Fmap_10days/2005_AMJ_ic0.5_dt0.0025_DT0.0100/22_Fmap_matrix.npy

real	0m27.391s
user	0m0.015s
sys	0m0.012s
92
132
Generating /cluster/projects/nn8008k/lluisa/NextSIM/seas/Fmap_10days/2005_AMJ_ic0.5_dt0.0025_DT0.0100/23_Fmap_matrix.npy

real	0m27.472s
user	0m0.013s
sys	0m0.014s
96
136
Generating /cluster/projects/nn8008k/lluisa/NextSIM/seas/Fmap_10days/2005_AMJ_ic0.5_dt0.0025_DT0.0100/24_Fmap_matrix.npy

real	0m27.122s
user	0m0.010s
sys	0m0.017s
100
140
Generating /cluster/projects/nn8008k/lluisa/NextSIM/seas/Fmap_10days/2005_AMJ_ic0.5_dt0.0025_DT0.0100/25_Fmap_matrix.npy

real	0m27.821s
user	0m0.014s
sys	0m0.013s
104
144
Generating /cluster/projects/nn8008k/lluisa/NextSIM/seas/Fmap_10days/2005_AMJ_ic0.5_dt0.0025_DT0.0100/26_Fmap_matrix.npy

real	0m27.051s
user	0m0.012s
sys	0m0.015s
108
148
Generating /cluster/projects/nn8008k/lluisa/NextSIM/seas/Fmap_10days/2005_AMJ_ic0.5_dt0.0025_DT0.0100/27_Fmap_matrix.npy

real	0m27.620s
user	0m0.014s
sys	0m0.012s
112
152
Generating /cluster/projects/nn8008k/lluisa/NextSIM/seas/Fmap_10days/2005_AMJ_ic0.5_dt0.0025_DT0.0100/28_Fmap_matrix.npy

real	0m27.132s
user	0m0.013s
sys	0m0.014s
116
156
Generating /cluster/projects/nn8008k/lluisa/NextSIM/seas/Fmap_10days/2005_AMJ_ic0.5_dt0.0025_DT0.0100/29_Fmap_matrix.npy

real	0m27.646s
user	0m0.013s
sys	0m0.014s
120
160
Generating /cluster/projects/nn8008k/lluisa/NextSIM/seas/Fmap_10days/2005_AMJ_ic0.5_dt0.0025_DT0.0100/30_Fmap_matrix.npy

real	0m27.286s
user	0m0.013s
sys	0m0.014s
124
164
Generating /cluster/projects/nn8008k/lluisa/NextSIM/seas/Fmap_10days/2005_AMJ_ic0.5_dt0.0025_DT0.0100/31_Fmap_matrix.npy

real	0m27.382s
user	0m0.014s
sys	0m0.013s
128
168
Generating /cluster/projects/nn8008k/lluisa/NextSIM/seas/Fmap_10days/2005_AMJ_ic0.5_dt0.0025_DT0.0100/32_Fmap_matrix.npy

real	0m27.787s
user	0m0.018s
sys	0m0.010s
132
172
Generating /cluster/projects/nn8008k/lluisa/NextSIM/seas/Fmap_10days/2005_AMJ_ic0.5_dt0.0025_DT0.0100/33_Fmap_matrix.npy

real	0m27.385s
user	0m0.010s
sys	0m0.017s
136
176
Generating /cluster/projects/nn8008k/lluisa/NextSIM/seas/Fmap_10days/2005_AMJ_ic0.5_dt0.0025_DT0.0100/34_Fmap_matrix.npy

real	0m29.926s
user	0m0.012s
sys	0m0.016s
140
180
Generating /cluster/projects/nn8008k/lluisa/NextSIM/seas/Fmap_10days/2005_AMJ_ic0.5_dt0.0025_DT0.0100/35_Fmap_matrix.npy

real	0m27.637s
user	0m0.013s
sys	0m0.014s
144
184
Generating /cluster/projects/nn8008k/lluisa/NextSIM/seas/Fmap_10days/2005_AMJ_ic0.5_dt0.0025_DT0.0100/36_Fmap_matrix.npy

real	0m27.376s
user	0m0.012s
sys	0m0.015s
148
188
Generating /cluster/projects/nn8008k/lluisa/NextSIM/seas/Fmap_10days/2005_AMJ_ic0.5_dt0.0025_DT0.0100/37_Fmap_matrix.npy

real	0m27.439s
user	0m0.014s
sys	0m0.013s
152
192
Generating /cluster/projects/nn8008k/lluisa/NextSIM/seas/Fmap_10days/2005_AMJ_ic0.5_dt0.0025_DT0.0100/38_Fmap_matrix.npy

real	0m27.240s
user	0m0.012s
sys	0m0.015s
156
196
Generating /cluster/projects/nn8008k/lluisa/NextSIM/seas/Fmap_10days/2005_AMJ_ic0.5_dt0.0025_DT0.0100/39_Fmap_matrix.npy

real	0m27.304s
user	0m0.015s
sys	0m0.011s
160
200
Generating /cluster/projects/nn8008k/lluisa/NextSIM/seas/Fmap_10days/2005_AMJ_ic0.5_dt0.0025_DT0.0100/40_Fmap_matrix.npy

real	0m27.918s
user	0m0.013s
sys	0m0.014s
164
204
Generating /cluster/projects/nn8008k/lluisa/NextSIM/seas/Fmap_10days/2005_AMJ_ic0.5_dt0.0025_DT0.0100/41_Fmap_matrix.npy

real	0m27.652s
user	0m0.016s
sys	0m0.012s
168
208
Generating /cluster/projects/nn8008k/lluisa/NextSIM/seas/Fmap_10days/2005_AMJ_ic0.5_dt0.0025_DT0.0100/42_Fmap_matrix.npy

real	0m27.636s
user	0m0.013s
sys	0m0.013s
172
212
Generating /cluster/projects/nn8008k/lluisa/NextSIM/seas/Fmap_10days/2005_AMJ_ic0.5_dt0.0025_DT0.0100/43_Fmap_matrix.npy

real	0m27.577s
user	0m0.015s
sys	0m0.012s
176
216
Generating /cluster/projects/nn8008k/lluisa/NextSIM/seas/Fmap_10days/2005_AMJ_ic0.5_dt0.0025_DT0.0100/44_Fmap_matrix.npy

real	0m27.120s
user	0m0.015s
sys	0m0.013s
180
220
Generating /cluster/projects/nn8008k/lluisa/NextSIM/seas/Fmap_10days/2005_AMJ_ic0.5_dt0.0025_DT0.0100/45_Fmap_matrix.npy

real	0m27.311s
user	0m0.011s
sys	0m0.016s
184
224
Generating /cluster/projects/nn8008k/lluisa/NextSIM/seas/Fmap_10days/2005_AMJ_ic0.5_dt0.0025_DT0.0100/46_Fmap_matrix.npy

real	0m27.632s
user	0m0.011s
sys	0m0.016s
188
228
Generating /cluster/projects/nn8008k/lluisa/NextSIM/seas/Fmap_10days/2005_AMJ_ic0.5_dt0.0025_DT0.0100/47_Fmap_matrix.npy

real	0m27.311s
user	0m0.013s
sys	0m0.014s
192
232
Generating /cluster/projects/nn8008k/lluisa/NextSIM/seas/Fmap_10days/2005_AMJ_ic0.5_dt0.0025_DT0.0100/48_Fmap_matrix.npy

real	0m27.068s
user	0m0.014s
sys	0m0.013s
196
236
Generating /cluster/projects/nn8008k/lluisa/NextSIM/seas/Fmap_10days/2005_AMJ_ic0.5_dt0.0025_DT0.0100/49_Fmap_matrix.npy

real	0m27.156s
user	0m0.013s
sys	0m0.013s
200
240
Generating /cluster/projects/nn8008k/lluisa/NextSIM/seas/Fmap_10days/2005_AMJ_ic0.5_dt0.0025_DT0.0100/50_Fmap_matrix.npy

real	0m27.554s
user	0m0.015s
sys	0m0.012s
204
244
Generating /cluster/projects/nn8008k/lluisa/NextSIM/seas/Fmap_10days/2005_AMJ_ic0.5_dt0.0025_DT0.0100/51_Fmap_matrix.npy

real	0m27.071s
user	0m0.014s
sys	0m0.013s
208
248
Generating /cluster/projects/nn8008k/lluisa/NextSIM/seas/Fmap_10days/2005_AMJ_ic0.5_dt0.0025_DT0.0100/52_Fmap_matrix.npy

real	0m27.239s
user	0m0.013s
sys	0m0.013s
212
252
Generating /cluster/projects/nn8008k/lluisa/NextSIM/seas/Fmap_10days/2005_AMJ_ic0.5_dt0.0025_DT0.0100/53_Fmap_matrix.npy

real	0m26.987s
user	0m0.012s
sys	0m0.014s
216
256
Generating /cluster/projects/nn8008k/lluisa/NextSIM/seas/Fmap_10days/2005_AMJ_ic0.5_dt0.0025_DT0.0100/54_Fmap_matrix.npy

real	0m27.050s
user	0m0.013s
sys	0m0.014s
220
260
Generating /cluster/projects/nn8008k/lluisa/NextSIM/seas/Fmap_10days/2005_AMJ_ic0.5_dt0.0025_DT0.0100/55_Fmap_matrix.npy

real	0m27.517s
user	0m0.012s
sys	0m0.014s
224
264
Generating /cluster/projects/nn8008k/lluisa/NextSIM/seas/Fmap_10days/2005_AMJ_ic0.5_dt0.0025_DT0.0100/56_Fmap_matrix.npy

real	0m26.840s
user	0m0.013s
sys	0m0.014s
228
268
Generating /cluster/projects/nn8008k/lluisa/NextSIM/seas/Fmap_10days/2005_AMJ_ic0.5_dt0.0025_DT0.0100/57_Fmap_matrix.npy

real	0m26.720s
user	0m0.012s
sys	0m0.014s
232
272
Generating /cluster/projects/nn8008k/lluisa/NextSIM/seas/Fmap_10days/2005_AMJ_ic0.5_dt0.0025_DT0.0100/58_Fmap_matrix.npy

real	0m27.158s
user	0m0.016s
sys	0m0.010s
236
276
Generating /cluster/projects/nn8008k/lluisa/NextSIM/seas/Fmap_10days/2005_AMJ_ic0.5_dt0.0025_DT0.0100/59_Fmap_matrix.npy

real	0m27.528s
user	0m0.014s
sys	0m0.013s
240
280
Generating /cluster/projects/nn8008k/lluisa/NextSIM/seas/Fmap_10days/2005_AMJ_ic0.5_dt0.0025_DT0.0100/60_Fmap_matrix.npy

real	0m27.003s
user	0m0.015s
sys	0m0.010s
244
284
Generating /cluster/projects/nn8008k/lluisa/NextSIM/seas/Fmap_10days/2005_AMJ_ic0.5_dt0.0025_DT0.0100/61_Fmap_matrix.npy

real	0m27.130s
user	0m0.007s
sys	0m0.020s
248
288
Generating /cluster/projects/nn8008k/lluisa/NextSIM/seas/Fmap_10days/2005_AMJ_ic0.5_dt0.0025_DT0.0100/62_Fmap_matrix.npy

real	0m26.712s
user	0m0.014s
sys	0m0.013s
252
292
Generating /cluster/projects/nn8008k/lluisa/NextSIM/seas/Fmap_10days/2005_AMJ_ic0.5_dt0.0025_DT0.0100/63_Fmap_matrix.npy

real	0m27.145s
user	0m0.014s
sys	0m0.013s
256
296
Generating /cluster/projects/nn8008k/lluisa/NextSIM/seas/Fmap_10days/2005_AMJ_ic0.5_dt0.0025_DT0.0100/64_Fmap_matrix.npy

real	0m26.708s
user	0m0.011s
sys	0m0.016s
260
300
Generating /cluster/projects/nn8008k/lluisa/NextSIM/seas/Fmap_10days/2005_AMJ_ic0.5_dt0.0025_DT0.0100/65_Fmap_matrix.npy

real	0m26.952s
user	0m0.013s
sys	0m0.014s
264
304
Generating /cluster/projects/nn8008k/lluisa/NextSIM/seas/Fmap_10days/2005_AMJ_ic0.5_dt0.0025_DT0.0100/66_Fmap_matrix.npy

real	0m27.016s
user	0m0.014s
sys	0m0.013s
268
308
Generating /cluster/projects/nn8008k/lluisa/NextSIM/seas/Fmap_10days/2005_AMJ_ic0.5_dt0.0025_DT0.0100/67_Fmap_matrix.npy

real	0m26.844s
user	0m0.010s
sys	0m0.017s
272
312
Generating /cluster/projects/nn8008k/lluisa/NextSIM/seas/Fmap_10days/2005_AMJ_ic0.5_dt0.0025_DT0.0100/68_Fmap_matrix.npy

real	0m26.888s
user	0m0.015s
sys	0m0.011s
276
316
Generating /cluster/projects/nn8008k/lluisa/NextSIM/seas/Fmap_10days/2005_AMJ_ic0.5_dt0.0025_DT0.0100/69_Fmap_matrix.npy

real	0m26.976s
user	0m0.015s
sys	0m0.012s
280
320
Generating /cluster/projects/nn8008k/lluisa/NextSIM/seas/Fmap_10days/2005_AMJ_ic0.5_dt0.0025_DT0.0100/70_Fmap_matrix.npy

real	0m26.790s
user	0m0.011s
sys	0m0.016s
284
324
Generating /cluster/projects/nn8008k/lluisa/NextSIM/seas/Fmap_10days/2005_AMJ_ic0.5_dt0.0025_DT0.0100/71_Fmap_matrix.npy

real	0m27.007s
user	0m0.015s
sys	0m0.013s
288
328
Generating /cluster/projects/nn8008k/lluisa/NextSIM/seas/Fmap_10days/2005_AMJ_ic0.5_dt0.0025_DT0.0100/72_Fmap_matrix.npy

real	0m26.638s
user	0m0.014s
sys	0m0.013s
292
332
Generating /cluster/projects/nn8008k/lluisa/NextSIM/seas/Fmap_10days/2005_AMJ_ic0.5_dt0.0025_DT0.0100/73_Fmap_matrix.npy

real	0m26.554s
user	0m0.016s
sys	0m0.011s
296
336
Generating /cluster/projects/nn8008k/lluisa/NextSIM/seas/Fmap_10days/2005_AMJ_ic0.5_dt0.0025_DT0.0100/74_Fmap_matrix.npy

real	0m26.706s
user	0m0.013s
sys	0m0.014s
300
340
Generating /cluster/projects/nn8008k/lluisa/NextSIM/seas/Fmap_10days/2005_AMJ_ic0.5_dt0.0025_DT0.0100/75_Fmap_matrix.npy

real	0m26.836s
user	0m0.014s
sys	0m0.013s
304
344
Generating /cluster/projects/nn8008k/lluisa/NextSIM/seas/Fmap_10days/2005_AMJ_ic0.5_dt0.0025_DT0.0100/76_Fmap_matrix.npy

real	0m26.197s
user	0m0.010s
sys	0m0.017s
308
348
Generating /cluster/projects/nn8008k/lluisa/NextSIM/seas/Fmap_10days/2005_AMJ_ic0.5_dt0.0025_DT0.0100/77_Fmap_matrix.npy

real	0m26.701s
user	0m0.016s
sys	0m0.012s
312
352
Generating /cluster/projects/nn8008k/lluisa/NextSIM/seas/Fmap_10days/2005_AMJ_ic0.5_dt0.0025_DT0.0100/78_Fmap_matrix.npy

real	0m26.750s
user	0m0.012s
sys	0m0.015s
316
356
Generating /cluster/projects/nn8008k/lluisa/NextSIM/seas/Fmap_10days/2005_AMJ_ic0.5_dt0.0025_DT0.0100/79_Fmap_matrix.npy

real	0m26.534s
user	0m0.011s
sys	0m0.016s
320
360
Generating /cluster/projects/nn8008k/lluisa/NextSIM/seas/Fmap_10days/2005_AMJ_ic0.5_dt0.0025_DT0.0100/80_Fmap_matrix.npy

real	0m26.649s
user	0m0.012s
sys	0m0.015s
EBVERSIONNUMACTL=2.0.16
SLURM_JOB_NUM_NODES=1
EBROOTNUMACTL=/cluster/software/numactl/2.0.16-GCCcore-13.2.0
EBDEVELNUMACTL=/cluster/software/numactl/2.0.16-GCCcore-13.2.0/easybuild/numactl-2.0.16-GCCcore-13.2.0-easybuild-devel
OMP_NUM_THREADS=32

Job 6228802 consumed 19.7 billing hours from project nn8008k.

Submitted 2025-05-03T00:03:20; waited 21.0 seconds in the queue after becoming eligible to run.

Requested wallclock time: 3.0 days
Elapsed wallclock time:   37.0 minutes

Job exited normally.

Task and CPU statistics:
ID              CPUs  Tasks  CPU util                Start   Elapsed  Exit status
6228802           32            0.0 %  2025-05-03T00:03:41  2219.0 s  0
6228802.batch     32      1     0.0 %  2025-05-03T00:03:41  2219.0 s  0
6228802.python    32      1    21.6 %  2025-05-03T00:03:46    36.0 s  0
6228802.python    32      1    28.4 %  2025-05-03T00:04:22    27.0 s  0
6228802.python    32      1    27.5 %  2025-05-03T00:04:49    28.0 s  0
6228802.python    32      1    28.5 %  2025-05-03T00:05:17    27.0 s  0
6228802.python    32      1    28.5 %  2025-05-03T00:05:44    27.0 s  0
6228802.python    32      1    28.5 %  2025-05-03T00:06:11    27.0 s  0
6228802.python    32      1    27.6 %  2025-05-03T00:06:38    28.0 s  0
6228802.python    32      1    28.6 %  2025-05-03T00:07:06    27.0 s  0
6228802.python    32      1    27.7 %  2025-05-03T00:07:33    28.0 s  0
6228802.python    32      1    28.6 %  2025-05-03T00:08:01    27.0 s  0
6228802.python    32      1    28.4 %  2025-05-03T00:08:28    27.0 s  0
6228802.python    32      1    27.6 %  2025-05-03T00:08:55    28.0 s  0
6228802.python    32      1    28.6 %  2025-05-03T00:09:23    27.0 s  0
6228802.python    32      1    28.4 %  2025-05-03T00:09:50    27.0 s  0
6228802.python    32      1    28.3 %  2025-05-03T00:10:17    27.0 s  0
6228802.python    32      1    28.3 %  2025-05-03T00:10:44    27.0 s  0
6228802.python    32      1    28.4 %  2025-05-03T00:11:11    27.0 s  0
6228802.python    32      1    28.5 %  2025-05-03T00:11:39    27.0 s  0
6228802.python    32      1    28.4 %  2025-05-03T00:12:06    27.0 s  0
6228802.python    32      1    27.5 %  2025-05-03T00:12:33    28.0 s  0
6228802.python    32      1    28.6 %  2025-05-03T00:13:01    27.0 s  0
6228802.python    32      1    28.5 %  2025-05-03T00:13:28    27.0 s  0
6228802.python    32      1    27.4 %  2025-05-03T00:13:55    28.0 s  0
6228802.python    32      1    28.6 %  2025-05-03T00:14:23    27.0 s  0
6228802.python    32      1    28.5 %  2025-05-03T00:14:50    27.0 s  0
6228802.python    32      1    27.5 %  2025-05-03T00:15:17    28.0 s  0
6228802.python    32      1    28.4 %  2025-05-03T00:15:45    27.0 s  0
6228802.python    32      1    27.6 %  2025-05-03T00:16:12    28.0 s  0
6228802.python    32      1    28.4 %  2025-05-03T00:16:40    27.0 s  0
6228802.python    32      1    27.6 %  2025-05-03T00:17:07    28.0 s  0
6228802.python    32      1    28.4 %  2025-05-03T00:17:35    27.0 s  0
6228802.python    32      1    28.6 %  2025-05-03T00:18:02    27.0 s  0
6228802.python    32      1    27.5 %  2025-05-03T00:18:29    28.0 s  0
6228802.python    32      1    27.3 %  2025-05-03T00:18:57    28.0 s  0
6228802.python    32      1    27.1 %  2025-05-03T00:19:25    29.0 s  0
6228802.python    32      1    27.7 %  2025-05-03T00:19:54    28.0 s  0
6228802.python    32      1    28.6 %  2025-05-03T00:20:22    27.0 s  0
6228802.python    32      1    27.4 %  2025-05-03T00:20:49    28.0 s  0
6228802.python    32      1    28.4 %  2025-05-03T00:21:17    27.0 s  0
6228802.python    32      1    28.4 %  2025-05-03T00:21:44    27.0 s  0
6228802.python    32      1    27.5 %  2025-05-03T00:22:11    28.0 s  0
6228802.python    32      1    27.4 %  2025-05-03T00:22:39    28.0 s  0
6228802.python    32      1    27.6 %  2025-05-03T00:23:07    28.0 s  0
6228802.python    32      1    28.5 %  2025-05-03T00:23:35    27.0 s  0
6228802.python    32      1    28.1 %  2025-05-03T00:24:02    27.0 s  0
6228802.python    32      1    27.3 %  2025-05-03T00:24:29    28.0 s  0
6228802.python    32      1    28.3 %  2025-05-03T00:24:57    27.0 s  0
6228802.python    32      1    27.1 %  2025-05-03T00:25:24    28.0 s  0
6228802.python    32      1    28.4 %  2025-05-03T00:25:52    27.0 s  0
6228802.python    32      1    28.2 %  2025-05-03T00:26:19    27.0 s  0
6228802.python    32      1    28.4 %  2025-05-03T00:26:46    27.0 s  0
6228802.python    32      1    28.5 %  2025-05-03T00:27:13    27.0 s  0
6228802.python    32      1    27.1 %  2025-05-03T00:27:40    28.0 s  0
6228802.python    32      1    28.1 %  2025-05-03T00:28:08    27.0 s  0
6228802.python    32      1    28.1 %  2025-05-03T00:28:35    27.0 s  0
6228802.python    32      1    28.1 %  2025-05-03T00:29:02    27.0 s  0
6228802.python    32      1    28.0 %  2025-05-03T00:29:29    27.0 s  0
6228802.python    32      1    27.6 %  2025-05-03T00:29:56    27.0 s  0
6228802.python    32      1    28.1 %  2025-05-03T00:30:23    27.0 s  0
6228802.python    32      1    28.1 %  2025-05-03T00:30:50    27.0 s  0
6228802.python    32      1    29.0 %  2025-05-03T00:31:18    26.0 s  0
6228802.python    32      1    27.7 %  2025-05-03T00:31:45    27.0 s  0
6228802.python    32      1    28.8 %  2025-05-03T00:32:12    26.0 s  0
6228802.python    32      1    28.1 %  2025-05-03T00:32:38    27.0 s  0
6228802.python    32      1    28.4 %  2025-05-03T00:33:06    26.0 s  0
6228802.python    32      1    27.6 %  2025-05-03T00:33:32    27.0 s  0
6228802.python    32      1    27.5 %  2025-05-03T00:33:59    27.0 s  0
6228802.python    32      1    27.3 %  2025-05-03T00:34:26    27.0 s  0
6228802.python    32      1    27.2 %  2025-05-03T00:34:53    27.0 s  0
6228802.python    32      1    27.2 %  2025-05-03T00:35:20    27.0 s  0
6228802.python    32      1    27.0 %  2025-05-03T00:35:47    27.0 s  0
6228802.python    32      1    27.0 %  2025-05-03T00:36:14    27.0 s  0
6228802.python    32      1    28.1 %  2025-05-03T00:36:41    26.0 s  0
6228802.python    32      1    27.1 %  2025-05-03T00:37:07    27.0 s  0
6228802.python    32      1    26.7 %  2025-05-03T00:37:34    27.0 s  0
6228802.python    32      1    27.8 %  2025-05-03T00:38:01    26.0 s  0
6228802.python    32      1    26.7 %  2025-05-03T00:38:27    27.0 s  0
6228802.python    32      1    27.9 %  2025-05-03T00:38:54    26.0 s  0
6228802.python    32      1    26.5 %  2025-05-03T00:39:20    27.0 s  0
6228802.python    32      1    26.4 %  2025-05-03T00:39:47    27.0 s  0
6228802.python    32      1    27.5 %  2025-05-03T00:40:14    26.0 s  0

Used CPU time:   5.5 CPU hours
Unused CPU time: 14.3 CPU hours

Memory statistics, in GiB:
ID               Alloc   Usage
6228802           59.0        
6228802.batch     59.0     0.0
6228802.python    59.0     6.9
6228802.python    59.0     0.1
6228802.python    59.0     0.1
6228802.python    59.0     0.1
6228802.python    59.0     0.1
6228802.python    59.0     0.1
6228802.python    59.0     0.1
6228802.python    59.0     0.1
6228802.python    59.0     0.1
6228802.python    59.0     0.1
6228802.python    59.0     0.1
6228802.python    59.0     0.1
6228802.python    59.0     0.1
6228802.python    59.0     0.1
6228802.python    59.0     0.1
6228802.python    59.0     0.1
6228802.python    59.0     0.1
6228802.python    59.0     0.1
6228802.python    59.0     0.1
6228802.python    59.0     0.1
6228802.python    59.0     0.1
6228802.python    59.0     0.1
6228802.python    59.0     0.1
6228802.python    59.0     0.1
6228802.python    59.0     0.1
6228802.python    59.0     0.1
6228802.python    59.0     0.1
6228802.python    59.0     0.1
6228802.python    59.0     0.1
6228802.python    59.0     0.1
6228802.python    59.0     0.1
6228802.python    59.0     0.1
6228802.python    59.0     0.1
6228802.python    59.0     0.1
6228802.python    59.0     0.1
6228802.python    59.0     0.1
6228802.python    59.0     0.1
6228802.python    59.0     0.1
6228802.python    59.0     0.1
6228802.python    59.0     0.1
6228802.python    59.0     0.1
6228802.python    59.0     0.1
6228802.python    59.0     0.1
6228802.python    59.0     0.1
6228802.python    59.0     0.1
6228802.python    59.0     0.1
6228802.python    59.0     0.1
6228802.python    59.0     0.1
6228802.python    59.0     0.1
6228802.python    59.0     0.1
6228802.python    59.0     0.1
6228802.python    59.0     0.1
6228802.python    59.0     0.1
6228802.python    59.0     0.1
6228802.python    59.0     0.1
6228802.python    59.0     0.1
6228802.python    59.0     0.1
6228802.python    59.0     0.1
6228802.python    59.0     0.1
6228802.python    59.0     0.1
6228802.python    59.0     0.1
6228802.python    59.0     0.1
6228802.python    59.0     0.1
6228802.python    59.0     0.1
6228802.python    59.0     0.1
6228802.python    59.0     0.1
6228802.python    59.0     0.1
6228802.python    59.0     0.1
6228802.python    59.0     0.1
6228802.python    59.0     0.1
6228802.python    59.0     0.1
6228802.python    59.0     0.1
6228802.python    59.0     0.1
6228802.python    59.0     0.1
6228802.python    59.0     0.1
6228802.python    59.0     0.1
6228802.python    59.0     0.1
6228802.python    59.0     0.1
6228802.python    59.0     0.1
6228802.python    59.0     0.1
6228802.python    59.0     0.1

Job 6228802 completed at Sat May 3 00:40:41 CEST 2025
