Starting job 6228820 on c29-12 on fram at Sat May 3 00:03:44 CEST 2025


Currently Loaded Modules:
  1) StdEnv (S)

  Where:
   S:  Module is Sticky, requires --force to unload or purge

 


The following have been reloaded with a version change:
  1) GCCcore/13.3.0 => GCCcore/13.2.0
  2) OpenSSL/3 => OpenSSL/1.1
  3) Python/3.12.3-GCCcore-13.3.0 => Python/3.11.5-GCCcore-13.2.0
  4) SQLite/3.45.3-GCCcore-13.3.0 => SQLite/3.43.1-GCCcore-13.2.0
  5) Tcl/8.6.14-GCCcore-13.3.0 => Tcl/8.6.13-GCCcore-13.2.0
  6) XZ/5.4.5-GCCcore-13.3.0 => XZ/5.4.4-GCCcore-13.2.0
  7) binutils/2.42-GCCcore-13.3.0 => binutils/2.40-GCCcore-13.2.0
  8) bzip2/1.0.8-GCCcore-13.3.0 => bzip2/1.0.8-GCCcore-13.2.0
  9) libffi/3.4.5-GCCcore-13.3.0 => libffi/3.4.4-GCCcore-13.2.0
 10) libreadline/8.2-GCCcore-13.3.0 => libreadline/8.2-GCCcore-13.2.0
 11) ncurses/6.5-GCCcore-13.3.0 => ncurses/6.4-GCCcore-13.2.0
 12) zlib/1.3.1-GCCcore-13.3.0 => zlib/1.2.13-GCCcore-13.2.0

0
40
Generating /cluster/projects/nn8008k/lluisa/NextSIM/seas/Fmap_10days/2009_JFM_ic0.5_dt0.0025_DT0.0100/0_Fmap_matrix.npy

real	0m35.176s
user	0m0.019s
sys	0m0.020s
4
44
Generating /cluster/projects/nn8008k/lluisa/NextSIM/seas/Fmap_10days/2009_JFM_ic0.5_dt0.0025_DT0.0100/1_Fmap_matrix.npy

real	0m26.841s
user	0m0.017s
sys	0m0.012s
8
48
Generating /cluster/projects/nn8008k/lluisa/NextSIM/seas/Fmap_10days/2009_JFM_ic0.5_dt0.0025_DT0.0100/2_Fmap_matrix.npy

real	0m27.083s
user	0m0.016s
sys	0m0.013s
12
52
Generating /cluster/projects/nn8008k/lluisa/NextSIM/seas/Fmap_10days/2009_JFM_ic0.5_dt0.0025_DT0.0100/3_Fmap_matrix.npy

real	0m27.106s
user	0m0.011s
sys	0m0.017s
16
56
Generating /cluster/projects/nn8008k/lluisa/NextSIM/seas/Fmap_10days/2009_JFM_ic0.5_dt0.0025_DT0.0100/4_Fmap_matrix.npy

real	0m27.244s
user	0m0.016s
sys	0m0.012s
20
60
Generating /cluster/projects/nn8008k/lluisa/NextSIM/seas/Fmap_10days/2009_JFM_ic0.5_dt0.0025_DT0.0100/5_Fmap_matrix.npy

real	0m27.186s
user	0m0.015s
sys	0m0.012s
24
64
Generating /cluster/projects/nn8008k/lluisa/NextSIM/seas/Fmap_10days/2009_JFM_ic0.5_dt0.0025_DT0.0100/6_Fmap_matrix.npy

real	0m27.019s
user	0m0.013s
sys	0m0.015s
28
68
Generating /cluster/projects/nn8008k/lluisa/NextSIM/seas/Fmap_10days/2009_JFM_ic0.5_dt0.0025_DT0.0100/7_Fmap_matrix.npy

real	0m27.509s
user	0m0.013s
sys	0m0.014s
32
72
Generating /cluster/projects/nn8008k/lluisa/NextSIM/seas/Fmap_10days/2009_JFM_ic0.5_dt0.0025_DT0.0100/8_Fmap_matrix.npy

real	0m27.057s
user	0m0.012s
sys	0m0.017s
36
76
Generating /cluster/projects/nn8008k/lluisa/NextSIM/seas/Fmap_10days/2009_JFM_ic0.5_dt0.0025_DT0.0100/9_Fmap_matrix.npy

real	0m27.236s
user	0m0.011s
sys	0m0.018s
40
80
Generating /cluster/projects/nn8008k/lluisa/NextSIM/seas/Fmap_10days/2009_JFM_ic0.5_dt0.0025_DT0.0100/10_Fmap_matrix.npy

real	0m27.204s
user	0m0.013s
sys	0m0.016s
44
84
Generating /cluster/projects/nn8008k/lluisa/NextSIM/seas/Fmap_10days/2009_JFM_ic0.5_dt0.0025_DT0.0100/11_Fmap_matrix.npy

real	0m27.545s
user	0m0.011s
sys	0m0.017s
48
88
Generating /cluster/projects/nn8008k/lluisa/NextSIM/seas/Fmap_10days/2009_JFM_ic0.5_dt0.0025_DT0.0100/12_Fmap_matrix.npy

real	0m27.287s
user	0m0.014s
sys	0m0.015s
52
92
Generating /cluster/projects/nn8008k/lluisa/NextSIM/seas/Fmap_10days/2009_JFM_ic0.5_dt0.0025_DT0.0100/13_Fmap_matrix.npy

real	0m27.431s
user	0m0.017s
sys	0m0.011s
56
96
Generating /cluster/projects/nn8008k/lluisa/NextSIM/seas/Fmap_10days/2009_JFM_ic0.5_dt0.0025_DT0.0100/14_Fmap_matrix.npy

real	0m27.307s
user	0m0.018s
sys	0m0.009s
60
100
Generating /cluster/projects/nn8008k/lluisa/NextSIM/seas/Fmap_10days/2009_JFM_ic0.5_dt0.0025_DT0.0100/15_Fmap_matrix.npy

real	0m28.341s
user	0m0.017s
sys	0m0.011s
64
104
Generating /cluster/projects/nn8008k/lluisa/NextSIM/seas/Fmap_10days/2009_JFM_ic0.5_dt0.0025_DT0.0100/16_Fmap_matrix.npy

real	0m27.327s
user	0m0.007s
sys	0m0.020s
68
108
Generating /cluster/projects/nn8008k/lluisa/NextSIM/seas/Fmap_10days/2009_JFM_ic0.5_dt0.0025_DT0.0100/17_Fmap_matrix.npy

real	0m27.022s
user	0m0.015s
sys	0m0.011s
72
112
Generating /cluster/projects/nn8008k/lluisa/NextSIM/seas/Fmap_10days/2009_JFM_ic0.5_dt0.0025_DT0.0100/18_Fmap_matrix.npy

real	0m27.252s
user	0m0.014s
sys	0m0.012s
76
116
Generating /cluster/projects/nn8008k/lluisa/NextSIM/seas/Fmap_10days/2009_JFM_ic0.5_dt0.0025_DT0.0100/19_Fmap_matrix.npy

real	0m27.266s
user	0m0.015s
sys	0m0.015s
80
120
Generating /cluster/projects/nn8008k/lluisa/NextSIM/seas/Fmap_10days/2009_JFM_ic0.5_dt0.0025_DT0.0100/20_Fmap_matrix.npy

real	0m26.923s
user	0m0.017s
sys	0m0.011s
84
124
Generating /cluster/projects/nn8008k/lluisa/NextSIM/seas/Fmap_10days/2009_JFM_ic0.5_dt0.0025_DT0.0100/21_Fmap_matrix.npy

real	0m27.197s
user	0m0.016s
sys	0m0.013s
88
128
Generating /cluster/projects/nn8008k/lluisa/NextSIM/seas/Fmap_10days/2009_JFM_ic0.5_dt0.0025_DT0.0100/22_Fmap_matrix.npy

real	0m27.326s
user	0m0.017s
sys	0m0.012s
92
132
Generating /cluster/projects/nn8008k/lluisa/NextSIM/seas/Fmap_10days/2009_JFM_ic0.5_dt0.0025_DT0.0100/23_Fmap_matrix.npy

real	0m26.922s
user	0m0.014s
sys	0m0.014s
96
136
Generating /cluster/projects/nn8008k/lluisa/NextSIM/seas/Fmap_10days/2009_JFM_ic0.5_dt0.0025_DT0.0100/24_Fmap_matrix.npy

real	0m27.276s
user	0m0.016s
sys	0m0.012s
100
140
Generating /cluster/projects/nn8008k/lluisa/NextSIM/seas/Fmap_10days/2009_JFM_ic0.5_dt0.0025_DT0.0100/25_Fmap_matrix.npy

real	0m27.003s
user	0m0.012s
sys	0m0.015s
104
144
Generating /cluster/projects/nn8008k/lluisa/NextSIM/seas/Fmap_10days/2009_JFM_ic0.5_dt0.0025_DT0.0100/26_Fmap_matrix.npy

real	0m27.611s
user	0m0.015s
sys	0m0.012s
108
148
Generating /cluster/projects/nn8008k/lluisa/NextSIM/seas/Fmap_10days/2009_JFM_ic0.5_dt0.0025_DT0.0100/27_Fmap_matrix.npy

real	0m28.062s
user	0m0.010s
sys	0m0.017s
112
152
Generating /cluster/projects/nn8008k/lluisa/NextSIM/seas/Fmap_10days/2009_JFM_ic0.5_dt0.0025_DT0.0100/28_Fmap_matrix.npy

real	0m27.434s
user	0m0.011s
sys	0m0.016s
116
156
Generating /cluster/projects/nn8008k/lluisa/NextSIM/seas/Fmap_10days/2009_JFM_ic0.5_dt0.0025_DT0.0100/29_Fmap_matrix.npy

real	0m27.558s
user	0m0.015s
sys	0m0.012s
120
160
Generating /cluster/projects/nn8008k/lluisa/NextSIM/seas/Fmap_10days/2009_JFM_ic0.5_dt0.0025_DT0.0100/30_Fmap_matrix.npy

real	0m28.399s
user	0m0.011s
sys	0m0.016s
124
164
Generating /cluster/projects/nn8008k/lluisa/NextSIM/seas/Fmap_10days/2009_JFM_ic0.5_dt0.0025_DT0.0100/31_Fmap_matrix.npy

real	0m27.854s
user	0m0.012s
sys	0m0.015s
128
168
Generating /cluster/projects/nn8008k/lluisa/NextSIM/seas/Fmap_10days/2009_JFM_ic0.5_dt0.0025_DT0.0100/32_Fmap_matrix.npy

real	0m27.263s
user	0m0.015s
sys	0m0.012s
132
172
Generating /cluster/projects/nn8008k/lluisa/NextSIM/seas/Fmap_10days/2009_JFM_ic0.5_dt0.0025_DT0.0100/33_Fmap_matrix.npy

real	0m27.261s
user	0m0.018s
sys	0m0.011s
136
176
Generating /cluster/projects/nn8008k/lluisa/NextSIM/seas/Fmap_10days/2009_JFM_ic0.5_dt0.0025_DT0.0100/34_Fmap_matrix.npy

real	0m27.245s
user	0m0.014s
sys	0m0.013s
140
180
Generating /cluster/projects/nn8008k/lluisa/NextSIM/seas/Fmap_10days/2009_JFM_ic0.5_dt0.0025_DT0.0100/35_Fmap_matrix.npy

real	0m27.338s
user	0m0.010s
sys	0m0.017s
144
184
Generating /cluster/projects/nn8008k/lluisa/NextSIM/seas/Fmap_10days/2009_JFM_ic0.5_dt0.0025_DT0.0100/36_Fmap_matrix.npy

real	0m27.721s
user	0m0.011s
sys	0m0.017s
148
188
Generating /cluster/projects/nn8008k/lluisa/NextSIM/seas/Fmap_10days/2009_JFM_ic0.5_dt0.0025_DT0.0100/37_Fmap_matrix.npy

real	0m27.457s
user	0m0.009s
sys	0m0.018s
152
192
Generating /cluster/projects/nn8008k/lluisa/NextSIM/seas/Fmap_10days/2009_JFM_ic0.5_dt0.0025_DT0.0100/38_Fmap_matrix.npy

real	0m27.435s
user	0m0.010s
sys	0m0.017s
156
196
Generating /cluster/projects/nn8008k/lluisa/NextSIM/seas/Fmap_10days/2009_JFM_ic0.5_dt0.0025_DT0.0100/39_Fmap_matrix.npy

real	0m26.739s
user	0m0.012s
sys	0m0.015s
160
200
Generating /cluster/projects/nn8008k/lluisa/NextSIM/seas/Fmap_10days/2009_JFM_ic0.5_dt0.0025_DT0.0100/40_Fmap_matrix.npy

real	0m27.571s
user	0m0.014s
sys	0m0.015s
164
204
Generating /cluster/projects/nn8008k/lluisa/NextSIM/seas/Fmap_10days/2009_JFM_ic0.5_dt0.0025_DT0.0100/41_Fmap_matrix.npy

real	0m27.541s
user	0m0.012s
sys	0m0.017s
168
208
Generating /cluster/projects/nn8008k/lluisa/NextSIM/seas/Fmap_10days/2009_JFM_ic0.5_dt0.0025_DT0.0100/42_Fmap_matrix.npy

real	0m27.457s
user	0m0.011s
sys	0m0.016s
172
212
Generating /cluster/projects/nn8008k/lluisa/NextSIM/seas/Fmap_10days/2009_JFM_ic0.5_dt0.0025_DT0.0100/43_Fmap_matrix.npy

real	0m28.023s
user	0m0.012s
sys	0m0.015s
176
216
Generating /cluster/projects/nn8008k/lluisa/NextSIM/seas/Fmap_10days/2009_JFM_ic0.5_dt0.0025_DT0.0100/44_Fmap_matrix.npy

real	0m27.420s
user	0m0.011s
sys	0m0.015s
180
220
Generating /cluster/projects/nn8008k/lluisa/NextSIM/seas/Fmap_10days/2009_JFM_ic0.5_dt0.0025_DT0.0100/45_Fmap_matrix.npy

real	0m27.422s
user	0m0.015s
sys	0m0.012s
184
224
Generating /cluster/projects/nn8008k/lluisa/NextSIM/seas/Fmap_10days/2009_JFM_ic0.5_dt0.0025_DT0.0100/46_Fmap_matrix.npy

real	0m27.578s
user	0m0.012s
sys	0m0.015s
188
228
Generating /cluster/projects/nn8008k/lluisa/NextSIM/seas/Fmap_10days/2009_JFM_ic0.5_dt0.0025_DT0.0100/47_Fmap_matrix.npy

real	0m27.222s
user	0m0.017s
sys	0m0.010s
192
232
Generating /cluster/projects/nn8008k/lluisa/NextSIM/seas/Fmap_10days/2009_JFM_ic0.5_dt0.0025_DT0.0100/48_Fmap_matrix.npy

real	0m27.529s
user	0m0.015s
sys	0m0.013s
196
236
Generating /cluster/projects/nn8008k/lluisa/NextSIM/seas/Fmap_10days/2009_JFM_ic0.5_dt0.0025_DT0.0100/49_Fmap_matrix.npy

real	0m27.062s
user	0m0.011s
sys	0m0.017s
200
240
Generating /cluster/projects/nn8008k/lluisa/NextSIM/seas/Fmap_10days/2009_JFM_ic0.5_dt0.0025_DT0.0100/50_Fmap_matrix.npy

real	0m26.890s
user	0m0.010s
sys	0m0.018s
204
244
Generating /cluster/projects/nn8008k/lluisa/NextSIM/seas/Fmap_10days/2009_JFM_ic0.5_dt0.0025_DT0.0100/51_Fmap_matrix.npy

real	0m26.934s
user	0m0.012s
sys	0m0.016s
208
248
Generating /cluster/projects/nn8008k/lluisa/NextSIM/seas/Fmap_10days/2009_JFM_ic0.5_dt0.0025_DT0.0100/52_Fmap_matrix.npy

real	0m27.252s
user	0m0.014s
sys	0m0.015s
212
252
Generating /cluster/projects/nn8008k/lluisa/NextSIM/seas/Fmap_10days/2009_JFM_ic0.5_dt0.0025_DT0.0100/53_Fmap_matrix.npy

real	0m27.211s
user	0m0.015s
sys	0m0.013s
216
256
Generating /cluster/projects/nn8008k/lluisa/NextSIM/seas/Fmap_10days/2009_JFM_ic0.5_dt0.0025_DT0.0100/54_Fmap_matrix.npy

real	0m27.098s
user	0m0.018s
sys	0m0.010s
220
260
Generating /cluster/projects/nn8008k/lluisa/NextSIM/seas/Fmap_10days/2009_JFM_ic0.5_dt0.0025_DT0.0100/55_Fmap_matrix.npy

real	0m27.310s
user	0m0.012s
sys	0m0.015s
224
264
Generating /cluster/projects/nn8008k/lluisa/NextSIM/seas/Fmap_10days/2009_JFM_ic0.5_dt0.0025_DT0.0100/56_Fmap_matrix.npy

real	0m27.398s
user	0m0.012s
sys	0m0.014s
228
268
Generating /cluster/projects/nn8008k/lluisa/NextSIM/seas/Fmap_10days/2009_JFM_ic0.5_dt0.0025_DT0.0100/57_Fmap_matrix.npy

real	0m27.441s
user	0m0.013s
sys	0m0.015s
232
272
Generating /cluster/projects/nn8008k/lluisa/NextSIM/seas/Fmap_10days/2009_JFM_ic0.5_dt0.0025_DT0.0100/58_Fmap_matrix.npy

real	0m27.266s
user	0m0.013s
sys	0m0.014s
236
276
Generating /cluster/projects/nn8008k/lluisa/NextSIM/seas/Fmap_10days/2009_JFM_ic0.5_dt0.0025_DT0.0100/59_Fmap_matrix.npy

real	0m27.508s
user	0m0.011s
sys	0m0.016s
240
280
Generating /cluster/projects/nn8008k/lluisa/NextSIM/seas/Fmap_10days/2009_JFM_ic0.5_dt0.0025_DT0.0100/60_Fmap_matrix.npy

real	0m27.566s
user	0m0.012s
sys	0m0.015s
244
284
Generating /cluster/projects/nn8008k/lluisa/NextSIM/seas/Fmap_10days/2009_JFM_ic0.5_dt0.0025_DT0.0100/61_Fmap_matrix.npy

real	0m27.537s
user	0m0.014s
sys	0m0.014s
248
288
Generating /cluster/projects/nn8008k/lluisa/NextSIM/seas/Fmap_10days/2009_JFM_ic0.5_dt0.0025_DT0.0100/62_Fmap_matrix.npy

real	0m27.546s
user	0m0.016s
sys	0m0.010s
252
292
Generating /cluster/projects/nn8008k/lluisa/NextSIM/seas/Fmap_10days/2009_JFM_ic0.5_dt0.0025_DT0.0100/63_Fmap_matrix.npy

real	0m27.473s
user	0m0.012s
sys	0m0.014s
256
296
Generating /cluster/projects/nn8008k/lluisa/NextSIM/seas/Fmap_10days/2009_JFM_ic0.5_dt0.0025_DT0.0100/64_Fmap_matrix.npy

real	0m27.036s
user	0m0.015s
sys	0m0.011s
260
300
Generating /cluster/projects/nn8008k/lluisa/NextSIM/seas/Fmap_10days/2009_JFM_ic0.5_dt0.0025_DT0.0100/65_Fmap_matrix.npy

real	0m27.995s
user	0m0.014s
sys	0m0.014s
264
304
Generating /cluster/projects/nn8008k/lluisa/NextSIM/seas/Fmap_10days/2009_JFM_ic0.5_dt0.0025_DT0.0100/66_Fmap_matrix.npy

real	0m27.810s
user	0m0.013s
sys	0m0.013s
268
308
Generating /cluster/projects/nn8008k/lluisa/NextSIM/seas/Fmap_10days/2009_JFM_ic0.5_dt0.0025_DT0.0100/67_Fmap_matrix.npy

real	0m27.497s
user	0m0.012s
sys	0m0.016s
272
312
Generating /cluster/projects/nn8008k/lluisa/NextSIM/seas/Fmap_10days/2009_JFM_ic0.5_dt0.0025_DT0.0100/68_Fmap_matrix.npy

real	0m27.270s
user	0m0.015s
sys	0m0.014s
276
316
Generating /cluster/projects/nn8008k/lluisa/NextSIM/seas/Fmap_10days/2009_JFM_ic0.5_dt0.0025_DT0.0100/69_Fmap_matrix.npy

real	0m27.568s
user	0m0.010s
sys	0m0.016s
280
320
Generating /cluster/projects/nn8008k/lluisa/NextSIM/seas/Fmap_10days/2009_JFM_ic0.5_dt0.0025_DT0.0100/70_Fmap_matrix.npy

real	0m27.572s
user	0m0.014s
sys	0m0.014s
284
324
Generating /cluster/projects/nn8008k/lluisa/NextSIM/seas/Fmap_10days/2009_JFM_ic0.5_dt0.0025_DT0.0100/71_Fmap_matrix.npy

real	0m28.002s
user	0m0.017s
sys	0m0.011s
288
328
Generating /cluster/projects/nn8008k/lluisa/NextSIM/seas/Fmap_10days/2009_JFM_ic0.5_dt0.0025_DT0.0100/72_Fmap_matrix.npy

real	0m27.138s
user	0m0.013s
sys	0m0.015s
292
332
Generating /cluster/projects/nn8008k/lluisa/NextSIM/seas/Fmap_10days/2009_JFM_ic0.5_dt0.0025_DT0.0100/73_Fmap_matrix.npy

real	0m27.379s
user	0m0.016s
sys	0m0.011s
296
336
Generating /cluster/projects/nn8008k/lluisa/NextSIM/seas/Fmap_10days/2009_JFM_ic0.5_dt0.0025_DT0.0100/74_Fmap_matrix.npy

real	0m27.566s
user	0m0.013s
sys	0m0.014s
300
340
Generating /cluster/projects/nn8008k/lluisa/NextSIM/seas/Fmap_10days/2009_JFM_ic0.5_dt0.0025_DT0.0100/75_Fmap_matrix.npy

real	0m27.565s
user	0m0.013s
sys	0m0.014s
304
344
Generating /cluster/projects/nn8008k/lluisa/NextSIM/seas/Fmap_10days/2009_JFM_ic0.5_dt0.0025_DT0.0100/76_Fmap_matrix.npy

real	0m27.886s
user	0m0.013s
sys	0m0.014s
308
348
Generating /cluster/projects/nn8008k/lluisa/NextSIM/seas/Fmap_10days/2009_JFM_ic0.5_dt0.0025_DT0.0100/77_Fmap_matrix.npy

real	0m27.520s
user	0m0.013s
sys	0m0.013s
312
352
Generating /cluster/projects/nn8008k/lluisa/NextSIM/seas/Fmap_10days/2009_JFM_ic0.5_dt0.0025_DT0.0100/78_Fmap_matrix.npy

real	0m27.868s
user	0m0.016s
sys	0m0.011s
316
356
Generating /cluster/projects/nn8008k/lluisa/NextSIM/seas/Fmap_10days/2009_JFM_ic0.5_dt0.0025_DT0.0100/79_Fmap_matrix.npy

real	0m27.614s
user	0m0.013s
sys	0m0.013s
320
360
Generating /cluster/projects/nn8008k/lluisa/NextSIM/seas/Fmap_10days/2009_JFM_ic0.5_dt0.0025_DT0.0100/80_Fmap_matrix.npy

real	0m27.446s
user	0m0.016s
sys	0m0.011s
EBVERSIONNUMACTL=2.0.16
SLURM_JOB_NUM_NODES=1
EBROOTNUMACTL=/cluster/software/numactl/2.0.16-GCCcore-13.2.0
EBDEVELNUMACTL=/cluster/software/numactl/2.0.16-GCCcore-13.2.0/easybuild/numactl-2.0.16-GCCcore-13.2.0-easybuild-devel
OMP_NUM_THREADS=32

Job 6228820 consumed 19.8 billing hours from project nn8008k.

Submitted 2025-05-03T00:03:21; waited 20.0 seconds in the queue after becoming eligible to run.

Requested wallclock time: 3.0 days
Elapsed wallclock time:   37.2 minutes

Job exited normally.

Task and CPU statistics:
ID              CPUs  Tasks  CPU util                Start   Elapsed  Exit status
6228820           32            0.0 %  2025-05-03T00:03:41  2233.0 s  0
6228820.batch     32      1     0.0 %  2025-05-03T00:03:41  2233.0 s  0
6228820.python    32      1    21.7 %  2025-05-03T00:03:47    35.0 s  0
6228820.python    32      1    27.9 %  2025-05-03T00:04:22    27.0 s  0
6228820.python    32      1    27.9 %  2025-05-03T00:04:49    27.0 s  0
6228820.python    32      1    27.9 %  2025-05-03T00:05:16    27.0 s  0
6228820.python    32      1    27.9 %  2025-05-03T00:05:43    27.0 s  0
6228820.python    32      1    28.0 %  2025-05-03T00:06:10    27.0 s  0
6228820.python    32      1    27.9 %  2025-05-03T00:06:37    27.0 s  0
6228820.python    32      1    27.2 %  2025-05-03T00:07:04    28.0 s  0
6228820.python    32      1    28.1 %  2025-05-03T00:07:32    27.0 s  0
6228820.python    32      1    28.0 %  2025-05-03T00:07:59    27.0 s  0
6228820.python    32      1    28.0 %  2025-05-03T00:08:26    27.0 s  0
6228820.python    32      1    27.0 %  2025-05-03T00:08:53    28.0 s  0
6228820.python    32      1    28.1 %  2025-05-03T00:09:21    27.0 s  0
6228820.python    32      1    27.2 %  2025-05-03T00:09:48    28.0 s  0
6228820.python    32      1    28.5 %  2025-05-03T00:10:16    27.0 s  0
6228820.python    32      1    27.6 %  2025-05-03T00:10:43    28.0 s  0
6228820.python    32      1    27.1 %  2025-05-03T00:11:11    28.0 s  0
6228820.python    32      1    28.3 %  2025-05-03T00:11:39    27.0 s  0
6228820.python    32      1    28.1 %  2025-05-03T00:12:06    27.0 s  0
6228820.python    32      1    28.1 %  2025-05-03T00:12:33    27.0 s  0
6228820.python    32      1    28.3 %  2025-05-03T00:13:00    27.0 s  0
6228820.python    32      1    28.3 %  2025-05-03T00:13:27    27.0 s  0
6228820.python    32      1    27.1 %  2025-05-03T00:13:54    28.0 s  0
6228820.python    32      1    28.3 %  2025-05-03T00:14:22    27.0 s  0
6228820.python    32      1    28.3 %  2025-05-03T00:14:49    27.0 s  0
6228820.python    32      1    28.2 %  2025-05-03T00:15:16    27.0 s  0
6228820.python    32      1    28.2 %  2025-05-03T00:15:43    27.0 s  0
6228820.python    32      1    27.5 %  2025-05-03T00:16:10    28.0 s  0
6228820.python    32      1    27.4 %  2025-05-03T00:16:38    28.0 s  0
6228820.python    32      1    28.5 %  2025-05-03T00:17:06    27.0 s  0
6228820.python    32      1    26.9 %  2025-05-03T00:17:33    29.0 s  0
6228820.python    32      1    27.4 %  2025-05-03T00:18:02    28.0 s  0
6228820.python    32      1    28.6 %  2025-05-03T00:18:30    27.0 s  0
6228820.python    32      1    28.6 %  2025-05-03T00:18:57    27.0 s  0
6228820.python    32      1    28.4 %  2025-05-03T00:19:24    27.0 s  0
6228820.python    32      1    28.3 %  2025-05-03T00:19:52    27.0 s  0
6228820.python    32      1    27.4 %  2025-05-03T00:20:19    28.0 s  0
6228820.python    32      1    28.6 %  2025-05-03T00:20:47    27.0 s  0
6228820.python    32      1    28.5 %  2025-05-03T00:21:14    27.0 s  0
6228820.python    32      1    28.4 %  2025-05-03T00:21:41    27.0 s  0
6228820.python    32      1    27.5 %  2025-05-03T00:22:08    28.0 s  0
6228820.python    32      1    28.7 %  2025-05-03T00:22:36    27.0 s  0
6228820.python    32      1    27.5 %  2025-05-03T00:23:03    28.0 s  0
6228820.python    32      1    27.7 %  2025-05-03T00:23:31    28.0 s  0
6228820.python    32      1    28.8 %  2025-05-03T00:23:59    27.0 s  0
6228820.python    32      1    27.6 %  2025-05-03T00:24:26    28.0 s  0
6228820.python    32      1    28.9 %  2025-05-03T00:24:54    27.0 s  0
6228820.python    32      1    28.6 %  2025-05-03T00:25:21    27.0 s  0
6228820.python    32      1    27.5 %  2025-05-03T00:25:48    28.0 s  0
6228820.python    32      1    28.9 %  2025-05-03T00:26:16    27.0 s  0
6228820.python    32      1    28.6 %  2025-05-03T00:26:43    27.0 s  0
6228820.python    32      1    28.8 %  2025-05-03T00:27:10    27.0 s  0
6228820.python    32      1    28.6 %  2025-05-03T00:27:37    27.0 s  0
6228820.python    32      1    28.5 %  2025-05-03T00:28:04    27.0 s  0
6228820.python    32      1    28.6 %  2025-05-03T00:28:31    27.0 s  0
6228820.python    32      1    27.6 %  2025-05-03T00:28:58    28.0 s  0
6228820.python    32      1    28.5 %  2025-05-03T00:29:26    27.0 s  0
6228820.python    32      1    27.6 %  2025-05-03T00:29:53    28.0 s  0
6228820.python    32      1    28.6 %  2025-05-03T00:30:21    27.0 s  0
6228820.python    32      1    28.6 %  2025-05-03T00:30:48    27.0 s  0
6228820.python    32      1    27.5 %  2025-05-03T00:31:15    28.0 s  0
6228820.python    32      1    28.7 %  2025-05-03T00:31:43    27.0 s  0
6228820.python    32      1    27.5 %  2025-05-03T00:32:10    28.0 s  0
6228820.python    32      1    28.9 %  2025-05-03T00:32:38    27.0 s  0
6228820.python    32      1    28.6 %  2025-05-03T00:33:05    27.0 s  0
6228820.python    32      1    29.0 %  2025-05-03T00:33:33    27.0 s  0
6228820.python    32      1    28.7 %  2025-05-03T00:34:01    27.0 s  0
6228820.python    32      1    27.6 %  2025-05-03T00:34:28    28.0 s  0
6228820.python    32      1    28.5 %  2025-05-03T00:34:56    27.0 s  0
6228820.python    32      1    27.7 %  2025-05-03T00:35:23    28.0 s  0
6228820.python    32      1    28.7 %  2025-05-03T00:35:51    27.0 s  0
6228820.python    32      1    27.8 %  2025-05-03T00:36:18    28.0 s  0
6228820.python    32      1    28.6 %  2025-05-03T00:36:46    27.0 s  0
6228820.python    32      1    27.5 %  2025-05-03T00:37:13    28.0 s  0
6228820.python    32      1    28.6 %  2025-05-03T00:37:41    27.0 s  0
6228820.python    32      1    28.0 %  2025-05-03T00:38:08    28.0 s  0
6228820.python    32      1    27.7 %  2025-05-03T00:38:36    28.0 s  0
6228820.python    32      1    28.7 %  2025-05-03T00:39:04    27.0 s  0
6228820.python    32      1    28.1 %  2025-05-03T00:39:31    28.0 s  0
6228820.python    32      1    27.8 %  2025-05-03T00:39:59    28.0 s  0
6228820.python    32      1    28.7 %  2025-05-03T00:40:27    27.0 s  0

Used CPU time:   5.5 CPU hours
Unused CPU time: 14.3 CPU hours

Memory statistics, in GiB:
ID               Alloc   Usage
6228820           59.0        
6228820.batch     59.0     0.0
6228820.python    59.0     6.9
6228820.python    59.0     0.1
6228820.python    59.0     0.1
6228820.python    59.0     0.1
6228820.python    59.0     0.1
6228820.python    59.0     0.1
6228820.python    59.0     0.1
6228820.python    59.0     0.1
6228820.python    59.0     0.1
6228820.python    59.0     0.1
6228820.python    59.0     0.1
6228820.python    59.0     0.1
6228820.python    59.0     0.1
6228820.python    59.0     0.1
6228820.python    59.0     0.1
6228820.python    59.0     0.1
6228820.python    59.0     0.1
6228820.python    59.0     0.1
6228820.python    59.0     0.1
6228820.python    59.0     0.1
6228820.python    59.0     0.1
6228820.python    59.0     0.1
6228820.python    59.0     0.1
6228820.python    59.0     0.1
6228820.python    59.0     0.1
6228820.python    59.0     0.1
6228820.python    59.0     0.1
6228820.python    59.0     0.1
6228820.python    59.0     0.1
6228820.python    59.0     0.1
6228820.python    59.0     0.1
6228820.python    59.0     0.1
6228820.python    59.0     0.1
6228820.python    59.0     0.1
6228820.python    59.0     0.1
6228820.python    59.0     0.1
6228820.python    59.0     0.1
6228820.python    59.0     0.1
6228820.python    59.0     0.1
6228820.python    59.0     0.1
6228820.python    59.0     0.1
6228820.python    59.0     0.1
6228820.python    59.0     0.1
6228820.python    59.0     0.1
6228820.python    59.0     0.1
6228820.python    59.0     0.1
6228820.python    59.0     0.1
6228820.python    59.0     0.1
6228820.python    59.0     0.1
6228820.python    59.0     0.1
6228820.python    59.0     0.1
6228820.python    59.0     0.1
6228820.python    59.0     0.1
6228820.python    59.0     0.1
6228820.python    59.0     0.1
6228820.python    59.0     0.1
6228820.python    59.0     0.1
6228820.python    59.0     0.1
6228820.python    59.0     0.1
6228820.python    59.0     0.1
6228820.python    59.0     0.1
6228820.python    59.0     0.1
6228820.python    59.0     0.1
6228820.python    59.0     0.1
6228820.python    59.0     0.1
6228820.python    59.0     0.1
6228820.python    59.0     0.1
6228820.python    59.0     0.1
6228820.python    59.0     0.1
6228820.python    59.0     0.1
6228820.python    59.0     0.1
6228820.python    59.0     0.1
6228820.python    59.0     0.1
6228820.python    59.0     0.1
6228820.python    59.0     0.1
6228820.python    59.0     0.1
6228820.python    59.0     0.1
6228820.python    59.0     0.2
6228820.python    59.0     0.1
6228820.python    59.0     0.1
6228820.python    59.0     0.1

Job 6228820 completed at Sat May 3 00:40:55 CEST 2025
