Starting job 6228844 on c64-[11-12],c65-[1-10],c66-[1-4] on fram at Sat May 3 00:46:12 CEST 2025


Currently Loaded Modules:
  1) StdEnv (S)

  Where:
   S:  Module is Sticky, requires --force to unload or purge

 


The following have been reloaded with a version change:
  1) GCCcore/13.3.0 => GCCcore/13.2.0
  2) OpenSSL/3 => OpenSSL/1.1
  3) Python/3.12.3-GCCcore-13.3.0 => Python/3.11.5-GCCcore-13.2.0
  4) SQLite/3.45.3-GCCcore-13.3.0 => SQLite/3.43.1-GCCcore-13.2.0
  5) Tcl/8.6.14-GCCcore-13.3.0 => Tcl/8.6.13-GCCcore-13.2.0
  6) XZ/5.4.5-GCCcore-13.3.0 => XZ/5.4.4-GCCcore-13.2.0
  7) binutils/2.42-GCCcore-13.3.0 => binutils/2.40-GCCcore-13.2.0
  8) bzip2/1.0.8-GCCcore-13.3.0 => bzip2/1.0.8-GCCcore-13.2.0
  9) libffi/3.4.5-GCCcore-13.3.0 => libffi/3.4.4-GCCcore-13.2.0
 10) libreadline/8.2-GCCcore-13.3.0 => libreadline/8.2-GCCcore-13.2.0
 11) ncurses/6.5-GCCcore-13.3.0 => ncurses/6.4-GCCcore-13.2.0
 12) zlib/1.3.1-GCCcore-13.3.0 => zlib/1.2.13-GCCcore-13.2.0

0
40
Generating /cluster/projects/nn8008k/lluisa/NextSIM/seas/Fmap_10days/2006_AMJ_ic0.5_dt0.0025_DT0.0100/0_W_matrix.npy

real	1m7.568s
user	0m0.084s
sys	0m0.092s
4
44
Generating /cluster/projects/nn8008k/lluisa/NextSIM/seas/Fmap_10days/2006_AMJ_ic0.5_dt0.0025_DT0.0100/1_W_matrix.npy

real	0m47.395s
user	0m0.073s
sys	0m0.079s
8
48
Generating /cluster/projects/nn8008k/lluisa/NextSIM/seas/Fmap_10days/2006_AMJ_ic0.5_dt0.0025_DT0.0100/2_W_matrix.npy

real	0m43.715s
user	0m0.062s
sys	0m0.093s
12
52
Generating /cluster/projects/nn8008k/lluisa/NextSIM/seas/Fmap_10days/2006_AMJ_ic0.5_dt0.0025_DT0.0100/3_W_matrix.npy

real	0m43.912s
user	0m0.072s
sys	0m0.082s
16
56
Generating /cluster/projects/nn8008k/lluisa/NextSIM/seas/Fmap_10days/2006_AMJ_ic0.5_dt0.0025_DT0.0100/4_W_matrix.npy

real	0m41.775s
user	0m0.067s
sys	0m0.086s
20
60
Generating /cluster/projects/nn8008k/lluisa/NextSIM/seas/Fmap_10days/2006_AMJ_ic0.5_dt0.0025_DT0.0100/5_W_matrix.npy

real	0m42.998s
user	0m0.075s
sys	0m0.081s
24
64
Generating /cluster/projects/nn8008k/lluisa/NextSIM/seas/Fmap_10days/2006_AMJ_ic0.5_dt0.0025_DT0.0100/6_W_matrix.npy

real	0m43.397s
user	0m0.067s
sys	0m0.088s
28
68
Generating /cluster/projects/nn8008k/lluisa/NextSIM/seas/Fmap_10days/2006_AMJ_ic0.5_dt0.0025_DT0.0100/7_W_matrix.npy

real	0m43.256s
user	0m0.066s
sys	0m0.093s
32
72
Generating /cluster/projects/nn8008k/lluisa/NextSIM/seas/Fmap_10days/2006_AMJ_ic0.5_dt0.0025_DT0.0100/8_W_matrix.npy

real	0m47.120s
user	0m0.073s
sys	0m0.084s
36
76
Generating /cluster/projects/nn8008k/lluisa/NextSIM/seas/Fmap_10days/2006_AMJ_ic0.5_dt0.0025_DT0.0100/9_W_matrix.npy

real	0m42.008s
user	0m0.054s
sys	0m0.101s
40
80
Generating /cluster/projects/nn8008k/lluisa/NextSIM/seas/Fmap_10days/2006_AMJ_ic0.5_dt0.0025_DT0.0100/10_W_matrix.npy

real	0m44.898s
user	0m0.079s
sys	0m0.074s
44
84
Generating /cluster/projects/nn8008k/lluisa/NextSIM/seas/Fmap_10days/2006_AMJ_ic0.5_dt0.0025_DT0.0100/11_W_matrix.npy

real	0m43.294s
user	0m0.065s
sys	0m0.092s
48
88
Generating /cluster/projects/nn8008k/lluisa/NextSIM/seas/Fmap_10days/2006_AMJ_ic0.5_dt0.0025_DT0.0100/12_W_matrix.npy

real	0m44.502s
user	0m0.070s
sys	0m0.084s
52
92
Generating /cluster/projects/nn8008k/lluisa/NextSIM/seas/Fmap_10days/2006_AMJ_ic0.5_dt0.0025_DT0.0100/13_W_matrix.npy

real	0m44.158s
user	0m0.073s
sys	0m0.078s
56
96
Generating /cluster/projects/nn8008k/lluisa/NextSIM/seas/Fmap_10days/2006_AMJ_ic0.5_dt0.0025_DT0.0100/14_W_matrix.npy

real	0m46.461s
user	0m0.082s
sys	0m0.071s
60
100
Generating /cluster/projects/nn8008k/lluisa/NextSIM/seas/Fmap_10days/2006_AMJ_ic0.5_dt0.0025_DT0.0100/15_W_matrix.npy
srun: Job step aborted: Waiting up to 32 seconds for job step to finish.
slurmstepd: error: *** JOB 6228844 ON c64-11 CANCELLED AT 2025-05-03T00:58:04 ***
slurmstepd: error: *** STEP 6228844.15 ON c64-11 CANCELLED AT 2025-05-03T00:58:04 ***

Job 6228844 consumed 101.3 billing hours from project nn8008k.

Submitted 2025-05-03T00:46:03; waited 9.0 seconds in the queue after becoming eligible to run.

Requested wallclock time: 3.0 days
Elapsed wallclock time:   11.9 minutes

Job was cancelled.

Task and CPU statistics:
ID              CPUs  Tasks  CPU util                Start  Elapsed  Exit status
6228844          512            0.0 %  2025-05-03T00:46:12  712.0 s  0
6228844.batch     32      1     0.0 %  2025-05-03T00:46:12  713.0 s  Signal 15
6228844.python   512    512    58.0 %  2025-05-03T00:46:15   67.0 s  0
6228844.python   512    512    80.9 %  2025-05-03T00:47:22   47.0 s  0
6228844.python   512    512    85.9 %  2025-05-03T00:48:09   44.0 s  0
6228844.python   512    512    85.7 %  2025-05-03T00:48:53   44.0 s  0
6228844.python   512    512    89.7 %  2025-05-03T00:49:37   42.0 s  0
6228844.python   512    512    87.4 %  2025-05-03T00:50:19   43.0 s  0
6228844.python   512    512    87.2 %  2025-05-03T00:51:02   43.0 s  0
6228844.python   512    512    84.8 %  2025-05-03T00:51:45   44.0 s  0
6228844.python   512    512    80.1 %  2025-05-03T00:52:29   47.0 s  0
6228844.python   512    512    89.1 %  2025-05-03T00:53:16   42.0 s  0
6228844.python   512    512    83.0 %  2025-05-03T00:53:58   45.0 s  0
6228844.python   512    512    86.4 %  2025-05-03T00:54:43   43.0 s  0
6228844.python   512    512    84.4 %  2025-05-03T00:55:26   44.0 s  0
6228844.python   512    512    84.9 %  2025-05-03T00:56:10   44.0 s  0
6228844.python   512    512    80.9 %  2025-05-03T00:56:55   46.0 s  0
6228844.python   512    512    83.5 %  2025-05-03T00:57:41   26.0 s  Signal 15

Used CPU time:   3.5 CPU days
Unused CPU time: 18.0 CPU hours

Memory statistics, in GiB:
ID               Alloc   Usage
6228844          944.0        
6228844.batch     59.0     0.0
6228844.python   944.0   298.8
6228844.python   944.0   295.2
6228844.python   944.0   295.3
6228844.python   944.0   295.3
6228844.python   944.0   295.5
6228844.python   944.0   295.0
6228844.python   944.0   294.5
6228844.python   944.0   294.0
6228844.python   944.0   294.8
6228844.python   944.0   294.5
6228844.python   944.0   294.0
6228844.python   944.0   293.5
6228844.python   944.0   293.5
6228844.python   944.0   293.7
6228844.python   944.0   293.4
6228844.python   944.0     4.2

Job 6228844 completed at Sat May 3 00:58:09 CEST 2025
Starting job 6229056 on c30-11,c31-[1-8,10-12],c32-[1-4] on fram at Sun May 4 10:09:24 CEST 2025


Currently Loaded Modules:
  1) StdEnv (S)

  Where:
   S:  Module is Sticky, requires --force to unload or purge

 


The following have been reloaded with a version change:
  1) GCCcore/13.3.0 => GCCcore/13.2.0
  2) OpenSSL/3 => OpenSSL/1.1
  3) Python/3.12.3-GCCcore-13.3.0 => Python/3.11.5-GCCcore-13.2.0
  4) SQLite/3.45.3-GCCcore-13.3.0 => SQLite/3.43.1-GCCcore-13.2.0
  5) Tcl/8.6.14-GCCcore-13.3.0 => Tcl/8.6.13-GCCcore-13.2.0
  6) XZ/5.4.5-GCCcore-13.3.0 => XZ/5.4.4-GCCcore-13.2.0
  7) binutils/2.42-GCCcore-13.3.0 => binutils/2.40-GCCcore-13.2.0
  8) bzip2/1.0.8-GCCcore-13.3.0 => bzip2/1.0.8-GCCcore-13.2.0
  9) libffi/3.4.5-GCCcore-13.3.0 => libffi/3.4.4-GCCcore-13.2.0
 10) libreadline/8.2-GCCcore-13.3.0 => libreadline/8.2-GCCcore-13.2.0
 11) ncurses/6.5-GCCcore-13.3.0 => ncurses/6.4-GCCcore-13.2.0
 12) zlib/1.3.1-GCCcore-13.3.0 => zlib/1.2.13-GCCcore-13.2.0

0
40
File /cluster/projects/nn8008k/lluisa/NextSIM/seas/Fmap_10days/2006_AMJ_ic0.5_dt0.0025_DT0.0100/0_W_matrix.npy allready exist. Skipping...
4
44
File /cluster/projects/nn8008k/lluisa/NextSIM/seas/Fmap_10days/2006_AMJ_ic0.5_dt0.0025_DT0.0100/1_W_matrix.npy allready exist. Skipping...
8
48
File /cluster/projects/nn8008k/lluisa/NextSIM/seas/Fmap_10days/2006_AMJ_ic0.5_dt0.0025_DT0.0100/2_W_matrix.npy allready exist. Skipping...
12
52
File /cluster/projects/nn8008k/lluisa/NextSIM/seas/Fmap_10days/2006_AMJ_ic0.5_dt0.0025_DT0.0100/3_W_matrix.npy allready exist. Skipping...
16
56
File /cluster/projects/nn8008k/lluisa/NextSIM/seas/Fmap_10days/2006_AMJ_ic0.5_dt0.0025_DT0.0100/4_W_matrix.npy allready exist. Skipping...
20
60
File /cluster/projects/nn8008k/lluisa/NextSIM/seas/Fmap_10days/2006_AMJ_ic0.5_dt0.0025_DT0.0100/5_W_matrix.npy allready exist. Skipping...
24
64
File /cluster/projects/nn8008k/lluisa/NextSIM/seas/Fmap_10days/2006_AMJ_ic0.5_dt0.0025_DT0.0100/6_W_matrix.npy allready exist. Skipping...
28
68
File /cluster/projects/nn8008k/lluisa/NextSIM/seas/Fmap_10days/2006_AMJ_ic0.5_dt0.0025_DT0.0100/7_W_matrix.npy allready exist. Skipping...
32
72
File /cluster/projects/nn8008k/lluisa/NextSIM/seas/Fmap_10days/2006_AMJ_ic0.5_dt0.0025_DT0.0100/8_W_matrix.npy allready exist. Skipping...
36
76
File /cluster/projects/nn8008k/lluisa/NextSIM/seas/Fmap_10days/2006_AMJ_ic0.5_dt0.0025_DT0.0100/9_W_matrix.npy allready exist. Skipping...
40
80
File /cluster/projects/nn8008k/lluisa/NextSIM/seas/Fmap_10days/2006_AMJ_ic0.5_dt0.0025_DT0.0100/10_W_matrix.npy allready exist. Skipping...
44
84
File /cluster/projects/nn8008k/lluisa/NextSIM/seas/Fmap_10days/2006_AMJ_ic0.5_dt0.0025_DT0.0100/11_W_matrix.npy allready exist. Skipping...
48
88
File /cluster/projects/nn8008k/lluisa/NextSIM/seas/Fmap_10days/2006_AMJ_ic0.5_dt0.0025_DT0.0100/12_W_matrix.npy allready exist. Skipping...
52
92
File /cluster/projects/nn8008k/lluisa/NextSIM/seas/Fmap_10days/2006_AMJ_ic0.5_dt0.0025_DT0.0100/13_W_matrix.npy allready exist. Skipping...
56
96
File /cluster/projects/nn8008k/lluisa/NextSIM/seas/Fmap_10days/2006_AMJ_ic0.5_dt0.0025_DT0.0100/14_W_matrix.npy allready exist. Skipping...
60
100
Generating /cluster/projects/nn8008k/lluisa/NextSIM/seas/Fmap_10days/2006_AMJ_ic0.5_dt0.0025_DT0.0100/15_W_matrix.npy

real	2m7.936s
user	0m0.068s
sys	0m0.088s
64
104
Generating /cluster/projects/nn8008k/lluisa/NextSIM/seas/Fmap_10days/2006_AMJ_ic0.5_dt0.0025_DT0.0100/16_W_matrix.npy

real	0m42.715s
user	0m0.071s
sys	0m0.079s
68
108
Generating /cluster/projects/nn8008k/lluisa/NextSIM/seas/Fmap_10days/2006_AMJ_ic0.5_dt0.0025_DT0.0100/17_W_matrix.npy

real	0m43.463s
user	0m0.074s
sys	0m0.080s
72
112
Generating /cluster/projects/nn8008k/lluisa/NextSIM/seas/Fmap_10days/2006_AMJ_ic0.5_dt0.0025_DT0.0100/18_W_matrix.npy

real	0m42.559s
user	0m0.064s
sys	0m0.085s
76
116
Generating /cluster/projects/nn8008k/lluisa/NextSIM/seas/Fmap_10days/2006_AMJ_ic0.5_dt0.0025_DT0.0100/19_W_matrix.npy

real	0m45.511s
user	0m0.071s
sys	0m0.076s
80
120
Generating /cluster/projects/nn8008k/lluisa/NextSIM/seas/Fmap_10days/2006_AMJ_ic0.5_dt0.0025_DT0.0100/20_W_matrix.npy

real	0m42.659s
user	0m0.066s
sys	0m0.084s
84
124
Generating /cluster/projects/nn8008k/lluisa/NextSIM/seas/Fmap_10days/2006_AMJ_ic0.5_dt0.0025_DT0.0100/21_W_matrix.npy

real	0m41.157s
user	0m0.062s
sys	0m0.091s
88
128
Generating /cluster/projects/nn8008k/lluisa/NextSIM/seas/Fmap_10days/2006_AMJ_ic0.5_dt0.0025_DT0.0100/22_W_matrix.npy

real	0m41.513s
user	0m0.073s
sys	0m0.081s
92
132
Generating /cluster/projects/nn8008k/lluisa/NextSIM/seas/Fmap_10days/2006_AMJ_ic0.5_dt0.0025_DT0.0100/23_W_matrix.npy

real	0m43.536s
user	0m0.076s
sys	0m0.076s
96
136
Generating /cluster/projects/nn8008k/lluisa/NextSIM/seas/Fmap_10days/2006_AMJ_ic0.5_dt0.0025_DT0.0100/24_W_matrix.npy

real	0m45.455s
user	0m0.058s
sys	0m0.091s
100
140
Generating /cluster/projects/nn8008k/lluisa/NextSIM/seas/Fmap_10days/2006_AMJ_ic0.5_dt0.0025_DT0.0100/25_W_matrix.npy

real	0m41.326s
user	0m0.078s
sys	0m0.067s
104
144
Generating /cluster/projects/nn8008k/lluisa/NextSIM/seas/Fmap_10days/2006_AMJ_ic0.5_dt0.0025_DT0.0100/26_W_matrix.npy

real	0m45.068s
user	0m0.084s
sys	0m0.073s
108
148
Generating /cluster/projects/nn8008k/lluisa/NextSIM/seas/Fmap_10days/2006_AMJ_ic0.5_dt0.0025_DT0.0100/27_W_matrix.npy

real	0m41.836s
user	0m0.070s
sys	0m0.079s
112
152
Generating /cluster/projects/nn8008k/lluisa/NextSIM/seas/Fmap_10days/2006_AMJ_ic0.5_dt0.0025_DT0.0100/28_W_matrix.npy

real	0m42.008s
user	0m0.073s
sys	0m0.083s
116
156
Generating /cluster/projects/nn8008k/lluisa/NextSIM/seas/Fmap_10days/2006_AMJ_ic0.5_dt0.0025_DT0.0100/29_W_matrix.npy

real	0m40.624s
user	0m0.064s
sys	0m0.086s
120
160
Generating /cluster/projects/nn8008k/lluisa/NextSIM/seas/Fmap_10days/2006_AMJ_ic0.5_dt0.0025_DT0.0100/30_W_matrix.npy

real	0m41.938s
user	0m0.058s
sys	0m0.089s
124
164
Generating /cluster/projects/nn8008k/lluisa/NextSIM/seas/Fmap_10days/2006_AMJ_ic0.5_dt0.0025_DT0.0100/31_W_matrix.npy

real	0m43.632s
user	0m0.068s
sys	0m0.085s
128
168
Generating /cluster/projects/nn8008k/lluisa/NextSIM/seas/Fmap_10days/2006_AMJ_ic0.5_dt0.0025_DT0.0100/32_W_matrix.npy

real	0m40.317s
user	0m0.071s
sys	0m0.083s
132
172
Generating /cluster/projects/nn8008k/lluisa/NextSIM/seas/Fmap_10days/2006_AMJ_ic0.5_dt0.0025_DT0.0100/33_W_matrix.npy

real	0m41.217s
user	0m0.073s
sys	0m0.079s
136
176
Generating /cluster/projects/nn8008k/lluisa/NextSIM/seas/Fmap_10days/2006_AMJ_ic0.5_dt0.0025_DT0.0100/34_W_matrix.npy

real	0m41.282s
user	0m0.073s
sys	0m0.078s
140
180
Generating /cluster/projects/nn8008k/lluisa/NextSIM/seas/Fmap_10days/2006_AMJ_ic0.5_dt0.0025_DT0.0100/35_W_matrix.npy

real	0m43.856s
user	0m0.058s
sys	0m0.096s
144
184
Generating /cluster/projects/nn8008k/lluisa/NextSIM/seas/Fmap_10days/2006_AMJ_ic0.5_dt0.0025_DT0.0100/36_W_matrix.npy

real	0m39.396s
user	0m0.069s
sys	0m0.083s
148
188
Generating /cluster/projects/nn8008k/lluisa/NextSIM/seas/Fmap_10days/2006_AMJ_ic0.5_dt0.0025_DT0.0100/37_W_matrix.npy

real	0m43.862s
user	0m0.082s
sys	0m0.070s
152
192
Generating /cluster/projects/nn8008k/lluisa/NextSIM/seas/Fmap_10days/2006_AMJ_ic0.5_dt0.0025_DT0.0100/38_W_matrix.npy

real	0m44.763s
user	0m0.058s
sys	0m0.092s
156
196
Generating /cluster/projects/nn8008k/lluisa/NextSIM/seas/Fmap_10days/2006_AMJ_ic0.5_dt0.0025_DT0.0100/39_W_matrix.npy

real	0m44.017s
user	0m0.077s
sys	0m0.080s
160
200
Generating /cluster/projects/nn8008k/lluisa/NextSIM/seas/Fmap_10days/2006_AMJ_ic0.5_dt0.0025_DT0.0100/40_W_matrix.npy

real	0m42.328s
user	0m0.075s
sys	0m0.078s
164
204
Generating /cluster/projects/nn8008k/lluisa/NextSIM/seas/Fmap_10days/2006_AMJ_ic0.5_dt0.0025_DT0.0100/41_W_matrix.npy

real	0m41.493s
user	0m0.065s
sys	0m0.084s
168
208
Generating /cluster/projects/nn8008k/lluisa/NextSIM/seas/Fmap_10days/2006_AMJ_ic0.5_dt0.0025_DT0.0100/42_W_matrix.npy

real	0m41.280s
user	0m0.067s
sys	0m0.082s
172
212
Generating /cluster/projects/nn8008k/lluisa/NextSIM/seas/Fmap_10days/2006_AMJ_ic0.5_dt0.0025_DT0.0100/43_W_matrix.npy

real	0m42.024s
user	0m0.066s
sys	0m0.087s
176
216
Generating /cluster/projects/nn8008k/lluisa/NextSIM/seas/Fmap_10days/2006_AMJ_ic0.5_dt0.0025_DT0.0100/44_W_matrix.npy

real	0m39.765s
user	0m0.062s
sys	0m0.084s
180
220
Generating /cluster/projects/nn8008k/lluisa/NextSIM/seas/Fmap_10days/2006_AMJ_ic0.5_dt0.0025_DT0.0100/45_W_matrix.npy

real	0m40.669s
user	0m0.076s
sys	0m0.081s
184
224
Generating /cluster/projects/nn8008k/lluisa/NextSIM/seas/Fmap_10days/2006_AMJ_ic0.5_dt0.0025_DT0.0100/46_W_matrix.npy

real	0m40.582s
user	0m0.065s
sys	0m0.083s
188
228
Generating /cluster/projects/nn8008k/lluisa/NextSIM/seas/Fmap_10days/2006_AMJ_ic0.5_dt0.0025_DT0.0100/47_W_matrix.npy

real	0m40.798s
user	0m0.068s
sys	0m0.083s
192
232
Generating /cluster/projects/nn8008k/lluisa/NextSIM/seas/Fmap_10days/2006_AMJ_ic0.5_dt0.0025_DT0.0100/48_W_matrix.npy

real	0m43.913s
user	0m0.074s
sys	0m0.077s
196
236
Generating /cluster/projects/nn8008k/lluisa/NextSIM/seas/Fmap_10days/2006_AMJ_ic0.5_dt0.0025_DT0.0100/49_W_matrix.npy

real	0m39.418s
user	0m0.068s
sys	0m0.080s
200
240
Generating /cluster/projects/nn8008k/lluisa/NextSIM/seas/Fmap_10days/2006_AMJ_ic0.5_dt0.0025_DT0.0100/50_W_matrix.npy

real	0m41.016s
user	0m0.078s
sys	0m0.074s
204
244
Generating /cluster/projects/nn8008k/lluisa/NextSIM/seas/Fmap_10days/2006_AMJ_ic0.5_dt0.0025_DT0.0100/51_W_matrix.npy

real	0m43.996s
user	0m0.067s
sys	0m0.083s
208
248
Generating /cluster/projects/nn8008k/lluisa/NextSIM/seas/Fmap_10days/2006_AMJ_ic0.5_dt0.0025_DT0.0100/52_W_matrix.npy

real	0m40.562s
user	0m0.060s
sys	0m0.092s
212
252
Generating /cluster/projects/nn8008k/lluisa/NextSIM/seas/Fmap_10days/2006_AMJ_ic0.5_dt0.0025_DT0.0100/53_W_matrix.npy

real	0m39.035s
user	0m0.067s
sys	0m0.083s
216
256
Generating /cluster/projects/nn8008k/lluisa/NextSIM/seas/Fmap_10days/2006_AMJ_ic0.5_dt0.0025_DT0.0100/54_W_matrix.npy

real	0m41.466s
user	0m0.067s
sys	0m0.084s
220
260
Generating /cluster/projects/nn8008k/lluisa/NextSIM/seas/Fmap_10days/2006_AMJ_ic0.5_dt0.0025_DT0.0100/55_W_matrix.npy

real	0m39.035s
user	0m0.072s
sys	0m0.079s
224
264
Generating /cluster/projects/nn8008k/lluisa/NextSIM/seas/Fmap_10days/2006_AMJ_ic0.5_dt0.0025_DT0.0100/56_W_matrix.npy

real	0m40.647s
user	0m0.078s
sys	0m0.071s
228
268
Generating /cluster/projects/nn8008k/lluisa/NextSIM/seas/Fmap_10days/2006_AMJ_ic0.5_dt0.0025_DT0.0100/57_W_matrix.npy

real	0m42.929s
user	0m0.072s
sys	0m0.083s
232
272
Generating /cluster/projects/nn8008k/lluisa/NextSIM/seas/Fmap_10days/2006_AMJ_ic0.5_dt0.0025_DT0.0100/58_W_matrix.npy

real	0m42.823s
user	0m0.062s
sys	0m0.090s
236
276
Generating /cluster/projects/nn8008k/lluisa/NextSIM/seas/Fmap_10days/2006_AMJ_ic0.5_dt0.0025_DT0.0100/59_W_matrix.npy

real	0m39.303s
user	0m0.066s
sys	0m0.087s
240
280
Generating /cluster/projects/nn8008k/lluisa/NextSIM/seas/Fmap_10days/2006_AMJ_ic0.5_dt0.0025_DT0.0100/60_W_matrix.npy

real	0m37.417s
user	0m0.069s
sys	0m0.087s
244
284
Generating /cluster/projects/nn8008k/lluisa/NextSIM/seas/Fmap_10days/2006_AMJ_ic0.5_dt0.0025_DT0.0100/61_W_matrix.npy

real	0m38.942s
user	0m0.074s
sys	0m0.085s
248
288
Generating /cluster/projects/nn8008k/lluisa/NextSIM/seas/Fmap_10days/2006_AMJ_ic0.5_dt0.0025_DT0.0100/62_W_matrix.npy

real	0m36.732s
user	0m0.069s
sys	0m0.078s
252
292
Generating /cluster/projects/nn8008k/lluisa/NextSIM/seas/Fmap_10days/2006_AMJ_ic0.5_dt0.0025_DT0.0100/63_W_matrix.npy

real	0m42.245s
user	0m0.072s
sys	0m0.077s
256
296
Generating /cluster/projects/nn8008k/lluisa/NextSIM/seas/Fmap_10days/2006_AMJ_ic0.5_dt0.0025_DT0.0100/64_W_matrix.npy

real	0m38.768s
user	0m0.080s
sys	0m0.077s
260
300
Generating /cluster/projects/nn8008k/lluisa/NextSIM/seas/Fmap_10days/2006_AMJ_ic0.5_dt0.0025_DT0.0100/65_W_matrix.npy

real	0m37.231s
user	0m0.074s
sys	0m0.083s
264
304
Generating /cluster/projects/nn8008k/lluisa/NextSIM/seas/Fmap_10days/2006_AMJ_ic0.5_dt0.0025_DT0.0100/66_W_matrix.npy

real	0m36.894s
user	0m0.073s
sys	0m0.081s
268
308
Generating /cluster/projects/nn8008k/lluisa/NextSIM/seas/Fmap_10days/2006_AMJ_ic0.5_dt0.0025_DT0.0100/67_W_matrix.npy

real	0m36.447s
user	0m0.063s
sys	0m0.086s
272
312
Generating /cluster/projects/nn8008k/lluisa/NextSIM/seas/Fmap_10days/2006_AMJ_ic0.5_dt0.0025_DT0.0100/68_W_matrix.npy

real	0m38.227s
user	0m0.065s
sys	0m0.085s
276
316
Generating /cluster/projects/nn8008k/lluisa/NextSIM/seas/Fmap_10days/2006_AMJ_ic0.5_dt0.0025_DT0.0100/69_W_matrix.npy

real	0m35.553s
user	0m0.060s
sys	0m0.093s
280
320
Generating /cluster/projects/nn8008k/lluisa/NextSIM/seas/Fmap_10days/2006_AMJ_ic0.5_dt0.0025_DT0.0100/70_W_matrix.npy

real	0m36.955s
user	0m0.076s
sys	0m0.080s
284
324
Generating /cluster/projects/nn8008k/lluisa/NextSIM/seas/Fmap_10days/2006_AMJ_ic0.5_dt0.0025_DT0.0100/71_W_matrix.npy

real	0m37.071s
user	0m0.076s
sys	0m0.073s
288
328
Generating /cluster/projects/nn8008k/lluisa/NextSIM/seas/Fmap_10days/2006_AMJ_ic0.5_dt0.0025_DT0.0100/72_W_matrix.npy

real	0m36.596s
user	0m0.064s
sys	0m0.087s
292
332
Generating /cluster/projects/nn8008k/lluisa/NextSIM/seas/Fmap_10days/2006_AMJ_ic0.5_dt0.0025_DT0.0100/73_W_matrix.npy

real	0m35.283s
user	0m0.072s
sys	0m0.085s
296
336
Generating /cluster/projects/nn8008k/lluisa/NextSIM/seas/Fmap_10days/2006_AMJ_ic0.5_dt0.0025_DT0.0100/74_W_matrix.npy

real	0m36.993s
user	0m0.063s
sys	0m0.090s
300
340
Generating /cluster/projects/nn8008k/lluisa/NextSIM/seas/Fmap_10days/2006_AMJ_ic0.5_dt0.0025_DT0.0100/75_W_matrix.npy

real	0m34.731s
user	0m0.060s
sys	0m0.087s
304
344
Generating /cluster/projects/nn8008k/lluisa/NextSIM/seas/Fmap_10days/2006_AMJ_ic0.5_dt0.0025_DT0.0100/76_W_matrix.npy

real	0m34.961s
user	0m0.071s
sys	0m0.078s
308
348
Generating /cluster/projects/nn8008k/lluisa/NextSIM/seas/Fmap_10days/2006_AMJ_ic0.5_dt0.0025_DT0.0100/77_W_matrix.npy

real	0m34.370s
user	0m0.071s
sys	0m0.079s
312
352
Generating /cluster/projects/nn8008k/lluisa/NextSIM/seas/Fmap_10days/2006_AMJ_ic0.5_dt0.0025_DT0.0100/78_W_matrix.npy

real	0m35.748s
user	0m0.072s
sys	0m0.084s
316
356
Generating /cluster/projects/nn8008k/lluisa/NextSIM/seas/Fmap_10days/2006_AMJ_ic0.5_dt0.0025_DT0.0100/79_W_matrix.npy

real	0m36.488s
user	0m0.063s
sys	0m0.085s
320
360
Generating /cluster/projects/nn8008k/lluisa/NextSIM/seas/Fmap_10days/2006_AMJ_ic0.5_dt0.0025_DT0.0100/80_W_matrix.npy

real	0m33.987s
user	0m0.062s
sys	0m0.087s
0
40
Generating /cluster/projects/nn8008k/lluisa/NextSIM/seas/Fmap_10days/2006_JAS_ic0.5_dt0.0025_DT0.0100/0_W_matrix.npy

real	0m34.360s
user	0m0.067s
sys	0m0.080s
4
44
Generating /cluster/projects/nn8008k/lluisa/NextSIM/seas/Fmap_10days/2006_JAS_ic0.5_dt0.0025_DT0.0100/1_W_matrix.npy

real	0m31.583s
user	0m0.069s
sys	0m0.085s
8
48
Generating /cluster/projects/nn8008k/lluisa/NextSIM/seas/Fmap_10days/2006_JAS_ic0.5_dt0.0025_DT0.0100/2_W_matrix.npy

real	0m30.373s
user	0m0.077s
sys	0m0.078s
12
52
Generating /cluster/projects/nn8008k/lluisa/NextSIM/seas/Fmap_10days/2006_JAS_ic0.5_dt0.0025_DT0.0100/3_W_matrix.npy

real	0m32.587s
user	0m0.064s
sys	0m0.087s
16
56
Generating /cluster/projects/nn8008k/lluisa/NextSIM/seas/Fmap_10days/2006_JAS_ic0.5_dt0.0025_DT0.0100/4_W_matrix.npy

real	0m32.537s
user	0m0.065s
sys	0m0.090s
20
60
Generating /cluster/projects/nn8008k/lluisa/NextSIM/seas/Fmap_10days/2006_JAS_ic0.5_dt0.0025_DT0.0100/5_W_matrix.npy

real	0m31.905s
user	0m0.066s
sys	0m0.081s
24
64
Generating /cluster/projects/nn8008k/lluisa/NextSIM/seas/Fmap_10days/2006_JAS_ic0.5_dt0.0025_DT0.0100/6_W_matrix.npy

real	0m27.862s
user	0m0.063s
sys	0m0.087s
28
68
Generating /cluster/projects/nn8008k/lluisa/NextSIM/seas/Fmap_10days/2006_JAS_ic0.5_dt0.0025_DT0.0100/7_W_matrix.npy

real	0m27.224s
user	0m0.074s
sys	0m0.073s
32
72
Generating /cluster/projects/nn8008k/lluisa/NextSIM/seas/Fmap_10days/2006_JAS_ic0.5_dt0.0025_DT0.0100/8_W_matrix.npy

real	0m27.485s
user	0m0.068s
sys	0m0.072s
36
76
Generating /cluster/projects/nn8008k/lluisa/NextSIM/seas/Fmap_10days/2006_JAS_ic0.5_dt0.0025_DT0.0100/9_W_matrix.npy

real	0m28.941s
user	0m0.073s
sys	0m0.079s
40
80
Generating /cluster/projects/nn8008k/lluisa/NextSIM/seas/Fmap_10days/2006_JAS_ic0.5_dt0.0025_DT0.0100/10_W_matrix.npy

real	0m28.691s
user	0m0.070s
sys	0m0.083s
44
84
Generating /cluster/projects/nn8008k/lluisa/NextSIM/seas/Fmap_10days/2006_JAS_ic0.5_dt0.0025_DT0.0100/11_W_matrix.npy

real	0m25.575s
user	0m0.067s
sys	0m0.087s
48
88
Generating /cluster/projects/nn8008k/lluisa/NextSIM/seas/Fmap_10days/2006_JAS_ic0.5_dt0.0025_DT0.0100/12_W_matrix.npy

real	0m24.268s
user	0m0.065s
sys	0m0.093s
52
92
Generating /cluster/projects/nn8008k/lluisa/NextSIM/seas/Fmap_10days/2006_JAS_ic0.5_dt0.0025_DT0.0100/13_W_matrix.npy

real	0m24.422s
user	0m0.069s
sys	0m0.080s
56
96
Generating /cluster/projects/nn8008k/lluisa/NextSIM/seas/Fmap_10days/2006_JAS_ic0.5_dt0.0025_DT0.0100/14_W_matrix.npy

real	0m23.540s
user	0m0.074s
sys	0m0.076s
60
100
Generating /cluster/projects/nn8008k/lluisa/NextSIM/seas/Fmap_10days/2006_JAS_ic0.5_dt0.0025_DT0.0100/15_W_matrix.npy

real	0m24.059s
user	0m0.063s
sys	0m0.088s
64
104
Generating /cluster/projects/nn8008k/lluisa/NextSIM/seas/Fmap_10days/2006_JAS_ic0.5_dt0.0025_DT0.0100/16_W_matrix.npy

real	0m25.160s
user	0m0.064s
sys	0m0.091s
68
108
Generating /cluster/projects/nn8008k/lluisa/NextSIM/seas/Fmap_10days/2006_JAS_ic0.5_dt0.0025_DT0.0100/17_W_matrix.npy

real	0m23.509s
user	0m0.071s
sys	0m0.086s
72
112
Generating /cluster/projects/nn8008k/lluisa/NextSIM/seas/Fmap_10days/2006_JAS_ic0.5_dt0.0025_DT0.0100/18_W_matrix.npy

real	0m22.897s
user	0m0.061s
sys	0m0.092s
76
116
Generating /cluster/projects/nn8008k/lluisa/NextSIM/seas/Fmap_10days/2006_JAS_ic0.5_dt0.0025_DT0.0100/19_W_matrix.npy

real	0m23.053s
user	0m0.052s
sys	0m0.094s
80
120
Generating /cluster/projects/nn8008k/lluisa/NextSIM/seas/Fmap_10days/2006_JAS_ic0.5_dt0.0025_DT0.0100/20_W_matrix.npy

real	0m24.134s
user	0m0.072s
sys	0m0.085s
84
124
Generating /cluster/projects/nn8008k/lluisa/NextSIM/seas/Fmap_10days/2006_JAS_ic0.5_dt0.0025_DT0.0100/21_W_matrix.npy

real	0m22.901s
user	0m0.058s
sys	0m0.099s
88
128
Generating /cluster/projects/nn8008k/lluisa/NextSIM/seas/Fmap_10days/2006_JAS_ic0.5_dt0.0025_DT0.0100/22_W_matrix.npy

real	0m22.291s
user	0m0.067s
sys	0m0.087s
92
132
Generating /cluster/projects/nn8008k/lluisa/NextSIM/seas/Fmap_10days/2006_JAS_ic0.5_dt0.0025_DT0.0100/23_W_matrix.npy

real	0m22.382s
user	0m0.078s
sys	0m0.073s
96
136
Generating /cluster/projects/nn8008k/lluisa/NextSIM/seas/Fmap_10days/2006_JAS_ic0.5_dt0.0025_DT0.0100/24_W_matrix.npy

real	0m20.732s
user	0m0.073s
sys	0m0.082s
100
140
Generating /cluster/projects/nn8008k/lluisa/NextSIM/seas/Fmap_10days/2006_JAS_ic0.5_dt0.0025_DT0.0100/25_W_matrix.npy

real	0m22.997s
user	0m0.071s
sys	0m0.078s
104
144
Generating /cluster/projects/nn8008k/lluisa/NextSIM/seas/Fmap_10days/2006_JAS_ic0.5_dt0.0025_DT0.0100/26_W_matrix.npy

real	0m21.482s
user	0m0.066s
sys	0m0.080s
108
148
Generating /cluster/projects/nn8008k/lluisa/NextSIM/seas/Fmap_10days/2006_JAS_ic0.5_dt0.0025_DT0.0100/27_W_matrix.npy

real	0m20.351s
user	0m0.064s
sys	0m0.087s
112
152
Generating /cluster/projects/nn8008k/lluisa/NextSIM/seas/Fmap_10days/2006_JAS_ic0.5_dt0.0025_DT0.0100/28_W_matrix.npy

real	0m22.134s
user	0m0.072s
sys	0m0.074s
116
156
Generating /cluster/projects/nn8008k/lluisa/NextSIM/seas/Fmap_10days/2006_JAS_ic0.5_dt0.0025_DT0.0100/29_W_matrix.npy

real	0m20.364s
user	0m0.072s
sys	0m0.082s
120
160
Generating /cluster/projects/nn8008k/lluisa/NextSIM/seas/Fmap_10days/2006_JAS_ic0.5_dt0.0025_DT0.0100/30_W_matrix.npy

real	0m21.553s
user	0m0.075s
sys	0m0.077s
124
164
Generating /cluster/projects/nn8008k/lluisa/NextSIM/seas/Fmap_10days/2006_JAS_ic0.5_dt0.0025_DT0.0100/31_W_matrix.npy

real	0m19.948s
user	0m0.078s
sys	0m0.075s
128
168
Generating /cluster/projects/nn8008k/lluisa/NextSIM/seas/Fmap_10days/2006_JAS_ic0.5_dt0.0025_DT0.0100/32_W_matrix.npy

real	0m19.628s
user	0m0.077s
sys	0m0.080s
132
172
Generating /cluster/projects/nn8008k/lluisa/NextSIM/seas/Fmap_10days/2006_JAS_ic0.5_dt0.0025_DT0.0100/33_W_matrix.npy

real	0m19.240s
user	0m0.078s
sys	0m0.075s
136
176
Generating /cluster/projects/nn8008k/lluisa/NextSIM/seas/Fmap_10days/2006_JAS_ic0.5_dt0.0025_DT0.0100/34_W_matrix.npy

real	0m19.272s
user	0m0.073s
sys	0m0.086s
140
180
Generating /cluster/projects/nn8008k/lluisa/NextSIM/seas/Fmap_10days/2006_JAS_ic0.5_dt0.0025_DT0.0100/35_W_matrix.npy

real	0m18.248s
user	0m0.068s
sys	0m0.080s
144
184
Generating /cluster/projects/nn8008k/lluisa/NextSIM/seas/Fmap_10days/2006_JAS_ic0.5_dt0.0025_DT0.0100/36_W_matrix.npy

real	0m18.842s
user	0m0.061s
sys	0m0.087s
148
188
Generating /cluster/projects/nn8008k/lluisa/NextSIM/seas/Fmap_10days/2006_JAS_ic0.5_dt0.0025_DT0.0100/37_W_matrix.npy

real	0m17.753s
user	0m0.078s
sys	0m0.077s
152
192
Generating /cluster/projects/nn8008k/lluisa/NextSIM/seas/Fmap_10days/2006_JAS_ic0.5_dt0.0025_DT0.0100/38_W_matrix.npy

real	0m18.585s
user	0m0.059s
sys	0m0.090s
156
196
Generating /cluster/projects/nn8008k/lluisa/NextSIM/seas/Fmap_10days/2006_JAS_ic0.5_dt0.0025_DT0.0100/39_W_matrix.npy

real	0m17.866s
user	0m0.072s
sys	0m0.074s
160
200
Generating /cluster/projects/nn8008k/lluisa/NextSIM/seas/Fmap_10days/2006_JAS_ic0.5_dt0.0025_DT0.0100/40_W_matrix.npy

real	0m17.905s
user	0m0.074s
sys	0m0.079s
164
204
Generating /cluster/projects/nn8008k/lluisa/NextSIM/seas/Fmap_10days/2006_JAS_ic0.5_dt0.0025_DT0.0100/41_W_matrix.npy

real	0m17.434s
user	0m0.065s
sys	0m0.085s
168
208
Generating /cluster/projects/nn8008k/lluisa/NextSIM/seas/Fmap_10days/2006_JAS_ic0.5_dt0.0025_DT0.0100/42_W_matrix.npy

real	0m18.077s
user	0m0.071s
sys	0m0.082s
172
212
Generating /cluster/projects/nn8008k/lluisa/NextSIM/seas/Fmap_10days/2006_JAS_ic0.5_dt0.0025_DT0.0100/43_W_matrix.npy

real	0m16.937s
user	0m0.066s
sys	0m0.088s
176
216
Generating /cluster/projects/nn8008k/lluisa/NextSIM/seas/Fmap_10days/2006_JAS_ic0.5_dt0.0025_DT0.0100/44_W_matrix.npy

real	0m17.621s
user	0m0.070s
sys	0m0.085s
180
220
Generating /cluster/projects/nn8008k/lluisa/NextSIM/seas/Fmap_10days/2006_JAS_ic0.5_dt0.0025_DT0.0100/45_W_matrix.npy

real	0m16.684s
user	0m0.063s
sys	0m0.088s
184
224
Generating /cluster/projects/nn8008k/lluisa/NextSIM/seas/Fmap_10days/2006_JAS_ic0.5_dt0.0025_DT0.0100/46_W_matrix.npy

real	0m17.094s
user	0m0.067s
sys	0m0.086s
188
228
Generating /cluster/projects/nn8008k/lluisa/NextSIM/seas/Fmap_10days/2006_JAS_ic0.5_dt0.0025_DT0.0100/47_W_matrix.npy

real	0m16.547s
user	0m0.067s
sys	0m0.072s
192
232
Generating /cluster/projects/nn8008k/lluisa/NextSIM/seas/Fmap_10days/2006_JAS_ic0.5_dt0.0025_DT0.0100/48_W_matrix.npy

real	0m17.714s
user	0m0.069s
sys	0m0.080s
196
236
Generating /cluster/projects/nn8008k/lluisa/NextSIM/seas/Fmap_10days/2006_JAS_ic0.5_dt0.0025_DT0.0100/49_W_matrix.npy

real	0m15.908s
user	0m0.076s
sys	0m0.079s
200
240
Generating /cluster/projects/nn8008k/lluisa/NextSIM/seas/Fmap_10days/2006_JAS_ic0.5_dt0.0025_DT0.0100/50_W_matrix.npy

real	0m16.367s
user	0m0.060s
sys	0m0.091s
204
244
Generating /cluster/projects/nn8008k/lluisa/NextSIM/seas/Fmap_10days/2006_JAS_ic0.5_dt0.0025_DT0.0100/51_W_matrix.npy

real	0m21.304s
user	0m0.059s
sys	0m0.086s
208
248
Generating /cluster/projects/nn8008k/lluisa/NextSIM/seas/Fmap_10days/2006_JAS_ic0.5_dt0.0025_DT0.0100/52_W_matrix.npy

real	0m15.792s
user	0m0.079s
sys	0m0.074s
212
252
Generating /cluster/projects/nn8008k/lluisa/NextSIM/seas/Fmap_10days/2006_JAS_ic0.5_dt0.0025_DT0.0100/53_W_matrix.npy

real	0m16.897s
user	0m0.060s
sys	0m0.092s
216
256
Generating /cluster/projects/nn8008k/lluisa/NextSIM/seas/Fmap_10days/2006_JAS_ic0.5_dt0.0025_DT0.0100/54_W_matrix.npy

real	0m15.750s
user	0m0.062s
sys	0m0.088s
220
260
Generating /cluster/projects/nn8008k/lluisa/NextSIM/seas/Fmap_10days/2006_JAS_ic0.5_dt0.0025_DT0.0100/55_W_matrix.npy

real	0m15.803s
user	0m0.074s
sys	0m0.077s
224
264
Generating /cluster/projects/nn8008k/lluisa/NextSIM/seas/Fmap_10days/2006_JAS_ic0.5_dt0.0025_DT0.0100/56_W_matrix.npy

real	0m16.272s
user	0m0.062s
sys	0m0.086s
228
268
Generating /cluster/projects/nn8008k/lluisa/NextSIM/seas/Fmap_10days/2006_JAS_ic0.5_dt0.0025_DT0.0100/57_W_matrix.npy

real	0m16.332s
user	0m0.070s
sys	0m0.082s
232
272
Generating /cluster/projects/nn8008k/lluisa/NextSIM/seas/Fmap_10days/2006_JAS_ic0.5_dt0.0025_DT0.0100/58_W_matrix.npy

real	0m15.181s
user	0m0.055s
sys	0m0.098s
236
276
Generating /cluster/projects/nn8008k/lluisa/NextSIM/seas/Fmap_10days/2006_JAS_ic0.5_dt0.0025_DT0.0100/59_W_matrix.npy

real	0m15.003s
user	0m0.074s
sys	0m0.078s
240
280
Generating /cluster/projects/nn8008k/lluisa/NextSIM/seas/Fmap_10days/2006_JAS_ic0.5_dt0.0025_DT0.0100/60_W_matrix.npy

real	0m14.694s
user	0m0.075s
sys	0m0.081s
244
284
Generating /cluster/projects/nn8008k/lluisa/NextSIM/seas/Fmap_10days/2006_JAS_ic0.5_dt0.0025_DT0.0100/61_W_matrix.npy

real	0m16.677s
user	0m0.068s
sys	0m0.077s
248
288
Generating /cluster/projects/nn8008k/lluisa/NextSIM/seas/Fmap_10days/2006_JAS_ic0.5_dt0.0025_DT0.0100/62_W_matrix.npy

real	0m15.596s
user	0m0.063s
sys	0m0.076s
252
292
Generating /cluster/projects/nn8008k/lluisa/NextSIM/seas/Fmap_10days/2006_JAS_ic0.5_dt0.0025_DT0.0100/63_W_matrix.npy

real	0m15.751s
user	0m0.071s
sys	0m0.084s
256
296
Generating /cluster/projects/nn8008k/lluisa/NextSIM/seas/Fmap_10days/2006_JAS_ic0.5_dt0.0025_DT0.0100/64_W_matrix.npy

real	0m15.545s
user	0m0.061s
sys	0m0.090s
260
300
Generating /cluster/projects/nn8008k/lluisa/NextSIM/seas/Fmap_10days/2006_JAS_ic0.5_dt0.0025_DT0.0100/65_W_matrix.npy

real	0m15.138s
user	0m0.074s
sys	0m0.076s
264
304
Generating /cluster/projects/nn8008k/lluisa/NextSIM/seas/Fmap_10days/2006_JAS_ic0.5_dt0.0025_DT0.0100/66_W_matrix.npy

real	0m14.922s
user	0m0.076s
sys	0m0.076s
268
308
Generating /cluster/projects/nn8008k/lluisa/NextSIM/seas/Fmap_10days/2006_JAS_ic0.5_dt0.0025_DT0.0100/67_W_matrix.npy

real	0m16.138s
user	0m0.071s
sys	0m0.082s
272
312
Generating /cluster/projects/nn8008k/lluisa/NextSIM/seas/Fmap_10days/2006_JAS_ic0.5_dt0.0025_DT0.0100/68_W_matrix.npy

real	0m15.564s
user	0m0.066s
sys	0m0.087s
276
316
Generating /cluster/projects/nn8008k/lluisa/NextSIM/seas/Fmap_10days/2006_JAS_ic0.5_dt0.0025_DT0.0100/69_W_matrix.npy

real	0m15.890s
user	0m0.070s
sys	0m0.085s
280
320
Generating /cluster/projects/nn8008k/lluisa/NextSIM/seas/Fmap_10days/2006_JAS_ic0.5_dt0.0025_DT0.0100/70_W_matrix.npy

real	0m16.762s
user	0m0.086s
sys	0m0.071s
284
324
Generating /cluster/projects/nn8008k/lluisa/NextSIM/seas/Fmap_10days/2006_JAS_ic0.5_dt0.0025_DT0.0100/71_W_matrix.npy

real	0m16.501s
user	0m0.067s
sys	0m0.085s
288
328
Generating /cluster/projects/nn8008k/lluisa/NextSIM/seas/Fmap_10days/2006_JAS_ic0.5_dt0.0025_DT0.0100/72_W_matrix.npy

real	0m15.414s
user	0m0.070s
sys	0m0.085s
292
332
Generating /cluster/projects/nn8008k/lluisa/NextSIM/seas/Fmap_10days/2006_JAS_ic0.5_dt0.0025_DT0.0100/73_W_matrix.npy

real	0m16.278s
user	0m0.068s
sys	0m0.083s
296
336
Generating /cluster/projects/nn8008k/lluisa/NextSIM/seas/Fmap_10days/2006_JAS_ic0.5_dt0.0025_DT0.0100/74_W_matrix.npy

real	0m15.178s
user	0m0.084s
sys	0m0.072s
300
340
Generating /cluster/projects/nn8008k/lluisa/NextSIM/seas/Fmap_10days/2006_JAS_ic0.5_dt0.0025_DT0.0100/75_W_matrix.npy

real	0m15.310s
user	0m0.067s
sys	0m0.085s
304
344
Generating /cluster/projects/nn8008k/lluisa/NextSIM/seas/Fmap_10days/2006_JAS_ic0.5_dt0.0025_DT0.0100/76_W_matrix.npy

real	0m15.975s
user	0m0.073s
sys	0m0.081s
308
348
Generating /cluster/projects/nn8008k/lluisa/NextSIM/seas/Fmap_10days/2006_JAS_ic0.5_dt0.0025_DT0.0100/77_W_matrix.npy

real	0m15.014s
user	0m0.060s
sys	0m0.087s
312
352
Generating /cluster/projects/nn8008k/lluisa/NextSIM/seas/Fmap_10days/2006_JAS_ic0.5_dt0.0025_DT0.0100/78_W_matrix.npy

real	0m15.103s
user	0m0.075s
sys	0m0.078s
316
356
Generating /cluster/projects/nn8008k/lluisa/NextSIM/seas/Fmap_10days/2006_JAS_ic0.5_dt0.0025_DT0.0100/79_W_matrix.npy

real	0m16.277s
user	0m0.074s
sys	0m0.071s
320
360
Generating /cluster/projects/nn8008k/lluisa/NextSIM/seas/Fmap_10days/2006_JAS_ic0.5_dt0.0025_DT0.0100/80_W_matrix.npy

real	0m15.286s
user	0m0.064s
sys	0m0.088s
0
40
Generating /cluster/projects/nn8008k/lluisa/NextSIM/seas/Fmap_10days/2006_OND_ic0.5_dt0.0025_DT0.0100/0_W_matrix.npy

real	0m15.200s
user	0m0.064s
sys	0m0.086s
4
44
Generating /cluster/projects/nn8008k/lluisa/NextSIM/seas/Fmap_10days/2006_OND_ic0.5_dt0.0025_DT0.0100/1_W_matrix.npy

real	0m15.066s
user	0m0.061s
sys	0m0.092s
8
48
Generating /cluster/projects/nn8008k/lluisa/NextSIM/seas/Fmap_10days/2006_OND_ic0.5_dt0.0025_DT0.0100/2_W_matrix.npy

real	0m15.890s
user	0m0.073s
sys	0m0.081s
12
52
Generating /cluster/projects/nn8008k/lluisa/NextSIM/seas/Fmap_10days/2006_OND_ic0.5_dt0.0025_DT0.0100/3_W_matrix.npy

real	0m16.699s
user	0m0.058s
sys	0m0.096s
16
56
Generating /cluster/projects/nn8008k/lluisa/NextSIM/seas/Fmap_10days/2006_OND_ic0.5_dt0.0025_DT0.0100/4_W_matrix.npy

real	0m15.406s
user	0m0.076s
sys	0m0.075s
20
60
Generating /cluster/projects/nn8008k/lluisa/NextSIM/seas/Fmap_10days/2006_OND_ic0.5_dt0.0025_DT0.0100/5_W_matrix.npy

real	0m16.444s
user	0m0.058s
sys	0m0.091s
24
64
Generating /cluster/projects/nn8008k/lluisa/NextSIM/seas/Fmap_10days/2006_OND_ic0.5_dt0.0025_DT0.0100/6_W_matrix.npy

real	0m16.272s
user	0m0.067s
sys	0m0.085s
28
68
Generating /cluster/projects/nn8008k/lluisa/NextSIM/seas/Fmap_10days/2006_OND_ic0.5_dt0.0025_DT0.0100/7_W_matrix.npy

real	0m16.136s
user	0m0.060s
sys	0m0.088s
32
72
Generating /cluster/projects/nn8008k/lluisa/NextSIM/seas/Fmap_10days/2006_OND_ic0.5_dt0.0025_DT0.0100/8_W_matrix.npy

real	0m15.673s
user	0m0.073s
sys	0m0.076s
36
76
Generating /cluster/projects/nn8008k/lluisa/NextSIM/seas/Fmap_10days/2006_OND_ic0.5_dt0.0025_DT0.0100/9_W_matrix.npy

real	0m16.790s
user	0m0.079s
sys	0m0.074s
40
80
Generating /cluster/projects/nn8008k/lluisa/NextSIM/seas/Fmap_10days/2006_OND_ic0.5_dt0.0025_DT0.0100/10_W_matrix.npy

real	0m16.316s
user	0m0.077s
sys	0m0.073s
44
84
Generating /cluster/projects/nn8008k/lluisa/NextSIM/seas/Fmap_10days/2006_OND_ic0.5_dt0.0025_DT0.0100/11_W_matrix.npy

real	0m17.139s
user	0m0.077s
sys	0m0.072s
48
88
Generating /cluster/projects/nn8008k/lluisa/NextSIM/seas/Fmap_10days/2006_OND_ic0.5_dt0.0025_DT0.0100/12_W_matrix.npy

real	0m16.962s
user	0m0.069s
sys	0m0.083s
52
92
Generating /cluster/projects/nn8008k/lluisa/NextSIM/seas/Fmap_10days/2006_OND_ic0.5_dt0.0025_DT0.0100/13_W_matrix.npy

real	0m18.454s
user	0m0.076s
sys	0m0.075s
56
96
Generating /cluster/projects/nn8008k/lluisa/NextSIM/seas/Fmap_10days/2006_OND_ic0.5_dt0.0025_DT0.0100/14_W_matrix.npy

real	0m18.991s
user	0m0.066s
sys	0m0.079s
60
100
Generating /cluster/projects/nn8008k/lluisa/NextSIM/seas/Fmap_10days/2006_OND_ic0.5_dt0.0025_DT0.0100/15_W_matrix.npy

real	0m18.277s
user	0m0.069s
sys	0m0.082s
64
104
Generating /cluster/projects/nn8008k/lluisa/NextSIM/seas/Fmap_10days/2006_OND_ic0.5_dt0.0025_DT0.0100/16_W_matrix.npy

real	0m19.124s
user	0m0.071s
sys	0m0.074s
68
108
Generating /cluster/projects/nn8008k/lluisa/NextSIM/seas/Fmap_10days/2006_OND_ic0.5_dt0.0025_DT0.0100/17_W_matrix.npy

real	0m19.283s
user	0m0.069s
sys	0m0.083s
72
112
Generating /cluster/projects/nn8008k/lluisa/NextSIM/seas/Fmap_10days/2006_OND_ic0.5_dt0.0025_DT0.0100/18_W_matrix.npy

real	0m20.255s
user	0m0.072s
sys	0m0.076s
76
116
Generating /cluster/projects/nn8008k/lluisa/NextSIM/seas/Fmap_10days/2006_OND_ic0.5_dt0.0025_DT0.0100/19_W_matrix.npy

real	0m19.831s
user	0m0.070s
sys	0m0.079s
80
120
Generating /cluster/projects/nn8008k/lluisa/NextSIM/seas/Fmap_10days/2006_OND_ic0.5_dt0.0025_DT0.0100/20_W_matrix.npy

real	0m22.063s
user	0m0.066s
sys	0m0.082s
84
124
Generating /cluster/projects/nn8008k/lluisa/NextSIM/seas/Fmap_10days/2006_OND_ic0.5_dt0.0025_DT0.0100/21_W_matrix.npy

real	0m22.606s
user	0m0.073s
sys	0m0.080s
88
128
Generating /cluster/projects/nn8008k/lluisa/NextSIM/seas/Fmap_10days/2006_OND_ic0.5_dt0.0025_DT0.0100/22_W_matrix.npy

real	0m22.985s
user	0m0.068s
sys	0m0.076s
92
132
Generating /cluster/projects/nn8008k/lluisa/NextSIM/seas/Fmap_10days/2006_OND_ic0.5_dt0.0025_DT0.0100/23_W_matrix.npy

real	0m23.276s
user	0m0.074s
sys	0m0.080s
96
136
Generating /cluster/projects/nn8008k/lluisa/NextSIM/seas/Fmap_10days/2006_OND_ic0.5_dt0.0025_DT0.0100/24_W_matrix.npy

real	0m22.146s
user	0m0.060s
sys	0m0.084s
100
140
Generating /cluster/projects/nn8008k/lluisa/NextSIM/seas/Fmap_10days/2006_OND_ic0.5_dt0.0025_DT0.0100/25_W_matrix.npy

real	0m21.853s
user	0m0.071s
sys	0m0.086s
104
144
Generating /cluster/projects/nn8008k/lluisa/NextSIM/seas/Fmap_10days/2006_OND_ic0.5_dt0.0025_DT0.0100/26_W_matrix.npy

real	0m22.824s
user	0m0.069s
sys	0m0.083s
108
148
Generating /cluster/projects/nn8008k/lluisa/NextSIM/seas/Fmap_10days/2006_OND_ic0.5_dt0.0025_DT0.0100/27_W_matrix.npy

real	0m24.666s
user	0m0.069s
sys	0m0.085s
112
152
Generating /cluster/projects/nn8008k/lluisa/NextSIM/seas/Fmap_10days/2006_OND_ic0.5_dt0.0025_DT0.0100/28_W_matrix.npy

real	0m22.134s
user	0m0.071s
sys	0m0.076s
116
156
Generating /cluster/projects/nn8008k/lluisa/NextSIM/seas/Fmap_10days/2006_OND_ic0.5_dt0.0025_DT0.0100/29_W_matrix.npy

real	0m23.977s
user	0m0.065s
sys	0m0.090s
120
160
Generating /cluster/projects/nn8008k/lluisa/NextSIM/seas/Fmap_10days/2006_OND_ic0.5_dt0.0025_DT0.0100/30_W_matrix.npy

real	0m23.252s
user	0m0.064s
sys	0m0.083s
124
164
Generating /cluster/projects/nn8008k/lluisa/NextSIM/seas/Fmap_10days/2006_OND_ic0.5_dt0.0025_DT0.0100/31_W_matrix.npy

real	0m23.324s
user	0m0.062s
sys	0m0.087s
128
168
Generating /cluster/projects/nn8008k/lluisa/NextSIM/seas/Fmap_10days/2006_OND_ic0.5_dt0.0025_DT0.0100/32_W_matrix.npy

real	0m23.950s
user	0m0.070s
sys	0m0.080s
132
172
Generating /cluster/projects/nn8008k/lluisa/NextSIM/seas/Fmap_10days/2006_OND_ic0.5_dt0.0025_DT0.0100/33_W_matrix.npy

real	0m24.203s
user	0m0.068s
sys	0m0.083s
136
176
Generating /cluster/projects/nn8008k/lluisa/NextSIM/seas/Fmap_10days/2006_OND_ic0.5_dt0.0025_DT0.0100/34_W_matrix.npy

real	0m26.669s
user	0m0.076s
sys	0m0.077s
140
180
Generating /cluster/projects/nn8008k/lluisa/NextSIM/seas/Fmap_10days/2006_OND_ic0.5_dt0.0025_DT0.0100/35_W_matrix.npy

real	0m24.919s
user	0m0.070s
sys	0m0.081s
144
184
Generating /cluster/projects/nn8008k/lluisa/NextSIM/seas/Fmap_10days/2006_OND_ic0.5_dt0.0025_DT0.0100/36_W_matrix.npy

real	0m24.331s
user	0m0.069s
sys	0m0.081s
148
188
Generating /cluster/projects/nn8008k/lluisa/NextSIM/seas/Fmap_10days/2006_OND_ic0.5_dt0.0025_DT0.0100/37_W_matrix.npy

real	0m25.631s
user	0m0.060s
sys	0m0.090s
152
192
Generating /cluster/projects/nn8008k/lluisa/NextSIM/seas/Fmap_10days/2006_OND_ic0.5_dt0.0025_DT0.0100/38_W_matrix.npy

real	0m25.248s
user	0m0.069s
sys	0m0.084s
156
196
Generating /cluster/projects/nn8008k/lluisa/NextSIM/seas/Fmap_10days/2006_OND_ic0.5_dt0.0025_DT0.0100/39_W_matrix.npy

real	0m26.270s
user	0m0.076s
sys	0m0.073s
160
200
Generating /cluster/projects/nn8008k/lluisa/NextSIM/seas/Fmap_10days/2006_OND_ic0.5_dt0.0025_DT0.0100/40_W_matrix.npy

real	0m28.483s
user	0m0.065s
sys	0m0.081s
164
204
Generating /cluster/projects/nn8008k/lluisa/NextSIM/seas/Fmap_10days/2006_OND_ic0.5_dt0.0025_DT0.0100/41_W_matrix.npy

real	0m26.375s
user	0m0.069s
sys	0m0.084s
168
208
Generating /cluster/projects/nn8008k/lluisa/NextSIM/seas/Fmap_10days/2006_OND_ic0.5_dt0.0025_DT0.0100/42_W_matrix.npy

real	0m26.800s
user	0m0.062s
sys	0m0.089s
172
212
Generating /cluster/projects/nn8008k/lluisa/NextSIM/seas/Fmap_10days/2006_OND_ic0.5_dt0.0025_DT0.0100/43_W_matrix.npy

real	0m26.410s
user	0m0.072s
sys	0m0.090s
176
216
Generating /cluster/projects/nn8008k/lluisa/NextSIM/seas/Fmap_10days/2006_OND_ic0.5_dt0.0025_DT0.0100/44_W_matrix.npy

real	0m26.511s
user	0m0.073s
sys	0m0.080s
180
220
Generating /cluster/projects/nn8008k/lluisa/NextSIM/seas/Fmap_10days/2006_OND_ic0.5_dt0.0025_DT0.0100/45_W_matrix.npy

real	0m29.264s
user	0m0.062s
sys	0m0.092s
184
224
Generating /cluster/projects/nn8008k/lluisa/NextSIM/seas/Fmap_10days/2006_OND_ic0.5_dt0.0025_DT0.0100/46_W_matrix.npy

real	0m28.554s
user	0m0.060s
sys	0m0.090s
188
228
Generating /cluster/projects/nn8008k/lluisa/NextSIM/seas/Fmap_10days/2006_OND_ic0.5_dt0.0025_DT0.0100/47_W_matrix.npy

real	0m28.560s
user	0m0.068s
sys	0m0.082s
192
232
Generating /cluster/projects/nn8008k/lluisa/NextSIM/seas/Fmap_10days/2006_OND_ic0.5_dt0.0025_DT0.0100/48_W_matrix.npy

real	0m30.128s
user	0m0.069s
sys	0m0.087s
196
236
Generating /cluster/projects/nn8008k/lluisa/NextSIM/seas/Fmap_10days/2006_OND_ic0.5_dt0.0025_DT0.0100/49_W_matrix.npy

real	0m28.216s
user	0m0.064s
sys	0m0.082s
200
240
Generating /cluster/projects/nn8008k/lluisa/NextSIM/seas/Fmap_10days/2006_OND_ic0.5_dt0.0025_DT0.0100/50_W_matrix.npy

real	0m27.454s
user	0m0.072s
sys	0m0.080s
204
244
Generating /cluster/projects/nn8008k/lluisa/NextSIM/seas/Fmap_10days/2006_OND_ic0.5_dt0.0025_DT0.0100/51_W_matrix.npy

real	0m28.187s
user	0m0.068s
sys	0m0.087s
208
248
Generating /cluster/projects/nn8008k/lluisa/NextSIM/seas/Fmap_10days/2006_OND_ic0.5_dt0.0025_DT0.0100/52_W_matrix.npy

real	0m28.129s
user	0m0.084s
sys	0m0.070s
212
252
Generating /cluster/projects/nn8008k/lluisa/NextSIM/seas/Fmap_10days/2006_OND_ic0.5_dt0.0025_DT0.0100/53_W_matrix.npy

real	0m28.007s
user	0m0.058s
sys	0m0.098s
216
256
Generating /cluster/projects/nn8008k/lluisa/NextSIM/seas/Fmap_10days/2006_OND_ic0.5_dt0.0025_DT0.0100/54_W_matrix.npy

real	0m27.501s
user	0m0.067s
sys	0m0.082s
220
260
Generating /cluster/projects/nn8008k/lluisa/NextSIM/seas/Fmap_10days/2006_OND_ic0.5_dt0.0025_DT0.0100/55_W_matrix.npy

real	0m27.547s
user	0m0.059s
sys	0m0.094s
224
264
Generating /cluster/projects/nn8008k/lluisa/NextSIM/seas/Fmap_10days/2006_OND_ic0.5_dt0.0025_DT0.0100/56_W_matrix.npy

real	0m28.069s
user	0m0.061s
sys	0m0.094s
228
268
Generating /cluster/projects/nn8008k/lluisa/NextSIM/seas/Fmap_10days/2006_OND_ic0.5_dt0.0025_DT0.0100/57_W_matrix.npy

real	0m28.761s
user	0m0.072s
sys	0m0.080s
232
272
Generating /cluster/projects/nn8008k/lluisa/NextSIM/seas/Fmap_10days/2006_OND_ic0.5_dt0.0025_DT0.0100/58_W_matrix.npy

real	0m29.437s
user	0m0.070s
sys	0m0.084s
236
276
Generating /cluster/projects/nn8008k/lluisa/NextSIM/seas/Fmap_10days/2006_OND_ic0.5_dt0.0025_DT0.0100/59_W_matrix.npy

real	0m30.477s
user	0m0.070s
sys	0m0.077s
240
280
Generating /cluster/projects/nn8008k/lluisa/NextSIM/seas/Fmap_10days/2006_OND_ic0.5_dt0.0025_DT0.0100/60_W_matrix.npy

real	0m30.241s
user	0m0.078s
sys	0m0.074s
244
284
Generating /cluster/projects/nn8008k/lluisa/NextSIM/seas/Fmap_10days/2006_OND_ic0.5_dt0.0025_DT0.0100/61_W_matrix.npy

real	0m28.760s
user	0m0.070s
sys	0m0.085s
248
288
Generating /cluster/projects/nn8008k/lluisa/NextSIM/seas/Fmap_10days/2006_OND_ic0.5_dt0.0025_DT0.0100/62_W_matrix.npy

real	0m33.012s
user	0m0.074s
sys	0m0.079s
252
292
Generating /cluster/projects/nn8008k/lluisa/NextSIM/seas/Fmap_10days/2006_OND_ic0.5_dt0.0025_DT0.0100/63_W_matrix.npy

real	0m31.984s
user	0m0.073s
sys	0m0.079s
256
296
Generating /cluster/projects/nn8008k/lluisa/NextSIM/seas/Fmap_10days/2006_OND_ic0.5_dt0.0025_DT0.0100/64_W_matrix.npy

real	0m31.490s
user	0m0.068s
sys	0m0.080s
260
300
Generating /cluster/projects/nn8008k/lluisa/NextSIM/seas/Fmap_10days/2006_OND_ic0.5_dt0.0025_DT0.0100/65_W_matrix.npy

real	0m34.221s
user	0m0.066s
sys	0m0.088s
264
304
Generating /cluster/projects/nn8008k/lluisa/NextSIM/seas/Fmap_10days/2006_OND_ic0.5_dt0.0025_DT0.0100/66_W_matrix.npy

real	0m30.660s
user	0m0.069s
sys	0m0.084s
268
308
Generating /cluster/projects/nn8008k/lluisa/NextSIM/seas/Fmap_10days/2006_OND_ic0.5_dt0.0025_DT0.0100/67_W_matrix.npy

real	0m32.007s
user	0m0.078s
sys	0m0.071s
272
312
Generating /cluster/projects/nn8008k/lluisa/NextSIM/seas/Fmap_10days/2006_OND_ic0.5_dt0.0025_DT0.0100/68_W_matrix.npy

real	0m33.314s
user	0m0.068s
sys	0m0.083s
276
316
Generating /cluster/projects/nn8008k/lluisa/NextSIM/seas/Fmap_10days/2006_OND_ic0.5_dt0.0025_DT0.0100/69_W_matrix.npy

real	0m36.499s
user	0m0.068s
sys	0m0.085s
280
320
Generating /cluster/projects/nn8008k/lluisa/NextSIM/seas/Fmap_10days/2006_OND_ic0.5_dt0.0025_DT0.0100/70_W_matrix.npy

real	0m34.184s
user	0m0.071s
sys	0m0.079s
284
324
Generating /cluster/projects/nn8008k/lluisa/NextSIM/seas/Fmap_10days/2006_OND_ic0.5_dt0.0025_DT0.0100/71_W_matrix.npy

real	0m33.723s
user	0m0.054s
sys	0m0.098s
288
328
Generating /cluster/projects/nn8008k/lluisa/NextSIM/seas/Fmap_10days/2006_OND_ic0.5_dt0.0025_DT0.0100/72_W_matrix.npy

real	0m34.310s
user	0m0.078s
sys	0m0.075s
292
332
Generating /cluster/projects/nn8008k/lluisa/NextSIM/seas/Fmap_10days/2006_OND_ic0.5_dt0.0025_DT0.0100/73_W_matrix.npy

real	0m33.293s
user	0m0.070s
sys	0m0.076s
296
336
Generating /cluster/projects/nn8008k/lluisa/NextSIM/seas/Fmap_10days/2006_OND_ic0.5_dt0.0025_DT0.0100/74_W_matrix.npy

real	0m34.590s
user	0m0.066s
sys	0m0.084s
300
340
Generating /cluster/projects/nn8008k/lluisa/NextSIM/seas/Fmap_10days/2006_OND_ic0.5_dt0.0025_DT0.0100/75_W_matrix.npy

real	0m37.964s
user	0m0.063s
sys	0m0.087s
304
344
Generating /cluster/projects/nn8008k/lluisa/NextSIM/seas/Fmap_10days/2006_OND_ic0.5_dt0.0025_DT0.0100/76_W_matrix.npy

real	0m37.362s
user	0m0.066s
sys	0m0.082s
308
348
Generating /cluster/projects/nn8008k/lluisa/NextSIM/seas/Fmap_10days/2006_OND_ic0.5_dt0.0025_DT0.0100/77_W_matrix.npy

real	0m35.867s
user	0m0.074s
sys	0m0.078s
312
352
Generating /cluster/projects/nn8008k/lluisa/NextSIM/seas/Fmap_10days/2006_OND_ic0.5_dt0.0025_DT0.0100/78_W_matrix.npy

real	0m39.806s
user	0m0.067s
sys	0m0.085s
316
356
Generating /cluster/projects/nn8008k/lluisa/NextSIM/seas/Fmap_10days/2006_OND_ic0.5_dt0.0025_DT0.0100/79_W_matrix.npy

real	0m36.441s
user	0m0.060s
sys	0m0.087s
320
360
Generating /cluster/projects/nn8008k/lluisa/NextSIM/seas/Fmap_10days/2006_OND_ic0.5_dt0.0025_DT0.0100/80_W_matrix.npy

real	0m41.857s
user	0m0.062s
sys	0m0.085s
0
40
Generating /cluster/projects/nn8008k/lluisa/NextSIM/seas/Fmap_10days/2006_JFM_ic0.5_dt0.0025_DT0.0100/0_W_matrix.npy

real	0m38.680s
user	0m0.065s
sys	0m0.085s
4
44
Generating /cluster/projects/nn8008k/lluisa/NextSIM/seas/Fmap_10days/2006_JFM_ic0.5_dt0.0025_DT0.0100/1_W_matrix.npy

real	0m38.024s
user	0m0.065s
sys	0m0.090s
8
48
Generating /cluster/projects/nn8008k/lluisa/NextSIM/seas/Fmap_10days/2006_JFM_ic0.5_dt0.0025_DT0.0100/2_W_matrix.npy

real	0m41.154s
user	0m0.071s
sys	0m0.085s
12
52
Generating /cluster/projects/nn8008k/lluisa/NextSIM/seas/Fmap_10days/2006_JFM_ic0.5_dt0.0025_DT0.0100/3_W_matrix.npy

real	0m40.350s
user	0m0.077s
sys	0m0.072s
16
56
Generating /cluster/projects/nn8008k/lluisa/NextSIM/seas/Fmap_10days/2006_JFM_ic0.5_dt0.0025_DT0.0100/4_W_matrix.npy

real	0m42.870s
user	0m0.074s
sys	0m0.078s
20
60
Generating /cluster/projects/nn8008k/lluisa/NextSIM/seas/Fmap_10days/2006_JFM_ic0.5_dt0.0025_DT0.0100/5_W_matrix.npy

real	0m39.915s
user	0m0.064s
sys	0m0.087s
24
64
Generating /cluster/projects/nn8008k/lluisa/NextSIM/seas/Fmap_10days/2006_JFM_ic0.5_dt0.0025_DT0.0100/6_W_matrix.npy

real	0m40.119s
user	0m0.072s
sys	0m0.080s
28
68
Generating /cluster/projects/nn8008k/lluisa/NextSIM/seas/Fmap_10days/2006_JFM_ic0.5_dt0.0025_DT0.0100/7_W_matrix.npy

real	0m38.750s
user	0m0.062s
sys	0m0.085s
32
72
Generating /cluster/projects/nn8008k/lluisa/NextSIM/seas/Fmap_10days/2006_JFM_ic0.5_dt0.0025_DT0.0100/8_W_matrix.npy

real	0m38.133s
user	0m0.076s
sys	0m0.073s
36
76
Generating /cluster/projects/nn8008k/lluisa/NextSIM/seas/Fmap_10days/2006_JFM_ic0.5_dt0.0025_DT0.0100/9_W_matrix.npy

real	0m40.891s
user	0m0.067s
sys	0m0.079s
40
80
Generating /cluster/projects/nn8008k/lluisa/NextSIM/seas/Fmap_10days/2006_JFM_ic0.5_dt0.0025_DT0.0100/10_W_matrix.npy

real	0m38.234s
user	0m0.064s
sys	0m0.091s
44
84
Generating /cluster/projects/nn8008k/lluisa/NextSIM/seas/Fmap_10days/2006_JFM_ic0.5_dt0.0025_DT0.0100/11_W_matrix.npy

real	0m39.823s
user	0m0.062s
sys	0m0.089s
48
88
Generating /cluster/projects/nn8008k/lluisa/NextSIM/seas/Fmap_10days/2006_JFM_ic0.5_dt0.0025_DT0.0100/12_W_matrix.npy

real	0m40.265s
user	0m0.066s
sys	0m0.084s
52
92
Generating /cluster/projects/nn8008k/lluisa/NextSIM/seas/Fmap_10days/2006_JFM_ic0.5_dt0.0025_DT0.0100/13_W_matrix.npy

real	0m39.257s
user	0m0.060s
sys	0m0.092s
56
96
Generating /cluster/projects/nn8008k/lluisa/NextSIM/seas/Fmap_10days/2006_JFM_ic0.5_dt0.0025_DT0.0100/14_W_matrix.npy

real	0m39.865s
user	0m0.072s
sys	0m0.080s
60
100
Generating /cluster/projects/nn8008k/lluisa/NextSIM/seas/Fmap_10days/2006_JFM_ic0.5_dt0.0025_DT0.0100/15_W_matrix.npy

real	0m40.432s
user	0m0.079s
sys	0m0.077s
64
104
Generating /cluster/projects/nn8008k/lluisa/NextSIM/seas/Fmap_10days/2006_JFM_ic0.5_dt0.0025_DT0.0100/16_W_matrix.npy

real	0m41.113s
user	0m0.069s
sys	0m0.081s
68
108
Generating /cluster/projects/nn8008k/lluisa/NextSIM/seas/Fmap_10days/2006_JFM_ic0.5_dt0.0025_DT0.0100/17_W_matrix.npy

real	0m45.429s
user	0m0.074s
sys	0m0.075s
72
112
Generating /cluster/projects/nn8008k/lluisa/NextSIM/seas/Fmap_10days/2006_JFM_ic0.5_dt0.0025_DT0.0100/18_W_matrix.npy

real	0m40.096s
user	0m0.062s
sys	0m0.088s
76
116
Generating /cluster/projects/nn8008k/lluisa/NextSIM/seas/Fmap_10days/2006_JFM_ic0.5_dt0.0025_DT0.0100/19_W_matrix.npy

real	0m39.717s
user	0m0.071s
sys	0m0.084s
80
120
Generating /cluster/projects/nn8008k/lluisa/NextSIM/seas/Fmap_10days/2006_JFM_ic0.5_dt0.0025_DT0.0100/20_W_matrix.npy

real	0m38.336s
user	0m0.076s
sys	0m0.075s
84
124
Generating /cluster/projects/nn8008k/lluisa/NextSIM/seas/Fmap_10days/2006_JFM_ic0.5_dt0.0025_DT0.0100/21_W_matrix.npy

real	0m40.315s
user	0m0.072s
sys	0m0.084s
88
128
Generating /cluster/projects/nn8008k/lluisa/NextSIM/seas/Fmap_10days/2006_JFM_ic0.5_dt0.0025_DT0.0100/22_W_matrix.npy

real	0m40.258s
user	0m0.057s
sys	0m0.092s
92
132
Generating /cluster/projects/nn8008k/lluisa/NextSIM/seas/Fmap_10days/2006_JFM_ic0.5_dt0.0025_DT0.0100/23_W_matrix.npy

real	0m41.727s
user	0m0.077s
sys	0m0.076s
96
136
Generating /cluster/projects/nn8008k/lluisa/NextSIM/seas/Fmap_10days/2006_JFM_ic0.5_dt0.0025_DT0.0100/24_W_matrix.npy

real	0m40.991s
user	0m0.071s
sys	0m0.081s
100
140
Generating /cluster/projects/nn8008k/lluisa/NextSIM/seas/Fmap_10days/2006_JFM_ic0.5_dt0.0025_DT0.0100/25_W_matrix.npy

real	0m39.290s
user	0m0.063s
sys	0m0.083s
104
144
Generating /cluster/projects/nn8008k/lluisa/NextSIM/seas/Fmap_10days/2006_JFM_ic0.5_dt0.0025_DT0.0100/26_W_matrix.npy

real	0m41.350s
user	0m0.084s
sys	0m0.067s
108
148
Generating /cluster/projects/nn8008k/lluisa/NextSIM/seas/Fmap_10days/2006_JFM_ic0.5_dt0.0025_DT0.0100/27_W_matrix.npy

real	0m44.757s
user	0m0.074s
sys	0m0.079s
112
152
Generating /cluster/projects/nn8008k/lluisa/NextSIM/seas/Fmap_10days/2006_JFM_ic0.5_dt0.0025_DT0.0100/28_W_matrix.npy

real	0m44.237s
user	0m0.061s
sys	0m0.091s
116
156
Generating /cluster/projects/nn8008k/lluisa/NextSIM/seas/Fmap_10days/2006_JFM_ic0.5_dt0.0025_DT0.0100/29_W_matrix.npy

real	0m43.943s
user	0m0.054s
sys	0m0.093s
120
160
Generating /cluster/projects/nn8008k/lluisa/NextSIM/seas/Fmap_10days/2006_JFM_ic0.5_dt0.0025_DT0.0100/30_W_matrix.npy

real	0m39.143s
user	0m0.070s
sys	0m0.080s
124
164
Generating /cluster/projects/nn8008k/lluisa/NextSIM/seas/Fmap_10days/2006_JFM_ic0.5_dt0.0025_DT0.0100/31_W_matrix.npy

real	0m42.145s
user	0m0.059s
sys	0m0.091s
128
168
Generating /cluster/projects/nn8008k/lluisa/NextSIM/seas/Fmap_10days/2006_JFM_ic0.5_dt0.0025_DT0.0100/32_W_matrix.npy

real	0m39.562s
user	0m0.063s
sys	0m0.089s
132
172
Generating /cluster/projects/nn8008k/lluisa/NextSIM/seas/Fmap_10days/2006_JFM_ic0.5_dt0.0025_DT0.0100/33_W_matrix.npy

real	0m41.009s
user	0m0.072s
sys	0m0.084s
136
176
Generating /cluster/projects/nn8008k/lluisa/NextSIM/seas/Fmap_10days/2006_JFM_ic0.5_dt0.0025_DT0.0100/34_W_matrix.npy

real	0m41.558s
user	0m0.074s
sys	0m0.080s
140
180
Generating /cluster/projects/nn8008k/lluisa/NextSIM/seas/Fmap_10days/2006_JFM_ic0.5_dt0.0025_DT0.0100/35_W_matrix.npy

real	0m39.761s
user	0m0.065s
sys	0m0.082s
144
184
Generating /cluster/projects/nn8008k/lluisa/NextSIM/seas/Fmap_10days/2006_JFM_ic0.5_dt0.0025_DT0.0100/36_W_matrix.npy

real	0m41.084s
user	0m0.080s
sys	0m0.071s
148
188
Generating /cluster/projects/nn8008k/lluisa/NextSIM/seas/Fmap_10days/2006_JFM_ic0.5_dt0.0025_DT0.0100/37_W_matrix.npy

real	0m41.688s
user	0m0.073s
sys	0m0.078s
152
192
Generating /cluster/projects/nn8008k/lluisa/NextSIM/seas/Fmap_10days/2006_JFM_ic0.5_dt0.0025_DT0.0100/38_W_matrix.npy

real	0m45.719s
user	0m0.072s
sys	0m0.079s
156
196
Generating /cluster/projects/nn8008k/lluisa/NextSIM/seas/Fmap_10days/2006_JFM_ic0.5_dt0.0025_DT0.0100/39_W_matrix.npy

real	0m42.302s
user	0m0.073s
sys	0m0.077s
160
200
Generating /cluster/projects/nn8008k/lluisa/NextSIM/seas/Fmap_10days/2006_JFM_ic0.5_dt0.0025_DT0.0100/40_W_matrix.npy

real	0m41.975s
user	0m0.067s
sys	0m0.085s
164
204
Generating /cluster/projects/nn8008k/lluisa/NextSIM/seas/Fmap_10days/2006_JFM_ic0.5_dt0.0025_DT0.0100/41_W_matrix.npy

real	0m41.438s
user	0m0.072s
sys	0m0.081s
168
208
Generating /cluster/projects/nn8008k/lluisa/NextSIM/seas/Fmap_10days/2006_JFM_ic0.5_dt0.0025_DT0.0100/42_W_matrix.npy

real	0m41.609s
user	0m0.071s
sys	0m0.085s
172
212
Generating /cluster/projects/nn8008k/lluisa/NextSIM/seas/Fmap_10days/2006_JFM_ic0.5_dt0.0025_DT0.0100/43_W_matrix.npy

real	0m40.133s
user	0m0.066s
sys	0m0.084s
176
216
Generating /cluster/projects/nn8008k/lluisa/NextSIM/seas/Fmap_10days/2006_JFM_ic0.5_dt0.0025_DT0.0100/44_W_matrix.npy

real	0m44.789s
user	0m0.077s
sys	0m0.075s
180
220
Generating /cluster/projects/nn8008k/lluisa/NextSIM/seas/Fmap_10days/2006_JFM_ic0.5_dt0.0025_DT0.0100/45_W_matrix.npy

real	0m41.536s
user	0m0.068s
sys	0m0.083s
184
224
Generating /cluster/projects/nn8008k/lluisa/NextSIM/seas/Fmap_10days/2006_JFM_ic0.5_dt0.0025_DT0.0100/46_W_matrix.npy

real	0m39.391s
user	0m0.071s
sys	0m0.081s
188
228
Generating /cluster/projects/nn8008k/lluisa/NextSIM/seas/Fmap_10days/2006_JFM_ic0.5_dt0.0025_DT0.0100/47_W_matrix.npy

real	0m41.466s
user	0m0.068s
sys	0m0.087s
192
232
Generating /cluster/projects/nn8008k/lluisa/NextSIM/seas/Fmap_10days/2006_JFM_ic0.5_dt0.0025_DT0.0100/48_W_matrix.npy

real	0m41.057s
user	0m0.071s
sys	0m0.079s
196
236
Generating /cluster/projects/nn8008k/lluisa/NextSIM/seas/Fmap_10days/2006_JFM_ic0.5_dt0.0025_DT0.0100/49_W_matrix.npy

real	0m42.599s
user	0m0.072s
sys	0m0.075s
200
240
Generating /cluster/projects/nn8008k/lluisa/NextSIM/seas/Fmap_10days/2006_JFM_ic0.5_dt0.0025_DT0.0100/50_W_matrix.npy

real	0m41.853s
user	0m0.065s
sys	0m0.086s
204
244
Generating /cluster/projects/nn8008k/lluisa/NextSIM/seas/Fmap_10days/2006_JFM_ic0.5_dt0.0025_DT0.0100/51_W_matrix.npy

real	0m41.546s
user	0m0.070s
sys	0m0.080s
208
248
Generating /cluster/projects/nn8008k/lluisa/NextSIM/seas/Fmap_10days/2006_JFM_ic0.5_dt0.0025_DT0.0100/52_W_matrix.npy

real	0m43.418s
user	0m0.062s
sys	0m0.091s
212
252
Generating /cluster/projects/nn8008k/lluisa/NextSIM/seas/Fmap_10days/2006_JFM_ic0.5_dt0.0025_DT0.0100/53_W_matrix.npy

real	0m43.153s
user	0m0.066s
sys	0m0.083s
216
256
Generating /cluster/projects/nn8008k/lluisa/NextSIM/seas/Fmap_10days/2006_JFM_ic0.5_dt0.0025_DT0.0100/54_W_matrix.npy

real	0m41.860s
user	0m0.065s
sys	0m0.090s
220
260
Generating /cluster/projects/nn8008k/lluisa/NextSIM/seas/Fmap_10days/2006_JFM_ic0.5_dt0.0025_DT0.0100/55_W_matrix.npy

real	0m45.412s
user	0m0.064s
sys	0m0.084s
224
264
Generating /cluster/projects/nn8008k/lluisa/NextSIM/seas/Fmap_10days/2006_JFM_ic0.5_dt0.0025_DT0.0100/56_W_matrix.npy

real	0m41.653s
user	0m0.061s
sys	0m0.088s
228
268
Generating /cluster/projects/nn8008k/lluisa/NextSIM/seas/Fmap_10days/2006_JFM_ic0.5_dt0.0025_DT0.0100/57_W_matrix.npy

real	0m42.595s
user	0m0.062s
sys	0m0.086s
232
272
Generating /cluster/projects/nn8008k/lluisa/NextSIM/seas/Fmap_10days/2006_JFM_ic0.5_dt0.0025_DT0.0100/58_W_matrix.npy

real	0m45.898s
user	0m0.081s
sys	0m0.074s
236
276
Generating /cluster/projects/nn8008k/lluisa/NextSIM/seas/Fmap_10days/2006_JFM_ic0.5_dt0.0025_DT0.0100/59_W_matrix.npy

real	0m42.190s
user	0m0.073s
sys	0m0.078s
240
280
Generating /cluster/projects/nn8008k/lluisa/NextSIM/seas/Fmap_10days/2006_JFM_ic0.5_dt0.0025_DT0.0100/60_W_matrix.npy

real	0m40.854s
user	0m0.066s
sys	0m0.085s
244
284
Generating /cluster/projects/nn8008k/lluisa/NextSIM/seas/Fmap_10days/2006_JFM_ic0.5_dt0.0025_DT0.0100/61_W_matrix.npy

real	0m41.917s
user	0m0.083s
sys	0m0.071s
248
288
Generating /cluster/projects/nn8008k/lluisa/NextSIM/seas/Fmap_10days/2006_JFM_ic0.5_dt0.0025_DT0.0100/62_W_matrix.npy

real	0m46.252s
user	0m0.068s
sys	0m0.088s
252
292
Generating /cluster/projects/nn8008k/lluisa/NextSIM/seas/Fmap_10days/2006_JFM_ic0.5_dt0.0025_DT0.0100/63_W_matrix.npy

real	0m43.745s
user	0m0.070s
sys	0m0.085s
256
296
Generating /cluster/projects/nn8008k/lluisa/NextSIM/seas/Fmap_10days/2006_JFM_ic0.5_dt0.0025_DT0.0100/64_W_matrix.npy

real	0m42.664s
user	0m0.070s
sys	0m0.079s
260
300
Generating /cluster/projects/nn8008k/lluisa/NextSIM/seas/Fmap_10days/2006_JFM_ic0.5_dt0.0025_DT0.0100/65_W_matrix.npy

real	0m42.703s
user	0m0.058s
sys	0m0.092s
264
304
Generating /cluster/projects/nn8008k/lluisa/NextSIM/seas/Fmap_10days/2006_JFM_ic0.5_dt0.0025_DT0.0100/66_W_matrix.npy

real	0m41.596s
user	0m0.070s
sys	0m0.082s
268
308
Generating /cluster/projects/nn8008k/lluisa/NextSIM/seas/Fmap_10days/2006_JFM_ic0.5_dt0.0025_DT0.0100/67_W_matrix.npy

real	0m43.552s
user	0m0.067s
sys	0m0.085s
272
312
Generating /cluster/projects/nn8008k/lluisa/NextSIM/seas/Fmap_10days/2006_JFM_ic0.5_dt0.0025_DT0.0100/68_W_matrix.npy

real	0m41.999s
user	0m0.059s
sys	0m0.088s
276
316
Generating /cluster/projects/nn8008k/lluisa/NextSIM/seas/Fmap_10days/2006_JFM_ic0.5_dt0.0025_DT0.0100/69_W_matrix.npy

real	0m43.976s
user	0m0.073s
sys	0m0.079s
280
320
Generating /cluster/projects/nn8008k/lluisa/NextSIM/seas/Fmap_10days/2006_JFM_ic0.5_dt0.0025_DT0.0100/70_W_matrix.npy

real	0m40.733s
user	0m0.065s
sys	0m0.091s
284
324
Generating /cluster/projects/nn8008k/lluisa/NextSIM/seas/Fmap_10days/2006_JFM_ic0.5_dt0.0025_DT0.0100/71_W_matrix.npy

real	0m43.432s
user	0m0.068s
sys	0m0.088s
288
328
Generating /cluster/projects/nn8008k/lluisa/NextSIM/seas/Fmap_10days/2006_JFM_ic0.5_dt0.0025_DT0.0100/72_W_matrix.npy

real	0m41.908s
user	0m0.074s
sys	0m0.078s
292
332
Generating /cluster/projects/nn8008k/lluisa/NextSIM/seas/Fmap_10days/2006_JFM_ic0.5_dt0.0025_DT0.0100/73_W_matrix.npy

real	0m45.692s
user	0m0.063s
sys	0m0.082s
296
336
Generating /cluster/projects/nn8008k/lluisa/NextSIM/seas/Fmap_10days/2006_JFM_ic0.5_dt0.0025_DT0.0100/74_W_matrix.npy

real	0m41.337s
user	0m0.072s
sys	0m0.079s
300
340
Generating /cluster/projects/nn8008k/lluisa/NextSIM/seas/Fmap_10days/2006_JFM_ic0.5_dt0.0025_DT0.0100/75_W_matrix.npy

real	0m41.237s
user	0m0.061s
sys	0m0.086s
304
344
Generating /cluster/projects/nn8008k/lluisa/NextSIM/seas/Fmap_10days/2006_JFM_ic0.5_dt0.0025_DT0.0100/76_W_matrix.npy

real	0m41.669s
user	0m0.070s
sys	0m0.083s
308
348
Generating /cluster/projects/nn8008k/lluisa/NextSIM/seas/Fmap_10days/2006_JFM_ic0.5_dt0.0025_DT0.0100/77_W_matrix.npy

real	0m42.707s
user	0m0.062s
sys	0m0.090s
312
352
Generating /cluster/projects/nn8008k/lluisa/NextSIM/seas/Fmap_10days/2006_JFM_ic0.5_dt0.0025_DT0.0100/78_W_matrix.npy

real	0m42.816s
user	0m0.061s
sys	0m0.091s
316
356
Generating /cluster/projects/nn8008k/lluisa/NextSIM/seas/Fmap_10days/2006_JFM_ic0.5_dt0.0025_DT0.0100/79_W_matrix.npy

real	0m42.493s
user	0m0.069s
sys	0m0.082s
320
360
Generating /cluster/projects/nn8008k/lluisa/NextSIM/seas/Fmap_10days/2006_JFM_ic0.5_dt0.0025_DT0.0100/80_W_matrix.npy

real	0m42.968s
user	0m0.060s
sys	0m0.093s
EBVERSIONNUMACTL=2.0.16
SLURM_JOB_NUM_NODES=16
EBROOTNUMACTL=/cluster/software/numactl/2.0.16-GCCcore-13.2.0
EBDEVELNUMACTL=/cluster/software/numactl/2.0.16-GCCcore-13.2.0/easybuild/numactl-2.0.16-GCCcore-13.2.0-easybuild-devel
OMP_NUM_THREADS=1

Job 6229056 consumed 1402.5 billing hours from project nn8008k.

Submitted 2025-05-04T10:09:19; waited 1.0 seconds in the queue after becoming eligible to run.

Requested wallclock time: 16.0 hours
Elapsed wallclock time:   2.7 hours

Job exited normally.

Task and CPU statistics:
ID              CPUs  Tasks  CPU util                Start  Elapsed  Exit status
6229056          512            0.0 %  2025-05-04T10:09:20    2.7 h  0
6229056.batch     32      1     0.0 %  2025-05-04T10:09:20    2.7 h  0
6229056.python   512    512    30.5 %  2025-05-04T10:09:29    0.0 h  0
6229056.python   512    512    88.3 %  2025-05-04T10:11:37    0.0 h  0
6229056.python   512    512    83.8 %  2025-05-04T10:12:19    0.0 h  0
6229056.python   512    512    87.3 %  2025-05-04T10:13:03    0.0 h  0
6229056.python   512    512    79.5 %  2025-05-04T10:13:45    0.0 h  0
6229056.python   512    512    84.8 %  2025-05-04T10:14:31    0.0 h  0
6229056.python   512    512    88.7 %  2025-05-04T10:15:14    0.0 h  0
6229056.python   512    512    89.2 %  2025-05-04T10:15:55    0.0 h  0
6229056.python   512    512    82.6 %  2025-05-04T10:16:36    0.0 h  0
6229056.python   512    512    80.6 %  2025-05-04T10:17:20    0.0 h  0
6229056.python   512    512    86.0 %  2025-05-04T10:18:05    0.0 h  0
6229056.python   512    512    80.1 %  2025-05-04T10:18:47    0.0 h  0
6229056.python   512    512    85.6 %  2025-05-04T10:19:32    0.0 h  0
6229056.python   512    512    86.0 %  2025-05-04T10:20:14    0.0 h  0
6229056.python   512    512    89.9 %  2025-05-04T10:20:56    0.0 h  0
6229056.python   512    512    85.9 %  2025-05-04T10:21:36    0.0 h  0
6229056.python   512    512    81.9 %  2025-05-04T10:22:18    0.0 h  0
6229056.python   512    512    89.1 %  2025-05-04T10:23:02    0.0 h  0
6229056.python   512    512    86.7 %  2025-05-04T10:23:42    0.0 h  0
6229056.python   512    512    83.9 %  2025-05-04T10:24:23    0.0 h  0
6229056.python   512    512    82.0 %  2025-05-04T10:25:05    0.0 h  0
6229056.python   512    512    87.4 %  2025-05-04T10:25:48    0.0 h  0
6229056.python   512    512    80.3 %  2025-05-04T10:26:28    0.0 h  0
6229056.python   512    512    80.7 %  2025-05-04T10:27:12    0.0 h  0
6229056.python   512    512    80.7 %  2025-05-04T10:27:56    0.0 h  0
6229056.python   512    512    83.0 %  2025-05-04T10:28:40    0.0 h  0
6229056.python   512    512    87.1 %  2025-05-04T10:29:23    0.0 h  0
6229056.python   512    512    85.0 %  2025-05-04T10:30:04    0.0 h  0
6229056.python   512    512    85.2 %  2025-05-04T10:30:46    0.0 h  0
6229056.python   512    512    91.4 %  2025-05-04T10:31:28    0.0 h  0
6229056.python   512    512    87.4 %  2025-05-04T10:32:07    0.0 h  0
6229056.python   512    512    86.7 %  2025-05-04T10:32:48    0.0 h  0
6229056.python   512    512    89.1 %  2025-05-04T10:33:29    0.0 h  0
6229056.python   512    512    80.9 %  2025-05-04T10:34:09    0.0 h  0
6229056.python   512    512    88.0 %  2025-05-04T10:34:53    0.0 h  0
6229056.python   512    512    85.8 %  2025-05-04T10:35:33    0.0 h  0
6229056.python   512    512    79.3 %  2025-05-04T10:36:14    0.0 h  0
6229056.python   512    512    87.2 %  2025-05-04T10:36:58    0.0 h  0
6229056.python   512    512    89.1 %  2025-05-04T10:37:38    0.0 h  0
6229056.python   512    512    82.7 %  2025-05-04T10:38:17    0.0 h  0
6229056.python   512    512    88.4 %  2025-05-04T10:38:59    0.0 h  0
6229056.python   512    512    86.2 %  2025-05-04T10:39:38    0.0 h  0
6229056.python   512    512    80.4 %  2025-05-04T10:40:18    0.0 h  0
6229056.python   512    512    79.7 %  2025-05-04T10:41:01    0.0 h  0
6229056.python   512    512    84.7 %  2025-05-04T10:41:44    0.0 h  0
6229056.python   512    512    90.8 %  2025-05-04T10:42:24    0.0 h  0
6229056.python   512    512    86.0 %  2025-05-04T10:43:01    0.0 h  0
6229056.python   512    512    89.9 %  2025-05-04T10:43:40    0.0 h  0
6229056.python   512    512    79.5 %  2025-05-04T10:44:17    0.0 h  0
6229056.python   512    512    85.0 %  2025-05-04T10:44:59    0.0 h  0
6229056.python   512    512    89.3 %  2025-05-04T10:45:38    0.0 h  0
6229056.python   512    512    88.7 %  2025-05-04T10:46:15    0.0 h  0
6229056.python   512    512    90.8 %  2025-05-04T10:46:52    0.0 h  0
6229056.python   512    512    86.3 %  2025-05-04T10:47:28    0.0 h  0
6229056.python   512    512    89.8 %  2025-05-04T10:48:06    0.0 h  0
6229056.python   512    512    86.7 %  2025-05-04T10:48:42    0.0 h  0
6229056.python   512    512    85.6 %  2025-05-04T10:49:19    0.0 h  0
6229056.python   512    512    85.2 %  2025-05-04T10:49:56    0.0 h  0
6229056.python   512    512    89.7 %  2025-05-04T10:50:33    0.0 h  0
6229056.python   512    512    84.9 %  2025-05-04T10:51:08    0.0 h  0
6229056.python   512    512    88.9 %  2025-05-04T10:51:45    0.0 h  0
6229056.python   512    512    88.0 %  2025-05-04T10:52:20    0.0 h  0
6229056.python   512    512    90.0 %  2025-05-04T10:52:55    0.0 h  0
6229056.python   512    512    84.8 %  2025-05-04T10:53:29    0.0 h  0
6229056.python   512    512    84.5 %  2025-05-04T10:54:05    0.0 h  0
6229056.python   512    512    88.2 %  2025-05-04T10:54:41    0.0 h  0
6229056.python   512    512    77.9 %  2025-05-04T10:55:15    0.0 h  0
6229056.python   512    512    87.0 %  2025-05-04T10:55:50    0.0 h  0
6229056.python   512    512    86.1 %  2025-05-04T10:56:21    0.0 h  0
6229056.python   512    512    82.3 %  2025-05-04T10:56:52    0.0 h  0
6229056.python   512    512    77.6 %  2025-05-04T10:57:24    0.0 h  0
6229056.python   512    512    78.5 %  2025-05-04T10:57:57    0.0 h  0
6229056.python   512    512    91.1 %  2025-05-04T10:58:29    0.0 h  0
6229056.python   512    512    86.3 %  2025-05-04T10:58:56    0.0 h  0
6229056.python   512    512    87.7 %  2025-05-04T10:59:24    0.0 h  0
6229056.python   512    512    79.8 %  2025-05-04T10:59:51    0.0 h  0
6229056.python   512    512    77.8 %  2025-05-04T11:00:20    0.0 h  0
6229056.python   512    512    87.6 %  2025-05-04T11:00:49    0.0 h  0
6229056.python   512    512    85.7 %  2025-05-04T11:01:14    0.0 h  0
6229056.python   512    512    87.0 %  2025-05-04T11:01:39    0.0 h  0
6229056.python   512    512    84.3 %  2025-05-04T11:02:03    0.0 h  0
6229056.python   512    512    83.8 %  2025-05-04T11:02:27    0.0 h  0
6229056.python   512    512    79.8 %  2025-05-04T11:02:51    0.0 h  0
6229056.python   512    512    85.1 %  2025-05-04T11:03:16    0.0 h  0
6229056.python   512    512    84.3 %  2025-05-04T11:03:39    0.0 h  0
6229056.python   512    512    83.7 %  2025-05-04T11:04:02    0.0 h  0
6229056.python   512    512    79.7 %  2025-05-04T11:04:25    0.0 h  0
6229056.python   512    512    82.2 %  2025-05-04T11:04:49    0.0 h  0
6229056.python   512    512    81.1 %  2025-05-04T11:05:12    0.0 h  0
6229056.python   512    512    84.2 %  2025-05-04T11:05:35    0.0 h  0
6229056.python   512    512    86.4 %  2025-05-04T11:05:57    0.0 h  0
6229056.python   512    512    78.7 %  2025-05-04T11:06:18    0.0 h  0
6229056.python   512    512    84.6 %  2025-05-04T11:06:41    0.0 h  0
6229056.python   512    512    83.1 %  2025-05-04T11:07:02    0.0 h  0
6229056.python   512    512    79.3 %  2025-05-04T11:07:23    0.0 h  0
6229056.python   512    512    85.2 %  2025-05-04T11:07:45    0.0 h  0
6229056.python   512    512    77.0 %  2025-05-04T11:08:05    0.0 h  0
6229056.python   512    512    82.9 %  2025-05-04T11:08:27    0.0 h  0
6229056.python   512    512    86.5 %  2025-05-04T11:08:47    0.0 h  0
6229056.python   512    512    85.4 %  2025-05-04T11:09:06    0.0 h  0
6229056.python   512    512    79.5 %  2025-05-04T11:09:25    0.0 h  0
6229056.python   512    512    88.0 %  2025-05-04T11:09:45    0.0 h  0
6229056.python   512    512    81.5 %  2025-05-04T11:10:03    0.0 h  0
6229056.python   512    512    85.3 %  2025-05-04T11:10:22    0.0 h  0
6229056.python   512    512    84.6 %  2025-05-04T11:10:40    0.0 h  0
6229056.python   512    512    84.0 %  2025-05-04T11:10:58    0.0 h  0
6229056.python   512    512    83.2 %  2025-05-04T11:11:16    0.0 h  0
6229056.python   512    512    87.0 %  2025-05-04T11:11:34    0.0 h  0
6229056.python   512    512    81.9 %  2025-05-04T11:11:51    0.0 h  0
6229056.python   512    512    85.5 %  2025-05-04T11:12:09    0.0 h  0
6229056.python   512    512    80.1 %  2025-05-04T11:12:26    0.0 h  0
6229056.python   512    512    83.6 %  2025-05-04T11:12:44    0.0 h  0
6229056.python   512    512    83.7 %  2025-05-04T11:13:01    0.0 h  0
6229056.python   512    512    88.2 %  2025-05-04T11:13:18    0.0 h  0
6229056.python   512    512    77.2 %  2025-05-04T11:13:34    0.0 h  0
6229056.python   512    512    85.0 %  2025-05-04T11:13:52    0.0 h  0
6229056.python   512    512    83.7 %  2025-05-04T11:14:08    0.0 h  0
6229056.python   512    512    60.9 %  2025-05-04T11:14:24    0.0 h  0
6229056.python   512    512    88.5 %  2025-05-04T11:14:46    0.0 h  0
6229056.python   512    512    77.2 %  2025-05-04T11:15:01    0.0 h  0
6229056.python   512    512    81.8 %  2025-05-04T11:15:18    0.0 h  0
6229056.python   512    512    80.9 %  2025-05-04T11:15:34    0.0 h  0
6229056.python   512    512    81.0 %  2025-05-04T11:15:50    0.0 h  0
6229056.python   512    512    82.0 %  2025-05-04T11:16:06    0.0 h  0
6229056.python   512    512    79.2 %  2025-05-04T11:16:22    0.0 h  0
6229056.python   512    512    84.2 %  2025-05-04T11:16:38    0.0 h  0
6229056.python   512    512    90.0 %  2025-05-04T11:16:53    0.0 h  0
6229056.python   512    512    75.4 %  2025-05-04T11:17:07    0.0 h  0
6229056.python   512    512    80.2 %  2025-05-04T11:17:24    0.0 h  0
6229056.python   512    512    85.5 %  2025-05-04T11:17:40    0.0 h  0
6229056.python   512    512    80.0 %  2025-05-04T11:17:55    0.0 h  0
6229056.python   512    512    85.7 %  2025-05-04T11:18:11    0.0 h  0
6229056.python   512    512    85.3 %  2025-05-04T11:18:26    0.0 h  0
6229056.python   512    512    80.5 %  2025-05-04T11:18:41    0.0 h  0
6229056.python   512    512    80.4 %  2025-05-04T11:18:57    0.0 h  0
6229056.python   512    512    80.5 %  2025-05-04T11:19:13    0.0 h  0
6229056.python   512    512    80.9 %  2025-05-04T11:19:29    0.0 h  0
6229056.python   512    512    75.4 %  2025-05-04T11:19:45    0.0 h  0
6229056.python   512    512    84.9 %  2025-05-04T11:20:02    0.0 h  0
6229056.python   512    512    79.0 %  2025-05-04T11:20:17    0.0 h  0
6229056.python   512    512    78.2 %  2025-05-04T11:20:33    0.0 h  0
6229056.python   512    512    82.9 %  2025-05-04T11:20:49    0.0 h  0
6229056.python   512    512    77.8 %  2025-05-04T11:21:04    0.0 h  0
6229056.python   512    512    83.3 %  2025-05-04T11:21:20    0.0 h  0
6229056.python   512    512    83.4 %  2025-05-04T11:21:35    0.0 h  0
6229056.python   512    512    79.3 %  2025-05-04T11:21:50    0.0 h  0
6229056.python   512    512    79.4 %  2025-05-04T11:22:06    0.0 h  0
6229056.python   512    512    84.0 %  2025-05-04T11:22:22    0.0 h  0
6229056.python   512    512    84.4 %  2025-05-04T11:22:37    0.0 h  0
6229056.python   512    512    80.5 %  2025-05-04T11:22:52    0.0 h  0
6229056.python   512    512    81.6 %  2025-05-04T11:23:08    0.0 h  0
6229056.python   512    512    87.4 %  2025-05-04T11:23:25    0.0 h  0
6229056.python   512    512    83.0 %  2025-05-04T11:23:40    0.0 h  0
6229056.python   512    512    78.5 %  2025-05-04T11:23:56    0.0 h  0
6229056.python   512    512    83.3 %  2025-05-04T11:24:13    0.0 h  0
6229056.python   512    512    89.7 %  2025-05-04T11:24:29    0.0 h  0
6229056.python   512    512    80.8 %  2025-05-04T11:24:44    0.0 h  0
6229056.python   512    512    81.7 %  2025-05-04T11:25:01    0.0 h  0
6229056.python   512    512    84.1 %  2025-05-04T11:25:18    0.0 h  0
6229056.python   512    512    86.4 %  2025-05-04T11:25:35    0.0 h  0
6229056.python   512    512    84.8 %  2025-05-04T11:25:52    0.0 h  0
6229056.python   512    512    82.6 %  2025-05-04T11:26:10    0.0 h  0
6229056.python   512    512    88.5 %  2025-05-04T11:26:29    0.0 h  0
6229056.python   512    512    86.1 %  2025-05-04T11:26:47    0.0 h  0
6229056.python   512    512    82.5 %  2025-05-04T11:27:06    0.0 h  0
6229056.python   512    512    84.4 %  2025-05-04T11:27:26    0.0 h  0
6229056.python   512    512    85.4 %  2025-05-04T11:27:46    0.0 h  0
6229056.python   512    512    79.2 %  2025-05-04T11:28:06    0.0 h  0
6229056.python   512    512    77.7 %  2025-05-04T11:28:28    0.0 h  0
6229056.python   512    512    78.3 %  2025-05-04T11:28:51    0.0 h  0
6229056.python   512    512    79.7 %  2025-05-04T11:29:14    0.0 h  0
6229056.python   512    512    84.8 %  2025-05-04T11:29:37    0.0 h  0
6229056.python   512    512    85.7 %  2025-05-04T11:29:59    0.0 h  0
6229056.python   512    512    83.2 %  2025-05-04T11:30:21    0.0 h  0
6229056.python   512    512    80.9 %  2025-05-04T11:30:44    0.0 h  0
6229056.python   512    512    89.4 %  2025-05-04T11:31:08    0.0 h  0
6229056.python   512    512    83.6 %  2025-05-04T11:31:30    0.0 h  0
6229056.python   512    512    84.2 %  2025-05-04T11:31:54    0.0 h  0
6229056.python   512    512    89.4 %  2025-05-04T11:32:18    0.0 h  0
6229056.python   512    512    87.1 %  2025-05-04T11:32:41    0.0 h  0
6229056.python   512    512    87.7 %  2025-05-04T11:33:05    0.0 h  0
6229056.python   512    512    78.4 %  2025-05-04T11:33:29    0.0 h  0
6229056.python   512    512    86.0 %  2025-05-04T11:33:56    0.0 h  0
6229056.python   512    512    90.4 %  2025-05-04T11:34:21    0.0 h  0
6229056.python   512    512    84.2 %  2025-05-04T11:34:45    0.0 h  0
6229056.python   512    512    88.5 %  2025-05-04T11:35:11    0.0 h  0
6229056.python   512    512    85.3 %  2025-05-04T11:35:36    0.0 h  0
6229056.python   512    512    78.1 %  2025-05-04T11:36:02    0.0 h  0
6229056.python   512    512    87.4 %  2025-05-04T11:36:31    0.0 h  0
6229056.python   512    512    84.9 %  2025-05-04T11:36:57    0.0 h  0
6229056.python   512    512    88.6 %  2025-05-04T11:37:24    0.0 h  0
6229056.python   512    512    86.1 %  2025-05-04T11:37:50    0.0 h  0
6229056.python   512    512    80.9 %  2025-05-04T11:38:17    0.0 h  0
6229056.python   512    512    80.8 %  2025-05-04T11:38:46    0.0 h  0
6229056.python   512    512    84.4 %  2025-05-04T11:39:15    0.0 h  0
6229056.python   512    512    79.4 %  2025-05-04T11:39:43    0.0 h  0
6229056.python   512    512    82.3 %  2025-05-04T11:40:13    0.0 h  0
6229056.python   512    512    88.6 %  2025-05-04T11:40:42    0.0 h  0
6229056.python   512    512    85.8 %  2025-05-04T11:41:09    0.0 h  0
6229056.python   512    512    85.8 %  2025-05-04T11:41:37    0.0 h  0
6229056.python   512    512    86.2 %  2025-05-04T11:42:05    0.0 h  0
6229056.python   512    512    86.7 %  2025-05-04T11:42:33    0.0 h  0
6229056.python   512    512    90.5 %  2025-05-04T11:43:01    0.0 h  0
6229056.python   512    512    88.3 %  2025-05-04T11:43:28    0.0 h  0
6229056.python   512    512    86.0 %  2025-05-04T11:43:56    0.0 h  0
6229056.python   512    512    84.5 %  2025-05-04T11:44:25    0.0 h  0
6229056.python   512    512    85.6 %  2025-05-04T11:44:55    0.0 h  0
6229056.python   512    512    86.2 %  2025-05-04T11:45:25    0.0 h  0
6229056.python   512    512    89.4 %  2025-05-04T11:45:55    0.0 h  0
6229056.python   512    512    79.7 %  2025-05-04T11:46:24    0.0 h  0
6229056.python   512    512    82.9 %  2025-05-04T11:46:57    0.0 h  0
6229056.python   512    512    83.5 %  2025-05-04T11:47:29    0.0 h  0
6229056.python   512    512    80.3 %  2025-05-04T11:48:01    0.0 h  0
6229056.python   512    512    91.6 %  2025-05-04T11:48:35    0.0 h  0
6229056.python   512    512    87.5 %  2025-05-04T11:49:05    0.0 h  0
6229056.python   512    512    83.8 %  2025-05-04T11:49:37    0.0 h  0
6229056.python   512    512    80.4 %  2025-05-04T11:50:11    0.0 h  0
6229056.python   512    512    85.9 %  2025-05-04T11:50:47    0.0 h  0
6229056.python   512    512    87.5 %  2025-05-04T11:51:21    0.0 h  0
6229056.python   512    512    87.8 %  2025-05-04T11:51:55    0.0 h  0
6229056.python   512    512    90.3 %  2025-05-04T11:52:30    0.0 h  0
6229056.python   512    512    89.1 %  2025-05-04T11:53:03    0.0 h  0
6229056.python   512    512    80.5 %  2025-05-04T11:53:37    0.0 h  0
6229056.python   512    512    82.2 %  2025-05-04T11:54:15    0.0 h  0
6229056.python   512    512    87.4 %  2025-05-04T11:54:53    0.0 h  0
6229056.python   512    512    81.5 %  2025-05-04T11:55:29    0.0 h  0
6229056.python   512    512    86.6 %  2025-05-04T11:56:08    0.0 h  0
6229056.python   512    512    77.5 %  2025-05-04T11:56:45    0.0 h  0
6229056.python   512    512    89.3 %  2025-05-04T11:57:27    0.0 h  0
6229056.python   512    512    89.3 %  2025-05-04T11:58:05    0.0 h  0
6229056.python   512    512    80.8 %  2025-05-04T11:58:43    0.0 h  0
6229056.python   512    512    85.1 %  2025-05-04T11:59:25    0.0 h  0
6229056.python   512    512    79.6 %  2025-05-04T12:00:05    0.0 h  0
6229056.python   512    512    85.3 %  2025-05-04T12:00:48    0.0 h  0
6229056.python   512    512    85.9 %  2025-05-04T12:01:28    0.0 h  0
6229056.python   512    512    87.9 %  2025-05-04T12:02:08    0.0 h  0
6229056.python   512    512    90.3 %  2025-05-04T12:02:47    0.0 h  0
6229056.python   512    512    84.3 %  2025-05-04T12:03:25    0.0 h  0
6229056.python   512    512    90.7 %  2025-05-04T12:04:06    0.0 h  0
6229056.python   512    512    86.8 %  2025-05-04T12:04:44    0.0 h  0
6229056.python   512    512    86.6 %  2025-05-04T12:05:24    0.0 h  0
6229056.python   512    512    88.9 %  2025-05-04T12:06:04    0.0 h  0
6229056.python   512    512    87.7 %  2025-05-04T12:06:43    0.0 h  0
6229056.python   512    512    87.3 %  2025-05-04T12:07:23    0.0 h  0
6229056.python   512    512    82.7 %  2025-05-04T12:08:03    0.0 h  0
6229056.python   512    512    76.9 %  2025-05-04T12:08:45    0.0 h  0
6229056.python   512    512    86.5 %  2025-05-04T12:09:30    0.0 h  0
6229056.python   512    512    86.4 %  2025-05-04T12:10:10    0.0 h  0
6229056.python   512    512    90.3 %  2025-05-04T12:10:50    0.0 h  0
6229056.python   512    512    86.3 %  2025-05-04T12:11:28    0.0 h  0
6229056.python   512    512    83.7 %  2025-05-04T12:12:08    0.0 h  0
6229056.python   512    512    84.4 %  2025-05-04T12:12:49    0.0 h  0
6229056.python   512    512    84.5 %  2025-05-04T12:13:30    0.0 h  0
6229056.python   512    512    87.6 %  2025-05-04T12:14:11    0.0 h  0
6229056.python   512    512    85.8 %  2025-05-04T12:14:51    0.0 h  0
6229056.python   512    512    78.7 %  2025-05-04T12:15:32    0.0 h  0
6229056.python   512    512    80.3 %  2025-05-04T12:16:17    0.0 h  0
6229056.python   512    512    80.2 %  2025-05-04T12:17:01    0.0 h  0
6229056.python   512    512    89.9 %  2025-05-04T12:17:45    0.0 h  0
6229056.python   512    512    84.0 %  2025-05-04T12:18:24    0.0 h  0
6229056.python   512    512    87.8 %  2025-05-04T12:19:06    0.0 h  0
6229056.python   512    512    86.0 %  2025-05-04T12:19:46    0.0 h  0
6229056.python   512    512    86.7 %  2025-05-04T12:20:27    0.0 h  0
6229056.python   512    512    89.0 %  2025-05-04T12:21:08    0.0 h  0
6229056.python   512    512    86.9 %  2025-05-04T12:21:48    0.0 h  0
6229056.python   512    512    84.7 %  2025-05-04T12:22:29    0.0 h  0
6229056.python   512    512    77.2 %  2025-05-04T12:23:11    0.0 h  0
6229056.python   512    512    84.7 %  2025-05-04T12:23:57    0.0 h  0
6229056.python   512    512    84.4 %  2025-05-04T12:24:39    0.0 h  0
6229056.python   512    512    87.0 %  2025-05-04T12:25:21    0.0 h  0
6229056.python   512    512    85.0 %  2025-05-04T12:26:02    0.0 h  0
6229056.python   512    512    89.0 %  2025-05-04T12:26:44    0.0 h  0
6229056.python   512    512    79.6 %  2025-05-04T12:27:24    0.0 h  0
6229056.python   512    512    87.1 %  2025-05-04T12:28:09    0.0 h  0
6229056.python   512    512    88.8 %  2025-05-04T12:28:50    0.0 h  0
6229056.python   512    512    87.1 %  2025-05-04T12:29:30    0.0 h  0
6229056.python   512    512    87.0 %  2025-05-04T12:30:11    0.0 h  0
6229056.python   512    512    83.2 %  2025-05-04T12:30:52    0.0 h  0
6229056.python   512    512    85.1 %  2025-05-04T12:31:35    0.0 h  0
6229056.python   512    512    87.6 %  2025-05-04T12:32:17    0.0 h  0
6229056.python   512    512    82.4 %  2025-05-04T12:32:58    0.0 h  0
6229056.python   512    512    84.6 %  2025-05-04T12:33:42    0.0 h  0
6229056.python   512    512    86.7 %  2025-05-04T12:34:25    0.0 h  0
6229056.python   512    512    81.2 %  2025-05-04T12:35:07    0.0 h  0
6229056.python   512    512    87.0 %  2025-05-04T12:35:52    0.0 h  0
6229056.python   512    512    87.2 %  2025-05-04T12:36:34    0.0 h  0
6229056.python   512    512    81.7 %  2025-05-04T12:37:17    0.0 h  0
6229056.python   512    512    85.7 %  2025-05-04T12:38:02    0.0 h  0
6229056.python   512    512    92.2 %  2025-05-04T12:38:45    0.0 h  0
6229056.python   512    512    88.0 %  2025-05-04T12:39:25    0.0 h  0
6229056.python   512    512    79.1 %  2025-05-04T12:40:07    0.0 h  0
6229056.python   512    512    86.1 %  2025-05-04T12:40:54    0.0 h  0
6229056.python   512    512    85.9 %  2025-05-04T12:41:37    0.0 h  0
6229056.python   512    512    85.7 %  2025-05-04T12:42:20    0.0 h  0
6229056.python   512    512    89.7 %  2025-05-04T12:43:03    0.0 h  0
6229056.python   512    512    84.1 %  2025-05-04T12:43:44    0.0 h  0
6229056.python   512    512    87.9 %  2025-05-04T12:44:28    0.0 h  0
6229056.python   512    512    84.0 %  2025-05-04T12:45:10    0.0 h  0
6229056.python   512    512    90.0 %  2025-05-04T12:45:54    0.0 h  0
6229056.python   512    512    86.0 %  2025-05-04T12:46:35    0.0 h  0
6229056.python   512    512    87.4 %  2025-05-04T12:47:18    0.0 h  0
6229056.python   512    512    80.1 %  2025-05-04T12:48:00    0.0 h  0
6229056.python   512    512    89.3 %  2025-05-04T12:48:46    0.0 h  0
6229056.python   512    512    89.6 %  2025-05-04T12:49:27    0.0 h  0
6229056.python   512    512    87.5 %  2025-05-04T12:50:08    0.0 h  0
6229056.python   512    512    86.0 %  2025-05-04T12:50:50    0.0 h  0
6229056.python   512    512    88.1 %  2025-05-04T12:51:33    0.0 h  0
6229056.python   512    512    86.1 %  2025-05-04T12:52:15    0.0 h  0
6229056.python   512    512    86.3 %  2025-05-04T12:52:58    0.0 h  0

Used CPU time:   49.1 CPU days
Unused CPU time: 9.4 CPU days

Memory statistics, in GiB:
ID               Alloc   Usage
6229056          944.0        
6229056.batch     59.0     0.0
6229056.python   944.0   297.0
6229056.python   944.0   292.5
6229056.python   944.0   292.3
6229056.python   944.0   292.0
6229056.python   944.0   291.3
6229056.python   944.0   291.1
6229056.python   944.0   291.0
6229056.python   944.0   291.5
6229056.python   944.0   290.6
6229056.python   944.0   290.1
6229056.python   944.0   290.1
6229056.python   944.0   289.7
6229056.python   944.0   289.5
6229056.python   944.0   290.0
6229056.python   944.0   289.7
6229056.python   944.0   289.8
6229056.python   944.0   289.5
6229056.python   944.0   288.4
6229056.python   944.0   288.1
6229056.python   944.0   287.0
6229056.python   944.0   286.8
6229056.python   944.0   286.2
6229056.python   944.0   287.1
6229056.python   944.0   287.5
6229056.python   944.0   287.7
6229056.python   944.0   288.6
6229056.python   944.0   288.6
6229056.python   944.0   288.5
6229056.python   944.0   288.8
6229056.python   944.0   288.4
6229056.python   944.0   288.8
6229056.python   944.0   288.2
6229056.python   944.0   288.5
6229056.python   944.0   288.1
6229056.python   944.0   287.2
6229056.python   944.0   286.8
6229056.python   944.0   285.7
6229056.python   944.0   285.8
6229056.python   944.0   285.5
6229056.python   944.0   285.2
6229056.python   944.0   284.7
6229056.python   944.0   284.5
6229056.python   944.0   284.5
6229056.python   944.0   283.4
6229056.python   944.0   282.4
6229056.python   944.0   281.7
6229056.python   944.0   281.3
6229056.python   944.0   280.6
6229056.python   944.0   280.5
6229056.python   944.0   279.9
6229056.python   944.0   279.6
6229056.python   944.0   278.9
6229056.python   944.0   278.5
6229056.python   944.0   278.8
6229056.python   944.0   277.3
6229056.python   944.0   276.4
6229056.python   944.0   274.9
6229056.python   944.0   274.4
6229056.python   944.0   274.0
6229056.python   944.0   273.9
6229056.python   944.0   273.1
6229056.python   944.0   271.9
6229056.python   944.0   271.2
6229056.python   944.0   270.9
6229056.python   944.0   270.2
6229056.python   944.0   268.8
6229056.python   944.0   127.5
6229056.python   944.0   126.3
6229056.python   944.0    83.5
6229056.python   944.0   126.3
6229056.python   944.0   126.4
6229056.python   944.0   126.3
6229056.python   944.0    84.0
6229056.python   944.0    84.5
6229056.python   944.0    86.7
6229056.python   944.0    85.2
6229056.python   944.0    84.9
6229056.python   944.0    85.4
6229056.python   944.0    86.6
6229056.python   944.0    86.2
6229056.python   944.0    84.6
6229056.python   944.0    84.1
6229056.python   944.0    84.0
6229056.python   944.0    83.9
6229056.python   944.0    85.3
6229056.python   944.0    84.4
6229056.python   944.0    83.4
6229056.python   944.0    86.0
6229056.python   944.0    87.1
6229056.python   944.0    84.6
6229056.python   944.0    86.8
6229056.python   944.0    85.1
6229056.python   944.0    84.9
6229056.python   944.0    85.6
6229056.python   944.0    84.2
6229056.python   944.0    85.2
6229056.python   944.0    84.4
6229056.python   944.0    88.3
6229056.python   944.0    88.5
6229056.python   944.0    87.1
6229056.python   944.0    83.3
6229056.python   944.0    85.3
6229056.python   944.0    83.1
6229056.python   944.0    85.0
6229056.python   944.0    82.5
6229056.python   944.0    87.9
6229056.python   944.0    84.6
6229056.python   944.0    83.6
6229056.python   944.0    83.4
6229056.python   944.0    85.0
6229056.python   944.0    83.9
6229056.python   944.0    84.8
6229056.python   944.0    87.1
6229056.python   944.0    85.1
6229056.python   944.0    86.8
6229056.python   944.0    84.9
6229056.python   944.0    85.1
6229056.python   944.0    80.1
6229056.python   944.0    83.9
6229056.python   944.0    84.3
6229056.python   944.0    83.1
6229056.python   944.0    86.9
6229056.python   944.0    83.4
6229056.python   944.0    87.2
6229056.python   944.0    83.1
6229056.python   944.0    85.7
6229056.python   944.0    83.5
6229056.python   944.0    84.8
6229056.python   944.0    84.2
6229056.python   944.0    83.9
6229056.python   944.0    84.5
6229056.python   944.0    83.5
6229056.python   944.0    83.8
6229056.python   944.0    85.2
6229056.python   944.0    86.9
6229056.python   944.0    83.0
6229056.python   944.0    85.3
6229056.python   944.0    86.5
6229056.python   944.0    85.6
6229056.python   944.0    85.5
6229056.python   944.0    84.6
6229056.python   944.0    84.7
6229056.python   944.0    84.9
6229056.python   944.0    84.6
6229056.python   944.0    83.3
6229056.python   944.0    84.0
6229056.python   944.0    84.3
6229056.python   944.0    85.2
6229056.python   944.0    84.7
6229056.python   944.0    85.0
6229056.python   944.0    83.1
6229056.python   944.0    83.8
6229056.python   944.0    84.8
6229056.python   944.0    86.7
6229056.python   944.0    85.4
6229056.python   944.0    84.7
6229056.python   944.0    84.8
6229056.python   944.0    84.6
6229056.python   944.0    85.2
6229056.python   944.0    86.8
6229056.python   944.0    83.3
6229056.python   944.0    83.7
6229056.python   944.0    86.6
6229056.python   944.0    84.4
6229056.python   944.0    84.1
6229056.python   944.0    83.7
6229056.python   944.0    83.1
6229056.python   944.0    80.8
6229056.python   944.0    85.0
6229056.python   944.0    83.2
6229056.python   944.0    85.5
6229056.python   944.0    84.8
6229056.python   944.0    85.2
6229056.python   944.0    86.2
6229056.python   944.0    85.3
6229056.python   944.0    84.4
6229056.python   944.0    85.5
6229056.python   944.0    86.3
6229056.python   944.0    84.1
6229056.python   944.0    82.7
6229056.python   944.0    84.2
6229056.python   944.0    84.1
6229056.python   944.0    86.6
6229056.python   944.0    82.7
6229056.python   944.0    84.8
6229056.python   944.0    84.2
6229056.python   944.0    86.2
6229056.python   944.0    85.1
6229056.python   944.0    84.3
6229056.python   944.0    85.0
6229056.python   944.0    86.9
6229056.python   944.0    86.0
6229056.python   944.0    83.4
6229056.python   944.0    85.0
6229056.python   944.0    83.4
6229056.python   944.0    85.9
6229056.python   944.0    83.0
6229056.python   944.0    84.4
6229056.python   944.0    83.2
6229056.python   944.0    84.1
6229056.python   944.0    84.5
6229056.python   944.0    82.6
6229056.python   944.0    85.2
6229056.python   944.0    85.5
6229056.python   944.0    84.5
6229056.python   944.0    82.9
6229056.python   944.0    98.2
6229056.python   944.0    85.0
6229056.python   944.0    85.8
6229056.python   944.0   126.4
6229056.python   944.0   126.4
6229056.python   944.0   126.3
6229056.python   944.0   126.6
6229056.python   944.0   123.7
6229056.python   944.0   126.4
6229056.python   944.0   130.3
6229056.python   944.0   140.1
6229056.python   944.0   189.2
6229056.python   944.0   267.3
6229056.python   944.0   268.5
6229056.python   944.0   266.4
6229056.python   944.0   270.1
6229056.python   944.0   270.8
6229056.python   944.0   273.2
6229056.python   944.0   274.2
6229056.python   944.0   275.0
6229056.python   944.0   276.1
6229056.python   944.0   277.2
6229056.python   944.0   282.7
6229056.python   944.0   282.8
6229056.python   944.0   282.4
6229056.python   944.0   282.8
6229056.python   944.0   282.9
6229056.python   944.0   283.0
6229056.python   944.0   283.6
6229056.python   944.0   284.0
6229056.python   944.0   284.1
6229056.python   944.0   284.7
6229056.python   944.0   284.7
6229056.python   944.0   285.2
6229056.python   944.0   284.9
6229056.python   944.0   285.1
6229056.python   944.0   286.4
6229056.python   944.0   285.8
6229056.python   944.0   285.2
6229056.python   944.0   284.3
6229056.python   944.0   284.5
6229056.python   944.0   284.7
6229056.python   944.0   284.1
6229056.python   944.0   284.5
6229056.python   944.0   283.8
6229056.python   944.0   284.5
6229056.python   944.0   284.9
6229056.python   944.0   286.5
6229056.python   944.0   286.8
6229056.python   944.0   286.9
6229056.python   944.0   286.5
6229056.python   944.0   286.9
6229056.python   944.0   286.7
6229056.python   944.0   286.9
6229056.python   944.0   286.7
6229056.python   944.0   286.8
6229056.python   944.0   287.3
6229056.python   944.0   287.7
6229056.python   944.0   288.3
6229056.python   944.0   287.8
6229056.python   944.0   287.3
6229056.python   944.0   287.9
6229056.python   944.0   287.5
6229056.python   944.0   288.3
6229056.python   944.0   288.1
6229056.python   944.0   288.2
6229056.python   944.0   288.5
6229056.python   944.0   288.4
6229056.python   944.0   288.0
6229056.python   944.0   288.5
6229056.python   944.0   288.4
6229056.python   944.0   288.5
6229056.python   944.0   288.6
6229056.python   944.0   289.2
6229056.python   944.0   290.2
6229056.python   944.0   290.6
6229056.python   944.0   291.0
6229056.python   944.0   291.1
6229056.python   944.0   291.4
6229056.python   944.0   291.6
6229056.python   944.0   291.8
6229056.python   944.0   292.3
6229056.python   944.0   292.6
6229056.python   944.0   292.9
6229056.python   944.0   293.1
6229056.python   944.0   292.9
6229056.python   944.0   292.9
6229056.python   944.0   292.4
6229056.python   944.0   292.2
6229056.python   944.0   292.8
6229056.python   944.0   292.8
6229056.python   944.0   292.5
6229056.python   944.0   292.6
6229056.python   944.0   292.8
6229056.python   944.0   292.0
6229056.python   944.0   292.2
6229056.python   944.0   291.7
6229056.python   944.0   292.2
6229056.python   944.0   292.0
6229056.python   944.0   293.1
6229056.python   944.0   293.0
6229056.python   944.0   293.0
6229056.python   944.0   293.4

Job 6229056 completed at Sun May 4 12:53:41 CEST 2025
