Starting job 6228843 on c63-[5-8,10-12],c64-[1-5,7-10] on fram at Sat May 3 00:46:12 CEST 2025


Currently Loaded Modules:
  1) StdEnv (S)

  Where:
   S:  Module is Sticky, requires --force to unload or purge

 


The following have been reloaded with a version change:
  1) GCCcore/13.3.0 => GCCcore/13.2.0
  2) OpenSSL/3 => OpenSSL/1.1
  3) Python/3.12.3-GCCcore-13.3.0 => Python/3.11.5-GCCcore-13.2.0
  4) SQLite/3.45.3-GCCcore-13.3.0 => SQLite/3.43.1-GCCcore-13.2.0
  5) Tcl/8.6.14-GCCcore-13.3.0 => Tcl/8.6.13-GCCcore-13.2.0
  6) XZ/5.4.5-GCCcore-13.3.0 => XZ/5.4.4-GCCcore-13.2.0
  7) binutils/2.42-GCCcore-13.3.0 => binutils/2.40-GCCcore-13.2.0
  8) bzip2/1.0.8-GCCcore-13.3.0 => bzip2/1.0.8-GCCcore-13.2.0
  9) libffi/3.4.5-GCCcore-13.3.0 => libffi/3.4.4-GCCcore-13.2.0
 10) libreadline/8.2-GCCcore-13.3.0 => libreadline/8.2-GCCcore-13.2.0
 11) ncurses/6.5-GCCcore-13.3.0 => ncurses/6.4-GCCcore-13.2.0
 12) zlib/1.3.1-GCCcore-13.3.0 => zlib/1.2.13-GCCcore-13.2.0

0
40
Generating /cluster/projects/nn8008k/lluisa/NextSIM/seas/Fmap_10days/2005_AMJ_ic0.5_dt0.0025_DT0.0100/0_W_matrix.npy

real	1m6.008s
user	0m0.070s
sys	0m0.093s
4
44
Generating /cluster/projects/nn8008k/lluisa/NextSIM/seas/Fmap_10days/2005_AMJ_ic0.5_dt0.0025_DT0.0100/1_W_matrix.npy

real	0m44.353s
user	0m0.065s
sys	0m0.086s
8
48
Generating /cluster/projects/nn8008k/lluisa/NextSIM/seas/Fmap_10days/2005_AMJ_ic0.5_dt0.0025_DT0.0100/2_W_matrix.npy

real	0m44.604s
user	0m0.072s
sys	0m0.078s
12
52
Generating /cluster/projects/nn8008k/lluisa/NextSIM/seas/Fmap_10days/2005_AMJ_ic0.5_dt0.0025_DT0.0100/3_W_matrix.npy

real	0m43.210s
user	0m0.068s
sys	0m0.082s
16
56
Generating /cluster/projects/nn8008k/lluisa/NextSIM/seas/Fmap_10days/2005_AMJ_ic0.5_dt0.0025_DT0.0100/4_W_matrix.npy

real	0m42.147s
user	0m0.066s
sys	0m0.088s
20
60
Generating /cluster/projects/nn8008k/lluisa/NextSIM/seas/Fmap_10days/2005_AMJ_ic0.5_dt0.0025_DT0.0100/5_W_matrix.npy

real	0m43.285s
user	0m0.066s
sys	0m0.082s
24
64
Generating /cluster/projects/nn8008k/lluisa/NextSIM/seas/Fmap_10days/2005_AMJ_ic0.5_dt0.0025_DT0.0100/6_W_matrix.npy

real	0m47.382s
user	0m0.068s
sys	0m0.081s
28
68
Generating /cluster/projects/nn8008k/lluisa/NextSIM/seas/Fmap_10days/2005_AMJ_ic0.5_dt0.0025_DT0.0100/7_W_matrix.npy

real	0m43.862s
user	0m0.069s
sys	0m0.082s
32
72
Generating /cluster/projects/nn8008k/lluisa/NextSIM/seas/Fmap_10days/2005_AMJ_ic0.5_dt0.0025_DT0.0100/8_W_matrix.npy

real	0m43.444s
user	0m0.066s
sys	0m0.088s
36
76
Generating /cluster/projects/nn8008k/lluisa/NextSIM/seas/Fmap_10days/2005_AMJ_ic0.5_dt0.0025_DT0.0100/9_W_matrix.npy

real	0m44.099s
user	0m0.075s
sys	0m0.082s
40
80
Generating /cluster/projects/nn8008k/lluisa/NextSIM/seas/Fmap_10days/2005_AMJ_ic0.5_dt0.0025_DT0.0100/10_W_matrix.npy

real	0m44.232s
user	0m0.073s
sys	0m0.084s
44
84
Generating /cluster/projects/nn8008k/lluisa/NextSIM/seas/Fmap_10days/2005_AMJ_ic0.5_dt0.0025_DT0.0100/11_W_matrix.npy

real	0m41.902s
user	0m0.071s
sys	0m0.076s
48
88
Generating /cluster/projects/nn8008k/lluisa/NextSIM/seas/Fmap_10days/2005_AMJ_ic0.5_dt0.0025_DT0.0100/12_W_matrix.npy

real	0m47.543s
user	0m0.063s
sys	0m0.091s
52
92
Generating /cluster/projects/nn8008k/lluisa/NextSIM/seas/Fmap_10days/2005_AMJ_ic0.5_dt0.0025_DT0.0100/13_W_matrix.npy

real	0m43.630s
user	0m0.078s
sys	0m0.069s
56
96
Generating /cluster/projects/nn8008k/lluisa/NextSIM/seas/Fmap_10days/2005_AMJ_ic0.5_dt0.0025_DT0.0100/14_W_matrix.npy

real	0m43.719s
user	0m0.064s
sys	0m0.087s
60
100
Generating /cluster/projects/nn8008k/lluisa/NextSIM/seas/Fmap_10days/2005_AMJ_ic0.5_dt0.0025_DT0.0100/15_W_matrix.npy
srun: Job step aborted: Waiting up to 32 seconds for job step to finish.
slurmstepd: error: *** STEP 6228843.15 ON c63-5 CANCELLED AT 2025-05-03T00:58:01 ***
slurmstepd: error: *** JOB 6228843 ON c63-5 CANCELLED AT 2025-05-03T00:58:01 ***

Job 6228843 consumed 100.8 billing hours from project nn8008k.

Submitted 2025-05-03T00:46:03; waited 9.0 seconds in the queue after becoming eligible to run.

Requested wallclock time: 3.0 days
Elapsed wallclock time:   11.8 minutes

Job was cancelled.

Task and CPU statistics:
ID              CPUs  Tasks  CPU util                Start  Elapsed  Exit status
6228843          512            0.0 %  2025-05-03T00:46:12  709.0 s  0
6228843.batch     32      1     0.0 %  2025-05-03T00:46:12  710.0 s  Signal 15
6228843.python   512    512    60.3 %  2025-05-03T00:46:15   65.0 s  0
6228843.python   512    512    84.6 %  2025-05-03T00:47:20   45.0 s  0
6228843.python   512    512    86.6 %  2025-05-03T00:48:05   44.0 s  0
6228843.python   512    512    86.8 %  2025-05-03T00:48:49   44.0 s  0
6228843.python   512    512    90.5 %  2025-05-03T00:49:33   42.0 s  0
6228843.python   512    512    88.3 %  2025-05-03T00:50:15   43.0 s  0
6228843.python   512    512    81.0 %  2025-05-03T00:50:58   47.0 s  0
6228843.python   512    512    86.7 %  2025-05-03T00:51:45   44.0 s  0
6228843.python   512    512    86.8 %  2025-05-03T00:52:29   44.0 s  0
6228843.python   512    512    86.4 %  2025-05-03T00:53:13   44.0 s  0
6228843.python   512    512    86.2 %  2025-05-03T00:53:57   44.0 s  0
6228843.python   512    512    90.1 %  2025-05-03T00:54:41   42.0 s  0
6228843.python   512    512    79.3 %  2025-05-03T00:55:23   48.0 s  0
6228843.python   512    512    88.0 %  2025-05-03T00:56:11   43.0 s  0
6228843.python   512    512    85.6 %  2025-05-03T00:56:54   44.0 s  0
6228843.python   512    512    78.4 %  2025-05-03T00:57:38   28.0 s  Signal 15

Used CPU time:   3.5 CPU days
Unused CPU time: 16.5 CPU hours

Memory statistics, in GiB:
ID               Alloc   Usage
6228843          944.0        
6228843.batch     59.0     0.0
6228843.python   944.0   300.3
6228843.python   944.0   295.9
6228843.python   944.0   296.5
6228843.python   944.0   297.1
6228843.python   944.0   296.5
6228843.python   944.0   296.3
6228843.python   944.0   296.2
6228843.python   944.0   296.7
6228843.python   944.0   296.9
6228843.python   944.0   296.3
6228843.python   944.0   296.2
6228843.python   944.0   295.9
6228843.python   944.0   296.2
6228843.python   944.0   295.8
6228843.python   944.0   295.3
6228843.python   944.0     7.8

Job 6228843 completed at Sat May 3 00:58:08 CEST 2025
Starting job 6229055 on c28-[11-12],c29-[5-6,11-12],c30-[1-10] on fram at Sun May 4 10:09:24 CEST 2025


Currently Loaded Modules:
  1) StdEnv (S)

  Where:
   S:  Module is Sticky, requires --force to unload or purge

 


The following have been reloaded with a version change:
  1) GCCcore/13.3.0 => GCCcore/13.2.0
  2) OpenSSL/3 => OpenSSL/1.1
  3) Python/3.12.3-GCCcore-13.3.0 => Python/3.11.5-GCCcore-13.2.0
  4) SQLite/3.45.3-GCCcore-13.3.0 => SQLite/3.43.1-GCCcore-13.2.0
  5) Tcl/8.6.14-GCCcore-13.3.0 => Tcl/8.6.13-GCCcore-13.2.0
  6) XZ/5.4.5-GCCcore-13.3.0 => XZ/5.4.4-GCCcore-13.2.0
  7) binutils/2.42-GCCcore-13.3.0 => binutils/2.40-GCCcore-13.2.0
  8) bzip2/1.0.8-GCCcore-13.3.0 => bzip2/1.0.8-GCCcore-13.2.0
  9) libffi/3.4.5-GCCcore-13.3.0 => libffi/3.4.4-GCCcore-13.2.0
 10) libreadline/8.2-GCCcore-13.3.0 => libreadline/8.2-GCCcore-13.2.0
 11) ncurses/6.5-GCCcore-13.3.0 => ncurses/6.4-GCCcore-13.2.0
 12) zlib/1.3.1-GCCcore-13.3.0 => zlib/1.2.13-GCCcore-13.2.0

0
40
File /cluster/projects/nn8008k/lluisa/NextSIM/seas/Fmap_10days/2005_AMJ_ic0.5_dt0.0025_DT0.0100/0_W_matrix.npy allready exist. Skipping...
4
44
File /cluster/projects/nn8008k/lluisa/NextSIM/seas/Fmap_10days/2005_AMJ_ic0.5_dt0.0025_DT0.0100/1_W_matrix.npy allready exist. Skipping...
8
48
File /cluster/projects/nn8008k/lluisa/NextSIM/seas/Fmap_10days/2005_AMJ_ic0.5_dt0.0025_DT0.0100/2_W_matrix.npy allready exist. Skipping...
12
52
File /cluster/projects/nn8008k/lluisa/NextSIM/seas/Fmap_10days/2005_AMJ_ic0.5_dt0.0025_DT0.0100/3_W_matrix.npy allready exist. Skipping...
16
56
File /cluster/projects/nn8008k/lluisa/NextSIM/seas/Fmap_10days/2005_AMJ_ic0.5_dt0.0025_DT0.0100/4_W_matrix.npy allready exist. Skipping...
20
60
File /cluster/projects/nn8008k/lluisa/NextSIM/seas/Fmap_10days/2005_AMJ_ic0.5_dt0.0025_DT0.0100/5_W_matrix.npy allready exist. Skipping...
24
64
File /cluster/projects/nn8008k/lluisa/NextSIM/seas/Fmap_10days/2005_AMJ_ic0.5_dt0.0025_DT0.0100/6_W_matrix.npy allready exist. Skipping...
28
68
File /cluster/projects/nn8008k/lluisa/NextSIM/seas/Fmap_10days/2005_AMJ_ic0.5_dt0.0025_DT0.0100/7_W_matrix.npy allready exist. Skipping...
32
72
File /cluster/projects/nn8008k/lluisa/NextSIM/seas/Fmap_10days/2005_AMJ_ic0.5_dt0.0025_DT0.0100/8_W_matrix.npy allready exist. Skipping...
36
76
File /cluster/projects/nn8008k/lluisa/NextSIM/seas/Fmap_10days/2005_AMJ_ic0.5_dt0.0025_DT0.0100/9_W_matrix.npy allready exist. Skipping...
40
80
File /cluster/projects/nn8008k/lluisa/NextSIM/seas/Fmap_10days/2005_AMJ_ic0.5_dt0.0025_DT0.0100/10_W_matrix.npy allready exist. Skipping...
44
84
File /cluster/projects/nn8008k/lluisa/NextSIM/seas/Fmap_10days/2005_AMJ_ic0.5_dt0.0025_DT0.0100/11_W_matrix.npy allready exist. Skipping...
48
88
File /cluster/projects/nn8008k/lluisa/NextSIM/seas/Fmap_10days/2005_AMJ_ic0.5_dt0.0025_DT0.0100/12_W_matrix.npy allready exist. Skipping...
52
92
File /cluster/projects/nn8008k/lluisa/NextSIM/seas/Fmap_10days/2005_AMJ_ic0.5_dt0.0025_DT0.0100/13_W_matrix.npy allready exist. Skipping...
56
96
File /cluster/projects/nn8008k/lluisa/NextSIM/seas/Fmap_10days/2005_AMJ_ic0.5_dt0.0025_DT0.0100/14_W_matrix.npy allready exist. Skipping...
60
100
Generating /cluster/projects/nn8008k/lluisa/NextSIM/seas/Fmap_10days/2005_AMJ_ic0.5_dt0.0025_DT0.0100/15_W_matrix.npy

real	2m13.057s
user	0m0.074s
sys	0m0.086s
64
104
Generating /cluster/projects/nn8008k/lluisa/NextSIM/seas/Fmap_10days/2005_AMJ_ic0.5_dt0.0025_DT0.0100/16_W_matrix.npy

real	0m42.458s
user	0m0.071s
sys	0m0.077s
68
108
Generating /cluster/projects/nn8008k/lluisa/NextSIM/seas/Fmap_10days/2005_AMJ_ic0.5_dt0.0025_DT0.0100/17_W_matrix.npy

real	0m43.070s
user	0m0.082s
sys	0m0.068s
72
112
Generating /cluster/projects/nn8008k/lluisa/NextSIM/seas/Fmap_10days/2005_AMJ_ic0.5_dt0.0025_DT0.0100/18_W_matrix.npy

real	0m44.089s
user	0m0.068s
sys	0m0.085s
76
116
Generating /cluster/projects/nn8008k/lluisa/NextSIM/seas/Fmap_10days/2005_AMJ_ic0.5_dt0.0025_DT0.0100/19_W_matrix.npy

real	0m43.277s
user	0m0.071s
sys	0m0.081s
80
120
Generating /cluster/projects/nn8008k/lluisa/NextSIM/seas/Fmap_10days/2005_AMJ_ic0.5_dt0.0025_DT0.0100/20_W_matrix.npy

real	0m42.434s
user	0m0.073s
sys	0m0.079s
84
124
Generating /cluster/projects/nn8008k/lluisa/NextSIM/seas/Fmap_10days/2005_AMJ_ic0.5_dt0.0025_DT0.0100/21_W_matrix.npy

real	0m43.756s
user	0m0.060s
sys	0m0.093s
88
128
Generating /cluster/projects/nn8008k/lluisa/NextSIM/seas/Fmap_10days/2005_AMJ_ic0.5_dt0.0025_DT0.0100/22_W_matrix.npy

real	0m43.246s
user	0m0.071s
sys	0m0.083s
92
132
Generating /cluster/projects/nn8008k/lluisa/NextSIM/seas/Fmap_10days/2005_AMJ_ic0.5_dt0.0025_DT0.0100/23_W_matrix.npy

real	0m47.554s
user	0m0.079s
sys	0m0.078s
96
136
Generating /cluster/projects/nn8008k/lluisa/NextSIM/seas/Fmap_10days/2005_AMJ_ic0.5_dt0.0025_DT0.0100/24_W_matrix.npy

real	0m44.768s
user	0m0.074s
sys	0m0.081s
100
140
Generating /cluster/projects/nn8008k/lluisa/NextSIM/seas/Fmap_10days/2005_AMJ_ic0.5_dt0.0025_DT0.0100/25_W_matrix.npy

real	0m42.628s
user	0m0.054s
sys	0m0.100s
104
144
Generating /cluster/projects/nn8008k/lluisa/NextSIM/seas/Fmap_10days/2005_AMJ_ic0.5_dt0.0025_DT0.0100/26_W_matrix.npy

real	0m42.855s
user	0m0.072s
sys	0m0.082s
108
148
Generating /cluster/projects/nn8008k/lluisa/NextSIM/seas/Fmap_10days/2005_AMJ_ic0.5_dt0.0025_DT0.0100/27_W_matrix.npy

real	0m43.422s
user	0m0.067s
sys	0m0.086s
112
152
Generating /cluster/projects/nn8008k/lluisa/NextSIM/seas/Fmap_10days/2005_AMJ_ic0.5_dt0.0025_DT0.0100/28_W_matrix.npy

real	0m42.253s
user	0m0.065s
sys	0m0.084s
116
156
Generating /cluster/projects/nn8008k/lluisa/NextSIM/seas/Fmap_10days/2005_AMJ_ic0.5_dt0.0025_DT0.0100/29_W_matrix.npy

real	0m43.444s
user	0m0.065s
sys	0m0.091s
120
160
Generating /cluster/projects/nn8008k/lluisa/NextSIM/seas/Fmap_10days/2005_AMJ_ic0.5_dt0.0025_DT0.0100/30_W_matrix.npy

real	0m42.727s
user	0m0.083s
sys	0m0.072s
124
164
Generating /cluster/projects/nn8008k/lluisa/NextSIM/seas/Fmap_10days/2005_AMJ_ic0.5_dt0.0025_DT0.0100/31_W_matrix.npy

real	0m46.546s
user	0m0.075s
sys	0m0.083s
128
168
Generating /cluster/projects/nn8008k/lluisa/NextSIM/seas/Fmap_10days/2005_AMJ_ic0.5_dt0.0025_DT0.0100/32_W_matrix.npy

real	0m43.087s
user	0m0.072s
sys	0m0.083s
132
172
Generating /cluster/projects/nn8008k/lluisa/NextSIM/seas/Fmap_10days/2005_AMJ_ic0.5_dt0.0025_DT0.0100/33_W_matrix.npy

real	0m43.331s
user	0m0.075s
sys	0m0.078s
136
176
Generating /cluster/projects/nn8008k/lluisa/NextSIM/seas/Fmap_10days/2005_AMJ_ic0.5_dt0.0025_DT0.0100/34_W_matrix.npy

real	0m47.111s
user	0m0.067s
sys	0m0.087s
140
180
Generating /cluster/projects/nn8008k/lluisa/NextSIM/seas/Fmap_10days/2005_AMJ_ic0.5_dt0.0025_DT0.0100/35_W_matrix.npy

real	0m44.734s
user	0m0.072s
sys	0m0.083s
144
184
Generating /cluster/projects/nn8008k/lluisa/NextSIM/seas/Fmap_10days/2005_AMJ_ic0.5_dt0.0025_DT0.0100/36_W_matrix.npy

real	0m43.321s
user	0m0.060s
sys	0m0.094s
148
188
Generating /cluster/projects/nn8008k/lluisa/NextSIM/seas/Fmap_10days/2005_AMJ_ic0.5_dt0.0025_DT0.0100/37_W_matrix.npy

real	0m42.713s
user	0m0.067s
sys	0m0.090s
152
192
Generating /cluster/projects/nn8008k/lluisa/NextSIM/seas/Fmap_10days/2005_AMJ_ic0.5_dt0.0025_DT0.0100/38_W_matrix.npy

real	0m48.024s
user	0m0.073s
sys	0m0.078s
156
196
Generating /cluster/projects/nn8008k/lluisa/NextSIM/seas/Fmap_10days/2005_AMJ_ic0.5_dt0.0025_DT0.0100/39_W_matrix.npy

real	0m44.057s
user	0m0.073s
sys	0m0.079s
160
200
Generating /cluster/projects/nn8008k/lluisa/NextSIM/seas/Fmap_10days/2005_AMJ_ic0.5_dt0.0025_DT0.0100/40_W_matrix.npy

real	0m43.295s
user	0m0.068s
sys	0m0.079s
164
204
Generating /cluster/projects/nn8008k/lluisa/NextSIM/seas/Fmap_10days/2005_AMJ_ic0.5_dt0.0025_DT0.0100/41_W_matrix.npy

real	0m44.164s
user	0m0.072s
sys	0m0.080s
168
208
Generating /cluster/projects/nn8008k/lluisa/NextSIM/seas/Fmap_10days/2005_AMJ_ic0.5_dt0.0025_DT0.0100/42_W_matrix.npy

real	0m47.691s
user	0m0.068s
sys	0m0.091s
172
212
Generating /cluster/projects/nn8008k/lluisa/NextSIM/seas/Fmap_10days/2005_AMJ_ic0.5_dt0.0025_DT0.0100/43_W_matrix.npy

real	0m42.661s
user	0m0.069s
sys	0m0.083s
176
216
Generating /cluster/projects/nn8008k/lluisa/NextSIM/seas/Fmap_10days/2005_AMJ_ic0.5_dt0.0025_DT0.0100/44_W_matrix.npy

real	0m43.618s
user	0m0.065s
sys	0m0.089s
180
220
Generating /cluster/projects/nn8008k/lluisa/NextSIM/seas/Fmap_10days/2005_AMJ_ic0.5_dt0.0025_DT0.0100/45_W_matrix.npy

real	0m42.483s
user	0m0.074s
sys	0m0.079s
184
224
Generating /cluster/projects/nn8008k/lluisa/NextSIM/seas/Fmap_10days/2005_AMJ_ic0.5_dt0.0025_DT0.0100/46_W_matrix.npy

real	0m44.066s
user	0m0.066s
sys	0m0.089s
188
228
Generating /cluster/projects/nn8008k/lluisa/NextSIM/seas/Fmap_10days/2005_AMJ_ic0.5_dt0.0025_DT0.0100/47_W_matrix.npy

real	0m42.334s
user	0m0.072s
sys	0m0.085s
192
232
Generating /cluster/projects/nn8008k/lluisa/NextSIM/seas/Fmap_10days/2005_AMJ_ic0.5_dt0.0025_DT0.0100/48_W_matrix.npy

real	0m42.827s
user	0m0.082s
sys	0m0.070s
196
236
Generating /cluster/projects/nn8008k/lluisa/NextSIM/seas/Fmap_10days/2005_AMJ_ic0.5_dt0.0025_DT0.0100/49_W_matrix.npy

real	0m44.710s
user	0m0.064s
sys	0m0.089s
200
240
Generating /cluster/projects/nn8008k/lluisa/NextSIM/seas/Fmap_10days/2005_AMJ_ic0.5_dt0.0025_DT0.0100/50_W_matrix.npy

real	0m41.769s
user	0m0.080s
sys	0m0.075s
204
244
Generating /cluster/projects/nn8008k/lluisa/NextSIM/seas/Fmap_10days/2005_AMJ_ic0.5_dt0.0025_DT0.0100/51_W_matrix.npy

real	0m42.665s
user	0m0.067s
sys	0m0.084s
208
248
Generating /cluster/projects/nn8008k/lluisa/NextSIM/seas/Fmap_10days/2005_AMJ_ic0.5_dt0.0025_DT0.0100/52_W_matrix.npy

real	0m42.598s
user	0m0.065s
sys	0m0.093s
212
252
Generating /cluster/projects/nn8008k/lluisa/NextSIM/seas/Fmap_10days/2005_AMJ_ic0.5_dt0.0025_DT0.0100/53_W_matrix.npy

real	0m43.041s
user	0m0.062s
sys	0m0.091s
216
256
Generating /cluster/projects/nn8008k/lluisa/NextSIM/seas/Fmap_10days/2005_AMJ_ic0.5_dt0.0025_DT0.0100/54_W_matrix.npy

real	0m44.463s
user	0m0.071s
sys	0m0.084s
220
260
Generating /cluster/projects/nn8008k/lluisa/NextSIM/seas/Fmap_10days/2005_AMJ_ic0.5_dt0.0025_DT0.0100/55_W_matrix.npy

real	0m41.357s
user	0m0.073s
sys	0m0.078s
224
264
Generating /cluster/projects/nn8008k/lluisa/NextSIM/seas/Fmap_10days/2005_AMJ_ic0.5_dt0.0025_DT0.0100/56_W_matrix.npy

real	0m41.561s
user	0m0.065s
sys	0m0.088s
228
268
Generating /cluster/projects/nn8008k/lluisa/NextSIM/seas/Fmap_10days/2005_AMJ_ic0.5_dt0.0025_DT0.0100/57_W_matrix.npy

real	0m38.905s
user	0m0.076s
sys	0m0.078s
232
272
Generating /cluster/projects/nn8008k/lluisa/NextSIM/seas/Fmap_10days/2005_AMJ_ic0.5_dt0.0025_DT0.0100/58_W_matrix.npy

real	0m39.305s
user	0m0.061s
sys	0m0.093s
236
276
Generating /cluster/projects/nn8008k/lluisa/NextSIM/seas/Fmap_10days/2005_AMJ_ic0.5_dt0.0025_DT0.0100/59_W_matrix.npy

real	0m40.744s
user	0m0.070s
sys	0m0.085s
240
280
Generating /cluster/projects/nn8008k/lluisa/NextSIM/seas/Fmap_10days/2005_AMJ_ic0.5_dt0.0025_DT0.0100/60_W_matrix.npy

real	0m40.811s
user	0m0.077s
sys	0m0.082s
244
284
Generating /cluster/projects/nn8008k/lluisa/NextSIM/seas/Fmap_10days/2005_AMJ_ic0.5_dt0.0025_DT0.0100/61_W_matrix.npy

real	0m42.162s
user	0m0.072s
sys	0m0.083s
248
288
Generating /cluster/projects/nn8008k/lluisa/NextSIM/seas/Fmap_10days/2005_AMJ_ic0.5_dt0.0025_DT0.0100/62_W_matrix.npy

real	0m40.035s
user	0m0.088s
sys	0m0.070s
252
292
Generating /cluster/projects/nn8008k/lluisa/NextSIM/seas/Fmap_10days/2005_AMJ_ic0.5_dt0.0025_DT0.0100/63_W_matrix.npy

real	0m43.214s
user	0m0.071s
sys	0m0.081s
256
296
Generating /cluster/projects/nn8008k/lluisa/NextSIM/seas/Fmap_10days/2005_AMJ_ic0.5_dt0.0025_DT0.0100/64_W_matrix.npy

real	0m42.791s
user	0m0.074s
sys	0m0.080s
260
300
Generating /cluster/projects/nn8008k/lluisa/NextSIM/seas/Fmap_10days/2005_AMJ_ic0.5_dt0.0025_DT0.0100/65_W_matrix.npy

real	0m38.518s
user	0m0.070s
sys	0m0.083s
264
304
Generating /cluster/projects/nn8008k/lluisa/NextSIM/seas/Fmap_10days/2005_AMJ_ic0.5_dt0.0025_DT0.0100/66_W_matrix.npy

real	0m38.427s
user	0m0.067s
sys	0m0.088s
268
308
Generating /cluster/projects/nn8008k/lluisa/NextSIM/seas/Fmap_10days/2005_AMJ_ic0.5_dt0.0025_DT0.0100/67_W_matrix.npy

real	0m38.436s
user	0m0.068s
sys	0m0.084s
272
312
Generating /cluster/projects/nn8008k/lluisa/NextSIM/seas/Fmap_10days/2005_AMJ_ic0.5_dt0.0025_DT0.0100/68_W_matrix.npy

real	0m37.109s
user	0m0.066s
sys	0m0.085s
276
316
Generating /cluster/projects/nn8008k/lluisa/NextSIM/seas/Fmap_10days/2005_AMJ_ic0.5_dt0.0025_DT0.0100/69_W_matrix.npy

real	0m37.093s
user	0m0.074s
sys	0m0.082s
280
320
Generating /cluster/projects/nn8008k/lluisa/NextSIM/seas/Fmap_10days/2005_AMJ_ic0.5_dt0.0025_DT0.0100/70_W_matrix.npy

real	0m37.479s
user	0m0.060s
sys	0m0.089s
284
324
Generating /cluster/projects/nn8008k/lluisa/NextSIM/seas/Fmap_10days/2005_AMJ_ic0.5_dt0.0025_DT0.0100/71_W_matrix.npy

real	0m40.909s
user	0m0.075s
sys	0m0.080s
288
328
Generating /cluster/projects/nn8008k/lluisa/NextSIM/seas/Fmap_10days/2005_AMJ_ic0.5_dt0.0025_DT0.0100/72_W_matrix.npy

real	0m37.539s
user	0m0.067s
sys	0m0.089s
292
332
Generating /cluster/projects/nn8008k/lluisa/NextSIM/seas/Fmap_10days/2005_AMJ_ic0.5_dt0.0025_DT0.0100/73_W_matrix.npy

real	0m36.812s
user	0m0.062s
sys	0m0.089s
296
336
Generating /cluster/projects/nn8008k/lluisa/NextSIM/seas/Fmap_10days/2005_AMJ_ic0.5_dt0.0025_DT0.0100/74_W_matrix.npy

real	0m36.823s
user	0m0.075s
sys	0m0.075s
300
340
Generating /cluster/projects/nn8008k/lluisa/NextSIM/seas/Fmap_10days/2005_AMJ_ic0.5_dt0.0025_DT0.0100/75_W_matrix.npy

real	0m37.695s
user	0m0.074s
sys	0m0.079s
304
344
Generating /cluster/projects/nn8008k/lluisa/NextSIM/seas/Fmap_10days/2005_AMJ_ic0.5_dt0.0025_DT0.0100/76_W_matrix.npy

real	0m38.589s
user	0m0.064s
sys	0m0.091s
308
348
Generating /cluster/projects/nn8008k/lluisa/NextSIM/seas/Fmap_10days/2005_AMJ_ic0.5_dt0.0025_DT0.0100/77_W_matrix.npy

real	0m36.221s
user	0m0.071s
sys	0m0.082s
312
352
Generating /cluster/projects/nn8008k/lluisa/NextSIM/seas/Fmap_10days/2005_AMJ_ic0.5_dt0.0025_DT0.0100/78_W_matrix.npy

real	0m34.212s
user	0m0.063s
sys	0m0.090s
316
356
Generating /cluster/projects/nn8008k/lluisa/NextSIM/seas/Fmap_10days/2005_AMJ_ic0.5_dt0.0025_DT0.0100/79_W_matrix.npy

real	0m34.362s
user	0m0.084s
sys	0m0.068s
320
360
Generating /cluster/projects/nn8008k/lluisa/NextSIM/seas/Fmap_10days/2005_AMJ_ic0.5_dt0.0025_DT0.0100/80_W_matrix.npy

real	0m37.052s
user	0m0.068s
sys	0m0.085s
0
40
Generating /cluster/projects/nn8008k/lluisa/NextSIM/seas/Fmap_10days/2005_JAS_ic0.5_dt0.0025_DT0.0100/0_W_matrix.npy

real	0m29.231s
user	0m0.075s
sys	0m0.078s
4
44
Generating /cluster/projects/nn8008k/lluisa/NextSIM/seas/Fmap_10days/2005_JAS_ic0.5_dt0.0025_DT0.0100/1_W_matrix.npy

real	0m28.664s
user	0m0.069s
sys	0m0.083s
8
48
Generating /cluster/projects/nn8008k/lluisa/NextSIM/seas/Fmap_10days/2005_JAS_ic0.5_dt0.0025_DT0.0100/2_W_matrix.npy

real	0m28.863s
user	0m0.063s
sys	0m0.089s
12
52
Generating /cluster/projects/nn8008k/lluisa/NextSIM/seas/Fmap_10days/2005_JAS_ic0.5_dt0.0025_DT0.0100/3_W_matrix.npy

real	0m28.819s
user	0m0.068s
sys	0m0.081s
16
56
Generating /cluster/projects/nn8008k/lluisa/NextSIM/seas/Fmap_10days/2005_JAS_ic0.5_dt0.0025_DT0.0100/4_W_matrix.npy

real	0m30.381s
user	0m0.078s
sys	0m0.075s
20
60
Generating /cluster/projects/nn8008k/lluisa/NextSIM/seas/Fmap_10days/2005_JAS_ic0.5_dt0.0025_DT0.0100/5_W_matrix.npy

real	0m28.605s
user	0m0.077s
sys	0m0.077s
24
64
Generating /cluster/projects/nn8008k/lluisa/NextSIM/seas/Fmap_10days/2005_JAS_ic0.5_dt0.0025_DT0.0100/6_W_matrix.npy

real	0m27.867s
user	0m0.075s
sys	0m0.077s
28
68
Generating /cluster/projects/nn8008k/lluisa/NextSIM/seas/Fmap_10days/2005_JAS_ic0.5_dt0.0025_DT0.0100/7_W_matrix.npy

real	0m29.568s
user	0m0.073s
sys	0m0.079s
32
72
Generating /cluster/projects/nn8008k/lluisa/NextSIM/seas/Fmap_10days/2005_JAS_ic0.5_dt0.0025_DT0.0100/8_W_matrix.npy

real	0m28.529s
user	0m0.059s
sys	0m0.092s
36
76
Generating /cluster/projects/nn8008k/lluisa/NextSIM/seas/Fmap_10days/2005_JAS_ic0.5_dt0.0025_DT0.0100/9_W_matrix.npy

real	0m27.303s
user	0m0.070s
sys	0m0.083s
40
80
Generating /cluster/projects/nn8008k/lluisa/NextSIM/seas/Fmap_10days/2005_JAS_ic0.5_dt0.0025_DT0.0100/10_W_matrix.npy

real	0m26.188s
user	0m0.062s
sys	0m0.086s
44
84
Generating /cluster/projects/nn8008k/lluisa/NextSIM/seas/Fmap_10days/2005_JAS_ic0.5_dt0.0025_DT0.0100/11_W_matrix.npy

real	0m27.395s
user	0m0.075s
sys	0m0.081s
48
88
Generating /cluster/projects/nn8008k/lluisa/NextSIM/seas/Fmap_10days/2005_JAS_ic0.5_dt0.0025_DT0.0100/12_W_matrix.npy

real	0m27.726s
user	0m0.064s
sys	0m0.090s
52
92
Generating /cluster/projects/nn8008k/lluisa/NextSIM/seas/Fmap_10days/2005_JAS_ic0.5_dt0.0025_DT0.0100/13_W_matrix.npy

real	0m27.266s
user	0m0.071s
sys	0m0.083s
56
96
Generating /cluster/projects/nn8008k/lluisa/NextSIM/seas/Fmap_10days/2005_JAS_ic0.5_dt0.0025_DT0.0100/14_W_matrix.npy

real	0m28.398s
user	0m0.075s
sys	0m0.078s
60
100
Generating /cluster/projects/nn8008k/lluisa/NextSIM/seas/Fmap_10days/2005_JAS_ic0.5_dt0.0025_DT0.0100/15_W_matrix.npy

real	0m28.355s
user	0m0.067s
sys	0m0.084s
64
104
Generating /cluster/projects/nn8008k/lluisa/NextSIM/seas/Fmap_10days/2005_JAS_ic0.5_dt0.0025_DT0.0100/16_W_matrix.npy

real	0m25.413s
user	0m0.066s
sys	0m0.085s
68
108
Generating /cluster/projects/nn8008k/lluisa/NextSIM/seas/Fmap_10days/2005_JAS_ic0.5_dt0.0025_DT0.0100/17_W_matrix.npy

real	0m27.059s
user	0m0.074s
sys	0m0.079s
72
112
Generating /cluster/projects/nn8008k/lluisa/NextSIM/seas/Fmap_10days/2005_JAS_ic0.5_dt0.0025_DT0.0100/18_W_matrix.npy

real	0m26.217s
user	0m0.069s
sys	0m0.083s
76
116
Generating /cluster/projects/nn8008k/lluisa/NextSIM/seas/Fmap_10days/2005_JAS_ic0.5_dt0.0025_DT0.0100/19_W_matrix.npy

real	0m24.082s
user	0m0.059s
sys	0m0.094s
80
120
Generating /cluster/projects/nn8008k/lluisa/NextSIM/seas/Fmap_10days/2005_JAS_ic0.5_dt0.0025_DT0.0100/20_W_matrix.npy

real	0m23.533s
user	0m0.078s
sys	0m0.068s
84
124
Generating /cluster/projects/nn8008k/lluisa/NextSIM/seas/Fmap_10days/2005_JAS_ic0.5_dt0.0025_DT0.0100/21_W_matrix.npy

real	0m22.426s
user	0m0.073s
sys	0m0.071s
88
128
Generating /cluster/projects/nn8008k/lluisa/NextSIM/seas/Fmap_10days/2005_JAS_ic0.5_dt0.0025_DT0.0100/22_W_matrix.npy

real	0m24.216s
user	0m0.064s
sys	0m0.089s
92
132
Generating /cluster/projects/nn8008k/lluisa/NextSIM/seas/Fmap_10days/2005_JAS_ic0.5_dt0.0025_DT0.0100/23_W_matrix.npy

real	0m22.782s
user	0m0.065s
sys	0m0.088s
96
136
Generating /cluster/projects/nn8008k/lluisa/NextSIM/seas/Fmap_10days/2005_JAS_ic0.5_dt0.0025_DT0.0100/24_W_matrix.npy

real	0m22.348s
user	0m0.076s
sys	0m0.084s
100
140
Generating /cluster/projects/nn8008k/lluisa/NextSIM/seas/Fmap_10days/2005_JAS_ic0.5_dt0.0025_DT0.0100/25_W_matrix.npy

real	0m23.083s
user	0m0.061s
sys	0m0.094s
104
144
Generating /cluster/projects/nn8008k/lluisa/NextSIM/seas/Fmap_10days/2005_JAS_ic0.5_dt0.0025_DT0.0100/26_W_matrix.npy

real	0m20.920s
user	0m0.080s
sys	0m0.076s
108
148
Generating /cluster/projects/nn8008k/lluisa/NextSIM/seas/Fmap_10days/2005_JAS_ic0.5_dt0.0025_DT0.0100/27_W_matrix.npy

real	0m22.446s
user	0m0.070s
sys	0m0.080s
112
152
Generating /cluster/projects/nn8008k/lluisa/NextSIM/seas/Fmap_10days/2005_JAS_ic0.5_dt0.0025_DT0.0100/28_W_matrix.npy

real	0m19.930s
user	0m0.072s
sys	0m0.082s
116
156
Generating /cluster/projects/nn8008k/lluisa/NextSIM/seas/Fmap_10days/2005_JAS_ic0.5_dt0.0025_DT0.0100/29_W_matrix.npy

real	0m21.550s
user	0m0.070s
sys	0m0.083s
120
160
Generating /cluster/projects/nn8008k/lluisa/NextSIM/seas/Fmap_10days/2005_JAS_ic0.5_dt0.0025_DT0.0100/30_W_matrix.npy

real	0m18.925s
user	0m0.074s
sys	0m0.082s
124
164
Generating /cluster/projects/nn8008k/lluisa/NextSIM/seas/Fmap_10days/2005_JAS_ic0.5_dt0.0025_DT0.0100/31_W_matrix.npy

real	0m18.937s
user	0m0.073s
sys	0m0.082s
128
168
Generating /cluster/projects/nn8008k/lluisa/NextSIM/seas/Fmap_10days/2005_JAS_ic0.5_dt0.0025_DT0.0100/32_W_matrix.npy

real	0m18.901s
user	0m0.079s
sys	0m0.075s
132
172
Generating /cluster/projects/nn8008k/lluisa/NextSIM/seas/Fmap_10days/2005_JAS_ic0.5_dt0.0025_DT0.0100/33_W_matrix.npy

real	0m19.123s
user	0m0.070s
sys	0m0.078s
136
176
Generating /cluster/projects/nn8008k/lluisa/NextSIM/seas/Fmap_10days/2005_JAS_ic0.5_dt0.0025_DT0.0100/34_W_matrix.npy

real	0m17.565s
user	0m0.061s
sys	0m0.089s
140
180
Generating /cluster/projects/nn8008k/lluisa/NextSIM/seas/Fmap_10days/2005_JAS_ic0.5_dt0.0025_DT0.0100/35_W_matrix.npy

real	0m17.814s
user	0m0.066s
sys	0m0.088s
144
184
Generating /cluster/projects/nn8008k/lluisa/NextSIM/seas/Fmap_10days/2005_JAS_ic0.5_dt0.0025_DT0.0100/36_W_matrix.npy

real	0m18.512s
user	0m0.060s
sys	0m0.095s
148
188
Generating /cluster/projects/nn8008k/lluisa/NextSIM/seas/Fmap_10days/2005_JAS_ic0.5_dt0.0025_DT0.0100/37_W_matrix.npy

real	0m17.243s
user	0m0.060s
sys	0m0.095s
152
192
Generating /cluster/projects/nn8008k/lluisa/NextSIM/seas/Fmap_10days/2005_JAS_ic0.5_dt0.0025_DT0.0100/38_W_matrix.npy

real	0m17.330s
user	0m0.066s
sys	0m0.087s
156
196
Generating /cluster/projects/nn8008k/lluisa/NextSIM/seas/Fmap_10days/2005_JAS_ic0.5_dt0.0025_DT0.0100/39_W_matrix.npy

real	0m17.447s
user	0m0.071s
sys	0m0.078s
160
200
Generating /cluster/projects/nn8008k/lluisa/NextSIM/seas/Fmap_10days/2005_JAS_ic0.5_dt0.0025_DT0.0100/40_W_matrix.npy

real	0m16.222s
user	0m0.069s
sys	0m0.078s
164
204
Generating /cluster/projects/nn8008k/lluisa/NextSIM/seas/Fmap_10days/2005_JAS_ic0.5_dt0.0025_DT0.0100/41_W_matrix.npy

real	0m16.307s
user	0m0.068s
sys	0m0.087s
168
208
Generating /cluster/projects/nn8008k/lluisa/NextSIM/seas/Fmap_10days/2005_JAS_ic0.5_dt0.0025_DT0.0100/42_W_matrix.npy

real	0m15.676s
user	0m0.063s
sys	0m0.085s
172
212
Generating /cluster/projects/nn8008k/lluisa/NextSIM/seas/Fmap_10days/2005_JAS_ic0.5_dt0.0025_DT0.0100/43_W_matrix.npy

real	0m16.904s
user	0m0.077s
sys	0m0.075s
176
216
Generating /cluster/projects/nn8008k/lluisa/NextSIM/seas/Fmap_10days/2005_JAS_ic0.5_dt0.0025_DT0.0100/44_W_matrix.npy

real	0m16.304s
user	0m0.079s
sys	0m0.077s
180
220
Generating /cluster/projects/nn8008k/lluisa/NextSIM/seas/Fmap_10days/2005_JAS_ic0.5_dt0.0025_DT0.0100/45_W_matrix.npy

real	0m15.795s
user	0m0.061s
sys	0m0.081s
184
224
Generating /cluster/projects/nn8008k/lluisa/NextSIM/seas/Fmap_10days/2005_JAS_ic0.5_dt0.0025_DT0.0100/46_W_matrix.npy

real	0m20.914s
user	0m0.059s
sys	0m0.086s
188
228
Generating /cluster/projects/nn8008k/lluisa/NextSIM/seas/Fmap_10days/2005_JAS_ic0.5_dt0.0025_DT0.0100/47_W_matrix.npy

real	0m14.617s
user	0m0.072s
sys	0m0.075s
192
232
Generating /cluster/projects/nn8008k/lluisa/NextSIM/seas/Fmap_10days/2005_JAS_ic0.5_dt0.0025_DT0.0100/48_W_matrix.npy

real	0m14.699s
user	0m0.074s
sys	0m0.078s
196
236
Generating /cluster/projects/nn8008k/lluisa/NextSIM/seas/Fmap_10days/2005_JAS_ic0.5_dt0.0025_DT0.0100/49_W_matrix.npy

real	0m14.224s
user	0m0.061s
sys	0m0.091s
200
240
Generating /cluster/projects/nn8008k/lluisa/NextSIM/seas/Fmap_10days/2005_JAS_ic0.5_dt0.0025_DT0.0100/50_W_matrix.npy

real	0m14.694s
user	0m0.068s
sys	0m0.084s
204
244
Generating /cluster/projects/nn8008k/lluisa/NextSIM/seas/Fmap_10days/2005_JAS_ic0.5_dt0.0025_DT0.0100/51_W_matrix.npy

real	0m14.603s
user	0m0.063s
sys	0m0.075s
208
248
Generating /cluster/projects/nn8008k/lluisa/NextSIM/seas/Fmap_10days/2005_JAS_ic0.5_dt0.0025_DT0.0100/52_W_matrix.npy

real	0m15.609s
user	0m0.070s
sys	0m0.084s
212
252
Generating /cluster/projects/nn8008k/lluisa/NextSIM/seas/Fmap_10days/2005_JAS_ic0.5_dt0.0025_DT0.0100/53_W_matrix.npy

real	0m13.861s
user	0m0.075s
sys	0m0.075s
216
256
Generating /cluster/projects/nn8008k/lluisa/NextSIM/seas/Fmap_10days/2005_JAS_ic0.5_dt0.0025_DT0.0100/54_W_matrix.npy

real	0m14.309s
user	0m0.074s
sys	0m0.075s
220
260
Generating /cluster/projects/nn8008k/lluisa/NextSIM/seas/Fmap_10days/2005_JAS_ic0.5_dt0.0025_DT0.0100/55_W_matrix.npy

real	0m13.821s
user	0m0.069s
sys	0m0.079s
224
264
Generating /cluster/projects/nn8008k/lluisa/NextSIM/seas/Fmap_10days/2005_JAS_ic0.5_dt0.0025_DT0.0100/56_W_matrix.npy

real	0m14.187s
user	0m0.072s
sys	0m0.083s
228
268
Generating /cluster/projects/nn8008k/lluisa/NextSIM/seas/Fmap_10days/2005_JAS_ic0.5_dt0.0025_DT0.0100/57_W_matrix.npy

real	0m14.247s
user	0m0.067s
sys	0m0.084s
232
272
Generating /cluster/projects/nn8008k/lluisa/NextSIM/seas/Fmap_10days/2005_JAS_ic0.5_dt0.0025_DT0.0100/58_W_matrix.npy

real	0m13.753s
user	0m0.079s
sys	0m0.076s
236
276
Generating /cluster/projects/nn8008k/lluisa/NextSIM/seas/Fmap_10days/2005_JAS_ic0.5_dt0.0025_DT0.0100/59_W_matrix.npy

real	0m13.250s
user	0m0.058s
sys	0m0.089s
240
280
Generating /cluster/projects/nn8008k/lluisa/NextSIM/seas/Fmap_10days/2005_JAS_ic0.5_dt0.0025_DT0.0100/60_W_matrix.npy

real	0m14.154s
user	0m0.067s
sys	0m0.083s
244
284
Generating /cluster/projects/nn8008k/lluisa/NextSIM/seas/Fmap_10days/2005_JAS_ic0.5_dt0.0025_DT0.0100/61_W_matrix.npy

real	0m13.243s
user	0m0.058s
sys	0m0.088s
248
288
Generating /cluster/projects/nn8008k/lluisa/NextSIM/seas/Fmap_10days/2005_JAS_ic0.5_dt0.0025_DT0.0100/62_W_matrix.npy

real	0m13.355s
user	0m0.069s
sys	0m0.080s
252
292
Generating /cluster/projects/nn8008k/lluisa/NextSIM/seas/Fmap_10days/2005_JAS_ic0.5_dt0.0025_DT0.0100/63_W_matrix.npy

real	0m13.523s
user	0m0.074s
sys	0m0.080s
256
296
Generating /cluster/projects/nn8008k/lluisa/NextSIM/seas/Fmap_10days/2005_JAS_ic0.5_dt0.0025_DT0.0100/64_W_matrix.npy

real	0m13.165s
user	0m0.060s
sys	0m0.084s
260
300
Generating /cluster/projects/nn8008k/lluisa/NextSIM/seas/Fmap_10days/2005_JAS_ic0.5_dt0.0025_DT0.0100/65_W_matrix.npy

real	0m13.291s
user	0m0.067s
sys	0m0.082s
264
304
Generating /cluster/projects/nn8008k/lluisa/NextSIM/seas/Fmap_10days/2005_JAS_ic0.5_dt0.0025_DT0.0100/66_W_matrix.npy

real	0m13.929s
user	0m0.077s
sys	0m0.075s
268
308
Generating /cluster/projects/nn8008k/lluisa/NextSIM/seas/Fmap_10days/2005_JAS_ic0.5_dt0.0025_DT0.0100/67_W_matrix.npy

real	0m14.248s
user	0m0.059s
sys	0m0.079s
272
312
Generating /cluster/projects/nn8008k/lluisa/NextSIM/seas/Fmap_10days/2005_JAS_ic0.5_dt0.0025_DT0.0100/68_W_matrix.npy

real	0m13.172s
user	0m0.076s
sys	0m0.074s
276
316
Generating /cluster/projects/nn8008k/lluisa/NextSIM/seas/Fmap_10days/2005_JAS_ic0.5_dt0.0025_DT0.0100/69_W_matrix.npy

real	0m13.116s
user	0m0.063s
sys	0m0.088s
280
320
Generating /cluster/projects/nn8008k/lluisa/NextSIM/seas/Fmap_10days/2005_JAS_ic0.5_dt0.0025_DT0.0100/70_W_matrix.npy

real	0m13.280s
user	0m0.078s
sys	0m0.068s
284
324
Generating /cluster/projects/nn8008k/lluisa/NextSIM/seas/Fmap_10days/2005_JAS_ic0.5_dt0.0025_DT0.0100/71_W_matrix.npy

real	0m13.697s
user	0m0.060s
sys	0m0.087s
288
328
Generating /cluster/projects/nn8008k/lluisa/NextSIM/seas/Fmap_10days/2005_JAS_ic0.5_dt0.0025_DT0.0100/72_W_matrix.npy

real	0m14.126s
user	0m0.066s
sys	0m0.083s
292
332
Generating /cluster/projects/nn8008k/lluisa/NextSIM/seas/Fmap_10days/2005_JAS_ic0.5_dt0.0025_DT0.0100/73_W_matrix.npy

real	0m13.951s
user	0m0.063s
sys	0m0.087s
296
336
Generating /cluster/projects/nn8008k/lluisa/NextSIM/seas/Fmap_10days/2005_JAS_ic0.5_dt0.0025_DT0.0100/74_W_matrix.npy

real	0m12.924s
user	0m0.066s
sys	0m0.081s
300
340
Generating /cluster/projects/nn8008k/lluisa/NextSIM/seas/Fmap_10days/2005_JAS_ic0.5_dt0.0025_DT0.0100/75_W_matrix.npy

real	0m12.981s
user	0m0.064s
sys	0m0.094s
304
344
Generating /cluster/projects/nn8008k/lluisa/NextSIM/seas/Fmap_10days/2005_JAS_ic0.5_dt0.0025_DT0.0100/76_W_matrix.npy

real	0m13.163s
user	0m0.058s
sys	0m0.091s
308
348
Generating /cluster/projects/nn8008k/lluisa/NextSIM/seas/Fmap_10days/2005_JAS_ic0.5_dt0.0025_DT0.0100/77_W_matrix.npy

real	0m12.439s
user	0m0.064s
sys	0m0.078s
312
352
Generating /cluster/projects/nn8008k/lluisa/NextSIM/seas/Fmap_10days/2005_JAS_ic0.5_dt0.0025_DT0.0100/78_W_matrix.npy

real	0m12.550s
user	0m0.078s
sys	0m0.073s
316
356
Generating /cluster/projects/nn8008k/lluisa/NextSIM/seas/Fmap_10days/2005_JAS_ic0.5_dt0.0025_DT0.0100/79_W_matrix.npy

real	0m12.632s
user	0m0.070s
sys	0m0.076s
320
360
Generating /cluster/projects/nn8008k/lluisa/NextSIM/seas/Fmap_10days/2005_JAS_ic0.5_dt0.0025_DT0.0100/80_W_matrix.npy

real	0m12.995s
user	0m0.059s
sys	0m0.090s
0
40
Generating /cluster/projects/nn8008k/lluisa/NextSIM/seas/Fmap_10days/2005_OND_ic0.5_dt0.0025_DT0.0100/0_W_matrix.npy

real	0m13.454s
user	0m0.070s
sys	0m0.082s
4
44
Generating /cluster/projects/nn8008k/lluisa/NextSIM/seas/Fmap_10days/2005_OND_ic0.5_dt0.0025_DT0.0100/1_W_matrix.npy

real	0m14.775s
user	0m0.071s
sys	0m0.082s
8
48
Generating /cluster/projects/nn8008k/lluisa/NextSIM/seas/Fmap_10days/2005_OND_ic0.5_dt0.0025_DT0.0100/2_W_matrix.npy

real	0m13.571s
user	0m0.062s
sys	0m0.085s
12
52
Generating /cluster/projects/nn8008k/lluisa/NextSIM/seas/Fmap_10days/2005_OND_ic0.5_dt0.0025_DT0.0100/3_W_matrix.npy

real	0m14.028s
user	0m0.067s
sys	0m0.083s
16
56
Generating /cluster/projects/nn8008k/lluisa/NextSIM/seas/Fmap_10days/2005_OND_ic0.5_dt0.0025_DT0.0100/4_W_matrix.npy

real	0m14.129s
user	0m0.066s
sys	0m0.087s
20
60
Generating /cluster/projects/nn8008k/lluisa/NextSIM/seas/Fmap_10days/2005_OND_ic0.5_dt0.0025_DT0.0100/5_W_matrix.npy

real	0m14.214s
user	0m0.066s
sys	0m0.086s
24
64
Generating /cluster/projects/nn8008k/lluisa/NextSIM/seas/Fmap_10days/2005_OND_ic0.5_dt0.0025_DT0.0100/6_W_matrix.npy

real	0m14.838s
user	0m0.072s
sys	0m0.072s
28
68
Generating /cluster/projects/nn8008k/lluisa/NextSIM/seas/Fmap_10days/2005_OND_ic0.5_dt0.0025_DT0.0100/7_W_matrix.npy

real	0m14.950s
user	0m0.064s
sys	0m0.089s
32
72
Generating /cluster/projects/nn8008k/lluisa/NextSIM/seas/Fmap_10days/2005_OND_ic0.5_dt0.0025_DT0.0100/8_W_matrix.npy

real	0m15.430s
user	0m0.072s
sys	0m0.075s
36
76
Generating /cluster/projects/nn8008k/lluisa/NextSIM/seas/Fmap_10days/2005_OND_ic0.5_dt0.0025_DT0.0100/9_W_matrix.npy

real	0m14.888s
user	0m0.071s
sys	0m0.084s
40
80
Generating /cluster/projects/nn8008k/lluisa/NextSIM/seas/Fmap_10days/2005_OND_ic0.5_dt0.0025_DT0.0100/10_W_matrix.npy

real	0m16.875s
user	0m0.068s
sys	0m0.082s
44
84
Generating /cluster/projects/nn8008k/lluisa/NextSIM/seas/Fmap_10days/2005_OND_ic0.5_dt0.0025_DT0.0100/11_W_matrix.npy

real	0m16.435s
user	0m0.070s
sys	0m0.078s
48
88
Generating /cluster/projects/nn8008k/lluisa/NextSIM/seas/Fmap_10days/2005_OND_ic0.5_dt0.0025_DT0.0100/12_W_matrix.npy

real	0m15.627s
user	0m0.083s
sys	0m0.073s
52
92
Generating /cluster/projects/nn8008k/lluisa/NextSIM/seas/Fmap_10days/2005_OND_ic0.5_dt0.0025_DT0.0100/13_W_matrix.npy

real	0m16.243s
user	0m0.061s
sys	0m0.093s
56
96
Generating /cluster/projects/nn8008k/lluisa/NextSIM/seas/Fmap_10days/2005_OND_ic0.5_dt0.0025_DT0.0100/14_W_matrix.npy

real	0m16.554s
user	0m0.065s
sys	0m0.079s
60
100
Generating /cluster/projects/nn8008k/lluisa/NextSIM/seas/Fmap_10days/2005_OND_ic0.5_dt0.0025_DT0.0100/15_W_matrix.npy

real	0m17.161s
user	0m0.068s
sys	0m0.084s
64
104
Generating /cluster/projects/nn8008k/lluisa/NextSIM/seas/Fmap_10days/2005_OND_ic0.5_dt0.0025_DT0.0100/16_W_matrix.npy

real	0m17.277s
user	0m0.083s
sys	0m0.075s
68
108
Generating /cluster/projects/nn8008k/lluisa/NextSIM/seas/Fmap_10days/2005_OND_ic0.5_dt0.0025_DT0.0100/17_W_matrix.npy

real	0m17.759s
user	0m0.082s
sys	0m0.071s
72
112
Generating /cluster/projects/nn8008k/lluisa/NextSIM/seas/Fmap_10days/2005_OND_ic0.5_dt0.0025_DT0.0100/18_W_matrix.npy

real	0m18.884s
user	0m0.061s
sys	0m0.092s
76
116
Generating /cluster/projects/nn8008k/lluisa/NextSIM/seas/Fmap_10days/2005_OND_ic0.5_dt0.0025_DT0.0100/19_W_matrix.npy

real	0m18.505s
user	0m0.064s
sys	0m0.092s
80
120
Generating /cluster/projects/nn8008k/lluisa/NextSIM/seas/Fmap_10days/2005_OND_ic0.5_dt0.0025_DT0.0100/20_W_matrix.npy

real	0m18.639s
user	0m0.073s
sys	0m0.080s
84
124
Generating /cluster/projects/nn8008k/lluisa/NextSIM/seas/Fmap_10days/2005_OND_ic0.5_dt0.0025_DT0.0100/21_W_matrix.npy

real	0m19.061s
user	0m0.070s
sys	0m0.081s
88
128
Generating /cluster/projects/nn8008k/lluisa/NextSIM/seas/Fmap_10days/2005_OND_ic0.5_dt0.0025_DT0.0100/22_W_matrix.npy

real	0m20.176s
user	0m0.067s
sys	0m0.074s
92
132
Generating /cluster/projects/nn8008k/lluisa/NextSIM/seas/Fmap_10days/2005_OND_ic0.5_dt0.0025_DT0.0100/23_W_matrix.npy

real	0m19.824s
user	0m0.070s
sys	0m0.085s
96
136
Generating /cluster/projects/nn8008k/lluisa/NextSIM/seas/Fmap_10days/2005_OND_ic0.5_dt0.0025_DT0.0100/24_W_matrix.npy

real	0m21.065s
user	0m0.060s
sys	0m0.091s
100
140
Generating /cluster/projects/nn8008k/lluisa/NextSIM/seas/Fmap_10days/2005_OND_ic0.5_dt0.0025_DT0.0100/25_W_matrix.npy

real	0m22.143s
user	0m0.052s
sys	0m0.098s
104
144
Generating /cluster/projects/nn8008k/lluisa/NextSIM/seas/Fmap_10days/2005_OND_ic0.5_dt0.0025_DT0.0100/26_W_matrix.npy

real	0m23.103s
user	0m0.067s
sys	0m0.086s
108
148
Generating /cluster/projects/nn8008k/lluisa/NextSIM/seas/Fmap_10days/2005_OND_ic0.5_dt0.0025_DT0.0100/27_W_matrix.npy

real	0m22.428s
user	0m0.073s
sys	0m0.081s
112
152
Generating /cluster/projects/nn8008k/lluisa/NextSIM/seas/Fmap_10days/2005_OND_ic0.5_dt0.0025_DT0.0100/28_W_matrix.npy

real	0m22.706s
user	0m0.074s
sys	0m0.080s
116
156
Generating /cluster/projects/nn8008k/lluisa/NextSIM/seas/Fmap_10days/2005_OND_ic0.5_dt0.0025_DT0.0100/29_W_matrix.npy

real	0m21.741s
user	0m0.086s
sys	0m0.069s
120
160
Generating /cluster/projects/nn8008k/lluisa/NextSIM/seas/Fmap_10days/2005_OND_ic0.5_dt0.0025_DT0.0100/30_W_matrix.npy

real	0m22.501s
user	0m0.066s
sys	0m0.090s
124
164
Generating /cluster/projects/nn8008k/lluisa/NextSIM/seas/Fmap_10days/2005_OND_ic0.5_dt0.0025_DT0.0100/31_W_matrix.npy

real	0m23.360s
user	0m0.079s
sys	0m0.074s
128
168
Generating /cluster/projects/nn8008k/lluisa/NextSIM/seas/Fmap_10days/2005_OND_ic0.5_dt0.0025_DT0.0100/32_W_matrix.npy

real	0m25.581s
user	0m0.072s
sys	0m0.072s
132
172
Generating /cluster/projects/nn8008k/lluisa/NextSIM/seas/Fmap_10days/2005_OND_ic0.5_dt0.0025_DT0.0100/33_W_matrix.npy

real	0m23.567s
user	0m0.069s
sys	0m0.087s
136
176
Generating /cluster/projects/nn8008k/lluisa/NextSIM/seas/Fmap_10days/2005_OND_ic0.5_dt0.0025_DT0.0100/34_W_matrix.npy

real	0m26.119s
user	0m0.075s
sys	0m0.079s
140
180
Generating /cluster/projects/nn8008k/lluisa/NextSIM/seas/Fmap_10days/2005_OND_ic0.5_dt0.0025_DT0.0100/35_W_matrix.npy

real	0m24.110s
user	0m0.066s
sys	0m0.084s
144
184
Generating /cluster/projects/nn8008k/lluisa/NextSIM/seas/Fmap_10days/2005_OND_ic0.5_dt0.0025_DT0.0100/36_W_matrix.npy

real	0m26.830s
user	0m0.064s
sys	0m0.085s
148
188
Generating /cluster/projects/nn8008k/lluisa/NextSIM/seas/Fmap_10days/2005_OND_ic0.5_dt0.0025_DT0.0100/37_W_matrix.npy

real	0m25.670s
user	0m0.076s
sys	0m0.077s
152
192
Generating /cluster/projects/nn8008k/lluisa/NextSIM/seas/Fmap_10days/2005_OND_ic0.5_dt0.0025_DT0.0100/38_W_matrix.npy

real	0m25.935s
user	0m0.061s
sys	0m0.087s
156
196
Generating /cluster/projects/nn8008k/lluisa/NextSIM/seas/Fmap_10days/2005_OND_ic0.5_dt0.0025_DT0.0100/39_W_matrix.npy

real	0m26.296s
user	0m0.080s
sys	0m0.073s
160
200
Generating /cluster/projects/nn8008k/lluisa/NextSIM/seas/Fmap_10days/2005_OND_ic0.5_dt0.0025_DT0.0100/40_W_matrix.npy

real	0m26.560s
user	0m0.068s
sys	0m0.087s
164
204
Generating /cluster/projects/nn8008k/lluisa/NextSIM/seas/Fmap_10days/2005_OND_ic0.5_dt0.0025_DT0.0100/41_W_matrix.npy

real	0m27.370s
user	0m0.059s
sys	0m0.094s
168
208
Generating /cluster/projects/nn8008k/lluisa/NextSIM/seas/Fmap_10days/2005_OND_ic0.5_dt0.0025_DT0.0100/42_W_matrix.npy

real	0m26.647s
user	0m0.062s
sys	0m0.093s
172
212
Generating /cluster/projects/nn8008k/lluisa/NextSIM/seas/Fmap_10days/2005_OND_ic0.5_dt0.0025_DT0.0100/43_W_matrix.npy

real	0m28.087s
user	0m0.071s
sys	0m0.083s
176
216
Generating /cluster/projects/nn8008k/lluisa/NextSIM/seas/Fmap_10days/2005_OND_ic0.5_dt0.0025_DT0.0100/44_W_matrix.npy

real	0m27.725s
user	0m0.081s
sys	0m0.078s
180
220
Generating /cluster/projects/nn8008k/lluisa/NextSIM/seas/Fmap_10days/2005_OND_ic0.5_dt0.0025_DT0.0100/45_W_matrix.npy

real	0m26.801s
user	0m0.060s
sys	0m0.092s
184
224
Generating /cluster/projects/nn8008k/lluisa/NextSIM/seas/Fmap_10days/2005_OND_ic0.5_dt0.0025_DT0.0100/46_W_matrix.npy
Traceback (most recent call last):
  File "/cluster/work/users/llpui9007/ndaily_runs/similarity/W_MPI.py", line 107, in <module>
    np.save(results_directory+'/'+str(int(tmin/time_steps_per_day))+'_W_matrix.npy', W_vec)
  File "/cluster/home/llpui9007/.local/lib/python3.11/site-packages/numpy/lib/_npyio_impl.py", line 574, in save
    format.write_array(fid, arr, allow_pickle=allow_pickle,
  File "/cluster/home/llpui9007/.local/lib/python3.11/site-packages/numpy/lib/format.py", line 755, in write_array
    array.tofile(fp)
OSError: 4293915 requested and 15344 written
srun: error: c28-11: task 0: Exited with exit code 1
srun: Terminating StepId=6229055.193

real	0m27.996s
user	0m0.062s
sys	0m0.088s

Job 6229055 consumed 763.7 billing hours from project nn8008k.

Submitted 2025-05-04T10:09:19; waited 1.0 seconds in the queue after becoming eligible to run.

Requested wallclock time: 16.0 hours
Elapsed wallclock time:   1.5 hours

Job failed.

Task and CPU statistics:
ID              CPUs  Tasks  CPU util                Start  Elapsed  Exit status
6229055          512            0.0 %  2025-05-04T10:09:20    1.5 h  1
6229055.batch     32      1     0.0 %  2025-05-04T10:09:20    1.5 h  1
6229055.python   512    512    29.9 %  2025-05-04T10:09:29    0.0 h  0
6229055.python   512    512    90.1 %  2025-05-04T10:11:42    0.0 h  0
6229055.python   512    512    88.2 %  2025-05-04T10:12:24    0.0 h  0
6229055.python   512    512    86.0 %  2025-05-04T10:13:07    0.0 h  0
6229055.python   512    512    86.1 %  2025-05-04T10:13:51    0.0 h  0
6229055.python   512    512    90.1 %  2025-05-04T10:14:35    0.0 h  0
6229055.python   512    512    86.3 %  2025-05-04T10:15:17    0.0 h  0
6229055.python   512    512    88.5 %  2025-05-04T10:16:01    0.0 h  0
6229055.python   512    512    79.4 %  2025-05-04T10:16:44    0.0 h  0
6229055.python   512    512    86.2 %  2025-05-04T10:17:32    0.0 h  0
6229055.python   512    512    87.8 %  2025-05-04T10:18:16    0.0 h  0
6229055.python   512    512    87.5 %  2025-05-04T10:18:59    0.0 h  0
6229055.python   512    512    87.3 %  2025-05-04T10:19:42    0.0 h  0
6229055.python   512    512    87.2 %  2025-05-04T10:20:25    0.0 h  0
6229055.python   512    512    87.6 %  2025-05-04T10:21:08    0.0 h  0
6229055.python   512    512    87.7 %  2025-05-04T10:21:51    0.0 h  0
6229055.python   512    512    81.8 %  2025-05-04T10:22:34    0.0 h  0
6229055.python   512    512    87.3 %  2025-05-04T10:23:20    0.0 h  0
6229055.python   512    512    85.4 %  2025-05-04T10:24:03    0.0 h  0
6229055.python   512    512    80.3 %  2025-05-04T10:24:47    0.0 h  0
6229055.python   512    512    84.0 %  2025-05-04T10:25:34    0.0 h  0
6229055.python   512    512    87.6 %  2025-05-04T10:26:19    0.0 h  0
6229055.python   512    512    87.9 %  2025-05-04T10:27:02    0.0 h  0
6229055.python   512    512    79.4 %  2025-05-04T10:27:45    0.0 h  0
6229055.python   512    512    86.4 %  2025-05-04T10:28:33    0.0 h  0
6229055.python   512    512    88.1 %  2025-05-04T10:29:17    0.0 h  0
6229055.python   512    512    86.2 %  2025-05-04T10:30:00    0.0 h  0
6229055.python   512    512    79.1 %  2025-05-04T10:30:44    0.0 h  0
6229055.python   512    512    87.0 %  2025-05-04T10:31:32    0.0 h  0
6229055.python   512    512    86.0 %  2025-05-04T10:32:15    0.0 h  0
6229055.python   512    512    85.9 %  2025-05-04T10:32:58    0.0 h  0
6229055.python   512    512    84.1 %  2025-05-04T10:33:41    0.0 h  0
6229055.python   512    512    87.8 %  2025-05-04T10:34:25    0.0 h  0
6229055.python   512    512    85.9 %  2025-05-04T10:35:07    0.0 h  0
6229055.python   512    512    82.3 %  2025-05-04T10:35:50    0.0 h  0
6229055.python   512    512    90.0 %  2025-05-04T10:36:35    0.0 h  0
6229055.python   512    512    85.5 %  2025-05-04T10:37:16    0.0 h  0
6229055.python   512    512    84.9 %  2025-05-04T10:37:59    0.0 h  0
6229055.python   512    512    84.8 %  2025-05-04T10:38:42    0.0 h  0
6229055.python   512    512    82.8 %  2025-05-04T10:39:25    0.0 h  0
6229055.python   512    512    87.7 %  2025-05-04T10:40:09    0.0 h  0
6229055.python   512    512    86.9 %  2025-05-04T10:40:51    0.0 h  0
6229055.python   512    512    90.7 %  2025-05-04T10:41:32    0.0 h  0
6229055.python   512    512    90.8 %  2025-05-04T10:42:11    0.0 h  0
6229055.python   512    512    86.8 %  2025-05-04T10:42:50    0.0 h  0
6229055.python   512    512    86.4 %  2025-05-04T10:43:31    0.0 h  0
6229055.python   512    512    84.4 %  2025-05-04T10:44:12    0.0 h  0
6229055.python   512    512    87.7 %  2025-05-04T10:44:54    0.0 h  0
6229055.python   512    512    81.3 %  2025-05-04T10:45:34    0.0 h  0
6229055.python   512    512    80.5 %  2025-05-04T10:46:17    0.0 h  0
6229055.python   512    512    87.5 %  2025-05-04T10:47:00    0.0 h  0
6229055.python   512    512    88.4 %  2025-05-04T10:47:39    0.0 h  0
6229055.python   512    512    87.8 %  2025-05-04T10:48:17    0.0 h  0
6229055.python   512    512    87.1 %  2025-05-04T10:48:55    0.0 h  0
6229055.python   512    512    88.6 %  2025-05-04T10:49:33    0.0 h  0
6229055.python   512    512    87.8 %  2025-05-04T10:50:10    0.0 h  0
6229055.python   512    512    79.8 %  2025-05-04T10:50:47    0.0 h  0
6229055.python   512    512    84.5 %  2025-05-04T10:51:28    0.0 h  0
6229055.python   512    512    87.9 %  2025-05-04T10:52:06    0.0 h  0
6229055.python   512    512    85.1 %  2025-05-04T10:52:42    0.0 h  0
6229055.python   512    512    82.0 %  2025-05-04T10:53:19    0.0 h  0
6229055.python   512    512    81.3 %  2025-05-04T10:53:57    0.0 h  0
6229055.python   512    512    83.2 %  2025-05-04T10:54:35    0.0 h  0
6229055.python   512    512    89.0 %  2025-05-04T10:55:12    0.0 h  0
6229055.python   512    512    87.7 %  2025-05-04T10:55:46    0.0 h  0
6229055.python   512    512    80.4 %  2025-05-04T10:56:20    0.0 h  0
6229055.python   512    512    84.9 %  2025-05-04T10:56:57    0.0 h  0
6229055.python   512    512    90.1 %  2025-05-04T10:57:27    0.0 h  0
6229055.python   512    512    86.4 %  2025-05-04T10:57:55    0.0 h  0
6229055.python   512    512    84.4 %  2025-05-04T10:58:24    0.0 h  0
6229055.python   512    512    80.1 %  2025-05-04T10:58:53    0.0 h  0
6229055.python   512    512    82.4 %  2025-05-04T10:59:23    0.0 h  0
6229055.python   512    512    85.2 %  2025-05-04T10:59:52    0.0 h  0
6229055.python   512    512    81.2 %  2025-05-04T11:00:20    0.0 h  0
6229055.python   512    512    80.7 %  2025-05-04T11:00:49    0.0 h  0
6229055.python   512    512    86.4 %  2025-05-04T11:01:18    0.0 h  0
6229055.python   512    512    88.9 %  2025-05-04T11:01:45    0.0 h  0
6229055.python   512    512    82.9 %  2025-05-04T11:02:11    0.0 h  0
6229055.python   512    512    85.8 %  2025-05-04T11:02:39    0.0 h  0
6229055.python   512    512    81.1 %  2025-05-04T11:03:06    0.0 h  0
6229055.python   512    512    80.7 %  2025-05-04T11:03:34    0.0 h  0
6229055.python   512    512    77.2 %  2025-05-04T11:04:02    0.0 h  0
6229055.python   512    512    87.4 %  2025-05-04T11:04:31    0.0 h  0
6229055.python   512    512    79.3 %  2025-05-04T11:04:56    0.0 h  0
6229055.python   512    512    80.1 %  2025-05-04T11:05:23    0.0 h  0
6229055.python   512    512    85.0 %  2025-05-04T11:05:49    0.0 h  0
6229055.python   512    512    83.0 %  2025-05-04T11:06:13    0.0 h  0
6229055.python   512    512    89.0 %  2025-05-04T11:06:37    0.0 h  0
6229055.python   512    512    80.4 %  2025-05-04T11:06:59    0.0 h  0
6229055.python   512    512    82.5 %  2025-05-04T11:07:23    0.0 h  0
6229055.python   512    512    81.4 %  2025-05-04T11:07:46    0.0 h  0
6229055.python   512    512    79.2 %  2025-05-04T11:08:09    0.0 h  0
6229055.python   512    512    84.6 %  2025-05-04T11:08:32    0.0 h  0
6229055.python   512    512    79.4 %  2025-05-04T11:08:53    0.0 h  0
6229055.python   512    512    86.1 %  2025-05-04T11:09:15    0.0 h  0
6229055.python   512    512    76.3 %  2025-05-04T11:09:35    0.0 h  0
6229055.python   512    512    89.2 %  2025-05-04T11:09:57    0.0 h  0
6229055.python   512    512    82.6 %  2025-05-04T11:10:15    0.0 h  0
6229055.python   512    512    80.9 %  2025-05-04T11:10:34    0.0 h  0
6229055.python   512    512    79.5 %  2025-05-04T11:10:53    0.0 h  0
6229055.python   512    512    82.9 %  2025-05-04T11:11:12    0.0 h  0
6229055.python   512    512    81.6 %  2025-05-04T11:11:30    0.0 h  0
6229055.python   512    512    80.3 %  2025-05-04T11:11:48    0.0 h  0
6229055.python   512    512    78.8 %  2025-05-04T11:12:06    0.0 h  0
6229055.python   512    512    81.2 %  2025-05-04T11:12:24    0.0 h  0
6229055.python   512    512    79.8 %  2025-05-04T11:12:41    0.0 h  0
6229055.python   512    512    79.9 %  2025-05-04T11:12:58    0.0 h  0
6229055.python   512    512    83.5 %  2025-05-04T11:13:15    0.0 h  0
6229055.python   512    512    82.3 %  2025-05-04T11:13:31    0.0 h  0
6229055.python   512    512    81.7 %  2025-05-04T11:13:47    0.0 h  0
6229055.python   512    512    75.2 %  2025-05-04T11:14:03    0.0 h  0
6229055.python   512    512    78.2 %  2025-05-04T11:14:20    0.0 h  0
6229055.python   512    512    63.5 %  2025-05-04T11:14:36    0.0 h  0
6229055.python   512    512    81.6 %  2025-05-04T11:14:56    0.0 h  0
6229055.python   512    512    81.0 %  2025-05-04T11:15:11    0.0 h  0
6229055.python   512    512    85.3 %  2025-05-04T11:15:26    0.0 h  0
6229055.python   512    512    79.3 %  2025-05-04T11:15:40    0.0 h  0
6229055.python   512    512    86.4 %  2025-05-04T11:15:55    0.0 h  0
6229055.python   512    512    75.7 %  2025-05-04T11:16:09    0.0 h  0
6229055.python   512    512    84.9 %  2025-05-04T11:16:25    0.0 h  0
6229055.python   512    512    84.0 %  2025-05-04T11:16:39    0.0 h  0
6229055.python   512    512    83.2 %  2025-05-04T11:16:53    0.0 h  0
6229055.python   512    512    82.1 %  2025-05-04T11:17:07    0.0 h  0
6229055.python   512    512    81.4 %  2025-05-04T11:17:21    0.0 h  0
6229055.python   512    512    80.1 %  2025-05-04T11:17:35    0.0 h  0
6229055.python   512    512    84.5 %  2025-05-04T11:17:49    0.0 h  0
6229055.python   512    512    77.7 %  2025-05-04T11:18:02    0.0 h  0
6229055.python   512    512    77.5 %  2025-05-04T11:18:16    0.0 h  0
6229055.python   512    512    84.0 %  2025-05-04T11:18:30    0.0 h  0
6229055.python   512    512    77.3 %  2025-05-04T11:18:43    0.0 h  0
6229055.python   512    512    83.4 %  2025-05-04T11:18:57    0.0 h  0
6229055.python   512    512    83.8 %  2025-05-04T11:19:10    0.0 h  0
6229055.python   512    512    78.8 %  2025-05-04T11:19:23    0.0 h  0
6229055.python   512    512    78.8 %  2025-05-04T11:19:37    0.0 h  0
6229055.python   512    512    85.2 %  2025-05-04T11:19:51    0.0 h  0
6229055.python   512    512    79.0 %  2025-05-04T11:20:04    0.0 h  0
6229055.python   512    512    85.0 %  2025-05-04T11:20:18    0.0 h  0
6229055.python   512    512    79.0 %  2025-05-04T11:20:31    0.0 h  0
6229055.python   512    512    77.6 %  2025-05-04T11:20:45    0.0 h  0
6229055.python   512    512    77.2 %  2025-05-04T11:20:59    0.0 h  0
6229055.python   512    512    82.4 %  2025-05-04T11:21:13    0.0 h  0
6229055.python   512    512    88.1 %  2025-05-04T11:21:26    0.0 h  0
6229055.python   512    512    81.2 %  2025-05-04T11:21:39    0.0 h  0
6229055.python   512    512    87.3 %  2025-05-04T11:21:52    0.0 h  0
6229055.python   512    512    79.9 %  2025-05-04T11:22:04    0.0 h  0
6229055.python   512    512    85.6 %  2025-05-04T11:22:17    0.0 h  0
6229055.python   512    512    79.5 %  2025-05-04T11:22:29    0.0 h  0
6229055.python   512    512    79.5 %  2025-05-04T11:22:42    0.0 h  0
6229055.python   512    512    75.4 %  2025-05-04T11:22:56    0.0 h  0
6229055.python   512    512    87.4 %  2025-05-04T11:23:11    0.0 h  0
6229055.python   512    512    82.7 %  2025-05-04T11:23:24    0.0 h  0
6229055.python   512    512    83.9 %  2025-05-04T11:23:38    0.0 h  0
6229055.python   512    512    84.8 %  2025-05-04T11:23:52    0.0 h  0
6229055.python   512    512    80.5 %  2025-05-04T11:24:06    0.0 h  0
6229055.python   512    512    81.8 %  2025-05-04T11:24:21    0.0 h  0
6229055.python   512    512    77.8 %  2025-05-04T11:24:36    0.0 h  0
6229055.python   512    512    83.8 %  2025-05-04T11:24:52    0.0 h  0
6229055.python   512    512    81.0 %  2025-05-04T11:25:07    0.0 h  0
6229055.python   512    512    78.0 %  2025-05-04T11:25:23    0.0 h  0
6229055.python   512    512    89.6 %  2025-05-04T11:25:40    0.0 h  0
6229055.python   512    512    86.1 %  2025-05-04T11:25:56    0.0 h  0
6229055.python   512    512    87.3 %  2025-05-04T11:26:12    0.0 h  0
6229055.python   512    512    83.6 %  2025-05-04T11:26:28    0.0 h  0
6229055.python   512    512    80.0 %  2025-05-04T11:26:45    0.0 h  0
6229055.python   512    512    86.0 %  2025-05-04T11:27:03    0.0 h  0
6229055.python   512    512    82.5 %  2025-05-04T11:27:21    0.0 h  0
6229055.python   512    512    80.1 %  2025-05-04T11:27:39    0.0 h  0
6229055.python   512    512    81.9 %  2025-05-04T11:27:58    0.0 h  0
6229055.python   512    512    85.5 %  2025-05-04T11:28:17    0.0 h  0
6229055.python   512    512    83.9 %  2025-05-04T11:28:36    0.0 h  0
6229055.python   512    512    86.4 %  2025-05-04T11:28:56    0.0 h  0
6229055.python   512    512    83.4 %  2025-05-04T11:29:16    0.0 h  0
6229055.python   512    512    81.9 %  2025-05-04T11:29:37    0.0 h  0
6229055.python   512    512    80.1 %  2025-05-04T11:29:59    0.0 h  0
6229055.python   512    512    85.0 %  2025-05-04T11:30:22    0.0 h  0
6229055.python   512    512    82.6 %  2025-05-04T11:30:44    0.0 h  0
6229055.python   512    512    87.4 %  2025-05-04T11:31:07    0.0 h  0
6229055.python   512    512    88.8 %  2025-05-04T11:31:29    0.0 h  0
6229055.python   512    512    83.0 %  2025-05-04T11:31:51    0.0 h  0
6229055.python   512    512    81.3 %  2025-05-04T11:32:15    0.0 h  0
6229055.python   512    512    85.2 %  2025-05-04T11:32:40    0.0 h  0
6229055.python   512    512    80.2 %  2025-05-04T11:33:04    0.0 h  0
6229055.python   512    512    87.8 %  2025-05-04T11:33:30    0.0 h  0
6229055.python   512    512    80.2 %  2025-05-04T11:33:54    0.0 h  0
6229055.python   512    512    84.0 %  2025-05-04T11:34:21    0.0 h  0
6229055.python   512    512    89.1 %  2025-05-04T11:34:47    0.0 h  0
6229055.python   512    512    83.2 %  2025-05-04T11:35:12    0.0 h  0
6229055.python   512    512    87.4 %  2025-05-04T11:35:39    0.0 h  0
6229055.python   512    512    82.1 %  2025-05-04T11:36:05    0.0 h  0
6229055.python   512    512    89.5 %  2025-05-04T11:36:33    0.0 h  0
6229055.python   512    512    83.9 %  2025-05-04T11:36:59    0.0 h  0
6229055.python   512    512    84.2 %  2025-05-04T11:37:27    0.0 h  0
6229055.python   512    512    87.5 %  2025-05-04T11:37:55    0.0 h  0
6229055.python   512    512    84.7 %  2025-05-04T11:38:22    0.0 h  1

Used CPU time:   26.3 CPU days
Unused CPU time: 5.5 CPU days

Memory statistics, in GiB:
ID               Alloc   Usage
6229055          944.0        
6229055.batch     59.0     0.0
6229055.python   944.0   298.7
6229055.python   944.0   295.0
6229055.python   944.0   296.1
6229055.python   944.0   295.8
6229055.python   944.0   296.0
6229055.python   944.0   295.9
6229055.python   944.0   296.4
6229055.python   944.0   296.4
6229055.python   944.0   296.3
6229055.python   944.0   295.9
6229055.python   944.0   295.6
6229055.python   944.0   295.0
6229055.python   944.0   295.0
6229055.python   944.0   294.6
6229055.python   944.0   295.2
6229055.python   944.0   295.5
6229055.python   944.0   294.7
6229055.python   944.0   294.8
6229055.python   944.0   294.9
6229055.python   944.0   295.1
6229055.python   944.0   295.5
6229055.python   944.0   295.1
6229055.python   944.0   295.8
6229055.python   944.0   296.4
6229055.python   944.0   296.4
6229055.python   944.0   295.8
6229055.python   944.0   295.8
6229055.python   944.0   295.9
6229055.python   944.0   294.4
6229055.python   944.0   292.8
6229055.python   944.0   292.8
6229055.python   944.0   292.7
6229055.python   944.0   292.6
6229055.python   944.0   292.8
6229055.python   944.0   292.9
6229055.python   944.0   292.7
6229055.python   944.0   292.1
6229055.python   944.0   291.3
6229055.python   944.0   290.9
6229055.python   944.0   290.8
6229055.python   944.0   289.6
6229055.python   944.0   288.4
6229055.python   944.0   287.8
6229055.python   944.0   287.8
6229055.python   944.0   288.2
6229055.python   944.0   287.7
6229055.python   944.0   287.4
6229055.python   944.0   286.6
6229055.python   944.0   285.8
6229055.python   944.0   284.3
6229055.python   944.0   283.4
6229055.python   944.0   281.5
6229055.python   944.0   280.7
6229055.python   944.0   279.7
6229055.python   944.0   278.8
6229055.python   944.0   277.7
6229055.python   944.0   277.8
6229055.python   944.0   276.3
6229055.python   944.0   275.0
6229055.python   944.0   273.8
6229055.python   944.0   273.0
6229055.python   944.0   271.8
6229055.python   944.0   271.8
6229055.python   944.0   270.0
6229055.python   944.0   267.7
6229055.python   944.0   257.3
6229055.python   944.0    85.3
6229055.python   944.0    84.6
6229055.python   944.0    84.2
6229055.python   944.0    84.0
6229055.python   944.0    85.6
6229055.python   944.0    86.0
6229055.python   944.0    85.5
6229055.python   944.0    85.0
6229055.python   944.0    84.3
6229055.python   944.0    84.2
6229055.python   944.0    84.8
6229055.python   944.0    85.1
6229055.python   944.0    86.9
6229055.python   944.0    84.5
6229055.python   944.0    86.1
6229055.python   944.0    84.8
6229055.python   944.0    85.1
6229055.python   944.0    82.5
6229055.python   944.0    84.7
6229055.python   944.0    83.8
6229055.python   944.0    85.5
6229055.python   944.0    83.6
6229055.python   944.0    81.7
6229055.python   944.0    86.1
6229055.python   944.0    82.0
6229055.python   944.0    85.2
6229055.python   944.0    84.6
6229055.python   944.0    83.1
6229055.python   944.0    83.4
6229055.python   944.0    85.7
6229055.python   944.0    85.9
6229055.python   944.0    84.2
6229055.python   944.0    84.2
6229055.python   944.0    85.5
6229055.python   944.0    86.7
6229055.python   944.0    84.5
6229055.python   944.0    86.5
6229055.python   944.0    83.9
6229055.python   944.0    84.3
6229055.python   944.0    83.7
6229055.python   944.0    86.8
6229055.python   944.0    86.4
6229055.python   944.0    83.4
6229055.python   944.0    82.8
6229055.python   944.0    86.9
6229055.python   944.0    79.7
6229055.python   944.0    85.4
6229055.python   944.0    84.5
6229055.python   944.0    83.9
6229055.python   944.0    86.8
6229055.python   944.0    84.7
6229055.python   944.0    84.0
6229055.python   944.0    84.5
6229055.python   944.0    83.9
6229055.python   944.0    86.0
6229055.python   944.0    83.6
6229055.python   944.0    83.3
6229055.python   944.0    83.1
6229055.python   944.0    85.1
6229055.python   944.0    84.8
6229055.python   944.0    84.2
6229055.python   944.0    82.2
6229055.python   944.0    83.7
6229055.python   944.0    84.0
6229055.python   944.0    83.3
6229055.python   944.0    85.3
6229055.python   944.0    83.7
6229055.python   944.0    84.5
6229055.python   944.0    86.4
6229055.python   944.0    81.0
6229055.python   944.0    82.6
6229055.python   944.0    82.9
6229055.python   944.0    83.0
6229055.python   944.0    81.8
6229055.python   944.0    84.5
6229055.python   944.0    85.8
6229055.python   944.0    84.2
6229055.python   944.0    84.9
6229055.python   944.0    85.1
6229055.python   944.0    86.6
6229055.python   944.0    84.8
6229055.python   944.0    86.2
6229055.python   944.0    86.2
6229055.python   944.0    82.2
6229055.python   944.0    84.1
6229055.python   944.0    85.1
6229055.python   944.0    86.3
6229055.python   944.0    84.9
6229055.python   944.0    85.4
6229055.python   944.0    83.5
6229055.python   944.0    84.9
6229055.python   944.0    84.5
6229055.python   944.0    83.3
6229055.python   944.0    82.6
6229055.python   944.0    83.0
6229055.python   944.0    84.2
6229055.python   944.0    86.7
6229055.python   944.0    84.3
6229055.python   944.0    85.0
6229055.python   944.0    84.3
6229055.python   944.0    83.7
6229055.python   944.0    84.2
6229055.python   944.0    84.1
6229055.python   944.0    84.0
6229055.python   944.0    85.4
6229055.python   944.0    83.3
6229055.python   944.0    85.8
6229055.python   944.0    83.9
6229055.python   944.0    85.0
6229055.python   944.0    85.0
6229055.python   944.0    86.3
6229055.python   944.0    84.2
6229055.python   944.0    86.5
6229055.python   944.0    85.7
6229055.python   944.0    84.7
6229055.python   944.0    84.5
6229055.python   944.0    85.6
6229055.python   944.0    84.2
6229055.python   944.0    86.0
6229055.python   944.0    84.3
6229055.python   944.0    87.6
6229055.python   944.0    83.7
6229055.python   944.0    87.3
6229055.python   944.0    83.7
6229055.python   944.0    84.6
6229055.python   944.0    84.5
6229055.python   944.0    85.6
6229055.python   944.0    83.3

Job 6229055 completed at Sun May 4 11:38:51 CEST 2025
