Starting job 6228845 on c66-[5-10],c67-[1-2,5-12] on fram at Sat May 3 00:46:12 CEST 2025


Currently Loaded Modules:
  1) StdEnv (S)

  Where:
   S:  Module is Sticky, requires --force to unload or purge

 


The following have been reloaded with a version change:
  1) GCCcore/13.3.0 => GCCcore/13.2.0
  2) OpenSSL/3 => OpenSSL/1.1
  3) Python/3.12.3-GCCcore-13.3.0 => Python/3.11.5-GCCcore-13.2.0
  4) SQLite/3.45.3-GCCcore-13.3.0 => SQLite/3.43.1-GCCcore-13.2.0
  5) Tcl/8.6.14-GCCcore-13.3.0 => Tcl/8.6.13-GCCcore-13.2.0
  6) XZ/5.4.5-GCCcore-13.3.0 => XZ/5.4.4-GCCcore-13.2.0
  7) binutils/2.42-GCCcore-13.3.0 => binutils/2.40-GCCcore-13.2.0
  8) bzip2/1.0.8-GCCcore-13.3.0 => bzip2/1.0.8-GCCcore-13.2.0
  9) libffi/3.4.5-GCCcore-13.3.0 => libffi/3.4.4-GCCcore-13.2.0
 10) libreadline/8.2-GCCcore-13.3.0 => libreadline/8.2-GCCcore-13.2.0
 11) ncurses/6.5-GCCcore-13.3.0 => ncurses/6.4-GCCcore-13.2.0
 12) zlib/1.3.1-GCCcore-13.3.0 => zlib/1.2.13-GCCcore-13.2.0

0
40
Generating /cluster/projects/nn8008k/lluisa/NextSIM/seas/Fmap_10days/2007_AMJ_ic0.5_dt0.0025_DT0.0100/0_W_matrix.npy

real	2m13.466s
user	0m0.070s
sys	0m0.103s
4
44
Generating /cluster/projects/nn8008k/lluisa/NextSIM/seas/Fmap_10days/2007_AMJ_ic0.5_dt0.0025_DT0.0100/1_W_matrix.npy

real	1m58.936s
user	0m0.071s
sys	0m0.101s
8
48
Generating /cluster/projects/nn8008k/lluisa/NextSIM/seas/Fmap_10days/2007_AMJ_ic0.5_dt0.0025_DT0.0100/2_W_matrix.npy

real	2m1.024s
user	0m0.069s
sys	0m0.103s
12
52
Generating /cluster/projects/nn8008k/lluisa/NextSIM/seas/Fmap_10days/2007_AMJ_ic0.5_dt0.0025_DT0.0100/3_W_matrix.npy

real	2m2.483s
user	0m0.077s
sys	0m0.095s
16
56
Generating /cluster/projects/nn8008k/lluisa/NextSIM/seas/Fmap_10days/2007_AMJ_ic0.5_dt0.0025_DT0.0100/4_W_matrix.npy

real	2m2.388s
user	0m0.073s
sys	0m0.096s
20
60
Generating /cluster/projects/nn8008k/lluisa/NextSIM/seas/Fmap_10days/2007_AMJ_ic0.5_dt0.0025_DT0.0100/5_W_matrix.npy
srun: Job step aborted: Waiting up to 32 seconds for job step to finish.
slurmstepd: error: *** STEP 6228845.5 ON c66-5 CANCELLED AT 2025-05-03T00:58:06 ***
slurmstepd: error: *** JOB 6228845 ON c66-5 CANCELLED AT 2025-05-03T00:58:06 ***

Job 6228845 consumed 101.5 billing hours from project nn8008k.

Submitted 2025-05-03T00:46:03; waited 9.0 seconds in the queue after becoming eligible to run.

Requested wallclock time: 3.0 days
Elapsed wallclock time:   11.9 minutes

Job was cancelled.

Task and CPU statistics:
ID              CPUs  Tasks  CPU util                Start  Elapsed  Exit status
6228845          512            0.0 %  2025-05-03T00:46:12  714.0 s  0
6228845.batch     32      1     0.0 %  2025-05-03T00:46:12  715.0 s  Signal 15
6228845.python   512    512    38.0 %  2025-05-03T00:46:14  134.0 s  0
6228845.python   512    512    41.1 %  2025-05-03T00:48:28  119.0 s  0
6228845.python   512    512    39.6 %  2025-05-03T00:50:27  121.0 s  0
6228845.python   512    512    39.5 %  2025-05-03T00:52:28  122.0 s  0
6228845.python   512    512    39.3 %  2025-05-03T00:54:30  123.0 s  0
6228845.python   512    512    44.9 %  2025-05-03T00:56:33  100.0 s  Signal 15

Used CPU time:   1.7 CPU days
Unused CPU time: 2.5 CPU days

Memory statistics, in GiB:
ID               Alloc   Usage
6228845          944.0        
6228845.batch     59.0     0.0
6228845.python   944.0   296.9
6228845.python   944.0   293.8
6228845.python   944.0   293.2
6228845.python   944.0   294.3
6228845.python   944.0   294.3
6228845.python   944.0   293.5

Job 6228845 completed at Sat May 3 00:58:14 CEST 2025
Starting job 6229057 on c32-[5-12],c33-[2-3],c34-[1-2,4-5,7,10] on fram at Sun May 4 10:09:24 CEST 2025


Currently Loaded Modules:
  1) StdEnv (S)

  Where:
   S:  Module is Sticky, requires --force to unload or purge

 


The following have been reloaded with a version change:
  1) GCCcore/13.3.0 => GCCcore/13.2.0
  2) OpenSSL/3 => OpenSSL/1.1
  3) Python/3.12.3-GCCcore-13.3.0 => Python/3.11.5-GCCcore-13.2.0
  4) SQLite/3.45.3-GCCcore-13.3.0 => SQLite/3.43.1-GCCcore-13.2.0
  5) Tcl/8.6.14-GCCcore-13.3.0 => Tcl/8.6.13-GCCcore-13.2.0
  6) XZ/5.4.5-GCCcore-13.3.0 => XZ/5.4.4-GCCcore-13.2.0
  7) binutils/2.42-GCCcore-13.3.0 => binutils/2.40-GCCcore-13.2.0
  8) bzip2/1.0.8-GCCcore-13.3.0 => bzip2/1.0.8-GCCcore-13.2.0
  9) libffi/3.4.5-GCCcore-13.3.0 => libffi/3.4.4-GCCcore-13.2.0
 10) libreadline/8.2-GCCcore-13.3.0 => libreadline/8.2-GCCcore-13.2.0
 11) ncurses/6.5-GCCcore-13.3.0 => ncurses/6.4-GCCcore-13.2.0
 12) zlib/1.3.1-GCCcore-13.3.0 => zlib/1.2.13-GCCcore-13.2.0

0
40
File /cluster/projects/nn8008k/lluisa/NextSIM/seas/Fmap_10days/2007_AMJ_ic0.5_dt0.0025_DT0.0100/0_W_matrix.npy allready exist. Skipping...
4
44
File /cluster/projects/nn8008k/lluisa/NextSIM/seas/Fmap_10days/2007_AMJ_ic0.5_dt0.0025_DT0.0100/1_W_matrix.npy allready exist. Skipping...
8
48
File /cluster/projects/nn8008k/lluisa/NextSIM/seas/Fmap_10days/2007_AMJ_ic0.5_dt0.0025_DT0.0100/2_W_matrix.npy allready exist. Skipping...
12
52
File /cluster/projects/nn8008k/lluisa/NextSIM/seas/Fmap_10days/2007_AMJ_ic0.5_dt0.0025_DT0.0100/3_W_matrix.npy allready exist. Skipping...
16
56
File /cluster/projects/nn8008k/lluisa/NextSIM/seas/Fmap_10days/2007_AMJ_ic0.5_dt0.0025_DT0.0100/4_W_matrix.npy allready exist. Skipping...
20
60
Generating /cluster/projects/nn8008k/lluisa/NextSIM/seas/Fmap_10days/2007_AMJ_ic0.5_dt0.0025_DT0.0100/5_W_matrix.npy

real	2m8.568s
user	0m0.079s
sys	0m0.090s
24
64
Generating /cluster/projects/nn8008k/lluisa/NextSIM/seas/Fmap_10days/2007_AMJ_ic0.5_dt0.0025_DT0.0100/6_W_matrix.npy

real	0m42.403s
user	0m0.075s
sys	0m0.080s
28
68
Generating /cluster/projects/nn8008k/lluisa/NextSIM/seas/Fmap_10days/2007_AMJ_ic0.5_dt0.0025_DT0.0100/7_W_matrix.npy

real	0m43.110s
user	0m0.069s
sys	0m0.081s
32
72
Generating /cluster/projects/nn8008k/lluisa/NextSIM/seas/Fmap_10days/2007_AMJ_ic0.5_dt0.0025_DT0.0100/8_W_matrix.npy

real	0m41.848s
user	0m0.058s
sys	0m0.090s
36
76
Generating /cluster/projects/nn8008k/lluisa/NextSIM/seas/Fmap_10days/2007_AMJ_ic0.5_dt0.0025_DT0.0100/9_W_matrix.npy

real	0m41.676s
user	0m0.080s
sys	0m0.067s
40
80
Generating /cluster/projects/nn8008k/lluisa/NextSIM/seas/Fmap_10days/2007_AMJ_ic0.5_dt0.0025_DT0.0100/10_W_matrix.npy

real	0m43.097s
user	0m0.067s
sys	0m0.087s
44
84
Generating /cluster/projects/nn8008k/lluisa/NextSIM/seas/Fmap_10days/2007_AMJ_ic0.5_dt0.0025_DT0.0100/11_W_matrix.npy

real	0m43.435s
user	0m0.064s
sys	0m0.092s
48
88
Generating /cluster/projects/nn8008k/lluisa/NextSIM/seas/Fmap_10days/2007_AMJ_ic0.5_dt0.0025_DT0.0100/12_W_matrix.npy

real	0m42.056s
user	0m0.073s
sys	0m0.082s
52
92
Generating /cluster/projects/nn8008k/lluisa/NextSIM/seas/Fmap_10days/2007_AMJ_ic0.5_dt0.0025_DT0.0100/13_W_matrix.npy

real	0m43.261s
user	0m0.079s
sys	0m0.077s
56
96
Generating /cluster/projects/nn8008k/lluisa/NextSIM/seas/Fmap_10days/2007_AMJ_ic0.5_dt0.0025_DT0.0100/14_W_matrix.npy

real	0m41.590s
user	0m0.066s
sys	0m0.092s
60
100
Generating /cluster/projects/nn8008k/lluisa/NextSIM/seas/Fmap_10days/2007_AMJ_ic0.5_dt0.0025_DT0.0100/15_W_matrix.npy

real	0m41.133s
user	0m0.081s
sys	0m0.073s
64
104
Generating /cluster/projects/nn8008k/lluisa/NextSIM/seas/Fmap_10days/2007_AMJ_ic0.5_dt0.0025_DT0.0100/16_W_matrix.npy

real	0m41.356s
user	0m0.071s
sys	0m0.082s
68
108
Generating /cluster/projects/nn8008k/lluisa/NextSIM/seas/Fmap_10days/2007_AMJ_ic0.5_dt0.0025_DT0.0100/17_W_matrix.npy

real	0m46.269s
user	0m0.077s
sys	0m0.082s
72
112
Generating /cluster/projects/nn8008k/lluisa/NextSIM/seas/Fmap_10days/2007_AMJ_ic0.5_dt0.0025_DT0.0100/18_W_matrix.npy

real	0m42.183s
user	0m0.068s
sys	0m0.079s
76
116
Generating /cluster/projects/nn8008k/lluisa/NextSIM/seas/Fmap_10days/2007_AMJ_ic0.5_dt0.0025_DT0.0100/19_W_matrix.npy

real	0m43.283s
user	0m0.062s
sys	0m0.091s
80
120
Generating /cluster/projects/nn8008k/lluisa/NextSIM/seas/Fmap_10days/2007_AMJ_ic0.5_dt0.0025_DT0.0100/20_W_matrix.npy

real	0m42.923s
user	0m0.073s
sys	0m0.078s
84
124
Generating /cluster/projects/nn8008k/lluisa/NextSIM/seas/Fmap_10days/2007_AMJ_ic0.5_dt0.0025_DT0.0100/21_W_matrix.npy

real	0m42.886s
user	0m0.072s
sys	0m0.087s
88
128
Generating /cluster/projects/nn8008k/lluisa/NextSIM/seas/Fmap_10days/2007_AMJ_ic0.5_dt0.0025_DT0.0100/22_W_matrix.npy

real	0m45.619s
user	0m0.067s
sys	0m0.087s
92
132
Generating /cluster/projects/nn8008k/lluisa/NextSIM/seas/Fmap_10days/2007_AMJ_ic0.5_dt0.0025_DT0.0100/23_W_matrix.npy

real	0m42.642s
user	0m0.062s
sys	0m0.088s
96
136
Generating /cluster/projects/nn8008k/lluisa/NextSIM/seas/Fmap_10days/2007_AMJ_ic0.5_dt0.0025_DT0.0100/24_W_matrix.npy

real	0m40.272s
user	0m0.064s
sys	0m0.088s
100
140
Generating /cluster/projects/nn8008k/lluisa/NextSIM/seas/Fmap_10days/2007_AMJ_ic0.5_dt0.0025_DT0.0100/25_W_matrix.npy

real	0m40.589s
user	0m0.054s
sys	0m0.098s
104
144
Generating /cluster/projects/nn8008k/lluisa/NextSIM/seas/Fmap_10days/2007_AMJ_ic0.5_dt0.0025_DT0.0100/26_W_matrix.npy

real	0m41.940s
user	0m0.070s
sys	0m0.086s
108
148
Generating /cluster/projects/nn8008k/lluisa/NextSIM/seas/Fmap_10days/2007_AMJ_ic0.5_dt0.0025_DT0.0100/27_W_matrix.npy

real	0m42.347s
user	0m0.072s
sys	0m0.080s
112
152
Generating /cluster/projects/nn8008k/lluisa/NextSIM/seas/Fmap_10days/2007_AMJ_ic0.5_dt0.0025_DT0.0100/28_W_matrix.npy

real	0m40.846s
user	0m0.073s
sys	0m0.084s
116
156
Generating /cluster/projects/nn8008k/lluisa/NextSIM/seas/Fmap_10days/2007_AMJ_ic0.5_dt0.0025_DT0.0100/29_W_matrix.npy

real	0m46.197s
user	0m0.071s
sys	0m0.084s
120
160
Generating /cluster/projects/nn8008k/lluisa/NextSIM/seas/Fmap_10days/2007_AMJ_ic0.5_dt0.0025_DT0.0100/30_W_matrix.npy

real	0m41.121s
user	0m0.057s
sys	0m0.091s
124
164
Generating /cluster/projects/nn8008k/lluisa/NextSIM/seas/Fmap_10days/2007_AMJ_ic0.5_dt0.0025_DT0.0100/31_W_matrix.npy

real	0m41.843s
user	0m0.065s
sys	0m0.091s
128
168
Generating /cluster/projects/nn8008k/lluisa/NextSIM/seas/Fmap_10days/2007_AMJ_ic0.5_dt0.0025_DT0.0100/32_W_matrix.npy

real	0m42.250s
user	0m0.071s
sys	0m0.088s
132
172
Generating /cluster/projects/nn8008k/lluisa/NextSIM/seas/Fmap_10days/2007_AMJ_ic0.5_dt0.0025_DT0.0100/33_W_matrix.npy

real	0m43.646s
user	0m0.080s
sys	0m0.072s
136
176
Generating /cluster/projects/nn8008k/lluisa/NextSIM/seas/Fmap_10days/2007_AMJ_ic0.5_dt0.0025_DT0.0100/34_W_matrix.npy

real	0m41.552s
user	0m0.055s
sys	0m0.099s
140
180
Generating /cluster/projects/nn8008k/lluisa/NextSIM/seas/Fmap_10days/2007_AMJ_ic0.5_dt0.0025_DT0.0100/35_W_matrix.npy

real	0m40.512s
user	0m0.067s
sys	0m0.084s
144
184
Generating /cluster/projects/nn8008k/lluisa/NextSIM/seas/Fmap_10days/2007_AMJ_ic0.5_dt0.0025_DT0.0100/36_W_matrix.npy

real	0m45.215s
user	0m0.072s
sys	0m0.077s
148
188
Generating /cluster/projects/nn8008k/lluisa/NextSIM/seas/Fmap_10days/2007_AMJ_ic0.5_dt0.0025_DT0.0100/37_W_matrix.npy

real	0m45.940s
user	0m0.070s
sys	0m0.089s
152
192
Generating /cluster/projects/nn8008k/lluisa/NextSIM/seas/Fmap_10days/2007_AMJ_ic0.5_dt0.0025_DT0.0100/38_W_matrix.npy

real	0m45.369s
user	0m0.073s
sys	0m0.078s
156
196
Generating /cluster/projects/nn8008k/lluisa/NextSIM/seas/Fmap_10days/2007_AMJ_ic0.5_dt0.0025_DT0.0100/39_W_matrix.npy

real	0m45.366s
user	0m0.071s
sys	0m0.082s
160
200
Generating /cluster/projects/nn8008k/lluisa/NextSIM/seas/Fmap_10days/2007_AMJ_ic0.5_dt0.0025_DT0.0100/40_W_matrix.npy

real	0m42.020s
user	0m0.061s
sys	0m0.092s
164
204
Generating /cluster/projects/nn8008k/lluisa/NextSIM/seas/Fmap_10days/2007_AMJ_ic0.5_dt0.0025_DT0.0100/41_W_matrix.npy

real	0m42.470s
user	0m0.064s
sys	0m0.089s
168
208
Generating /cluster/projects/nn8008k/lluisa/NextSIM/seas/Fmap_10days/2007_AMJ_ic0.5_dt0.0025_DT0.0100/42_W_matrix.npy

real	0m42.492s
user	0m0.067s
sys	0m0.090s
172
212
Generating /cluster/projects/nn8008k/lluisa/NextSIM/seas/Fmap_10days/2007_AMJ_ic0.5_dt0.0025_DT0.0100/43_W_matrix.npy

real	0m43.758s
user	0m0.058s
sys	0m0.087s
176
216
Generating /cluster/projects/nn8008k/lluisa/NextSIM/seas/Fmap_10days/2007_AMJ_ic0.5_dt0.0025_DT0.0100/44_W_matrix.npy

real	0m41.464s
user	0m0.080s
sys	0m0.073s
180
220
Generating /cluster/projects/nn8008k/lluisa/NextSIM/seas/Fmap_10days/2007_AMJ_ic0.5_dt0.0025_DT0.0100/45_W_matrix.npy

real	0m45.648s
user	0m0.077s
sys	0m0.074s
184
224
Generating /cluster/projects/nn8008k/lluisa/NextSIM/seas/Fmap_10days/2007_AMJ_ic0.5_dt0.0025_DT0.0100/46_W_matrix.npy

real	0m40.779s
user	0m0.072s
sys	0m0.083s
188
228
Generating /cluster/projects/nn8008k/lluisa/NextSIM/seas/Fmap_10days/2007_AMJ_ic0.5_dt0.0025_DT0.0100/47_W_matrix.npy

real	0m45.879s
user	0m0.059s
sys	0m0.092s
192
232
Generating /cluster/projects/nn8008k/lluisa/NextSIM/seas/Fmap_10days/2007_AMJ_ic0.5_dt0.0025_DT0.0100/48_W_matrix.npy

real	0m41.545s
user	0m0.082s
sys	0m0.073s
196
236
Generating /cluster/projects/nn8008k/lluisa/NextSIM/seas/Fmap_10days/2007_AMJ_ic0.5_dt0.0025_DT0.0100/49_W_matrix.npy

real	0m42.621s
user	0m0.057s
sys	0m0.090s
200
240
Generating /cluster/projects/nn8008k/lluisa/NextSIM/seas/Fmap_10days/2007_AMJ_ic0.5_dt0.0025_DT0.0100/50_W_matrix.npy

real	0m40.212s
user	0m0.064s
sys	0m0.089s
204
244
Generating /cluster/projects/nn8008k/lluisa/NextSIM/seas/Fmap_10days/2007_AMJ_ic0.5_dt0.0025_DT0.0100/51_W_matrix.npy

real	0m41.921s
user	0m0.079s
sys	0m0.069s
208
248
Generating /cluster/projects/nn8008k/lluisa/NextSIM/seas/Fmap_10days/2007_AMJ_ic0.5_dt0.0025_DT0.0100/52_W_matrix.npy

real	0m42.467s
user	0m0.076s
sys	0m0.078s
212
252
Generating /cluster/projects/nn8008k/lluisa/NextSIM/seas/Fmap_10days/2007_AMJ_ic0.5_dt0.0025_DT0.0100/53_W_matrix.npy

real	0m43.947s
user	0m0.061s
sys	0m0.089s
216
256
Generating /cluster/projects/nn8008k/lluisa/NextSIM/seas/Fmap_10days/2007_AMJ_ic0.5_dt0.0025_DT0.0100/54_W_matrix.npy

real	0m40.814s
user	0m0.069s
sys	0m0.081s
220
260
Generating /cluster/projects/nn8008k/lluisa/NextSIM/seas/Fmap_10days/2007_AMJ_ic0.5_dt0.0025_DT0.0100/55_W_matrix.npy

real	0m41.696s
user	0m0.081s
sys	0m0.068s
224
264
Generating /cluster/projects/nn8008k/lluisa/NextSIM/seas/Fmap_10days/2007_AMJ_ic0.5_dt0.0025_DT0.0100/56_W_matrix.npy

real	0m41.357s
user	0m0.066s
sys	0m0.089s
228
268
Generating /cluster/projects/nn8008k/lluisa/NextSIM/seas/Fmap_10days/2007_AMJ_ic0.5_dt0.0025_DT0.0100/57_W_matrix.npy

real	0m42.132s
user	0m0.067s
sys	0m0.082s
232
272
Generating /cluster/projects/nn8008k/lluisa/NextSIM/seas/Fmap_10days/2007_AMJ_ic0.5_dt0.0025_DT0.0100/58_W_matrix.npy

real	0m40.107s
user	0m0.065s
sys	0m0.085s
236
276
Generating /cluster/projects/nn8008k/lluisa/NextSIM/seas/Fmap_10days/2007_AMJ_ic0.5_dt0.0025_DT0.0100/59_W_matrix.npy

real	0m41.705s
user	0m0.064s
sys	0m0.084s
240
280
Generating /cluster/projects/nn8008k/lluisa/NextSIM/seas/Fmap_10days/2007_AMJ_ic0.5_dt0.0025_DT0.0100/60_W_matrix.npy

real	0m42.581s
user	0m0.077s
sys	0m0.074s
244
284
Generating /cluster/projects/nn8008k/lluisa/NextSIM/seas/Fmap_10days/2007_AMJ_ic0.5_dt0.0025_DT0.0100/61_W_matrix.npy

real	0m44.806s
user	0m0.068s
sys	0m0.082s
248
288
Generating /cluster/projects/nn8008k/lluisa/NextSIM/seas/Fmap_10days/2007_AMJ_ic0.5_dt0.0025_DT0.0100/62_W_matrix.npy

real	0m42.236s
user	0m0.070s
sys	0m0.082s
252
292
Generating /cluster/projects/nn8008k/lluisa/NextSIM/seas/Fmap_10days/2007_AMJ_ic0.5_dt0.0025_DT0.0100/63_W_matrix.npy

real	0m43.235s
user	0m0.070s
sys	0m0.080s
256
296
Generating /cluster/projects/nn8008k/lluisa/NextSIM/seas/Fmap_10days/2007_AMJ_ic0.5_dt0.0025_DT0.0100/64_W_matrix.npy

real	0m39.624s
user	0m0.070s
sys	0m0.086s
260
300
Generating /cluster/projects/nn8008k/lluisa/NextSIM/seas/Fmap_10days/2007_AMJ_ic0.5_dt0.0025_DT0.0100/65_W_matrix.npy

real	0m40.757s
user	0m0.081s
sys	0m0.071s
264
304
Generating /cluster/projects/nn8008k/lluisa/NextSIM/seas/Fmap_10days/2007_AMJ_ic0.5_dt0.0025_DT0.0100/66_W_matrix.npy

real	0m41.765s
user	0m0.073s
sys	0m0.083s
268
308
Generating /cluster/projects/nn8008k/lluisa/NextSIM/seas/Fmap_10days/2007_AMJ_ic0.5_dt0.0025_DT0.0100/67_W_matrix.npy

real	0m42.848s
user	0m0.067s
sys	0m0.081s
272
312
Generating /cluster/projects/nn8008k/lluisa/NextSIM/seas/Fmap_10days/2007_AMJ_ic0.5_dt0.0025_DT0.0100/68_W_matrix.npy

real	0m38.652s
user	0m0.062s
sys	0m0.089s
276
316
Generating /cluster/projects/nn8008k/lluisa/NextSIM/seas/Fmap_10days/2007_AMJ_ic0.5_dt0.0025_DT0.0100/69_W_matrix.npy

real	0m37.904s
user	0m0.069s
sys	0m0.083s
280
320
Generating /cluster/projects/nn8008k/lluisa/NextSIM/seas/Fmap_10days/2007_AMJ_ic0.5_dt0.0025_DT0.0100/70_W_matrix.npy

real	0m42.555s
user	0m0.063s
sys	0m0.086s
284
324
Generating /cluster/projects/nn8008k/lluisa/NextSIM/seas/Fmap_10days/2007_AMJ_ic0.5_dt0.0025_DT0.0100/71_W_matrix.npy

real	0m39.305s
user	0m0.069s
sys	0m0.087s
288
328
Generating /cluster/projects/nn8008k/lluisa/NextSIM/seas/Fmap_10days/2007_AMJ_ic0.5_dt0.0025_DT0.0100/72_W_matrix.npy

real	0m39.067s
user	0m0.071s
sys	0m0.085s
292
332
Generating /cluster/projects/nn8008k/lluisa/NextSIM/seas/Fmap_10days/2007_AMJ_ic0.5_dt0.0025_DT0.0100/73_W_matrix.npy

real	0m38.569s
user	0m0.066s
sys	0m0.085s
296
336
Generating /cluster/projects/nn8008k/lluisa/NextSIM/seas/Fmap_10days/2007_AMJ_ic0.5_dt0.0025_DT0.0100/74_W_matrix.npy

real	0m36.696s
user	0m0.064s
sys	0m0.089s
300
340
Generating /cluster/projects/nn8008k/lluisa/NextSIM/seas/Fmap_10days/2007_AMJ_ic0.5_dt0.0025_DT0.0100/75_W_matrix.npy

real	0m37.612s
user	0m0.059s
sys	0m0.093s
304
344
Generating /cluster/projects/nn8008k/lluisa/NextSIM/seas/Fmap_10days/2007_AMJ_ic0.5_dt0.0025_DT0.0100/76_W_matrix.npy

real	0m36.841s
user	0m0.065s
sys	0m0.085s
308
348
Generating /cluster/projects/nn8008k/lluisa/NextSIM/seas/Fmap_10days/2007_AMJ_ic0.5_dt0.0025_DT0.0100/77_W_matrix.npy

real	0m34.635s
user	0m0.063s
sys	0m0.085s
312
352
Generating /cluster/projects/nn8008k/lluisa/NextSIM/seas/Fmap_10days/2007_AMJ_ic0.5_dt0.0025_DT0.0100/78_W_matrix.npy

real	0m35.280s
user	0m0.067s
sys	0m0.084s
316
356
Generating /cluster/projects/nn8008k/lluisa/NextSIM/seas/Fmap_10days/2007_AMJ_ic0.5_dt0.0025_DT0.0100/79_W_matrix.npy

real	0m34.834s
user	0m0.074s
sys	0m0.084s
320
360
Generating /cluster/projects/nn8008k/lluisa/NextSIM/seas/Fmap_10days/2007_AMJ_ic0.5_dt0.0025_DT0.0100/80_W_matrix.npy

real	0m35.566s
user	0m0.073s
sys	0m0.079s
0
40
Generating /cluster/projects/nn8008k/lluisa/NextSIM/seas/Fmap_10days/2007_JAS_ic0.5_dt0.0025_DT0.0100/0_W_matrix.npy

real	0m29.093s
user	0m0.070s
sys	0m0.084s
4
44
Generating /cluster/projects/nn8008k/lluisa/NextSIM/seas/Fmap_10days/2007_JAS_ic0.5_dt0.0025_DT0.0100/1_W_matrix.npy

real	0m29.046s
user	0m0.064s
sys	0m0.088s
8
48
Generating /cluster/projects/nn8008k/lluisa/NextSIM/seas/Fmap_10days/2007_JAS_ic0.5_dt0.0025_DT0.0100/2_W_matrix.npy

real	0m28.930s
user	0m0.080s
sys	0m0.072s
12
52
Generating /cluster/projects/nn8008k/lluisa/NextSIM/seas/Fmap_10days/2007_JAS_ic0.5_dt0.0025_DT0.0100/3_W_matrix.npy

real	0m29.803s
user	0m0.064s
sys	0m0.091s
16
56
Generating /cluster/projects/nn8008k/lluisa/NextSIM/seas/Fmap_10days/2007_JAS_ic0.5_dt0.0025_DT0.0100/4_W_matrix.npy

real	0m29.549s
user	0m0.059s
sys	0m0.095s
20
60
Generating /cluster/projects/nn8008k/lluisa/NextSIM/seas/Fmap_10days/2007_JAS_ic0.5_dt0.0025_DT0.0100/5_W_matrix.npy

real	0m26.453s
user	0m0.065s
sys	0m0.085s
24
64
Generating /cluster/projects/nn8008k/lluisa/NextSIM/seas/Fmap_10days/2007_JAS_ic0.5_dt0.0025_DT0.0100/6_W_matrix.npy

real	0m26.242s
user	0m0.085s
sys	0m0.065s
28
68
Generating /cluster/projects/nn8008k/lluisa/NextSIM/seas/Fmap_10days/2007_JAS_ic0.5_dt0.0025_DT0.0100/7_W_matrix.npy

real	0m26.480s
user	0m0.066s
sys	0m0.088s
32
72
Generating /cluster/projects/nn8008k/lluisa/NextSIM/seas/Fmap_10days/2007_JAS_ic0.5_dt0.0025_DT0.0100/8_W_matrix.npy

real	0m26.154s
user	0m0.062s
sys	0m0.088s
36
76
Generating /cluster/projects/nn8008k/lluisa/NextSIM/seas/Fmap_10days/2007_JAS_ic0.5_dt0.0025_DT0.0100/9_W_matrix.npy

real	0m26.292s
user	0m0.074s
sys	0m0.082s
40
80
Generating /cluster/projects/nn8008k/lluisa/NextSIM/seas/Fmap_10days/2007_JAS_ic0.5_dt0.0025_DT0.0100/10_W_matrix.npy

real	0m25.420s
user	0m0.068s
sys	0m0.081s
44
84
Generating /cluster/projects/nn8008k/lluisa/NextSIM/seas/Fmap_10days/2007_JAS_ic0.5_dt0.0025_DT0.0100/11_W_matrix.npy

real	0m26.523s
user	0m0.069s
sys	0m0.089s
48
88
Generating /cluster/projects/nn8008k/lluisa/NextSIM/seas/Fmap_10days/2007_JAS_ic0.5_dt0.0025_DT0.0100/12_W_matrix.npy

real	0m24.671s
user	0m0.066s
sys	0m0.082s
52
92
Generating /cluster/projects/nn8008k/lluisa/NextSIM/seas/Fmap_10days/2007_JAS_ic0.5_dt0.0025_DT0.0100/13_W_matrix.npy

real	0m23.764s
user	0m0.069s
sys	0m0.076s
56
96
Generating /cluster/projects/nn8008k/lluisa/NextSIM/seas/Fmap_10days/2007_JAS_ic0.5_dt0.0025_DT0.0100/14_W_matrix.npy

real	0m22.187s
user	0m0.059s
sys	0m0.093s
60
100
Generating /cluster/projects/nn8008k/lluisa/NextSIM/seas/Fmap_10days/2007_JAS_ic0.5_dt0.0025_DT0.0100/15_W_matrix.npy

real	0m21.862s
user	0m0.077s
sys	0m0.072s
64
104
Generating /cluster/projects/nn8008k/lluisa/NextSIM/seas/Fmap_10days/2007_JAS_ic0.5_dt0.0025_DT0.0100/16_W_matrix.npy

real	0m21.580s
user	0m0.075s
sys	0m0.081s
68
108
Generating /cluster/projects/nn8008k/lluisa/NextSIM/seas/Fmap_10days/2007_JAS_ic0.5_dt0.0025_DT0.0100/17_W_matrix.npy

real	0m23.216s
user	0m0.069s
sys	0m0.083s
72
112
Generating /cluster/projects/nn8008k/lluisa/NextSIM/seas/Fmap_10days/2007_JAS_ic0.5_dt0.0025_DT0.0100/18_W_matrix.npy

real	0m21.584s
user	0m0.057s
sys	0m0.095s
76
116
Generating /cluster/projects/nn8008k/lluisa/NextSIM/seas/Fmap_10days/2007_JAS_ic0.5_dt0.0025_DT0.0100/19_W_matrix.npy

real	0m21.388s
user	0m0.072s
sys	0m0.087s
80
120
Generating /cluster/projects/nn8008k/lluisa/NextSIM/seas/Fmap_10days/2007_JAS_ic0.5_dt0.0025_DT0.0100/20_W_matrix.npy

real	0m22.359s
user	0m0.075s
sys	0m0.077s
84
124
Generating /cluster/projects/nn8008k/lluisa/NextSIM/seas/Fmap_10days/2007_JAS_ic0.5_dt0.0025_DT0.0100/21_W_matrix.npy

real	0m20.154s
user	0m0.063s
sys	0m0.088s
88
128
Generating /cluster/projects/nn8008k/lluisa/NextSIM/seas/Fmap_10days/2007_JAS_ic0.5_dt0.0025_DT0.0100/22_W_matrix.npy

real	0m21.153s
user	0m0.069s
sys	0m0.086s
92
132
Generating /cluster/projects/nn8008k/lluisa/NextSIM/seas/Fmap_10days/2007_JAS_ic0.5_dt0.0025_DT0.0100/23_W_matrix.npy

real	0m18.811s
user	0m0.085s
sys	0m0.062s
96
136
Generating /cluster/projects/nn8008k/lluisa/NextSIM/seas/Fmap_10days/2007_JAS_ic0.5_dt0.0025_DT0.0100/24_W_matrix.npy

real	0m17.893s
user	0m0.063s
sys	0m0.082s
100
140
Generating /cluster/projects/nn8008k/lluisa/NextSIM/seas/Fmap_10days/2007_JAS_ic0.5_dt0.0025_DT0.0100/25_W_matrix.npy
Traceback (most recent call last):
  File "/cluster/work/users/llpui9007/ndaily_runs/similarity/W_MPI.py", line 107, in <module>
    np.save(results_directory+'/'+str(int(tmin/time_steps_per_day))+'_W_matrix.npy', W_vec)
  File "/cluster/home/llpui9007/.local/lib/python3.11/site-packages/numpy/lib/_npyio_impl.py", line 574, in save
    format.write_array(fid, arr, allow_pickle=allow_pickle,
  File "/cluster/home/llpui9007/.local/lib/python3.11/site-packages/numpy/lib/format.py", line 755, in write_array
    array.tofile(fp)
OSError: 2532375 requested and 14832 written
srun: error: c32-5: task 0: Exited with exit code 1
srun: Terminating StepId=6229057.101

real	0m18.622s
user	0m0.070s
sys	0m0.081s

Job 6229057 consumed 553.7 billing hours from project nn8008k.

Submitted 2025-05-04T10:09:19; waited 1.0 seconds in the queue after becoming eligible to run.

Requested wallclock time: 16.0 hours
Elapsed wallclock time:   1.1 hours

Job failed.

Task and CPU statistics:
ID              CPUs  Tasks  CPU util                Start  Elapsed  Exit status
6229057          512            0.0 %  2025-05-04T10:09:20    1.1 h  1
6229057.batch     32      1     0.0 %  2025-05-04T10:09:20    1.1 h  1
6229057.python   512    512    30.6 %  2025-05-04T10:09:29    0.0 h  0
6229057.python   512    512    87.1 %  2025-05-04T10:11:37    0.0 h  0
6229057.python   512    512    86.6 %  2025-05-04T10:12:20    0.0 h  0
6229057.python   512    512    88.5 %  2025-05-04T10:13:03    0.0 h  0
6229057.python   512    512    90.8 %  2025-05-04T10:13:45    0.0 h  0
6229057.python   512    512    86.6 %  2025-05-04T10:14:26    0.0 h  0
6229057.python   512    512    84.7 %  2025-05-04T10:15:09    0.0 h  0
6229057.python   512    512    88.6 %  2025-05-04T10:15:53    0.0 h  0
6229057.python   512    512    86.4 %  2025-05-04T10:16:35    0.0 h  0
6229057.python   512    512    88.0 %  2025-05-04T10:17:18    0.0 h  0
6229057.python   512    512    89.9 %  2025-05-04T10:18:00    0.0 h  0
6229057.python   512    512    89.8 %  2025-05-04T10:18:41    0.0 h  0
6229057.python   512    512    79.0 %  2025-05-04T10:19:22    0.0 h  0
6229057.python   512    512    88.3 %  2025-05-04T10:20:09    0.0 h  0
6229057.python   512    512    86.2 %  2025-05-04T10:20:51    0.0 h  0
6229057.python   512    512    86.1 %  2025-05-04T10:21:34    0.0 h  0
6229057.python   512    512    85.3 %  2025-05-04T10:22:17    0.0 h  0
6229057.python   512    512    81.9 %  2025-05-04T10:23:00    0.0 h  0
6229057.python   512    512    85.5 %  2025-05-04T10:23:45    0.0 h  0
6229057.python   512    512    91.9 %  2025-05-04T10:24:28    0.0 h  0
6229057.python   512    512    88.8 %  2025-05-04T10:25:08    0.0 h  0
6229057.python   512    512    86.9 %  2025-05-04T10:25:49    0.0 h  0
6229057.python   512    512    86.9 %  2025-05-04T10:26:31    0.0 h  0
6229057.python   512    512    89.2 %  2025-05-04T10:27:13    0.0 h  0
6229057.python   512    512    80.6 %  2025-05-04T10:27:54    0.0 h  0
6229057.python   512    512    90.2 %  2025-05-04T10:28:40    0.0 h  0
6229057.python   512    512    88.4 %  2025-05-04T10:29:21    0.0 h  0
6229057.python   512    512    86.5 %  2025-05-04T10:30:03    0.0 h  0
6229057.python   512    512    86.1 %  2025-05-04T10:30:46    0.0 h  0
6229057.python   512    512    87.5 %  2025-05-04T10:31:29    0.0 h  0
6229057.python   512    512    91.4 %  2025-05-04T10:32:11    0.0 h  0
6229057.python   512    512    81.4 %  2025-05-04T10:32:51    0.0 h  0
6229057.python   512    512    79.8 %  2025-05-04T10:33:36    0.0 h  0
6229057.python   512    512    79.6 %  2025-05-04T10:34:22    0.0 h  0
6229057.python   512    512    81.0 %  2025-05-04T10:35:08    0.0 h  0
6229057.python   512    512    87.0 %  2025-05-04T10:35:53    0.0 h  0
6229057.python   512    512    84.9 %  2025-05-04T10:36:35    0.0 h  0
6229057.python   512    512    86.7 %  2025-05-04T10:37:18    0.0 h  0
6229057.python   512    512    82.6 %  2025-05-04T10:38:00    0.0 h  0
6229057.python   512    512    88.9 %  2025-05-04T10:38:44    0.0 h  0
6229057.python   512    512    79.4 %  2025-05-04T10:39:25    0.0 h  0
6229057.python   512    512    88.2 %  2025-05-04T10:40:11    0.0 h  0
6229057.python   512    512    79.0 %  2025-05-04T10:40:52    0.0 h  0
6229057.python   512    512    88.3 %  2025-05-04T10:41:38    0.0 h  0
6229057.python   512    512    84.3 %  2025-05-04T10:42:19    0.0 h  0
6229057.python   512    512    90.2 %  2025-05-04T10:43:02    0.0 h  0
6229057.python   512    512    85.8 %  2025-05-04T10:43:42    0.0 h  0
6229057.python   512    512    86.2 %  2025-05-04T10:44:24    0.0 h  0
6229057.python   512    512    82.1 %  2025-05-04T10:45:06    0.0 h  0
6229057.python   512    512    88.0 %  2025-05-04T10:45:50    0.0 h  0
6229057.python   512    512    85.7 %  2025-05-04T10:46:31    0.0 h  0
6229057.python   512    512    87.2 %  2025-05-04T10:47:13    0.0 h  0
6229057.python   512    512    84.7 %  2025-05-04T10:47:54    0.0 h  0
6229057.python   512    512    88.8 %  2025-05-04T10:48:36    0.0 h  0
6229057.python   512    512    85.2 %  2025-05-04T10:49:16    0.0 h  0
6229057.python   512    512    83.0 %  2025-05-04T10:49:58    0.0 h  0
6229057.python   512    512    79.4 %  2025-05-04T10:50:41    0.0 h  0
6229057.python   512    512    84.0 %  2025-05-04T10:51:26    0.0 h  0
6229057.python   512    512    81.4 %  2025-05-04T10:52:08    0.0 h  0
6229057.python   512    512    87.3 %  2025-05-04T10:52:51    0.0 h  0
6229057.python   512    512    86.6 %  2025-05-04T10:53:31    0.0 h  0
6229057.python   512    512    82.7 %  2025-05-04T10:54:11    0.0 h  0
6229057.python   512    512    80.3 %  2025-05-04T10:54:53    0.0 h  0
6229057.python   512    512    87.7 %  2025-05-04T10:55:36    0.0 h  0
6229057.python   512    512    89.8 %  2025-05-04T10:56:15    0.0 h  0
6229057.python   512    512    80.9 %  2025-05-04T10:56:53    0.0 h  0
6229057.python   512    512    86.1 %  2025-05-04T10:57:35    0.0 h  0
6229057.python   512    512    83.2 %  2025-05-04T10:58:14    0.0 h  0
6229057.python   512    512    87.0 %  2025-05-04T10:58:54    0.0 h  0
6229057.python   512    512    87.8 %  2025-05-04T10:59:32    0.0 h  0
6229057.python   512    512    86.8 %  2025-05-04T11:00:09    0.0 h  0
6229057.python   512    512    85.4 %  2025-05-04T11:00:46    0.0 h  0
6229057.python   512    512    89.2 %  2025-05-04T11:01:23    0.0 h  0
6229057.python   512    512    87.5 %  2025-05-04T11:01:58    0.0 h  0
6229057.python   512    512    86.3 %  2025-05-04T11:02:33    0.0 h  0
6229057.python   512    512    84.5 %  2025-05-04T11:03:08    0.0 h  0
6229057.python   512    512    89.0 %  2025-05-04T11:03:44    0.0 h  0
6229057.python   512    512    87.3 %  2025-05-04T11:04:13    0.0 h  0
6229057.python   512    512    86.4 %  2025-05-04T11:04:42    0.0 h  0
6229057.python   512    512    84.3 %  2025-05-04T11:05:11    0.0 h  0
6229057.python   512    512    79.9 %  2025-05-04T11:05:40    0.0 h  0
6229057.python   512    512    90.4 %  2025-05-04T11:06:10    0.0 h  0
6229057.python   512    512    84.8 %  2025-05-04T11:06:36    0.0 h  0
6229057.python   512    512    87.5 %  2025-05-04T11:07:03    0.0 h  0
6229057.python   512    512    86.0 %  2025-05-04T11:07:29    0.0 h  0
6229057.python   512    512    81.3 %  2025-05-04T11:07:55    0.0 h  0
6229057.python   512    512    85.6 %  2025-05-04T11:08:22    0.0 h  0
6229057.python   512    512    77.9 %  2025-05-04T11:08:47    0.0 h  0
6229057.python   512    512    85.8 %  2025-05-04T11:09:14    0.0 h  0
6229057.python   512    512    83.0 %  2025-05-04T11:09:38    0.0 h  0
6229057.python   512    512    87.8 %  2025-05-04T11:10:02    0.0 h  0
6229057.python   512    512    86.3 %  2025-05-04T11:10:24    0.0 h  0
6229057.python   512    512    85.1 %  2025-05-04T11:10:46    0.0 h  0
6229057.python   512    512    79.9 %  2025-05-04T11:11:08    0.0 h  0
6229057.python   512    512    85.8 %  2025-05-04T11:11:31    0.0 h  0
6229057.python   512    512    80.5 %  2025-05-04T11:11:52    0.0 h  0
6229057.python   512    512    80.2 %  2025-05-04T11:12:14    0.0 h  0
6229057.python   512    512    85.7 %  2025-05-04T11:12:36    0.0 h  0
6229057.python   512    512    79.0 %  2025-05-04T11:12:56    0.0 h  0
6229057.python   512    512    83.6 %  2025-05-04T11:13:17    0.0 h  0
6229057.python   512    512    85.6 %  2025-05-04T11:13:36    0.0 h  0
6229057.python   512    512    81.0 %  2025-05-04T11:13:54    0.0 h  1

Used CPU time:   19.3 CPU days
Unused CPU time: 3.8 CPU days

Memory statistics, in GiB:
ID               Alloc   Usage
6229057          944.0        
6229057.batch     59.0     0.0
6229057.python   944.0   297.2
6229057.python   944.0   293.8
6229057.python   944.0   293.6
6229057.python   944.0   293.8
6229057.python   944.0   294.0
6229057.python   944.0   293.7
6229057.python   944.0   293.9
6229057.python   944.0   293.8
6229057.python   944.0   293.5
6229057.python   944.0   293.1
6229057.python   944.0   292.7
6229057.python   944.0   292.5
6229057.python   944.0   293.1
6229057.python   944.0   293.3
6229057.python   944.0   293.2
6229057.python   944.0   293.2
6229057.python   944.0   291.8
6229057.python   944.0   292.2
6229057.python   944.0   292.2
6229057.python   944.0   292.3
6229057.python   944.0   291.3
6229057.python   944.0   291.4
6229057.python   944.0   291.4
6229057.python   944.0   291.8
6229057.python   944.0   293.0
6229057.python   944.0   293.3
6229057.python   944.0   293.3
6229057.python   944.0   293.7
6229057.python   944.0   293.2
6229057.python   944.0   292.5
6229057.python   944.0   291.7
6229057.python   944.0   291.6
6229057.python   944.0   291.5
6229057.python   944.0   291.4
6229057.python   944.0   290.8
6229057.python   944.0   291.5
6229057.python   944.0   291.4
6229057.python   944.0   291.0
6229057.python   944.0   290.8
6229057.python   944.0   291.2
6229057.python   944.0   291.3
6229057.python   944.0   290.3
6229057.python   944.0   290.4
6229057.python   944.0   290.5
6229057.python   944.0   290.4
6229057.python   944.0   290.1
6229057.python   944.0   289.9
6229057.python   944.0   290.3
6229057.python   944.0   289.9
6229057.python   944.0   290.0
6229057.python   944.0   289.7
6229057.python   944.0   288.9
6229057.python   944.0   288.2
6229057.python   944.0   288.1
6229057.python   944.0   288.9
6229057.python   944.0   288.4
6229057.python   944.0   288.4
6229057.python   944.0   287.0
6229057.python   944.0   286.1
6229057.python   944.0   286.1
6229057.python   944.0   285.1
6229057.python   944.0   285.4
6229057.python   944.0   284.5
6229057.python   944.0   283.7
6229057.python   944.0   283.5
6229057.python   944.0   282.6
6229057.python   944.0   281.5
6229057.python   944.0   280.5
6229057.python   944.0   279.8
6229057.python   944.0   278.0
6229057.python   944.0   276.4
6229057.python   944.0   274.8
6229057.python   944.0   273.7
6229057.python   944.0   271.3
6229057.python   944.0   269.8
6229057.python   944.0   270.6
6229057.python   944.0    82.7
6229057.python   944.0    82.3
6229057.python   944.0    84.5
6229057.python   944.0    82.5
6229057.python   944.0    83.3
6229057.python   944.0    84.3
6229057.python   944.0    85.2
6229057.python   944.0    83.9
6229057.python   944.0    84.8
6229057.python   944.0    86.5
6229057.python   944.0    83.9
6229057.python   944.0    84.8
6229057.python   944.0    84.5
6229057.python   944.0    84.7
6229057.python   944.0    83.1
6229057.python   944.0    86.3
6229057.python   944.0    86.4
6229057.python   944.0    85.8
6229057.python   944.0    83.8
6229057.python   944.0    85.2
6229057.python   944.0    85.1
6229057.python   944.0    83.7
6229057.python   944.0    84.5
6229057.python   944.0    85.4
6229057.python   944.0    85.7
6229057.python   944.0    85.0

Job 6229057 completed at Sun May 4 11:14:14 CEST 2025
