Starting job 6228839 on c27-[3-12],c28-[3-4,7-8],c29-[5-6] on fram at Sat May 3 00:46:12 CEST 2025


Currently Loaded Modules:
  1) StdEnv (S)

  Where:
   S:  Module is Sticky, requires --force to unload or purge

 


The following have been reloaded with a version change:
  1) GCCcore/13.3.0 => GCCcore/13.2.0
  2) OpenSSL/3 => OpenSSL/1.1
  3) Python/3.12.3-GCCcore-13.3.0 => Python/3.11.5-GCCcore-13.2.0
  4) SQLite/3.45.3-GCCcore-13.3.0 => SQLite/3.43.1-GCCcore-13.2.0
  5) Tcl/8.6.14-GCCcore-13.3.0 => Tcl/8.6.13-GCCcore-13.2.0
  6) XZ/5.4.5-GCCcore-13.3.0 => XZ/5.4.4-GCCcore-13.2.0
  7) binutils/2.42-GCCcore-13.3.0 => binutils/2.40-GCCcore-13.2.0
  8) bzip2/1.0.8-GCCcore-13.3.0 => bzip2/1.0.8-GCCcore-13.2.0
  9) libffi/3.4.5-GCCcore-13.3.0 => libffi/3.4.4-GCCcore-13.2.0
 10) libreadline/8.2-GCCcore-13.3.0 => libreadline/8.2-GCCcore-13.2.0
 11) ncurses/6.5-GCCcore-13.3.0 => ncurses/6.4-GCCcore-13.2.0
 12) zlib/1.3.1-GCCcore-13.3.0 => zlib/1.2.13-GCCcore-13.2.0

0
40
Generating /cluster/projects/nn8008k/lluisa/NextSIM/seas/Fmap_10days/2001_AMJ_ic0.5_dt0.0025_DT0.0100/0_W_matrix.npy

real	1m10.485s
user	0m0.071s
sys	0m0.093s
4
44
Generating /cluster/projects/nn8008k/lluisa/NextSIM/seas/Fmap_10days/2001_AMJ_ic0.5_dt0.0025_DT0.0100/1_W_matrix.npy

real	0m45.585s
user	0m0.069s
sys	0m0.084s
8
48
Generating /cluster/projects/nn8008k/lluisa/NextSIM/seas/Fmap_10days/2001_AMJ_ic0.5_dt0.0025_DT0.0100/2_W_matrix.npy

real	0m45.705s
user	0m0.070s
sys	0m0.080s
12
52
Generating /cluster/projects/nn8008k/lluisa/NextSIM/seas/Fmap_10days/2001_AMJ_ic0.5_dt0.0025_DT0.0100/3_W_matrix.npy

real	0m45.575s
user	0m0.068s
sys	0m0.083s
16
56
Generating /cluster/projects/nn8008k/lluisa/NextSIM/seas/Fmap_10days/2001_AMJ_ic0.5_dt0.0025_DT0.0100/4_W_matrix.npy

real	0m43.734s
user	0m0.067s
sys	0m0.085s
20
60
Generating /cluster/projects/nn8008k/lluisa/NextSIM/seas/Fmap_10days/2001_AMJ_ic0.5_dt0.0025_DT0.0100/5_W_matrix.npy

real	0m44.926s
user	0m0.062s
sys	0m0.089s
24
64
Generating /cluster/projects/nn8008k/lluisa/NextSIM/seas/Fmap_10days/2001_AMJ_ic0.5_dt0.0025_DT0.0100/6_W_matrix.npy

real	0m44.826s
user	0m0.070s
sys	0m0.081s
28
68
Generating /cluster/projects/nn8008k/lluisa/NextSIM/seas/Fmap_10days/2001_AMJ_ic0.5_dt0.0025_DT0.0100/7_W_matrix.npy

real	0m43.938s
user	0m0.072s
sys	0m0.080s
32
72
Generating /cluster/projects/nn8008k/lluisa/NextSIM/seas/Fmap_10days/2001_AMJ_ic0.5_dt0.0025_DT0.0100/8_W_matrix.npy

real	0m45.307s
user	0m0.058s
sys	0m0.098s
36
76
Generating /cluster/projects/nn8008k/lluisa/NextSIM/seas/Fmap_10days/2001_AMJ_ic0.5_dt0.0025_DT0.0100/9_W_matrix.npy

real	0m49.251s
user	0m0.072s
sys	0m0.083s
40
80
Generating /cluster/projects/nn8008k/lluisa/NextSIM/seas/Fmap_10days/2001_AMJ_ic0.5_dt0.0025_DT0.0100/10_W_matrix.npy

real	0m46.809s
user	0m0.079s
sys	0m0.073s
44
84
Generating /cluster/projects/nn8008k/lluisa/NextSIM/seas/Fmap_10days/2001_AMJ_ic0.5_dt0.0025_DT0.0100/11_W_matrix.npy

real	0m48.801s
user	0m0.067s
sys	0m0.084s
48
88
Generating /cluster/projects/nn8008k/lluisa/NextSIM/seas/Fmap_10days/2001_AMJ_ic0.5_dt0.0025_DT0.0100/12_W_matrix.npy

real	0m43.399s
user	0m0.070s
sys	0m0.087s
52
92
Generating /cluster/projects/nn8008k/lluisa/NextSIM/seas/Fmap_10days/2001_AMJ_ic0.5_dt0.0025_DT0.0100/13_W_matrix.npy

real	0m46.669s
user	0m0.072s
sys	0m0.088s
56
96
Generating /cluster/projects/nn8008k/lluisa/NextSIM/seas/Fmap_10days/2001_AMJ_ic0.5_dt0.0025_DT0.0100/14_W_matrix.npy
srun: Job step aborted: Waiting up to 32 seconds for job step to finish.
slurmstepd: error: *** JOB 6228839 ON c27-3 CANCELLED AT 2025-05-03T00:57:52 ***
slurmstepd: error: *** STEP 6228839.14 ON c27-3 CANCELLED AT 2025-05-03T00:57:52 ***

Job 6228839 consumed 99.6 billing hours from project nn8008k.

Submitted 2025-05-03T00:46:03; waited 9.0 seconds in the queue after becoming eligible to run.

Requested wallclock time: 3.0 days
Elapsed wallclock time:   11.7 minutes

Job was cancelled.

Task and CPU statistics:
ID              CPUs  Tasks  CPU util                Start  Elapsed  Exit status
6228839          512            0.0 %  2025-05-03T00:46:12  700.0 s  0
6228839.batch     32      1     0.0 %  2025-05-03T00:46:12  701.0 s  Signal 15
6228839.python   512    512    57.0 %  2025-05-03T00:46:14   71.0 s  0
6228839.python   512    512    87.3 %  2025-05-03T00:47:25   45.0 s  0
6228839.python   512    512    87.0 %  2025-05-03T00:48:11   45.0 s  0
6228839.python   512    512    85.1 %  2025-05-03T00:48:56   46.0 s  0
6228839.python   512    512    89.0 %  2025-05-03T00:49:42   44.0 s  0
6228839.python   512    512    89.2 %  2025-05-03T00:50:26   44.0 s  0
6228839.python   512    512    87.8 %  2025-05-03T00:51:10   45.0 s  0
6228839.python   512    512    89.1 %  2025-05-03T00:51:55   44.0 s  0
6228839.python   512    512    85.3 %  2025-05-03T00:52:39   46.0 s  0
6228839.python   512    512    80.3 %  2025-05-03T00:53:25   49.0 s  0
6228839.python   512    512    83.6 %  2025-05-03T00:54:14   47.0 s  0
6228839.python   512    512    81.9 %  2025-05-03T00:55:01   48.0 s  0
6228839.python   512    512    88.7 %  2025-05-03T00:55:49   44.0 s  0
6228839.python   512    512    85.4 %  2025-05-03T00:56:33   46.0 s  0
6228839.python   512    512    82.3 %  2025-05-03T00:57:19   38.0 s  Signal 15

Used CPU time:   3.4 CPU days
Unused CPU time: 16.8 CPU hours

Memory statistics, in GiB:
ID               Alloc   Usage
6228839          944.0        
6228839.batch     59.0     0.0
6228839.python   944.0   303.9
6228839.python   944.0   299.9
6228839.python   944.0   300.1
6228839.python   944.0   300.0
6228839.python   944.0   300.2
6228839.python   944.0   300.5
6228839.python   944.0   301.3
6228839.python   944.0   300.6
6228839.python   944.0   300.4
6228839.python   944.0   300.5
6228839.python   944.0   300.6
6228839.python   944.0   300.3
6228839.python   944.0   299.9
6228839.python   944.0   300.4
6228839.python   944.0   300.4

Job 6228839 completed at Sat May 3 00:57:59 CEST 2025
Starting job 6229051 on c23-[4-12],c24-[1-7] on fram at Sun May 4 10:09:24 CEST 2025


Currently Loaded Modules:
  1) StdEnv (S)

  Where:
   S:  Module is Sticky, requires --force to unload or purge

 


The following have been reloaded with a version change:
  1) GCCcore/13.3.0 => GCCcore/13.2.0
  2) OpenSSL/3 => OpenSSL/1.1
  3) Python/3.12.3-GCCcore-13.3.0 => Python/3.11.5-GCCcore-13.2.0
  4) SQLite/3.45.3-GCCcore-13.3.0 => SQLite/3.43.1-GCCcore-13.2.0
  5) Tcl/8.6.14-GCCcore-13.3.0 => Tcl/8.6.13-GCCcore-13.2.0
  6) XZ/5.4.5-GCCcore-13.3.0 => XZ/5.4.4-GCCcore-13.2.0
  7) binutils/2.42-GCCcore-13.3.0 => binutils/2.40-GCCcore-13.2.0
  8) bzip2/1.0.8-GCCcore-13.3.0 => bzip2/1.0.8-GCCcore-13.2.0
  9) libffi/3.4.5-GCCcore-13.3.0 => libffi/3.4.4-GCCcore-13.2.0
 10) libreadline/8.2-GCCcore-13.3.0 => libreadline/8.2-GCCcore-13.2.0
 11) ncurses/6.5-GCCcore-13.3.0 => ncurses/6.4-GCCcore-13.2.0
 12) zlib/1.3.1-GCCcore-13.3.0 => zlib/1.2.13-GCCcore-13.2.0

0
40
File /cluster/projects/nn8008k/lluisa/NextSIM/seas/Fmap_10days/2001_AMJ_ic0.5_dt0.0025_DT0.0100/0_W_matrix.npy allready exist. Skipping...
4
44
File /cluster/projects/nn8008k/lluisa/NextSIM/seas/Fmap_10days/2001_AMJ_ic0.5_dt0.0025_DT0.0100/1_W_matrix.npy allready exist. Skipping...
8
48
File /cluster/projects/nn8008k/lluisa/NextSIM/seas/Fmap_10days/2001_AMJ_ic0.5_dt0.0025_DT0.0100/2_W_matrix.npy allready exist. Skipping...
12
52
File /cluster/projects/nn8008k/lluisa/NextSIM/seas/Fmap_10days/2001_AMJ_ic0.5_dt0.0025_DT0.0100/3_W_matrix.npy allready exist. Skipping...
16
56
File /cluster/projects/nn8008k/lluisa/NextSIM/seas/Fmap_10days/2001_AMJ_ic0.5_dt0.0025_DT0.0100/4_W_matrix.npy allready exist. Skipping...
20
60
File /cluster/projects/nn8008k/lluisa/NextSIM/seas/Fmap_10days/2001_AMJ_ic0.5_dt0.0025_DT0.0100/5_W_matrix.npy allready exist. Skipping...
24
64
File /cluster/projects/nn8008k/lluisa/NextSIM/seas/Fmap_10days/2001_AMJ_ic0.5_dt0.0025_DT0.0100/6_W_matrix.npy allready exist. Skipping...
28
68
File /cluster/projects/nn8008k/lluisa/NextSIM/seas/Fmap_10days/2001_AMJ_ic0.5_dt0.0025_DT0.0100/7_W_matrix.npy allready exist. Skipping...
32
72
File /cluster/projects/nn8008k/lluisa/NextSIM/seas/Fmap_10days/2001_AMJ_ic0.5_dt0.0025_DT0.0100/8_W_matrix.npy allready exist. Skipping...
36
76
File /cluster/projects/nn8008k/lluisa/NextSIM/seas/Fmap_10days/2001_AMJ_ic0.5_dt0.0025_DT0.0100/9_W_matrix.npy allready exist. Skipping...
40
80
File /cluster/projects/nn8008k/lluisa/NextSIM/seas/Fmap_10days/2001_AMJ_ic0.5_dt0.0025_DT0.0100/10_W_matrix.npy allready exist. Skipping...
44
84
File /cluster/projects/nn8008k/lluisa/NextSIM/seas/Fmap_10days/2001_AMJ_ic0.5_dt0.0025_DT0.0100/11_W_matrix.npy allready exist. Skipping...
48
88
File /cluster/projects/nn8008k/lluisa/NextSIM/seas/Fmap_10days/2001_AMJ_ic0.5_dt0.0025_DT0.0100/12_W_matrix.npy allready exist. Skipping...
52
92
File /cluster/projects/nn8008k/lluisa/NextSIM/seas/Fmap_10days/2001_AMJ_ic0.5_dt0.0025_DT0.0100/13_W_matrix.npy allready exist. Skipping...
56
96
Generating /cluster/projects/nn8008k/lluisa/NextSIM/seas/Fmap_10days/2001_AMJ_ic0.5_dt0.0025_DT0.0100/14_W_matrix.npy

real	2m14.726s
user	0m0.077s
sys	0m0.089s
60
100
Generating /cluster/projects/nn8008k/lluisa/NextSIM/seas/Fmap_10days/2001_AMJ_ic0.5_dt0.0025_DT0.0100/15_W_matrix.npy

real	0m44.220s
user	0m0.065s
sys	0m0.087s
64
104
Generating /cluster/projects/nn8008k/lluisa/NextSIM/seas/Fmap_10days/2001_AMJ_ic0.5_dt0.0025_DT0.0100/16_W_matrix.npy

real	0m45.198s
user	0m0.068s
sys	0m0.088s
68
108
Generating /cluster/projects/nn8008k/lluisa/NextSIM/seas/Fmap_10days/2001_AMJ_ic0.5_dt0.0025_DT0.0100/17_W_matrix.npy

real	0m48.830s
user	0m0.068s
sys	0m0.085s
72
112
Generating /cluster/projects/nn8008k/lluisa/NextSIM/seas/Fmap_10days/2001_AMJ_ic0.5_dt0.0025_DT0.0100/18_W_matrix.npy

real	0m44.356s
user	0m0.076s
sys	0m0.081s
76
116
Generating /cluster/projects/nn8008k/lluisa/NextSIM/seas/Fmap_10days/2001_AMJ_ic0.5_dt0.0025_DT0.0100/19_W_matrix.npy

real	0m46.421s
user	0m0.065s
sys	0m0.091s
80
120
Generating /cluster/projects/nn8008k/lluisa/NextSIM/seas/Fmap_10days/2001_AMJ_ic0.5_dt0.0025_DT0.0100/20_W_matrix.npy

real	0m45.445s
user	0m0.076s
sys	0m0.077s
84
124
Generating /cluster/projects/nn8008k/lluisa/NextSIM/seas/Fmap_10days/2001_AMJ_ic0.5_dt0.0025_DT0.0100/21_W_matrix.npy

real	0m49.163s
user	0m0.073s
sys	0m0.078s
88
128
Generating /cluster/projects/nn8008k/lluisa/NextSIM/seas/Fmap_10days/2001_AMJ_ic0.5_dt0.0025_DT0.0100/22_W_matrix.npy

real	0m49.522s
user	0m0.059s
sys	0m0.094s
92
132
Generating /cluster/projects/nn8008k/lluisa/NextSIM/seas/Fmap_10days/2001_AMJ_ic0.5_dt0.0025_DT0.0100/23_W_matrix.npy

real	0m44.923s
user	0m0.068s
sys	0m0.088s
96
136
Generating /cluster/projects/nn8008k/lluisa/NextSIM/seas/Fmap_10days/2001_AMJ_ic0.5_dt0.0025_DT0.0100/24_W_matrix.npy

real	0m49.276s
user	0m0.079s
sys	0m0.077s
100
140
Generating /cluster/projects/nn8008k/lluisa/NextSIM/seas/Fmap_10days/2001_AMJ_ic0.5_dt0.0025_DT0.0100/25_W_matrix.npy

real	0m43.120s
user	0m0.064s
sys	0m0.091s
104
144
Generating /cluster/projects/nn8008k/lluisa/NextSIM/seas/Fmap_10days/2001_AMJ_ic0.5_dt0.0025_DT0.0100/26_W_matrix.npy

real	0m46.029s
user	0m0.068s
sys	0m0.083s
108
148
Generating /cluster/projects/nn8008k/lluisa/NextSIM/seas/Fmap_10days/2001_AMJ_ic0.5_dt0.0025_DT0.0100/27_W_matrix.npy

real	0m45.941s
user	0m0.069s
sys	0m0.087s
112
152
Generating /cluster/projects/nn8008k/lluisa/NextSIM/seas/Fmap_10days/2001_AMJ_ic0.5_dt0.0025_DT0.0100/28_W_matrix.npy

real	0m43.821s
user	0m0.057s
sys	0m0.088s
116
156
Generating /cluster/projects/nn8008k/lluisa/NextSIM/seas/Fmap_10days/2001_AMJ_ic0.5_dt0.0025_DT0.0100/29_W_matrix.npy

real	0m45.099s
user	0m0.062s
sys	0m0.090s
120
160
Generating /cluster/projects/nn8008k/lluisa/NextSIM/seas/Fmap_10days/2001_AMJ_ic0.5_dt0.0025_DT0.0100/30_W_matrix.npy

real	0m46.896s
user	0m0.075s
sys	0m0.083s
124
164
Generating /cluster/projects/nn8008k/lluisa/NextSIM/seas/Fmap_10days/2001_AMJ_ic0.5_dt0.0025_DT0.0100/31_W_matrix.npy

real	0m44.454s
user	0m0.075s
sys	0m0.074s
128
168
Generating /cluster/projects/nn8008k/lluisa/NextSIM/seas/Fmap_10days/2001_AMJ_ic0.5_dt0.0025_DT0.0100/32_W_matrix.npy

real	0m44.100s
user	0m0.085s
sys	0m0.066s
132
172
Generating /cluster/projects/nn8008k/lluisa/NextSIM/seas/Fmap_10days/2001_AMJ_ic0.5_dt0.0025_DT0.0100/33_W_matrix.npy

real	0m50.445s
user	0m0.065s
sys	0m0.083s
136
176
Generating /cluster/projects/nn8008k/lluisa/NextSIM/seas/Fmap_10days/2001_AMJ_ic0.5_dt0.0025_DT0.0100/34_W_matrix.npy

real	0m43.225s
user	0m0.062s
sys	0m0.090s
140
180
Generating /cluster/projects/nn8008k/lluisa/NextSIM/seas/Fmap_10days/2001_AMJ_ic0.5_dt0.0025_DT0.0100/35_W_matrix.npy

real	0m50.135s
user	0m0.063s
sys	0m0.092s
144
184
Generating /cluster/projects/nn8008k/lluisa/NextSIM/seas/Fmap_10days/2001_AMJ_ic0.5_dt0.0025_DT0.0100/36_W_matrix.npy

real	0m44.063s
user	0m0.072s
sys	0m0.085s
148
188
Generating /cluster/projects/nn8008k/lluisa/NextSIM/seas/Fmap_10days/2001_AMJ_ic0.5_dt0.0025_DT0.0100/37_W_matrix.npy

real	0m46.305s
user	0m0.069s
sys	0m0.082s
152
192
Generating /cluster/projects/nn8008k/lluisa/NextSIM/seas/Fmap_10days/2001_AMJ_ic0.5_dt0.0025_DT0.0100/38_W_matrix.npy

real	0m43.767s
user	0m0.066s
sys	0m0.091s
156
196
Generating /cluster/projects/nn8008k/lluisa/NextSIM/seas/Fmap_10days/2001_AMJ_ic0.5_dt0.0025_DT0.0100/39_W_matrix.npy

real	0m50.095s
user	0m0.075s
sys	0m0.078s
160
200
Generating /cluster/projects/nn8008k/lluisa/NextSIM/seas/Fmap_10days/2001_AMJ_ic0.5_dt0.0025_DT0.0100/40_W_matrix.npy

real	0m49.675s
user	0m0.057s
sys	0m0.093s
164
204
Generating /cluster/projects/nn8008k/lluisa/NextSIM/seas/Fmap_10days/2001_AMJ_ic0.5_dt0.0025_DT0.0100/41_W_matrix.npy

real	0m43.474s
user	0m0.063s
sys	0m0.087s
168
208
Generating /cluster/projects/nn8008k/lluisa/NextSIM/seas/Fmap_10days/2001_AMJ_ic0.5_dt0.0025_DT0.0100/42_W_matrix.npy

real	0m48.642s
user	0m0.077s
sys	0m0.074s
172
212
Generating /cluster/projects/nn8008k/lluisa/NextSIM/seas/Fmap_10days/2001_AMJ_ic0.5_dt0.0025_DT0.0100/43_W_matrix.npy

real	0m45.496s
user	0m0.079s
sys	0m0.073s
176
216
Generating /cluster/projects/nn8008k/lluisa/NextSIM/seas/Fmap_10days/2001_AMJ_ic0.5_dt0.0025_DT0.0100/44_W_matrix.npy

real	0m44.810s
user	0m0.067s
sys	0m0.086s
180
220
Generating /cluster/projects/nn8008k/lluisa/NextSIM/seas/Fmap_10days/2001_AMJ_ic0.5_dt0.0025_DT0.0100/45_W_matrix.npy

real	0m45.265s
user	0m0.075s
sys	0m0.079s
184
224
Generating /cluster/projects/nn8008k/lluisa/NextSIM/seas/Fmap_10days/2001_AMJ_ic0.5_dt0.0025_DT0.0100/46_W_matrix.npy

real	0m43.772s
user	0m0.066s
sys	0m0.087s
188
228
Generating /cluster/projects/nn8008k/lluisa/NextSIM/seas/Fmap_10days/2001_AMJ_ic0.5_dt0.0025_DT0.0100/47_W_matrix.npy

real	0m44.635s
user	0m0.069s
sys	0m0.087s
192
232
Generating /cluster/projects/nn8008k/lluisa/NextSIM/seas/Fmap_10days/2001_AMJ_ic0.5_dt0.0025_DT0.0100/48_W_matrix.npy

real	0m48.030s
user	0m0.069s
sys	0m0.084s
196
236
Generating /cluster/projects/nn8008k/lluisa/NextSIM/seas/Fmap_10days/2001_AMJ_ic0.5_dt0.0025_DT0.0100/49_W_matrix.npy

real	0m47.860s
user	0m0.067s
sys	0m0.083s
200
240
Generating /cluster/projects/nn8008k/lluisa/NextSIM/seas/Fmap_10days/2001_AMJ_ic0.5_dt0.0025_DT0.0100/50_W_matrix.npy

real	0m47.042s
user	0m0.066s
sys	0m0.086s
204
244
Generating /cluster/projects/nn8008k/lluisa/NextSIM/seas/Fmap_10days/2001_AMJ_ic0.5_dt0.0025_DT0.0100/51_W_matrix.npy

real	0m43.913s
user	0m0.059s
sys	0m0.091s
208
248
Generating /cluster/projects/nn8008k/lluisa/NextSIM/seas/Fmap_10days/2001_AMJ_ic0.5_dt0.0025_DT0.0100/52_W_matrix.npy

real	0m42.811s
user	0m0.058s
sys	0m0.092s
212
252
Generating /cluster/projects/nn8008k/lluisa/NextSIM/seas/Fmap_10days/2001_AMJ_ic0.5_dt0.0025_DT0.0100/53_W_matrix.npy

real	0m44.169s
user	0m0.063s
sys	0m0.088s
216
256
Generating /cluster/projects/nn8008k/lluisa/NextSIM/seas/Fmap_10days/2001_AMJ_ic0.5_dt0.0025_DT0.0100/54_W_matrix.npy

real	0m47.390s
user	0m0.068s
sys	0m0.088s
220
260
Generating /cluster/projects/nn8008k/lluisa/NextSIM/seas/Fmap_10days/2001_AMJ_ic0.5_dt0.0025_DT0.0100/55_W_matrix.npy

real	0m44.743s
user	0m0.076s
sys	0m0.073s
224
264
Generating /cluster/projects/nn8008k/lluisa/NextSIM/seas/Fmap_10days/2001_AMJ_ic0.5_dt0.0025_DT0.0100/56_W_matrix.npy

real	0m45.642s
user	0m0.076s
sys	0m0.082s
228
268
Generating /cluster/projects/nn8008k/lluisa/NextSIM/seas/Fmap_10days/2001_AMJ_ic0.5_dt0.0025_DT0.0100/57_W_matrix.npy

real	0m42.569s
user	0m0.064s
sys	0m0.088s
232
272
Generating /cluster/projects/nn8008k/lluisa/NextSIM/seas/Fmap_10days/2001_AMJ_ic0.5_dt0.0025_DT0.0100/58_W_matrix.npy

real	0m43.322s
user	0m0.086s
sys	0m0.066s
236
276
Generating /cluster/projects/nn8008k/lluisa/NextSIM/seas/Fmap_10days/2001_AMJ_ic0.5_dt0.0025_DT0.0100/59_W_matrix.npy

real	0m45.114s
user	0m0.068s
sys	0m0.088s
240
280
Generating /cluster/projects/nn8008k/lluisa/NextSIM/seas/Fmap_10days/2001_AMJ_ic0.5_dt0.0025_DT0.0100/60_W_matrix.npy

real	0m43.172s
user	0m0.069s
sys	0m0.084s
244
284
Generating /cluster/projects/nn8008k/lluisa/NextSIM/seas/Fmap_10days/2001_AMJ_ic0.5_dt0.0025_DT0.0100/61_W_matrix.npy

real	0m42.790s
user	0m0.057s
sys	0m0.089s
248
288
Generating /cluster/projects/nn8008k/lluisa/NextSIM/seas/Fmap_10days/2001_AMJ_ic0.5_dt0.0025_DT0.0100/62_W_matrix.npy

real	0m40.670s
user	0m0.062s
sys	0m0.091s
252
292
Generating /cluster/projects/nn8008k/lluisa/NextSIM/seas/Fmap_10days/2001_AMJ_ic0.5_dt0.0025_DT0.0100/63_W_matrix.npy

real	0m42.476s
user	0m0.074s
sys	0m0.078s
256
296
Generating /cluster/projects/nn8008k/lluisa/NextSIM/seas/Fmap_10days/2001_AMJ_ic0.5_dt0.0025_DT0.0100/64_W_matrix.npy

real	0m44.392s
user	0m0.062s
sys	0m0.089s
260
300
Generating /cluster/projects/nn8008k/lluisa/NextSIM/seas/Fmap_10days/2001_AMJ_ic0.5_dt0.0025_DT0.0100/65_W_matrix.npy

real	0m41.919s
user	0m0.075s
sys	0m0.078s
264
304
Generating /cluster/projects/nn8008k/lluisa/NextSIM/seas/Fmap_10days/2001_AMJ_ic0.5_dt0.0025_DT0.0100/66_W_matrix.npy

real	0m40.926s
user	0m0.071s
sys	0m0.077s
268
308
Generating /cluster/projects/nn8008k/lluisa/NextSIM/seas/Fmap_10days/2001_AMJ_ic0.5_dt0.0025_DT0.0100/67_W_matrix.npy

real	0m42.220s
user	0m0.068s
sys	0m0.083s
272
312
Generating /cluster/projects/nn8008k/lluisa/NextSIM/seas/Fmap_10days/2001_AMJ_ic0.5_dt0.0025_DT0.0100/68_W_matrix.npy

real	0m41.911s
user	0m0.063s
sys	0m0.089s
276
316
Generating /cluster/projects/nn8008k/lluisa/NextSIM/seas/Fmap_10days/2001_AMJ_ic0.5_dt0.0025_DT0.0100/69_W_matrix.npy

real	0m43.246s
user	0m0.061s
sys	0m0.094s
280
320
Generating /cluster/projects/nn8008k/lluisa/NextSIM/seas/Fmap_10days/2001_AMJ_ic0.5_dt0.0025_DT0.0100/70_W_matrix.npy

real	0m41.111s
user	0m0.073s
sys	0m0.076s
284
324
Generating /cluster/projects/nn8008k/lluisa/NextSIM/seas/Fmap_10days/2001_AMJ_ic0.5_dt0.0025_DT0.0100/71_W_matrix.npy

real	0m39.722s
user	0m0.064s
sys	0m0.087s
288
328
Generating /cluster/projects/nn8008k/lluisa/NextSIM/seas/Fmap_10days/2001_AMJ_ic0.5_dt0.0025_DT0.0100/72_W_matrix.npy

real	0m40.169s
user	0m0.076s
sys	0m0.080s
292
332
Generating /cluster/projects/nn8008k/lluisa/NextSIM/seas/Fmap_10days/2001_AMJ_ic0.5_dt0.0025_DT0.0100/73_W_matrix.npy

real	0m43.310s
user	0m0.077s
sys	0m0.079s
296
336
Generating /cluster/projects/nn8008k/lluisa/NextSIM/seas/Fmap_10days/2001_AMJ_ic0.5_dt0.0025_DT0.0100/74_W_matrix.npy

real	0m40.009s
user	0m0.067s
sys	0m0.087s
300
340
Generating /cluster/projects/nn8008k/lluisa/NextSIM/seas/Fmap_10days/2001_AMJ_ic0.5_dt0.0025_DT0.0100/75_W_matrix.npy

real	0m38.942s
user	0m0.059s
sys	0m0.090s
304
344
Generating /cluster/projects/nn8008k/lluisa/NextSIM/seas/Fmap_10days/2001_AMJ_ic0.5_dt0.0025_DT0.0100/76_W_matrix.npy

real	0m37.773s
user	0m0.060s
sys	0m0.085s
308
348
Generating /cluster/projects/nn8008k/lluisa/NextSIM/seas/Fmap_10days/2001_AMJ_ic0.5_dt0.0025_DT0.0100/77_W_matrix.npy

real	0m39.225s
user	0m0.082s
sys	0m0.074s
312
352
Generating /cluster/projects/nn8008k/lluisa/NextSIM/seas/Fmap_10days/2001_AMJ_ic0.5_dt0.0025_DT0.0100/78_W_matrix.npy

real	0m37.867s
user	0m0.076s
sys	0m0.074s
316
356
Generating /cluster/projects/nn8008k/lluisa/NextSIM/seas/Fmap_10days/2001_AMJ_ic0.5_dt0.0025_DT0.0100/79_W_matrix.npy

real	0m37.816s
user	0m0.071s
sys	0m0.088s
320
360
Generating /cluster/projects/nn8008k/lluisa/NextSIM/seas/Fmap_10days/2001_AMJ_ic0.5_dt0.0025_DT0.0100/80_W_matrix.npy

real	0m38.471s
user	0m0.077s
sys	0m0.077s
0
40
Generating /cluster/projects/nn8008k/lluisa/NextSIM/seas/Fmap_10days/2001_JAS_ic0.5_dt0.0025_DT0.0100/0_W_matrix.npy

real	0m36.024s
user	0m0.068s
sys	0m0.086s
4
44
Generating /cluster/projects/nn8008k/lluisa/NextSIM/seas/Fmap_10days/2001_JAS_ic0.5_dt0.0025_DT0.0100/1_W_matrix.npy

real	0m37.052s
user	0m0.068s
sys	0m0.080s
8
48
Generating /cluster/projects/nn8008k/lluisa/NextSIM/seas/Fmap_10days/2001_JAS_ic0.5_dt0.0025_DT0.0100/2_W_matrix.npy

real	0m35.329s
user	0m0.077s
sys	0m0.073s
12
52
Generating /cluster/projects/nn8008k/lluisa/NextSIM/seas/Fmap_10days/2001_JAS_ic0.5_dt0.0025_DT0.0100/3_W_matrix.npy

real	0m35.387s
user	0m0.067s
sys	0m0.086s
16
56
Generating /cluster/projects/nn8008k/lluisa/NextSIM/seas/Fmap_10days/2001_JAS_ic0.5_dt0.0025_DT0.0100/4_W_matrix.npy

real	0m33.792s
user	0m0.067s
sys	0m0.086s
20
60
Generating /cluster/projects/nn8008k/lluisa/NextSIM/seas/Fmap_10days/2001_JAS_ic0.5_dt0.0025_DT0.0100/5_W_matrix.npy

real	0m33.674s
user	0m0.064s
sys	0m0.086s
24
64
Generating /cluster/projects/nn8008k/lluisa/NextSIM/seas/Fmap_10days/2001_JAS_ic0.5_dt0.0025_DT0.0100/6_W_matrix.npy

real	0m32.713s
user	0m0.069s
sys	0m0.084s
28
68
Generating /cluster/projects/nn8008k/lluisa/NextSIM/seas/Fmap_10days/2001_JAS_ic0.5_dt0.0025_DT0.0100/7_W_matrix.npy

real	0m35.309s
user	0m0.081s
sys	0m0.074s
32
72
Generating /cluster/projects/nn8008k/lluisa/NextSIM/seas/Fmap_10days/2001_JAS_ic0.5_dt0.0025_DT0.0100/8_W_matrix.npy

real	0m34.804s
user	0m0.070s
sys	0m0.079s
36
76
Generating /cluster/projects/nn8008k/lluisa/NextSIM/seas/Fmap_10days/2001_JAS_ic0.5_dt0.0025_DT0.0100/9_W_matrix.npy

real	0m32.209s
user	0m0.070s
sys	0m0.082s
40
80
Generating /cluster/projects/nn8008k/lluisa/NextSIM/seas/Fmap_10days/2001_JAS_ic0.5_dt0.0025_DT0.0100/10_W_matrix.npy

real	0m33.546s
user	0m0.088s
sys	0m0.072s
44
84
Generating /cluster/projects/nn8008k/lluisa/NextSIM/seas/Fmap_10days/2001_JAS_ic0.5_dt0.0025_DT0.0100/11_W_matrix.npy

real	0m31.059s
user	0m0.066s
sys	0m0.084s
48
88
Generating /cluster/projects/nn8008k/lluisa/NextSIM/seas/Fmap_10days/2001_JAS_ic0.5_dt0.0025_DT0.0100/12_W_matrix.npy

real	0m30.268s
user	0m0.068s
sys	0m0.088s
52
92
Generating /cluster/projects/nn8008k/lluisa/NextSIM/seas/Fmap_10days/2001_JAS_ic0.5_dt0.0025_DT0.0100/13_W_matrix.npy

real	0m29.015s
user	0m0.065s
sys	0m0.080s
56
96
Generating /cluster/projects/nn8008k/lluisa/NextSIM/seas/Fmap_10days/2001_JAS_ic0.5_dt0.0025_DT0.0100/14_W_matrix.npy

real	0m28.363s
user	0m0.082s
sys	0m0.070s
60
100
Generating /cluster/projects/nn8008k/lluisa/NextSIM/seas/Fmap_10days/2001_JAS_ic0.5_dt0.0025_DT0.0100/15_W_matrix.npy

real	0m27.624s
user	0m0.075s
sys	0m0.076s
64
104
Generating /cluster/projects/nn8008k/lluisa/NextSIM/seas/Fmap_10days/2001_JAS_ic0.5_dt0.0025_DT0.0100/16_W_matrix.npy

real	0m28.467s
user	0m0.059s
sys	0m0.089s
68
108
Generating /cluster/projects/nn8008k/lluisa/NextSIM/seas/Fmap_10days/2001_JAS_ic0.5_dt0.0025_DT0.0100/17_W_matrix.npy

real	0m28.017s
user	0m0.060s
sys	0m0.089s
72
112
Generating /cluster/projects/nn8008k/lluisa/NextSIM/seas/Fmap_10days/2001_JAS_ic0.5_dt0.0025_DT0.0100/18_W_matrix.npy

real	0m29.678s
user	0m0.068s
sys	0m0.085s
76
116
Generating /cluster/projects/nn8008k/lluisa/NextSIM/seas/Fmap_10days/2001_JAS_ic0.5_dt0.0025_DT0.0100/19_W_matrix.npy

real	0m26.254s
user	0m0.063s
sys	0m0.092s
80
120
Generating /cluster/projects/nn8008k/lluisa/NextSIM/seas/Fmap_10days/2001_JAS_ic0.5_dt0.0025_DT0.0100/20_W_matrix.npy

real	0m27.101s
user	0m0.065s
sys	0m0.081s
84
124
Generating /cluster/projects/nn8008k/lluisa/NextSIM/seas/Fmap_10days/2001_JAS_ic0.5_dt0.0025_DT0.0100/21_W_matrix.npy

real	0m25.797s
user	0m0.070s
sys	0m0.082s
88
128
Generating /cluster/projects/nn8008k/lluisa/NextSIM/seas/Fmap_10days/2001_JAS_ic0.5_dt0.0025_DT0.0100/22_W_matrix.npy

real	0m29.086s
user	0m0.065s
sys	0m0.088s
92
132
Generating /cluster/projects/nn8008k/lluisa/NextSIM/seas/Fmap_10days/2001_JAS_ic0.5_dt0.0025_DT0.0100/23_W_matrix.npy

real	0m26.194s
user	0m0.064s
sys	0m0.087s
96
136
Generating /cluster/projects/nn8008k/lluisa/NextSIM/seas/Fmap_10days/2001_JAS_ic0.5_dt0.0025_DT0.0100/24_W_matrix.npy

real	0m25.584s
user	0m0.071s
sys	0m0.084s
100
140
Generating /cluster/projects/nn8008k/lluisa/NextSIM/seas/Fmap_10days/2001_JAS_ic0.5_dt0.0025_DT0.0100/25_W_matrix.npy

real	0m26.564s
user	0m0.065s
sys	0m0.089s
104
144
Generating /cluster/projects/nn8008k/lluisa/NextSIM/seas/Fmap_10days/2001_JAS_ic0.5_dt0.0025_DT0.0100/26_W_matrix.npy

real	0m25.784s
user	0m0.055s
sys	0m0.099s
108
148
Generating /cluster/projects/nn8008k/lluisa/NextSIM/seas/Fmap_10days/2001_JAS_ic0.5_dt0.0025_DT0.0100/27_W_matrix.npy

real	0m26.016s
user	0m0.064s
sys	0m0.088s
112
152
Generating /cluster/projects/nn8008k/lluisa/NextSIM/seas/Fmap_10days/2001_JAS_ic0.5_dt0.0025_DT0.0100/28_W_matrix.npy

real	0m30.512s
user	0m0.075s
sys	0m0.077s
116
156
Generating /cluster/projects/nn8008k/lluisa/NextSIM/seas/Fmap_10days/2001_JAS_ic0.5_dt0.0025_DT0.0100/29_W_matrix.npy

real	0m24.972s
user	0m0.077s
sys	0m0.079s
120
160
Generating /cluster/projects/nn8008k/lluisa/NextSIM/seas/Fmap_10days/2001_JAS_ic0.5_dt0.0025_DT0.0100/30_W_matrix.npy

real	0m24.971s
user	0m0.068s
sys	0m0.086s
124
164
Generating /cluster/projects/nn8008k/lluisa/NextSIM/seas/Fmap_10days/2001_JAS_ic0.5_dt0.0025_DT0.0100/31_W_matrix.npy

real	0m25.706s
user	0m0.073s
sys	0m0.081s
128
168
Generating /cluster/projects/nn8008k/lluisa/NextSIM/seas/Fmap_10days/2001_JAS_ic0.5_dt0.0025_DT0.0100/32_W_matrix.npy

real	0m24.169s
user	0m0.079s
sys	0m0.074s
132
172
Generating /cluster/projects/nn8008k/lluisa/NextSIM/seas/Fmap_10days/2001_JAS_ic0.5_dt0.0025_DT0.0100/33_W_matrix.npy

real	0m24.291s
user	0m0.071s
sys	0m0.083s
136
176
Generating /cluster/projects/nn8008k/lluisa/NextSIM/seas/Fmap_10days/2001_JAS_ic0.5_dt0.0025_DT0.0100/34_W_matrix.npy

real	0m23.288s
user	0m0.071s
sys	0m0.083s
140
180
Generating /cluster/projects/nn8008k/lluisa/NextSIM/seas/Fmap_10days/2001_JAS_ic0.5_dt0.0025_DT0.0100/35_W_matrix.npy

real	0m25.986s
user	0m0.062s
sys	0m0.088s
144
184
Generating /cluster/projects/nn8008k/lluisa/NextSIM/seas/Fmap_10days/2001_JAS_ic0.5_dt0.0025_DT0.0100/36_W_matrix.npy

real	0m24.405s
user	0m0.057s
sys	0m0.094s
148
188
Generating /cluster/projects/nn8008k/lluisa/NextSIM/seas/Fmap_10days/2001_JAS_ic0.5_dt0.0025_DT0.0100/37_W_matrix.npy

real	0m22.910s
user	0m0.073s
sys	0m0.083s
152
192
Generating /cluster/projects/nn8008k/lluisa/NextSIM/seas/Fmap_10days/2001_JAS_ic0.5_dt0.0025_DT0.0100/38_W_matrix.npy

real	0m24.357s
user	0m0.064s
sys	0m0.085s
156
196
Generating /cluster/projects/nn8008k/lluisa/NextSIM/seas/Fmap_10days/2001_JAS_ic0.5_dt0.0025_DT0.0100/39_W_matrix.npy

real	0m23.113s
user	0m0.063s
sys	0m0.090s
160
200
Generating /cluster/projects/nn8008k/lluisa/NextSIM/seas/Fmap_10days/2001_JAS_ic0.5_dt0.0025_DT0.0100/40_W_matrix.npy

real	0m22.934s
user	0m0.077s
sys	0m0.079s
164
204
Generating /cluster/projects/nn8008k/lluisa/NextSIM/seas/Fmap_10days/2001_JAS_ic0.5_dt0.0025_DT0.0100/41_W_matrix.npy

real	0m22.407s
user	0m0.061s
sys	0m0.101s
168
208
Generating /cluster/projects/nn8008k/lluisa/NextSIM/seas/Fmap_10days/2001_JAS_ic0.5_dt0.0025_DT0.0100/42_W_matrix.npy

real	0m22.961s
user	0m0.070s
sys	0m0.082s
172
212
Generating /cluster/projects/nn8008k/lluisa/NextSIM/seas/Fmap_10days/2001_JAS_ic0.5_dt0.0025_DT0.0100/43_W_matrix.npy

real	0m22.215s
user	0m0.068s
sys	0m0.087s
176
216
Generating /cluster/projects/nn8008k/lluisa/NextSIM/seas/Fmap_10days/2001_JAS_ic0.5_dt0.0025_DT0.0100/44_W_matrix.npy

real	0m21.908s
user	0m0.071s
sys	0m0.081s
180
220
Generating /cluster/projects/nn8008k/lluisa/NextSIM/seas/Fmap_10days/2001_JAS_ic0.5_dt0.0025_DT0.0100/45_W_matrix.npy

real	0m22.117s
user	0m0.076s
sys	0m0.080s
184
224
Generating /cluster/projects/nn8008k/lluisa/NextSIM/seas/Fmap_10days/2001_JAS_ic0.5_dt0.0025_DT0.0100/46_W_matrix.npy

real	0m22.903s
user	0m0.053s
sys	0m0.099s
188
228
Generating /cluster/projects/nn8008k/lluisa/NextSIM/seas/Fmap_10days/2001_JAS_ic0.5_dt0.0025_DT0.0100/47_W_matrix.npy

real	0m21.520s
user	0m0.066s
sys	0m0.091s
192
232
Generating /cluster/projects/nn8008k/lluisa/NextSIM/seas/Fmap_10days/2001_JAS_ic0.5_dt0.0025_DT0.0100/48_W_matrix.npy

real	0m22.471s
user	0m0.065s
sys	0m0.089s
196
236
Generating /cluster/projects/nn8008k/lluisa/NextSIM/seas/Fmap_10days/2001_JAS_ic0.5_dt0.0025_DT0.0100/49_W_matrix.npy

real	0m22.000s
user	0m0.059s
sys	0m0.095s
200
240
Generating /cluster/projects/nn8008k/lluisa/NextSIM/seas/Fmap_10days/2001_JAS_ic0.5_dt0.0025_DT0.0100/50_W_matrix.npy

real	0m21.468s
user	0m0.080s
sys	0m0.076s
204
244
Generating /cluster/projects/nn8008k/lluisa/NextSIM/seas/Fmap_10days/2001_JAS_ic0.5_dt0.0025_DT0.0100/51_W_matrix.npy

real	0m19.946s
user	0m0.071s
sys	0m0.086s
208
248
Generating /cluster/projects/nn8008k/lluisa/NextSIM/seas/Fmap_10days/2001_JAS_ic0.5_dt0.0025_DT0.0100/52_W_matrix.npy

real	0m21.519s
user	0m0.069s
sys	0m0.085s
212
252
Generating /cluster/projects/nn8008k/lluisa/NextSIM/seas/Fmap_10days/2001_JAS_ic0.5_dt0.0025_DT0.0100/53_W_matrix.npy

real	0m20.747s
user	0m0.060s
sys	0m0.119s
216
256
Generating /cluster/projects/nn8008k/lluisa/NextSIM/seas/Fmap_10days/2001_JAS_ic0.5_dt0.0025_DT0.0100/54_W_matrix.npy

real	0m20.915s
user	0m0.075s
sys	0m0.079s
220
260
Generating /cluster/projects/nn8008k/lluisa/NextSIM/seas/Fmap_10days/2001_JAS_ic0.5_dt0.0025_DT0.0100/55_W_matrix.npy

real	0m21.278s
user	0m0.068s
sys	0m0.086s
224
264
Generating /cluster/projects/nn8008k/lluisa/NextSIM/seas/Fmap_10days/2001_JAS_ic0.5_dt0.0025_DT0.0100/56_W_matrix.npy

real	0m19.815s
user	0m0.068s
sys	0m0.086s
228
268
Generating /cluster/projects/nn8008k/lluisa/NextSIM/seas/Fmap_10days/2001_JAS_ic0.5_dt0.0025_DT0.0100/57_W_matrix.npy

real	0m21.414s
user	0m0.064s
sys	0m0.094s
232
272
Generating /cluster/projects/nn8008k/lluisa/NextSIM/seas/Fmap_10days/2001_JAS_ic0.5_dt0.0025_DT0.0100/58_W_matrix.npy

real	0m19.232s
user	0m0.068s
sys	0m0.088s
236
276
Generating /cluster/projects/nn8008k/lluisa/NextSIM/seas/Fmap_10days/2001_JAS_ic0.5_dt0.0025_DT0.0100/59_W_matrix.npy

real	0m19.193s
user	0m0.076s
sys	0m0.070s
240
280
Generating /cluster/projects/nn8008k/lluisa/NextSIM/seas/Fmap_10days/2001_JAS_ic0.5_dt0.0025_DT0.0100/60_W_matrix.npy

real	0m18.556s
user	0m0.085s
sys	0m0.069s
244
284
Generating /cluster/projects/nn8008k/lluisa/NextSIM/seas/Fmap_10days/2001_JAS_ic0.5_dt0.0025_DT0.0100/61_W_matrix.npy

real	0m19.113s
user	0m0.067s
sys	0m0.082s
248
288
Generating /cluster/projects/nn8008k/lluisa/NextSIM/seas/Fmap_10days/2001_JAS_ic0.5_dt0.0025_DT0.0100/62_W_matrix.npy

real	0m19.271s
user	0m0.070s
sys	0m0.084s
252
292
Generating /cluster/projects/nn8008k/lluisa/NextSIM/seas/Fmap_10days/2001_JAS_ic0.5_dt0.0025_DT0.0100/63_W_matrix.npy

real	0m19.583s
user	0m0.066s
sys	0m0.091s
256
296
Generating /cluster/projects/nn8008k/lluisa/NextSIM/seas/Fmap_10days/2001_JAS_ic0.5_dt0.0025_DT0.0100/64_W_matrix.npy

real	0m18.704s
user	0m0.090s
sys	0m0.059s
260
300
Generating /cluster/projects/nn8008k/lluisa/NextSIM/seas/Fmap_10days/2001_JAS_ic0.5_dt0.0025_DT0.0100/65_W_matrix.npy

real	0m19.329s
user	0m0.071s
sys	0m0.080s
264
304
Generating /cluster/projects/nn8008k/lluisa/NextSIM/seas/Fmap_10days/2001_JAS_ic0.5_dt0.0025_DT0.0100/66_W_matrix.npy

real	0m20.210s
user	0m0.069s
sys	0m0.086s
268
308
Generating /cluster/projects/nn8008k/lluisa/NextSIM/seas/Fmap_10days/2001_JAS_ic0.5_dt0.0025_DT0.0100/67_W_matrix.npy

real	0m18.740s
user	0m0.066s
sys	0m0.089s
272
312
Generating /cluster/projects/nn8008k/lluisa/NextSIM/seas/Fmap_10days/2001_JAS_ic0.5_dt0.0025_DT0.0100/68_W_matrix.npy

real	0m18.033s
user	0m0.068s
sys	0m0.089s
276
316
Generating /cluster/projects/nn8008k/lluisa/NextSIM/seas/Fmap_10days/2001_JAS_ic0.5_dt0.0025_DT0.0100/69_W_matrix.npy

real	0m19.620s
user	0m0.062s
sys	0m0.085s
280
320
Generating /cluster/projects/nn8008k/lluisa/NextSIM/seas/Fmap_10days/2001_JAS_ic0.5_dt0.0025_DT0.0100/70_W_matrix.npy

real	0m18.802s
user	0m0.074s
sys	0m0.078s
284
324
Generating /cluster/projects/nn8008k/lluisa/NextSIM/seas/Fmap_10days/2001_JAS_ic0.5_dt0.0025_DT0.0100/71_W_matrix.npy

real	0m18.480s
user	0m0.085s
sys	0m0.068s
288
328
Generating /cluster/projects/nn8008k/lluisa/NextSIM/seas/Fmap_10days/2001_JAS_ic0.5_dt0.0025_DT0.0100/72_W_matrix.npy

real	0m19.140s
user	0m0.057s
sys	0m0.093s
292
332
Generating /cluster/projects/nn8008k/lluisa/NextSIM/seas/Fmap_10days/2001_JAS_ic0.5_dt0.0025_DT0.0100/73_W_matrix.npy

real	0m18.233s
user	0m0.078s
sys	0m0.075s
296
336
Generating /cluster/projects/nn8008k/lluisa/NextSIM/seas/Fmap_10days/2001_JAS_ic0.5_dt0.0025_DT0.0100/74_W_matrix.npy

real	0m18.945s
user	0m0.060s
sys	0m0.091s
300
340
Generating /cluster/projects/nn8008k/lluisa/NextSIM/seas/Fmap_10days/2001_JAS_ic0.5_dt0.0025_DT0.0100/75_W_matrix.npy

real	0m18.408s
user	0m0.068s
sys	0m0.081s
304
344
Generating /cluster/projects/nn8008k/lluisa/NextSIM/seas/Fmap_10days/2001_JAS_ic0.5_dt0.0025_DT0.0100/76_W_matrix.npy

real	0m19.895s
user	0m0.061s
sys	0m0.081s
308
348
Generating /cluster/projects/nn8008k/lluisa/NextSIM/seas/Fmap_10days/2001_JAS_ic0.5_dt0.0025_DT0.0100/77_W_matrix.npy

real	0m19.024s
user	0m0.063s
sys	0m0.092s
312
352
Generating /cluster/projects/nn8008k/lluisa/NextSIM/seas/Fmap_10days/2001_JAS_ic0.5_dt0.0025_DT0.0100/78_W_matrix.npy

real	0m18.258s
user	0m0.071s
sys	0m0.078s
316
356
Generating /cluster/projects/nn8008k/lluisa/NextSIM/seas/Fmap_10days/2001_JAS_ic0.5_dt0.0025_DT0.0100/79_W_matrix.npy

real	0m18.878s
user	0m0.063s
sys	0m0.098s
320
360
Generating /cluster/projects/nn8008k/lluisa/NextSIM/seas/Fmap_10days/2001_JAS_ic0.5_dt0.0025_DT0.0100/80_W_matrix.npy

real	0m19.403s
user	0m0.066s
sys	0m0.086s
0
40
Generating /cluster/projects/nn8008k/lluisa/NextSIM/seas/Fmap_10days/2001_OND_ic0.5_dt0.0025_DT0.0100/0_W_matrix.npy

real	0m21.576s
user	0m0.075s
sys	0m0.077s
4
44
Generating /cluster/projects/nn8008k/lluisa/NextSIM/seas/Fmap_10days/2001_OND_ic0.5_dt0.0025_DT0.0100/1_W_matrix.npy

real	0m22.003s
user	0m0.063s
sys	0m0.085s
8
48
Generating /cluster/projects/nn8008k/lluisa/NextSIM/seas/Fmap_10days/2001_OND_ic0.5_dt0.0025_DT0.0100/2_W_matrix.npy

real	0m19.894s
user	0m0.071s
sys	0m0.081s
12
52
Generating /cluster/projects/nn8008k/lluisa/NextSIM/seas/Fmap_10days/2001_OND_ic0.5_dt0.0025_DT0.0100/3_W_matrix.npy

real	0m19.833s
user	0m0.070s
sys	0m0.074s
16
56
Generating /cluster/projects/nn8008k/lluisa/NextSIM/seas/Fmap_10days/2001_OND_ic0.5_dt0.0025_DT0.0100/4_W_matrix.npy

real	0m20.438s
user	0m0.062s
sys	0m0.086s
20
60
Generating /cluster/projects/nn8008k/lluisa/NextSIM/seas/Fmap_10days/2001_OND_ic0.5_dt0.0025_DT0.0100/5_W_matrix.npy

real	0m20.322s
user	0m0.060s
sys	0m0.086s
24
64
Generating /cluster/projects/nn8008k/lluisa/NextSIM/seas/Fmap_10days/2001_OND_ic0.5_dt0.0025_DT0.0100/6_W_matrix.npy

real	0m21.483s
user	0m0.065s
sys	0m0.084s
28
68
Generating /cluster/projects/nn8008k/lluisa/NextSIM/seas/Fmap_10days/2001_OND_ic0.5_dt0.0025_DT0.0100/7_W_matrix.npy

real	0m23.010s
user	0m0.062s
sys	0m0.087s
32
72
Generating /cluster/projects/nn8008k/lluisa/NextSIM/seas/Fmap_10days/2001_OND_ic0.5_dt0.0025_DT0.0100/8_W_matrix.npy

real	0m21.629s
user	0m0.076s
sys	0m0.086s
36
76
Generating /cluster/projects/nn8008k/lluisa/NextSIM/seas/Fmap_10days/2001_OND_ic0.5_dt0.0025_DT0.0100/9_W_matrix.npy

real	0m23.135s
user	0m0.069s
sys	0m0.087s
40
80
Generating /cluster/projects/nn8008k/lluisa/NextSIM/seas/Fmap_10days/2001_OND_ic0.5_dt0.0025_DT0.0100/10_W_matrix.npy

real	0m22.428s
user	0m0.058s
sys	0m0.088s
44
84
Generating /cluster/projects/nn8008k/lluisa/NextSIM/seas/Fmap_10days/2001_OND_ic0.5_dt0.0025_DT0.0100/11_W_matrix.npy

real	0m21.241s
user	0m0.065s
sys	0m0.089s
48
88
Generating /cluster/projects/nn8008k/lluisa/NextSIM/seas/Fmap_10days/2001_OND_ic0.5_dt0.0025_DT0.0100/12_W_matrix.npy

real	0m21.881s
user	0m0.072s
sys	0m0.077s
52
92
Generating /cluster/projects/nn8008k/lluisa/NextSIM/seas/Fmap_10days/2001_OND_ic0.5_dt0.0025_DT0.0100/13_W_matrix.npy

real	0m22.664s
user	0m0.062s
sys	0m0.088s
56
96
Generating /cluster/projects/nn8008k/lluisa/NextSIM/seas/Fmap_10days/2001_OND_ic0.5_dt0.0025_DT0.0100/14_W_matrix.npy

real	0m22.045s
user	0m0.058s
sys	0m0.088s
60
100
Generating /cluster/projects/nn8008k/lluisa/NextSIM/seas/Fmap_10days/2001_OND_ic0.5_dt0.0025_DT0.0100/15_W_matrix.npy

real	0m22.844s
user	0m0.063s
sys	0m0.091s
64
104
Generating /cluster/projects/nn8008k/lluisa/NextSIM/seas/Fmap_10days/2001_OND_ic0.5_dt0.0025_DT0.0100/16_W_matrix.npy

real	0m22.589s
user	0m0.069s
sys	0m0.084s
68
108
Generating /cluster/projects/nn8008k/lluisa/NextSIM/seas/Fmap_10days/2001_OND_ic0.5_dt0.0025_DT0.0100/17_W_matrix.npy

real	0m22.430s
user	0m0.069s
sys	0m0.086s
72
112
Generating /cluster/projects/nn8008k/lluisa/NextSIM/seas/Fmap_10days/2001_OND_ic0.5_dt0.0025_DT0.0100/18_W_matrix.npy

real	0m21.996s
user	0m0.075s
sys	0m0.079s
76
116
Generating /cluster/projects/nn8008k/lluisa/NextSIM/seas/Fmap_10days/2001_OND_ic0.5_dt0.0025_DT0.0100/19_W_matrix.npy

real	0m22.716s
user	0m0.074s
sys	0m0.082s
80
120
Generating /cluster/projects/nn8008k/lluisa/NextSIM/seas/Fmap_10days/2001_OND_ic0.5_dt0.0025_DT0.0100/20_W_matrix.npy

real	0m25.802s
user	0m0.084s
sys	0m0.075s
84
124
Generating /cluster/projects/nn8008k/lluisa/NextSIM/seas/Fmap_10days/2001_OND_ic0.5_dt0.0025_DT0.0100/21_W_matrix.npy

real	0m23.063s
user	0m0.081s
sys	0m0.075s
88
128
Generating /cluster/projects/nn8008k/lluisa/NextSIM/seas/Fmap_10days/2001_OND_ic0.5_dt0.0025_DT0.0100/22_W_matrix.npy

real	0m24.296s
user	0m0.074s
sys	0m0.082s
92
132
Generating /cluster/projects/nn8008k/lluisa/NextSIM/seas/Fmap_10days/2001_OND_ic0.5_dt0.0025_DT0.0100/23_W_matrix.npy

real	0m23.714s
user	0m0.067s
sys	0m0.081s
96
136
Generating /cluster/projects/nn8008k/lluisa/NextSIM/seas/Fmap_10days/2001_OND_ic0.5_dt0.0025_DT0.0100/24_W_matrix.npy

real	0m24.594s
user	0m0.065s
sys	0m0.090s
100
140
Generating /cluster/projects/nn8008k/lluisa/NextSIM/seas/Fmap_10days/2001_OND_ic0.5_dt0.0025_DT0.0100/25_W_matrix.npy

real	0m23.801s
user	0m0.059s
sys	0m0.096s
104
144
Generating /cluster/projects/nn8008k/lluisa/NextSIM/seas/Fmap_10days/2001_OND_ic0.5_dt0.0025_DT0.0100/26_W_matrix.npy

real	0m25.442s
user	0m0.082s
sys	0m0.075s
108
148
Generating /cluster/projects/nn8008k/lluisa/NextSIM/seas/Fmap_10days/2001_OND_ic0.5_dt0.0025_DT0.0100/27_W_matrix.npy

real	0m27.286s
user	0m0.085s
sys	0m0.070s
112
152
Generating /cluster/projects/nn8008k/lluisa/NextSIM/seas/Fmap_10days/2001_OND_ic0.5_dt0.0025_DT0.0100/28_W_matrix.npy

real	0m27.919s
user	0m0.066s
sys	0m0.088s
116
156
Generating /cluster/projects/nn8008k/lluisa/NextSIM/seas/Fmap_10days/2001_OND_ic0.5_dt0.0025_DT0.0100/29_W_matrix.npy

real	0m26.650s
user	0m0.076s
sys	0m0.076s
120
160
Generating /cluster/projects/nn8008k/lluisa/NextSIM/seas/Fmap_10days/2001_OND_ic0.5_dt0.0025_DT0.0100/30_W_matrix.npy

real	0m28.630s
user	0m0.067s
sys	0m0.086s
124
164
Generating /cluster/projects/nn8008k/lluisa/NextSIM/seas/Fmap_10days/2001_OND_ic0.5_dt0.0025_DT0.0100/31_W_matrix.npy

real	0m28.912s
user	0m0.073s
sys	0m0.083s
128
168
Generating /cluster/projects/nn8008k/lluisa/NextSIM/seas/Fmap_10days/2001_OND_ic0.5_dt0.0025_DT0.0100/32_W_matrix.npy

real	0m25.995s
user	0m0.066s
sys	0m0.084s
132
172
Generating /cluster/projects/nn8008k/lluisa/NextSIM/seas/Fmap_10days/2001_OND_ic0.5_dt0.0025_DT0.0100/33_W_matrix.npy

real	0m26.661s
user	0m0.074s
sys	0m0.078s
136
176
Generating /cluster/projects/nn8008k/lluisa/NextSIM/seas/Fmap_10days/2001_OND_ic0.5_dt0.0025_DT0.0100/34_W_matrix.npy

real	0m27.838s
user	0m0.069s
sys	0m0.085s
140
180
Generating /cluster/projects/nn8008k/lluisa/NextSIM/seas/Fmap_10days/2001_OND_ic0.5_dt0.0025_DT0.0100/35_W_matrix.npy

real	0m26.921s
user	0m0.070s
sys	0m0.081s
144
184
Generating /cluster/projects/nn8008k/lluisa/NextSIM/seas/Fmap_10days/2001_OND_ic0.5_dt0.0025_DT0.0100/36_W_matrix.npy

real	0m28.120s
user	0m0.064s
sys	0m0.085s
148
188
Generating /cluster/projects/nn8008k/lluisa/NextSIM/seas/Fmap_10days/2001_OND_ic0.5_dt0.0025_DT0.0100/37_W_matrix.npy

real	0m28.774s
user	0m0.068s
sys	0m0.088s
152
192
Generating /cluster/projects/nn8008k/lluisa/NextSIM/seas/Fmap_10days/2001_OND_ic0.5_dt0.0025_DT0.0100/38_W_matrix.npy

real	0m29.556s
user	0m0.068s
sys	0m0.079s
156
196
Generating /cluster/projects/nn8008k/lluisa/NextSIM/seas/Fmap_10days/2001_OND_ic0.5_dt0.0025_DT0.0100/39_W_matrix.npy

real	0m28.174s
user	0m0.076s
sys	0m0.076s
160
200
Generating /cluster/projects/nn8008k/lluisa/NextSIM/seas/Fmap_10days/2001_OND_ic0.5_dt0.0025_DT0.0100/40_W_matrix.npy

real	0m28.805s
user	0m0.063s
sys	0m0.088s
164
204
Generating /cluster/projects/nn8008k/lluisa/NextSIM/seas/Fmap_10days/2001_OND_ic0.5_dt0.0025_DT0.0100/41_W_matrix.npy

real	0m27.552s
user	0m0.064s
sys	0m0.095s
168
208
Generating /cluster/projects/nn8008k/lluisa/NextSIM/seas/Fmap_10days/2001_OND_ic0.5_dt0.0025_DT0.0100/42_W_matrix.npy

real	0m31.927s
user	0m0.075s
sys	0m0.082s
172
212
Generating /cluster/projects/nn8008k/lluisa/NextSIM/seas/Fmap_10days/2001_OND_ic0.5_dt0.0025_DT0.0100/43_W_matrix.npy

real	0m30.064s
user	0m0.074s
sys	0m0.081s
176
216
Generating /cluster/projects/nn8008k/lluisa/NextSIM/seas/Fmap_10days/2001_OND_ic0.5_dt0.0025_DT0.0100/44_W_matrix.npy

real	0m32.280s
user	0m0.072s
sys	0m0.076s
180
220
Generating /cluster/projects/nn8008k/lluisa/NextSIM/seas/Fmap_10days/2001_OND_ic0.5_dt0.0025_DT0.0100/45_W_matrix.npy

real	0m30.465s
user	0m0.059s
sys	0m0.091s
184
224
Generating /cluster/projects/nn8008k/lluisa/NextSIM/seas/Fmap_10days/2001_OND_ic0.5_dt0.0025_DT0.0100/46_W_matrix.npy

real	0m29.386s
user	0m0.069s
sys	0m0.087s
188
228
Generating /cluster/projects/nn8008k/lluisa/NextSIM/seas/Fmap_10days/2001_OND_ic0.5_dt0.0025_DT0.0100/47_W_matrix.npy

real	0m32.960s
user	0m0.074s
sys	0m0.080s
192
232
Generating /cluster/projects/nn8008k/lluisa/NextSIM/seas/Fmap_10days/2001_OND_ic0.5_dt0.0025_DT0.0100/48_W_matrix.npy

real	0m32.034s
user	0m0.059s
sys	0m0.091s
196
236
Generating /cluster/projects/nn8008k/lluisa/NextSIM/seas/Fmap_10days/2001_OND_ic0.5_dt0.0025_DT0.0100/49_W_matrix.npy

real	0m31.524s
user	0m0.074s
sys	0m0.079s
200
240
Generating /cluster/projects/nn8008k/lluisa/NextSIM/seas/Fmap_10days/2001_OND_ic0.5_dt0.0025_DT0.0100/50_W_matrix.npy

real	0m34.252s
user	0m0.084s
sys	0m0.069s
204
244
Generating /cluster/projects/nn8008k/lluisa/NextSIM/seas/Fmap_10days/2001_OND_ic0.5_dt0.0025_DT0.0100/51_W_matrix.npy

real	0m31.985s
user	0m0.063s
sys	0m0.087s
208
248
Generating /cluster/projects/nn8008k/lluisa/NextSIM/seas/Fmap_10days/2001_OND_ic0.5_dt0.0025_DT0.0100/52_W_matrix.npy
Traceback (most recent call last):
  File "/cluster/work/users/llpui9007/ndaily_runs/similarity/W_MPI.py", line 107, in <module>
    np.save(results_directory+'/'+str(int(tmin/time_steps_per_day))+'_W_matrix.npy', W_vec)
  File "/cluster/home/llpui9007/.local/lib/python3.11/site-packages/numpy/lib/_npyio_impl.py", line 574, in save
    format.write_array(fid, arr, allow_pickle=allow_pickle,
  File "/cluster/home/llpui9007/.local/lib/python3.11/site-packages/numpy/lib/format.py", line 755, in write_array
    array.tofile(fp)
OSError: 5182590 requested and 692720 written
srun: error: c23-4: task 0: Exited with exit code 1
srun: Terminating StepId=6229051.200

real	0m32.005s
user	0m0.071s
sys	0m0.084s

Job 6229051 consumed 912.5 billing hours from project nn8008k.

Submitted 2025-05-04T10:09:19; waited 1.0 seconds in the queue after becoming eligible to run.

Requested wallclock time: 16.0 hours
Elapsed wallclock time:   1.8 hours

Job failed.

Task and CPU statistics:
ID              CPUs  Tasks  CPU util                Start  Elapsed  Exit status
6229051          512            0.0 %  2025-05-04T10:09:20    1.8 h  1
6229051.batch     32      1     0.0 %  2025-05-04T10:09:20    1.8 h  1
6229051.python   512    512    30.6 %  2025-05-04T10:09:29    0.0 h  0
6229051.python   512    512    89.3 %  2025-05-04T10:11:44    0.0 h  0
6229051.python   512    512    87.3 %  2025-05-04T10:12:28    0.0 h  0
6229051.python   512    512    80.2 %  2025-05-04T10:13:13    0.0 h  0
6229051.python   512    512    89.1 %  2025-05-04T10:14:02    0.0 h  0
6229051.python   512    512    84.2 %  2025-05-04T10:14:46    0.0 h  0
6229051.python   512    512    87.5 %  2025-05-04T10:15:33    0.0 h  0
6229051.python   512    512    80.4 %  2025-05-04T10:16:18    0.0 h  0
6229051.python   512    512    78.8 %  2025-05-04T10:17:07    0.0 h  0
6229051.python   512    512    87.2 %  2025-05-04T10:17:57    0.0 h  0
6229051.python   512    512    80.5 %  2025-05-04T10:18:42    0.0 h  0
6229051.python   512    512    91.5 %  2025-05-04T10:19:31    0.0 h  0
6229051.python   512    512    85.8 %  2025-05-04T10:20:14    0.0 h  0
6229051.python   512    512    86.0 %  2025-05-04T10:21:00    0.0 h  0
6229051.python   512    512    89.0 %  2025-05-04T10:21:46    0.0 h  0
6229051.python   512    512    87.3 %  2025-05-04T10:22:30    0.0 h  0
6229051.python   512    512    83.7 %  2025-05-04T10:23:15    0.0 h  0
6229051.python   512    512    89.2 %  2025-05-04T10:24:02    0.0 h  0
6229051.python   512    512    88.9 %  2025-05-04T10:24:46    0.0 h  0
6229051.python   512    512    76.7 %  2025-05-04T10:25:30    0.0 h  0
6229051.python   512    512    89.9 %  2025-05-04T10:26:21    0.0 h  0
6229051.python   512    512    77.5 %  2025-05-04T10:27:04    0.0 h  0
6229051.python   512    512    87.4 %  2025-05-04T10:27:54    0.0 h  0
6229051.python   512    512    82.2 %  2025-05-04T10:28:38    0.0 h  0
6229051.python   512    512    89.8 %  2025-05-04T10:29:25    0.0 h  0
6229051.python   512    512    77.4 %  2025-05-04T10:30:08    0.0 h  0
6229051.python   512    512    77.7 %  2025-05-04T10:30:58    0.0 h  0
6229051.python   512    512    88.2 %  2025-05-04T10:31:48    0.0 h  0
6229051.python   512    512    81.1 %  2025-05-04T10:32:32    0.0 h  0
6229051.python   512    512    84.3 %  2025-05-04T10:33:20    0.0 h  0
6229051.python   512    512    88.0 %  2025-05-04T10:34:06    0.0 h  0
6229051.python   512    512    84.3 %  2025-05-04T10:34:50    0.0 h  0
6229051.python   512    512    88.1 %  2025-05-04T10:35:36    0.0 h  0
6229051.python   512    512    87.7 %  2025-05-04T10:36:20    0.0 h  0
6229051.python   512    512    80.3 %  2025-05-04T10:37:04    0.0 h  0
6229051.python   512    512    79.8 %  2025-05-04T10:37:52    0.0 h  0
6229051.python   512    512    81.2 %  2025-05-04T10:38:40    0.0 h  0
6229051.python   512    512    86.2 %  2025-05-04T10:39:27    0.0 h  0
6229051.python   512    512    88.2 %  2025-05-04T10:40:11    0.0 h  0
6229051.python   512    512    86.1 %  2025-05-04T10:40:54    0.0 h  0
6229051.python   512    512    80.6 %  2025-05-04T10:41:38    0.0 h  0
6229051.python   512    512    83.6 %  2025-05-04T10:42:25    0.0 h  0
6229051.python   512    512    82.0 %  2025-05-04T10:43:10    0.0 h  0
6229051.python   512    512    89.1 %  2025-05-04T10:43:56    0.0 h  0
6229051.python   512    512    84.9 %  2025-05-04T10:44:38    0.0 h  0
6229051.python   512    512    83.9 %  2025-05-04T10:45:22    0.0 h  0
6229051.python   512    512    87.4 %  2025-05-04T10:46:07    0.0 h  0
6229051.python   512    512    86.6 %  2025-05-04T10:46:50    0.0 h  0
6229051.python   512    512    92.5 %  2025-05-04T10:47:33    0.0 h  0
6229051.python   512    512    86.4 %  2025-05-04T10:48:13    0.0 h  0
6229051.python   512    512    84.2 %  2025-05-04T10:48:56    0.0 h  0
6229051.python   512    512    87.4 %  2025-05-04T10:49:40    0.0 h  0
6229051.python   512    512    88.8 %  2025-05-04T10:50:22    0.0 h  0
6229051.python   512    512    86.1 %  2025-05-04T10:51:03    0.0 h  0
6229051.python   512    512    85.7 %  2025-05-04T10:51:45    0.0 h  0
6229051.python   512    512    83.6 %  2025-05-04T10:52:27    0.0 h  0
6229051.python   512    512    86.7 %  2025-05-04T10:53:11    0.0 h  0
6229051.python   512    512    90.1 %  2025-05-04T10:53:52    0.0 h  0
6229051.python   512    512    84.9 %  2025-05-04T10:54:31    0.0 h  0
6229051.python   512    512    80.8 %  2025-05-04T10:55:12    0.0 h  0
6229051.python   512    512    85.6 %  2025-05-04T10:55:55    0.0 h  0
6229051.python   512    512    87.2 %  2025-05-04T10:56:35    0.0 h  0
6229051.python   512    512    88.3 %  2025-05-04T10:57:14    0.0 h  0
6229051.python   512    512    85.4 %  2025-05-04T10:57:52    0.0 h  0
6229051.python   512    512    86.8 %  2025-05-04T10:58:31    0.0 h  0
6229051.python   512    512    88.5 %  2025-05-04T10:59:09    0.0 h  0
6229051.python   512    512    84.1 %  2025-05-04T10:59:46    0.0 h  0
6229051.python   512    512    86.0 %  2025-05-04T11:00:25    0.0 h  0
6229051.python   512    512    83.0 %  2025-05-04T11:01:01    0.0 h  0
6229051.python   512    512    86.4 %  2025-05-04T11:01:38    0.0 h  0
6229051.python   512    512    83.3 %  2025-05-04T11:02:13    0.0 h  0
6229051.python   512    512    86.3 %  2025-05-04T11:02:49    0.0 h  0
6229051.python   512    512    87.2 %  2025-05-04T11:03:23    0.0 h  0
6229051.python   512    512    86.3 %  2025-05-04T11:03:56    0.0 h  0
6229051.python   512    512    80.2 %  2025-05-04T11:04:29    0.0 h  0
6229051.python   512    512    78.7 %  2025-05-04T11:05:04    0.0 h  0
6229051.python   512    512    85.5 %  2025-05-04T11:05:39    0.0 h  0
6229051.python   512    512    78.7 %  2025-05-04T11:06:11    0.0 h  0
6229051.python   512    512    84.7 %  2025-05-04T11:06:45    0.0 h  0
6229051.python   512    512    86.3 %  2025-05-04T11:07:16    0.0 h  0
6229051.python   512    512    87.0 %  2025-05-04T11:07:46    0.0 h  0
6229051.python   512    512    88.3 %  2025-05-04T11:08:15    0.0 h  0
6229051.python   512    512    86.0 %  2025-05-04T11:08:43    0.0 h  0
6229051.python   512    512    82.1 %  2025-05-04T11:09:11    0.0 h  0
6229051.python   512    512    85.0 %  2025-05-04T11:09:40    0.0 h  0
6229051.python   512    512    81.3 %  2025-05-04T11:10:08    0.0 h  0
6229051.python   512    512    86.1 %  2025-05-04T11:10:37    0.0 h  0
6229051.python   512    512    86.4 %  2025-05-04T11:11:04    0.0 h  0
6229051.python   512    512    92.4 %  2025-05-04T11:11:31    0.0 h  0
6229051.python   512    512    76.1 %  2025-05-04T11:11:56    0.0 h  0
6229051.python   512    512    86.2 %  2025-05-04T11:12:26    0.0 h  0
6229051.python   512    512    88.7 %  2025-05-04T11:12:52    0.0 h  0
6229051.python   512    512    81.3 %  2025-05-04T11:13:17    0.0 h  0
6229051.python   512    512    83.3 %  2025-05-04T11:13:44    0.0 h  0
6229051.python   512    512    83.3 %  2025-05-04T11:14:10    0.0 h  0
6229051.python   512    512    72.5 %  2025-05-04T11:14:36    0.0 h  0
6229051.python   512    512    85.8 %  2025-05-04T11:15:06    0.0 h  0
6229051.python   512    512    84.9 %  2025-05-04T11:15:31    0.0 h  0
6229051.python   512    512    81.9 %  2025-05-04T11:15:56    0.0 h  0
6229051.python   512    512    86.9 %  2025-05-04T11:16:22    0.0 h  0
6229051.python   512    512    85.8 %  2025-05-04T11:16:46    0.0 h  0
6229051.python   512    512    85.0 %  2025-05-04T11:17:10    0.0 h  0
6229051.python   512    512    79.1 %  2025-05-04T11:17:34    0.0 h  0
6229051.python   512    512    84.9 %  2025-05-04T11:18:00    0.0 h  0
6229051.python   512    512    88.0 %  2025-05-04T11:18:24    0.0 h  0
6229051.python   512    512    83.6 %  2025-05-04T11:18:47    0.0 h  0
6229051.python   512    512    86.9 %  2025-05-04T11:19:11    0.0 h  0
6229051.python   512    512    84.9 %  2025-05-04T11:19:34    0.0 h  0
6229051.python   512    512    84.6 %  2025-05-04T11:19:57    0.0 h  0
6229051.python   512    512    83.8 %  2025-05-04T11:20:20    0.0 h  0
6229051.python   512    512    87.2 %  2025-05-04T11:20:43    0.0 h  0
6229051.python   512    512    86.2 %  2025-05-04T11:21:05    0.0 h  0
6229051.python   512    512    85.1 %  2025-05-04T11:21:27    0.0 h  0
6229051.python   512    512    80.7 %  2025-05-04T11:21:49    0.0 h  0
6229051.python   512    512    87.7 %  2025-05-04T11:22:12    0.0 h  0
6229051.python   512    512    79.8 %  2025-05-04T11:22:33    0.0 h  0
6229051.python   512    512    82.8 %  2025-05-04T11:22:56    0.0 h  0
6229051.python   512    512    86.5 %  2025-05-04T11:23:18    0.0 h  0
6229051.python   512    512    87.9 %  2025-05-04T11:23:39    0.0 h  0
6229051.python   512    512    79.5 %  2025-05-04T11:23:59    0.0 h  0
6229051.python   512    512    86.4 %  2025-05-04T11:24:21    0.0 h  0
6229051.python   512    512    81.9 %  2025-05-04T11:24:41    0.0 h  0
6229051.python   512    512    76.8 %  2025-05-04T11:25:02    0.0 h  0
6229051.python   512    512    88.0 %  2025-05-04T11:25:24    0.0 h  0
6229051.python   512    512    75.9 %  2025-05-04T11:25:43    0.0 h  0
6229051.python   512    512    87.1 %  2025-05-04T11:26:05    0.0 h  0
6229051.python   512    512    86.6 %  2025-05-04T11:26:24    0.0 h  0
6229051.python   512    512    85.3 %  2025-05-04T11:26:43    0.0 h  0
6229051.python   512    512    85.3 %  2025-05-04T11:27:02    0.0 h  0
6229051.python   512    512    84.1 %  2025-05-04T11:27:21    0.0 h  0
6229051.python   512    512    80.0 %  2025-05-04T11:27:40    0.0 h  0
6229051.python   512    512    83.2 %  2025-05-04T11:28:00    0.0 h  0
6229051.python   512    512    84.3 %  2025-05-04T11:28:19    0.0 h  0
6229051.python   512    512    79.3 %  2025-05-04T11:28:38    0.0 h  0
6229051.python   512    512    82.9 %  2025-05-04T11:28:58    0.0 h  0
6229051.python   512    512    87.2 %  2025-05-04T11:29:17    0.0 h  0
6229051.python   512    512    83.8 %  2025-05-04T11:29:35    0.0 h  0
6229051.python   512    512    82.8 %  2025-05-04T11:29:54    0.0 h  0
6229051.python   512    512    83.2 %  2025-05-04T11:30:13    0.0 h  0
6229051.python   512    512    83.1 %  2025-05-04T11:30:32    0.0 h  0
6229051.python   512    512    87.5 %  2025-05-04T11:30:51    0.0 h  0
6229051.python   512    512    83.0 %  2025-05-04T11:31:09    0.0 h  0
6229051.python   512    512    87.8 %  2025-05-04T11:31:28    0.0 h  0
6229051.python   512    512    82.9 %  2025-05-04T11:31:47    0.0 h  0
6229051.python   512    512    83.2 %  2025-05-04T11:32:06    0.0 h  0
6229051.python   512    512    83.6 %  2025-05-04T11:32:25    0.0 h  0
6229051.python   512    512    82.8 %  2025-05-04T11:32:44    0.0 h  0
6229051.python   512    512    83.4 %  2025-05-04T11:33:03    0.0 h  0
6229051.python   512    512    77.5 %  2025-05-04T11:33:22    0.0 h  0
6229051.python   512    512    78.3 %  2025-05-04T11:33:44    0.0 h  0
6229051.python   512    512    91.1 %  2025-05-04T11:34:06    0.0 h  0
6229051.python   512    512    87.4 %  2025-05-04T11:34:25    0.0 h  0
6229051.python   512    512    84.1 %  2025-05-04T11:34:45    0.0 h  0
6229051.python   512    512    88.7 %  2025-05-04T11:35:06    0.0 h  0
6229051.python   512    512    81.9 %  2025-05-04T11:35:26    0.0 h  0
6229051.python   512    512    78.6 %  2025-05-04T11:35:48    0.0 h  0
6229051.python   512    512    86.5 %  2025-05-04T11:36:11    0.0 h  0
6229051.python   512    512    80.3 %  2025-05-04T11:36:32    0.0 h  0
6229051.python   512    512    80.8 %  2025-05-04T11:36:55    0.0 h  0
6229051.python   512    512    88.8 %  2025-05-04T11:37:18    0.0 h  0
6229051.python   512    512    85.5 %  2025-05-04T11:37:39    0.0 h  0
6229051.python   512    512    82.6 %  2025-05-04T11:38:01    0.0 h  0
6229051.python   512    512    86.4 %  2025-05-04T11:38:24    0.0 h  0
6229051.python   512    512    86.7 %  2025-05-04T11:38:46    0.0 h  0
6229051.python   512    512    83.2 %  2025-05-04T11:39:08    0.0 h  0
6229051.python   512    512    87.8 %  2025-05-04T11:39:31    0.0 h  0
6229051.python   512    512    89.2 %  2025-05-04T11:39:53    0.0 h  0
6229051.python   512    512    87.2 %  2025-05-04T11:40:15    0.0 h  0
6229051.python   512    512    78.0 %  2025-05-04T11:40:38    0.0 h  0
6229051.python   512    512    88.4 %  2025-05-04T11:41:04    0.0 h  0
6229051.python   512    512    85.1 %  2025-05-04T11:41:27    0.0 h  0
6229051.python   512    512    86.0 %  2025-05-04T11:41:51    0.0 h  0
6229051.python   512    512    83.5 %  2025-05-04T11:42:15    0.0 h  0
6229051.python   512    512    91.9 %  2025-05-04T11:42:40    0.0 h  0
6229051.python   512    512    82.3 %  2025-05-04T11:43:03    0.0 h  0
6229051.python   512    512    80.3 %  2025-05-04T11:43:29    0.0 h  0
6229051.python   512    512    78.5 %  2025-05-04T11:43:56    0.0 h  0
6229051.python   512    512    82.0 %  2025-05-04T11:44:24    0.0 h  0
6229051.python   512    512    81.0 %  2025-05-04T11:44:51    0.0 h  0
6229051.python   512    512    79.3 %  2025-05-04T11:45:19    0.0 h  0
6229051.python   512    512    88.7 %  2025-05-04T11:45:48    0.0 h  0
6229051.python   512    512    86.2 %  2025-05-04T11:46:14    0.0 h  0
6229051.python   512    512    83.7 %  2025-05-04T11:46:41    0.0 h  0
6229051.python   512    512    87.7 %  2025-05-04T11:47:09    0.0 h  0
6229051.python   512    512    85.6 %  2025-05-04T11:47:36    0.0 h  0
6229051.python   512    512    82.9 %  2025-05-04T11:48:04    0.0 h  0
6229051.python   512    512    83.9 %  2025-05-04T11:48:33    0.0 h  0
6229051.python   512    512    87.0 %  2025-05-04T11:49:02    0.0 h  0
6229051.python   512    512    84.7 %  2025-05-04T11:49:30    0.0 h  0
6229051.python   512    512    88.2 %  2025-05-04T11:49:59    0.0 h  0
6229051.python   512    512    78.8 %  2025-05-04T11:50:27    0.0 h  0
6229051.python   512    512    84.5 %  2025-05-04T11:50:59    0.0 h  0
6229051.python   512    512    80.4 %  2025-05-04T11:51:29    0.0 h  0
6229051.python   512    512    86.4 %  2025-05-04T11:52:01    0.0 h  0
6229051.python   512    512    86.4 %  2025-05-04T11:52:31    0.0 h  0
6229051.python   512    512    80.0 %  2025-05-04T11:53:01    0.0 h  0
6229051.python   512    512    83.4 %  2025-05-04T11:53:34    0.0 h  0
6229051.python   512    512    88.0 %  2025-05-04T11:54:06    0.0 h  0
6229051.python   512    512    78.4 %  2025-05-04T11:54:37    0.0 h  0
6229051.python   512    512    86.3 %  2025-05-04T11:55:12    0.0 h  0
6229051.python   512    512    87.2 %  2025-05-04T11:55:44    0.0 h  1

Used CPU time:   31.7 CPU days
Unused CPU time: 6.4 CPU days

Memory statistics, in GiB:
ID               Alloc   Usage
6229051          944.0        
6229051.batch     59.0     0.0
6229051.python   944.0   304.2
6229051.python   944.0   300.0
6229051.python   944.0   300.3
6229051.python   944.0   300.1
6229051.python   944.0   300.4
6229051.python   944.0   301.4
6229051.python   944.0   300.9
6229051.python   944.0   300.6
6229051.python   944.0   300.3
6229051.python   944.0   300.5
6229051.python   944.0   300.7
6229051.python   944.0   300.8
6229051.python   944.0   301.0
6229051.python   944.0   301.1
6229051.python   944.0   300.4
6229051.python   944.0   300.5
6229051.python   944.0   300.5
6229051.python   944.0   300.4
6229051.python   944.0   300.2
6229051.python   944.0   299.5
6229051.python   944.0   298.7
6229051.python   944.0   298.2
6229051.python   944.0   297.9
6229051.python   944.0   298.2
6229051.python   944.0   298.4
6229051.python   944.0   298.0
6229051.python   944.0   298.6
6229051.python   944.0   299.2
6229051.python   944.0   299.1
6229051.python   944.0   298.8
6229051.python   944.0   298.7
6229051.python   944.0   298.9
6229051.python   944.0   298.8
6229051.python   944.0   298.2
6229051.python   944.0   297.8
6229051.python   944.0   297.0
6229051.python   944.0   296.6
6229051.python   944.0   296.1
6229051.python   944.0   296.0
6229051.python   944.0   295.8
6229051.python   944.0   295.5
6229051.python   944.0   295.0
6229051.python   944.0   294.9
6229051.python   944.0   294.4
6229051.python   944.0   294.3
6229051.python   944.0   295.3
6229051.python   944.0   295.0
6229051.python   944.0   293.7
6229051.python   944.0   293.3
6229051.python   944.0   293.5
6229051.python   944.0   292.9
6229051.python   944.0   292.0
6229051.python   944.0   291.1
6229051.python   944.0   290.1
6229051.python   944.0   289.7
6229051.python   944.0   289.6
6229051.python   944.0   288.1
6229051.python   944.0   286.8
6229051.python   944.0   285.7
6229051.python   944.0   285.0
6229051.python   944.0   283.8
6229051.python   944.0   282.9
6229051.python   944.0   281.5
6229051.python   944.0   280.5
6229051.python   944.0   279.6
6229051.python   944.0   278.7
6229051.python   944.0   278.6
6229051.python   944.0   272.5
6229051.python   944.0   271.4
6229051.python   944.0   269.9
6229051.python   944.0   268.6
6229051.python   944.0   220.1
6229051.python   944.0   135.3
6229051.python   944.0   129.3
6229051.python   944.0   127.1
6229051.python   944.0   126.4
6229051.python   944.0   126.4
6229051.python   944.0   126.4
6229051.python   944.0   126.1
6229051.python   944.0    83.9
6229051.python   944.0    83.9
6229051.python   944.0    83.1
6229051.python   944.0    85.1
6229051.python   944.0    86.5
6229051.python   944.0    85.6
6229051.python   944.0    86.4
6229051.python   944.0    84.4
6229051.python   944.0    84.3
6229051.python   944.0    83.6
6229051.python   944.0    83.3
6229051.python   944.0    84.1
6229051.python   944.0    84.9
6229051.python   944.0    85.9
6229051.python   944.0    83.6
6229051.python   944.0    81.4
6229051.python   944.0    99.6
6229051.python   944.0    82.3
6229051.python   944.0    85.4
6229051.python   944.0    85.6
6229051.python   944.0    83.9
6229051.python   944.0    84.4
6229051.python   944.0    83.7
6229051.python   944.0    84.1
6229051.python   944.0    83.4
6229051.python   944.0    83.3
6229051.python   944.0    83.3
6229051.python   944.0    83.9
6229051.python   944.0    83.8
6229051.python   944.0    86.4
6229051.python   944.0    84.5
6229051.python   944.0    85.3
6229051.python   944.0    85.9
6229051.python   944.0    83.9
6229051.python   944.0    84.3
6229051.python   944.0    83.9
6229051.python   944.0    84.6
6229051.python   944.0    83.7
6229051.python   944.0    84.6
6229051.python   944.0    81.3
6229051.python   944.0    82.6
6229051.python   944.0    86.8
6229051.python   944.0    84.4
6229051.python   944.0    86.2
6229051.python   944.0    83.7
6229051.python   944.0    85.6
6229051.python   944.0    82.7
6229051.python   944.0    84.8
6229051.python   944.0    83.9
6229051.python   944.0    82.5
6229051.python   944.0    83.2
6229051.python   944.0    84.3
6229051.python   944.0    84.4
6229051.python   944.0    82.0
6229051.python   944.0    83.5
6229051.python   944.0    85.7
6229051.python   944.0    84.0
6229051.python   944.0    84.2
6229051.python   944.0    87.1
6229051.python   944.0    84.2
6229051.python   944.0    79.9
6229051.python   944.0    84.9
6229051.python   944.0    84.6
6229051.python   944.0    85.0
6229051.python   944.0    86.5
6229051.python   944.0    84.6
6229051.python   944.0    83.8
6229051.python   944.0    84.5
6229051.python   944.0    83.1
6229051.python   944.0    85.4
6229051.python   944.0    84.3
6229051.python   944.0    82.5
6229051.python   944.0    85.9
6229051.python   944.0    83.6
6229051.python   944.0    84.9
6229051.python   944.0    85.0
6229051.python   944.0    85.8
6229051.python   944.0    84.1
6229051.python   944.0    82.6
6229051.python   944.0    84.5
6229051.python   944.0    85.4
6229051.python   944.0    85.9
6229051.python   944.0    83.7
6229051.python   944.0    85.0
6229051.python   944.0    83.6
6229051.python   944.0    83.2
6229051.python   944.0    84.7
6229051.python   944.0    87.1
6229051.python   944.0    87.8
6229051.python   944.0    83.4
6229051.python   944.0    83.9
6229051.python   944.0    85.0
6229051.python   944.0    84.3
6229051.python   944.0    83.3
6229051.python   944.0    84.5
6229051.python   944.0    84.4
6229051.python   944.0    86.4
6229051.python   944.0    84.7
6229051.python   944.0    82.0
6229051.python   944.0    86.2
6229051.python   944.0    83.8
6229051.python   944.0    84.9
6229051.python   944.0    87.1
6229051.python   944.0    85.8
6229051.python   944.0    84.7
6229051.python   944.0    86.6
6229051.python   944.0    86.2
6229051.python   944.0    82.9
6229051.python   944.0    85.9
6229051.python   944.0    86.0
6229051.python   944.0    84.9
6229051.python   944.0   126.3
6229051.python   944.0    84.0
6229051.python   944.0   126.3
6229051.python   944.0    92.7
6229051.python   944.0    83.6
6229051.python   944.0   126.5
6229051.python   944.0   126.8
6229051.python   944.0   126.6
6229051.python   944.0   126.4
6229051.python   944.0   126.4
6229051.python   944.0   127.2

Job 6229051 completed at Sun May 4 11:56:16 CEST 2025
