Starting job 6228842 on c33-3,c34-[2,4-5,10],c35-[1-2,4-6,8-12],c36-1 on fram at Sat May 3 00:46:12 CEST 2025


Currently Loaded Modules:
  1) StdEnv (S)

  Where:
   S:  Module is Sticky, requires --force to unload or purge

 


The following have been reloaded with a version change:
  1) GCCcore/13.3.0 => GCCcore/13.2.0
  2) OpenSSL/3 => OpenSSL/1.1
  3) Python/3.12.3-GCCcore-13.3.0 => Python/3.11.5-GCCcore-13.2.0
  4) SQLite/3.45.3-GCCcore-13.3.0 => SQLite/3.43.1-GCCcore-13.2.0
  5) Tcl/8.6.14-GCCcore-13.3.0 => Tcl/8.6.13-GCCcore-13.2.0
  6) XZ/5.4.5-GCCcore-13.3.0 => XZ/5.4.4-GCCcore-13.2.0
  7) binutils/2.42-GCCcore-13.3.0 => binutils/2.40-GCCcore-13.2.0
  8) bzip2/1.0.8-GCCcore-13.3.0 => bzip2/1.0.8-GCCcore-13.2.0
  9) libffi/3.4.5-GCCcore-13.3.0 => libffi/3.4.4-GCCcore-13.2.0
 10) libreadline/8.2-GCCcore-13.3.0 => libreadline/8.2-GCCcore-13.2.0
 11) ncurses/6.5-GCCcore-13.3.0 => ncurses/6.4-GCCcore-13.2.0
 12) zlib/1.3.1-GCCcore-13.3.0 => zlib/1.2.13-GCCcore-13.2.0

0
40
Generating /cluster/projects/nn8008k/lluisa/NextSIM/seas/Fmap_10days/2004_AMJ_ic0.5_dt0.0025_DT0.0100/0_W_matrix.npy

real	1m7.242s
user	0m0.062s
sys	0m0.102s
4
44
Generating /cluster/projects/nn8008k/lluisa/NextSIM/seas/Fmap_10days/2004_AMJ_ic0.5_dt0.0025_DT0.0100/1_W_matrix.npy

real	0m46.442s
user	0m0.074s
sys	0m0.077s
8
48
Generating /cluster/projects/nn8008k/lluisa/NextSIM/seas/Fmap_10days/2004_AMJ_ic0.5_dt0.0025_DT0.0100/2_W_matrix.npy

real	0m52.122s
user	0m0.066s
sys	0m0.090s
12
52
Generating /cluster/projects/nn8008k/lluisa/NextSIM/seas/Fmap_10days/2004_AMJ_ic0.5_dt0.0025_DT0.0100/3_W_matrix.npy

real	0m44.240s
user	0m0.084s
sys	0m0.073s
16
56
Generating /cluster/projects/nn8008k/lluisa/NextSIM/seas/Fmap_10days/2004_AMJ_ic0.5_dt0.0025_DT0.0100/4_W_matrix.npy

real	0m46.883s
user	0m0.073s
sys	0m0.079s
20
60
Generating /cluster/projects/nn8008k/lluisa/NextSIM/seas/Fmap_10days/2004_AMJ_ic0.5_dt0.0025_DT0.0100/5_W_matrix.npy

real	0m46.527s
user	0m0.077s
sys	0m0.083s
24
64
Generating /cluster/projects/nn8008k/lluisa/NextSIM/seas/Fmap_10days/2004_AMJ_ic0.5_dt0.0025_DT0.0100/6_W_matrix.npy

real	0m43.185s
user	0m0.078s
sys	0m0.071s
28
68
Generating /cluster/projects/nn8008k/lluisa/NextSIM/seas/Fmap_10days/2004_AMJ_ic0.5_dt0.0025_DT0.0100/7_W_matrix.npy

real	0m45.640s
user	0m0.067s
sys	0m0.089s
32
72
Generating /cluster/projects/nn8008k/lluisa/NextSIM/seas/Fmap_10days/2004_AMJ_ic0.5_dt0.0025_DT0.0100/8_W_matrix.npy

real	0m44.366s
user	0m0.081s
sys	0m0.076s
36
76
Generating /cluster/projects/nn8008k/lluisa/NextSIM/seas/Fmap_10days/2004_AMJ_ic0.5_dt0.0025_DT0.0100/9_W_matrix.npy

real	0m44.056s
user	0m0.063s
sys	0m0.088s
40
80
Generating /cluster/projects/nn8008k/lluisa/NextSIM/seas/Fmap_10days/2004_AMJ_ic0.5_dt0.0025_DT0.0100/10_W_matrix.npy

real	0m49.124s
user	0m0.079s
sys	0m0.075s
44
84
Generating /cluster/projects/nn8008k/lluisa/NextSIM/seas/Fmap_10days/2004_AMJ_ic0.5_dt0.0025_DT0.0100/11_W_matrix.npy

real	0m44.014s
user	0m0.067s
sys	0m0.090s
48
88
Generating /cluster/projects/nn8008k/lluisa/NextSIM/seas/Fmap_10days/2004_AMJ_ic0.5_dt0.0025_DT0.0100/12_W_matrix.npy

real	0m50.262s
user	0m0.059s
sys	0m0.098s
52
92
Generating /cluster/projects/nn8008k/lluisa/NextSIM/seas/Fmap_10days/2004_AMJ_ic0.5_dt0.0025_DT0.0100/13_W_matrix.npy

real	0m44.961s
user	0m0.073s
sys	0m0.081s
56
96
Generating /cluster/projects/nn8008k/lluisa/NextSIM/seas/Fmap_10days/2004_AMJ_ic0.5_dt0.0025_DT0.0100/14_W_matrix.npy
srun: Job step aborted: Waiting up to 32 seconds for job step to finish.
slurmstepd: error: *** JOB 6228842 ON c33-3 CANCELLED AT 2025-05-03T00:57:59 ***
slurmstepd: error: *** STEP 6228842.14 ON c33-3 CANCELLED AT 2025-05-03T00:57:59 ***

Job 6228842 consumed 100.6 billing hours from project nn8008k.

Submitted 2025-05-03T00:46:03; waited 9.0 seconds in the queue after becoming eligible to run.

Requested wallclock time: 3.0 days
Elapsed wallclock time:   11.8 minutes

Job was cancelled.

Task and CPU statistics:
ID              CPUs  Tasks  CPU util                Start  Elapsed  Exit status
6228842          512            0.0 %  2025-05-03T00:46:12  707.0 s  0
6228842.batch     32      1     0.0 %  2025-05-03T00:46:12  708.0 s  Signal 15
6228842.python   512    512    59.6 %  2025-05-03T00:46:14   68.0 s  0
6228842.python   512    512    86.4 %  2025-05-03T00:47:22   46.0 s  0
6228842.python   512    512    76.7 %  2025-05-03T00:48:08   52.0 s  0
6228842.python   512    512    90.0 %  2025-05-03T00:49:00   44.0 s  0
6228842.python   512    512    84.2 %  2025-05-03T00:49:44   47.0 s  0
6228842.python   512    512    84.1 %  2025-05-03T00:50:31   47.0 s  0
6228842.python   512    512    91.1 %  2025-05-03T00:51:18   43.0 s  0
6228842.python   512    512    85.8 %  2025-05-03T00:52:01   46.0 s  0
6228842.python   512    512    88.9 %  2025-05-03T00:52:47   44.0 s  0
6228842.python   512    512    88.4 %  2025-05-03T00:53:31   44.0 s  0
6228842.python   512    512    79.7 %  2025-05-03T00:54:15   49.0 s  0
6228842.python   512    512    88.0 %  2025-05-03T00:55:04   44.0 s  0
6228842.python   512    512    76.7 %  2025-05-03T00:55:48   51.0 s  0
6228842.python   512    512    88.5 %  2025-05-03T00:56:39   44.0 s  0
6228842.python   512    512    91.3 %  2025-05-03T00:57:24   38.0 s  Signal 15

Used CPU time:   3.5 CPU days
Unused CPU time: 17.2 CPU hours

Memory statistics, in GiB:
ID               Alloc   Usage
6228842          944.0        
6228842.batch     59.0     0.0
6228842.python   944.0   304.7
6228842.python   944.0   301.5
6228842.python   944.0   301.9
6228842.python   944.0   301.9
6228842.python   944.0   301.5
6228842.python   944.0   301.4
6228842.python   944.0   300.7
6228842.python   944.0   301.0
6228842.python   944.0   300.1
6228842.python   944.0   299.4
6228842.python   944.0   299.4
6228842.python   944.0   298.8
6228842.python   944.0   299.4
6228842.python   944.0   299.3
6228842.python   944.0   299.3

Job 6228842 completed at Sat May 3 00:58:04 CEST 2025
Starting job 6229054 on c27-[5-12],c28-[1-4,7-10] on fram at Sun May 4 10:09:24 CEST 2025


Currently Loaded Modules:
  1) StdEnv (S)

  Where:
   S:  Module is Sticky, requires --force to unload or purge

 


The following have been reloaded with a version change:
  1) GCCcore/13.3.0 => GCCcore/13.2.0
  2) OpenSSL/3 => OpenSSL/1.1
  3) Python/3.12.3-GCCcore-13.3.0 => Python/3.11.5-GCCcore-13.2.0
  4) SQLite/3.45.3-GCCcore-13.3.0 => SQLite/3.43.1-GCCcore-13.2.0
  5) Tcl/8.6.14-GCCcore-13.3.0 => Tcl/8.6.13-GCCcore-13.2.0
  6) XZ/5.4.5-GCCcore-13.3.0 => XZ/5.4.4-GCCcore-13.2.0
  7) binutils/2.42-GCCcore-13.3.0 => binutils/2.40-GCCcore-13.2.0
  8) bzip2/1.0.8-GCCcore-13.3.0 => bzip2/1.0.8-GCCcore-13.2.0
  9) libffi/3.4.5-GCCcore-13.3.0 => libffi/3.4.4-GCCcore-13.2.0
 10) libreadline/8.2-GCCcore-13.3.0 => libreadline/8.2-GCCcore-13.2.0
 11) ncurses/6.5-GCCcore-13.3.0 => ncurses/6.4-GCCcore-13.2.0
 12) zlib/1.3.1-GCCcore-13.3.0 => zlib/1.2.13-GCCcore-13.2.0

0
40
File /cluster/projects/nn8008k/lluisa/NextSIM/seas/Fmap_10days/2004_AMJ_ic0.5_dt0.0025_DT0.0100/0_W_matrix.npy allready exist. Skipping...
4
44
File /cluster/projects/nn8008k/lluisa/NextSIM/seas/Fmap_10days/2004_AMJ_ic0.5_dt0.0025_DT0.0100/1_W_matrix.npy allready exist. Skipping...
8
48
File /cluster/projects/nn8008k/lluisa/NextSIM/seas/Fmap_10days/2004_AMJ_ic0.5_dt0.0025_DT0.0100/2_W_matrix.npy allready exist. Skipping...
12
52
File /cluster/projects/nn8008k/lluisa/NextSIM/seas/Fmap_10days/2004_AMJ_ic0.5_dt0.0025_DT0.0100/3_W_matrix.npy allready exist. Skipping...
16
56
File /cluster/projects/nn8008k/lluisa/NextSIM/seas/Fmap_10days/2004_AMJ_ic0.5_dt0.0025_DT0.0100/4_W_matrix.npy allready exist. Skipping...
20
60
File /cluster/projects/nn8008k/lluisa/NextSIM/seas/Fmap_10days/2004_AMJ_ic0.5_dt0.0025_DT0.0100/5_W_matrix.npy allready exist. Skipping...
24
64
File /cluster/projects/nn8008k/lluisa/NextSIM/seas/Fmap_10days/2004_AMJ_ic0.5_dt0.0025_DT0.0100/6_W_matrix.npy allready exist. Skipping...
28
68
File /cluster/projects/nn8008k/lluisa/NextSIM/seas/Fmap_10days/2004_AMJ_ic0.5_dt0.0025_DT0.0100/7_W_matrix.npy allready exist. Skipping...
32
72
File /cluster/projects/nn8008k/lluisa/NextSIM/seas/Fmap_10days/2004_AMJ_ic0.5_dt0.0025_DT0.0100/8_W_matrix.npy allready exist. Skipping...
36
76
File /cluster/projects/nn8008k/lluisa/NextSIM/seas/Fmap_10days/2004_AMJ_ic0.5_dt0.0025_DT0.0100/9_W_matrix.npy allready exist. Skipping...
40
80
File /cluster/projects/nn8008k/lluisa/NextSIM/seas/Fmap_10days/2004_AMJ_ic0.5_dt0.0025_DT0.0100/10_W_matrix.npy allready exist. Skipping...
44
84
File /cluster/projects/nn8008k/lluisa/NextSIM/seas/Fmap_10days/2004_AMJ_ic0.5_dt0.0025_DT0.0100/11_W_matrix.npy allready exist. Skipping...
48
88
File /cluster/projects/nn8008k/lluisa/NextSIM/seas/Fmap_10days/2004_AMJ_ic0.5_dt0.0025_DT0.0100/12_W_matrix.npy allready exist. Skipping...
52
92
File /cluster/projects/nn8008k/lluisa/NextSIM/seas/Fmap_10days/2004_AMJ_ic0.5_dt0.0025_DT0.0100/13_W_matrix.npy allready exist. Skipping...
56
96
Generating /cluster/projects/nn8008k/lluisa/NextSIM/seas/Fmap_10days/2004_AMJ_ic0.5_dt0.0025_DT0.0100/14_W_matrix.npy

real	2m9.075s
user	0m0.074s
sys	0m0.085s
60
100
Generating /cluster/projects/nn8008k/lluisa/NextSIM/seas/Fmap_10days/2004_AMJ_ic0.5_dt0.0025_DT0.0100/15_W_matrix.npy

real	0m49.932s
user	0m0.064s
sys	0m0.090s
64
104
Generating /cluster/projects/nn8008k/lluisa/NextSIM/seas/Fmap_10days/2004_AMJ_ic0.5_dt0.0025_DT0.0100/16_W_matrix.npy

real	0m49.833s
user	0m0.075s
sys	0m0.081s
68
108
Generating /cluster/projects/nn8008k/lluisa/NextSIM/seas/Fmap_10days/2004_AMJ_ic0.5_dt0.0025_DT0.0100/17_W_matrix.npy

real	0m48.228s
user	0m0.067s
sys	0m0.092s
72
112
Generating /cluster/projects/nn8008k/lluisa/NextSIM/seas/Fmap_10days/2004_AMJ_ic0.5_dt0.0025_DT0.0100/18_W_matrix.npy

real	0m44.051s
user	0m0.068s
sys	0m0.083s
76
116
Generating /cluster/projects/nn8008k/lluisa/NextSIM/seas/Fmap_10days/2004_AMJ_ic0.5_dt0.0025_DT0.0100/19_W_matrix.npy

real	0m45.317s
user	0m0.069s
sys	0m0.083s
80
120
Generating /cluster/projects/nn8008k/lluisa/NextSIM/seas/Fmap_10days/2004_AMJ_ic0.5_dt0.0025_DT0.0100/20_W_matrix.npy

real	0m41.893s
user	0m0.073s
sys	0m0.073s
84
124
Generating /cluster/projects/nn8008k/lluisa/NextSIM/seas/Fmap_10days/2004_AMJ_ic0.5_dt0.0025_DT0.0100/21_W_matrix.npy

real	0m42.542s
user	0m0.075s
sys	0m0.084s
88
128
Generating /cluster/projects/nn8008k/lluisa/NextSIM/seas/Fmap_10days/2004_AMJ_ic0.5_dt0.0025_DT0.0100/22_W_matrix.npy

real	0m44.776s
user	0m0.072s
sys	0m0.083s
92
132
Generating /cluster/projects/nn8008k/lluisa/NextSIM/seas/Fmap_10days/2004_AMJ_ic0.5_dt0.0025_DT0.0100/23_W_matrix.npy

real	0m47.553s
user	0m0.064s
sys	0m0.087s
96
136
Generating /cluster/projects/nn8008k/lluisa/NextSIM/seas/Fmap_10days/2004_AMJ_ic0.5_dt0.0025_DT0.0100/24_W_matrix.npy

real	0m42.607s
user	0m0.060s
sys	0m0.093s
100
140
Generating /cluster/projects/nn8008k/lluisa/NextSIM/seas/Fmap_10days/2004_AMJ_ic0.5_dt0.0025_DT0.0100/25_W_matrix.npy

real	0m44.432s
user	0m0.067s
sys	0m0.084s
104
144
Generating /cluster/projects/nn8008k/lluisa/NextSIM/seas/Fmap_10days/2004_AMJ_ic0.5_dt0.0025_DT0.0100/26_W_matrix.npy

real	0m47.600s
user	0m0.070s
sys	0m0.083s
108
148
Generating /cluster/projects/nn8008k/lluisa/NextSIM/seas/Fmap_10days/2004_AMJ_ic0.5_dt0.0025_DT0.0100/27_W_matrix.npy

real	0m44.658s
user	0m0.071s
sys	0m0.088s
112
152
Generating /cluster/projects/nn8008k/lluisa/NextSIM/seas/Fmap_10days/2004_AMJ_ic0.5_dt0.0025_DT0.0100/28_W_matrix.npy

real	0m43.703s
user	0m0.075s
sys	0m0.073s
116
156
Generating /cluster/projects/nn8008k/lluisa/NextSIM/seas/Fmap_10days/2004_AMJ_ic0.5_dt0.0025_DT0.0100/29_W_matrix.npy

real	0m43.587s
user	0m0.067s
sys	0m0.085s
120
160
Generating /cluster/projects/nn8008k/lluisa/NextSIM/seas/Fmap_10days/2004_AMJ_ic0.5_dt0.0025_DT0.0100/30_W_matrix.npy

real	0m47.579s
user	0m0.070s
sys	0m0.083s
124
164
Generating /cluster/projects/nn8008k/lluisa/NextSIM/seas/Fmap_10days/2004_AMJ_ic0.5_dt0.0025_DT0.0100/31_W_matrix.npy

real	0m44.602s
user	0m0.078s
sys	0m0.078s
128
168
Generating /cluster/projects/nn8008k/lluisa/NextSIM/seas/Fmap_10days/2004_AMJ_ic0.5_dt0.0025_DT0.0100/32_W_matrix.npy

real	0m47.043s
user	0m0.073s
sys	0m0.083s
132
172
Generating /cluster/projects/nn8008k/lluisa/NextSIM/seas/Fmap_10days/2004_AMJ_ic0.5_dt0.0025_DT0.0100/33_W_matrix.npy

real	0m41.623s
user	0m0.071s
sys	0m0.075s
136
176
Generating /cluster/projects/nn8008k/lluisa/NextSIM/seas/Fmap_10days/2004_AMJ_ic0.5_dt0.0025_DT0.0100/34_W_matrix.npy

real	0m43.902s
user	0m0.068s
sys	0m0.081s
140
180
Generating /cluster/projects/nn8008k/lluisa/NextSIM/seas/Fmap_10days/2004_AMJ_ic0.5_dt0.0025_DT0.0100/35_W_matrix.npy

real	0m46.422s
user	0m0.062s
sys	0m0.091s
144
184
Generating /cluster/projects/nn8008k/lluisa/NextSIM/seas/Fmap_10days/2004_AMJ_ic0.5_dt0.0025_DT0.0100/36_W_matrix.npy

real	0m41.439s
user	0m0.068s
sys	0m0.086s
148
188
Generating /cluster/projects/nn8008k/lluisa/NextSIM/seas/Fmap_10days/2004_AMJ_ic0.5_dt0.0025_DT0.0100/37_W_matrix.npy

real	0m41.626s
user	0m0.062s
sys	0m0.092s
152
192
Generating /cluster/projects/nn8008k/lluisa/NextSIM/seas/Fmap_10days/2004_AMJ_ic0.5_dt0.0025_DT0.0100/38_W_matrix.npy

real	0m46.223s
user	0m0.073s
sys	0m0.083s
156
196
Generating /cluster/projects/nn8008k/lluisa/NextSIM/seas/Fmap_10days/2004_AMJ_ic0.5_dt0.0025_DT0.0100/39_W_matrix.npy

real	0m43.261s
user	0m0.077s
sys	0m0.075s
160
200
Generating /cluster/projects/nn8008k/lluisa/NextSIM/seas/Fmap_10days/2004_AMJ_ic0.5_dt0.0025_DT0.0100/40_W_matrix.npy

real	0m40.890s
user	0m0.067s
sys	0m0.084s
164
204
Generating /cluster/projects/nn8008k/lluisa/NextSIM/seas/Fmap_10days/2004_AMJ_ic0.5_dt0.0025_DT0.0100/41_W_matrix.npy

real	0m42.601s
user	0m0.080s
sys	0m0.073s
168
208
Generating /cluster/projects/nn8008k/lluisa/NextSIM/seas/Fmap_10days/2004_AMJ_ic0.5_dt0.0025_DT0.0100/42_W_matrix.npy

real	0m42.622s
user	0m0.074s
sys	0m0.080s
172
212
Generating /cluster/projects/nn8008k/lluisa/NextSIM/seas/Fmap_10days/2004_AMJ_ic0.5_dt0.0025_DT0.0100/43_W_matrix.npy

real	0m41.212s
user	0m0.057s
sys	0m0.096s
176
216
Generating /cluster/projects/nn8008k/lluisa/NextSIM/seas/Fmap_10days/2004_AMJ_ic0.5_dt0.0025_DT0.0100/44_W_matrix.npy

real	0m42.215s
user	0m0.060s
sys	0m0.088s
180
220
Generating /cluster/projects/nn8008k/lluisa/NextSIM/seas/Fmap_10days/2004_AMJ_ic0.5_dt0.0025_DT0.0100/45_W_matrix.npy

real	0m40.110s
user	0m0.055s
sys	0m0.095s
184
224
Generating /cluster/projects/nn8008k/lluisa/NextSIM/seas/Fmap_10days/2004_AMJ_ic0.5_dt0.0025_DT0.0100/46_W_matrix.npy

real	0m39.985s
user	0m0.066s
sys	0m0.083s
188
228
Generating /cluster/projects/nn8008k/lluisa/NextSIM/seas/Fmap_10days/2004_AMJ_ic0.5_dt0.0025_DT0.0100/47_W_matrix.npy

real	0m44.847s
user	0m0.069s
sys	0m0.082s
192
232
Generating /cluster/projects/nn8008k/lluisa/NextSIM/seas/Fmap_10days/2004_AMJ_ic0.5_dt0.0025_DT0.0100/48_W_matrix.npy

real	0m45.243s
user	0m0.067s
sys	0m0.086s
196
236
Generating /cluster/projects/nn8008k/lluisa/NextSIM/seas/Fmap_10days/2004_AMJ_ic0.5_dt0.0025_DT0.0100/49_W_matrix.npy

real	0m40.224s
user	0m0.076s
sys	0m0.073s
200
240
Generating /cluster/projects/nn8008k/lluisa/NextSIM/seas/Fmap_10days/2004_AMJ_ic0.5_dt0.0025_DT0.0100/50_W_matrix.npy

real	0m41.963s
user	0m0.068s
sys	0m0.077s
204
244
Generating /cluster/projects/nn8008k/lluisa/NextSIM/seas/Fmap_10days/2004_AMJ_ic0.5_dt0.0025_DT0.0100/51_W_matrix.npy

real	0m39.725s
user	0m0.071s
sys	0m0.079s
208
248
Generating /cluster/projects/nn8008k/lluisa/NextSIM/seas/Fmap_10days/2004_AMJ_ic0.5_dt0.0025_DT0.0100/52_W_matrix.npy

real	0m44.001s
user	0m0.073s
sys	0m0.077s
212
252
Generating /cluster/projects/nn8008k/lluisa/NextSIM/seas/Fmap_10days/2004_AMJ_ic0.5_dt0.0025_DT0.0100/53_W_matrix.npy

real	0m44.236s
user	0m0.056s
sys	0m0.097s
216
256
Generating /cluster/projects/nn8008k/lluisa/NextSIM/seas/Fmap_10days/2004_AMJ_ic0.5_dt0.0025_DT0.0100/54_W_matrix.npy

real	0m41.412s
user	0m0.063s
sys	0m0.084s
220
260
Generating /cluster/projects/nn8008k/lluisa/NextSIM/seas/Fmap_10days/2004_AMJ_ic0.5_dt0.0025_DT0.0100/55_W_matrix.npy

real	0m41.030s
user	0m0.072s
sys	0m0.082s
224
264
Generating /cluster/projects/nn8008k/lluisa/NextSIM/seas/Fmap_10days/2004_AMJ_ic0.5_dt0.0025_DT0.0100/56_W_matrix.npy

real	0m40.802s
user	0m0.060s
sys	0m0.088s
228
268
Generating /cluster/projects/nn8008k/lluisa/NextSIM/seas/Fmap_10days/2004_AMJ_ic0.5_dt0.0025_DT0.0100/57_W_matrix.npy

real	0m40.683s
user	0m0.068s
sys	0m0.078s
232
272
Generating /cluster/projects/nn8008k/lluisa/NextSIM/seas/Fmap_10days/2004_AMJ_ic0.5_dt0.0025_DT0.0100/58_W_matrix.npy

real	0m42.937s
user	0m0.069s
sys	0m0.084s
236
276
Generating /cluster/projects/nn8008k/lluisa/NextSIM/seas/Fmap_10days/2004_AMJ_ic0.5_dt0.0025_DT0.0100/59_W_matrix.npy

real	0m41.237s
user	0m0.062s
sys	0m0.084s
240
280
Generating /cluster/projects/nn8008k/lluisa/NextSIM/seas/Fmap_10days/2004_AMJ_ic0.5_dt0.0025_DT0.0100/60_W_matrix.npy

real	0m43.478s
user	0m0.077s
sys	0m0.079s
244
284
Generating /cluster/projects/nn8008k/lluisa/NextSIM/seas/Fmap_10days/2004_AMJ_ic0.5_dt0.0025_DT0.0100/61_W_matrix.npy

real	0m40.588s
user	0m0.069s
sys	0m0.086s
248
288
Generating /cluster/projects/nn8008k/lluisa/NextSIM/seas/Fmap_10days/2004_AMJ_ic0.5_dt0.0025_DT0.0100/62_W_matrix.npy

real	0m40.377s
user	0m0.062s
sys	0m0.089s
252
292
Generating /cluster/projects/nn8008k/lluisa/NextSIM/seas/Fmap_10days/2004_AMJ_ic0.5_dt0.0025_DT0.0100/63_W_matrix.npy

real	0m40.420s
user	0m0.068s
sys	0m0.088s
256
296
Generating /cluster/projects/nn8008k/lluisa/NextSIM/seas/Fmap_10days/2004_AMJ_ic0.5_dt0.0025_DT0.0100/64_W_matrix.npy

real	0m39.385s
user	0m0.075s
sys	0m0.077s
260
300
Generating /cluster/projects/nn8008k/lluisa/NextSIM/seas/Fmap_10days/2004_AMJ_ic0.5_dt0.0025_DT0.0100/65_W_matrix.npy

real	0m39.422s
user	0m0.067s
sys	0m0.085s
264
304
Generating /cluster/projects/nn8008k/lluisa/NextSIM/seas/Fmap_10days/2004_AMJ_ic0.5_dt0.0025_DT0.0100/66_W_matrix.npy

real	0m39.250s
user	0m0.061s
sys	0m0.089s
268
308
Generating /cluster/projects/nn8008k/lluisa/NextSIM/seas/Fmap_10days/2004_AMJ_ic0.5_dt0.0025_DT0.0100/67_W_matrix.npy

real	0m39.039s
user	0m0.084s
sys	0m0.071s
272
312
Generating /cluster/projects/nn8008k/lluisa/NextSIM/seas/Fmap_10days/2004_AMJ_ic0.5_dt0.0025_DT0.0100/68_W_matrix.npy

real	0m40.711s
user	0m0.074s
sys	0m0.077s
276
316
Generating /cluster/projects/nn8008k/lluisa/NextSIM/seas/Fmap_10days/2004_AMJ_ic0.5_dt0.0025_DT0.0100/69_W_matrix.npy

real	0m42.630s
user	0m0.075s
sys	0m0.074s
280
320
Generating /cluster/projects/nn8008k/lluisa/NextSIM/seas/Fmap_10days/2004_AMJ_ic0.5_dt0.0025_DT0.0100/70_W_matrix.npy

real	0m43.066s
user	0m0.088s
sys	0m0.067s
284
324
Generating /cluster/projects/nn8008k/lluisa/NextSIM/seas/Fmap_10days/2004_AMJ_ic0.5_dt0.0025_DT0.0100/71_W_matrix.npy

real	0m42.716s
user	0m0.076s
sys	0m0.079s
288
328
Generating /cluster/projects/nn8008k/lluisa/NextSIM/seas/Fmap_10days/2004_AMJ_ic0.5_dt0.0025_DT0.0100/72_W_matrix.npy

real	0m38.180s
user	0m0.065s
sys	0m0.086s
292
332
Generating /cluster/projects/nn8008k/lluisa/NextSIM/seas/Fmap_10days/2004_AMJ_ic0.5_dt0.0025_DT0.0100/73_W_matrix.npy

real	0m38.771s
user	0m0.068s
sys	0m0.085s
296
336
Generating /cluster/projects/nn8008k/lluisa/NextSIM/seas/Fmap_10days/2004_AMJ_ic0.5_dt0.0025_DT0.0100/74_W_matrix.npy

real	0m40.590s
user	0m0.065s
sys	0m0.081s
300
340
Generating /cluster/projects/nn8008k/lluisa/NextSIM/seas/Fmap_10days/2004_AMJ_ic0.5_dt0.0025_DT0.0100/75_W_matrix.npy

real	0m39.183s
user	0m0.085s
sys	0m0.066s
304
344
Generating /cluster/projects/nn8008k/lluisa/NextSIM/seas/Fmap_10days/2004_AMJ_ic0.5_dt0.0025_DT0.0100/76_W_matrix.npy

real	0m37.588s
user	0m0.072s
sys	0m0.082s
308
348
Generating /cluster/projects/nn8008k/lluisa/NextSIM/seas/Fmap_10days/2004_AMJ_ic0.5_dt0.0025_DT0.0100/77_W_matrix.npy

real	0m38.933s
user	0m0.066s
sys	0m0.083s
312
352
Generating /cluster/projects/nn8008k/lluisa/NextSIM/seas/Fmap_10days/2004_AMJ_ic0.5_dt0.0025_DT0.0100/78_W_matrix.npy

real	0m41.969s
user	0m0.062s
sys	0m0.098s
316
356
Generating /cluster/projects/nn8008k/lluisa/NextSIM/seas/Fmap_10days/2004_AMJ_ic0.5_dt0.0025_DT0.0100/79_W_matrix.npy

real	0m40.598s
user	0m0.065s
sys	0m0.086s
320
360
Generating /cluster/projects/nn8008k/lluisa/NextSIM/seas/Fmap_10days/2004_AMJ_ic0.5_dt0.0025_DT0.0100/80_W_matrix.npy

real	0m37.407s
user	0m0.068s
sys	0m0.082s
0
40
Generating /cluster/projects/nn8008k/lluisa/NextSIM/seas/Fmap_10days/2004_JAS_ic0.5_dt0.0025_DT0.0100/0_W_matrix.npy

real	0m35.868s
user	0m0.069s
sys	0m0.082s
4
44
Generating /cluster/projects/nn8008k/lluisa/NextSIM/seas/Fmap_10days/2004_JAS_ic0.5_dt0.0025_DT0.0100/1_W_matrix.npy

real	0m35.808s
user	0m0.075s
sys	0m0.077s
8
48
Generating /cluster/projects/nn8008k/lluisa/NextSIM/seas/Fmap_10days/2004_JAS_ic0.5_dt0.0025_DT0.0100/2_W_matrix.npy

real	0m34.272s
user	0m0.074s
sys	0m0.085s
12
52
Generating /cluster/projects/nn8008k/lluisa/NextSIM/seas/Fmap_10days/2004_JAS_ic0.5_dt0.0025_DT0.0100/3_W_matrix.npy

real	0m31.620s
user	0m0.078s
sys	0m0.076s
16
56
Generating /cluster/projects/nn8008k/lluisa/NextSIM/seas/Fmap_10days/2004_JAS_ic0.5_dt0.0025_DT0.0100/4_W_matrix.npy

real	0m31.362s
user	0m0.070s
sys	0m0.082s
20
60
Generating /cluster/projects/nn8008k/lluisa/NextSIM/seas/Fmap_10days/2004_JAS_ic0.5_dt0.0025_DT0.0100/5_W_matrix.npy

real	0m36.829s
user	0m0.077s
sys	0m0.074s
24
64
Generating /cluster/projects/nn8008k/lluisa/NextSIM/seas/Fmap_10days/2004_JAS_ic0.5_dt0.0025_DT0.0100/6_W_matrix.npy

real	0m34.946s
user	0m0.079s
sys	0m0.077s
28
68
Generating /cluster/projects/nn8008k/lluisa/NextSIM/seas/Fmap_10days/2004_JAS_ic0.5_dt0.0025_DT0.0100/7_W_matrix.npy

real	0m32.674s
user	0m0.069s
sys	0m0.089s
32
72
Generating /cluster/projects/nn8008k/lluisa/NextSIM/seas/Fmap_10days/2004_JAS_ic0.5_dt0.0025_DT0.0100/8_W_matrix.npy

real	0m33.932s
user	0m0.068s
sys	0m0.080s
36
76
Generating /cluster/projects/nn8008k/lluisa/NextSIM/seas/Fmap_10days/2004_JAS_ic0.5_dt0.0025_DT0.0100/9_W_matrix.npy

real	0m31.031s
user	0m0.068s
sys	0m0.083s
40
80
Generating /cluster/projects/nn8008k/lluisa/NextSIM/seas/Fmap_10days/2004_JAS_ic0.5_dt0.0025_DT0.0100/10_W_matrix.npy

real	0m31.730s
user	0m0.072s
sys	0m0.083s
44
84
Generating /cluster/projects/nn8008k/lluisa/NextSIM/seas/Fmap_10days/2004_JAS_ic0.5_dt0.0025_DT0.0100/11_W_matrix.npy

real	0m29.953s
user	0m0.063s
sys	0m0.088s
48
88
Generating /cluster/projects/nn8008k/lluisa/NextSIM/seas/Fmap_10days/2004_JAS_ic0.5_dt0.0025_DT0.0100/12_W_matrix.npy

real	0m33.059s
user	0m0.066s
sys	0m0.081s
52
92
Generating /cluster/projects/nn8008k/lluisa/NextSIM/seas/Fmap_10days/2004_JAS_ic0.5_dt0.0025_DT0.0100/13_W_matrix.npy

real	0m30.900s
user	0m0.073s
sys	0m0.079s
56
96
Generating /cluster/projects/nn8008k/lluisa/NextSIM/seas/Fmap_10days/2004_JAS_ic0.5_dt0.0025_DT0.0100/14_W_matrix.npy

real	0m31.025s
user	0m0.075s
sys	0m0.075s
60
100
Generating /cluster/projects/nn8008k/lluisa/NextSIM/seas/Fmap_10days/2004_JAS_ic0.5_dt0.0025_DT0.0100/15_W_matrix.npy

real	0m28.401s
user	0m0.066s
sys	0m0.087s
64
104
Generating /cluster/projects/nn8008k/lluisa/NextSIM/seas/Fmap_10days/2004_JAS_ic0.5_dt0.0025_DT0.0100/16_W_matrix.npy

real	0m28.199s
user	0m0.083s
sys	0m0.068s
68
108
Generating /cluster/projects/nn8008k/lluisa/NextSIM/seas/Fmap_10days/2004_JAS_ic0.5_dt0.0025_DT0.0100/17_W_matrix.npy

real	0m30.063s
user	0m0.063s
sys	0m0.088s
72
112
Generating /cluster/projects/nn8008k/lluisa/NextSIM/seas/Fmap_10days/2004_JAS_ic0.5_dt0.0025_DT0.0100/18_W_matrix.npy
Traceback (most recent call last):
  File "/cluster/work/users/llpui9007/ndaily_runs/similarity/W_MPI.py", line 107, in <module>
    np.save(results_directory+'/'+str(int(tmin/time_steps_per_day))+'_W_matrix.npy', W_vec)
  File "/cluster/home/llpui9007/.local/lib/python3.11/site-packages/numpy/lib/_npyio_impl.py", line 574, in save
    format.write_array(fid, arr, allow_pickle=allow_pickle,
  File "/cluster/home/llpui9007/.local/lib/python3.11/site-packages/numpy/lib/format.py", line 755, in write_array
    array.tofile(fp)
OSError: 4273426 requested and 577520 written
srun: error: c27-5: task 0: Exited with exit code 1
srun: Terminating StepId=6229054.85

real	0m27.910s
user	0m0.062s
sys	0m0.090s

Job 6229054 consumed 505.5 billing hours from project nn8008k.

Submitted 2025-05-04T10:09:19; waited 1.0 seconds in the queue after becoming eligible to run.

Requested wallclock time: 16.0 hours
Elapsed wallclock time:   59.2 minutes

Job failed.

Task and CPU statistics:
ID              CPUs  Tasks  CPU util                Start   Elapsed  Exit status
6229054          512            0.0 %  2025-05-04T10:09:20  3554.0 s  1
6229054.batch     32      1     0.0 %  2025-05-04T10:09:20  3554.0 s  1
6229054.python   512    512    31.7 %  2025-05-04T10:09:29   129.0 s  0
6229054.python   512    512    78.7 %  2025-05-04T10:11:38    50.0 s  0
6229054.python   512    512    78.2 %  2025-05-04T10:12:28    50.0 s  0
6229054.python   512    512    80.5 %  2025-05-04T10:13:18    48.0 s  0
6229054.python   512    512    87.7 %  2025-05-04T10:14:06    44.0 s  0
6229054.python   512    512    85.5 %  2025-05-04T10:14:50    45.0 s  0
6229054.python   512    512    91.0 %  2025-05-04T10:15:35    42.0 s  0
6229054.python   512    512    88.1 %  2025-05-04T10:16:17    43.0 s  0
6229054.python   512    512    86.4 %  2025-05-04T10:17:00    44.0 s  0
6229054.python   512    512    79.4 %  2025-05-04T10:17:44    48.0 s  0
6229054.python   512    512    88.3 %  2025-05-04T10:18:32    43.0 s  0
6229054.python   512    512    86.8 %  2025-05-04T10:19:15    44.0 s  0
6229054.python   512    512    79.6 %  2025-05-04T10:19:59    48.0 s  0
6229054.python   512    512    86.4 %  2025-05-04T10:20:47    44.0 s  0
6229054.python   512    512    86.0 %  2025-05-04T10:21:31    44.0 s  0
6229054.python   512    512    86.3 %  2025-05-04T10:22:15    44.0 s  0
6229054.python   512    512    81.1 %  2025-05-04T10:22:59    47.0 s  0
6229054.python   512    512    84.5 %  2025-05-04T10:23:46    45.0 s  0
6229054.python   512    512    80.8 %  2025-05-04T10:24:31    47.0 s  0
6229054.python   512    512    91.8 %  2025-05-04T10:25:18    41.0 s  0
6229054.python   512    512    85.2 %  2025-05-04T10:25:59    44.0 s  0
6229054.python   512    512    79.6 %  2025-05-04T10:26:43    47.0 s  0
6229054.python   512    512    90.5 %  2025-05-04T10:27:30    41.0 s  0
6229054.python   512    512    88.5 %  2025-05-04T10:28:11    42.0 s  0
6229054.python   512    512    80.8 %  2025-05-04T10:28:53    46.0 s  0
6229054.python   512    512    86.0 %  2025-05-04T10:29:39    43.0 s  0
6229054.python   512    512    89.9 %  2025-05-04T10:30:22    41.0 s  0
6229054.python   512    512    86.0 %  2025-05-04T10:31:03    43.0 s  0
6229054.python   512    512    87.3 %  2025-05-04T10:31:46    42.0 s  0
6229054.python   512    512    86.8 %  2025-05-04T10:32:28    42.0 s  0
6229054.python   512    512    86.7 %  2025-05-04T10:33:10    42.0 s  0
6229054.python   512    512    90.8 %  2025-05-04T10:33:52    40.0 s  0
6229054.python   512    512    90.8 %  2025-05-04T10:34:32    40.0 s  0
6229054.python   512    512    81.0 %  2025-05-04T10:35:12    45.0 s  0
6229054.python   512    512    80.5 %  2025-05-04T10:35:57    45.0 s  0
6229054.python   512    512    89.6 %  2025-05-04T10:36:42    40.0 s  0
6229054.python   512    512    85.5 %  2025-05-04T10:37:22    42.0 s  0
6229054.python   512    512    89.2 %  2025-05-04T10:38:04    40.0 s  0
6229054.python   512    512    81.0 %  2025-05-04T10:38:44    44.0 s  0
6229054.python   512    512    80.6 %  2025-05-04T10:39:28    44.0 s  0
6229054.python   512    512    83.8 %  2025-05-04T10:40:12    42.0 s  0
6229054.python   512    512    85.4 %  2025-05-04T10:40:54    41.0 s  0
6229054.python   512    512    87.5 %  2025-05-04T10:41:35    40.0 s  0
6229054.python   512    512    85.5 %  2025-05-04T10:42:15    41.0 s  0
6229054.python   512    512    81.3 %  2025-05-04T10:42:56    43.0 s  0
6229054.python   512    512    85.7 %  2025-05-04T10:43:39    41.0 s  0
6229054.python   512    512    80.0 %  2025-05-04T10:44:20    44.0 s  0
6229054.python   512    512    87.2 %  2025-05-04T10:45:04    40.0 s  0
6229054.python   512    512    85.2 %  2025-05-04T10:45:44    41.0 s  0
6229054.python   512    512    86.5 %  2025-05-04T10:46:25    40.0 s  0
6229054.python   512    512    86.5 %  2025-05-04T10:47:05    40.0 s  0
6229054.python   512    512    88.4 %  2025-05-04T10:47:45    39.0 s  0
6229054.python   512    512    88.4 %  2025-05-04T10:48:24    39.0 s  0
6229054.python   512    512    88.8 %  2025-05-04T10:49:03    39.0 s  0
6229054.python   512    512    83.9 %  2025-05-04T10:49:42    41.0 s  0
6229054.python   512    512    80.4 %  2025-05-04T10:50:23    43.0 s  0
6229054.python   512    512    80.2 %  2025-05-04T10:51:06    43.0 s  0
6229054.python   512    512    81.6 %  2025-05-04T10:51:49    42.0 s  0
6229054.python   512    512    87.1 %  2025-05-04T10:52:31    39.0 s  0
6229054.python   512    512    88.8 %  2025-05-04T10:53:10    38.0 s  0
6229054.python   512    512    81.9 %  2025-05-04T10:53:48    41.0 s  0
6229054.python   512    512    85.6 %  2025-05-04T10:54:29    39.0 s  0
6229054.python   512    512    87.4 %  2025-05-04T10:55:08    38.0 s  0
6229054.python   512    512    84.2 %  2025-05-04T10:55:46    39.0 s  0
6229054.python   512    512    77.5 %  2025-05-04T10:56:25    42.0 s  0
6229054.python   512    512    81.4 %  2025-05-04T10:57:07    40.0 s  0
6229054.python   512    512    84.4 %  2025-05-04T10:57:47    38.0 s  0
6229054.python   512    512    82.8 %  2025-05-04T10:58:25    35.0 s  0
6229054.python   512    512    79.3 %  2025-05-04T10:59:00    36.0 s  0
6229054.python   512    512    80.6 %  2025-05-04T10:59:36    35.0 s  0
6229054.python   512    512    90.0 %  2025-05-04T11:00:11    31.0 s  0
6229054.python   512    512    86.3 %  2025-05-04T11:00:42    32.0 s  0
6229054.python   512    512    77.5 %  2025-05-04T11:01:14    36.0 s  0
6229054.python   512    512    79.0 %  2025-05-04T11:01:50    35.0 s  0
6229054.python   512    512    83.4 %  2025-05-04T11:02:25    33.0 s  0
6229054.python   512    512    80.2 %  2025-05-04T11:02:58    34.0 s  0
6229054.python   512    512    87.3 %  2025-05-04T11:03:32    31.0 s  0
6229054.python   512    512    84.5 %  2025-05-04T11:04:03    32.0 s  0
6229054.python   512    512    89.0 %  2025-05-04T11:04:35    30.0 s  0
6229054.python   512    512    80.2 %  2025-05-04T11:05:05    33.0 s  0
6229054.python   512    512    84.4 %  2025-05-04T11:05:38    31.0 s  0
6229054.python   512    512    82.6 %  2025-05-04T11:06:09    31.0 s  0
6229054.python   512    512    90.3 %  2025-05-04T11:06:40    28.0 s  0
6229054.python   512    512    88.2 %  2025-05-04T11:07:08    28.0 s  0
6229054.python   512    512    80.3 %  2025-05-04T11:07:36    30.0 s  0
6229054.python   512    512    84.2 %  2025-05-04T11:08:06    28.0 s  1

Used CPU time:   17.4 CPU days
Unused CPU time: 3.7 CPU days

Memory statistics, in GiB:
ID               Alloc   Usage
6229054          944.0        
6229054.batch     59.0     0.0
6229054.python   944.0   303.1
6229054.python   944.0   299.4
6229054.python   944.0   299.2
6229054.python   944.0   298.2
6229054.python   944.0   298.3
6229054.python   944.0   297.9
6229054.python   944.0   297.3
6229054.python   944.0   296.1
6229054.python   944.0   296.3
6229054.python   944.0   296.3
6229054.python   944.0   296.2
6229054.python   944.0   296.9
6229054.python   944.0   296.7
6229054.python   944.0   296.4
6229054.python   944.0   295.9
6229054.python   944.0   296.4
6229054.python   944.0   296.5
6229054.python   944.0   296.5
6229054.python   944.0   295.9
6229054.python   944.0   295.3
6229054.python   944.0   294.7
6229054.python   944.0   294.1
6229054.python   944.0   293.6
6229054.python   944.0   293.8
6229054.python   944.0   293.3
6229054.python   944.0   293.1
6229054.python   944.0   292.7
6229054.python   944.0   292.8
6229054.python   944.0   291.8
6229054.python   944.0   291.2
6229054.python   944.0   291.2
6229054.python   944.0   291.0
6229054.python   944.0   290.9
6229054.python   944.0   290.8
6229054.python   944.0   289.6
6229054.python   944.0   289.2
6229054.python   944.0   289.4
6229054.python   944.0   288.8
6229054.python   944.0   288.0
6229054.python   944.0   287.6
6229054.python   944.0   286.9
6229054.python   944.0   286.3
6229054.python   944.0   286.2
6229054.python   944.0   286.5
6229054.python   944.0   286.0
6229054.python   944.0   286.6
6229054.python   944.0   286.7
6229054.python   944.0   285.8
6229054.python   944.0   286.2
6229054.python   944.0   284.9
6229054.python   944.0   284.9
6229054.python   944.0   284.7
6229054.python   944.0   284.5
6229054.python   944.0   285.0
6229054.python   944.0   284.1
6229054.python   944.0   284.5
6229054.python   944.0   284.1
6229054.python   944.0   283.4
6229054.python   944.0   282.9
6229054.python   944.0   281.9
6229054.python   944.0   281.2
6229054.python   944.0   280.5
6229054.python   944.0   280.4
6229054.python   944.0   278.7
6229054.python   944.0   277.4
6229054.python   944.0   277.6
6229054.python   944.0   276.4
6229054.python   944.0   144.0
6229054.python   944.0   131.6
6229054.python   944.0   128.2
6229054.python   944.0   126.6
6229054.python   944.0   126.4
6229054.python   944.0   127.2
6229054.python   944.0   127.2
6229054.python   944.0   126.9
6229054.python   944.0   127.0
6229054.python   944.0   126.4
6229054.python   944.0   126.4
6229054.python   944.0    86.7
6229054.python   944.0   126.5
6229054.python   944.0   126.2
6229054.python   944.0   126.3
6229054.python   944.0    82.3
6229054.python   944.0    84.7
6229054.python   944.0    87.4
6229054.python   944.0    85.3

Job 6229054 completed at Sun May 4 11:08:35 CEST 2025
