Starting job 6228848 on c70-[9,11-12],c71-[1-12],c72-1 on fram at Sat May 3 00:46:12 CEST 2025


Currently Loaded Modules:
  1) StdEnv (S)

  Where:
   S:  Module is Sticky, requires --force to unload or purge

 


The following have been reloaded with a version change:
  1) GCCcore/13.3.0 => GCCcore/13.2.0
  2) OpenSSL/3 => OpenSSL/1.1
  3) Python/3.12.3-GCCcore-13.3.0 => Python/3.11.5-GCCcore-13.2.0
  4) SQLite/3.45.3-GCCcore-13.3.0 => SQLite/3.43.1-GCCcore-13.2.0
  5) Tcl/8.6.14-GCCcore-13.3.0 => Tcl/8.6.13-GCCcore-13.2.0
  6) XZ/5.4.5-GCCcore-13.3.0 => XZ/5.4.4-GCCcore-13.2.0
  7) binutils/2.42-GCCcore-13.3.0 => binutils/2.40-GCCcore-13.2.0
  8) bzip2/1.0.8-GCCcore-13.3.0 => bzip2/1.0.8-GCCcore-13.2.0
  9) libffi/3.4.5-GCCcore-13.3.0 => libffi/3.4.4-GCCcore-13.2.0
 10) libreadline/8.2-GCCcore-13.3.0 => libreadline/8.2-GCCcore-13.2.0
 11) ncurses/6.5-GCCcore-13.3.0 => ncurses/6.4-GCCcore-13.2.0
 12) zlib/1.3.1-GCCcore-13.3.0 => zlib/1.2.13-GCCcore-13.2.0

0
40
Generating /cluster/projects/nn8008k/lluisa/NextSIM/seas/Fmap_10days/2010_AMJ_ic0.5_dt0.0025_DT0.0100/0_W_matrix.npy

real	2m50.016s
user	0m0.067s
sys	0m0.095s
4
44
Generating /cluster/projects/nn8008k/lluisa/NextSIM/seas/Fmap_10days/2010_AMJ_ic0.5_dt0.0025_DT0.0100/1_W_matrix.npy

real	2m40.999s
user	0m0.085s
sys	0m0.081s
8
48
Generating /cluster/projects/nn8008k/lluisa/NextSIM/seas/Fmap_10days/2010_AMJ_ic0.5_dt0.0025_DT0.0100/2_W_matrix.npy

real	2m39.076s
user	0m0.072s
sys	0m0.098s
12
52
Generating /cluster/projects/nn8008k/lluisa/NextSIM/seas/Fmap_10days/2010_AMJ_ic0.5_dt0.0025_DT0.0100/3_W_matrix.npy

real	2m40.898s
user	0m0.068s
sys	0m0.101s
16
56
Generating /cluster/projects/nn8008k/lluisa/NextSIM/seas/Fmap_10days/2010_AMJ_ic0.5_dt0.0025_DT0.0100/4_W_matrix.npy

real	2m44.121s
user	0m0.073s
sys	0m0.100s
20
60
Generating /cluster/projects/nn8008k/lluisa/NextSIM/seas/Fmap_10days/2010_AMJ_ic0.5_dt0.0025_DT0.0100/5_W_matrix.npy

real	2m38.000s
user	0m0.058s
sys	0m0.108s
24
64
Generating /cluster/projects/nn8008k/lluisa/NextSIM/seas/Fmap_10days/2010_AMJ_ic0.5_dt0.0025_DT0.0100/6_W_matrix.npy

real	2m43.893s
user	0m0.075s
sys	0m0.097s
28
68
Generating /cluster/projects/nn8008k/lluisa/NextSIM/seas/Fmap_10days/2010_AMJ_ic0.5_dt0.0025_DT0.0100/7_W_matrix.npy

real	2m49.997s
user	0m0.070s
sys	0m0.102s
32
72
Generating /cluster/projects/nn8008k/lluisa/NextSIM/seas/Fmap_10days/2010_AMJ_ic0.5_dt0.0025_DT0.0100/8_W_matrix.npy

real	2m39.992s
user	0m0.091s
sys	0m0.077s
36
76
Generating /cluster/projects/nn8008k/lluisa/NextSIM/seas/Fmap_10days/2010_AMJ_ic0.5_dt0.0025_DT0.0100/9_W_matrix.npy

real	2m38.137s
user	0m0.069s
sys	0m0.104s
40
80
Generating /cluster/projects/nn8008k/lluisa/NextSIM/seas/Fmap_10days/2010_AMJ_ic0.5_dt0.0025_DT0.0100/10_W_matrix.npy

real	2m42.962s
user	0m0.072s
sys	0m0.097s
44
84
Generating /cluster/projects/nn8008k/lluisa/NextSIM/seas/Fmap_10days/2010_AMJ_ic0.5_dt0.0025_DT0.0100/11_W_matrix.npy

real	2m38.008s
user	0m0.078s
sys	0m0.093s
48
88
Generating /cluster/projects/nn8008k/lluisa/NextSIM/seas/Fmap_10days/2010_AMJ_ic0.5_dt0.0025_DT0.0100/12_W_matrix.npy

real	2m35.895s
user	0m0.083s
sys	0m0.090s
52
92
Generating /cluster/projects/nn8008k/lluisa/NextSIM/seas/Fmap_10days/2010_AMJ_ic0.5_dt0.0025_DT0.0100/13_W_matrix.npy

real	2m40.099s
user	0m0.074s
sys	0m0.098s
56
96
Generating /cluster/projects/nn8008k/lluisa/NextSIM/seas/Fmap_10days/2010_AMJ_ic0.5_dt0.0025_DT0.0100/14_W_matrix.npy

real	2m38.018s
user	0m0.069s
sys	0m0.104s
60
100
Generating /cluster/projects/nn8008k/lluisa/NextSIM/seas/Fmap_10days/2010_AMJ_ic0.5_dt0.0025_DT0.0100/15_W_matrix.npy

real	2m37.013s
user	0m0.073s
sys	0m0.100s
64
104
Generating /cluster/projects/nn8008k/lluisa/NextSIM/seas/Fmap_10days/2010_AMJ_ic0.5_dt0.0025_DT0.0100/16_W_matrix.npy

real	2m36.962s
user	0m0.060s
sys	0m0.113s
68
108
Generating /cluster/projects/nn8008k/lluisa/NextSIM/seas/Fmap_10days/2010_AMJ_ic0.5_dt0.0025_DT0.0100/17_W_matrix.npy

real	2m39.025s
user	0m0.068s
sys	0m0.099s
72
112
Generating /cluster/projects/nn8008k/lluisa/NextSIM/seas/Fmap_10days/2010_AMJ_ic0.5_dt0.0025_DT0.0100/18_W_matrix.npy

real	2m40.979s
user	0m0.080s
sys	0m0.095s
76
116
Generating /cluster/projects/nn8008k/lluisa/NextSIM/seas/Fmap_10days/2010_AMJ_ic0.5_dt0.0025_DT0.0100/19_W_matrix.npy

real	2m39.007s
user	0m0.076s
sys	0m0.090s
80
120
Generating /cluster/projects/nn8008k/lluisa/NextSIM/seas/Fmap_10days/2010_AMJ_ic0.5_dt0.0025_DT0.0100/20_W_matrix.npy

real	2m44.991s
user	0m0.070s
sys	0m0.096s
84
124
Generating /cluster/projects/nn8008k/lluisa/NextSIM/seas/Fmap_10days/2010_AMJ_ic0.5_dt0.0025_DT0.0100/21_W_matrix.npy

real	2m37.993s
user	0m0.070s
sys	0m0.095s
88
128
Generating /cluster/projects/nn8008k/lluisa/NextSIM/seas/Fmap_10days/2010_AMJ_ic0.5_dt0.0025_DT0.0100/22_W_matrix.npy

real	2m41.899s
user	0m0.079s
sys	0m0.092s
92
132
Generating /cluster/projects/nn8008k/lluisa/NextSIM/seas/Fmap_10days/2010_AMJ_ic0.5_dt0.0025_DT0.0100/23_W_matrix.npy

real	2m34.154s
user	0m0.068s
sys	0m0.099s
96
136
Generating /cluster/projects/nn8008k/lluisa/NextSIM/seas/Fmap_10days/2010_AMJ_ic0.5_dt0.0025_DT0.0100/24_W_matrix.npy

real	2m37.847s
user	0m0.070s
sys	0m0.100s
100
140
Generating /cluster/projects/nn8008k/lluisa/NextSIM/seas/Fmap_10days/2010_AMJ_ic0.5_dt0.0025_DT0.0100/25_W_matrix.npy

real	2m38.354s
user	0m0.071s
sys	0m0.097s
104
144
Generating /cluster/projects/nn8008k/lluisa/NextSIM/seas/Fmap_10days/2010_AMJ_ic0.5_dt0.0025_DT0.0100/26_W_matrix.npy

real	2m37.650s
user	0m0.069s
sys	0m0.096s
108
148
Generating /cluster/projects/nn8008k/lluisa/NextSIM/seas/Fmap_10days/2010_AMJ_ic0.5_dt0.0025_DT0.0100/27_W_matrix.npy

real	2m36.097s
user	0m0.073s
sys	0m0.099s
112
152
Generating /cluster/projects/nn8008k/lluisa/NextSIM/seas/Fmap_10days/2010_AMJ_ic0.5_dt0.0025_DT0.0100/28_W_matrix.npy

real	2m36.997s
user	0m0.076s
sys	0m0.078s
116
156
Generating /cluster/projects/nn8008k/lluisa/NextSIM/seas/Fmap_10days/2010_AMJ_ic0.5_dt0.0025_DT0.0100/29_W_matrix.npy

real	2m41.881s
user	0m0.088s
sys	0m0.075s
120
160
Generating /cluster/projects/nn8008k/lluisa/NextSIM/seas/Fmap_10days/2010_AMJ_ic0.5_dt0.0025_DT0.0100/30_W_matrix.npy

real	2m41.114s
user	0m0.073s
sys	0m0.095s
124
164
Generating /cluster/projects/nn8008k/lluisa/NextSIM/seas/Fmap_10days/2010_AMJ_ic0.5_dt0.0025_DT0.0100/31_W_matrix.npy

real	2m40.993s
user	0m0.071s
sys	0m0.104s
128
168
Generating /cluster/projects/nn8008k/lluisa/NextSIM/seas/Fmap_10days/2010_AMJ_ic0.5_dt0.0025_DT0.0100/32_W_matrix.npy

real	2m37.014s
user	0m0.083s
sys	0m0.090s
132
172
Generating /cluster/projects/nn8008k/lluisa/NextSIM/seas/Fmap_10days/2010_AMJ_ic0.5_dt0.0025_DT0.0100/33_W_matrix.npy

real	2m42.982s
user	0m0.074s
sys	0m0.091s
136
176
Generating /cluster/projects/nn8008k/lluisa/NextSIM/seas/Fmap_10days/2010_AMJ_ic0.5_dt0.0025_DT0.0100/34_W_matrix.npy

real	2m37.115s
user	0m0.068s
sys	0m0.110s
140
180
Generating /cluster/projects/nn8008k/lluisa/NextSIM/seas/Fmap_10days/2010_AMJ_ic0.5_dt0.0025_DT0.0100/35_W_matrix.npy

real	2m36.126s
user	0m0.063s
sys	0m0.096s
144
184
Generating /cluster/projects/nn8008k/lluisa/NextSIM/seas/Fmap_10days/2010_AMJ_ic0.5_dt0.0025_DT0.0100/36_W_matrix.npy

real	2m37.775s
user	0m0.069s
sys	0m0.103s
148
188
Generating /cluster/projects/nn8008k/lluisa/NextSIM/seas/Fmap_10days/2010_AMJ_ic0.5_dt0.0025_DT0.0100/37_W_matrix.npy

real	2m35.041s
user	0m0.079s
sys	0m0.089s
152
192
Generating /cluster/projects/nn8008k/lluisa/NextSIM/seas/Fmap_10days/2010_AMJ_ic0.5_dt0.0025_DT0.0100/38_W_matrix.npy

real	2m38.968s
user	0m0.070s
sys	0m0.092s
156
196
Generating /cluster/projects/nn8008k/lluisa/NextSIM/seas/Fmap_10days/2010_AMJ_ic0.5_dt0.0025_DT0.0100/39_W_matrix.npy

real	2m38.339s
user	0m0.092s
sys	0m0.074s
160
200
Generating /cluster/projects/nn8008k/lluisa/NextSIM/seas/Fmap_10days/2010_AMJ_ic0.5_dt0.0025_DT0.0100/40_W_matrix.npy

real	2m36.799s
user	0m0.072s
sys	0m0.098s
164
204
Generating /cluster/projects/nn8008k/lluisa/NextSIM/seas/Fmap_10days/2010_AMJ_ic0.5_dt0.0025_DT0.0100/41_W_matrix.npy

real	2m42.841s
user	0m0.061s
sys	0m0.102s
168
208
Generating /cluster/projects/nn8008k/lluisa/NextSIM/seas/Fmap_10days/2010_AMJ_ic0.5_dt0.0025_DT0.0100/42_W_matrix.npy

real	2m32.000s
user	0m0.074s
sys	0m0.097s
172
212
Generating /cluster/projects/nn8008k/lluisa/NextSIM/seas/Fmap_10days/2010_AMJ_ic0.5_dt0.0025_DT0.0100/43_W_matrix.npy

real	2m30.037s
user	0m0.084s
sys	0m0.090s
176
216
Generating /cluster/projects/nn8008k/lluisa/NextSIM/seas/Fmap_10days/2010_AMJ_ic0.5_dt0.0025_DT0.0100/44_W_matrix.npy

real	2m37.965s
user	0m0.075s
sys	0m0.101s
180
220
Generating /cluster/projects/nn8008k/lluisa/NextSIM/seas/Fmap_10days/2010_AMJ_ic0.5_dt0.0025_DT0.0100/45_W_matrix.npy

real	2m31.023s
user	0m0.083s
sys	0m0.084s
184
224
Generating /cluster/projects/nn8008k/lluisa/NextSIM/seas/Fmap_10days/2010_AMJ_ic0.5_dt0.0025_DT0.0100/46_W_matrix.npy

real	2m32.997s
user	0m0.074s
sys	0m0.098s
188
228
Generating /cluster/projects/nn8008k/lluisa/NextSIM/seas/Fmap_10days/2010_AMJ_ic0.5_dt0.0025_DT0.0100/47_W_matrix.npy

real	2m26.022s
user	0m0.069s
sys	0m0.103s
192
232
Generating /cluster/projects/nn8008k/lluisa/NextSIM/seas/Fmap_10days/2010_AMJ_ic0.5_dt0.0025_DT0.0100/48_W_matrix.npy

real	2m34.950s
user	0m0.079s
sys	0m0.092s
196
236
Generating /cluster/projects/nn8008k/lluisa/NextSIM/seas/Fmap_10days/2010_AMJ_ic0.5_dt0.0025_DT0.0100/49_W_matrix.npy

real	2m37.556s
user	0m0.070s
sys	0m0.102s
200
240
Generating /cluster/projects/nn8008k/lluisa/NextSIM/seas/Fmap_10days/2010_AMJ_ic0.5_dt0.0025_DT0.0100/50_W_matrix.npy

real	2m33.432s
user	0m0.081s
sys	0m0.088s
204
244
Generating /cluster/projects/nn8008k/lluisa/NextSIM/seas/Fmap_10days/2010_AMJ_ic0.5_dt0.0025_DT0.0100/51_W_matrix.npy

real	2m31.895s
user	0m0.064s
sys	0m0.103s
208
248
Generating /cluster/projects/nn8008k/lluisa/NextSIM/seas/Fmap_10days/2010_AMJ_ic0.5_dt0.0025_DT0.0100/52_W_matrix.npy

real	2m29.993s
user	0m0.094s
sys	0m0.080s
212
252
Generating /cluster/projects/nn8008k/lluisa/NextSIM/seas/Fmap_10days/2010_AMJ_ic0.5_dt0.0025_DT0.0100/53_W_matrix.npy

real	2m32.105s
user	0m0.074s
sys	0m0.092s
216
256
Generating /cluster/projects/nn8008k/lluisa/NextSIM/seas/Fmap_10days/2010_AMJ_ic0.5_dt0.0025_DT0.0100/54_W_matrix.npy

real	2m30.019s
user	0m0.069s
sys	0m0.096s
220
260
Generating /cluster/projects/nn8008k/lluisa/NextSIM/seas/Fmap_10days/2010_AMJ_ic0.5_dt0.0025_DT0.0100/55_W_matrix.npy

real	2m31.895s
user	0m0.073s
sys	0m0.095s
224
264
Generating /cluster/projects/nn8008k/lluisa/NextSIM/seas/Fmap_10days/2010_AMJ_ic0.5_dt0.0025_DT0.0100/56_W_matrix.npy

real	2m29.113s
user	0m0.078s
sys	0m0.095s
228
268
Generating /cluster/projects/nn8008k/lluisa/NextSIM/seas/Fmap_10days/2010_AMJ_ic0.5_dt0.0025_DT0.0100/57_W_matrix.npy

real	2m28.979s
user	0m0.065s
sys	0m0.104s
232
272
Generating /cluster/projects/nn8008k/lluisa/NextSIM/seas/Fmap_10days/2010_AMJ_ic0.5_dt0.0025_DT0.0100/58_W_matrix.npy

real	2m33.990s
user	0m0.067s
sys	0m0.106s
236
276
Generating /cluster/projects/nn8008k/lluisa/NextSIM/seas/Fmap_10days/2010_AMJ_ic0.5_dt0.0025_DT0.0100/59_W_matrix.npy

real	2m29.037s
user	0m0.082s
sys	0m0.092s
240
280
Generating /cluster/projects/nn8008k/lluisa/NextSIM/seas/Fmap_10days/2010_AMJ_ic0.5_dt0.0025_DT0.0100/60_W_matrix.npy

real	2m25.858s
user	0m0.076s
sys	0m0.097s
244
284
Generating /cluster/projects/nn8008k/lluisa/NextSIM/seas/Fmap_10days/2010_AMJ_ic0.5_dt0.0025_DT0.0100/61_W_matrix.npy

real	2m28.114s
user	0m0.074s
sys	0m0.097s
248
288
Generating /cluster/projects/nn8008k/lluisa/NextSIM/seas/Fmap_10days/2010_AMJ_ic0.5_dt0.0025_DT0.0100/62_W_matrix.npy

real	2m24.226s
user	0m0.073s
sys	0m0.098s
252
292
Generating /cluster/projects/nn8008k/lluisa/NextSIM/seas/Fmap_10days/2010_AMJ_ic0.5_dt0.0025_DT0.0100/63_W_matrix.npy

real	2m38.791s
user	0m0.065s
sys	0m0.101s
256
296
Generating /cluster/projects/nn8008k/lluisa/NextSIM/seas/Fmap_10days/2010_AMJ_ic0.5_dt0.0025_DT0.0100/64_W_matrix.npy
srun: Step created for StepId=6228848.64

real	2m24.989s
user	0m0.070s
sys	0m0.099s
260
300
Generating /cluster/projects/nn8008k/lluisa/NextSIM/seas/Fmap_10days/2010_AMJ_ic0.5_dt0.0025_DT0.0100/65_W_matrix.npy

real	2m22.874s
user	0m0.069s
sys	0m0.094s
264
304
Generating /cluster/projects/nn8008k/lluisa/NextSIM/seas/Fmap_10days/2010_AMJ_ic0.5_dt0.0025_DT0.0100/66_W_matrix.npy

real	2m23.120s
user	0m0.068s
sys	0m0.102s
268
308
Generating /cluster/projects/nn8008k/lluisa/NextSIM/seas/Fmap_10days/2010_AMJ_ic0.5_dt0.0025_DT0.0100/67_W_matrix.npy

real	2m26.020s
user	0m0.071s
sys	0m0.103s
272
312
Generating /cluster/projects/nn8008k/lluisa/NextSIM/seas/Fmap_10days/2010_AMJ_ic0.5_dt0.0025_DT0.0100/68_W_matrix.npy

real	2m16.872s
user	0m0.067s
sys	0m0.099s
276
316
Generating /cluster/projects/nn8008k/lluisa/NextSIM/seas/Fmap_10days/2010_AMJ_ic0.5_dt0.0025_DT0.0100/69_W_matrix.npy

real	2m18.100s
user	0m0.065s
sys	0m0.099s
280
320
Generating /cluster/projects/nn8008k/lluisa/NextSIM/seas/Fmap_10days/2010_AMJ_ic0.5_dt0.0025_DT0.0100/70_W_matrix.npy

real	2m18.009s
user	0m0.064s
sys	0m0.103s
284
324
Generating /cluster/projects/nn8008k/lluisa/NextSIM/seas/Fmap_10days/2010_AMJ_ic0.5_dt0.0025_DT0.0100/71_W_matrix.npy

real	2m24.034s
user	0m0.078s
sys	0m0.087s
288
328
Generating /cluster/projects/nn8008k/lluisa/NextSIM/seas/Fmap_10days/2010_AMJ_ic0.5_dt0.0025_DT0.0100/72_W_matrix.npy

real	2m19.966s
user	0m0.078s
sys	0m0.087s
292
332
Generating /cluster/projects/nn8008k/lluisa/NextSIM/seas/Fmap_10days/2010_AMJ_ic0.5_dt0.0025_DT0.0100/73_W_matrix.npy

real	2m11.902s
user	0m0.074s
sys	0m0.088s
296
336
Generating /cluster/projects/nn8008k/lluisa/NextSIM/seas/Fmap_10days/2010_AMJ_ic0.5_dt0.0025_DT0.0100/74_W_matrix.npy

real	2m14.987s
user	0m0.063s
sys	0m0.110s
300
340
Generating /cluster/projects/nn8008k/lluisa/NextSIM/seas/Fmap_10days/2010_AMJ_ic0.5_dt0.0025_DT0.0100/75_W_matrix.npy

real	2m15.101s
user	0m0.069s
sys	0m0.102s
304
344
Generating /cluster/projects/nn8008k/lluisa/NextSIM/seas/Fmap_10days/2010_AMJ_ic0.5_dt0.0025_DT0.0100/76_W_matrix.npy

real	2m11.009s
user	0m0.081s
sys	0m0.092s
308
348
Generating /cluster/projects/nn8008k/lluisa/NextSIM/seas/Fmap_10days/2010_AMJ_ic0.5_dt0.0025_DT0.0100/77_W_matrix.npy

real	2m9.889s
user	0m0.069s
sys	0m0.102s
312
352
Generating /cluster/projects/nn8008k/lluisa/NextSIM/seas/Fmap_10days/2010_AMJ_ic0.5_dt0.0025_DT0.0100/78_W_matrix.npy

real	2m14.142s
user	0m0.068s
sys	0m0.102s
316
356
Generating /cluster/projects/nn8008k/lluisa/NextSIM/seas/Fmap_10days/2010_AMJ_ic0.5_dt0.0025_DT0.0100/79_W_matrix.npy

real	2m11.844s
user	0m0.078s
sys	0m0.098s
320
360
Generating /cluster/projects/nn8008k/lluisa/NextSIM/seas/Fmap_10days/2010_AMJ_ic0.5_dt0.0025_DT0.0100/80_W_matrix.npy

real	2m13.225s
user	0m0.070s
sys	0m0.099s
0
40
Generating /cluster/projects/nn8008k/lluisa/NextSIM/seas/Fmap_10days/2010_JAS_ic0.5_dt0.0025_DT0.0100/0_W_matrix.npy

real	2m14.885s
user	0m0.083s
sys	0m0.082s
4
44
Generating /cluster/projects/nn8008k/lluisa/NextSIM/seas/Fmap_10days/2010_JAS_ic0.5_dt0.0025_DT0.0100/1_W_matrix.npy

real	1m47.025s
user	0m0.074s
sys	0m0.096s
8
48
Generating /cluster/projects/nn8008k/lluisa/NextSIM/seas/Fmap_10days/2010_JAS_ic0.5_dt0.0025_DT0.0100/2_W_matrix.npy

real	1m44.205s
user	0m0.079s
sys	0m0.086s
12
52
Generating /cluster/projects/nn8008k/lluisa/NextSIM/seas/Fmap_10days/2010_JAS_ic0.5_dt0.0025_DT0.0100/3_W_matrix.npy

real	1m40.651s
user	0m0.071s
sys	0m0.101s
16
56
Generating /cluster/projects/nn8008k/lluisa/NextSIM/seas/Fmap_10days/2010_JAS_ic0.5_dt0.0025_DT0.0100/4_W_matrix.npy

real	1m45.099s
user	0m0.077s
sys	0m0.090s
20
60
Generating /cluster/projects/nn8008k/lluisa/NextSIM/seas/Fmap_10days/2010_JAS_ic0.5_dt0.0025_DT0.0100/5_W_matrix.npy

real	1m43.078s
user	0m0.075s
sys	0m0.091s
24
64
Generating /cluster/projects/nn8008k/lluisa/NextSIM/seas/Fmap_10days/2010_JAS_ic0.5_dt0.0025_DT0.0100/6_W_matrix.npy

real	1m44.827s
user	0m0.069s
sys	0m0.096s
28
68
Generating /cluster/projects/nn8008k/lluisa/NextSIM/seas/Fmap_10days/2010_JAS_ic0.5_dt0.0025_DT0.0100/7_W_matrix.npy

real	1m40.101s
user	0m0.067s
sys	0m0.099s
32
72
Generating /cluster/projects/nn8008k/lluisa/NextSIM/seas/Fmap_10days/2010_JAS_ic0.5_dt0.0025_DT0.0100/8_W_matrix.npy

real	1m48.021s
user	0m0.081s
sys	0m0.084s
36
76
Generating /cluster/projects/nn8008k/lluisa/NextSIM/seas/Fmap_10days/2010_JAS_ic0.5_dt0.0025_DT0.0100/9_W_matrix.npy

real	1m45.016s
user	0m0.074s
sys	0m0.092s
40
80
Generating /cluster/projects/nn8008k/lluisa/NextSIM/seas/Fmap_10days/2010_JAS_ic0.5_dt0.0025_DT0.0100/10_W_matrix.npy

real	1m35.967s
user	0m0.082s
sys	0m0.090s
44
84
Generating /cluster/projects/nn8008k/lluisa/NextSIM/seas/Fmap_10days/2010_JAS_ic0.5_dt0.0025_DT0.0100/11_W_matrix.npy

real	1m40.035s
user	0m0.071s
sys	0m0.097s
48
88
Generating /cluster/projects/nn8008k/lluisa/NextSIM/seas/Fmap_10days/2010_JAS_ic0.5_dt0.0025_DT0.0100/12_W_matrix.npy

real	1m46.959s
user	0m0.068s
sys	0m0.103s
52
92
Generating /cluster/projects/nn8008k/lluisa/NextSIM/seas/Fmap_10days/2010_JAS_ic0.5_dt0.0025_DT0.0100/13_W_matrix.npy

real	1m38.028s
user	0m0.094s
sys	0m0.071s
56
96
Generating /cluster/projects/nn8008k/lluisa/NextSIM/seas/Fmap_10days/2010_JAS_ic0.5_dt0.0025_DT0.0100/14_W_matrix.npy

real	1m39.857s
user	0m0.083s
sys	0m0.086s
60
100
Generating /cluster/projects/nn8008k/lluisa/NextSIM/seas/Fmap_10days/2010_JAS_ic0.5_dt0.0025_DT0.0100/15_W_matrix.npy

real	1m40.014s
user	0m0.072s
sys	0m0.097s
64
104
Generating /cluster/projects/nn8008k/lluisa/NextSIM/seas/Fmap_10days/2010_JAS_ic0.5_dt0.0025_DT0.0100/16_W_matrix.npy

real	1m38.146s
user	0m0.064s
sys	0m0.099s
68
108
Generating /cluster/projects/nn8008k/lluisa/NextSIM/seas/Fmap_10days/2010_JAS_ic0.5_dt0.0025_DT0.0100/17_W_matrix.npy

real	1m37.065s
user	0m0.081s
sys	0m0.091s
72
112
Generating /cluster/projects/nn8008k/lluisa/NextSIM/seas/Fmap_10days/2010_JAS_ic0.5_dt0.0025_DT0.0100/18_W_matrix.npy

real	1m35.900s
user	0m0.086s
sys	0m0.088s
76
116
Generating /cluster/projects/nn8008k/lluisa/NextSIM/seas/Fmap_10days/2010_JAS_ic0.5_dt0.0025_DT0.0100/19_W_matrix.npy

real	1m37.028s
user	0m0.071s
sys	0m0.097s
80
120
Generating /cluster/projects/nn8008k/lluisa/NextSIM/seas/Fmap_10days/2010_JAS_ic0.5_dt0.0025_DT0.0100/20_W_matrix.npy

real	1m31.992s
user	0m0.072s
sys	0m0.094s
84
124
Generating /cluster/projects/nn8008k/lluisa/NextSIM/seas/Fmap_10days/2010_JAS_ic0.5_dt0.0025_DT0.0100/21_W_matrix.npy

real	1m29.046s
user	0m0.090s
sys	0m0.089s
88
128
Generating /cluster/projects/nn8008k/lluisa/NextSIM/seas/Fmap_10days/2010_JAS_ic0.5_dt0.0025_DT0.0100/22_W_matrix.npy

real	1m25.924s
user	0m0.074s
sys	0m0.090s
92
132
Generating /cluster/projects/nn8008k/lluisa/NextSIM/seas/Fmap_10days/2010_JAS_ic0.5_dt0.0025_DT0.0100/23_W_matrix.npy

real	1m28.081s
user	0m0.064s
sys	0m0.105s
96
136
Generating /cluster/projects/nn8008k/lluisa/NextSIM/seas/Fmap_10days/2010_JAS_ic0.5_dt0.0025_DT0.0100/24_W_matrix.npy

real	1m29.849s
user	0m0.073s
sys	0m0.095s
100
140
Generating /cluster/projects/nn8008k/lluisa/NextSIM/seas/Fmap_10days/2010_JAS_ic0.5_dt0.0025_DT0.0100/25_W_matrix.npy

real	1m25.652s
user	0m0.074s
sys	0m0.099s
104
144
Generating /cluster/projects/nn8008k/lluisa/NextSIM/seas/Fmap_10days/2010_JAS_ic0.5_dt0.0025_DT0.0100/26_W_matrix.npy

real	1m22.301s
user	0m0.068s
sys	0m0.101s
108
148
Generating /cluster/projects/nn8008k/lluisa/NextSIM/seas/Fmap_10days/2010_JAS_ic0.5_dt0.0025_DT0.0100/27_W_matrix.npy

real	1m23.499s
user	0m0.078s
sys	0m0.097s
112
152
Generating /cluster/projects/nn8008k/lluisa/NextSIM/seas/Fmap_10days/2010_JAS_ic0.5_dt0.0025_DT0.0100/28_W_matrix.npy

real	1m28.494s
user	0m0.071s
sys	0m0.084s
116
156
Generating /cluster/projects/nn8008k/lluisa/NextSIM/seas/Fmap_10days/2010_JAS_ic0.5_dt0.0025_DT0.0100/29_W_matrix.npy

real	1m26.094s
user	0m0.075s
sys	0m0.095s
120
160
Generating /cluster/projects/nn8008k/lluisa/NextSIM/seas/Fmap_10days/2010_JAS_ic0.5_dt0.0025_DT0.0100/30_W_matrix.npy

real	1m24.918s
user	0m0.070s
sys	0m0.102s
124
164
Generating /cluster/projects/nn8008k/lluisa/NextSIM/seas/Fmap_10days/2010_JAS_ic0.5_dt0.0025_DT0.0100/31_W_matrix.npy

real	1m17.099s
user	0m0.079s
sys	0m0.093s
128
168
Generating /cluster/projects/nn8008k/lluisa/NextSIM/seas/Fmap_10days/2010_JAS_ic0.5_dt0.0025_DT0.0100/32_W_matrix.npy

real	1m20.980s
user	0m0.063s
sys	0m0.110s
132
172
Generating /cluster/projects/nn8008k/lluisa/NextSIM/seas/Fmap_10days/2010_JAS_ic0.5_dt0.0025_DT0.0100/33_W_matrix.npy

real	1m22.046s
user	0m0.069s
sys	0m0.101s
136
176
Generating /cluster/projects/nn8008k/lluisa/NextSIM/seas/Fmap_10days/2010_JAS_ic0.5_dt0.0025_DT0.0100/34_W_matrix.npy

real	1m24.881s
user	0m0.076s
sys	0m0.092s
140
180
Generating /cluster/projects/nn8008k/lluisa/NextSIM/seas/Fmap_10days/2010_JAS_ic0.5_dt0.0025_DT0.0100/35_W_matrix.npy

real	1m17.096s
user	0m0.070s
sys	0m0.103s
144
184
Generating /cluster/projects/nn8008k/lluisa/NextSIM/seas/Fmap_10days/2010_JAS_ic0.5_dt0.0025_DT0.0100/36_W_matrix.npy

real	1m23.869s
user	0m0.080s
sys	0m0.090s
148
188
Generating /cluster/projects/nn8008k/lluisa/NextSIM/seas/Fmap_10days/2010_JAS_ic0.5_dt0.0025_DT0.0100/37_W_matrix.npy

real	1m17.016s
user	0m0.073s
sys	0m0.102s
152
192
Generating /cluster/projects/nn8008k/lluisa/NextSIM/seas/Fmap_10days/2010_JAS_ic0.5_dt0.0025_DT0.0100/38_W_matrix.npy

real	1m19.101s
user	0m0.078s
sys	0m0.096s
156
196
Generating /cluster/projects/nn8008k/lluisa/NextSIM/seas/Fmap_10days/2010_JAS_ic0.5_dt0.0025_DT0.0100/39_W_matrix.npy

real	1m17.006s
user	0m0.067s
sys	0m0.096s
160
200
Generating /cluster/projects/nn8008k/lluisa/NextSIM/seas/Fmap_10days/2010_JAS_ic0.5_dt0.0025_DT0.0100/40_W_matrix.npy

real	1m19.990s
user	0m0.081s
sys	0m0.081s
164
204
Generating /cluster/projects/nn8008k/lluisa/NextSIM/seas/Fmap_10days/2010_JAS_ic0.5_dt0.0025_DT0.0100/41_W_matrix.npy

real	1m16.985s
user	0m0.070s
sys	0m0.106s
168
208
Generating /cluster/projects/nn8008k/lluisa/NextSIM/seas/Fmap_10days/2010_JAS_ic0.5_dt0.0025_DT0.0100/42_W_matrix.npy

real	1m18.030s
user	0m0.062s
sys	0m0.103s
172
212
Generating /cluster/projects/nn8008k/lluisa/NextSIM/seas/Fmap_10days/2010_JAS_ic0.5_dt0.0025_DT0.0100/43_W_matrix.npy

real	1m15.981s
user	0m0.071s
sys	0m0.091s
176
216
Generating /cluster/projects/nn8008k/lluisa/NextSIM/seas/Fmap_10days/2010_JAS_ic0.5_dt0.0025_DT0.0100/44_W_matrix.npy

real	1m8.687s
user	0m0.071s
sys	0m0.096s
180
220
Generating /cluster/projects/nn8008k/lluisa/NextSIM/seas/Fmap_10days/2010_JAS_ic0.5_dt0.0025_DT0.0100/45_W_matrix.npy

real	1m9.367s
user	0m0.071s
sys	0m0.099s
184
224
Generating /cluster/projects/nn8008k/lluisa/NextSIM/seas/Fmap_10days/2010_JAS_ic0.5_dt0.0025_DT0.0100/46_W_matrix.npy

real	1m10.951s
user	0m0.064s
sys	0m0.100s
188
228
Generating /cluster/projects/nn8008k/lluisa/NextSIM/seas/Fmap_10days/2010_JAS_ic0.5_dt0.0025_DT0.0100/47_W_matrix.npy

real	1m11.002s
user	0m0.074s
sys	0m0.090s
192
232
Generating /cluster/projects/nn8008k/lluisa/NextSIM/seas/Fmap_10days/2010_JAS_ic0.5_dt0.0025_DT0.0100/48_W_matrix.npy

real	1m10.018s
user	0m0.065s
sys	0m0.102s
196
236
Generating /cluster/projects/nn8008k/lluisa/NextSIM/seas/Fmap_10days/2010_JAS_ic0.5_dt0.0025_DT0.0100/49_W_matrix.npy

real	1m5.234s
user	0m0.075s
sys	0m0.099s
200
240
Generating /cluster/projects/nn8008k/lluisa/NextSIM/seas/Fmap_10days/2010_JAS_ic0.5_dt0.0025_DT0.0100/50_W_matrix.npy

real	1m3.737s
user	0m0.061s
sys	0m0.107s
204
244
Generating /cluster/projects/nn8008k/lluisa/NextSIM/seas/Fmap_10days/2010_JAS_ic0.5_dt0.0025_DT0.0100/51_W_matrix.npy

real	1m6.912s
user	0m0.080s
sys	0m0.080s
208
248
Generating /cluster/projects/nn8008k/lluisa/NextSIM/seas/Fmap_10days/2010_JAS_ic0.5_dt0.0025_DT0.0100/52_W_matrix.npy

real	1m6.107s
user	0m0.067s
sys	0m0.106s
212
252
Generating /cluster/projects/nn8008k/lluisa/NextSIM/seas/Fmap_10days/2010_JAS_ic0.5_dt0.0025_DT0.0100/53_W_matrix.npy

real	1m1.973s
user	0m0.083s
sys	0m0.085s
216
256
Generating /cluster/projects/nn8008k/lluisa/NextSIM/seas/Fmap_10days/2010_JAS_ic0.5_dt0.0025_DT0.0100/54_W_matrix.npy

real	1m0.000s
user	0m0.079s
sys	0m0.092s
220
260
Generating /cluster/projects/nn8008k/lluisa/NextSIM/seas/Fmap_10days/2010_JAS_ic0.5_dt0.0025_DT0.0100/55_W_matrix.npy

real	1m9.014s
user	0m0.077s
sys	0m0.098s
224
264
Generating /cluster/projects/nn8008k/lluisa/NextSIM/seas/Fmap_10days/2010_JAS_ic0.5_dt0.0025_DT0.0100/56_W_matrix.npy

real	1m5.006s
user	0m0.068s
sys	0m0.102s
228
268
Generating /cluster/projects/nn8008k/lluisa/NextSIM/seas/Fmap_10days/2010_JAS_ic0.5_dt0.0025_DT0.0100/57_W_matrix.npy

real	1m4.098s
user	0m0.060s
sys	0m0.103s
232
272
Generating /cluster/projects/nn8008k/lluisa/NextSIM/seas/Fmap_10days/2010_JAS_ic0.5_dt0.0025_DT0.0100/58_W_matrix.npy

real	1m3.896s
user	0m0.074s
sys	0m0.093s
236
276
Generating /cluster/projects/nn8008k/lluisa/NextSIM/seas/Fmap_10days/2010_JAS_ic0.5_dt0.0025_DT0.0100/59_W_matrix.npy

real	1m1.020s
user	0m0.070s
sys	0m0.097s
240
280
Generating /cluster/projects/nn8008k/lluisa/NextSIM/seas/Fmap_10days/2010_JAS_ic0.5_dt0.0025_DT0.0100/60_W_matrix.npy

real	0m57.971s
user	0m0.066s
sys	0m0.094s
244
284
Generating /cluster/projects/nn8008k/lluisa/NextSIM/seas/Fmap_10days/2010_JAS_ic0.5_dt0.0025_DT0.0100/61_W_matrix.npy

real	1m6.024s
user	0m0.068s
sys	0m0.103s
248
288
Generating /cluster/projects/nn8008k/lluisa/NextSIM/seas/Fmap_10days/2010_JAS_ic0.5_dt0.0025_DT0.0100/62_W_matrix.npy

real	1m2.972s
user	0m0.068s
sys	0m0.104s
252
292
Generating /cluster/projects/nn8008k/lluisa/NextSIM/seas/Fmap_10days/2010_JAS_ic0.5_dt0.0025_DT0.0100/63_W_matrix.npy

real	1m4.896s
user	0m0.072s
sys	0m0.087s
256
296
Generating /cluster/projects/nn8008k/lluisa/NextSIM/seas/Fmap_10days/2010_JAS_ic0.5_dt0.0025_DT0.0100/64_W_matrix.npy

real	1m3.148s
user	0m0.072s
sys	0m0.093s
260
300
Generating /cluster/projects/nn8008k/lluisa/NextSIM/seas/Fmap_10days/2010_JAS_ic0.5_dt0.0025_DT0.0100/65_W_matrix.npy

real	0m59.968s
user	0m0.068s
sys	0m0.096s
264
304
Generating /cluster/projects/nn8008k/lluisa/NextSIM/seas/Fmap_10days/2010_JAS_ic0.5_dt0.0025_DT0.0100/66_W_matrix.npy

real	1m0.885s
user	0m0.075s
sys	0m0.099s
268
308
Generating /cluster/projects/nn8008k/lluisa/NextSIM/seas/Fmap_10days/2010_JAS_ic0.5_dt0.0025_DT0.0100/67_W_matrix.npy

real	1m7.105s
user	0m0.077s
sys	0m0.089s
272
312
Generating /cluster/projects/nn8008k/lluisa/NextSIM/seas/Fmap_10days/2010_JAS_ic0.5_dt0.0025_DT0.0100/68_W_matrix.npy

real	0m59.995s
user	0m0.071s
sys	0m0.100s
276
316
Generating /cluster/projects/nn8008k/lluisa/NextSIM/seas/Fmap_10days/2010_JAS_ic0.5_dt0.0025_DT0.0100/69_W_matrix.npy

real	1m1.895s
user	0m0.069s
sys	0m0.101s
280
320
Generating /cluster/projects/nn8008k/lluisa/NextSIM/seas/Fmap_10days/2010_JAS_ic0.5_dt0.0025_DT0.0100/70_W_matrix.npy

real	1m1.096s
user	0m0.069s
sys	0m0.108s
284
324
Generating /cluster/projects/nn8008k/lluisa/NextSIM/seas/Fmap_10days/2010_JAS_ic0.5_dt0.0025_DT0.0100/71_W_matrix.npy

real	1m1.895s
user	0m0.078s
sys	0m0.088s
288
328
Generating /cluster/projects/nn8008k/lluisa/NextSIM/seas/Fmap_10days/2010_JAS_ic0.5_dt0.0025_DT0.0100/72_W_matrix.npy

real	1m1.011s
user	0m0.072s
sys	0m0.087s
292
332
Generating /cluster/projects/nn8008k/lluisa/NextSIM/seas/Fmap_10days/2010_JAS_ic0.5_dt0.0025_DT0.0100/73_W_matrix.npy

real	0m58.995s
user	0m0.065s
sys	0m0.100s
296
336
Generating /cluster/projects/nn8008k/lluisa/NextSIM/seas/Fmap_10days/2010_JAS_ic0.5_dt0.0025_DT0.0100/74_W_matrix.npy
srun: Step created for StepId=6228848.155

real	1m4.258s
user	0m0.077s
sys	0m0.098s
300
340
Generating /cluster/projects/nn8008k/lluisa/NextSIM/seas/Fmap_10days/2010_JAS_ic0.5_dt0.0025_DT0.0100/75_W_matrix.npy

real	1m1.458s
user	0m0.070s
sys	0m0.097s
304
344
Generating /cluster/projects/nn8008k/lluisa/NextSIM/seas/Fmap_10days/2010_JAS_ic0.5_dt0.0025_DT0.0100/76_W_matrix.npy
srun: Step created for StepId=6228848.157

real	0m59.383s
user	0m0.063s
sys	0m0.107s
308
348
Generating /cluster/projects/nn8008k/lluisa/NextSIM/seas/Fmap_10days/2010_JAS_ic0.5_dt0.0025_DT0.0100/77_W_matrix.npy

real	0m58.985s
user	0m0.073s
sys	0m0.089s
312
352
Generating /cluster/projects/nn8008k/lluisa/NextSIM/seas/Fmap_10days/2010_JAS_ic0.5_dt0.0025_DT0.0100/78_W_matrix.npy

real	0m57.925s
user	0m0.068s
sys	0m0.104s
316
356
Generating /cluster/projects/nn8008k/lluisa/NextSIM/seas/Fmap_10days/2010_JAS_ic0.5_dt0.0025_DT0.0100/79_W_matrix.npy

real	1m0.084s
user	0m0.063s
sys	0m0.096s
320
360
Generating /cluster/projects/nn8008k/lluisa/NextSIM/seas/Fmap_10days/2010_JAS_ic0.5_dt0.0025_DT0.0100/80_W_matrix.npy

real	0m56.024s
user	0m0.071s
sys	0m0.093s
0
40
Generating /cluster/projects/nn8008k/lluisa/NextSIM/seas/Fmap_10days/2010_OND_ic0.5_dt0.0025_DT0.0100/0_W_matrix.npy

real	1m4.889s
user	0m0.072s
sys	0m0.095s
4
44
Generating /cluster/projects/nn8008k/lluisa/NextSIM/seas/Fmap_10days/2010_OND_ic0.5_dt0.0025_DT0.0100/1_W_matrix.npy

real	1m4.721s
user	0m0.068s
sys	0m0.098s
8
48
Generating /cluster/projects/nn8008k/lluisa/NextSIM/seas/Fmap_10days/2010_OND_ic0.5_dt0.0025_DT0.0100/2_W_matrix.npy

real	1m12.232s
user	0m0.072s
sys	0m0.093s
12
52
Generating /cluster/projects/nn8008k/lluisa/NextSIM/seas/Fmap_10days/2010_OND_ic0.5_dt0.0025_DT0.0100/3_W_matrix.npy

real	1m9.127s
user	0m0.067s
sys	0m0.103s
16
56
Generating /cluster/projects/nn8008k/lluisa/NextSIM/seas/Fmap_10days/2010_OND_ic0.5_dt0.0025_DT0.0100/4_W_matrix.npy

real	1m3.018s
user	0m0.067s
sys	0m0.100s
20
60
Generating /cluster/projects/nn8008k/lluisa/NextSIM/seas/Fmap_10days/2010_OND_ic0.5_dt0.0025_DT0.0100/5_W_matrix.npy

real	1m6.952s
user	0m0.069s
sys	0m0.101s
24
64
Generating /cluster/projects/nn8008k/lluisa/NextSIM/seas/Fmap_10days/2010_OND_ic0.5_dt0.0025_DT0.0100/6_W_matrix.npy

real	1m4.007s
user	0m0.073s
sys	0m0.094s
28
68
Generating /cluster/projects/nn8008k/lluisa/NextSIM/seas/Fmap_10days/2010_OND_ic0.5_dt0.0025_DT0.0100/7_W_matrix.npy

real	1m4.183s
user	0m0.078s
sys	0m0.085s
32
72
Generating /cluster/projects/nn8008k/lluisa/NextSIM/seas/Fmap_10days/2010_OND_ic0.5_dt0.0025_DT0.0100/8_W_matrix.npy

real	1m7.211s
user	0m0.070s
sys	0m0.100s
36
76
Generating /cluster/projects/nn8008k/lluisa/NextSIM/seas/Fmap_10days/2010_OND_ic0.5_dt0.0025_DT0.0100/9_W_matrix.npy

real	1m9.899s
user	0m0.077s
sys	0m0.093s
40
80
Generating /cluster/projects/nn8008k/lluisa/NextSIM/seas/Fmap_10days/2010_OND_ic0.5_dt0.0025_DT0.0100/10_W_matrix.npy

real	1m8.731s
user	0m0.077s
sys	0m0.087s
44
84
Generating /cluster/projects/nn8008k/lluisa/NextSIM/seas/Fmap_10days/2010_OND_ic0.5_dt0.0025_DT0.0100/11_W_matrix.npy

real	1m5.978s
user	0m0.083s
sys	0m0.076s
48
88
Generating /cluster/projects/nn8008k/lluisa/NextSIM/seas/Fmap_10days/2010_OND_ic0.5_dt0.0025_DT0.0100/12_W_matrix.npy

real	1m8.904s
user	0m0.076s
sys	0m0.094s
52
92
Generating /cluster/projects/nn8008k/lluisa/NextSIM/seas/Fmap_10days/2010_OND_ic0.5_dt0.0025_DT0.0100/13_W_matrix.npy

real	1m13.109s
user	0m0.083s
sys	0m0.089s
56
96
Generating /cluster/projects/nn8008k/lluisa/NextSIM/seas/Fmap_10days/2010_OND_ic0.5_dt0.0025_DT0.0100/14_W_matrix.npy
srun: Step created for StepId=6228848.176

real	1m17.033s
user	0m0.071s
sys	0m0.101s
60
100
Generating /cluster/projects/nn8008k/lluisa/NextSIM/seas/Fmap_10days/2010_OND_ic0.5_dt0.0025_DT0.0100/15_W_matrix.npy

real	1m17.888s
user	0m0.074s
sys	0m0.096s
64
104
Generating /cluster/projects/nn8008k/lluisa/NextSIM/seas/Fmap_10days/2010_OND_ic0.5_dt0.0025_DT0.0100/16_W_matrix.npy

real	1m13.071s
user	0m0.072s
sys	0m0.100s
68
108
Generating /cluster/projects/nn8008k/lluisa/NextSIM/seas/Fmap_10days/2010_OND_ic0.5_dt0.0025_DT0.0100/17_W_matrix.npy

real	1m14.931s
user	0m0.073s
sys	0m0.094s
72
112
Generating /cluster/projects/nn8008k/lluisa/NextSIM/seas/Fmap_10days/2010_OND_ic0.5_dt0.0025_DT0.0100/18_W_matrix.npy

real	1m20.945s
user	0m0.074s
sys	0m0.089s
76
116
Generating /cluster/projects/nn8008k/lluisa/NextSIM/seas/Fmap_10days/2010_OND_ic0.5_dt0.0025_DT0.0100/19_W_matrix.npy

real	1m16.160s
user	0m0.083s
sys	0m0.087s
80
120
Generating /cluster/projects/nn8008k/lluisa/NextSIM/seas/Fmap_10days/2010_OND_ic0.5_dt0.0025_DT0.0100/20_W_matrix.npy

real	1m18.013s
user	0m0.077s
sys	0m0.093s
84
124
Generating /cluster/projects/nn8008k/lluisa/NextSIM/seas/Fmap_10days/2010_OND_ic0.5_dt0.0025_DT0.0100/21_W_matrix.npy

real	1m36.850s
user	0m0.063s
sys	0m0.102s
88
128
Generating /cluster/projects/nn8008k/lluisa/NextSIM/seas/Fmap_10days/2010_OND_ic0.5_dt0.0025_DT0.0100/22_W_matrix.npy

real	1m21.129s
user	0m0.083s
sys	0m0.086s
92
132
Generating /cluster/projects/nn8008k/lluisa/NextSIM/seas/Fmap_10days/2010_OND_ic0.5_dt0.0025_DT0.0100/23_W_matrix.npy

real	1m16.545s
user	0m0.078s
sys	0m0.092s
96
136
Generating /cluster/projects/nn8008k/lluisa/NextSIM/seas/Fmap_10days/2010_OND_ic0.5_dt0.0025_DT0.0100/24_W_matrix.npy

real	1m21.415s
user	0m0.078s
sys	0m0.086s
100
140
Generating /cluster/projects/nn8008k/lluisa/NextSIM/seas/Fmap_10days/2010_OND_ic0.5_dt0.0025_DT0.0100/25_W_matrix.npy

real	1m21.005s
user	0m0.075s
sys	0m0.095s
104
144
Generating /cluster/projects/nn8008k/lluisa/NextSIM/seas/Fmap_10days/2010_OND_ic0.5_dt0.0025_DT0.0100/26_W_matrix.npy

real	1m19.494s
user	0m0.076s
sys	0m0.095s
108
148
Generating /cluster/projects/nn8008k/lluisa/NextSIM/seas/Fmap_10days/2010_OND_ic0.5_dt0.0025_DT0.0100/27_W_matrix.npy

real	1m24.500s
user	0m0.075s
sys	0m0.092s
112
152
Generating /cluster/projects/nn8008k/lluisa/NextSIM/seas/Fmap_10days/2010_OND_ic0.5_dt0.0025_DT0.0100/28_W_matrix.npy

real	1m28.013s
user	0m0.077s
sys	0m0.101s
116
156
Generating /cluster/projects/nn8008k/lluisa/NextSIM/seas/Fmap_10days/2010_OND_ic0.5_dt0.0025_DT0.0100/29_W_matrix.npy

real	1m26.989s
user	0m0.066s
sys	0m0.104s
120
160
Generating /cluster/projects/nn8008k/lluisa/NextSIM/seas/Fmap_10days/2010_OND_ic0.5_dt0.0025_DT0.0100/30_W_matrix.npy

real	1m27.087s
user	0m0.072s
sys	0m0.095s
124
164
Generating /cluster/projects/nn8008k/lluisa/NextSIM/seas/Fmap_10days/2010_OND_ic0.5_dt0.0025_DT0.0100/31_W_matrix.npy

real	1m26.935s
user	0m0.078s
sys	0m0.092s
128
168
Generating /cluster/projects/nn8008k/lluisa/NextSIM/seas/Fmap_10days/2010_OND_ic0.5_dt0.0025_DT0.0100/32_W_matrix.npy

real	1m28.991s
user	0m0.067s
sys	0m0.104s
132
172
Generating /cluster/projects/nn8008k/lluisa/NextSIM/seas/Fmap_10days/2010_OND_ic0.5_dt0.0025_DT0.0100/33_W_matrix.npy

real	1m34.406s
user	0m0.078s
sys	0m0.087s
136
176
Generating /cluster/projects/nn8008k/lluisa/NextSIM/seas/Fmap_10days/2010_OND_ic0.5_dt0.0025_DT0.0100/34_W_matrix.npy

real	1m28.475s
user	0m0.075s
sys	0m0.099s
140
180
Generating /cluster/projects/nn8008k/lluisa/NextSIM/seas/Fmap_10days/2010_OND_ic0.5_dt0.0025_DT0.0100/35_W_matrix.npy

real	1m29.998s
user	0m0.078s
sys	0m0.089s
144
184
Generating /cluster/projects/nn8008k/lluisa/NextSIM/seas/Fmap_10days/2010_OND_ic0.5_dt0.0025_DT0.0100/36_W_matrix.npy

real	1m41.128s
user	0m0.074s
sys	0m0.091s
148
188
Generating /cluster/projects/nn8008k/lluisa/NextSIM/seas/Fmap_10days/2010_OND_ic0.5_dt0.0025_DT0.0100/37_W_matrix.npy

real	1m39.994s
user	0m0.071s
sys	0m0.097s
152
192
Generating /cluster/projects/nn8008k/lluisa/NextSIM/seas/Fmap_10days/2010_OND_ic0.5_dt0.0025_DT0.0100/38_W_matrix.npy

real	1m42.022s
user	0m0.073s
sys	0m0.090s
156
196
Generating /cluster/projects/nn8008k/lluisa/NextSIM/seas/Fmap_10days/2010_OND_ic0.5_dt0.0025_DT0.0100/39_W_matrix.npy

real	1m39.960s
user	0m0.074s
sys	0m0.102s
160
200
Generating /cluster/projects/nn8008k/lluisa/NextSIM/seas/Fmap_10days/2010_OND_ic0.5_dt0.0025_DT0.0100/40_W_matrix.npy

real	1m42.925s
user	0m0.084s
sys	0m0.084s
164
204
Generating /cluster/projects/nn8008k/lluisa/NextSIM/seas/Fmap_10days/2010_OND_ic0.5_dt0.0025_DT0.0100/41_W_matrix.npy

real	1m52.117s
user	0m0.070s
sys	0m0.103s
168
208
Generating /cluster/projects/nn8008k/lluisa/NextSIM/seas/Fmap_10days/2010_OND_ic0.5_dt0.0025_DT0.0100/42_W_matrix.npy

real	2m4.979s
user	0m0.071s
sys	0m0.099s
172
212
Generating /cluster/projects/nn8008k/lluisa/NextSIM/seas/Fmap_10days/2010_OND_ic0.5_dt0.0025_DT0.0100/43_W_matrix.npy

real	1m36.390s
user	0m0.077s
sys	0m0.092s
176
216
Generating /cluster/projects/nn8008k/lluisa/NextSIM/seas/Fmap_10days/2010_OND_ic0.5_dt0.0025_DT0.0100/44_W_matrix.npy

real	1m41.588s
user	0m0.073s
sys	0m0.094s
180
220
Generating /cluster/projects/nn8008k/lluisa/NextSIM/seas/Fmap_10days/2010_OND_ic0.5_dt0.0025_DT0.0100/45_W_matrix.npy

real	1m41.996s
user	0m0.074s
sys	0m0.101s
184
224
Generating /cluster/projects/nn8008k/lluisa/NextSIM/seas/Fmap_10days/2010_OND_ic0.5_dt0.0025_DT0.0100/46_W_matrix.npy

real	1m52.074s
user	0m0.073s
sys	0m0.101s
188
228
Generating /cluster/projects/nn8008k/lluisa/NextSIM/seas/Fmap_10days/2010_OND_ic0.5_dt0.0025_DT0.0100/47_W_matrix.npy

real	1m46.030s
user	0m0.074s
sys	0m0.099s
192
232
Generating /cluster/projects/nn8008k/lluisa/NextSIM/seas/Fmap_10days/2010_OND_ic0.5_dt0.0025_DT0.0100/48_W_matrix.npy

real	1m46.886s
user	0m0.079s
sys	0m0.092s
196
236
Generating /cluster/projects/nn8008k/lluisa/NextSIM/seas/Fmap_10days/2010_OND_ic0.5_dt0.0025_DT0.0100/49_W_matrix.npy

real	1m43.997s
user	0m0.071s
sys	0m0.096s
200
240
Generating /cluster/projects/nn8008k/lluisa/NextSIM/seas/Fmap_10days/2010_OND_ic0.5_dt0.0025_DT0.0100/50_W_matrix.npy

real	1m46.001s
user	0m0.073s
sys	0m0.099s
204
244
Generating /cluster/projects/nn8008k/lluisa/NextSIM/seas/Fmap_10days/2010_OND_ic0.5_dt0.0025_DT0.0100/51_W_matrix.npy

real	1m54.026s
user	0m0.070s
sys	0m0.100s
208
248
Generating /cluster/projects/nn8008k/lluisa/NextSIM/seas/Fmap_10days/2010_OND_ic0.5_dt0.0025_DT0.0100/52_W_matrix.npy

real	1m56.985s
user	0m0.086s
sys	0m0.080s
212
252
Generating /cluster/projects/nn8008k/lluisa/NextSIM/seas/Fmap_10days/2010_OND_ic0.5_dt0.0025_DT0.0100/53_W_matrix.npy

real	1m50.983s
user	0m0.071s
sys	0m0.094s
216
256
Generating /cluster/projects/nn8008k/lluisa/NextSIM/seas/Fmap_10days/2010_OND_ic0.5_dt0.0025_DT0.0100/54_W_matrix.npy

real	1m54.022s
user	0m0.070s
sys	0m0.090s
220
260
Generating /cluster/projects/nn8008k/lluisa/NextSIM/seas/Fmap_10days/2010_OND_ic0.5_dt0.0025_DT0.0100/55_W_matrix.npy

real	1m44.975s
user	0m0.079s
sys	0m0.089s
224
264
Generating /cluster/projects/nn8008k/lluisa/NextSIM/seas/Fmap_10days/2010_OND_ic0.5_dt0.0025_DT0.0100/56_W_matrix.npy

real	1m49.993s
user	0m0.079s
sys	0m0.092s
228
268
Generating /cluster/projects/nn8008k/lluisa/NextSIM/seas/Fmap_10days/2010_OND_ic0.5_dt0.0025_DT0.0100/57_W_matrix.npy

real	1m45.052s
user	0m0.065s
sys	0m0.107s
232
272
Generating /cluster/projects/nn8008k/lluisa/NextSIM/seas/Fmap_10days/2010_OND_ic0.5_dt0.0025_DT0.0100/58_W_matrix.npy

real	1m55.964s
user	0m0.081s
sys	0m0.091s
236
276
Generating /cluster/projects/nn8008k/lluisa/NextSIM/seas/Fmap_10days/2010_OND_ic0.5_dt0.0025_DT0.0100/59_W_matrix.npy

real	1m59.002s
user	0m0.082s
sys	0m0.087s
240
280
Generating /cluster/projects/nn8008k/lluisa/NextSIM/seas/Fmap_10days/2010_OND_ic0.5_dt0.0025_DT0.0100/60_W_matrix.npy

real	1m56.025s
user	0m0.078s
sys	0m0.088s
244
284
Generating /cluster/projects/nn8008k/lluisa/NextSIM/seas/Fmap_10days/2010_OND_ic0.5_dt0.0025_DT0.0100/61_W_matrix.npy

real	1m58.960s
user	0m0.081s
sys	0m0.091s
248
288
Generating /cluster/projects/nn8008k/lluisa/NextSIM/seas/Fmap_10days/2010_OND_ic0.5_dt0.0025_DT0.0100/62_W_matrix.npy

real	1m54.033s
user	0m0.061s
sys	0m0.107s
252
292
Generating /cluster/projects/nn8008k/lluisa/NextSIM/seas/Fmap_10days/2010_OND_ic0.5_dt0.0025_DT0.0100/63_W_matrix.npy

real	2m2.464s
user	0m0.066s
sys	0m0.107s
256
296
Generating /cluster/projects/nn8008k/lluisa/NextSIM/seas/Fmap_10days/2010_OND_ic0.5_dt0.0025_DT0.0100/64_W_matrix.npy

real	1m55.120s
user	0m0.061s
sys	0m0.107s
260
300
Generating /cluster/projects/nn8008k/lluisa/NextSIM/seas/Fmap_10days/2010_OND_ic0.5_dt0.0025_DT0.0100/65_W_matrix.npy

real	1m52.383s
user	0m0.073s
sys	0m0.094s
264
304
Generating /cluster/projects/nn8008k/lluisa/NextSIM/seas/Fmap_10days/2010_OND_ic0.5_dt0.0025_DT0.0100/66_W_matrix.npy

real	1m58.895s
user	0m0.070s
sys	0m0.099s
268
308
Generating /cluster/projects/nn8008k/lluisa/NextSIM/seas/Fmap_10days/2010_OND_ic0.5_dt0.0025_DT0.0100/67_W_matrix.npy

real	2m0.185s
user	0m0.072s
sys	0m0.095s
272
312
Generating /cluster/projects/nn8008k/lluisa/NextSIM/seas/Fmap_10days/2010_OND_ic0.5_dt0.0025_DT0.0100/68_W_matrix.npy

real	2m0.901s
user	0m0.074s
sys	0m0.098s
276
316
Generating /cluster/projects/nn8008k/lluisa/NextSIM/seas/Fmap_10days/2010_OND_ic0.5_dt0.0025_DT0.0100/69_W_matrix.npy

real	2m7.055s
user	0m0.074s
sys	0m0.095s
280
320
Generating /cluster/projects/nn8008k/lluisa/NextSIM/seas/Fmap_10days/2010_OND_ic0.5_dt0.0025_DT0.0100/70_W_matrix.npy

real	2m1.952s
user	0m0.084s
sys	0m0.084s
284
324
Generating /cluster/projects/nn8008k/lluisa/NextSIM/seas/Fmap_10days/2010_OND_ic0.5_dt0.0025_DT0.0100/71_W_matrix.npy

real	1m59.544s
user	0m0.076s
sys	0m0.092s
288
328
Generating /cluster/projects/nn8008k/lluisa/NextSIM/seas/Fmap_10days/2010_OND_ic0.5_dt0.0025_DT0.0100/72_W_matrix.npy

real	2m11.480s
user	0m0.072s
sys	0m0.098s
292
332
Generating /cluster/projects/nn8008k/lluisa/NextSIM/seas/Fmap_10days/2010_OND_ic0.5_dt0.0025_DT0.0100/73_W_matrix.npy
srun: Step created for StepId=6228848.235

real	2m13.920s
user	0m0.082s
sys	0m0.087s
296
336
Generating /cluster/projects/nn8008k/lluisa/NextSIM/seas/Fmap_10days/2010_OND_ic0.5_dt0.0025_DT0.0100/74_W_matrix.npy

real	2m20.120s
user	0m0.082s
sys	0m0.091s
300
340
Generating /cluster/projects/nn8008k/lluisa/NextSIM/seas/Fmap_10days/2010_OND_ic0.5_dt0.0025_DT0.0100/75_W_matrix.npy

real	2m12.938s
user	0m0.074s
sys	0m0.090s
304
344
Generating /cluster/projects/nn8008k/lluisa/NextSIM/seas/Fmap_10days/2010_OND_ic0.5_dt0.0025_DT0.0100/76_W_matrix.npy

real	2m13.026s
user	0m0.070s
sys	0m0.094s
308
348
Generating /cluster/projects/nn8008k/lluisa/NextSIM/seas/Fmap_10days/2010_OND_ic0.5_dt0.0025_DT0.0100/77_W_matrix.npy

real	2m11.017s
user	0m0.072s
sys	0m0.093s
312
352
Generating /cluster/projects/nn8008k/lluisa/NextSIM/seas/Fmap_10days/2010_OND_ic0.5_dt0.0025_DT0.0100/78_W_matrix.npy

real	2m8.155s
user	0m0.077s
sys	0m0.085s
316
356
Generating /cluster/projects/nn8008k/lluisa/NextSIM/seas/Fmap_10days/2010_OND_ic0.5_dt0.0025_DT0.0100/79_W_matrix.npy

real	2m12.786s
user	0m0.063s
sys	0m0.110s
320
360
Generating /cluster/projects/nn8008k/lluisa/NextSIM/seas/Fmap_10days/2010_OND_ic0.5_dt0.0025_DT0.0100/80_W_matrix.npy

real	2m11.052s
user	0m0.080s
sys	0m0.090s
0
40
Generating /cluster/projects/nn8008k/lluisa/NextSIM/seas/Fmap_10days/2010_JFM_ic0.5_dt0.0025_DT0.0100/0_W_matrix.npy

real	2m24.949s
user	0m0.064s
sys	0m0.104s
4
44
Generating /cluster/projects/nn8008k/lluisa/NextSIM/seas/Fmap_10days/2010_JFM_ic0.5_dt0.0025_DT0.0100/1_W_matrix.npy

real	2m25.031s
user	0m0.065s
sys	0m0.104s
8
48
Generating /cluster/projects/nn8008k/lluisa/NextSIM/seas/Fmap_10days/2010_JFM_ic0.5_dt0.0025_DT0.0100/2_W_matrix.npy

real	2m26.967s
user	0m0.075s
sys	0m0.095s
12
52
Generating /cluster/projects/nn8008k/lluisa/NextSIM/seas/Fmap_10days/2010_JFM_ic0.5_dt0.0025_DT0.0100/3_W_matrix.npy

real	2m26.038s
user	0m0.059s
sys	0m0.116s
16
56
Generating /cluster/projects/nn8008k/lluisa/NextSIM/seas/Fmap_10days/2010_JFM_ic0.5_dt0.0025_DT0.0100/4_W_matrix.npy

real	2m32.980s
user	0m0.056s
sys	0m0.111s
20
60
Generating /cluster/projects/nn8008k/lluisa/NextSIM/seas/Fmap_10days/2010_JFM_ic0.5_dt0.0025_DT0.0100/5_W_matrix.npy

real	2m35.021s
user	0m0.070s
sys	0m0.095s
24
64
Generating /cluster/projects/nn8008k/lluisa/NextSIM/seas/Fmap_10days/2010_JFM_ic0.5_dt0.0025_DT0.0100/6_W_matrix.npy

real	2m29.959s
user	0m0.073s
sys	0m0.097s
28
68
Generating /cluster/projects/nn8008k/lluisa/NextSIM/seas/Fmap_10days/2010_JFM_ic0.5_dt0.0025_DT0.0100/7_W_matrix.npy

real	2m26.427s
user	0m0.082s
sys	0m0.091s
32
72
Generating /cluster/projects/nn8008k/lluisa/NextSIM/seas/Fmap_10days/2010_JFM_ic0.5_dt0.0025_DT0.0100/8_W_matrix.npy

real	2m26.562s
user	0m0.063s
sys	0m0.100s
36
76
Generating /cluster/projects/nn8008k/lluisa/NextSIM/seas/Fmap_10days/2010_JFM_ic0.5_dt0.0025_DT0.0100/9_W_matrix.npy

real	2m32.037s
user	0m0.068s
sys	0m0.102s
40
80
Generating /cluster/projects/nn8008k/lluisa/NextSIM/seas/Fmap_10days/2010_JFM_ic0.5_dt0.0025_DT0.0100/10_W_matrix.npy
srun: Step created for StepId=6228848.253

real	2m32.998s
user	0m0.068s
sys	0m0.096s
44
84
Generating /cluster/projects/nn8008k/lluisa/NextSIM/seas/Fmap_10days/2010_JFM_ic0.5_dt0.0025_DT0.0100/11_W_matrix.npy

real	2m25.961s
user	0m0.084s
sys	0m0.087s
48
88
Generating /cluster/projects/nn8008k/lluisa/NextSIM/seas/Fmap_10days/2010_JFM_ic0.5_dt0.0025_DT0.0100/12_W_matrix.npy

real	2m29.897s
user	0m0.085s
sys	0m0.086s
52
92
Generating /cluster/projects/nn8008k/lluisa/NextSIM/seas/Fmap_10days/2010_JFM_ic0.5_dt0.0025_DT0.0100/13_W_matrix.npy

real	2m32.025s
user	0m0.079s
sys	0m0.091s
56
96
Generating /cluster/projects/nn8008k/lluisa/NextSIM/seas/Fmap_10days/2010_JFM_ic0.5_dt0.0025_DT0.0100/14_W_matrix.npy

real	2m26.305s
user	0m0.072s
sys	0m0.099s
60
100
Generating /cluster/projects/nn8008k/lluisa/NextSIM/seas/Fmap_10days/2010_JFM_ic0.5_dt0.0025_DT0.0100/15_W_matrix.npy

real	2m31.728s
user	0m0.080s
sys	0m0.090s
64
104
Generating /cluster/projects/nn8008k/lluisa/NextSIM/seas/Fmap_10days/2010_JFM_ic0.5_dt0.0025_DT0.0100/16_W_matrix.npy

real	2m29.086s
user	0m0.073s
sys	0m0.098s
68
108
Generating /cluster/projects/nn8008k/lluisa/NextSIM/seas/Fmap_10days/2010_JFM_ic0.5_dt0.0025_DT0.0100/17_W_matrix.npy

real	2m30.948s
user	0m0.080s
sys	0m0.093s
72
112
Generating /cluster/projects/nn8008k/lluisa/NextSIM/seas/Fmap_10days/2010_JFM_ic0.5_dt0.0025_DT0.0100/18_W_matrix.npy

real	2m22.044s
user	0m0.072s
sys	0m0.090s
76
116
Generating /cluster/projects/nn8008k/lluisa/NextSIM/seas/Fmap_10days/2010_JFM_ic0.5_dt0.0025_DT0.0100/19_W_matrix.npy

real	2m27.003s
user	0m0.078s
sys	0m0.091s
80
120
Generating /cluster/projects/nn8008k/lluisa/NextSIM/seas/Fmap_10days/2010_JFM_ic0.5_dt0.0025_DT0.0100/20_W_matrix.npy

real	2m35.866s
user	0m0.071s
sys	0m0.101s
84
124
Generating /cluster/projects/nn8008k/lluisa/NextSIM/seas/Fmap_10days/2010_JFM_ic0.5_dt0.0025_DT0.0100/21_W_matrix.npy

real	2m34.171s
user	0m0.072s
sys	0m0.099s
88
128
Generating /cluster/projects/nn8008k/lluisa/NextSIM/seas/Fmap_10days/2010_JFM_ic0.5_dt0.0025_DT0.0100/22_W_matrix.npy

real	3m22.376s
user	0m0.070s
sys	0m0.098s
92
132
Generating /cluster/projects/nn8008k/lluisa/NextSIM/seas/Fmap_10days/2010_JFM_ic0.5_dt0.0025_DT0.0100/23_W_matrix.npy

real	2m34.486s
user	0m0.088s
sys	0m0.087s
96
136
Generating /cluster/projects/nn8008k/lluisa/NextSIM/seas/Fmap_10days/2010_JFM_ic0.5_dt0.0025_DT0.0100/24_W_matrix.npy

real	2m32.121s
user	0m0.083s
sys	0m0.085s
100
140
Generating /cluster/projects/nn8008k/lluisa/NextSIM/seas/Fmap_10days/2010_JFM_ic0.5_dt0.0025_DT0.0100/25_W_matrix.npy

real	2m41.948s
user	0m0.078s
sys	0m0.086s
104
144
Generating /cluster/projects/nn8008k/lluisa/NextSIM/seas/Fmap_10days/2010_JFM_ic0.5_dt0.0025_DT0.0100/26_W_matrix.npy

real	2m46.814s
user	0m0.072s
sys	0m0.097s
108
148
Generating /cluster/projects/nn8008k/lluisa/NextSIM/seas/Fmap_10days/2010_JFM_ic0.5_dt0.0025_DT0.0100/27_W_matrix.npy

real	2m37.187s
user	0m0.071s
sys	0m0.095s
112
152
Generating /cluster/projects/nn8008k/lluisa/NextSIM/seas/Fmap_10days/2010_JFM_ic0.5_dt0.0025_DT0.0100/28_W_matrix.npy

real	2m32.016s
user	0m0.073s
sys	0m0.092s
116
156
Generating /cluster/projects/nn8008k/lluisa/NextSIM/seas/Fmap_10days/2010_JFM_ic0.5_dt0.0025_DT0.0100/29_W_matrix.npy

real	2m33.124s
user	0m0.075s
sys	0m0.098s
120
160
Generating /cluster/projects/nn8008k/lluisa/NextSIM/seas/Fmap_10days/2010_JFM_ic0.5_dt0.0025_DT0.0100/30_W_matrix.npy

real	2m27.867s
user	0m0.082s
sys	0m0.082s
124
164
Generating /cluster/projects/nn8008k/lluisa/NextSIM/seas/Fmap_10days/2010_JFM_ic0.5_dt0.0025_DT0.0100/31_W_matrix.npy

real	2m33.537s
user	0m0.078s
sys	0m0.091s
128
168
Generating /cluster/projects/nn8008k/lluisa/NextSIM/seas/Fmap_10days/2010_JFM_ic0.5_dt0.0025_DT0.0100/32_W_matrix.npy

real	2m35.579s
user	0m0.079s
sys	0m0.094s
132
172
Generating /cluster/projects/nn8008k/lluisa/NextSIM/seas/Fmap_10days/2010_JFM_ic0.5_dt0.0025_DT0.0100/33_W_matrix.npy

real	2m37.880s
user	0m0.083s
sys	0m0.086s
136
176
Generating /cluster/projects/nn8008k/lluisa/NextSIM/seas/Fmap_10days/2010_JFM_ic0.5_dt0.0025_DT0.0100/34_W_matrix.npy

real	2m32.896s
user	0m0.088s
sys	0m0.079s
140
180
Generating /cluster/projects/nn8008k/lluisa/NextSIM/seas/Fmap_10days/2010_JFM_ic0.5_dt0.0025_DT0.0100/35_W_matrix.npy

real	2m37.984s
user	0m0.077s
sys	0m0.097s
144
184
Generating /cluster/projects/nn8008k/lluisa/NextSIM/seas/Fmap_10days/2010_JFM_ic0.5_dt0.0025_DT0.0100/36_W_matrix.npy

real	2m45.285s
user	0m0.075s
sys	0m0.091s
148
188
Generating /cluster/projects/nn8008k/lluisa/NextSIM/seas/Fmap_10days/2010_JFM_ic0.5_dt0.0025_DT0.0100/37_W_matrix.npy

real	2m38.718s
user	0m0.064s
sys	0m0.104s
152
192
Generating /cluster/projects/nn8008k/lluisa/NextSIM/seas/Fmap_10days/2010_JFM_ic0.5_dt0.0025_DT0.0100/38_W_matrix.npy

real	2m32.007s
user	0m0.082s
sys	0m0.092s
156
196
Generating /cluster/projects/nn8008k/lluisa/NextSIM/seas/Fmap_10days/2010_JFM_ic0.5_dt0.0025_DT0.0100/39_W_matrix.npy

real	2m29.097s
user	0m0.073s
sys	0m0.100s
160
200
Generating /cluster/projects/nn8008k/lluisa/NextSIM/seas/Fmap_10days/2010_JFM_ic0.5_dt0.0025_DT0.0100/40_W_matrix.npy

real	2m32.015s
user	0m0.070s
sys	0m0.094s
164
204
Generating /cluster/projects/nn8008k/lluisa/NextSIM/seas/Fmap_10days/2010_JFM_ic0.5_dt0.0025_DT0.0100/41_W_matrix.npy

real	2m35.985s
user	0m0.073s
sys	0m0.095s
168
208
Generating /cluster/projects/nn8008k/lluisa/NextSIM/seas/Fmap_10days/2010_JFM_ic0.5_dt0.0025_DT0.0100/42_W_matrix.npy

real	2m35.900s
user	0m0.076s
sys	0m0.092s
172
212
Generating /cluster/projects/nn8008k/lluisa/NextSIM/seas/Fmap_10days/2010_JFM_ic0.5_dt0.0025_DT0.0100/43_W_matrix.npy
srun: Step created for StepId=6228848.286

real	2m32.116s
user	0m0.076s
sys	0m0.097s
176
216
Generating /cluster/projects/nn8008k/lluisa/NextSIM/seas/Fmap_10days/2010_JFM_ic0.5_dt0.0025_DT0.0100/44_W_matrix.npy

real	2m36.980s
user	0m0.064s
sys	0m0.102s
180
220
Generating /cluster/projects/nn8008k/lluisa/NextSIM/seas/Fmap_10days/2010_JFM_ic0.5_dt0.0025_DT0.0100/45_W_matrix.npy

real	2m29.984s
user	0m0.078s
sys	0m0.092s
184
224
Generating /cluster/projects/nn8008k/lluisa/NextSIM/seas/Fmap_10days/2010_JFM_ic0.5_dt0.0025_DT0.0100/46_W_matrix.npy

real	2m33.734s
user	0m0.071s
sys	0m0.101s
188
228
Generating /cluster/projects/nn8008k/lluisa/NextSIM/seas/Fmap_10days/2010_JFM_ic0.5_dt0.0025_DT0.0100/47_W_matrix.npy

real	2m32.294s
user	0m0.069s
sys	0m0.104s
192
232
Generating /cluster/projects/nn8008k/lluisa/NextSIM/seas/Fmap_10days/2010_JFM_ic0.5_dt0.0025_DT0.0100/48_W_matrix.npy

real	2m37.859s
user	0m0.067s
sys	0m0.098s
196
236
Generating /cluster/projects/nn8008k/lluisa/NextSIM/seas/Fmap_10days/2010_JFM_ic0.5_dt0.0025_DT0.0100/49_W_matrix.npy

real	2m36.005s
user	0m0.071s
sys	0m0.101s
200
240
Generating /cluster/projects/nn8008k/lluisa/NextSIM/seas/Fmap_10days/2010_JFM_ic0.5_dt0.0025_DT0.0100/50_W_matrix.npy

real	2m32.229s
user	0m0.069s
sys	0m0.101s
204
244
Generating /cluster/projects/nn8008k/lluisa/NextSIM/seas/Fmap_10days/2010_JFM_ic0.5_dt0.0025_DT0.0100/51_W_matrix.npy

real	2m38.872s
user	0m0.072s
sys	0m0.100s
208
248
Generating /cluster/projects/nn8008k/lluisa/NextSIM/seas/Fmap_10days/2010_JFM_ic0.5_dt0.0025_DT0.0100/52_W_matrix.npy

real	2m36.012s
user	0m0.085s
sys	0m0.087s
212
252
Generating /cluster/projects/nn8008k/lluisa/NextSIM/seas/Fmap_10days/2010_JFM_ic0.5_dt0.0025_DT0.0100/53_W_matrix.npy

real	2m32.161s
user	0m0.074s
sys	0m0.090s
216
256
Generating /cluster/projects/nn8008k/lluisa/NextSIM/seas/Fmap_10days/2010_JFM_ic0.5_dt0.0025_DT0.0100/54_W_matrix.npy

real	2m40.733s
user	0m0.086s
sys	0m0.086s
220
260
Generating /cluster/projects/nn8008k/lluisa/NextSIM/seas/Fmap_10days/2010_JFM_ic0.5_dt0.0025_DT0.0100/55_W_matrix.npy

real	2m37.003s
user	0m0.076s
sys	0m0.094s
224
264
Generating /cluster/projects/nn8008k/lluisa/NextSIM/seas/Fmap_10days/2010_JFM_ic0.5_dt0.0025_DT0.0100/56_W_matrix.npy

real	2m32.141s
user	0m0.076s
sys	0m0.088s
228
268
Generating /cluster/projects/nn8008k/lluisa/NextSIM/seas/Fmap_10days/2010_JFM_ic0.5_dt0.0025_DT0.0100/57_W_matrix.npy

real	2m33.950s
user	0m0.067s
sys	0m0.102s
232
272
Generating /cluster/projects/nn8008k/lluisa/NextSIM/seas/Fmap_10days/2010_JFM_ic0.5_dt0.0025_DT0.0100/58_W_matrix.npy

real	2m35.988s
user	0m0.092s
sys	0m0.083s
236
276
Generating /cluster/projects/nn8008k/lluisa/NextSIM/seas/Fmap_10days/2010_JFM_ic0.5_dt0.0025_DT0.0100/59_W_matrix.npy

real	2m40.000s
user	0m0.074s
sys	0m0.091s
240
280
Generating /cluster/projects/nn8008k/lluisa/NextSIM/seas/Fmap_10days/2010_JFM_ic0.5_dt0.0025_DT0.0100/60_W_matrix.npy

real	2m36.012s
user	0m0.079s
sys	0m0.096s
244
284
Generating /cluster/projects/nn8008k/lluisa/NextSIM/seas/Fmap_10days/2010_JFM_ic0.5_dt0.0025_DT0.0100/61_W_matrix.npy

real	2m38.040s
user	0m0.075s
sys	0m0.094s
248
288
Generating /cluster/projects/nn8008k/lluisa/NextSIM/seas/Fmap_10days/2010_JFM_ic0.5_dt0.0025_DT0.0100/62_W_matrix.npy

real	2m43.271s
user	0m0.081s
sys	0m0.086s
252
292
Generating /cluster/projects/nn8008k/lluisa/NextSIM/seas/Fmap_10days/2010_JFM_ic0.5_dt0.0025_DT0.0100/63_W_matrix.npy

real	2m35.740s
user	0m0.069s
sys	0m0.094s
256
296
Generating /cluster/projects/nn8008k/lluisa/NextSIM/seas/Fmap_10days/2010_JFM_ic0.5_dt0.0025_DT0.0100/64_W_matrix.npy

real	2m39.855s
user	0m0.070s
sys	0m0.101s
260
300
Generating /cluster/projects/nn8008k/lluisa/NextSIM/seas/Fmap_10days/2010_JFM_ic0.5_dt0.0025_DT0.0100/65_W_matrix.npy

real	2m47.088s
user	0m0.070s
sys	0m0.101s
264
304
Generating /cluster/projects/nn8008k/lluisa/NextSIM/seas/Fmap_10days/2010_JFM_ic0.5_dt0.0025_DT0.0100/66_W_matrix.npy

real	2m44.239s
user	0m0.069s
sys	0m0.100s
268
308
Generating /cluster/projects/nn8008k/lluisa/NextSIM/seas/Fmap_10days/2010_JFM_ic0.5_dt0.0025_DT0.0100/67_W_matrix.npy

real	2m37.776s
user	0m0.090s
sys	0m0.064s
272
312
Generating /cluster/projects/nn8008k/lluisa/NextSIM/seas/Fmap_10days/2010_JFM_ic0.5_dt0.0025_DT0.0100/68_W_matrix.npy

real	2m32.900s
user	0m0.071s
sys	0m0.092s
276
316
Generating /cluster/projects/nn8008k/lluisa/NextSIM/seas/Fmap_10days/2010_JFM_ic0.5_dt0.0025_DT0.0100/69_W_matrix.npy

real	2m34.149s
user	0m0.085s
sys	0m0.087s
280
320
Generating /cluster/projects/nn8008k/lluisa/NextSIM/seas/Fmap_10days/2010_JFM_ic0.5_dt0.0025_DT0.0100/70_W_matrix.npy

real	2m38.931s
user	0m0.070s
sys	0m0.098s
284
324
Generating /cluster/projects/nn8008k/lluisa/NextSIM/seas/Fmap_10days/2010_JFM_ic0.5_dt0.0025_DT0.0100/71_W_matrix.npy

real	2m34.047s
user	0m0.069s
sys	0m0.099s
288
328
Generating /cluster/projects/nn8008k/lluisa/NextSIM/seas/Fmap_10days/2010_JFM_ic0.5_dt0.0025_DT0.0100/72_W_matrix.npy

real	2m37.942s
user	0m0.078s
sys	0m0.090s
292
332
Generating /cluster/projects/nn8008k/lluisa/NextSIM/seas/Fmap_10days/2010_JFM_ic0.5_dt0.0025_DT0.0100/73_W_matrix.npy

real	2m33.127s
user	0m0.073s
sys	0m0.098s
296
336
Generating /cluster/projects/nn8008k/lluisa/NextSIM/seas/Fmap_10days/2010_JFM_ic0.5_dt0.0025_DT0.0100/74_W_matrix.npy

real	2m41.004s
user	0m0.071s
sys	0m0.103s
300
340
Generating /cluster/projects/nn8008k/lluisa/NextSIM/seas/Fmap_10days/2010_JFM_ic0.5_dt0.0025_DT0.0100/75_W_matrix.npy

real	2m36.902s
user	0m0.078s
sys	0m0.089s
304
344
Generating /cluster/projects/nn8008k/lluisa/NextSIM/seas/Fmap_10days/2010_JFM_ic0.5_dt0.0025_DT0.0100/76_W_matrix.npy

real	2m39.869s
user	0m0.074s
sys	0m0.093s
308
348
Generating /cluster/projects/nn8008k/lluisa/NextSIM/seas/Fmap_10days/2010_JFM_ic0.5_dt0.0025_DT0.0100/77_W_matrix.npy

real	2m38.141s
user	0m0.064s
sys	0m0.101s
312
352
Generating /cluster/projects/nn8008k/lluisa/NextSIM/seas/Fmap_10days/2010_JFM_ic0.5_dt0.0025_DT0.0100/78_W_matrix.npy

real	2m33.412s
user	0m0.072s
sys	0m0.098s
316
356
Generating /cluster/projects/nn8008k/lluisa/NextSIM/seas/Fmap_10days/2010_JFM_ic0.5_dt0.0025_DT0.0100/79_W_matrix.npy

real	2m29.548s
user	0m0.068s
sys	0m0.100s
320
360
Generating /cluster/projects/nn8008k/lluisa/NextSIM/seas/Fmap_10days/2010_JFM_ic0.5_dt0.0025_DT0.0100/80_W_matrix.npy

real	2m36.908s
user	0m0.074s
sys	0m0.095s
EBVERSIONNUMACTL=2.0.16
SLURM_JOB_NUM_NODES=16
EBROOTNUMACTL=/cluster/software/numactl/2.0.16-GCCcore-13.2.0
EBDEVELNUMACTL=/cluster/software/numactl/2.0.16-GCCcore-13.2.0/easybuild/numactl-2.0.16-GCCcore-13.2.0-easybuild-devel
OMP_NUM_THREADS=1

Job 6228848 consumed 5588.8 billing hours from project nn8008k.

Submitted 2025-05-03T00:46:03; waited 9.0 seconds in the queue after becoming eligible to run.

Requested wallclock time: 3.0 days
Elapsed wallclock time:   10.9 hours

Job exited normally.

Task and CPU statistics:
ID              CPUs  Tasks  CPU util                Start  Elapsed  Exit status
6228848          512            0.0 %  2025-05-03T00:46:12   10.9 h  0
6228848.batch     32      1     0.0 %  2025-05-03T00:46:12   10.9 h  0
6228848.python   512    512    31.1 %  2025-05-03T00:46:15    0.0 h  0
6228848.python   512    512    32.0 %  2025-05-03T00:49:05    0.0 h  0
6228848.python   512    512    32.2 %  2025-05-03T00:51:46    0.0 h  0
6228848.python   512    512    31.4 %  2025-05-03T00:54:25    0.0 h  0
6228848.python   512    512    32.5 %  2025-05-03T00:57:05    0.0 h  0
6228848.python   512    512    32.2 %  2025-05-03T00:59:50    0.0 h  0
6228848.python   512    512    30.5 %  2025-05-03T01:02:28    0.0 h  0
6228848.python   512    512    30.1 %  2025-05-03T01:05:12    0.0 h  0
6228848.python   512    512    33.1 %  2025-05-03T01:08:02    0.0 h  0
6228848.python   512    512    33.8 %  2025-05-03T01:10:43    0.0 h  0
6228848.python   512    512    32.4 %  2025-05-03T01:13:20    0.0 h  0
6228848.python   512    512    32.2 %  2025-05-03T01:16:03    0.0 h  0
6228848.python   512    512    31.8 %  2025-05-03T01:18:41    0.0 h  0
6228848.python   512    512    31.5 %  2025-05-03T01:21:17    0.0 h  0
6228848.python   512    512    31.8 %  2025-05-03T01:23:57    0.0 h  0
6228848.python   512    512    31.9 %  2025-05-03T01:26:35    0.0 h  0
6228848.python   512    512    32.1 %  2025-05-03T01:29:12    0.0 h  0
6228848.python   512    512    31.4 %  2025-05-03T01:31:49    0.0 h  0
6228848.python   512    512    31.6 %  2025-05-03T01:34:28    0.0 h  0
6228848.python   512    512    31.7 %  2025-05-03T01:37:09    0.0 h  0
6228848.python   512    512    31.0 %  2025-05-03T01:39:48    0.0 h  0
6228848.python   512    512    31.9 %  2025-05-03T01:42:33    0.0 h  0
6228848.python   512    512    32.7 %  2025-05-03T01:45:11    0.0 h  0
6228848.python   512    512    32.7 %  2025-05-03T01:47:53    0.0 h  0
6228848.python   512    512    31.4 %  2025-05-03T01:50:27    0.0 h  0
6228848.python   512    512    30.5 %  2025-05-03T01:53:05    0.0 h  0
6228848.python   512    512    31.1 %  2025-05-03T01:55:43    0.0 h  0
6228848.python   512    512    32.3 %  2025-05-03T01:58:21    0.0 h  0
6228848.python   512    512    32.0 %  2025-05-03T02:00:58    0.0 h  0
6228848.python   512    512    32.4 %  2025-05-03T02:03:34    0.0 h  0
6228848.python   512    512    30.9 %  2025-05-03T02:06:15    0.0 h  0
6228848.python   512    512    31.1 %  2025-05-03T02:08:57    0.0 h  0
6228848.python   512    512    32.6 %  2025-05-03T02:11:38    0.0 h  0
6228848.python   512    512    30.3 %  2025-05-03T02:14:15    0.0 h  0
6228848.python   512    512    32.6 %  2025-05-03T02:16:58    0.0 h  0
6228848.python   512    512    32.0 %  2025-05-03T02:19:35    0.0 h  0
6228848.python   512    512    31.7 %  2025-05-03T02:22:11    0.0 h  0
6228848.python   512    512    33.0 %  2025-05-03T02:24:49    0.0 h  0
6228848.python   512    512    31.5 %  2025-05-03T02:27:24    0.0 h  0
6228848.python   512    512    31.1 %  2025-05-03T02:30:03    0.0 h  0
6228848.python   512    512    32.6 %  2025-05-03T02:32:41    0.0 h  0
6228848.python   512    512    31.0 %  2025-05-03T02:35:18    0.0 h  0
6228848.python   512    512    31.8 %  2025-05-03T02:38:01    0.0 h  0
6228848.python   512    512    32.5 %  2025-05-03T02:40:33    0.0 h  0
6228848.python   512    512    30.8 %  2025-05-03T02:43:03    0.0 h  0
6228848.python   512    512    33.1 %  2025-05-03T02:45:41    0.0 h  0
6228848.python   512    512    31.4 %  2025-05-03T02:48:12    0.0 h  0
6228848.python   512    512    32.8 %  2025-05-03T02:50:45    0.0 h  0
6228848.python   512    512    32.1 %  2025-05-03T02:53:11    0.0 h  0
6228848.python   512    512    30.6 %  2025-05-03T02:55:46    0.0 h  0
6228848.python   512    512    32.4 %  2025-05-03T02:58:23    0.0 h  0
6228848.python   512    512    31.7 %  2025-05-03T03:00:57    0.0 h  0
6228848.python   512    512    31.5 %  2025-05-03T03:03:28    0.0 h  0
6228848.python   512    512    31.3 %  2025-05-03T03:05:58    0.0 h  0
6228848.python   512    512    31.3 %  2025-05-03T03:08:31    0.0 h  0
6228848.python   512    512    32.4 %  2025-05-03T03:11:01    0.0 h  0
6228848.python   512    512    31.8 %  2025-05-03T03:13:33    0.0 h  0
6228848.python   512    512    31.9 %  2025-05-03T03:16:02    0.0 h  0
6228848.python   512    512    30.2 %  2025-05-03T03:18:31    0.0 h  0
6228848.python   512    512    32.7 %  2025-05-03T03:21:05    0.0 h  0
6228848.python   512    512    31.8 %  2025-05-03T03:23:34    0.0 h  0
6228848.python   512    512    30.8 %  2025-05-03T03:25:59    0.0 h  0
6228848.python   512    512    33.2 %  2025-05-03T03:28:28    0.0 h  0
6228848.python   512    512    28.6 %  2025-05-03T03:30:52    0.0 h  0
6228848.python   512    512    31.3 %  2025-05-03T03:33:31    0.0 h  0
6228848.python   512    512    31.0 %  2025-05-03T03:35:56    0.0 h  0
6228848.python   512    512    32.1 %  2025-05-03T03:38:18    0.0 h  0
6228848.python   512    512    31.2 %  2025-05-03T03:40:42    0.0 h  0
6228848.python   512    512    33.2 %  2025-05-03T03:43:08    0.0 h  0
6228848.python   512    512    31.1 %  2025-05-03T03:45:24    0.0 h  0
6228848.python   512    512    31.7 %  2025-05-03T03:47:43    0.0 h  0
6228848.python   512    512    29.9 %  2025-05-03T03:50:01    0.0 h  0
6228848.python   512    512    31.1 %  2025-05-03T03:52:25    0.0 h  0
6228848.python   512    512    32.5 %  2025-05-03T03:54:45    0.0 h  0
6228848.python   512    512    33.5 %  2025-05-03T03:56:57    0.0 h  0
6228848.python   512    512    31.9 %  2025-05-03T03:59:11    0.0 h  0
6228848.python   512    512    33.7 %  2025-05-03T04:01:27    0.0 h  0
6228848.python   512    512    32.5 %  2025-05-03T04:03:38    0.0 h  0
6228848.python   512    512    30.2 %  2025-05-03T04:05:48    0.0 h  0
6228848.python   512    512    30.9 %  2025-05-03T04:08:02    0.0 h  0
6228848.python   512    512    31.1 %  2025-05-03T04:10:13    0.0 h  0
6228848.python   512    512    29.1 %  2025-05-03T04:12:27    0.0 h  0
6228848.python   512    512    32.3 %  2025-05-03T04:14:42    0.0 h  0
6228848.python   512    512    33.3 %  2025-05-03T04:16:29    0.0 h  0
6228848.python   512    512    34.0 %  2025-05-03T04:18:13    0.0 h  0
6228848.python   512    512    31.4 %  2025-05-03T04:19:53    0.0 h  0
6228848.python   512    512    33.0 %  2025-05-03T04:21:39    0.0 h  0
6228848.python   512    512    30.2 %  2025-05-03T04:23:22    0.0 h  0
6228848.python   512    512    32.0 %  2025-05-03T04:25:06    0.0 h  0
6228848.python   512    512    29.3 %  2025-05-03T04:26:47    0.0 h  0
6228848.python   512    512    30.6 %  2025-05-03T04:28:35    0.0 h  0
6228848.python   512    512    32.7 %  2025-05-03T04:30:20    0.0 h  0
6228848.python   512    512    31.9 %  2025-05-03T04:31:56    0.0 h  0
6228848.python   512    512    32.9 %  2025-05-03T04:33:36    0.0 h  0
6228848.python   512    512    32.5 %  2025-05-03T04:35:23    0.0 h  0
6228848.python   512    512    32.8 %  2025-05-03T04:37:01    0.0 h  0
6228848.python   512    512    32.4 %  2025-05-03T04:38:40    0.0 h  0
6228848.python   512    512    31.4 %  2025-05-03T04:40:21    0.0 h  0
6228848.python   512    512    34.0 %  2025-05-03T04:41:59    0.0 h  0
6228848.python   512    512    33.5 %  2025-05-03T04:43:36    0.0 h  0
6228848.python   512    512    31.8 %  2025-05-03T04:45:12    0.0 h  0
6228848.python   512    512    34.8 %  2025-05-03T04:46:49    0.0 h  0
6228848.python   512    512    31.6 %  2025-05-03T04:48:21    0.0 h  0
6228848.python   512    512    32.4 %  2025-05-03T04:49:50    0.0 h  0
6228848.python   512    512    32.3 %  2025-05-03T04:51:16    0.0 h  0
6228848.python   512    512    31.4 %  2025-05-03T04:52:44    0.0 h  0
6228848.python   512    512    31.4 %  2025-05-03T04:54:14    0.0 h  0
6228848.python   512    512    33.4 %  2025-05-03T04:55:39    0.0 h  0
6228848.python   512    512    33.3 %  2025-05-03T04:57:01    0.0 h  0
6228848.python   512    512    29.3 %  2025-05-03T04:58:25    0.0 h  0
6228848.python   512    512    29.8 %  2025-05-03T04:59:53    0.0 h  0
6228848.python   512    512    31.1 %  2025-05-03T05:01:20    0.0 h  0
6228848.python   512    512    33.2 %  2025-05-03T05:02:45    0.0 h  0
6228848.python   512    512    35.3 %  2025-05-03T05:04:02    0.0 h  0
6228848.python   512    512    31.3 %  2025-05-03T05:05:23    0.0 h  0
6228848.python   512    512    32.5 %  2025-05-03T05:06:45    0.0 h  0
6228848.python   512    512    31.7 %  2025-05-03T05:08:10    0.0 h  0
6228848.python   512    512    31.9 %  2025-05-03T05:09:27    0.0 h  0
6228848.python   512    512    34.9 %  2025-05-03T05:10:50    0.0 h  0
6228848.python   512    512    33.9 %  2025-05-03T05:12:07    0.0 h  0
6228848.python   512    512    31.4 %  2025-05-03T05:13:27    0.0 h  0
6228848.python   512    512    30.3 %  2025-05-03T05:14:44    0.0 h  0
6228848.python   512    512    35.6 %  2025-05-03T05:16:04    0.0 h  0
6228848.python   512    512    30.1 %  2025-05-03T05:17:21    0.0 h  0
6228848.python   512    512    32.4 %  2025-05-03T05:18:39    0.0 h  0
6228848.python   512    512    34.9 %  2025-05-03T05:19:55    0.0 h  0
6228848.python   512    512    31.6 %  2025-05-03T05:21:03    0.0 h  0
6228848.python   512    512    35.3 %  2025-05-03T05:22:13    0.0 h  0
6228848.python   512    512    31.0 %  2025-05-03T05:23:24    0.0 h  0
6228848.python   512    512    35.4 %  2025-05-03T05:24:35    0.0 h  0
6228848.python   512    512    33.4 %  2025-05-03T05:25:45    0.0 h  0
6228848.python   512    512    33.6 %  2025-05-03T05:26:50    0.0 h  0
6228848.python   512    512    31.0 %  2025-05-03T05:27:54    0.0 h  0
6228848.python   512    512    32.0 %  2025-05-03T05:29:01    0.0 h  0
6228848.python   512    512    34.4 %  2025-05-03T05:30:07    0.0 h  0
6228848.python   512    512    34.8 %  2025-05-03T05:31:09    0.0 h  0
6228848.python   512    512    29.9 %  2025-05-03T05:32:09    0.0 h  0
6228848.python   512    512    32.5 %  2025-05-03T05:33:18    0.0 h  0
6228848.python   512    512    31.8 %  2025-05-03T05:34:23    0.0 h  0
6228848.python   512    512    33.1 %  2025-05-03T05:35:27    0.0 h  0
6228848.python   512    512    32.5 %  2025-05-03T05:36:31    0.0 h  0
6228848.python   512    512    35.7 %  2025-05-03T05:37:32    0.0 h  0
6228848.python   512    512    35.4 %  2025-05-03T05:38:30    0.0 h  0
6228848.python   512    512    31.3 %  2025-05-03T05:39:36    0.0 h  0
6228848.python   512    512    30.1 %  2025-05-03T05:40:39    0.0 h  0
6228848.python   512    512    29.4 %  2025-05-03T05:41:43    0.0 h  0
6228848.python   512    512    32.2 %  2025-05-03T05:42:47    0.0 h  0
6228848.python   512    512    35.3 %  2025-05-03T05:43:47    0.0 h  0
6228848.python   512    512    33.1 %  2025-05-03T05:44:48    0.0 h  0
6228848.python   512    512    31.0 %  2025-05-03T05:45:55    0.0 h  0
6228848.python   512    512    32.6 %  2025-05-03T05:46:55    0.0 h  0
6228848.python   512    512    30.4 %  2025-05-03T05:47:56    0.0 h  0
6228848.python   512    512    32.1 %  2025-05-03T05:48:58    0.0 h  0
6228848.python   512    512    30.9 %  2025-05-03T05:49:59    0.0 h  0
6228848.python   512    512    34.4 %  2025-05-03T05:51:01    0.0 h  0
6228848.python   512    512    30.7 %  2025-05-03T05:52:00    0.0 h  0
6228848.python   512    512    30.8 %  2025-05-03T05:53:04    0.0 h  0
6228848.python   512    512    30.7 %  2025-05-03T05:54:05    0.0 h  0
6228848.python   512    512    32.5 %  2025-05-03T05:55:05    0.0 h  0
6228848.python   512    512    35.6 %  2025-05-03T05:56:04    0.0 h  0
6228848.python   512    512    32.8 %  2025-05-03T05:57:02    0.0 h  0
6228848.python   512    512    33.2 %  2025-05-03T05:58:02    0.0 h  0
6228848.python   512    512    32.8 %  2025-05-03T05:58:58    0.0 h  0
6228848.python   512    512    32.7 %  2025-05-03T06:00:03    0.0 h  0
6228848.python   512    512    31.1 %  2025-05-03T06:01:07    0.0 h  0
6228848.python   512    512    29.8 %  2025-05-03T06:02:19    0.0 h  0
6228848.python   512    512    33.9 %  2025-05-03T06:03:29    0.0 h  0
6228848.python   512    512    34.1 %  2025-05-03T06:04:32    0.0 h  0
6228848.python   512    512    32.6 %  2025-05-03T06:05:39    0.0 h  0
6228848.python   512    512    35.4 %  2025-05-03T06:06:43    0.0 h  0
6228848.python   512    512    34.9 %  2025-05-03T06:07:47    0.0 h  0
6228848.python   512    512    32.3 %  2025-05-03T06:08:54    0.0 h  0
6228848.python   512    512    34.2 %  2025-05-03T06:10:04    0.0 h  0
6228848.python   512    512    33.8 %  2025-05-03T06:11:13    0.0 h  0
6228848.python   512    512    35.1 %  2025-05-03T06:12:19    0.0 h  0
6228848.python   512    512    30.0 %  2025-05-03T06:13:27    0.0 h  0
6228848.python   512    512    30.2 %  2025-05-03T06:14:41    0.0 h  0
6228848.python   512    512    31.0 %  2025-05-03T06:15:58    0.0 h  0
6228848.python   512    512    32.1 %  2025-05-03T06:17:16    0.0 h  0
6228848.python   512    512    31.2 %  2025-05-03T06:18:29    0.0 h  0
6228848.python   512    512    30.2 %  2025-05-03T06:19:44    0.0 h  0
6228848.python   512    512    30.2 %  2025-05-03T06:21:04    0.0 h  0
6228848.python   512    512    33.0 %  2025-05-03T06:22:21    0.0 h  0
6228848.python   512    512    28.0 %  2025-05-03T06:23:39    0.0 h  0
6228848.python   512    512    31.7 %  2025-05-03T06:25:16    0.0 h  0
6228848.python   512    512    32.1 %  2025-05-03T06:26:37    0.0 h  0
6228848.python   512    512    32.1 %  2025-05-03T06:27:53    0.0 h  0
6228848.python   512    512    31.6 %  2025-05-03T06:29:15    0.0 h  0
6228848.python   512    512    32.8 %  2025-05-03T06:30:36    0.0 h  0
6228848.python   512    512    33.5 %  2025-05-03T06:31:55    0.0 h  0
6228848.python   512    512    32.8 %  2025-05-03T06:33:20    0.0 h  0
6228848.python   512    512    31.1 %  2025-05-03T06:34:48    0.0 h  0
6228848.python   512    512    33.1 %  2025-05-03T06:36:15    0.0 h  0
6228848.python   512    512    33.4 %  2025-05-03T06:37:42    0.0 h  0
6228848.python   512    512    33.9 %  2025-05-03T06:39:09    0.0 h  0
6228848.python   512    512    31.6 %  2025-05-03T06:40:38    0.0 h  0
6228848.python   512    512    33.3 %  2025-05-03T06:42:12    0.0 h  0
6228848.python   512    512    34.4 %  2025-05-03T06:43:41    0.0 h  0
6228848.python   512    512    32.9 %  2025-05-03T06:45:11    0.0 h  0
6228848.python   512    512    31.8 %  2025-05-03T06:46:52    0.0 h  0
6228848.python   512    512    31.8 %  2025-05-03T06:48:32    0.0 h  0
6228848.python   512    512    33.0 %  2025-05-03T06:50:14    0.0 h  0
6228848.python   512    512    31.8 %  2025-05-03T06:51:54    0.0 h  0
6228848.python   512    512    30.3 %  2025-05-03T06:53:37    0.0 h  0
6228848.python   512    512    26.6 %  2025-05-03T06:55:29    0.0 h  0
6228848.python   512    512    32.7 %  2025-05-03T06:57:34    0.0 h  0
6228848.python   512    512    31.7 %  2025-05-03T06:59:10    0.0 h  0
6228848.python   512    512    33.7 %  2025-05-03T07:00:52    0.0 h  0
6228848.python   512    512    29.7 %  2025-05-03T07:02:34    0.0 h  0
6228848.python   512    512    32.0 %  2025-05-03T07:04:26    0.0 h  0
6228848.python   512    512    32.4 %  2025-05-03T07:06:12    0.0 h  0
6228848.python   512    512    32.1 %  2025-05-03T07:07:59    0.0 h  0
6228848.python   512    512    31.4 %  2025-05-03T07:09:43    0.0 h  0
6228848.python   512    512    34.1 %  2025-05-03T07:11:29    0.0 h  0
6228848.python   512    512    31.1 %  2025-05-03T07:13:23    0.0 h  0
6228848.python   512    512    31.6 %  2025-05-03T07:15:20    0.0 h  0
6228848.python   512    512    31.3 %  2025-05-03T07:17:11    0.0 h  0
6228848.python   512    512    32.3 %  2025-05-03T07:19:05    0.0 h  0
6228848.python   512    512    32.4 %  2025-05-03T07:20:50    0.0 h  0
6228848.python   512    512    33.2 %  2025-05-03T07:22:40    0.0 h  0
6228848.python   512    512    34.5 %  2025-05-03T07:24:25    0.0 h  0
6228848.python   512    512    31.9 %  2025-05-03T07:26:21    0.0 h  0
6228848.python   512    512    32.6 %  2025-05-03T07:28:20    0.0 h  0
6228848.python   512    512    30.6 %  2025-05-03T07:30:16    0.0 h  0
6228848.python   512    512    33.3 %  2025-05-03T07:32:15    0.0 h  0
6228848.python   512    512    31.6 %  2025-05-03T07:34:09    0.0 h  0
6228848.python   512    512    32.1 %  2025-05-03T07:36:11    0.0 h  0
6228848.python   512    512    33.6 %  2025-05-03T07:38:06    0.0 h  0
6228848.python   512    512    32.5 %  2025-05-03T07:39:59    0.0 h  0
6228848.python   512    512    33.9 %  2025-05-03T07:41:57    0.0 h  0
6228848.python   512    512    31.2 %  2025-05-03T07:43:58    0.0 h  0
6228848.python   512    512    31.3 %  2025-05-03T07:45:59    0.0 h  0
6228848.python   512    512    32.2 %  2025-05-03T07:48:06    0.0 h  0
6228848.python   512    512    33.3 %  2025-05-03T07:50:08    0.0 h  0
6228848.python   512    512    31.1 %  2025-05-03T07:52:07    0.0 h  0
6228848.python   512    512    32.8 %  2025-05-03T07:54:19    0.0 h  0
6228848.python   512    512    31.1 %  2025-05-03T07:56:33    0.0 h  0
6228848.python   512    512    31.6 %  2025-05-03T07:58:53    0.0 h  0
6228848.python   512    512    31.8 %  2025-05-03T08:01:06    0.0 h  0
6228848.python   512    512    31.3 %  2025-05-03T08:03:19    0.0 h  0
6228848.python   512    512    32.4 %  2025-05-03T08:05:30    0.0 h  0
6228848.python   512    512    31.3 %  2025-05-03T08:07:38    0.0 h  0
6228848.python   512    512    33.4 %  2025-05-03T08:09:51    0.0 h  0
6228848.python   512    512    32.2 %  2025-05-03T08:12:02    0.0 h  0
6228848.python   512    512    31.9 %  2025-05-03T08:14:27    0.0 h  0
6228848.python   512    512    32.0 %  2025-05-03T08:16:52    0.0 h  0
6228848.python   512    512    33.6 %  2025-05-03T08:19:19    0.0 h  0
6228848.python   512    512    30.6 %  2025-05-03T08:21:45    0.0 h  0
6228848.python   512    512    30.9 %  2025-05-03T08:24:18    0.0 h  0
6228848.python   512    512    31.0 %  2025-05-03T08:26:53    0.0 h  0
6228848.python   512    512    33.3 %  2025-05-03T08:29:23    0.0 h  0
6228848.python   512    512    31.1 %  2025-05-03T08:31:49    0.0 h  0
6228848.python   512    512    32.6 %  2025-05-03T08:34:16    0.0 h  0
6228848.python   512    512    31.4 %  2025-05-03T08:36:48    0.0 h  0
6228848.python   512    512    31.3 %  2025-05-03T08:39:21    0.0 h  0
6228848.python   512    512    32.5 %  2025-05-03T08:41:47    0.0 h  0
6228848.python   512    512    30.7 %  2025-05-03T08:44:16    0.0 h  0
6228848.python   512    512    32.3 %  2025-05-03T08:46:49    0.0 h  0
6228848.python   512    512    30.9 %  2025-05-03T08:49:15    0.0 h  0
6228848.python   512    512    32.0 %  2025-05-03T08:51:47    0.0 h  0
6228848.python   512    512    31.1 %  2025-05-03T08:54:16    0.0 h  0
6228848.python   512    512    32.7 %  2025-05-03T08:56:47    0.0 h  0
6228848.python   512    512    31.8 %  2025-05-03T08:59:09    0.0 h  0
6228848.python   512    512    30.3 %  2025-05-03T09:01:36    0.0 h  0
6228848.python   512    512    30.5 %  2025-05-03T09:04:11    0.0 h  0
6228848.python   512    512    25.5 %  2025-05-03T09:06:46    0.1 h  0
6228848.python   512    512    31.5 %  2025-05-03T09:10:08    0.0 h  0
6228848.python   512    512    32.2 %  2025-05-03T09:12:43    0.0 h  0
6228848.python   512    512    30.9 %  2025-05-03T09:15:15    0.0 h  0
6228848.python   512    512    29.5 %  2025-05-03T09:17:57    0.0 h  0
6228848.python   512    512    32.3 %  2025-05-03T09:20:43    0.0 h  0
6228848.python   512    512    31.0 %  2025-05-03T09:23:21    0.0 h  0
6228848.python   512    512    31.8 %  2025-05-03T09:25:53    0.0 h  0
6228848.python   512    512    34.1 %  2025-05-03T09:28:26    0.0 h  0
6228848.python   512    512    31.5 %  2025-05-03T09:30:54    0.0 h  0
6228848.python   512    512    31.5 %  2025-05-03T09:33:27    0.0 h  0
6228848.python   512    512    31.7 %  2025-05-03T09:36:03    0.0 h  0
6228848.python   512    512    33.0 %  2025-05-03T09:38:41    0.0 h  0
6228848.python   512    512    31.2 %  2025-05-03T09:41:14    0.0 h  0
6228848.python   512    512    29.5 %  2025-05-03T09:43:51    0.0 h  0
6228848.python   512    512    30.1 %  2025-05-03T09:46:37    0.0 h  0
6228848.python   512    512    32.9 %  2025-05-03T09:49:16    0.0 h  0
6228848.python   512    512    33.1 %  2025-05-03T09:51:48    0.0 h  0
6228848.python   512    512    30.6 %  2025-05-03T09:54:17    0.0 h  0
6228848.python   512    512    31.3 %  2025-05-03T09:56:49    0.0 h  0
6228848.python   512    512    30.4 %  2025-05-03T09:59:25    0.0 h  0
6228848.python   512    512    31.7 %  2025-05-03T10:02:01    0.0 h  0
6228848.python   512    512    31.8 %  2025-05-03T10:04:33    0.0 h  0
6228848.python   512    512    31.3 %  2025-05-03T10:07:10    0.0 h  0
6228848.python   512    512    32.5 %  2025-05-03T10:09:40    0.0 h  0
6228848.python   512    512    32.6 %  2025-05-03T10:12:13    0.0 h  0
6228848.python   512    512    32.2 %  2025-05-03T10:14:46    0.0 h  0
6228848.python   512    512    30.7 %  2025-05-03T10:17:23    0.0 h  0
6228848.python   512    512    32.3 %  2025-05-03T10:19:59    0.0 h  0
6228848.python   512    512    30.8 %  2025-05-03T10:22:32    0.0 h  0
6228848.python   512    512    31.3 %  2025-05-03T10:25:11    0.0 h  0
6228848.python   512    512    32.6 %  2025-05-03T10:27:47    0.0 h  0
6228848.python   512    512    30.3 %  2025-05-03T10:30:19    0.0 h  0
6228848.python   512    512    30.8 %  2025-05-03T10:32:59    0.0 h  0
6228848.python   512    512    32.6 %  2025-05-03T10:35:37    0.0 h  0
6228848.python   512    512    31.9 %  2025-05-03T10:38:09    0.0 h  0
6228848.python   512    512    31.8 %  2025-05-03T10:40:43    0.0 h  0
6228848.python   512    512    31.2 %  2025-05-03T10:43:19    0.0 h  0
6228848.python   512    512    32.2 %  2025-05-03T10:45:59    0.0 h  0
6228848.python   512    512    33.0 %  2025-05-03T10:48:35    0.0 h  0
6228848.python   512    512    30.3 %  2025-05-03T10:51:13    0.0 h  0
6228848.python   512    512    31.8 %  2025-05-03T10:53:56    0.0 h  0
6228848.python   512    512    32.4 %  2025-05-03T10:56:32    0.0 h  0
6228848.python   512    512    29.6 %  2025-05-03T10:59:12    0.0 h  0
6228848.python   512    512    30.5 %  2025-05-03T11:01:59    0.0 h  0
6228848.python   512    512    32.6 %  2025-05-03T11:04:43    0.0 h  0
6228848.python   512    512    32.2 %  2025-05-03T11:07:21    0.0 h  0
6228848.python   512    512    33.2 %  2025-05-03T11:09:54    0.0 h  0
6228848.python   512    512    31.5 %  2025-05-03T11:12:28    0.0 h  0
6228848.python   512    512    31.8 %  2025-05-03T11:15:07    0.0 h  0
6228848.python   512    512    31.7 %  2025-05-03T11:17:41    0.0 h  0
6228848.python   512    512    32.5 %  2025-05-03T11:20:19    0.0 h  0
6228848.python   512    512    32.3 %  2025-05-03T11:22:52    0.0 h  0
6228848.python   512    512    33.5 %  2025-05-03T11:25:33    0.0 h  0
6228848.python   512    512    33.6 %  2025-05-03T11:28:10    0.0 h  0
6228848.python   512    512    31.4 %  2025-05-03T11:30:49    0.0 h  0
6228848.python   512    512    33.7 %  2025-05-03T11:33:28    0.0 h  0
6228848.python   512    512    32.6 %  2025-05-03T11:36:01    0.0 h  0
6228848.python   512    512    33.3 %  2025-05-03T11:38:31    0.0 h  0

Used CPU time:   74.2 CPU days
Unused CPU time: 158.7 CPU days

Memory statistics, in GiB:
ID               Alloc   Usage
6228848          944.0        
6228848.batch     59.0     0.0
6228848.python   944.0   302.4
6228848.python   944.0   299.7
6228848.python   944.0   300.7
6228848.python   944.0   298.7
6228848.python   944.0   299.3
6228848.python   944.0   298.9
6228848.python   944.0   298.8
6228848.python   944.0   299.5
6228848.python   944.0   299.8
6228848.python   944.0   298.9
6228848.python   944.0   299.1
6228848.python   944.0   298.7
6228848.python   944.0   298.1
6228848.python   944.0   298.8
6228848.python   944.0   298.3
6228848.python   944.0   299.2
6228848.python   944.0   297.8
6228848.python   944.0   299.6
6228848.python   944.0   300.2
6228848.python   944.0   298.7
6228848.python   944.0   299.1
6228848.python   944.0   299.9
6228848.python   944.0   299.1
6228848.python   944.0   296.5
6228848.python   944.0   297.1
6228848.python   944.0   297.6
6228848.python   944.0   296.6
6228848.python   944.0   296.8
6228848.python   944.0   296.3
6228848.python   944.0   297.0
6228848.python   944.0   297.7
6228848.python   944.0   297.4
6228848.python   944.0   298.1
6228848.python   944.0   297.9
6228848.python   944.0   297.1
6228848.python   944.0   296.4
6228848.python   944.0   297.0
6228848.python   944.0   297.4
6228848.python   944.0   296.1
6228848.python   944.0   295.0
6228848.python   944.0   296.5
6228848.python   944.0   296.8
6228848.python   944.0   295.1
6228848.python   944.0   294.8
6228848.python   944.0   294.0
6228848.python   944.0   293.8
6228848.python   944.0   293.1
6228848.python   944.0   290.5
6228848.python   944.0   290.8
6228848.python   944.0   293.2
6228848.python   944.0   292.9
6228848.python   944.0   292.4
6228848.python   944.0   293.3
6228848.python   944.0   292.1
6228848.python   944.0   290.9
6228848.python   944.0   289.4
6228848.python   944.0   289.8
6228848.python   944.0   288.6
6228848.python   944.0   287.0
6228848.python   944.0   287.0
6228848.python   944.0   286.4
6228848.python   944.0   282.9
6228848.python   944.0   284.0
6228848.python   944.0   284.4
6228848.python   944.0   283.9
6228848.python   944.0   282.1
6228848.python   944.0   280.6
6228848.python   944.0   279.7
6228848.python   944.0   278.8
6228848.python   944.0   278.1
6228848.python   944.0   278.0
6228848.python   944.0   277.3
6228848.python   944.0   275.1
6228848.python   944.0   274.1
6228848.python   944.0   275.3
6228848.python   944.0   273.5
6228848.python   944.0   272.6
6228848.python   944.0   272.6
6228848.python   944.0   270.3
6228848.python   944.0   268.1
6228848.python   944.0   267.0
6228848.python   944.0   251.4
6228848.python   944.0   249.4
6228848.python   944.0   247.5
6228848.python   944.0   245.4
6228848.python   944.0   244.5
6228848.python   944.0   242.0
6228848.python   944.0   241.7
6228848.python   944.0   240.7
6228848.python   944.0   241.9
6228848.python   944.0   241.5
6228848.python   944.0   239.3
6228848.python   944.0   239.7
6228848.python   944.0   238.5
6228848.python   944.0   237.2
6228848.python   944.0   237.6
6228848.python   944.0   236.6
6228848.python   944.0   235.1
6228848.python   944.0   234.7
6228848.python   944.0   231.7
6228848.python   944.0   231.1
6228848.python   944.0   228.2
6228848.python   944.0   227.8
6228848.python   944.0   226.8
6228848.python   944.0   225.7
6228848.python   944.0   225.1
6228848.python   944.0   223.2
6228848.python   944.0   221.7
6228848.python   944.0   221.4
6228848.python   944.0   222.6
6228848.python   944.0   220.1
6228848.python   944.0   219.0
6228848.python   944.0   218.0
6228848.python   944.0   217.2
6228848.python   944.0   217.1
6228848.python   944.0   216.1
6228848.python   944.0   214.8
6228848.python   944.0   214.8
6228848.python   944.0   212.6
6228848.python   944.0   213.2
6228848.python   944.0   211.2
6228848.python   944.0   210.4
6228848.python   944.0   209.2
6228848.python   944.0   208.1
6228848.python   944.0   207.4
6228848.python   944.0   147.4
6228848.python   944.0   205.5
6228848.python   944.0   205.4
6228848.python   944.0   202.8
6228848.python   944.0   202.1
6228848.python   944.0   130.6
6228848.python   944.0   130.6
6228848.python   944.0   130.4
6228848.python   944.0   130.3
6228848.python   944.0   130.2
6228848.python   944.0   130.2
6228848.python   944.0   195.7
6228848.python   944.0   194.9
6228848.python   944.0   193.9
6228848.python   944.0   143.9
6228848.python   944.0   129.9
6228848.python   944.0   129.9
6228848.python   944.0   192.0
6228848.python   944.0   129.9
6228848.python   944.0   190.8
6228848.python   944.0   191.2
6228848.python   944.0   130.0
6228848.python   944.0   129.7
6228848.python   944.0   187.9
6228848.python   944.0   129.7
6228848.python   944.0   129.6
6228848.python   944.0   184.0
6228848.python   944.0   129.6
6228848.python   944.0   129.6
6228848.python   944.0   130.1
6228848.python   944.0   189.1
6228848.python   944.0   189.5
6228848.python   944.0   130.0
6228848.python   944.0   129.6
6228848.python   944.0   129.7
6228848.python   944.0   129.7
6228848.python   944.0   129.7
6228848.python   944.0   130.1
6228848.python   944.0   195.7
6228848.python   944.0   196.7
6228848.python   944.0   196.2
6228848.python   944.0   130.0
6228848.python   944.0   130.2
6228848.python   944.0   130.3
6228848.python   944.0   197.1
6228848.python   944.0   198.7
6228848.python   944.0   199.4
6228848.python   944.0   199.9
6228848.python   944.0   130.5
6228848.python   944.0   201.9
6228848.python   944.0   202.7
6228848.python   944.0   203.6
6228848.python   944.0   205.1
6228848.python   944.0   207.1
6228848.python   944.0   207.7
6228848.python   944.0   209.0
6228848.python   944.0   210.8
6228848.python   944.0   211.6
6228848.python   944.0   158.5
6228848.python   944.0   214.9
6228848.python   944.0   214.6
6228848.python   944.0   216.2
6228848.python   944.0   218.1
6228848.python   944.0   219.5
6228848.python   944.0   220.8
6228848.python   944.0   222.3
6228848.python   944.0   222.7
6228848.python   944.0   224.0
6228848.python   944.0   225.8
6228848.python   944.0   227.9
6228848.python   944.0   229.8
6228848.python   944.0   230.5
6228848.python   944.0   232.2
6228848.python   944.0   233.5
6228848.python   944.0   235.0
6228848.python   944.0   236.6
6228848.python   944.0   236.4
6228848.python   944.0   237.9
6228848.python   944.0   239.7
6228848.python   944.0   140.5
6228848.python   944.0   240.0
6228848.python   944.0   240.5
6228848.python   944.0   242.5
6228848.python   944.0   243.3
6228848.python   944.0   245.4
6228848.python   944.0   245.8
6228848.python   944.0   245.8
6228848.python   944.0   247.4
6228848.python   944.0   248.7
6228848.python   944.0   250.7
6228848.python   944.0   249.5
6228848.python   944.0   242.3
6228848.python   944.0   250.3
6228848.python   944.0   251.2
6228848.python   944.0   251.9
6228848.python   944.0   253.8
6228848.python   944.0   254.3
6228848.python   944.0   255.5
6228848.python   944.0   256.5
6228848.python   944.0   256.5
6228848.python   944.0   257.4
6228848.python   944.0   258.4
6228848.python   944.0   258.5
6228848.python   944.0   260.1
6228848.python   944.0   261.4
6228848.python   944.0   261.4
6228848.python   944.0   263.3
6228848.python   944.0   264.5
6228848.python   944.0   266.1
6228848.python   944.0   268.4
6228848.python   944.0   271.5
6228848.python   944.0   273.0
6228848.python   944.0   272.9
6228848.python   944.0   273.9
6228848.python   944.0   272.6
6228848.python   944.0   272.3
6228848.python   944.0   272.0
6228848.python   944.0   274.0
6228848.python   944.0   286.3
6228848.python   944.0   286.9
6228848.python   944.0   287.1
6228848.python   944.0   287.7
6228848.python   944.0   287.5
6228848.python   944.0   287.5
6228848.python   944.0   289.0
6228848.python   944.0   288.7
6228848.python   944.0   287.3
6228848.python   944.0   288.2
6228848.python   944.0   289.0
6228848.python   944.0   288.5
6228848.python   944.0   288.6
6228848.python   944.0   289.4
6228848.python   944.0   288.4
6228848.python   944.0   290.0
6228848.python   944.0   289.5
6228848.python   944.0   288.5
6228848.python   944.0   287.8
6228848.python   944.0   288.6
6228848.python   944.0   289.5
6228848.python   944.0   289.5
6228848.python   944.0   288.5
6228848.python   944.0   291.0
6228848.python   944.0   290.5
6228848.python   944.0   290.8
6228848.python   944.0   291.3
6228848.python   944.0   291.7
6228848.python   944.0   292.1
6228848.python   944.0   292.4
6228848.python   944.0   292.3
6228848.python   944.0   292.0
6228848.python   944.0   291.9
6228848.python   944.0   292.9
6228848.python   944.0   292.1
6228848.python   944.0   293.3
6228848.python   944.0   291.5
6228848.python   944.0   291.2
6228848.python   944.0   292.6
6228848.python   944.0   292.1
6228848.python   944.0   291.0
6228848.python   944.0   290.8
6228848.python   944.0   291.9
6228848.python   944.0   292.8
6228848.python   944.0   293.2
6228848.python   944.0   290.5
6228848.python   944.0   291.7
6228848.python   944.0   292.5
6228848.python   944.0   294.0
6228848.python   944.0   293.1
6228848.python   944.0   294.0
6228848.python   944.0   293.4
6228848.python   944.0   294.6
6228848.python   944.0   294.7
6228848.python   944.0   293.9
6228848.python   944.0   294.6
6228848.python   944.0   294.8
6228848.python   944.0   294.9
6228848.python   944.0   295.7
6228848.python   944.0   295.9
6228848.python   944.0   297.0
6228848.python   944.0   296.6
6228848.python   944.0   297.5
6228848.python   944.0   296.9
6228848.python   944.0   297.4
6228848.python   944.0   298.3
6228848.python   944.0   296.1
6228848.python   944.0   297.9
6228848.python   944.0   295.1
6228848.python   944.0   297.1
6228848.python   944.0   296.5
6228848.python   944.0   295.5
6228848.python   944.0   296.9
6228848.python   944.0   297.5
6228848.python   944.0   297.5
6228848.python   944.0   299.4
6228848.python   944.0   297.1
6228848.python   944.0   296.3
6228848.python   944.0   296.7
6228848.python   944.0   295.8
6228848.python   944.0   297.6

Job 6228848 completed at Sat May 3 11:41:08 CEST 2025
