Starting job 6228838 on c20-12,c21-[1,3-4],c25-[4,6-8],c26-[7-12],c27-[1-2] on fram at Sat May 3 00:46:04 CEST 2025


Currently Loaded Modules:
  1) StdEnv (S)

  Where:
   S:  Module is Sticky, requires --force to unload or purge

 


The following have been reloaded with a version change:
  1) GCCcore/13.3.0 => GCCcore/13.2.0
  2) OpenSSL/3 => OpenSSL/1.1
  3) Python/3.12.3-GCCcore-13.3.0 => Python/3.11.5-GCCcore-13.2.0
  4) SQLite/3.45.3-GCCcore-13.3.0 => SQLite/3.43.1-GCCcore-13.2.0
  5) Tcl/8.6.14-GCCcore-13.3.0 => Tcl/8.6.13-GCCcore-13.2.0
  6) XZ/5.4.5-GCCcore-13.3.0 => XZ/5.4.4-GCCcore-13.2.0
  7) binutils/2.42-GCCcore-13.3.0 => binutils/2.40-GCCcore-13.2.0
  8) bzip2/1.0.8-GCCcore-13.3.0 => bzip2/1.0.8-GCCcore-13.2.0
  9) libffi/3.4.5-GCCcore-13.3.0 => libffi/3.4.4-GCCcore-13.2.0
 10) libreadline/8.2-GCCcore-13.3.0 => libreadline/8.2-GCCcore-13.2.0
 11) ncurses/6.5-GCCcore-13.3.0 => ncurses/6.4-GCCcore-13.2.0
 12) zlib/1.3.1-GCCcore-13.3.0 => zlib/1.2.13-GCCcore-13.2.0

0
40
Generating /cluster/projects/nn8008k/lluisa/NextSIM/seas/Fmap_10days/2000_AMJ_ic0.5_dt0.0025_DT0.0100/0_W_matrix.npy

real	0m57.394s
user	0m0.077s
sys	0m0.087s
4
44
Generating /cluster/projects/nn8008k/lluisa/NextSIM/seas/Fmap_10days/2000_AMJ_ic0.5_dt0.0025_DT0.0100/1_W_matrix.npy

real	0m48.828s
user	0m0.066s
sys	0m0.090s
8
48
Generating /cluster/projects/nn8008k/lluisa/NextSIM/seas/Fmap_10days/2000_AMJ_ic0.5_dt0.0025_DT0.0100/2_W_matrix.npy

real	0m45.199s
user	0m0.073s
sys	0m0.080s
12
52
Generating /cluster/projects/nn8008k/lluisa/NextSIM/seas/Fmap_10days/2000_AMJ_ic0.5_dt0.0025_DT0.0100/3_W_matrix.npy

real	0m45.027s
user	0m0.061s
sys	0m0.095s
16
56
Generating /cluster/projects/nn8008k/lluisa/NextSIM/seas/Fmap_10days/2000_AMJ_ic0.5_dt0.0025_DT0.0100/4_W_matrix.npy

real	0m45.675s
user	0m0.057s
sys	0m0.092s
20
60
Generating /cluster/projects/nn8008k/lluisa/NextSIM/seas/Fmap_10days/2000_AMJ_ic0.5_dt0.0025_DT0.0100/5_W_matrix.npy

real	0m46.653s
user	0m0.061s
sys	0m0.087s
24
64
Generating /cluster/projects/nn8008k/lluisa/NextSIM/seas/Fmap_10days/2000_AMJ_ic0.5_dt0.0025_DT0.0100/6_W_matrix.npy

real	0m44.003s
user	0m0.068s
sys	0m0.084s
28
68
Generating /cluster/projects/nn8008k/lluisa/NextSIM/seas/Fmap_10days/2000_AMJ_ic0.5_dt0.0025_DT0.0100/7_W_matrix.npy

real	0m46.063s
user	0m0.066s
sys	0m0.082s
32
72
Generating /cluster/projects/nn8008k/lluisa/NextSIM/seas/Fmap_10days/2000_AMJ_ic0.5_dt0.0025_DT0.0100/8_W_matrix.npy

real	0m45.147s
user	0m0.060s
sys	0m0.085s
36
76
Generating /cluster/projects/nn8008k/lluisa/NextSIM/seas/Fmap_10days/2000_AMJ_ic0.5_dt0.0025_DT0.0100/9_W_matrix.npy

real	0m44.432s
user	0m0.065s
sys	0m0.088s
40
80
Generating /cluster/projects/nn8008k/lluisa/NextSIM/seas/Fmap_10days/2000_AMJ_ic0.5_dt0.0025_DT0.0100/10_W_matrix.npy

real	0m43.958s
user	0m0.065s
sys	0m0.090s
44
84
Generating /cluster/projects/nn8008k/lluisa/NextSIM/seas/Fmap_10days/2000_AMJ_ic0.5_dt0.0025_DT0.0100/11_W_matrix.npy

real	0m45.222s
user	0m0.067s
sys	0m0.091s
48
88
Generating /cluster/projects/nn8008k/lluisa/NextSIM/seas/Fmap_10days/2000_AMJ_ic0.5_dt0.0025_DT0.0100/12_W_matrix.npy

real	0m44.730s
user	0m0.058s
sys	0m0.090s
52
92
Generating /cluster/projects/nn8008k/lluisa/NextSIM/seas/Fmap_10days/2000_AMJ_ic0.5_dt0.0025_DT0.0100/13_W_matrix.npy

real	0m45.169s
user	0m0.070s
sys	0m0.081s
56
96
Generating /cluster/projects/nn8008k/lluisa/NextSIM/seas/Fmap_10days/2000_AMJ_ic0.5_dt0.0025_DT0.0100/14_W_matrix.npy

real	0m44.945s
user	0m0.068s
sys	0m0.085s
60
100
Generating /cluster/projects/nn8008k/lluisa/NextSIM/seas/Fmap_10days/2000_AMJ_ic0.5_dt0.0025_DT0.0100/15_W_matrix.npy
srun: Job step aborted: Waiting up to 32 seconds for job step to finish.
slurmstepd: error: *** JOB 6228838 ON c20-12 CANCELLED AT 2025-05-03T00:57:49 ***
slurmstepd: error: *** STEP 6228838.15 ON c20-12 CANCELLED AT 2025-05-03T00:57:49 ***

Job 6228838 consumed 100.3 billing hours from project nn8008k.

Submitted 2025-05-03T00:46:03; waited 1.0 seconds in the queue after becoming eligible to run.

Requested wallclock time: 3.0 days
Elapsed wallclock time:   11.8 minutes

Job was cancelled.

Task and CPU statistics:
ID              CPUs  Tasks  CPU util                Start  Elapsed  Exit status
6228838          512            0.0 %  2025-05-03T00:46:04  705.0 s  0
6228838.batch     32      1     0.0 %  2025-05-03T00:46:04  706.0 s  Signal 15
6228838.python   512    512    70.5 %  2025-05-03T00:46:06   58.0 s  0
6228838.python   512    512    80.9 %  2025-05-03T00:47:04   49.0 s  0
6228838.python   512    512    87.7 %  2025-05-03T00:47:53   45.0 s  0
6228838.python   512    512    87.2 %  2025-05-03T00:48:38   45.0 s  0
6228838.python   512    512    85.4 %  2025-05-03T00:49:23   46.0 s  0
6228838.python   512    512    85.4 %  2025-05-03T00:50:09   46.0 s  0
6228838.python   512    512    89.2 %  2025-05-03T00:50:55   44.0 s  0
6228838.python   512    512    85.2 %  2025-05-03T00:51:39   46.0 s  0
6228838.python   512    512    87.2 %  2025-05-03T00:52:25   45.0 s  0
6228838.python   512    512    87.1 %  2025-05-03T00:53:10   45.0 s  0
6228838.python   512    512    88.8 %  2025-05-03T00:53:55   44.0 s  0
6228838.python   512    512    86.8 %  2025-05-03T00:54:39   45.0 s  0
6228838.python   512    512    87.3 %  2025-05-03T00:55:24   45.0 s  0
6228838.python   512    512    87.5 %  2025-05-03T00:56:09   45.0 s  0
6228838.python   512    512    87.6 %  2025-05-03T00:56:54   45.0 s  0
6228838.python   512    512    58.3 %  2025-05-03T00:57:39   15.0 s  Signal 15

Used CPU time:   3.6 CPU days
Unused CPU time: 15.0 CPU hours

Memory statistics, in GiB:
ID               Alloc   Usage
6228838          944.0        
6228838.batch     59.0     0.0
6228838.python   944.0   304.0
6228838.python   944.0   300.5
6228838.python   944.0   301.0
6228838.python   944.0   300.5
6228838.python   944.0   300.5
6228838.python   944.0   300.7
6228838.python   944.0   300.8
6228838.python   944.0   300.2
6228838.python   944.0   300.5
6228838.python   944.0   300.4
6228838.python   944.0   300.1
6228838.python   944.0   299.9
6228838.python   944.0   300.8
6228838.python   944.0   301.0
6228838.python   944.0   301.1
6228838.python   944.0     5.1

Job 6228838 completed at Sat May 3 00:57:56 CEST 2025
Starting job 6229050 on c15-[1-4],c20-12,c21-[1,3-4],c22-[8-12],c23-[1-3] on fram at Sun May 4 10:09:24 CEST 2025


Currently Loaded Modules:
  1) StdEnv (S)

  Where:
   S:  Module is Sticky, requires --force to unload or purge

 


The following have been reloaded with a version change:
  1) GCCcore/13.3.0 => GCCcore/13.2.0
  2) OpenSSL/3 => OpenSSL/1.1
  3) Python/3.12.3-GCCcore-13.3.0 => Python/3.11.5-GCCcore-13.2.0
  4) SQLite/3.45.3-GCCcore-13.3.0 => SQLite/3.43.1-GCCcore-13.2.0
  5) Tcl/8.6.14-GCCcore-13.3.0 => Tcl/8.6.13-GCCcore-13.2.0
  6) XZ/5.4.5-GCCcore-13.3.0 => XZ/5.4.4-GCCcore-13.2.0
  7) binutils/2.42-GCCcore-13.3.0 => binutils/2.40-GCCcore-13.2.0
  8) bzip2/1.0.8-GCCcore-13.3.0 => bzip2/1.0.8-GCCcore-13.2.0
  9) libffi/3.4.5-GCCcore-13.3.0 => libffi/3.4.4-GCCcore-13.2.0
 10) libreadline/8.2-GCCcore-13.3.0 => libreadline/8.2-GCCcore-13.2.0
 11) ncurses/6.5-GCCcore-13.3.0 => ncurses/6.4-GCCcore-13.2.0
 12) zlib/1.3.1-GCCcore-13.3.0 => zlib/1.2.13-GCCcore-13.2.0

0
40
File /cluster/projects/nn8008k/lluisa/NextSIM/seas/Fmap_10days/2000_AMJ_ic0.5_dt0.0025_DT0.0100/0_W_matrix.npy allready exist. Skipping...
4
44
File /cluster/projects/nn8008k/lluisa/NextSIM/seas/Fmap_10days/2000_AMJ_ic0.5_dt0.0025_DT0.0100/1_W_matrix.npy allready exist. Skipping...
8
48
File /cluster/projects/nn8008k/lluisa/NextSIM/seas/Fmap_10days/2000_AMJ_ic0.5_dt0.0025_DT0.0100/2_W_matrix.npy allready exist. Skipping...
12
52
File /cluster/projects/nn8008k/lluisa/NextSIM/seas/Fmap_10days/2000_AMJ_ic0.5_dt0.0025_DT0.0100/3_W_matrix.npy allready exist. Skipping...
16
56
File /cluster/projects/nn8008k/lluisa/NextSIM/seas/Fmap_10days/2000_AMJ_ic0.5_dt0.0025_DT0.0100/4_W_matrix.npy allready exist. Skipping...
20
60
File /cluster/projects/nn8008k/lluisa/NextSIM/seas/Fmap_10days/2000_AMJ_ic0.5_dt0.0025_DT0.0100/5_W_matrix.npy allready exist. Skipping...
24
64
File /cluster/projects/nn8008k/lluisa/NextSIM/seas/Fmap_10days/2000_AMJ_ic0.5_dt0.0025_DT0.0100/6_W_matrix.npy allready exist. Skipping...
28
68
File /cluster/projects/nn8008k/lluisa/NextSIM/seas/Fmap_10days/2000_AMJ_ic0.5_dt0.0025_DT0.0100/7_W_matrix.npy allready exist. Skipping...
32
72
File /cluster/projects/nn8008k/lluisa/NextSIM/seas/Fmap_10days/2000_AMJ_ic0.5_dt0.0025_DT0.0100/8_W_matrix.npy allready exist. Skipping...
36
76
File /cluster/projects/nn8008k/lluisa/NextSIM/seas/Fmap_10days/2000_AMJ_ic0.5_dt0.0025_DT0.0100/9_W_matrix.npy allready exist. Skipping...
40
80
File /cluster/projects/nn8008k/lluisa/NextSIM/seas/Fmap_10days/2000_AMJ_ic0.5_dt0.0025_DT0.0100/10_W_matrix.npy allready exist. Skipping...
44
84
File /cluster/projects/nn8008k/lluisa/NextSIM/seas/Fmap_10days/2000_AMJ_ic0.5_dt0.0025_DT0.0100/11_W_matrix.npy allready exist. Skipping...
48
88
File /cluster/projects/nn8008k/lluisa/NextSIM/seas/Fmap_10days/2000_AMJ_ic0.5_dt0.0025_DT0.0100/12_W_matrix.npy allready exist. Skipping...
52
92
File /cluster/projects/nn8008k/lluisa/NextSIM/seas/Fmap_10days/2000_AMJ_ic0.5_dt0.0025_DT0.0100/13_W_matrix.npy allready exist. Skipping...
56
96
File /cluster/projects/nn8008k/lluisa/NextSIM/seas/Fmap_10days/2000_AMJ_ic0.5_dt0.0025_DT0.0100/14_W_matrix.npy allready exist. Skipping...
60
100
Generating /cluster/projects/nn8008k/lluisa/NextSIM/seas/Fmap_10days/2000_AMJ_ic0.5_dt0.0025_DT0.0100/15_W_matrix.npy

real	2m9.818s
user	0m0.066s
sys	0m0.100s
64
104
Generating /cluster/projects/nn8008k/lluisa/NextSIM/seas/Fmap_10days/2000_AMJ_ic0.5_dt0.0025_DT0.0100/16_W_matrix.npy

real	0m44.427s
user	0m0.077s
sys	0m0.074s
68
108
Generating /cluster/projects/nn8008k/lluisa/NextSIM/seas/Fmap_10days/2000_AMJ_ic0.5_dt0.0025_DT0.0100/17_W_matrix.npy

real	0m46.291s
user	0m0.062s
sys	0m0.095s
72
112
Generating /cluster/projects/nn8008k/lluisa/NextSIM/seas/Fmap_10days/2000_AMJ_ic0.5_dt0.0025_DT0.0100/18_W_matrix.npy

real	0m43.362s
user	0m0.066s
sys	0m0.085s
76
116
Generating /cluster/projects/nn8008k/lluisa/NextSIM/seas/Fmap_10days/2000_AMJ_ic0.5_dt0.0025_DT0.0100/19_W_matrix.npy

real	0m49.456s
user	0m0.069s
sys	0m0.078s
80
120
Generating /cluster/projects/nn8008k/lluisa/NextSIM/seas/Fmap_10days/2000_AMJ_ic0.5_dt0.0025_DT0.0100/20_W_matrix.npy

real	0m48.673s
user	0m0.074s
sys	0m0.078s
84
124
Generating /cluster/projects/nn8008k/lluisa/NextSIM/seas/Fmap_10days/2000_AMJ_ic0.5_dt0.0025_DT0.0100/21_W_matrix.npy

real	0m44.844s
user	0m0.063s
sys	0m0.091s
88
128
Generating /cluster/projects/nn8008k/lluisa/NextSIM/seas/Fmap_10days/2000_AMJ_ic0.5_dt0.0025_DT0.0100/22_W_matrix.npy

real	0m46.007s
user	0m0.069s
sys	0m0.080s
92
132
Generating /cluster/projects/nn8008k/lluisa/NextSIM/seas/Fmap_10days/2000_AMJ_ic0.5_dt0.0025_DT0.0100/23_W_matrix.npy

real	0m46.149s
user	0m0.072s
sys	0m0.079s
96
136
Generating /cluster/projects/nn8008k/lluisa/NextSIM/seas/Fmap_10days/2000_AMJ_ic0.5_dt0.0025_DT0.0100/24_W_matrix.npy

real	0m45.447s
user	0m0.084s
sys	0m0.068s
100
140
Generating /cluster/projects/nn8008k/lluisa/NextSIM/seas/Fmap_10days/2000_AMJ_ic0.5_dt0.0025_DT0.0100/25_W_matrix.npy

real	0m44.043s
user	0m0.068s
sys	0m0.083s
104
144
Generating /cluster/projects/nn8008k/lluisa/NextSIM/seas/Fmap_10days/2000_AMJ_ic0.5_dt0.0025_DT0.0100/26_W_matrix.npy

real	0m45.198s
user	0m0.080s
sys	0m0.075s
108
148
Generating /cluster/projects/nn8008k/lluisa/NextSIM/seas/Fmap_10days/2000_AMJ_ic0.5_dt0.0025_DT0.0100/27_W_matrix.npy

real	0m46.911s
user	0m0.067s
sys	0m0.087s
112
152
Generating /cluster/projects/nn8008k/lluisa/NextSIM/seas/Fmap_10days/2000_AMJ_ic0.5_dt0.0025_DT0.0100/28_W_matrix.npy

real	0m43.425s
user	0m0.068s
sys	0m0.080s
116
156
Generating /cluster/projects/nn8008k/lluisa/NextSIM/seas/Fmap_10days/2000_AMJ_ic0.5_dt0.0025_DT0.0100/29_W_matrix.npy

real	0m48.026s
user	0m0.070s
sys	0m0.084s
120
160
Generating /cluster/projects/nn8008k/lluisa/NextSIM/seas/Fmap_10days/2000_AMJ_ic0.5_dt0.0025_DT0.0100/30_W_matrix.npy

real	0m45.239s
user	0m0.090s
sys	0m0.069s
124
164
Generating /cluster/projects/nn8008k/lluisa/NextSIM/seas/Fmap_10days/2000_AMJ_ic0.5_dt0.0025_DT0.0100/31_W_matrix.npy

real	0m44.774s
user	0m0.078s
sys	0m0.084s
128
168
Generating /cluster/projects/nn8008k/lluisa/NextSIM/seas/Fmap_10days/2000_AMJ_ic0.5_dt0.0025_DT0.0100/32_W_matrix.npy

real	0m48.080s
user	0m0.065s
sys	0m0.083s
132
172
Generating /cluster/projects/nn8008k/lluisa/NextSIM/seas/Fmap_10days/2000_AMJ_ic0.5_dt0.0025_DT0.0100/33_W_matrix.npy

real	0m47.445s
user	0m0.069s
sys	0m0.080s
136
176
Generating /cluster/projects/nn8008k/lluisa/NextSIM/seas/Fmap_10days/2000_AMJ_ic0.5_dt0.0025_DT0.0100/34_W_matrix.npy

real	0m47.511s
user	0m0.068s
sys	0m0.088s
140
180
Generating /cluster/projects/nn8008k/lluisa/NextSIM/seas/Fmap_10days/2000_AMJ_ic0.5_dt0.0025_DT0.0100/35_W_matrix.npy

real	0m43.416s
user	0m0.071s
sys	0m0.078s
144
184
Generating /cluster/projects/nn8008k/lluisa/NextSIM/seas/Fmap_10days/2000_AMJ_ic0.5_dt0.0025_DT0.0100/36_W_matrix.npy

real	0m44.920s
user	0m0.071s
sys	0m0.085s
148
188
Generating /cluster/projects/nn8008k/lluisa/NextSIM/seas/Fmap_10days/2000_AMJ_ic0.5_dt0.0025_DT0.0100/37_W_matrix.npy

real	0m47.547s
user	0m0.074s
sys	0m0.086s
152
192
Generating /cluster/projects/nn8008k/lluisa/NextSIM/seas/Fmap_10days/2000_AMJ_ic0.5_dt0.0025_DT0.0100/38_W_matrix.npy

real	0m45.637s
user	0m0.064s
sys	0m0.085s
156
196
Generating /cluster/projects/nn8008k/lluisa/NextSIM/seas/Fmap_10days/2000_AMJ_ic0.5_dt0.0025_DT0.0100/39_W_matrix.npy

real	0m44.651s
user	0m0.058s
sys	0m0.097s
160
200
Generating /cluster/projects/nn8008k/lluisa/NextSIM/seas/Fmap_10days/2000_AMJ_ic0.5_dt0.0025_DT0.0100/40_W_matrix.npy

real	0m44.750s
user	0m0.067s
sys	0m0.086s
164
204
Generating /cluster/projects/nn8008k/lluisa/NextSIM/seas/Fmap_10days/2000_AMJ_ic0.5_dt0.0025_DT0.0100/41_W_matrix.npy

real	0m41.435s
user	0m0.085s
sys	0m0.069s
168
208
Generating /cluster/projects/nn8008k/lluisa/NextSIM/seas/Fmap_10days/2000_AMJ_ic0.5_dt0.0025_DT0.0100/42_W_matrix.npy

real	0m43.703s
user	0m0.078s
sys	0m0.074s
172
212
Generating /cluster/projects/nn8008k/lluisa/NextSIM/seas/Fmap_10days/2000_AMJ_ic0.5_dt0.0025_DT0.0100/43_W_matrix.npy

real	0m41.688s
user	0m0.063s
sys	0m0.085s
176
216
Generating /cluster/projects/nn8008k/lluisa/NextSIM/seas/Fmap_10days/2000_AMJ_ic0.5_dt0.0025_DT0.0100/44_W_matrix.npy

real	0m41.810s
user	0m0.074s
sys	0m0.083s
180
220
Generating /cluster/projects/nn8008k/lluisa/NextSIM/seas/Fmap_10days/2000_AMJ_ic0.5_dt0.0025_DT0.0100/45_W_matrix.npy

real	0m42.291s
user	0m0.068s
sys	0m0.083s
184
224
Generating /cluster/projects/nn8008k/lluisa/NextSIM/seas/Fmap_10days/2000_AMJ_ic0.5_dt0.0025_DT0.0100/46_W_matrix.npy

real	0m42.961s
user	0m0.069s
sys	0m0.080s
188
228
Generating /cluster/projects/nn8008k/lluisa/NextSIM/seas/Fmap_10days/2000_AMJ_ic0.5_dt0.0025_DT0.0100/47_W_matrix.npy

real	0m41.710s
user	0m0.068s
sys	0m0.083s
192
232
Generating /cluster/projects/nn8008k/lluisa/NextSIM/seas/Fmap_10days/2000_AMJ_ic0.5_dt0.0025_DT0.0100/48_W_matrix.npy

real	0m44.306s
user	0m0.065s
sys	0m0.084s
196
236
Generating /cluster/projects/nn8008k/lluisa/NextSIM/seas/Fmap_10days/2000_AMJ_ic0.5_dt0.0025_DT0.0100/49_W_matrix.npy

real	0m41.550s
user	0m0.072s
sys	0m0.078s
200
240
Generating /cluster/projects/nn8008k/lluisa/NextSIM/seas/Fmap_10days/2000_AMJ_ic0.5_dt0.0025_DT0.0100/50_W_matrix.npy

real	0m41.911s
user	0m0.068s
sys	0m0.083s
204
244
Generating /cluster/projects/nn8008k/lluisa/NextSIM/seas/Fmap_10days/2000_AMJ_ic0.5_dt0.0025_DT0.0100/51_W_matrix.npy

real	0m41.689s
user	0m0.075s
sys	0m0.077s
208
248
Generating /cluster/projects/nn8008k/lluisa/NextSIM/seas/Fmap_10days/2000_AMJ_ic0.5_dt0.0025_DT0.0100/52_W_matrix.npy

real	0m42.226s
user	0m0.067s
sys	0m0.080s
212
252
Generating /cluster/projects/nn8008k/lluisa/NextSIM/seas/Fmap_10days/2000_AMJ_ic0.5_dt0.0025_DT0.0100/53_W_matrix.npy

real	0m41.866s
user	0m0.078s
sys	0m0.074s
216
256
Generating /cluster/projects/nn8008k/lluisa/NextSIM/seas/Fmap_10days/2000_AMJ_ic0.5_dt0.0025_DT0.0100/54_W_matrix.npy

real	0m42.374s
user	0m0.062s
sys	0m0.088s
220
260
Generating /cluster/projects/nn8008k/lluisa/NextSIM/seas/Fmap_10days/2000_AMJ_ic0.5_dt0.0025_DT0.0100/55_W_matrix.npy

real	0m42.622s
user	0m0.068s
sys	0m0.089s
224
264
Generating /cluster/projects/nn8008k/lluisa/NextSIM/seas/Fmap_10days/2000_AMJ_ic0.5_dt0.0025_DT0.0100/56_W_matrix.npy

real	0m42.457s
user	0m0.067s
sys	0m0.080s
228
268
Generating /cluster/projects/nn8008k/lluisa/NextSIM/seas/Fmap_10days/2000_AMJ_ic0.5_dt0.0025_DT0.0100/57_W_matrix.npy

real	0m42.779s
user	0m0.071s
sys	0m0.080s
232
272
Generating /cluster/projects/nn8008k/lluisa/NextSIM/seas/Fmap_10days/2000_AMJ_ic0.5_dt0.0025_DT0.0100/58_W_matrix.npy

real	0m42.424s
user	0m0.077s
sys	0m0.083s
236
276
Generating /cluster/projects/nn8008k/lluisa/NextSIM/seas/Fmap_10days/2000_AMJ_ic0.5_dt0.0025_DT0.0100/59_W_matrix.npy

real	0m41.420s
user	0m0.075s
sys	0m0.082s
240
280
Generating /cluster/projects/nn8008k/lluisa/NextSIM/seas/Fmap_10days/2000_AMJ_ic0.5_dt0.0025_DT0.0100/60_W_matrix.npy

real	0m39.536s
user	0m0.064s
sys	0m0.087s
244
284
Generating /cluster/projects/nn8008k/lluisa/NextSIM/seas/Fmap_10days/2000_AMJ_ic0.5_dt0.0025_DT0.0100/61_W_matrix.npy

real	0m44.474s
user	0m0.077s
sys	0m0.078s
248
288
Generating /cluster/projects/nn8008k/lluisa/NextSIM/seas/Fmap_10days/2000_AMJ_ic0.5_dt0.0025_DT0.0100/62_W_matrix.npy

real	0m41.602s
user	0m0.062s
sys	0m0.093s
252
292
Generating /cluster/projects/nn8008k/lluisa/NextSIM/seas/Fmap_10days/2000_AMJ_ic0.5_dt0.0025_DT0.0100/63_W_matrix.npy

real	0m40.188s
user	0m0.079s
sys	0m0.076s
256
296
Generating /cluster/projects/nn8008k/lluisa/NextSIM/seas/Fmap_10days/2000_AMJ_ic0.5_dt0.0025_DT0.0100/64_W_matrix.npy

real	0m39.884s
user	0m0.078s
sys	0m0.073s
260
300
Generating /cluster/projects/nn8008k/lluisa/NextSIM/seas/Fmap_10days/2000_AMJ_ic0.5_dt0.0025_DT0.0100/65_W_matrix.npy

real	0m40.473s
user	0m0.073s
sys	0m0.079s
264
304
Generating /cluster/projects/nn8008k/lluisa/NextSIM/seas/Fmap_10days/2000_AMJ_ic0.5_dt0.0025_DT0.0100/66_W_matrix.npy

real	0m41.026s
user	0m0.064s
sys	0m0.089s
268
308
Generating /cluster/projects/nn8008k/lluisa/NextSIM/seas/Fmap_10days/2000_AMJ_ic0.5_dt0.0025_DT0.0100/67_W_matrix.npy

real	0m39.460s
user	0m0.072s
sys	0m0.077s
272
312
Generating /cluster/projects/nn8008k/lluisa/NextSIM/seas/Fmap_10days/2000_AMJ_ic0.5_dt0.0025_DT0.0100/68_W_matrix.npy

real	0m43.839s
user	0m0.061s
sys	0m0.094s
276
316
Generating /cluster/projects/nn8008k/lluisa/NextSIM/seas/Fmap_10days/2000_AMJ_ic0.5_dt0.0025_DT0.0100/69_W_matrix.npy

real	0m40.206s
user	0m0.064s
sys	0m0.089s
280
320
Generating /cluster/projects/nn8008k/lluisa/NextSIM/seas/Fmap_10days/2000_AMJ_ic0.5_dt0.0025_DT0.0100/70_W_matrix.npy

real	0m38.772s
user	0m0.067s
sys	0m0.082s
284
324
Generating /cluster/projects/nn8008k/lluisa/NextSIM/seas/Fmap_10days/2000_AMJ_ic0.5_dt0.0025_DT0.0100/71_W_matrix.npy

real	0m39.851s
user	0m0.066s
sys	0m0.089s
288
328
Generating /cluster/projects/nn8008k/lluisa/NextSIM/seas/Fmap_10days/2000_AMJ_ic0.5_dt0.0025_DT0.0100/72_W_matrix.npy

real	0m40.637s
user	0m0.057s
sys	0m0.095s
292
332
Generating /cluster/projects/nn8008k/lluisa/NextSIM/seas/Fmap_10days/2000_AMJ_ic0.5_dt0.0025_DT0.0100/73_W_matrix.npy

real	0m40.077s
user	0m0.068s
sys	0m0.085s
296
336
Generating /cluster/projects/nn8008k/lluisa/NextSIM/seas/Fmap_10days/2000_AMJ_ic0.5_dt0.0025_DT0.0100/74_W_matrix.npy

real	0m39.151s
user	0m0.071s
sys	0m0.080s
300
340
Generating /cluster/projects/nn8008k/lluisa/NextSIM/seas/Fmap_10days/2000_AMJ_ic0.5_dt0.0025_DT0.0100/75_W_matrix.npy

real	0m43.159s
user	0m0.075s
sys	0m0.071s
304
344
Generating /cluster/projects/nn8008k/lluisa/NextSIM/seas/Fmap_10days/2000_AMJ_ic0.5_dt0.0025_DT0.0100/76_W_matrix.npy

real	0m37.586s
user	0m0.084s
sys	0m0.072s
308
348
Generating /cluster/projects/nn8008k/lluisa/NextSIM/seas/Fmap_10days/2000_AMJ_ic0.5_dt0.0025_DT0.0100/77_W_matrix.npy
Traceback (most recent call last):
  File "/cluster/work/users/llpui9007/ndaily_runs/similarity/W_MPI.py", line 107, in <module>
    np.save(results_directory+'/'+str(int(tmin/time_steps_per_day))+'_W_matrix.npy', W_vec)
  File "/cluster/home/llpui9007/.local/lib/python3.11/site-packages/numpy/lib/_npyio_impl.py", line 574, in save
    format.write_array(fid, arr, allow_pickle=allow_pickle,
  File "/cluster/home/llpui9007/.local/lib/python3.11/site-packages/numpy/lib/format.py", line 755, in write_array
    array.tofile(fp)
OSError: 6449436 requested and 1481712 written
srun: error: c15-1: task 0: Exited with exit code 1
srun: Terminating StepId=6229050.62

real	0m40.390s
user	0m0.064s
sys	0m0.085s

Job 6229050 consumed 400.8 billing hours from project nn8008k.

Submitted 2025-05-04T10:09:19; waited 1.0 seconds in the queue after becoming eligible to run.

Requested wallclock time: 16.0 hours
Elapsed wallclock time:   47.0 minutes

Job failed.

Task and CPU statistics:
ID              CPUs  Tasks  CPU util                Start   Elapsed  Exit status
6229050          512            0.0 %  2025-05-04T10:09:20  2818.0 s  1
6229050.batch     32      1     0.0 %  2025-05-04T10:09:20  2818.0 s  1
6229050.python   512    512    31.8 %  2025-05-04T10:09:29   130.0 s  0
6229050.python   512    512    90.1 %  2025-05-04T10:11:39    44.0 s  0
6229050.python   512    512    85.6 %  2025-05-04T10:12:23    46.0 s  0
6229050.python   512    512    88.9 %  2025-05-04T10:13:09    44.0 s  0
6229050.python   512    512    79.9 %  2025-05-04T10:13:53    49.0 s  0
6229050.python   512    512    79.8 %  2025-05-04T10:14:42    49.0 s  0
6229050.python   512    512    86.5 %  2025-05-04T10:15:31    45.0 s  0
6229050.python   512    512    84.8 %  2025-05-04T10:16:16    46.0 s  0
6229050.python   512    512    85.2 %  2025-05-04T10:17:02    46.0 s  0
6229050.python   512    512    86.5 %  2025-05-04T10:17:48    45.0 s  0
6229050.python   512    512    88.4 %  2025-05-04T10:18:33    44.0 s  0
6229050.python   512    512    86.5 %  2025-05-04T10:19:17    45.0 s  0
6229050.python   512    512    84.8 %  2025-05-04T10:20:03    46.0 s  0
6229050.python   512    512    88.3 %  2025-05-04T10:20:49    44.0 s  0
6229050.python   512    512    80.9 %  2025-05-04T10:21:33    48.0 s  0
6229050.python   512    512    86.2 %  2025-05-04T10:22:21    45.0 s  0
6229050.python   512    512    86.0 %  2025-05-04T10:23:06    45.0 s  0
6229050.python   512    512    80.5 %  2025-05-04T10:23:51    48.0 s  0
6229050.python   512    512    81.7 %  2025-05-04T10:24:39    47.0 s  0
6229050.python   512    512    79.6 %  2025-05-04T10:25:26    48.0 s  0
6229050.python   512    512    88.2 %  2025-05-04T10:26:14    43.0 s  0
6229050.python   512    512    84.4 %  2025-05-04T10:26:57    45.0 s  0
6229050.python   512    512    79.2 %  2025-05-04T10:27:42    48.0 s  0
6229050.python   512    512    84.2 %  2025-05-04T10:28:30    45.0 s  0
6229050.python   512    512    83.9 %  2025-05-04T10:29:15    45.0 s  0
6229050.python   512    512    83.1 %  2025-05-04T10:30:00    45.0 s  0
6229050.python   512    512    90.6 %  2025-05-04T10:30:45    41.0 s  0
6229050.python   512    512    84.9 %  2025-05-04T10:31:26    44.0 s  0
6229050.python   512    512    89.2 %  2025-05-04T10:32:10    42.0 s  0
6229050.python   512    512    91.4 %  2025-05-04T10:32:52    41.0 s  0
6229050.python   512    512    87.2 %  2025-05-04T10:33:33    43.0 s  0
6229050.python   512    512    87.3 %  2025-05-04T10:34:16    43.0 s  0
6229050.python   512    512    91.3 %  2025-05-04T10:34:59    41.0 s  0
6229050.python   512    512    83.2 %  2025-05-04T10:35:40    45.0 s  0
6229050.python   512    512    90.4 %  2025-05-04T10:36:25    41.0 s  0
6229050.python   512    512    88.0 %  2025-05-04T10:37:06    42.0 s  0
6229050.python   512    512    87.6 %  2025-05-04T10:37:48    42.0 s  0
6229050.python   512    512    87.1 %  2025-05-04T10:38:30    42.0 s  0
6229050.python   512    512    87.1 %  2025-05-04T10:39:12    42.0 s  0
6229050.python   512    512    87.2 %  2025-05-04T10:39:54    42.0 s  0
6229050.python   512    512    85.2 %  2025-05-04T10:40:36    43.0 s  0
6229050.python   512    512    86.9 %  2025-05-04T10:41:19    42.0 s  0
6229050.python   512    512    85.1 %  2025-05-04T10:42:01    43.0 s  0
6229050.python   512    512    84.6 %  2025-05-04T10:42:44    43.0 s  0
6229050.python   512    512    88.2 %  2025-05-04T10:43:27    41.0 s  0
6229050.python   512    512    89.4 %  2025-05-04T10:44:08    40.0 s  0
6229050.python   512    512    81.7 %  2025-05-04T10:44:48    44.0 s  0
6229050.python   512    512    84.9 %  2025-05-04T10:45:32    42.0 s  0
6229050.python   512    512    88.6 %  2025-05-04T10:46:14    40.0 s  0
6229050.python   512    512    87.7 %  2025-05-04T10:46:54    40.0 s  0
6229050.python   512    512    87.6 %  2025-05-04T10:47:34    40.0 s  0
6229050.python   512    512    85.5 %  2025-05-04T10:48:14    41.0 s  0
6229050.python   512    512    87.9 %  2025-05-04T10:48:55    40.0 s  0
6229050.python   512    512    79.7 %  2025-05-04T10:49:35    44.0 s  0
6229050.python   512    512    87.8 %  2025-05-04T10:50:19    40.0 s  0
6229050.python   512    512    89.3 %  2025-05-04T10:50:59    39.0 s  0
6229050.python   512    512    88.1 %  2025-05-04T10:51:38    39.0 s  0
6229050.python   512    512    83.5 %  2025-05-04T10:52:17    41.0 s  0
6229050.python   512    512    86.2 %  2025-05-04T10:52:58    40.0 s  0
6229050.python   512    512    87.7 %  2025-05-04T10:53:38    39.0 s  0
6229050.python   512    512    80.0 %  2025-05-04T10:54:17    43.0 s  0
6229050.python   512    512    89.6 %  2025-05-04T10:55:00    38.0 s  0
6229050.python   512    512    84.7 %  2025-05-04T10:55:38    40.0 s  1

Used CPU time:   13.9 CPU days
Unused CPU time: 2.8 CPU days

Memory statistics, in GiB:
ID               Alloc   Usage
6229050          944.0        
6229050.batch     59.0     0.0
6229050.python   944.0   304.7
6229050.python   944.0   301.1
6229050.python   944.0   300.5
6229050.python   944.0   300.1
6229050.python   944.0   299.5
6229050.python   944.0   299.6
6229050.python   944.0   299.2
6229050.python   944.0   299.5
6229050.python   944.0   299.8
6229050.python   944.0   299.4
6229050.python   944.0   299.4
6229050.python   944.0   299.4
6229050.python   944.0   299.3
6229050.python   944.0   299.3
6229050.python   944.0   298.8
6229050.python   944.0   299.0
6229050.python   944.0   298.5
6229050.python   944.0   298.1
6229050.python   944.0   297.3
6229050.python   944.0   296.7
6229050.python   944.0   296.2
6229050.python   944.0   296.1
6229050.python   944.0   296.1
6229050.python   944.0   295.8
6229050.python   944.0   295.4
6229050.python   944.0   294.2
6229050.python   944.0   293.6
6229050.python   944.0   294.1
6229050.python   944.0   294.8
6229050.python   944.0   294.9
6229050.python   944.0   294.7
6229050.python   944.0   294.9
6229050.python   944.0   294.6
6229050.python   944.0   294.4
6229050.python   944.0   293.3
6229050.python   944.0   293.0
6229050.python   944.0   292.3
6229050.python   944.0   291.7
6229050.python   944.0   291.7
6229050.python   944.0   291.7
6229050.python   944.0   291.7
6229050.python   944.0   291.4
6229050.python   944.0   291.4
6229050.python   944.0   290.9
6229050.python   944.0   290.1
6229050.python   944.0   289.0
6229050.python   944.0   289.0
6229050.python   944.0   288.3
6229050.python   944.0   287.6
6229050.python   944.0   286.7
6229050.python   944.0   286.5
6229050.python   944.0   286.4
6229050.python   944.0   287.0
6229050.python   944.0   286.0
6229050.python   944.0   286.7
6229050.python   944.0   285.9
6229050.python   944.0   284.2
6229050.python   944.0   283.5
6229050.python   944.0   284.3
6229050.python   944.0   283.6
6229050.python   944.0   283.8
6229050.python   944.0   283.2
6229050.python   944.0   282.3

Job 6229050 completed at Sun May 4 10:56:19 CEST 2025
