Starting job 6228840 on c29-[11-12],c30-[1-12],c31-[1-2] on fram at Sat May 3 00:46:12 CEST 2025


Currently Loaded Modules:
  1) StdEnv (S)

  Where:
   S:  Module is Sticky, requires --force to unload or purge

 


The following have been reloaded with a version change:
  1) GCCcore/13.3.0 => GCCcore/13.2.0
  2) OpenSSL/3 => OpenSSL/1.1
  3) Python/3.12.3-GCCcore-13.3.0 => Python/3.11.5-GCCcore-13.2.0
  4) SQLite/3.45.3-GCCcore-13.3.0 => SQLite/3.43.1-GCCcore-13.2.0
  5) Tcl/8.6.14-GCCcore-13.3.0 => Tcl/8.6.13-GCCcore-13.2.0
  6) XZ/5.4.5-GCCcore-13.3.0 => XZ/5.4.4-GCCcore-13.2.0
  7) binutils/2.42-GCCcore-13.3.0 => binutils/2.40-GCCcore-13.2.0
  8) bzip2/1.0.8-GCCcore-13.3.0 => bzip2/1.0.8-GCCcore-13.2.0
  9) libffi/3.4.5-GCCcore-13.3.0 => libffi/3.4.4-GCCcore-13.2.0
 10) libreadline/8.2-GCCcore-13.3.0 => libreadline/8.2-GCCcore-13.2.0
 11) ncurses/6.5-GCCcore-13.3.0 => ncurses/6.4-GCCcore-13.2.0
 12) zlib/1.3.1-GCCcore-13.3.0 => zlib/1.2.13-GCCcore-13.2.0

0
40
Generating /cluster/projects/nn8008k/lluisa/NextSIM/seas/Fmap_10days/2002_AMJ_ic0.5_dt0.0025_DT0.0100/0_W_matrix.npy

real	1m9.899s
user	0m0.080s
sys	0m0.086s
4
44
Generating /cluster/projects/nn8008k/lluisa/NextSIM/seas/Fmap_10days/2002_AMJ_ic0.5_dt0.0025_DT0.0100/1_W_matrix.npy

real	0m45.664s
user	0m0.056s
sys	0m0.090s
8
48
Generating /cluster/projects/nn8008k/lluisa/NextSIM/seas/Fmap_10days/2002_AMJ_ic0.5_dt0.0025_DT0.0100/2_W_matrix.npy

real	0m44.478s
user	0m0.076s
sys	0m0.080s
12
52
Generating /cluster/projects/nn8008k/lluisa/NextSIM/seas/Fmap_10days/2002_AMJ_ic0.5_dt0.0025_DT0.0100/3_W_matrix.npy

real	0m44.643s
user	0m0.071s
sys	0m0.075s
16
56
Generating /cluster/projects/nn8008k/lluisa/NextSIM/seas/Fmap_10days/2002_AMJ_ic0.5_dt0.0025_DT0.0100/4_W_matrix.npy

real	0m49.367s
user	0m0.087s
sys	0m0.074s
20
60
Generating /cluster/projects/nn8008k/lluisa/NextSIM/seas/Fmap_10days/2002_AMJ_ic0.5_dt0.0025_DT0.0100/5_W_matrix.npy

real	0m44.721s
user	0m0.065s
sys	0m0.085s
24
64
Generating /cluster/projects/nn8008k/lluisa/NextSIM/seas/Fmap_10days/2002_AMJ_ic0.5_dt0.0025_DT0.0100/6_W_matrix.npy

real	0m44.670s
user	0m0.073s
sys	0m0.076s
28
68
Generating /cluster/projects/nn8008k/lluisa/NextSIM/seas/Fmap_10days/2002_AMJ_ic0.5_dt0.0025_DT0.0100/7_W_matrix.npy

real	0m50.106s
user	0m0.075s
sys	0m0.076s
32
72
Generating /cluster/projects/nn8008k/lluisa/NextSIM/seas/Fmap_10days/2002_AMJ_ic0.5_dt0.0025_DT0.0100/8_W_matrix.npy

real	0m46.853s
user	0m0.056s
sys	0m0.098s
36
76
Generating /cluster/projects/nn8008k/lluisa/NextSIM/seas/Fmap_10days/2002_AMJ_ic0.5_dt0.0025_DT0.0100/9_W_matrix.npy

real	0m44.628s
user	0m0.065s
sys	0m0.087s
40
80
Generating /cluster/projects/nn8008k/lluisa/NextSIM/seas/Fmap_10days/2002_AMJ_ic0.5_dt0.0025_DT0.0100/10_W_matrix.npy

real	0m43.208s
user	0m0.069s
sys	0m0.085s
44
84
Generating /cluster/projects/nn8008k/lluisa/NextSIM/seas/Fmap_10days/2002_AMJ_ic0.5_dt0.0025_DT0.0100/11_W_matrix.npy

real	0m43.911s
user	0m0.085s
sys	0m0.067s
48
88
Generating /cluster/projects/nn8008k/lluisa/NextSIM/seas/Fmap_10days/2002_AMJ_ic0.5_dt0.0025_DT0.0100/12_W_matrix.npy

real	0m49.028s
user	0m0.071s
sys	0m0.083s
52
92
Generating /cluster/projects/nn8008k/lluisa/NextSIM/seas/Fmap_10days/2002_AMJ_ic0.5_dt0.0025_DT0.0100/13_W_matrix.npy

real	0m48.297s
user	0m0.075s
sys	0m0.078s
56
96
Generating /cluster/projects/nn8008k/lluisa/NextSIM/seas/Fmap_10days/2002_AMJ_ic0.5_dt0.0025_DT0.0100/14_W_matrix.npy
slurmstepd: error: *** JOB 6228840 ON c29-11 CANCELLED AT 2025-05-03T00:57:55 ***
srun: Job step aborted: Waiting up to 32 seconds for job step to finish.
slurmstepd: error: *** STEP 6228840.14 ON c29-11 CANCELLED AT 2025-05-03T00:57:55 ***

Job 6228840 consumed 100.0 billing hours from project nn8008k.

Submitted 2025-05-03T00:46:03; waited 9.0 seconds in the queue after becoming eligible to run.

Requested wallclock time: 3.0 days
Elapsed wallclock time:   11.7 minutes

Job was cancelled.

Task and CPU statistics:
ID              CPUs  Tasks  CPU util                Start  Elapsed  Exit status
6228840          512            0.0 %  2025-05-03T00:46:12  703.0 s  0
6228840.batch     32      1     0.0 %  2025-05-03T00:46:12  704.0 s  Signal 15
6228840.python   512    512    58.6 %  2025-05-03T00:46:14   70.0 s  0
6228840.python   512    512    86.4 %  2025-05-03T00:47:24   46.0 s  0
6228840.python   512    512    89.9 %  2025-05-03T00:48:10   44.0 s  0
6228840.python   512    512    87.2 %  2025-05-03T00:48:54   45.0 s  0
6228840.python   512    512    80.4 %  2025-05-03T00:49:39   49.0 s  0
6228840.python   512    512    86.9 %  2025-05-03T00:50:28   45.0 s  0
6228840.python   512    512    86.8 %  2025-05-03T00:51:13   45.0 s  0
6228840.python   512    512    78.7 %  2025-05-03T00:51:58   50.0 s  0
6228840.python   512    512    83.3 %  2025-05-03T00:52:48   47.0 s  0
6228840.python   512    512    88.8 %  2025-05-03T00:53:35   44.0 s  0
6228840.python   512    512    87.8 %  2025-05-03T00:54:19   44.0 s  0
6228840.python   512    512    88.0 %  2025-05-03T00:55:03   44.0 s  0
6228840.python   512    512    79.3 %  2025-05-03T00:55:47   49.0 s  0
6228840.python   512    512    80.7 %  2025-05-03T00:56:36   48.0 s  0
6228840.python   512    512    89.1 %  2025-05-03T00:57:24   34.0 s  Signal 15

Used CPU time:   3.4 CPU days
Unused CPU time: 17.5 CPU hours

Memory statistics, in GiB:
ID               Alloc   Usage
6228840          944.0        
6228840.batch     59.0     0.0
6228840.python   944.0   305.9
6228840.python   944.0   301.5
6228840.python   944.0   301.3
6228840.python   944.0   300.4
6228840.python   944.0   300.4
6228840.python   944.0   299.9
6228840.python   944.0   299.8
6228840.python   944.0   300.2
6228840.python   944.0   300.0
6228840.python   944.0   299.9
6228840.python   944.0   298.5
6228840.python   944.0   298.9
6228840.python   944.0   298.5
6228840.python   944.0   298.3
6228840.python   944.0   298.5

Job 6228840 completed at Sat May 3 00:58:00 CEST 2025
Starting job 6229052 on c24-[8-12],c25-[1-4,6-12] on fram at Sun May 4 10:09:24 CEST 2025


Currently Loaded Modules:
  1) StdEnv (S)

  Where:
   S:  Module is Sticky, requires --force to unload or purge

 


The following have been reloaded with a version change:
  1) GCCcore/13.3.0 => GCCcore/13.2.0
  2) OpenSSL/3 => OpenSSL/1.1
  3) Python/3.12.3-GCCcore-13.3.0 => Python/3.11.5-GCCcore-13.2.0
  4) SQLite/3.45.3-GCCcore-13.3.0 => SQLite/3.43.1-GCCcore-13.2.0
  5) Tcl/8.6.14-GCCcore-13.3.0 => Tcl/8.6.13-GCCcore-13.2.0
  6) XZ/5.4.5-GCCcore-13.3.0 => XZ/5.4.4-GCCcore-13.2.0
  7) binutils/2.42-GCCcore-13.3.0 => binutils/2.40-GCCcore-13.2.0
  8) bzip2/1.0.8-GCCcore-13.3.0 => bzip2/1.0.8-GCCcore-13.2.0
  9) libffi/3.4.5-GCCcore-13.3.0 => libffi/3.4.4-GCCcore-13.2.0
 10) libreadline/8.2-GCCcore-13.3.0 => libreadline/8.2-GCCcore-13.2.0
 11) ncurses/6.5-GCCcore-13.3.0 => ncurses/6.4-GCCcore-13.2.0
 12) zlib/1.3.1-GCCcore-13.3.0 => zlib/1.2.13-GCCcore-13.2.0

0
40
File /cluster/projects/nn8008k/lluisa/NextSIM/seas/Fmap_10days/2002_AMJ_ic0.5_dt0.0025_DT0.0100/0_W_matrix.npy allready exist. Skipping...
4
44
File /cluster/projects/nn8008k/lluisa/NextSIM/seas/Fmap_10days/2002_AMJ_ic0.5_dt0.0025_DT0.0100/1_W_matrix.npy allready exist. Skipping...
8
48
File /cluster/projects/nn8008k/lluisa/NextSIM/seas/Fmap_10days/2002_AMJ_ic0.5_dt0.0025_DT0.0100/2_W_matrix.npy allready exist. Skipping...
12
52
File /cluster/projects/nn8008k/lluisa/NextSIM/seas/Fmap_10days/2002_AMJ_ic0.5_dt0.0025_DT0.0100/3_W_matrix.npy allready exist. Skipping...
16
56
File /cluster/projects/nn8008k/lluisa/NextSIM/seas/Fmap_10days/2002_AMJ_ic0.5_dt0.0025_DT0.0100/4_W_matrix.npy allready exist. Skipping...
20
60
File /cluster/projects/nn8008k/lluisa/NextSIM/seas/Fmap_10days/2002_AMJ_ic0.5_dt0.0025_DT0.0100/5_W_matrix.npy allready exist. Skipping...
24
64
File /cluster/projects/nn8008k/lluisa/NextSIM/seas/Fmap_10days/2002_AMJ_ic0.5_dt0.0025_DT0.0100/6_W_matrix.npy allready exist. Skipping...
28
68
File /cluster/projects/nn8008k/lluisa/NextSIM/seas/Fmap_10days/2002_AMJ_ic0.5_dt0.0025_DT0.0100/7_W_matrix.npy allready exist. Skipping...
32
72
File /cluster/projects/nn8008k/lluisa/NextSIM/seas/Fmap_10days/2002_AMJ_ic0.5_dt0.0025_DT0.0100/8_W_matrix.npy allready exist. Skipping...
36
76
File /cluster/projects/nn8008k/lluisa/NextSIM/seas/Fmap_10days/2002_AMJ_ic0.5_dt0.0025_DT0.0100/9_W_matrix.npy allready exist. Skipping...
40
80
File /cluster/projects/nn8008k/lluisa/NextSIM/seas/Fmap_10days/2002_AMJ_ic0.5_dt0.0025_DT0.0100/10_W_matrix.npy allready exist. Skipping...
44
84
File /cluster/projects/nn8008k/lluisa/NextSIM/seas/Fmap_10days/2002_AMJ_ic0.5_dt0.0025_DT0.0100/11_W_matrix.npy allready exist. Skipping...
48
88
File /cluster/projects/nn8008k/lluisa/NextSIM/seas/Fmap_10days/2002_AMJ_ic0.5_dt0.0025_DT0.0100/12_W_matrix.npy allready exist. Skipping...
52
92
File /cluster/projects/nn8008k/lluisa/NextSIM/seas/Fmap_10days/2002_AMJ_ic0.5_dt0.0025_DT0.0100/13_W_matrix.npy allready exist. Skipping...
56
96
Generating /cluster/projects/nn8008k/lluisa/NextSIM/seas/Fmap_10days/2002_AMJ_ic0.5_dt0.0025_DT0.0100/14_W_matrix.npy

real	2m8.705s
user	0m0.069s
sys	0m0.094s
60
100
Generating /cluster/projects/nn8008k/lluisa/NextSIM/seas/Fmap_10days/2002_AMJ_ic0.5_dt0.0025_DT0.0100/15_W_matrix.npy

real	0m44.129s
user	0m0.076s
sys	0m0.074s
64
104
Generating /cluster/projects/nn8008k/lluisa/NextSIM/seas/Fmap_10days/2002_AMJ_ic0.5_dt0.0025_DT0.0100/16_W_matrix.npy

real	0m43.475s
user	0m0.071s
sys	0m0.080s
68
108
Generating /cluster/projects/nn8008k/lluisa/NextSIM/seas/Fmap_10days/2002_AMJ_ic0.5_dt0.0025_DT0.0100/17_W_matrix.npy

real	0m44.543s
user	0m0.069s
sys	0m0.078s
72
112
Generating /cluster/projects/nn8008k/lluisa/NextSIM/seas/Fmap_10days/2002_AMJ_ic0.5_dt0.0025_DT0.0100/18_W_matrix.npy

real	0m48.177s
user	0m0.063s
sys	0m0.088s
76
116
Generating /cluster/projects/nn8008k/lluisa/NextSIM/seas/Fmap_10days/2002_AMJ_ic0.5_dt0.0025_DT0.0100/19_W_matrix.npy

real	0m45.915s
user	0m0.065s
sys	0m0.088s
80
120
Generating /cluster/projects/nn8008k/lluisa/NextSIM/seas/Fmap_10days/2002_AMJ_ic0.5_dt0.0025_DT0.0100/20_W_matrix.npy

real	0m42.501s
user	0m0.059s
sys	0m0.092s
84
124
Generating /cluster/projects/nn8008k/lluisa/NextSIM/seas/Fmap_10days/2002_AMJ_ic0.5_dt0.0025_DT0.0100/21_W_matrix.npy

real	0m44.302s
user	0m0.068s
sys	0m0.087s
88
128
Generating /cluster/projects/nn8008k/lluisa/NextSIM/seas/Fmap_10days/2002_AMJ_ic0.5_dt0.0025_DT0.0100/22_W_matrix.npy

real	0m44.784s
user	0m0.088s
sys	0m0.063s
92
132
Generating /cluster/projects/nn8008k/lluisa/NextSIM/seas/Fmap_10days/2002_AMJ_ic0.5_dt0.0025_DT0.0100/23_W_matrix.npy

real	0m43.361s
user	0m0.064s
sys	0m0.084s
96
136
Generating /cluster/projects/nn8008k/lluisa/NextSIM/seas/Fmap_10days/2002_AMJ_ic0.5_dt0.0025_DT0.0100/24_W_matrix.npy

real	0m44.359s
user	0m0.073s
sys	0m0.081s
100
140
Generating /cluster/projects/nn8008k/lluisa/NextSIM/seas/Fmap_10days/2002_AMJ_ic0.5_dt0.0025_DT0.0100/25_W_matrix.npy

real	0m42.551s
user	0m0.076s
sys	0m0.074s
104
144
Generating /cluster/projects/nn8008k/lluisa/NextSIM/seas/Fmap_10days/2002_AMJ_ic0.5_dt0.0025_DT0.0100/26_W_matrix.npy

real	0m43.573s
user	0m0.084s
sys	0m0.071s
108
148
Generating /cluster/projects/nn8008k/lluisa/NextSIM/seas/Fmap_10days/2002_AMJ_ic0.5_dt0.0025_DT0.0100/27_W_matrix.npy

real	0m44.974s
user	0m0.073s
sys	0m0.084s
112
152
Generating /cluster/projects/nn8008k/lluisa/NextSIM/seas/Fmap_10days/2002_AMJ_ic0.5_dt0.0025_DT0.0100/28_W_matrix.npy

real	0m44.090s
user	0m0.053s
sys	0m0.103s
116
156
Generating /cluster/projects/nn8008k/lluisa/NextSIM/seas/Fmap_10days/2002_AMJ_ic0.5_dt0.0025_DT0.0100/29_W_matrix.npy

real	0m43.754s
user	0m0.065s
sys	0m0.087s
120
160
Generating /cluster/projects/nn8008k/lluisa/NextSIM/seas/Fmap_10days/2002_AMJ_ic0.5_dt0.0025_DT0.0100/30_W_matrix.npy

real	0m46.073s
user	0m0.072s
sys	0m0.081s
124
164
Generating /cluster/projects/nn8008k/lluisa/NextSIM/seas/Fmap_10days/2002_AMJ_ic0.5_dt0.0025_DT0.0100/31_W_matrix.npy

real	0m41.806s
user	0m0.068s
sys	0m0.084s
128
168
Generating /cluster/projects/nn8008k/lluisa/NextSIM/seas/Fmap_10days/2002_AMJ_ic0.5_dt0.0025_DT0.0100/32_W_matrix.npy

real	0m42.340s
user	0m0.070s
sys	0m0.086s
132
172
Generating /cluster/projects/nn8008k/lluisa/NextSIM/seas/Fmap_10days/2002_AMJ_ic0.5_dt0.0025_DT0.0100/33_W_matrix.npy

real	0m42.859s
user	0m0.071s
sys	0m0.079s
136
176
Generating /cluster/projects/nn8008k/lluisa/NextSIM/seas/Fmap_10days/2002_AMJ_ic0.5_dt0.0025_DT0.0100/34_W_matrix.npy

real	0m43.248s
user	0m0.078s
sys	0m0.077s
140
180
Generating /cluster/projects/nn8008k/lluisa/NextSIM/seas/Fmap_10days/2002_AMJ_ic0.5_dt0.0025_DT0.0100/35_W_matrix.npy

real	0m41.929s
user	0m0.078s
sys	0m0.071s
144
184
Generating /cluster/projects/nn8008k/lluisa/NextSIM/seas/Fmap_10days/2002_AMJ_ic0.5_dt0.0025_DT0.0100/36_W_matrix.npy

real	0m46.861s
user	0m0.071s
sys	0m0.082s
148
188
Generating /cluster/projects/nn8008k/lluisa/NextSIM/seas/Fmap_10days/2002_AMJ_ic0.5_dt0.0025_DT0.0100/37_W_matrix.npy

real	0m43.513s
user	0m0.067s
sys	0m0.085s
152
192
Generating /cluster/projects/nn8008k/lluisa/NextSIM/seas/Fmap_10days/2002_AMJ_ic0.5_dt0.0025_DT0.0100/38_W_matrix.npy

real	0m43.967s
user	0m0.077s
sys	0m0.079s
156
196
Generating /cluster/projects/nn8008k/lluisa/NextSIM/seas/Fmap_10days/2002_AMJ_ic0.5_dt0.0025_DT0.0100/39_W_matrix.npy

real	0m44.131s
user	0m0.067s
sys	0m0.089s
160
200
Generating /cluster/projects/nn8008k/lluisa/NextSIM/seas/Fmap_10days/2002_AMJ_ic0.5_dt0.0025_DT0.0100/40_W_matrix.npy

real	0m43.608s
user	0m0.076s
sys	0m0.077s
164
204
Generating /cluster/projects/nn8008k/lluisa/NextSIM/seas/Fmap_10days/2002_AMJ_ic0.5_dt0.0025_DT0.0100/41_W_matrix.npy

real	0m43.849s
user	0m0.063s
sys	0m0.091s
168
208
Generating /cluster/projects/nn8008k/lluisa/NextSIM/seas/Fmap_10days/2002_AMJ_ic0.5_dt0.0025_DT0.0100/42_W_matrix.npy

real	0m41.591s
user	0m0.064s
sys	0m0.085s
172
212
Generating /cluster/projects/nn8008k/lluisa/NextSIM/seas/Fmap_10days/2002_AMJ_ic0.5_dt0.0025_DT0.0100/43_W_matrix.npy

real	0m43.591s
user	0m0.068s
sys	0m0.087s
176
216
Generating /cluster/projects/nn8008k/lluisa/NextSIM/seas/Fmap_10days/2002_AMJ_ic0.5_dt0.0025_DT0.0100/44_W_matrix.npy

real	0m44.820s
user	0m0.071s
sys	0m0.078s
180
220
Generating /cluster/projects/nn8008k/lluisa/NextSIM/seas/Fmap_10days/2002_AMJ_ic0.5_dt0.0025_DT0.0100/45_W_matrix.npy

real	0m43.702s
user	0m0.052s
sys	0m0.097s
184
224
Generating /cluster/projects/nn8008k/lluisa/NextSIM/seas/Fmap_10days/2002_AMJ_ic0.5_dt0.0025_DT0.0100/46_W_matrix.npy

real	0m44.594s
user	0m0.058s
sys	0m0.093s
188
228
Generating /cluster/projects/nn8008k/lluisa/NextSIM/seas/Fmap_10days/2002_AMJ_ic0.5_dt0.0025_DT0.0100/47_W_matrix.npy

real	0m44.381s
user	0m0.080s
sys	0m0.074s
192
232
Generating /cluster/projects/nn8008k/lluisa/NextSIM/seas/Fmap_10days/2002_AMJ_ic0.5_dt0.0025_DT0.0100/48_W_matrix.npy

real	1m0.462s
user	0m0.076s
sys	0m0.083s
196
236
Generating /cluster/projects/nn8008k/lluisa/NextSIM/seas/Fmap_10days/2002_AMJ_ic0.5_dt0.0025_DT0.0100/49_W_matrix.npy

real	0m42.007s
user	0m0.067s
sys	0m0.088s
200
240
Generating /cluster/projects/nn8008k/lluisa/NextSIM/seas/Fmap_10days/2002_AMJ_ic0.5_dt0.0025_DT0.0100/50_W_matrix.npy

real	0m42.914s
user	0m0.059s
sys	0m0.091s
204
244
Generating /cluster/projects/nn8008k/lluisa/NextSIM/seas/Fmap_10days/2002_AMJ_ic0.5_dt0.0025_DT0.0100/51_W_matrix.npy

real	0m47.200s
user	0m0.058s
sys	0m0.097s
208
248
Generating /cluster/projects/nn8008k/lluisa/NextSIM/seas/Fmap_10days/2002_AMJ_ic0.5_dt0.0025_DT0.0100/52_W_matrix.npy

real	0m43.197s
user	0m0.065s
sys	0m0.091s
212
252
Generating /cluster/projects/nn8008k/lluisa/NextSIM/seas/Fmap_10days/2002_AMJ_ic0.5_dt0.0025_DT0.0100/53_W_matrix.npy

real	0m43.312s
user	0m0.059s
sys	0m0.094s
216
256
Generating /cluster/projects/nn8008k/lluisa/NextSIM/seas/Fmap_10days/2002_AMJ_ic0.5_dt0.0025_DT0.0100/54_W_matrix.npy

real	0m41.002s
user	0m0.067s
sys	0m0.081s
220
260
Generating /cluster/projects/nn8008k/lluisa/NextSIM/seas/Fmap_10days/2002_AMJ_ic0.5_dt0.0025_DT0.0100/55_W_matrix.npy

real	0m40.795s
user	0m0.067s
sys	0m0.088s
224
264
Generating /cluster/projects/nn8008k/lluisa/NextSIM/seas/Fmap_10days/2002_AMJ_ic0.5_dt0.0025_DT0.0100/56_W_matrix.npy

real	0m42.414s
user	0m0.069s
sys	0m0.084s
228
268
Generating /cluster/projects/nn8008k/lluisa/NextSIM/seas/Fmap_10days/2002_AMJ_ic0.5_dt0.0025_DT0.0100/57_W_matrix.npy

real	0m45.883s
user	0m0.083s
sys	0m0.075s
232
272
Generating /cluster/projects/nn8008k/lluisa/NextSIM/seas/Fmap_10days/2002_AMJ_ic0.5_dt0.0025_DT0.0100/58_W_matrix.npy

real	0m46.074s
user	0m0.082s
sys	0m0.075s
236
276
Generating /cluster/projects/nn8008k/lluisa/NextSIM/seas/Fmap_10days/2002_AMJ_ic0.5_dt0.0025_DT0.0100/59_W_matrix.npy

real	0m41.021s
user	0m0.068s
sys	0m0.077s
240
280
Generating /cluster/projects/nn8008k/lluisa/NextSIM/seas/Fmap_10days/2002_AMJ_ic0.5_dt0.0025_DT0.0100/60_W_matrix.npy

real	0m42.293s
user	0m0.067s
sys	0m0.084s
244
284
Generating /cluster/projects/nn8008k/lluisa/NextSIM/seas/Fmap_10days/2002_AMJ_ic0.5_dt0.0025_DT0.0100/61_W_matrix.npy

real	0m42.255s
user	0m0.068s
sys	0m0.083s
248
288
Generating /cluster/projects/nn8008k/lluisa/NextSIM/seas/Fmap_10days/2002_AMJ_ic0.5_dt0.0025_DT0.0100/62_W_matrix.npy

real	0m45.855s
user	0m0.070s
sys	0m0.082s
252
292
Generating /cluster/projects/nn8008k/lluisa/NextSIM/seas/Fmap_10days/2002_AMJ_ic0.5_dt0.0025_DT0.0100/63_W_matrix.npy

real	0m41.750s
user	0m0.066s
sys	0m0.082s
256
296
Generating /cluster/projects/nn8008k/lluisa/NextSIM/seas/Fmap_10days/2002_AMJ_ic0.5_dt0.0025_DT0.0100/64_W_matrix.npy

real	0m41.559s
user	0m0.086s
sys	0m0.072s
260
300
Generating /cluster/projects/nn8008k/lluisa/NextSIM/seas/Fmap_10days/2002_AMJ_ic0.5_dt0.0025_DT0.0100/65_W_matrix.npy

real	0m44.793s
user	0m0.072s
sys	0m0.082s
264
304
Generating /cluster/projects/nn8008k/lluisa/NextSIM/seas/Fmap_10days/2002_AMJ_ic0.5_dt0.0025_DT0.0100/66_W_matrix.npy

real	0m40.149s
user	0m0.057s
sys	0m0.094s
268
308
Generating /cluster/projects/nn8008k/lluisa/NextSIM/seas/Fmap_10days/2002_AMJ_ic0.5_dt0.0025_DT0.0100/67_W_matrix.npy

real	0m41.474s
user	0m0.067s
sys	0m0.081s
272
312
Generating /cluster/projects/nn8008k/lluisa/NextSIM/seas/Fmap_10days/2002_AMJ_ic0.5_dt0.0025_DT0.0100/68_W_matrix.npy

real	0m41.436s
user	0m0.073s
sys	0m0.085s
276
316
Generating /cluster/projects/nn8008k/lluisa/NextSIM/seas/Fmap_10days/2002_AMJ_ic0.5_dt0.0025_DT0.0100/69_W_matrix.npy

real	0m42.127s
user	0m0.071s
sys	0m0.084s
280
320
Generating /cluster/projects/nn8008k/lluisa/NextSIM/seas/Fmap_10days/2002_AMJ_ic0.5_dt0.0025_DT0.0100/70_W_matrix.npy

real	0m40.815s
user	0m0.064s
sys	0m0.089s
284
324
Generating /cluster/projects/nn8008k/lluisa/NextSIM/seas/Fmap_10days/2002_AMJ_ic0.5_dt0.0025_DT0.0100/71_W_matrix.npy

real	0m41.232s
user	0m0.079s
sys	0m0.073s
288
328
Generating /cluster/projects/nn8008k/lluisa/NextSIM/seas/Fmap_10days/2002_AMJ_ic0.5_dt0.0025_DT0.0100/72_W_matrix.npy

real	0m38.592s
user	0m0.064s
sys	0m0.082s
292
332
Generating /cluster/projects/nn8008k/lluisa/NextSIM/seas/Fmap_10days/2002_AMJ_ic0.5_dt0.0025_DT0.0100/73_W_matrix.npy

real	0m40.448s
user	0m0.073s
sys	0m0.078s
296
336
Generating /cluster/projects/nn8008k/lluisa/NextSIM/seas/Fmap_10days/2002_AMJ_ic0.5_dt0.0025_DT0.0100/74_W_matrix.npy

real	0m41.895s
user	0m0.068s
sys	0m0.079s
300
340
Generating /cluster/projects/nn8008k/lluisa/NextSIM/seas/Fmap_10days/2002_AMJ_ic0.5_dt0.0025_DT0.0100/75_W_matrix.npy

real	0m42.522s
user	0m0.065s
sys	0m0.088s
304
344
Generating /cluster/projects/nn8008k/lluisa/NextSIM/seas/Fmap_10days/2002_AMJ_ic0.5_dt0.0025_DT0.0100/76_W_matrix.npy

real	0m38.721s
user	0m0.065s
sys	0m0.088s
308
348
Generating /cluster/projects/nn8008k/lluisa/NextSIM/seas/Fmap_10days/2002_AMJ_ic0.5_dt0.0025_DT0.0100/77_W_matrix.npy

real	0m42.107s
user	0m0.070s
sys	0m0.083s
312
352
Generating /cluster/projects/nn8008k/lluisa/NextSIM/seas/Fmap_10days/2002_AMJ_ic0.5_dt0.0025_DT0.0100/78_W_matrix.npy

real	0m42.104s
user	0m0.065s
sys	0m0.086s
316
356
Generating /cluster/projects/nn8008k/lluisa/NextSIM/seas/Fmap_10days/2002_AMJ_ic0.5_dt0.0025_DT0.0100/79_W_matrix.npy

real	0m36.636s
user	0m0.070s
sys	0m0.079s
320
360
Generating /cluster/projects/nn8008k/lluisa/NextSIM/seas/Fmap_10days/2002_AMJ_ic0.5_dt0.0025_DT0.0100/80_W_matrix.npy

real	0m38.606s
user	0m0.071s
sys	0m0.083s
0
40
Generating /cluster/projects/nn8008k/lluisa/NextSIM/seas/Fmap_10days/2002_JAS_ic0.5_dt0.0025_DT0.0100/0_W_matrix.npy

real	0m37.278s
user	0m0.062s
sys	0m0.087s
4
44
Generating /cluster/projects/nn8008k/lluisa/NextSIM/seas/Fmap_10days/2002_JAS_ic0.5_dt0.0025_DT0.0100/1_W_matrix.npy

real	0m36.062s
user	0m0.069s
sys	0m0.085s
8
48
Generating /cluster/projects/nn8008k/lluisa/NextSIM/seas/Fmap_10days/2002_JAS_ic0.5_dt0.0025_DT0.0100/2_W_matrix.npy

real	0m36.753s
user	0m0.066s
sys	0m0.086s
12
52
Generating /cluster/projects/nn8008k/lluisa/NextSIM/seas/Fmap_10days/2002_JAS_ic0.5_dt0.0025_DT0.0100/3_W_matrix.npy

real	0m37.547s
user	0m0.058s
sys	0m0.086s
16
56
Generating /cluster/projects/nn8008k/lluisa/NextSIM/seas/Fmap_10days/2002_JAS_ic0.5_dt0.0025_DT0.0100/4_W_matrix.npy

real	0m35.018s
user	0m0.062s
sys	0m0.099s
20
60
Generating /cluster/projects/nn8008k/lluisa/NextSIM/seas/Fmap_10days/2002_JAS_ic0.5_dt0.0025_DT0.0100/5_W_matrix.npy

real	0m34.438s
user	0m0.070s
sys	0m0.081s
24
64
Generating /cluster/projects/nn8008k/lluisa/NextSIM/seas/Fmap_10days/2002_JAS_ic0.5_dt0.0025_DT0.0100/6_W_matrix.npy

real	0m35.729s
user	0m0.069s
sys	0m0.091s
28
68
Generating /cluster/projects/nn8008k/lluisa/NextSIM/seas/Fmap_10days/2002_JAS_ic0.5_dt0.0025_DT0.0100/7_W_matrix.npy

real	0m35.458s
user	0m0.071s
sys	0m0.082s
32
72
Generating /cluster/projects/nn8008k/lluisa/NextSIM/seas/Fmap_10days/2002_JAS_ic0.5_dt0.0025_DT0.0100/8_W_matrix.npy

real	0m31.137s
user	0m0.080s
sys	0m0.074s
36
76
Generating /cluster/projects/nn8008k/lluisa/NextSIM/seas/Fmap_10days/2002_JAS_ic0.5_dt0.0025_DT0.0100/9_W_matrix.npy

real	0m32.254s
user	0m0.069s
sys	0m0.082s
40
80
Generating /cluster/projects/nn8008k/lluisa/NextSIM/seas/Fmap_10days/2002_JAS_ic0.5_dt0.0025_DT0.0100/10_W_matrix.npy

real	0m31.758s
user	0m0.065s
sys	0m0.087s
44
84
Generating /cluster/projects/nn8008k/lluisa/NextSIM/seas/Fmap_10days/2002_JAS_ic0.5_dt0.0025_DT0.0100/11_W_matrix.npy

real	0m33.193s
user	0m0.062s
sys	0m0.087s
48
88
Generating /cluster/projects/nn8008k/lluisa/NextSIM/seas/Fmap_10days/2002_JAS_ic0.5_dt0.0025_DT0.0100/12_W_matrix.npy

real	0m32.115s
user	0m0.077s
sys	0m0.093s
52
92
Generating /cluster/projects/nn8008k/lluisa/NextSIM/seas/Fmap_10days/2002_JAS_ic0.5_dt0.0025_DT0.0100/13_W_matrix.npy

real	0m32.172s
user	0m0.067s
sys	0m0.086s
56
96
Generating /cluster/projects/nn8008k/lluisa/NextSIM/seas/Fmap_10days/2002_JAS_ic0.5_dt0.0025_DT0.0100/14_W_matrix.npy

real	0m29.903s
user	0m0.072s
sys	0m0.083s
60
100
Generating /cluster/projects/nn8008k/lluisa/NextSIM/seas/Fmap_10days/2002_JAS_ic0.5_dt0.0025_DT0.0100/15_W_matrix.npy

real	0m30.719s
user	0m0.059s
sys	0m0.093s
64
104
Generating /cluster/projects/nn8008k/lluisa/NextSIM/seas/Fmap_10days/2002_JAS_ic0.5_dt0.0025_DT0.0100/16_W_matrix.npy

real	0m30.101s
user	0m0.068s
sys	0m0.082s
68
108
Generating /cluster/projects/nn8008k/lluisa/NextSIM/seas/Fmap_10days/2002_JAS_ic0.5_dt0.0025_DT0.0100/17_W_matrix.npy

real	0m28.051s
user	0m0.067s
sys	0m0.083s
72
112
Generating /cluster/projects/nn8008k/lluisa/NextSIM/seas/Fmap_10days/2002_JAS_ic0.5_dt0.0025_DT0.0100/18_W_matrix.npy

real	0m30.884s
user	0m0.078s
sys	0m0.073s
76
116
Generating /cluster/projects/nn8008k/lluisa/NextSIM/seas/Fmap_10days/2002_JAS_ic0.5_dt0.0025_DT0.0100/19_W_matrix.npy

real	0m28.322s
user	0m0.069s
sys	0m0.083s
80
120
Generating /cluster/projects/nn8008k/lluisa/NextSIM/seas/Fmap_10days/2002_JAS_ic0.5_dt0.0025_DT0.0100/20_W_matrix.npy

real	0m27.727s
user	0m0.074s
sys	0m0.081s
84
124
Generating /cluster/projects/nn8008k/lluisa/NextSIM/seas/Fmap_10days/2002_JAS_ic0.5_dt0.0025_DT0.0100/21_W_matrix.npy

real	0m26.657s
user	0m0.078s
sys	0m0.072s
88
128
Generating /cluster/projects/nn8008k/lluisa/NextSIM/seas/Fmap_10days/2002_JAS_ic0.5_dt0.0025_DT0.0100/22_W_matrix.npy

real	0m27.441s
user	0m0.066s
sys	0m0.082s
92
132
Generating /cluster/projects/nn8008k/lluisa/NextSIM/seas/Fmap_10days/2002_JAS_ic0.5_dt0.0025_DT0.0100/23_W_matrix.npy

real	0m26.250s
user	0m0.062s
sys	0m0.092s
96
136
Generating /cluster/projects/nn8008k/lluisa/NextSIM/seas/Fmap_10days/2002_JAS_ic0.5_dt0.0025_DT0.0100/24_W_matrix.npy

real	0m25.692s
user	0m0.066s
sys	0m0.084s
100
140
Generating /cluster/projects/nn8008k/lluisa/NextSIM/seas/Fmap_10days/2002_JAS_ic0.5_dt0.0025_DT0.0100/25_W_matrix.npy

real	0m26.017s
user	0m0.067s
sys	0m0.090s
104
144
Generating /cluster/projects/nn8008k/lluisa/NextSIM/seas/Fmap_10days/2002_JAS_ic0.5_dt0.0025_DT0.0100/26_W_matrix.npy

real	0m27.013s
user	0m0.068s
sys	0m0.087s
108
148
Generating /cluster/projects/nn8008k/lluisa/NextSIM/seas/Fmap_10days/2002_JAS_ic0.5_dt0.0025_DT0.0100/27_W_matrix.npy

real	0m25.284s
user	0m0.069s
sys	0m0.089s
112
152
Generating /cluster/projects/nn8008k/lluisa/NextSIM/seas/Fmap_10days/2002_JAS_ic0.5_dt0.0025_DT0.0100/28_W_matrix.npy

real	0m24.764s
user	0m0.072s
sys	0m0.081s
116
156
Generating /cluster/projects/nn8008k/lluisa/NextSIM/seas/Fmap_10days/2002_JAS_ic0.5_dt0.0025_DT0.0100/29_W_matrix.npy

real	0m24.132s
user	0m0.068s
sys	0m0.087s
120
160
Generating /cluster/projects/nn8008k/lluisa/NextSIM/seas/Fmap_10days/2002_JAS_ic0.5_dt0.0025_DT0.0100/30_W_matrix.npy

real	0m24.313s
user	0m0.070s
sys	0m0.084s
124
164
Generating /cluster/projects/nn8008k/lluisa/NextSIM/seas/Fmap_10days/2002_JAS_ic0.5_dt0.0025_DT0.0100/31_W_matrix.npy

real	0m25.079s
user	0m0.070s
sys	0m0.079s
128
168
Generating /cluster/projects/nn8008k/lluisa/NextSIM/seas/Fmap_10days/2002_JAS_ic0.5_dt0.0025_DT0.0100/32_W_matrix.npy

real	0m23.343s
user	0m0.073s
sys	0m0.082s
132
172
Generating /cluster/projects/nn8008k/lluisa/NextSIM/seas/Fmap_10days/2002_JAS_ic0.5_dt0.0025_DT0.0100/33_W_matrix.npy

real	0m22.715s
user	0m0.071s
sys	0m0.085s
136
176
Generating /cluster/projects/nn8008k/lluisa/NextSIM/seas/Fmap_10days/2002_JAS_ic0.5_dt0.0025_DT0.0100/34_W_matrix.npy
Traceback (most recent call last):
  File "/cluster/work/users/llpui9007/ndaily_runs/similarity/W_MPI.py", line 107, in <module>
    np.save(results_directory+'/'+str(int(tmin/time_steps_per_day))+'_W_matrix.npy', W_vec)
  File "/cluster/home/llpui9007/.local/lib/python3.11/site-packages/numpy/lib/_npyio_impl.py", line 574, in save
    format.write_array(fid, arr, allow_pickle=allow_pickle,
  File "/cluster/home/llpui9007/.local/lib/python3.11/site-packages/numpy/lib/format.py", line 755, in write_array
    array.tofile(fp)
OSError: 3257628 requested and 2090992 written
srun: error: c24-8: task 0: Exited with exit code 1
srun: Terminating StepId=6229052.101
slurmstepd: error: *** STEP 6229052.101 ON c24-8 CANCELLED AT 2025-05-04T11:16:30 ***
srun: error: c24-9: tasks 33,35,37-39,41,43-55,57-61,63: Terminated
srun: error: c25-4: tasks 256-259,261-275,277,279,281-285,287: Terminated
srun: error: c25-3: tasks 224-225,227-233,235,237-248,250-251,253-255: Terminated
srun: error: c25-12: tasks 481-491,493-500,502-507,509-510: Terminated
srun: error: c25-2: tasks 193-194,196-198,200,202-204,206-223: Terminated
srun: error: c25-7: tasks 320-321,323-327,329-335,337-340,342-347,349-351: Terminated
srun: error: c24-11: tasks 96-102,104,106-108,110,112-120,122-127: Terminated
srun: error: c24-12: tasks 128-133,135-140,142-144,146,148-150,152-159: Terminated
srun: error: c24-10: tasks 64-65,67-73,75-79,81-87,89-95: Terminated
srun: error: c24-8: tasks 1,3-5,7-9,11-12,14-31: Terminated
srun: error: c25-1: tasks 160-161,163-182,184-191: Terminated
srun: error: c25-9: tasks 384-398,400-410,412-415: Terminated
srun: error: c25-11: tasks 448-459,461,463-479: Terminated
srun: error: c25-6: tasks 288-292,294-308,310-319: Terminated
srun: error: c25-10: tasks 416-424,426,428-447: Terminated
srun: error: c25-8: tasks 352-358,360-364,366-383: Terminated
srun: Force Terminated StepId=6229052.101

real	0m22.311s
user	0m0.071s
sys	0m0.081s

Job 6229052 consumed 573.2 billing hours from project nn8008k.

Submitted 2025-05-04T10:09:19; waited 1.0 seconds in the queue after becoming eligible to run.

Requested wallclock time: 16.0 hours
Elapsed wallclock time:   1.1 hours

Job failed.

Task and CPU statistics:
ID              CPUs  Tasks  CPU util                Start  Elapsed  Exit status
6229052          512            0.0 %  2025-05-04T10:09:20    1.1 h  143 (command killed by signal 15)
6229052.batch     32      1     0.0 %  2025-05-04T10:09:20    1.1 h  143 (command killed by signal 15)
6229052.python   512    512    31.7 %  2025-05-04T10:09:29    0.0 h  0
6229052.python   512    512    86.5 %  2025-05-04T10:11:37    0.0 h  0
6229052.python   512    512    90.3 %  2025-05-04T10:12:22    0.0 h  0
6229052.python   512    512    85.8 %  2025-05-04T10:13:05    0.0 h  0
6229052.python   512    512    80.4 %  2025-05-04T10:13:50    0.0 h  0
6229052.python   512    512    84.3 %  2025-05-04T10:14:38    0.0 h  0
6229052.python   512    512    91.7 %  2025-05-04T10:15:24    0.0 h  0
6229052.python   512    512    85.8 %  2025-05-04T10:16:06    0.0 h  0
6229052.python   512    512    87.5 %  2025-05-04T10:16:51    0.0 h  0
6229052.python   512    512    87.1 %  2025-05-04T10:17:35    0.0 h  0
6229052.python   512    512    87.4 %  2025-05-04T10:18:19    0.0 h  0
6229052.python   512    512    89.1 %  2025-05-04T10:19:03    0.0 h  0
6229052.python   512    512    88.6 %  2025-05-04T10:19:46    0.0 h  0
6229052.python   512    512    84.4 %  2025-05-04T10:20:29    0.0 h  0
6229052.python   512    512    86.3 %  2025-05-04T10:21:14    0.0 h  0
6229052.python   512    512    86.3 %  2025-05-04T10:21:58    0.0 h  0
6229052.python   512    512    82.8 %  2025-05-04T10:22:42    0.0 h  0
6229052.python   512    512    90.3 %  2025-05-04T10:23:28    0.0 h  0
6229052.python   512    512    89.9 %  2025-05-04T10:24:10    0.0 h  0
6229052.python   512    512    87.8 %  2025-05-04T10:24:52    0.0 h  0
6229052.python   512    512    87.6 %  2025-05-04T10:25:35    0.0 h  0
6229052.python   512    512    89.5 %  2025-05-04T10:26:18    0.0 h  0
6229052.python   512    512    80.6 %  2025-05-04T10:27:00    0.0 h  0
6229052.python   512    512    86.2 %  2025-05-04T10:27:47    0.0 h  0
6229052.python   512    512    85.9 %  2025-05-04T10:28:31    0.0 h  0
6229052.python   512    512    85.4 %  2025-05-04T10:29:15    0.0 h  0
6229052.python   512    512    87.9 %  2025-05-04T10:29:59    0.0 h  0
6229052.python   512    512    86.0 %  2025-05-04T10:30:42    0.0 h  0
6229052.python   512    512    89.3 %  2025-05-04T10:31:26    0.0 h  0
6229052.python   512    512    87.5 %  2025-05-04T10:32:08    0.0 h  0
6229052.python   512    512    83.7 %  2025-05-04T10:32:51    0.0 h  0
6229052.python   512    512    85.0 %  2025-05-04T10:33:36    0.0 h  0
6229052.python   512    512    85.5 %  2025-05-04T10:34:20    0.0 h  0
6229052.python   512    512    84.1 %  2025-05-04T10:35:04    0.0 h  0
6229052.python   512    512    63.4 %  2025-05-04T10:35:49    0.0 h  0
6229052.python   512    512    88.9 %  2025-05-04T10:36:49    0.0 h  0
6229052.python   512    512    86.3 %  2025-05-04T10:37:31    0.0 h  0
6229052.python   512    512    79.4 %  2025-05-04T10:38:14    0.0 h  0
6229052.python   512    512    84.2 %  2025-05-04T10:39:01    0.0 h  0
6229052.python   512    512    85.8 %  2025-05-04T10:39:45    0.0 h  0
6229052.python   512    512    90.0 %  2025-05-04T10:40:28    0.0 h  0
6229052.python   512    512    89.6 %  2025-05-04T10:41:09    0.0 h  0
6229052.python   512    512    87.5 %  2025-05-04T10:41:50    0.0 h  0
6229052.python   512    512    80.2 %  2025-05-04T10:42:32    0.0 h  0
6229052.python   512    512    80.6 %  2025-05-04T10:43:18    0.0 h  0
6229052.python   512    512    89.5 %  2025-05-04T10:44:04    0.0 h  0
6229052.python   512    512    87.7 %  2025-05-04T10:44:45    0.0 h  0
6229052.python   512    512    85.7 %  2025-05-04T10:45:27    0.0 h  0
6229052.python   512    512    79.7 %  2025-05-04T10:46:10    0.0 h  0
6229052.python   512    512    88.7 %  2025-05-04T10:46:56    0.0 h  0
6229052.python   512    512    85.9 %  2025-05-04T10:47:37    0.0 h  0
6229052.python   512    512    80.0 %  2025-05-04T10:48:19    0.0 h  0
6229052.python   512    512    89.0 %  2025-05-04T10:49:04    0.0 h  0
6229052.python   512    512    86.6 %  2025-05-04T10:49:44    0.0 h  0
6229052.python   512    512    84.7 %  2025-05-04T10:50:25    0.0 h  0
6229052.python   512    512    84.8 %  2025-05-04T10:51:07    0.0 h  0
6229052.python   512    512    85.6 %  2025-05-04T10:51:49    0.0 h  0
6229052.python   512    512    84.4 %  2025-05-04T10:52:30    0.0 h  0
6229052.python   512    512    90.9 %  2025-05-04T10:53:11    0.0 h  0
6229052.python   512    512    84.1 %  2025-05-04T10:53:49    0.0 h  0
6229052.python   512    512    80.8 %  2025-05-04T10:54:30    0.0 h  0
6229052.python   512    512    80.7 %  2025-05-04T10:55:12    0.0 h  0
6229052.python   512    512    86.0 %  2025-05-04T10:55:54    0.0 h  0
6229052.python   512    512    80.1 %  2025-05-04T10:56:33    0.0 h  0
6229052.python   512    512    79.3 %  2025-05-04T10:57:15    0.0 h  0
6229052.python   512    512    89.0 %  2025-05-04T10:57:57    0.0 h  0
6229052.python   512    512    85.3 %  2025-05-04T10:58:34    0.0 h  0
6229052.python   512    512    85.0 %  2025-05-04T10:59:13    0.0 h  0
6229052.python   512    512    86.2 %  2025-05-04T10:59:50    0.0 h  0
6229052.python   512    512    83.0 %  2025-05-04T11:00:26    0.0 h  0
6229052.python   512    512    82.4 %  2025-05-04T11:01:03    0.0 h  0
6229052.python   512    512    86.1 %  2025-05-04T11:01:40    0.0 h  0
6229052.python   512    512    84.6 %  2025-05-04T11:02:15    0.0 h  0
6229052.python   512    512    82.7 %  2025-05-04T11:02:50    0.0 h  0
6229052.python   512    512    79.2 %  2025-05-04T11:03:25    0.0 h  0
6229052.python   512    512    90.2 %  2025-05-04T11:04:01    0.0 h  0
6229052.python   512    512    87.4 %  2025-05-04T11:04:32    0.0 h  0
6229052.python   512    512    87.0 %  2025-05-04T11:05:04    0.0 h  0
6229052.python   512    512    83.3 %  2025-05-04T11:05:36    0.0 h  0
6229052.python   512    512    84.4 %  2025-05-04T11:06:09    0.0 h  0
6229052.python   512    512    82.9 %  2025-05-04T11:06:41    0.0 h  0
6229052.python   512    512    86.9 %  2025-05-04T11:07:13    0.0 h  0
6229052.python   512    512    83.0 %  2025-05-04T11:07:43    0.0 h  0
6229052.python   512    512    84.7 %  2025-05-04T11:08:14    0.0 h  0
6229052.python   512    512    89.3 %  2025-05-04T11:08:44    0.0 h  0
6229052.python   512    512    79.4 %  2025-05-04T11:09:12    0.0 h  0
6229052.python   512    512    87.3 %  2025-05-04T11:09:43    0.0 h  0
6229052.python   512    512    85.8 %  2025-05-04T11:10:11    0.0 h  0
6229052.python   512    512    86.7 %  2025-05-04T11:10:39    0.0 h  0
6229052.python   512    512    86.0 %  2025-05-04T11:11:06    0.0 h  0
6229052.python   512    512    84.6 %  2025-05-04T11:11:33    0.0 h  0
6229052.python   512    512    89.5 %  2025-05-04T11:12:00    0.0 h  0
6229052.python   512    512    85.4 %  2025-05-04T11:12:25    0.0 h  0
6229052.python   512    512    80.1 %  2025-05-04T11:12:51    0.0 h  0
6229052.python   512    512    81.8 %  2025-05-04T11:13:18    0.0 h  0
6229052.python   512    512    87.2 %  2025-05-04T11:13:44    0.0 h  0
6229052.python   512    512    85.5 %  2025-05-04T11:14:08    0.0 h  0
6229052.python   512    512    81.1 %  2025-05-04T11:14:32    0.0 h  0
6229052.python   512    512    79.3 %  2025-05-04T11:14:57    0.0 h  0
6229052.python   512    512    84.9 %  2025-05-04T11:15:22    0.0 h  0
6229052.python   512    512    82.9 %  2025-05-04T11:15:45    0.0 h  0
6229052.python   512    512    86.7 %  2025-05-04T11:16:08    0.0 h  Signal 15

Used CPU time:   19.9 CPU days
Unused CPU time: 4.0 CPU days

Memory statistics, in GiB:
ID               Alloc   Usage
6229052          944.0        
6229052.batch     59.0     0.0
6229052.python   944.0   302.2
6229052.python   944.0   298.6
6229052.python   944.0   299.1
6229052.python   944.0   298.3
6229052.python   944.0   297.9
6229052.python   944.0   298.6
6229052.python   944.0   298.1
6229052.python   944.0   298.2
6229052.python   944.0   297.8
6229052.python   944.0   297.4
6229052.python   944.0   297.7
6229052.python   944.0   297.5
6229052.python   944.0   296.8
6229052.python   944.0   296.2
6229052.python   944.0   296.4
6229052.python   944.0   296.3
6229052.python   944.0   296.2
6229052.python   944.0   296.3
6229052.python   944.0   295.8
6229052.python   944.0   295.6
6229052.python   944.0   294.9
6229052.python   944.0   295.2
6229052.python   944.0   295.6
6229052.python   944.0   296.0
6229052.python   944.0   295.6
6229052.python   944.0   294.9
6229052.python   944.0   295.6
6229052.python   944.0   295.8
6229052.python   944.0   294.9
6229052.python   944.0   295.1
6229052.python   944.0   295.0
6229052.python   944.0   294.3
6229052.python   944.0   295.2
6229052.python   944.0   295.7
6229052.python   944.0   295.0
6229052.python   944.0   294.2
6229052.python   944.0   293.4
6229052.python   944.0   293.8
6229052.python   944.0   293.1
6229052.python   944.0   292.7
6229052.python   944.0   292.9
6229052.python   944.0   292.4
6229052.python   944.0   292.2
6229052.python   944.0   292.3
6229052.python   944.0   292.9
6229052.python   944.0   292.3
6229052.python   944.0   292.4
6229052.python   944.0   292.5
6229052.python   944.0   291.4
6229052.python   944.0   290.9
6229052.python   944.0   289.8
6229052.python   944.0   289.5
6229052.python   944.0   288.5
6229052.python   944.0   288.0
6229052.python   944.0   288.0
6229052.python   944.0   288.2
6229052.python   944.0   286.6
6229052.python   944.0   285.0
6229052.python   944.0   284.9
6229052.python   944.0   284.3
6229052.python   944.0   282.5
6229052.python   944.0   282.3
6229052.python   944.0   281.3
6229052.python   944.0   281.3
6229052.python   944.0   280.2
6229052.python   944.0   279.4
6229052.python   944.0   280.5
6229052.python   944.0   274.1
6229052.python   944.0   272.6
6229052.python   944.0   271.3
6229052.python   944.0   270.5
6229052.python   944.0   269.6
6229052.python   944.0   252.0
6229052.python   944.0   144.3
6229052.python   944.0   129.6
6229052.python   944.0   127.0
6229052.python   944.0   126.9
6229052.python   944.0   126.6
6229052.python   944.0   126.9
6229052.python   944.0   126.6
6229052.python   944.0   126.7
6229052.python   944.0    84.5
6229052.python   944.0   123.8
6229052.python   944.0    83.2
6229052.python   944.0    84.7
6229052.python   944.0   126.1
6229052.python   944.0    83.7
6229052.python   944.0    83.4
6229052.python   944.0    85.8
6229052.python   944.0    84.8
6229052.python   944.0    84.5
6229052.python   944.0    85.4
6229052.python   944.0    84.6
6229052.python   944.0    84.0
6229052.python   944.0    84.8
6229052.python   944.0    84.3
6229052.python   944.0    85.2
6229052.python   944.0    85.9
6229052.python   944.0    82.7
6229052.python   944.0    83.6
6229052.python   944.0    83.5
6229052.python   944.0    84.7

Job 6229052 completed at Sun May 4 11:16:31 CEST 2025
