Starting job 6228846 on c68-[1-12],c69-[1-4] on fram at Sat May 3 00:46:12 CEST 2025


Currently Loaded Modules:
  1) StdEnv (S)

  Where:
   S:  Module is Sticky, requires --force to unload or purge

 


The following have been reloaded with a version change:
  1) GCCcore/13.3.0 => GCCcore/13.2.0
  2) OpenSSL/3 => OpenSSL/1.1
  3) Python/3.12.3-GCCcore-13.3.0 => Python/3.11.5-GCCcore-13.2.0
  4) SQLite/3.45.3-GCCcore-13.3.0 => SQLite/3.43.1-GCCcore-13.2.0
  5) Tcl/8.6.14-GCCcore-13.3.0 => Tcl/8.6.13-GCCcore-13.2.0
  6) XZ/5.4.5-GCCcore-13.3.0 => XZ/5.4.4-GCCcore-13.2.0
  7) binutils/2.42-GCCcore-13.3.0 => binutils/2.40-GCCcore-13.2.0
  8) bzip2/1.0.8-GCCcore-13.3.0 => bzip2/1.0.8-GCCcore-13.2.0
  9) libffi/3.4.5-GCCcore-13.3.0 => libffi/3.4.4-GCCcore-13.2.0
 10) libreadline/8.2-GCCcore-13.3.0 => libreadline/8.2-GCCcore-13.2.0
 11) ncurses/6.5-GCCcore-13.3.0 => ncurses/6.4-GCCcore-13.2.0
 12) zlib/1.3.1-GCCcore-13.3.0 => zlib/1.2.13-GCCcore-13.2.0

0
40
Generating /cluster/projects/nn8008k/lluisa/NextSIM/seas/Fmap_10days/2008_AMJ_ic0.5_dt0.0025_DT0.0100/0_W_matrix.npy

real	1m12.366s
user	0m0.077s
sys	0m0.086s
4
44
Generating /cluster/projects/nn8008k/lluisa/NextSIM/seas/Fmap_10days/2008_AMJ_ic0.5_dt0.0025_DT0.0100/1_W_matrix.npy

real	0m45.237s
user	0m0.063s
sys	0m0.095s
8
48
Generating /cluster/projects/nn8008k/lluisa/NextSIM/seas/Fmap_10days/2008_AMJ_ic0.5_dt0.0025_DT0.0100/2_W_matrix.npy

real	0m48.421s
user	0m0.054s
sys	0m0.097s
12
52
Generating /cluster/projects/nn8008k/lluisa/NextSIM/seas/Fmap_10days/2008_AMJ_ic0.5_dt0.0025_DT0.0100/3_W_matrix.npy

real	0m44.914s
user	0m0.067s
sys	0m0.089s
16
56
Generating /cluster/projects/nn8008k/lluisa/NextSIM/seas/Fmap_10days/2008_AMJ_ic0.5_dt0.0025_DT0.0100/4_W_matrix.npy

real	0m43.967s
user	0m0.073s
sys	0m0.084s
20
60
Generating /cluster/projects/nn8008k/lluisa/NextSIM/seas/Fmap_10days/2008_AMJ_ic0.5_dt0.0025_DT0.0100/5_W_matrix.npy

real	0m44.062s
user	0m0.069s
sys	0m0.083s
24
64
Generating /cluster/projects/nn8008k/lluisa/NextSIM/seas/Fmap_10days/2008_AMJ_ic0.5_dt0.0025_DT0.0100/6_W_matrix.npy

real	0m43.622s
user	0m0.079s
sys	0m0.068s
28
68
Generating /cluster/projects/nn8008k/lluisa/NextSIM/seas/Fmap_10days/2008_AMJ_ic0.5_dt0.0025_DT0.0100/7_W_matrix.npy

real	0m43.228s
user	0m0.072s
sys	0m0.075s
32
72
Generating /cluster/projects/nn8008k/lluisa/NextSIM/seas/Fmap_10days/2008_AMJ_ic0.5_dt0.0025_DT0.0100/8_W_matrix.npy

real	0m45.686s
user	0m0.066s
sys	0m0.085s
36
76
Generating /cluster/projects/nn8008k/lluisa/NextSIM/seas/Fmap_10days/2008_AMJ_ic0.5_dt0.0025_DT0.0100/9_W_matrix.npy

real	0m45.784s
user	0m0.075s
sys	0m0.075s
40
80
Generating /cluster/projects/nn8008k/lluisa/NextSIM/seas/Fmap_10days/2008_AMJ_ic0.5_dt0.0025_DT0.0100/10_W_matrix.npy

real	0m45.987s
user	0m0.063s
sys	0m0.091s
44
84
Generating /cluster/projects/nn8008k/lluisa/NextSIM/seas/Fmap_10days/2008_AMJ_ic0.5_dt0.0025_DT0.0100/11_W_matrix.npy

real	0m44.386s
user	0m0.071s
sys	0m0.088s
48
88
Generating /cluster/projects/nn8008k/lluisa/NextSIM/seas/Fmap_10days/2008_AMJ_ic0.5_dt0.0025_DT0.0100/12_W_matrix.npy

real	0m49.786s
user	0m0.069s
sys	0m0.080s
52
92
Generating /cluster/projects/nn8008k/lluisa/NextSIM/seas/Fmap_10days/2008_AMJ_ic0.5_dt0.0025_DT0.0100/13_W_matrix.npy

real	0m45.026s
user	0m0.067s
sys	0m0.076s
56
96
Generating /cluster/projects/nn8008k/lluisa/NextSIM/seas/Fmap_10days/2008_AMJ_ic0.5_dt0.0025_DT0.0100/14_W_matrix.npy

real	0m48.723s
user	0m0.062s
sys	0m0.090s
60
100
Generating /cluster/projects/nn8008k/lluisa/NextSIM/seas/Fmap_10days/2008_AMJ_ic0.5_dt0.0025_DT0.0100/15_W_matrix.npy
srun: Job step aborted: Waiting up to 32 seconds for job step to finish.
slurmstepd: error: *** JOB 6228846 ON c68-1 CANCELLED AT 2025-05-03T00:58:12 ***
slurmstepd: error: *** STEP 6228846.15 ON c68-1 CANCELLED AT 2025-05-03T00:58:12 ***

Job 6228846 consumed 102.4 billing hours from project nn8008k.

Submitted 2025-05-03T00:46:03; waited 9.0 seconds in the queue after becoming eligible to run.

Requested wallclock time: 3.0 days
Elapsed wallclock time:   12.0 minutes

Job was cancelled.

Task and CPU statistics:
ID              CPUs  Tasks  CPU util                Start  Elapsed  Exit status
6228846          512            0.0 %  2025-05-03T00:46:12  720.0 s  0
6228846.batch     32      1     0.0 %  2025-05-03T00:46:12  721.0 s  Signal 15
6228846.python   512    512    54.3 %  2025-05-03T00:46:14   73.0 s  0
6228846.python   512    512    85.9 %  2025-05-03T00:47:27   45.0 s  0
6228846.python   512    512    80.3 %  2025-05-03T00:48:12   48.0 s  0
6228846.python   512    512    85.9 %  2025-05-03T00:49:00   45.0 s  0
6228846.python   512    512    88.1 %  2025-05-03T00:49:45   44.0 s  0
6228846.python   512    512    88.1 %  2025-05-03T00:50:29   44.0 s  0
6228846.python   512    512    88.5 %  2025-05-03T00:51:13   44.0 s  0
6228846.python   512    512    90.7 %  2025-05-03T00:51:57   43.0 s  0
6228846.python   512    512    84.8 %  2025-05-03T00:52:40   46.0 s  0
6228846.python   512    512    85.1 %  2025-05-03T00:53:26   46.0 s  0
6228846.python   512    512    84.4 %  2025-05-03T00:54:12   46.0 s  0
6228846.python   512    512    88.0 %  2025-05-03T00:54:58   44.0 s  0
6228846.python   512    512    77.5 %  2025-05-03T00:55:42   50.0 s  0
6228846.python   512    512    85.7 %  2025-05-03T00:56:32   45.0 s  0
6228846.python   512    512    79.3 %  2025-05-03T00:57:17   49.0 s  0
6228846.python   512    512    43.4 %  2025-05-03T00:58:06   11.0 s  Signal 15

Used CPU time:   3.5 CPU days
Unused CPU time: 18.8 CPU hours

Memory statistics, in GiB:
ID               Alloc   Usage
6228846          944.0        
6228846.batch     59.0     0.0
6228846.python   944.0   301.1
6228846.python   944.0   297.9
6228846.python   944.0   297.6
6228846.python   944.0   298.5
6228846.python   944.0   298.9
6228846.python   944.0   299.0
6228846.python   944.0   299.7
6228846.python   944.0   299.9
6228846.python   944.0   299.7
6228846.python   944.0   299.9
6228846.python   944.0   298.9
6228846.python   944.0   298.8
6228846.python   944.0   298.4
6228846.python   944.0   298.2
6228846.python   944.0   298.5
6228846.python   944.0     6.7

Job 6228846 completed at Sat May 3 00:58:19 CEST 2025
Starting job 6229058 on c35-[1-12],c36-[1-4] on fram at Sun May 4 10:09:24 CEST 2025


Currently Loaded Modules:
  1) StdEnv (S)

  Where:
   S:  Module is Sticky, requires --force to unload or purge

 


The following have been reloaded with a version change:
  1) GCCcore/13.3.0 => GCCcore/13.2.0
  2) OpenSSL/3 => OpenSSL/1.1
  3) Python/3.12.3-GCCcore-13.3.0 => Python/3.11.5-GCCcore-13.2.0
  4) SQLite/3.45.3-GCCcore-13.3.0 => SQLite/3.43.1-GCCcore-13.2.0
  5) Tcl/8.6.14-GCCcore-13.3.0 => Tcl/8.6.13-GCCcore-13.2.0
  6) XZ/5.4.5-GCCcore-13.3.0 => XZ/5.4.4-GCCcore-13.2.0
  7) binutils/2.42-GCCcore-13.3.0 => binutils/2.40-GCCcore-13.2.0
  8) bzip2/1.0.8-GCCcore-13.3.0 => bzip2/1.0.8-GCCcore-13.2.0
  9) libffi/3.4.5-GCCcore-13.3.0 => libffi/3.4.4-GCCcore-13.2.0
 10) libreadline/8.2-GCCcore-13.3.0 => libreadline/8.2-GCCcore-13.2.0
 11) ncurses/6.5-GCCcore-13.3.0 => ncurses/6.4-GCCcore-13.2.0
 12) zlib/1.3.1-GCCcore-13.3.0 => zlib/1.2.13-GCCcore-13.2.0

0
40
File /cluster/projects/nn8008k/lluisa/NextSIM/seas/Fmap_10days/2008_AMJ_ic0.5_dt0.0025_DT0.0100/0_W_matrix.npy allready exist. Skipping...
4
44
File /cluster/projects/nn8008k/lluisa/NextSIM/seas/Fmap_10days/2008_AMJ_ic0.5_dt0.0025_DT0.0100/1_W_matrix.npy allready exist. Skipping...
8
48
File /cluster/projects/nn8008k/lluisa/NextSIM/seas/Fmap_10days/2008_AMJ_ic0.5_dt0.0025_DT0.0100/2_W_matrix.npy allready exist. Skipping...
12
52
File /cluster/projects/nn8008k/lluisa/NextSIM/seas/Fmap_10days/2008_AMJ_ic0.5_dt0.0025_DT0.0100/3_W_matrix.npy allready exist. Skipping...
16
56
File /cluster/projects/nn8008k/lluisa/NextSIM/seas/Fmap_10days/2008_AMJ_ic0.5_dt0.0025_DT0.0100/4_W_matrix.npy allready exist. Skipping...
20
60
File /cluster/projects/nn8008k/lluisa/NextSIM/seas/Fmap_10days/2008_AMJ_ic0.5_dt0.0025_DT0.0100/5_W_matrix.npy allready exist. Skipping...
24
64
File /cluster/projects/nn8008k/lluisa/NextSIM/seas/Fmap_10days/2008_AMJ_ic0.5_dt0.0025_DT0.0100/6_W_matrix.npy allready exist. Skipping...
28
68
File /cluster/projects/nn8008k/lluisa/NextSIM/seas/Fmap_10days/2008_AMJ_ic0.5_dt0.0025_DT0.0100/7_W_matrix.npy allready exist. Skipping...
32
72
File /cluster/projects/nn8008k/lluisa/NextSIM/seas/Fmap_10days/2008_AMJ_ic0.5_dt0.0025_DT0.0100/8_W_matrix.npy allready exist. Skipping...
36
76
File /cluster/projects/nn8008k/lluisa/NextSIM/seas/Fmap_10days/2008_AMJ_ic0.5_dt0.0025_DT0.0100/9_W_matrix.npy allready exist. Skipping...
40
80
File /cluster/projects/nn8008k/lluisa/NextSIM/seas/Fmap_10days/2008_AMJ_ic0.5_dt0.0025_DT0.0100/10_W_matrix.npy allready exist. Skipping...
44
84
File /cluster/projects/nn8008k/lluisa/NextSIM/seas/Fmap_10days/2008_AMJ_ic0.5_dt0.0025_DT0.0100/11_W_matrix.npy allready exist. Skipping...
48
88
File /cluster/projects/nn8008k/lluisa/NextSIM/seas/Fmap_10days/2008_AMJ_ic0.5_dt0.0025_DT0.0100/12_W_matrix.npy allready exist. Skipping...
52
92
File /cluster/projects/nn8008k/lluisa/NextSIM/seas/Fmap_10days/2008_AMJ_ic0.5_dt0.0025_DT0.0100/13_W_matrix.npy allready exist. Skipping...
56
96
File /cluster/projects/nn8008k/lluisa/NextSIM/seas/Fmap_10days/2008_AMJ_ic0.5_dt0.0025_DT0.0100/14_W_matrix.npy allready exist. Skipping...
60
100
Generating /cluster/projects/nn8008k/lluisa/NextSIM/seas/Fmap_10days/2008_AMJ_ic0.5_dt0.0025_DT0.0100/15_W_matrix.npy

real	2m16.594s
user	0m0.065s
sys	0m0.095s
64
104
Generating /cluster/projects/nn8008k/lluisa/NextSIM/seas/Fmap_10days/2008_AMJ_ic0.5_dt0.0025_DT0.0100/16_W_matrix.npy

real	0m42.547s
user	0m0.073s
sys	0m0.079s
68
108
Generating /cluster/projects/nn8008k/lluisa/NextSIM/seas/Fmap_10days/2008_AMJ_ic0.5_dt0.0025_DT0.0100/17_W_matrix.npy

real	0m42.518s
user	0m0.070s
sys	0m0.082s
72
112
Generating /cluster/projects/nn8008k/lluisa/NextSIM/seas/Fmap_10days/2008_AMJ_ic0.5_dt0.0025_DT0.0100/18_W_matrix.npy

real	0m42.483s
user	0m0.072s
sys	0m0.080s
76
116
Generating /cluster/projects/nn8008k/lluisa/NextSIM/seas/Fmap_10days/2008_AMJ_ic0.5_dt0.0025_DT0.0100/19_W_matrix.npy

real	0m43.705s
user	0m0.072s
sys	0m0.085s
80
120
Generating /cluster/projects/nn8008k/lluisa/NextSIM/seas/Fmap_10days/2008_AMJ_ic0.5_dt0.0025_DT0.0100/20_W_matrix.npy

real	0m43.593s
user	0m0.061s
sys	0m0.091s
84
124
Generating /cluster/projects/nn8008k/lluisa/NextSIM/seas/Fmap_10days/2008_AMJ_ic0.5_dt0.0025_DT0.0100/21_W_matrix.npy

real	0m47.807s
user	0m0.071s
sys	0m0.083s
88
128
Generating /cluster/projects/nn8008k/lluisa/NextSIM/seas/Fmap_10days/2008_AMJ_ic0.5_dt0.0025_DT0.0100/22_W_matrix.npy

real	0m42.672s
user	0m0.068s
sys	0m0.085s
92
132
Generating /cluster/projects/nn8008k/lluisa/NextSIM/seas/Fmap_10days/2008_AMJ_ic0.5_dt0.0025_DT0.0100/23_W_matrix.npy

real	0m44.477s
user	0m0.055s
sys	0m0.099s
96
136
Generating /cluster/projects/nn8008k/lluisa/NextSIM/seas/Fmap_10days/2008_AMJ_ic0.5_dt0.0025_DT0.0100/24_W_matrix.npy

real	0m44.711s
user	0m0.059s
sys	0m0.089s
100
140
Generating /cluster/projects/nn8008k/lluisa/NextSIM/seas/Fmap_10days/2008_AMJ_ic0.5_dt0.0025_DT0.0100/25_W_matrix.npy

real	0m43.281s
user	0m0.071s
sys	0m0.082s
104
144
Generating /cluster/projects/nn8008k/lluisa/NextSIM/seas/Fmap_10days/2008_AMJ_ic0.5_dt0.0025_DT0.0100/26_W_matrix.npy

real	0m42.168s
user	0m0.070s
sys	0m0.084s
108
148
Generating /cluster/projects/nn8008k/lluisa/NextSIM/seas/Fmap_10days/2008_AMJ_ic0.5_dt0.0025_DT0.0100/27_W_matrix.npy

real	0m44.752s
user	0m0.078s
sys	0m0.075s
112
152
Generating /cluster/projects/nn8008k/lluisa/NextSIM/seas/Fmap_10days/2008_AMJ_ic0.5_dt0.0025_DT0.0100/28_W_matrix.npy

real	0m46.524s
user	0m0.066s
sys	0m0.086s
116
156
Generating /cluster/projects/nn8008k/lluisa/NextSIM/seas/Fmap_10days/2008_AMJ_ic0.5_dt0.0025_DT0.0100/29_W_matrix.npy

real	0m42.526s
user	0m0.069s
sys	0m0.081s
120
160
Generating /cluster/projects/nn8008k/lluisa/NextSIM/seas/Fmap_10days/2008_AMJ_ic0.5_dt0.0025_DT0.0100/30_W_matrix.npy

real	0m42.883s
user	0m0.063s
sys	0m0.091s
124
164
Generating /cluster/projects/nn8008k/lluisa/NextSIM/seas/Fmap_10days/2008_AMJ_ic0.5_dt0.0025_DT0.0100/31_W_matrix.npy

real	0m42.292s
user	0m0.072s
sys	0m0.085s
128
168
Generating /cluster/projects/nn8008k/lluisa/NextSIM/seas/Fmap_10days/2008_AMJ_ic0.5_dt0.0025_DT0.0100/32_W_matrix.npy

real	0m48.140s
user	0m0.083s
sys	0m0.072s
132
172
Generating /cluster/projects/nn8008k/lluisa/NextSIM/seas/Fmap_10days/2008_AMJ_ic0.5_dt0.0025_DT0.0100/33_W_matrix.npy

real	0m42.527s
user	0m0.072s
sys	0m0.081s
136
176
Generating /cluster/projects/nn8008k/lluisa/NextSIM/seas/Fmap_10days/2008_AMJ_ic0.5_dt0.0025_DT0.0100/34_W_matrix.npy

real	0m44.458s
user	0m0.063s
sys	0m0.093s
140
180
Generating /cluster/projects/nn8008k/lluisa/NextSIM/seas/Fmap_10days/2008_AMJ_ic0.5_dt0.0025_DT0.0100/35_W_matrix.npy

real	0m43.328s
user	0m0.074s
sys	0m0.082s
144
184
Generating /cluster/projects/nn8008k/lluisa/NextSIM/seas/Fmap_10days/2008_AMJ_ic0.5_dt0.0025_DT0.0100/36_W_matrix.npy

real	0m44.749s
user	0m0.071s
sys	0m0.083s
148
188
Generating /cluster/projects/nn8008k/lluisa/NextSIM/seas/Fmap_10days/2008_AMJ_ic0.5_dt0.0025_DT0.0100/37_W_matrix.npy

real	0m43.895s
user	0m0.060s
sys	0m0.097s
152
192
Generating /cluster/projects/nn8008k/lluisa/NextSIM/seas/Fmap_10days/2008_AMJ_ic0.5_dt0.0025_DT0.0100/38_W_matrix.npy

real	0m44.882s
user	0m0.064s
sys	0m0.092s
156
196
Generating /cluster/projects/nn8008k/lluisa/NextSIM/seas/Fmap_10days/2008_AMJ_ic0.5_dt0.0025_DT0.0100/39_W_matrix.npy

real	0m42.922s
user	0m0.060s
sys	0m0.094s
160
200
Generating /cluster/projects/nn8008k/lluisa/NextSIM/seas/Fmap_10days/2008_AMJ_ic0.5_dt0.0025_DT0.0100/40_W_matrix.npy

real	0m41.867s
user	0m0.066s
sys	0m0.082s
164
204
Generating /cluster/projects/nn8008k/lluisa/NextSIM/seas/Fmap_10days/2008_AMJ_ic0.5_dt0.0025_DT0.0100/41_W_matrix.npy

real	0m42.605s
user	0m0.068s
sys	0m0.084s
168
208
Generating /cluster/projects/nn8008k/lluisa/NextSIM/seas/Fmap_10days/2008_AMJ_ic0.5_dt0.0025_DT0.0100/42_W_matrix.npy

real	0m41.726s
user	0m0.073s
sys	0m0.076s
172
212
Generating /cluster/projects/nn8008k/lluisa/NextSIM/seas/Fmap_10days/2008_AMJ_ic0.5_dt0.0025_DT0.0100/43_W_matrix.npy

real	0m45.175s
user	0m0.061s
sys	0m0.090s
176
216
Generating /cluster/projects/nn8008k/lluisa/NextSIM/seas/Fmap_10days/2008_AMJ_ic0.5_dt0.0025_DT0.0100/44_W_matrix.npy

real	0m42.807s
user	0m0.068s
sys	0m0.088s
180
220
Generating /cluster/projects/nn8008k/lluisa/NextSIM/seas/Fmap_10days/2008_AMJ_ic0.5_dt0.0025_DT0.0100/45_W_matrix.npy

real	0m43.132s
user	0m0.066s
sys	0m0.092s
184
224
Generating /cluster/projects/nn8008k/lluisa/NextSIM/seas/Fmap_10days/2008_AMJ_ic0.5_dt0.0025_DT0.0100/46_W_matrix.npy

real	0m44.777s
user	0m0.076s
sys	0m0.079s
188
228
Generating /cluster/projects/nn8008k/lluisa/NextSIM/seas/Fmap_10days/2008_AMJ_ic0.5_dt0.0025_DT0.0100/47_W_matrix.npy

real	0m41.731s
user	0m0.086s
sys	0m0.070s
192
232
Generating /cluster/projects/nn8008k/lluisa/NextSIM/seas/Fmap_10days/2008_AMJ_ic0.5_dt0.0025_DT0.0100/48_W_matrix.npy

real	0m44.744s
user	0m0.069s
sys	0m0.089s
196
236
Generating /cluster/projects/nn8008k/lluisa/NextSIM/seas/Fmap_10days/2008_AMJ_ic0.5_dt0.0025_DT0.0100/49_W_matrix.npy

real	0m40.945s
user	0m0.070s
sys	0m0.082s
200
240
Generating /cluster/projects/nn8008k/lluisa/NextSIM/seas/Fmap_10days/2008_AMJ_ic0.5_dt0.0025_DT0.0100/50_W_matrix.npy

real	0m42.317s
user	0m0.062s
sys	0m0.089s
204
244
Generating /cluster/projects/nn8008k/lluisa/NextSIM/seas/Fmap_10days/2008_AMJ_ic0.5_dt0.0025_DT0.0100/51_W_matrix.npy

real	0m45.985s
user	0m0.060s
sys	0m0.094s
208
248
Generating /cluster/projects/nn8008k/lluisa/NextSIM/seas/Fmap_10days/2008_AMJ_ic0.5_dt0.0025_DT0.0100/52_W_matrix.npy

real	0m45.747s
user	0m0.069s
sys	0m0.080s
212
252
Generating /cluster/projects/nn8008k/lluisa/NextSIM/seas/Fmap_10days/2008_AMJ_ic0.5_dt0.0025_DT0.0100/53_W_matrix.npy

real	0m41.327s
user	0m0.064s
sys	0m0.089s
216
256
Generating /cluster/projects/nn8008k/lluisa/NextSIM/seas/Fmap_10days/2008_AMJ_ic0.5_dt0.0025_DT0.0100/54_W_matrix.npy

real	0m45.330s
user	0m0.076s
sys	0m0.083s
220
260
Generating /cluster/projects/nn8008k/lluisa/NextSIM/seas/Fmap_10days/2008_AMJ_ic0.5_dt0.0025_DT0.0100/55_W_matrix.npy

real	0m45.273s
user	0m0.057s
sys	0m0.093s
224
264
Generating /cluster/projects/nn8008k/lluisa/NextSIM/seas/Fmap_10days/2008_AMJ_ic0.5_dt0.0025_DT0.0100/56_W_matrix.npy

real	0m41.137s
user	0m0.084s
sys	0m0.069s
228
268
Generating /cluster/projects/nn8008k/lluisa/NextSIM/seas/Fmap_10days/2008_AMJ_ic0.5_dt0.0025_DT0.0100/57_W_matrix.npy

real	0m45.885s
user	0m0.062s
sys	0m0.084s
232
272
Generating /cluster/projects/nn8008k/lluisa/NextSIM/seas/Fmap_10days/2008_AMJ_ic0.5_dt0.0025_DT0.0100/58_W_matrix.npy

real	0m40.742s
user	0m0.075s
sys	0m0.079s
236
276
Generating /cluster/projects/nn8008k/lluisa/NextSIM/seas/Fmap_10days/2008_AMJ_ic0.5_dt0.0025_DT0.0100/59_W_matrix.npy

real	0m41.730s
user	0m0.071s
sys	0m0.087s
240
280
Generating /cluster/projects/nn8008k/lluisa/NextSIM/seas/Fmap_10days/2008_AMJ_ic0.5_dt0.0025_DT0.0100/60_W_matrix.npy

real	0m40.102s
user	0m0.068s
sys	0m0.082s
244
284
Generating /cluster/projects/nn8008k/lluisa/NextSIM/seas/Fmap_10days/2008_AMJ_ic0.5_dt0.0025_DT0.0100/61_W_matrix.npy

real	0m42.170s
user	0m0.067s
sys	0m0.086s
248
288
Generating /cluster/projects/nn8008k/lluisa/NextSIM/seas/Fmap_10days/2008_AMJ_ic0.5_dt0.0025_DT0.0100/62_W_matrix.npy

real	0m40.067s
user	0m0.069s
sys	0m0.080s
252
292
Generating /cluster/projects/nn8008k/lluisa/NextSIM/seas/Fmap_10days/2008_AMJ_ic0.5_dt0.0025_DT0.0100/63_W_matrix.npy

real	0m44.640s
user	0m0.058s
sys	0m0.096s
256
296
Generating /cluster/projects/nn8008k/lluisa/NextSIM/seas/Fmap_10days/2008_AMJ_ic0.5_dt0.0025_DT0.0100/64_W_matrix.npy

real	0m42.650s
user	0m0.069s
sys	0m0.081s
260
300
Generating /cluster/projects/nn8008k/lluisa/NextSIM/seas/Fmap_10days/2008_AMJ_ic0.5_dt0.0025_DT0.0100/65_W_matrix.npy

real	0m44.676s
user	0m0.069s
sys	0m0.084s
264
304
Generating /cluster/projects/nn8008k/lluisa/NextSIM/seas/Fmap_10days/2008_AMJ_ic0.5_dt0.0025_DT0.0100/66_W_matrix.npy

real	0m41.553s
user	0m0.063s
sys	0m0.088s
268
308
Generating /cluster/projects/nn8008k/lluisa/NextSIM/seas/Fmap_10days/2008_AMJ_ic0.5_dt0.0025_DT0.0100/67_W_matrix.npy

real	0m43.345s
user	0m0.072s
sys	0m0.084s
272
312
Generating /cluster/projects/nn8008k/lluisa/NextSIM/seas/Fmap_10days/2008_AMJ_ic0.5_dt0.0025_DT0.0100/68_W_matrix.npy

real	0m39.418s
user	0m0.057s
sys	0m0.095s
276
316
Generating /cluster/projects/nn8008k/lluisa/NextSIM/seas/Fmap_10days/2008_AMJ_ic0.5_dt0.0025_DT0.0100/69_W_matrix.npy

real	0m39.377s
user	0m0.072s
sys	0m0.091s
280
320
Generating /cluster/projects/nn8008k/lluisa/NextSIM/seas/Fmap_10days/2008_AMJ_ic0.5_dt0.0025_DT0.0100/70_W_matrix.npy

real	0m38.889s
user	0m0.056s
sys	0m0.098s
284
324
Generating /cluster/projects/nn8008k/lluisa/NextSIM/seas/Fmap_10days/2008_AMJ_ic0.5_dt0.0025_DT0.0100/71_W_matrix.npy

real	0m37.453s
user	0m0.071s
sys	0m0.081s
288
328
Generating /cluster/projects/nn8008k/lluisa/NextSIM/seas/Fmap_10days/2008_AMJ_ic0.5_dt0.0025_DT0.0100/72_W_matrix.npy

real	0m42.119s
user	0m0.061s
sys	0m0.093s
292
332
Generating /cluster/projects/nn8008k/lluisa/NextSIM/seas/Fmap_10days/2008_AMJ_ic0.5_dt0.0025_DT0.0100/73_W_matrix.npy

real	0m37.377s
user	0m0.075s
sys	0m0.079s
296
336
Generating /cluster/projects/nn8008k/lluisa/NextSIM/seas/Fmap_10days/2008_AMJ_ic0.5_dt0.0025_DT0.0100/74_W_matrix.npy

real	0m38.176s
user	0m0.071s
sys	0m0.081s
300
340
Generating /cluster/projects/nn8008k/lluisa/NextSIM/seas/Fmap_10days/2008_AMJ_ic0.5_dt0.0025_DT0.0100/75_W_matrix.npy

real	0m38.354s
user	0m0.070s
sys	0m0.087s
304
344
Generating /cluster/projects/nn8008k/lluisa/NextSIM/seas/Fmap_10days/2008_AMJ_ic0.5_dt0.0025_DT0.0100/76_W_matrix.npy

real	0m40.985s
user	0m0.064s
sys	0m0.089s
308
348
Generating /cluster/projects/nn8008k/lluisa/NextSIM/seas/Fmap_10days/2008_AMJ_ic0.5_dt0.0025_DT0.0100/77_W_matrix.npy

real	0m38.099s
user	0m0.081s
sys	0m0.078s
312
352
Generating /cluster/projects/nn8008k/lluisa/NextSIM/seas/Fmap_10days/2008_AMJ_ic0.5_dt0.0025_DT0.0100/78_W_matrix.npy

real	0m36.793s
user	0m0.069s
sys	0m0.078s
316
356
Generating /cluster/projects/nn8008k/lluisa/NextSIM/seas/Fmap_10days/2008_AMJ_ic0.5_dt0.0025_DT0.0100/79_W_matrix.npy

real	0m40.072s
user	0m0.078s
sys	0m0.074s
320
360
Generating /cluster/projects/nn8008k/lluisa/NextSIM/seas/Fmap_10days/2008_AMJ_ic0.5_dt0.0025_DT0.0100/80_W_matrix.npy

real	0m40.167s
user	0m0.076s
sys	0m0.077s
0
40
Generating /cluster/projects/nn8008k/lluisa/NextSIM/seas/Fmap_10days/2008_JAS_ic0.5_dt0.0025_DT0.0100/0_W_matrix.npy

real	0m32.391s
user	0m0.052s
sys	0m0.100s
4
44
Generating /cluster/projects/nn8008k/lluisa/NextSIM/seas/Fmap_10days/2008_JAS_ic0.5_dt0.0025_DT0.0100/1_W_matrix.npy

real	0m31.228s
user	0m0.071s
sys	0m0.088s
8
48
Generating /cluster/projects/nn8008k/lluisa/NextSIM/seas/Fmap_10days/2008_JAS_ic0.5_dt0.0025_DT0.0100/2_W_matrix.npy

real	0m30.941s
user	0m0.075s
sys	0m0.079s
12
52
Generating /cluster/projects/nn8008k/lluisa/NextSIM/seas/Fmap_10days/2008_JAS_ic0.5_dt0.0025_DT0.0100/3_W_matrix.npy

real	0m29.115s
user	0m0.076s
sys	0m0.080s
16
56
Generating /cluster/projects/nn8008k/lluisa/NextSIM/seas/Fmap_10days/2008_JAS_ic0.5_dt0.0025_DT0.0100/4_W_matrix.npy

real	0m29.045s
user	0m0.080s
sys	0m0.074s
20
60
Generating /cluster/projects/nn8008k/lluisa/NextSIM/seas/Fmap_10days/2008_JAS_ic0.5_dt0.0025_DT0.0100/5_W_matrix.npy

real	0m31.056s
user	0m0.080s
sys	0m0.073s
24
64
Generating /cluster/projects/nn8008k/lluisa/NextSIM/seas/Fmap_10days/2008_JAS_ic0.5_dt0.0025_DT0.0100/6_W_matrix.npy

real	0m29.529s
user	0m0.059s
sys	0m0.095s
28
68
Generating /cluster/projects/nn8008k/lluisa/NextSIM/seas/Fmap_10days/2008_JAS_ic0.5_dt0.0025_DT0.0100/7_W_matrix.npy

real	0m26.819s
user	0m0.081s
sys	0m0.071s
32
72
Generating /cluster/projects/nn8008k/lluisa/NextSIM/seas/Fmap_10days/2008_JAS_ic0.5_dt0.0025_DT0.0100/8_W_matrix.npy

real	0m29.850s
user	0m0.079s
sys	0m0.080s
36
76
Generating /cluster/projects/nn8008k/lluisa/NextSIM/seas/Fmap_10days/2008_JAS_ic0.5_dt0.0025_DT0.0100/9_W_matrix.npy

real	0m27.165s
user	0m0.063s
sys	0m0.088s
40
80
Generating /cluster/projects/nn8008k/lluisa/NextSIM/seas/Fmap_10days/2008_JAS_ic0.5_dt0.0025_DT0.0100/10_W_matrix.npy

real	0m29.312s
user	0m0.060s
sys	0m0.091s
44
84
Generating /cluster/projects/nn8008k/lluisa/NextSIM/seas/Fmap_10days/2008_JAS_ic0.5_dt0.0025_DT0.0100/11_W_matrix.npy

real	0m25.982s
user	0m0.069s
sys	0m0.085s
48
88
Generating /cluster/projects/nn8008k/lluisa/NextSIM/seas/Fmap_10days/2008_JAS_ic0.5_dt0.0025_DT0.0100/12_W_matrix.npy

real	0m25.878s
user	0m0.061s
sys	0m0.092s
52
92
Generating /cluster/projects/nn8008k/lluisa/NextSIM/seas/Fmap_10days/2008_JAS_ic0.5_dt0.0025_DT0.0100/13_W_matrix.npy

real	0m25.826s
user	0m0.066s
sys	0m0.091s
56
96
Generating /cluster/projects/nn8008k/lluisa/NextSIM/seas/Fmap_10days/2008_JAS_ic0.5_dt0.0025_DT0.0100/14_W_matrix.npy

real	0m25.238s
user	0m0.075s
sys	0m0.080s
60
100
Generating /cluster/projects/nn8008k/lluisa/NextSIM/seas/Fmap_10days/2008_JAS_ic0.5_dt0.0025_DT0.0100/15_W_matrix.npy

real	0m25.326s
user	0m0.071s
sys	0m0.083s
64
104
Generating /cluster/projects/nn8008k/lluisa/NextSIM/seas/Fmap_10days/2008_JAS_ic0.5_dt0.0025_DT0.0100/16_W_matrix.npy

real	0m24.675s
user	0m0.067s
sys	0m0.088s
68
108
Generating /cluster/projects/nn8008k/lluisa/NextSIM/seas/Fmap_10days/2008_JAS_ic0.5_dt0.0025_DT0.0100/17_W_matrix.npy

real	0m23.732s
user	0m0.069s
sys	0m0.075s
72
112
Generating /cluster/projects/nn8008k/lluisa/NextSIM/seas/Fmap_10days/2008_JAS_ic0.5_dt0.0025_DT0.0100/18_W_matrix.npy

real	0m23.628s
user	0m0.069s
sys	0m0.085s
76
116
Generating /cluster/projects/nn8008k/lluisa/NextSIM/seas/Fmap_10days/2008_JAS_ic0.5_dt0.0025_DT0.0100/19_W_matrix.npy

real	0m24.746s
user	0m0.067s
sys	0m0.086s
80
120
Generating /cluster/projects/nn8008k/lluisa/NextSIM/seas/Fmap_10days/2008_JAS_ic0.5_dt0.0025_DT0.0100/20_W_matrix.npy

real	0m22.567s
user	0m0.077s
sys	0m0.080s
84
124
Generating /cluster/projects/nn8008k/lluisa/NextSIM/seas/Fmap_10days/2008_JAS_ic0.5_dt0.0025_DT0.0100/21_W_matrix.npy

real	0m21.795s
user	0m0.076s
sys	0m0.076s
88
128
Generating /cluster/projects/nn8008k/lluisa/NextSIM/seas/Fmap_10days/2008_JAS_ic0.5_dt0.0025_DT0.0100/22_W_matrix.npy

real	0m22.149s
user	0m0.061s
sys	0m0.092s
92
132
Generating /cluster/projects/nn8008k/lluisa/NextSIM/seas/Fmap_10days/2008_JAS_ic0.5_dt0.0025_DT0.0100/23_W_matrix.npy

real	0m20.560s
user	0m0.059s
sys	0m0.099s
96
136
Generating /cluster/projects/nn8008k/lluisa/NextSIM/seas/Fmap_10days/2008_JAS_ic0.5_dt0.0025_DT0.0100/24_W_matrix.npy

real	0m20.863s
user	0m0.074s
sys	0m0.082s
100
140
Generating /cluster/projects/nn8008k/lluisa/NextSIM/seas/Fmap_10days/2008_JAS_ic0.5_dt0.0025_DT0.0100/25_W_matrix.npy

real	0m20.874s
user	0m0.065s
sys	0m0.082s
104
144
Generating /cluster/projects/nn8008k/lluisa/NextSIM/seas/Fmap_10days/2008_JAS_ic0.5_dt0.0025_DT0.0100/26_W_matrix.npy

real	0m20.728s
user	0m0.064s
sys	0m0.089s
108
148
Generating /cluster/projects/nn8008k/lluisa/NextSIM/seas/Fmap_10days/2008_JAS_ic0.5_dt0.0025_DT0.0100/27_W_matrix.npy

real	0m19.842s
user	0m0.070s
sys	0m0.086s
112
152
Generating /cluster/projects/nn8008k/lluisa/NextSIM/seas/Fmap_10days/2008_JAS_ic0.5_dt0.0025_DT0.0100/28_W_matrix.npy

real	0m19.473s
user	0m0.061s
sys	0m0.085s
116
156
Generating /cluster/projects/nn8008k/lluisa/NextSIM/seas/Fmap_10days/2008_JAS_ic0.5_dt0.0025_DT0.0100/29_W_matrix.npy

real	0m19.256s
user	0m0.071s
sys	0m0.072s
120
160
Generating /cluster/projects/nn8008k/lluisa/NextSIM/seas/Fmap_10days/2008_JAS_ic0.5_dt0.0025_DT0.0100/30_W_matrix.npy

real	0m19.408s
user	0m0.064s
sys	0m0.089s
124
164
Generating /cluster/projects/nn8008k/lluisa/NextSIM/seas/Fmap_10days/2008_JAS_ic0.5_dt0.0025_DT0.0100/31_W_matrix.npy

real	0m19.972s
user	0m0.068s
sys	0m0.083s
128
168
Generating /cluster/projects/nn8008k/lluisa/NextSIM/seas/Fmap_10days/2008_JAS_ic0.5_dt0.0025_DT0.0100/32_W_matrix.npy

real	0m20.711s
user	0m0.062s
sys	0m0.090s
132
172
Generating /cluster/projects/nn8008k/lluisa/NextSIM/seas/Fmap_10days/2008_JAS_ic0.5_dt0.0025_DT0.0100/33_W_matrix.npy

real	0m18.475s
user	0m0.066s
sys	0m0.086s
136
176
Generating /cluster/projects/nn8008k/lluisa/NextSIM/seas/Fmap_10days/2008_JAS_ic0.5_dt0.0025_DT0.0100/34_W_matrix.npy

real	0m17.884s
user	0m0.080s
sys	0m0.068s
140
180
Generating /cluster/projects/nn8008k/lluisa/NextSIM/seas/Fmap_10days/2008_JAS_ic0.5_dt0.0025_DT0.0100/35_W_matrix.npy

real	0m18.494s
user	0m0.067s
sys	0m0.084s
144
184
Generating /cluster/projects/nn8008k/lluisa/NextSIM/seas/Fmap_10days/2008_JAS_ic0.5_dt0.0025_DT0.0100/36_W_matrix.npy

real	0m17.607s
user	0m0.084s
sys	0m0.069s
148
188
Generating /cluster/projects/nn8008k/lluisa/NextSIM/seas/Fmap_10days/2008_JAS_ic0.5_dt0.0025_DT0.0100/37_W_matrix.npy

real	0m17.595s
user	0m0.077s
sys	0m0.075s
152
192
Generating /cluster/projects/nn8008k/lluisa/NextSIM/seas/Fmap_10days/2008_JAS_ic0.5_dt0.0025_DT0.0100/38_W_matrix.npy

real	0m16.756s
user	0m0.080s
sys	0m0.075s
156
196
Generating /cluster/projects/nn8008k/lluisa/NextSIM/seas/Fmap_10days/2008_JAS_ic0.5_dt0.0025_DT0.0100/39_W_matrix.npy

real	0m17.359s
user	0m0.075s
sys	0m0.078s
160
200
Generating /cluster/projects/nn8008k/lluisa/NextSIM/seas/Fmap_10days/2008_JAS_ic0.5_dt0.0025_DT0.0100/40_W_matrix.npy

real	0m16.766s
user	0m0.068s
sys	0m0.084s
164
204
Generating /cluster/projects/nn8008k/lluisa/NextSIM/seas/Fmap_10days/2008_JAS_ic0.5_dt0.0025_DT0.0100/41_W_matrix.npy

real	0m16.551s
user	0m0.071s
sys	0m0.075s
168
208
Generating /cluster/projects/nn8008k/lluisa/NextSIM/seas/Fmap_10days/2008_JAS_ic0.5_dt0.0025_DT0.0100/42_W_matrix.npy

real	0m16.384s
user	0m0.076s
sys	0m0.078s
172
212
Generating /cluster/projects/nn8008k/lluisa/NextSIM/seas/Fmap_10days/2008_JAS_ic0.5_dt0.0025_DT0.0100/43_W_matrix.npy

real	0m21.257s
user	0m0.064s
sys	0m0.085s
176
216
Generating /cluster/projects/nn8008k/lluisa/NextSIM/seas/Fmap_10days/2008_JAS_ic0.5_dt0.0025_DT0.0100/44_W_matrix.npy

real	0m16.282s
user	0m0.071s
sys	0m0.083s
180
220
Generating /cluster/projects/nn8008k/lluisa/NextSIM/seas/Fmap_10days/2008_JAS_ic0.5_dt0.0025_DT0.0100/45_W_matrix.npy

real	0m15.597s
user	0m0.069s
sys	0m0.074s
184
224
Generating /cluster/projects/nn8008k/lluisa/NextSIM/seas/Fmap_10days/2008_JAS_ic0.5_dt0.0025_DT0.0100/46_W_matrix.npy

real	0m15.397s
user	0m0.067s
sys	0m0.086s
188
228
Generating /cluster/projects/nn8008k/lluisa/NextSIM/seas/Fmap_10days/2008_JAS_ic0.5_dt0.0025_DT0.0100/47_W_matrix.npy

real	0m14.554s
user	0m0.063s
sys	0m0.084s
192
232
Generating /cluster/projects/nn8008k/lluisa/NextSIM/seas/Fmap_10days/2008_JAS_ic0.5_dt0.0025_DT0.0100/48_W_matrix.npy

real	0m14.891s
user	0m0.068s
sys	0m0.083s
196
236
Generating /cluster/projects/nn8008k/lluisa/NextSIM/seas/Fmap_10days/2008_JAS_ic0.5_dt0.0025_DT0.0100/49_W_matrix.npy

real	0m14.841s
user	0m0.071s
sys	0m0.085s
200
240
Generating /cluster/projects/nn8008k/lluisa/NextSIM/seas/Fmap_10days/2008_JAS_ic0.5_dt0.0025_DT0.0100/50_W_matrix.npy

real	0m14.250s
user	0m0.054s
sys	0m0.092s
204
244
Generating /cluster/projects/nn8008k/lluisa/NextSIM/seas/Fmap_10days/2008_JAS_ic0.5_dt0.0025_DT0.0100/51_W_matrix.npy

real	0m14.462s
user	0m0.061s
sys	0m0.091s
208
248
Generating /cluster/projects/nn8008k/lluisa/NextSIM/seas/Fmap_10days/2008_JAS_ic0.5_dt0.0025_DT0.0100/52_W_matrix.npy

real	0m13.929s
user	0m0.065s
sys	0m0.089s
212
252
Generating /cluster/projects/nn8008k/lluisa/NextSIM/seas/Fmap_10days/2008_JAS_ic0.5_dt0.0025_DT0.0100/53_W_matrix.npy

real	0m13.883s
user	0m0.075s
sys	0m0.075s
216
256
Generating /cluster/projects/nn8008k/lluisa/NextSIM/seas/Fmap_10days/2008_JAS_ic0.5_dt0.0025_DT0.0100/54_W_matrix.npy

real	0m13.365s
user	0m0.071s
sys	0m0.080s
220
260
Generating /cluster/projects/nn8008k/lluisa/NextSIM/seas/Fmap_10days/2008_JAS_ic0.5_dt0.0025_DT0.0100/55_W_matrix.npy

real	0m14.019s
user	0m0.069s
sys	0m0.076s
224
264
Generating /cluster/projects/nn8008k/lluisa/NextSIM/seas/Fmap_10days/2008_JAS_ic0.5_dt0.0025_DT0.0100/56_W_matrix.npy

real	0m12.957s
user	0m0.065s
sys	0m0.080s
228
268
Generating /cluster/projects/nn8008k/lluisa/NextSIM/seas/Fmap_10days/2008_JAS_ic0.5_dt0.0025_DT0.0100/57_W_matrix.npy

real	0m13.965s
user	0m0.069s
sys	0m0.087s
232
272
Generating /cluster/projects/nn8008k/lluisa/NextSIM/seas/Fmap_10days/2008_JAS_ic0.5_dt0.0025_DT0.0100/58_W_matrix.npy

real	0m12.686s
user	0m0.065s
sys	0m0.090s
236
276
Generating /cluster/projects/nn8008k/lluisa/NextSIM/seas/Fmap_10days/2008_JAS_ic0.5_dt0.0025_DT0.0100/59_W_matrix.npy

real	0m12.700s
user	0m0.061s
sys	0m0.089s
240
280
Generating /cluster/projects/nn8008k/lluisa/NextSIM/seas/Fmap_10days/2008_JAS_ic0.5_dt0.0025_DT0.0100/60_W_matrix.npy

real	0m12.728s
user	0m0.051s
sys	0m0.101s
244
284
Generating /cluster/projects/nn8008k/lluisa/NextSIM/seas/Fmap_10days/2008_JAS_ic0.5_dt0.0025_DT0.0100/61_W_matrix.npy

real	0m12.706s
user	0m0.062s
sys	0m0.084s
248
288
Generating /cluster/projects/nn8008k/lluisa/NextSIM/seas/Fmap_10days/2008_JAS_ic0.5_dt0.0025_DT0.0100/62_W_matrix.npy

real	0m13.634s
user	0m0.064s
sys	0m0.089s
252
292
Generating /cluster/projects/nn8008k/lluisa/NextSIM/seas/Fmap_10days/2008_JAS_ic0.5_dt0.0025_DT0.0100/63_W_matrix.npy

real	0m12.350s
user	0m0.056s
sys	0m0.093s
256
296
Generating /cluster/projects/nn8008k/lluisa/NextSIM/seas/Fmap_10days/2008_JAS_ic0.5_dt0.0025_DT0.0100/64_W_matrix.npy

real	0m13.003s
user	0m0.065s
sys	0m0.085s
260
300
Generating /cluster/projects/nn8008k/lluisa/NextSIM/seas/Fmap_10days/2008_JAS_ic0.5_dt0.0025_DT0.0100/65_W_matrix.npy

real	0m12.859s
user	0m0.062s
sys	0m0.094s
264
304
Generating /cluster/projects/nn8008k/lluisa/NextSIM/seas/Fmap_10days/2008_JAS_ic0.5_dt0.0025_DT0.0100/66_W_matrix.npy

real	0m12.060s
user	0m0.063s
sys	0m0.090s
268
308
Generating /cluster/projects/nn8008k/lluisa/NextSIM/seas/Fmap_10days/2008_JAS_ic0.5_dt0.0025_DT0.0100/67_W_matrix.npy

real	0m12.088s
user	0m0.079s
sys	0m0.076s
272
312
Generating /cluster/projects/nn8008k/lluisa/NextSIM/seas/Fmap_10days/2008_JAS_ic0.5_dt0.0025_DT0.0100/68_W_matrix.npy

real	0m12.730s
user	0m0.061s
sys	0m0.090s
276
316
Generating /cluster/projects/nn8008k/lluisa/NextSIM/seas/Fmap_10days/2008_JAS_ic0.5_dt0.0025_DT0.0100/69_W_matrix.npy

real	0m11.707s
user	0m0.068s
sys	0m0.080s
280
320
Generating /cluster/projects/nn8008k/lluisa/NextSIM/seas/Fmap_10days/2008_JAS_ic0.5_dt0.0025_DT0.0100/70_W_matrix.npy

real	0m11.656s
user	0m0.071s
sys	0m0.080s
284
324
Generating /cluster/projects/nn8008k/lluisa/NextSIM/seas/Fmap_10days/2008_JAS_ic0.5_dt0.0025_DT0.0100/71_W_matrix.npy

real	0m11.991s
user	0m0.083s
sys	0m0.076s
288
328
Generating /cluster/projects/nn8008k/lluisa/NextSIM/seas/Fmap_10days/2008_JAS_ic0.5_dt0.0025_DT0.0100/72_W_matrix.npy

real	0m11.815s
user	0m0.065s
sys	0m0.088s
292
332
Generating /cluster/projects/nn8008k/lluisa/NextSIM/seas/Fmap_10days/2008_JAS_ic0.5_dt0.0025_DT0.0100/73_W_matrix.npy

real	0m12.000s
user	0m0.070s
sys	0m0.079s
296
336
Generating /cluster/projects/nn8008k/lluisa/NextSIM/seas/Fmap_10days/2008_JAS_ic0.5_dt0.0025_DT0.0100/74_W_matrix.npy

real	0m11.902s
user	0m0.072s
sys	0m0.081s
300
340
Generating /cluster/projects/nn8008k/lluisa/NextSIM/seas/Fmap_10days/2008_JAS_ic0.5_dt0.0025_DT0.0100/75_W_matrix.npy

real	0m12.607s
user	0m0.078s
sys	0m0.070s
304
344
Generating /cluster/projects/nn8008k/lluisa/NextSIM/seas/Fmap_10days/2008_JAS_ic0.5_dt0.0025_DT0.0100/76_W_matrix.npy

real	0m12.185s
user	0m0.060s
sys	0m0.086s
308
348
Generating /cluster/projects/nn8008k/lluisa/NextSIM/seas/Fmap_10days/2008_JAS_ic0.5_dt0.0025_DT0.0100/77_W_matrix.npy

real	0m11.882s
user	0m0.068s
sys	0m0.086s
312
352
Generating /cluster/projects/nn8008k/lluisa/NextSIM/seas/Fmap_10days/2008_JAS_ic0.5_dt0.0025_DT0.0100/78_W_matrix.npy

real	0m11.932s
user	0m0.068s
sys	0m0.087s
316
356
Generating /cluster/projects/nn8008k/lluisa/NextSIM/seas/Fmap_10days/2008_JAS_ic0.5_dt0.0025_DT0.0100/79_W_matrix.npy

real	0m12.278s
user	0m0.081s
sys	0m0.067s
320
360
Generating /cluster/projects/nn8008k/lluisa/NextSIM/seas/Fmap_10days/2008_JAS_ic0.5_dt0.0025_DT0.0100/80_W_matrix.npy

real	0m11.626s
user	0m0.083s
sys	0m0.068s
0
40
Generating /cluster/projects/nn8008k/lluisa/NextSIM/seas/Fmap_10days/2008_OND_ic0.5_dt0.0025_DT0.0100/0_W_matrix.npy

real	0m12.843s
user	0m0.070s
sys	0m0.084s
4
44
Generating /cluster/projects/nn8008k/lluisa/NextSIM/seas/Fmap_10days/2008_OND_ic0.5_dt0.0025_DT0.0100/1_W_matrix.npy

real	0m13.865s
user	0m0.084s
sys	0m0.072s
8
48
Generating /cluster/projects/nn8008k/lluisa/NextSIM/seas/Fmap_10days/2008_OND_ic0.5_dt0.0025_DT0.0100/2_W_matrix.npy

real	0m13.475s
user	0m0.063s
sys	0m0.085s
12
52
Generating /cluster/projects/nn8008k/lluisa/NextSIM/seas/Fmap_10days/2008_OND_ic0.5_dt0.0025_DT0.0100/3_W_matrix.npy

real	0m13.388s
user	0m0.071s
sys	0m0.078s
16
56
Generating /cluster/projects/nn8008k/lluisa/NextSIM/seas/Fmap_10days/2008_OND_ic0.5_dt0.0025_DT0.0100/4_W_matrix.npy

real	0m13.362s
user	0m0.079s
sys	0m0.075s
20
60
Generating /cluster/projects/nn8008k/lluisa/NextSIM/seas/Fmap_10days/2008_OND_ic0.5_dt0.0025_DT0.0100/5_W_matrix.npy

real	0m13.677s
user	0m0.064s
sys	0m0.091s
24
64
Generating /cluster/projects/nn8008k/lluisa/NextSIM/seas/Fmap_10days/2008_OND_ic0.5_dt0.0025_DT0.0100/6_W_matrix.npy

real	0m17.166s
user	0m0.068s
sys	0m0.092s
28
68
Generating /cluster/projects/nn8008k/lluisa/NextSIM/seas/Fmap_10days/2008_OND_ic0.5_dt0.0025_DT0.0100/7_W_matrix.npy

real	0m14.848s
user	0m0.069s
sys	0m0.080s
32
72
Generating /cluster/projects/nn8008k/lluisa/NextSIM/seas/Fmap_10days/2008_OND_ic0.5_dt0.0025_DT0.0100/8_W_matrix.npy

real	0m15.435s
user	0m0.066s
sys	0m0.084s
36
76
Generating /cluster/projects/nn8008k/lluisa/NextSIM/seas/Fmap_10days/2008_OND_ic0.5_dt0.0025_DT0.0100/9_W_matrix.npy

real	0m14.807s
user	0m0.064s
sys	0m0.085s
40
80
Generating /cluster/projects/nn8008k/lluisa/NextSIM/seas/Fmap_10days/2008_OND_ic0.5_dt0.0025_DT0.0100/10_W_matrix.npy

real	0m16.559s
user	0m0.076s
sys	0m0.077s
44
84
Generating /cluster/projects/nn8008k/lluisa/NextSIM/seas/Fmap_10days/2008_OND_ic0.5_dt0.0025_DT0.0100/11_W_matrix.npy

real	0m16.970s
user	0m0.069s
sys	0m0.083s
48
88
Generating /cluster/projects/nn8008k/lluisa/NextSIM/seas/Fmap_10days/2008_OND_ic0.5_dt0.0025_DT0.0100/12_W_matrix.npy

real	0m16.584s
user	0m0.063s
sys	0m0.089s
52
92
Generating /cluster/projects/nn8008k/lluisa/NextSIM/seas/Fmap_10days/2008_OND_ic0.5_dt0.0025_DT0.0100/13_W_matrix.npy

real	0m17.124s
user	0m0.078s
sys	0m0.079s
56
96
Generating /cluster/projects/nn8008k/lluisa/NextSIM/seas/Fmap_10days/2008_OND_ic0.5_dt0.0025_DT0.0100/14_W_matrix.npy

real	0m17.187s
user	0m0.069s
sys	0m0.084s
60
100
Generating /cluster/projects/nn8008k/lluisa/NextSIM/seas/Fmap_10days/2008_OND_ic0.5_dt0.0025_DT0.0100/15_W_matrix.npy

real	0m17.517s
user	0m0.061s
sys	0m0.091s
64
104
Generating /cluster/projects/nn8008k/lluisa/NextSIM/seas/Fmap_10days/2008_OND_ic0.5_dt0.0025_DT0.0100/16_W_matrix.npy

real	0m18.289s
user	0m0.071s
sys	0m0.079s
68
108
Generating /cluster/projects/nn8008k/lluisa/NextSIM/seas/Fmap_10days/2008_OND_ic0.5_dt0.0025_DT0.0100/17_W_matrix.npy

real	0m18.453s
user	0m0.071s
sys	0m0.086s
72
112
Generating /cluster/projects/nn8008k/lluisa/NextSIM/seas/Fmap_10days/2008_OND_ic0.5_dt0.0025_DT0.0100/18_W_matrix.npy

real	0m19.250s
user	0m0.063s
sys	0m0.083s
76
116
Generating /cluster/projects/nn8008k/lluisa/NextSIM/seas/Fmap_10days/2008_OND_ic0.5_dt0.0025_DT0.0100/19_W_matrix.npy

real	0m19.728s
user	0m0.066s
sys	0m0.082s
80
120
Generating /cluster/projects/nn8008k/lluisa/NextSIM/seas/Fmap_10days/2008_OND_ic0.5_dt0.0025_DT0.0100/20_W_matrix.npy

real	0m20.471s
user	0m0.070s
sys	0m0.084s
84
124
Generating /cluster/projects/nn8008k/lluisa/NextSIM/seas/Fmap_10days/2008_OND_ic0.5_dt0.0025_DT0.0100/21_W_matrix.npy

real	0m21.823s
user	0m0.069s
sys	0m0.080s
88
128
Generating /cluster/projects/nn8008k/lluisa/NextSIM/seas/Fmap_10days/2008_OND_ic0.5_dt0.0025_DT0.0100/22_W_matrix.npy

real	0m21.659s
user	0m0.059s
sys	0m0.092s
92
132
Generating /cluster/projects/nn8008k/lluisa/NextSIM/seas/Fmap_10days/2008_OND_ic0.5_dt0.0025_DT0.0100/23_W_matrix.npy

real	0m21.271s
user	0m0.066s
sys	0m0.089s
96
136
Generating /cluster/projects/nn8008k/lluisa/NextSIM/seas/Fmap_10days/2008_OND_ic0.5_dt0.0025_DT0.0100/24_W_matrix.npy

real	0m21.841s
user	0m0.067s
sys	0m0.084s
100
140
Generating /cluster/projects/nn8008k/lluisa/NextSIM/seas/Fmap_10days/2008_OND_ic0.5_dt0.0025_DT0.0100/25_W_matrix.npy

real	0m22.000s
user	0m0.070s
sys	0m0.083s
104
144
Generating /cluster/projects/nn8008k/lluisa/NextSIM/seas/Fmap_10days/2008_OND_ic0.5_dt0.0025_DT0.0100/26_W_matrix.npy

real	0m22.511s
user	0m0.068s
sys	0m0.085s
108
148
Generating /cluster/projects/nn8008k/lluisa/NextSIM/seas/Fmap_10days/2008_OND_ic0.5_dt0.0025_DT0.0100/27_W_matrix.npy

real	0m23.137s
user	0m0.079s
sys	0m0.080s
112
152
Generating /cluster/projects/nn8008k/lluisa/NextSIM/seas/Fmap_10days/2008_OND_ic0.5_dt0.0025_DT0.0100/28_W_matrix.npy

real	0m24.139s
user	0m0.073s
sys	0m0.080s
116
156
Generating /cluster/projects/nn8008k/lluisa/NextSIM/seas/Fmap_10days/2008_OND_ic0.5_dt0.0025_DT0.0100/29_W_matrix.npy

real	0m24.726s
user	0m0.075s
sys	0m0.079s
120
160
Generating /cluster/projects/nn8008k/lluisa/NextSIM/seas/Fmap_10days/2008_OND_ic0.5_dt0.0025_DT0.0100/30_W_matrix.npy

real	0m24.777s
user	0m0.086s
sys	0m0.069s
124
164
Generating /cluster/projects/nn8008k/lluisa/NextSIM/seas/Fmap_10days/2008_OND_ic0.5_dt0.0025_DT0.0100/31_W_matrix.npy

real	0m24.065s
user	0m0.062s
sys	0m0.092s
128
168
Generating /cluster/projects/nn8008k/lluisa/NextSIM/seas/Fmap_10days/2008_OND_ic0.5_dt0.0025_DT0.0100/32_W_matrix.npy

real	0m26.016s
user	0m0.061s
sys	0m0.094s
132
172
Generating /cluster/projects/nn8008k/lluisa/NextSIM/seas/Fmap_10days/2008_OND_ic0.5_dt0.0025_DT0.0100/33_W_matrix.npy

real	0m25.252s
user	0m0.073s
sys	0m0.079s
136
176
Generating /cluster/projects/nn8008k/lluisa/NextSIM/seas/Fmap_10days/2008_OND_ic0.5_dt0.0025_DT0.0100/34_W_matrix.npy

real	0m25.183s
user	0m0.081s
sys	0m0.072s
140
180
Generating /cluster/projects/nn8008k/lluisa/NextSIM/seas/Fmap_10days/2008_OND_ic0.5_dt0.0025_DT0.0100/35_W_matrix.npy

real	0m28.399s
user	0m0.071s
sys	0m0.081s
144
184
Generating /cluster/projects/nn8008k/lluisa/NextSIM/seas/Fmap_10days/2008_OND_ic0.5_dt0.0025_DT0.0100/36_W_matrix.npy

real	0m28.662s
user	0m0.075s
sys	0m0.087s
148
188
Generating /cluster/projects/nn8008k/lluisa/NextSIM/seas/Fmap_10days/2008_OND_ic0.5_dt0.0025_DT0.0100/37_W_matrix.npy

real	0m26.316s
user	0m0.078s
sys	0m0.076s
152
192
Generating /cluster/projects/nn8008k/lluisa/NextSIM/seas/Fmap_10days/2008_OND_ic0.5_dt0.0025_DT0.0100/38_W_matrix.npy

real	0m27.881s
user	0m0.073s
sys	0m0.078s
156
196
Generating /cluster/projects/nn8008k/lluisa/NextSIM/seas/Fmap_10days/2008_OND_ic0.5_dt0.0025_DT0.0100/39_W_matrix.npy

real	0m29.995s
user	0m0.071s
sys	0m0.080s
160
200
Generating /cluster/projects/nn8008k/lluisa/NextSIM/seas/Fmap_10days/2008_OND_ic0.5_dt0.0025_DT0.0100/40_W_matrix.npy

real	0m27.766s
user	0m0.066s
sys	0m0.087s
164
204
Generating /cluster/projects/nn8008k/lluisa/NextSIM/seas/Fmap_10days/2008_OND_ic0.5_dt0.0025_DT0.0100/41_W_matrix.npy

real	0m27.573s
user	0m0.068s
sys	0m0.082s
168
208
Generating /cluster/projects/nn8008k/lluisa/NextSIM/seas/Fmap_10days/2008_OND_ic0.5_dt0.0025_DT0.0100/42_W_matrix.npy

real	0m29.238s
user	0m0.068s
sys	0m0.083s
172
212
Generating /cluster/projects/nn8008k/lluisa/NextSIM/seas/Fmap_10days/2008_OND_ic0.5_dt0.0025_DT0.0100/43_W_matrix.npy

real	0m28.722s
user	0m0.068s
sys	0m0.083s
176
216
Generating /cluster/projects/nn8008k/lluisa/NextSIM/seas/Fmap_10days/2008_OND_ic0.5_dt0.0025_DT0.0100/44_W_matrix.npy

real	0m28.886s
user	0m0.068s
sys	0m0.085s
180
220
Generating /cluster/projects/nn8008k/lluisa/NextSIM/seas/Fmap_10days/2008_OND_ic0.5_dt0.0025_DT0.0100/45_W_matrix.npy

real	0m31.588s
user	0m0.066s
sys	0m0.089s
184
224
Generating /cluster/projects/nn8008k/lluisa/NextSIM/seas/Fmap_10days/2008_OND_ic0.5_dt0.0025_DT0.0100/46_W_matrix.npy

real	0m31.646s
user	0m0.072s
sys	0m0.086s
188
228
Generating /cluster/projects/nn8008k/lluisa/NextSIM/seas/Fmap_10days/2008_OND_ic0.5_dt0.0025_DT0.0100/47_W_matrix.npy

real	0m29.020s
user	0m0.076s
sys	0m0.078s
192
232
Generating /cluster/projects/nn8008k/lluisa/NextSIM/seas/Fmap_10days/2008_OND_ic0.5_dt0.0025_DT0.0100/48_W_matrix.npy

real	0m29.734s
user	0m0.078s
sys	0m0.078s
196
236
Generating /cluster/projects/nn8008k/lluisa/NextSIM/seas/Fmap_10days/2008_OND_ic0.5_dt0.0025_DT0.0100/49_W_matrix.npy

real	0m30.867s
user	0m0.076s
sys	0m0.078s
200
240
Generating /cluster/projects/nn8008k/lluisa/NextSIM/seas/Fmap_10days/2008_OND_ic0.5_dt0.0025_DT0.0100/50_W_matrix.npy

real	0m29.531s
user	0m0.067s
sys	0m0.087s
204
244
Generating /cluster/projects/nn8008k/lluisa/NextSIM/seas/Fmap_10days/2008_OND_ic0.5_dt0.0025_DT0.0100/51_W_matrix.npy

real	0m30.777s
user	0m0.060s
sys	0m0.096s
208
248
Generating /cluster/projects/nn8008k/lluisa/NextSIM/seas/Fmap_10days/2008_OND_ic0.5_dt0.0025_DT0.0100/52_W_matrix.npy

real	0m31.656s
user	0m0.064s
sys	0m0.085s
212
252
Generating /cluster/projects/nn8008k/lluisa/NextSIM/seas/Fmap_10days/2008_OND_ic0.5_dt0.0025_DT0.0100/53_W_matrix.npy

real	0m33.177s
user	0m0.069s
sys	0m0.085s
216
256
Generating /cluster/projects/nn8008k/lluisa/NextSIM/seas/Fmap_10days/2008_OND_ic0.5_dt0.0025_DT0.0100/54_W_matrix.npy

real	0m31.414s
user	0m0.061s
sys	0m0.092s
220
260
Generating /cluster/projects/nn8008k/lluisa/NextSIM/seas/Fmap_10days/2008_OND_ic0.5_dt0.0025_DT0.0100/55_W_matrix.npy

real	0m29.528s
user	0m0.072s
sys	0m0.077s
224
264
Generating /cluster/projects/nn8008k/lluisa/NextSIM/seas/Fmap_10days/2008_OND_ic0.5_dt0.0025_DT0.0100/56_W_matrix.npy

real	0m29.903s
user	0m0.058s
sys	0m0.091s
228
268
Generating /cluster/projects/nn8008k/lluisa/NextSIM/seas/Fmap_10days/2008_OND_ic0.5_dt0.0025_DT0.0100/57_W_matrix.npy

real	0m34.769s
user	0m0.058s
sys	0m0.094s
232
272
Generating /cluster/projects/nn8008k/lluisa/NextSIM/seas/Fmap_10days/2008_OND_ic0.5_dt0.0025_DT0.0100/58_W_matrix.npy

real	0m34.889s
user	0m0.076s
sys	0m0.074s
236
276
Generating /cluster/projects/nn8008k/lluisa/NextSIM/seas/Fmap_10days/2008_OND_ic0.5_dt0.0025_DT0.0100/59_W_matrix.npy

real	0m32.595s
user	0m0.065s
sys	0m0.087s
240
280
Generating /cluster/projects/nn8008k/lluisa/NextSIM/seas/Fmap_10days/2008_OND_ic0.5_dt0.0025_DT0.0100/60_W_matrix.npy

real	0m32.556s
user	0m0.067s
sys	0m0.086s
244
284
Generating /cluster/projects/nn8008k/lluisa/NextSIM/seas/Fmap_10days/2008_OND_ic0.5_dt0.0025_DT0.0100/61_W_matrix.npy

real	0m32.387s
user	0m0.072s
sys	0m0.087s
248
288
Generating /cluster/projects/nn8008k/lluisa/NextSIM/seas/Fmap_10days/2008_OND_ic0.5_dt0.0025_DT0.0100/62_W_matrix.npy

real	0m32.178s
user	0m0.078s
sys	0m0.072s
252
292
Generating /cluster/projects/nn8008k/lluisa/NextSIM/seas/Fmap_10days/2008_OND_ic0.5_dt0.0025_DT0.0100/63_W_matrix.npy

real	0m34.734s
user	0m0.076s
sys	0m0.076s
256
296
Generating /cluster/projects/nn8008k/lluisa/NextSIM/seas/Fmap_10days/2008_OND_ic0.5_dt0.0025_DT0.0100/64_W_matrix.npy

real	0m36.487s
user	0m0.077s
sys	0m0.076s
260
300
Generating /cluster/projects/nn8008k/lluisa/NextSIM/seas/Fmap_10days/2008_OND_ic0.5_dt0.0025_DT0.0100/65_W_matrix.npy

real	0m34.052s
user	0m0.066s
sys	0m0.088s
264
304
Generating /cluster/projects/nn8008k/lluisa/NextSIM/seas/Fmap_10days/2008_OND_ic0.5_dt0.0025_DT0.0100/66_W_matrix.npy

real	0m34.374s
user	0m0.073s
sys	0m0.086s
268
308
Generating /cluster/projects/nn8008k/lluisa/NextSIM/seas/Fmap_10days/2008_OND_ic0.5_dt0.0025_DT0.0100/67_W_matrix.npy

real	0m33.395s
user	0m0.070s
sys	0m0.082s
272
312
Generating /cluster/projects/nn8008k/lluisa/NextSIM/seas/Fmap_10days/2008_OND_ic0.5_dt0.0025_DT0.0100/68_W_matrix.npy

real	0m33.924s
user	0m0.066s
sys	0m0.086s
276
316
Generating /cluster/projects/nn8008k/lluisa/NextSIM/seas/Fmap_10days/2008_OND_ic0.5_dt0.0025_DT0.0100/69_W_matrix.npy

real	0m37.198s
user	0m0.063s
sys	0m0.092s
280
320
Generating /cluster/projects/nn8008k/lluisa/NextSIM/seas/Fmap_10days/2008_OND_ic0.5_dt0.0025_DT0.0100/70_W_matrix.npy

real	0m36.223s
user	0m0.076s
sys	0m0.081s
284
324
Generating /cluster/projects/nn8008k/lluisa/NextSIM/seas/Fmap_10days/2008_OND_ic0.5_dt0.0025_DT0.0100/71_W_matrix.npy

real	0m35.619s
user	0m0.069s
sys	0m0.085s
288
328
Generating /cluster/projects/nn8008k/lluisa/NextSIM/seas/Fmap_10days/2008_OND_ic0.5_dt0.0025_DT0.0100/72_W_matrix.npy

real	0m37.319s
user	0m0.061s
sys	0m0.095s
292
332
Generating /cluster/projects/nn8008k/lluisa/NextSIM/seas/Fmap_10days/2008_OND_ic0.5_dt0.0025_DT0.0100/73_W_matrix.npy

real	0m37.839s
user	0m0.076s
sys	0m0.077s
296
336
Generating /cluster/projects/nn8008k/lluisa/NextSIM/seas/Fmap_10days/2008_OND_ic0.5_dt0.0025_DT0.0100/74_W_matrix.npy

real	0m37.405s
user	0m0.072s
sys	0m0.079s
300
340
Generating /cluster/projects/nn8008k/lluisa/NextSIM/seas/Fmap_10days/2008_OND_ic0.5_dt0.0025_DT0.0100/75_W_matrix.npy

real	0m37.384s
user	0m0.074s
sys	0m0.073s
304
344
Generating /cluster/projects/nn8008k/lluisa/NextSIM/seas/Fmap_10days/2008_OND_ic0.5_dt0.0025_DT0.0100/76_W_matrix.npy

real	0m39.430s
user	0m0.064s
sys	0m0.089s
308
348
Generating /cluster/projects/nn8008k/lluisa/NextSIM/seas/Fmap_10days/2008_OND_ic0.5_dt0.0025_DT0.0100/77_W_matrix.npy

real	0m37.694s
user	0m0.072s
sys	0m0.085s
312
352
Generating /cluster/projects/nn8008k/lluisa/NextSIM/seas/Fmap_10days/2008_OND_ic0.5_dt0.0025_DT0.0100/78_W_matrix.npy

real	0m37.786s
user	0m0.072s
sys	0m0.085s
316
356
Generating /cluster/projects/nn8008k/lluisa/NextSIM/seas/Fmap_10days/2008_OND_ic0.5_dt0.0025_DT0.0100/79_W_matrix.npy

real	0m38.132s
user	0m0.069s
sys	0m0.084s
320
360
Generating /cluster/projects/nn8008k/lluisa/NextSIM/seas/Fmap_10days/2008_OND_ic0.5_dt0.0025_DT0.0100/80_W_matrix.npy

real	0m42.155s
user	0m0.073s
sys	0m0.086s
0
40
Generating /cluster/projects/nn8008k/lluisa/NextSIM/seas/Fmap_10days/2008_JFM_ic0.5_dt0.0025_DT0.0100/0_W_matrix.npy

real	0m40.315s
user	0m0.069s
sys	0m0.087s
4
44
Generating /cluster/projects/nn8008k/lluisa/NextSIM/seas/Fmap_10days/2008_JFM_ic0.5_dt0.0025_DT0.0100/1_W_matrix.npy

real	0m38.788s
user	0m0.084s
sys	0m0.074s
8
48
Generating /cluster/projects/nn8008k/lluisa/NextSIM/seas/Fmap_10days/2008_JFM_ic0.5_dt0.0025_DT0.0100/2_W_matrix.npy

real	0m39.407s
user	0m0.063s
sys	0m0.090s
12
52
Generating /cluster/projects/nn8008k/lluisa/NextSIM/seas/Fmap_10days/2008_JFM_ic0.5_dt0.0025_DT0.0100/3_W_matrix.npy

real	0m43.870s
user	0m0.065s
sys	0m0.082s
16
56
Generating /cluster/projects/nn8008k/lluisa/NextSIM/seas/Fmap_10days/2008_JFM_ic0.5_dt0.0025_DT0.0100/4_W_matrix.npy

real	0m43.822s
user	0m0.068s
sys	0m0.087s
20
60
Generating /cluster/projects/nn8008k/lluisa/NextSIM/seas/Fmap_10days/2008_JFM_ic0.5_dt0.0025_DT0.0100/5_W_matrix.npy

real	0m39.990s
user	0m0.073s
sys	0m0.081s
24
64
Generating /cluster/projects/nn8008k/lluisa/NextSIM/seas/Fmap_10days/2008_JFM_ic0.5_dt0.0025_DT0.0100/6_W_matrix.npy

real	0m41.406s
user	0m0.064s
sys	0m0.088s
28
68
Generating /cluster/projects/nn8008k/lluisa/NextSIM/seas/Fmap_10days/2008_JFM_ic0.5_dt0.0025_DT0.0100/7_W_matrix.npy

real	0m40.778s
user	0m0.071s
sys	0m0.079s
32
72
Generating /cluster/projects/nn8008k/lluisa/NextSIM/seas/Fmap_10days/2008_JFM_ic0.5_dt0.0025_DT0.0100/8_W_matrix.npy

real	0m40.817s
user	0m0.064s
sys	0m0.080s
36
76
Generating /cluster/projects/nn8008k/lluisa/NextSIM/seas/Fmap_10days/2008_JFM_ic0.5_dt0.0025_DT0.0100/9_W_matrix.npy

real	0m43.614s
user	0m0.054s
sys	0m0.100s
40
80
Generating /cluster/projects/nn8008k/lluisa/NextSIM/seas/Fmap_10days/2008_JFM_ic0.5_dt0.0025_DT0.0100/10_W_matrix.npy

real	0m39.308s
user	0m0.064s
sys	0m0.086s
44
84
Generating /cluster/projects/nn8008k/lluisa/NextSIM/seas/Fmap_10days/2008_JFM_ic0.5_dt0.0025_DT0.0100/11_W_matrix.npy

real	0m41.000s
user	0m0.063s
sys	0m0.091s
48
88
Generating /cluster/projects/nn8008k/lluisa/NextSIM/seas/Fmap_10days/2008_JFM_ic0.5_dt0.0025_DT0.0100/12_W_matrix.npy

real	0m40.347s
user	0m0.068s
sys	0m0.080s
52
92
Generating /cluster/projects/nn8008k/lluisa/NextSIM/seas/Fmap_10days/2008_JFM_ic0.5_dt0.0025_DT0.0100/13_W_matrix.npy

real	0m41.186s
user	0m0.068s
sys	0m0.084s
56
96
Generating /cluster/projects/nn8008k/lluisa/NextSIM/seas/Fmap_10days/2008_JFM_ic0.5_dt0.0025_DT0.0100/14_W_matrix.npy

real	0m40.928s
user	0m0.072s
sys	0m0.087s
60
100
Generating /cluster/projects/nn8008k/lluisa/NextSIM/seas/Fmap_10days/2008_JFM_ic0.5_dt0.0025_DT0.0100/15_W_matrix.npy

real	0m41.177s
user	0m0.067s
sys	0m0.088s
64
104
Generating /cluster/projects/nn8008k/lluisa/NextSIM/seas/Fmap_10days/2008_JFM_ic0.5_dt0.0025_DT0.0100/16_W_matrix.npy

real	0m42.180s
user	0m0.067s
sys	0m0.092s
68
108
Generating /cluster/projects/nn8008k/lluisa/NextSIM/seas/Fmap_10days/2008_JFM_ic0.5_dt0.0025_DT0.0100/17_W_matrix.npy

real	0m40.715s
user	0m0.073s
sys	0m0.083s
72
112
Generating /cluster/projects/nn8008k/lluisa/NextSIM/seas/Fmap_10days/2008_JFM_ic0.5_dt0.0025_DT0.0100/18_W_matrix.npy

real	0m40.646s
user	0m0.080s
sys	0m0.072s
76
116
Generating /cluster/projects/nn8008k/lluisa/NextSIM/seas/Fmap_10days/2008_JFM_ic0.5_dt0.0025_DT0.0100/19_W_matrix.npy

real	0m44.739s
user	0m0.074s
sys	0m0.080s
80
120
Generating /cluster/projects/nn8008k/lluisa/NextSIM/seas/Fmap_10days/2008_JFM_ic0.5_dt0.0025_DT0.0100/20_W_matrix.npy

real	0m40.435s
user	0m0.069s
sys	0m0.078s
84
124
Generating /cluster/projects/nn8008k/lluisa/NextSIM/seas/Fmap_10days/2008_JFM_ic0.5_dt0.0025_DT0.0100/21_W_matrix.npy

real	0m41.244s
user	0m0.064s
sys	0m0.086s
88
128
Generating /cluster/projects/nn8008k/lluisa/NextSIM/seas/Fmap_10days/2008_JFM_ic0.5_dt0.0025_DT0.0100/22_W_matrix.npy

real	0m41.537s
user	0m0.075s
sys	0m0.076s
92
132
Generating /cluster/projects/nn8008k/lluisa/NextSIM/seas/Fmap_10days/2008_JFM_ic0.5_dt0.0025_DT0.0100/23_W_matrix.npy

real	0m41.612s
user	0m0.064s
sys	0m0.087s
96
136
Generating /cluster/projects/nn8008k/lluisa/NextSIM/seas/Fmap_10days/2008_JFM_ic0.5_dt0.0025_DT0.0100/24_W_matrix.npy

real	0m41.292s
user	0m0.083s
sys	0m0.070s
100
140
Generating /cluster/projects/nn8008k/lluisa/NextSIM/seas/Fmap_10days/2008_JFM_ic0.5_dt0.0025_DT0.0100/25_W_matrix.npy

real	0m44.723s
user	0m0.062s
sys	0m0.094s
104
144
Generating /cluster/projects/nn8008k/lluisa/NextSIM/seas/Fmap_10days/2008_JFM_ic0.5_dt0.0025_DT0.0100/26_W_matrix.npy

real	0m40.985s
user	0m0.066s
sys	0m0.087s
108
148
Generating /cluster/projects/nn8008k/lluisa/NextSIM/seas/Fmap_10days/2008_JFM_ic0.5_dt0.0025_DT0.0100/27_W_matrix.npy

real	0m42.108s
user	0m0.058s
sys	0m0.088s
112
152
Generating /cluster/projects/nn8008k/lluisa/NextSIM/seas/Fmap_10days/2008_JFM_ic0.5_dt0.0025_DT0.0100/28_W_matrix.npy

real	0m39.761s
user	0m0.072s
sys	0m0.079s
116
156
Generating /cluster/projects/nn8008k/lluisa/NextSIM/seas/Fmap_10days/2008_JFM_ic0.5_dt0.0025_DT0.0100/29_W_matrix.npy

real	0m40.382s
user	0m0.064s
sys	0m0.086s
120
160
Generating /cluster/projects/nn8008k/lluisa/NextSIM/seas/Fmap_10days/2008_JFM_ic0.5_dt0.0025_DT0.0100/30_W_matrix.npy

real	0m44.609s
user	0m0.067s
sys	0m0.081s
124
164
Generating /cluster/projects/nn8008k/lluisa/NextSIM/seas/Fmap_10days/2008_JFM_ic0.5_dt0.0025_DT0.0100/31_W_matrix.npy

real	0m42.165s
user	0m0.064s
sys	0m0.088s
128
168
Generating /cluster/projects/nn8008k/lluisa/NextSIM/seas/Fmap_10days/2008_JFM_ic0.5_dt0.0025_DT0.0100/32_W_matrix.npy

real	0m41.843s
user	0m0.081s
sys	0m0.071s
132
172
Generating /cluster/projects/nn8008k/lluisa/NextSIM/seas/Fmap_10days/2008_JFM_ic0.5_dt0.0025_DT0.0100/33_W_matrix.npy

real	0m45.398s
user	0m0.063s
sys	0m0.092s
136
176
Generating /cluster/projects/nn8008k/lluisa/NextSIM/seas/Fmap_10days/2008_JFM_ic0.5_dt0.0025_DT0.0100/34_W_matrix.npy

real	0m42.389s
user	0m0.072s
sys	0m0.076s
140
180
Generating /cluster/projects/nn8008k/lluisa/NextSIM/seas/Fmap_10days/2008_JFM_ic0.5_dt0.0025_DT0.0100/35_W_matrix.npy

real	0m41.825s
user	0m0.074s
sys	0m0.083s
144
184
Generating /cluster/projects/nn8008k/lluisa/NextSIM/seas/Fmap_10days/2008_JFM_ic0.5_dt0.0025_DT0.0100/36_W_matrix.npy

real	0m43.276s
user	0m0.067s
sys	0m0.078s
148
188
Generating /cluster/projects/nn8008k/lluisa/NextSIM/seas/Fmap_10days/2008_JFM_ic0.5_dt0.0025_DT0.0100/37_W_matrix.npy

real	0m41.138s
user	0m0.066s
sys	0m0.085s
152
192
Generating /cluster/projects/nn8008k/lluisa/NextSIM/seas/Fmap_10days/2008_JFM_ic0.5_dt0.0025_DT0.0100/38_W_matrix.npy

real	0m41.826s
user	0m0.061s
sys	0m0.092s
156
196
Generating /cluster/projects/nn8008k/lluisa/NextSIM/seas/Fmap_10days/2008_JFM_ic0.5_dt0.0025_DT0.0100/39_W_matrix.npy

real	0m46.242s
user	0m0.073s
sys	0m0.080s
160
200
Generating /cluster/projects/nn8008k/lluisa/NextSIM/seas/Fmap_10days/2008_JFM_ic0.5_dt0.0025_DT0.0100/40_W_matrix.npy

real	0m41.507s
user	0m0.066s
sys	0m0.085s
164
204
Generating /cluster/projects/nn8008k/lluisa/NextSIM/seas/Fmap_10days/2008_JFM_ic0.5_dt0.0025_DT0.0100/41_W_matrix.npy

real	0m43.110s
user	0m0.075s
sys	0m0.081s
168
208
Generating /cluster/projects/nn8008k/lluisa/NextSIM/seas/Fmap_10days/2008_JFM_ic0.5_dt0.0025_DT0.0100/42_W_matrix.npy

real	0m42.099s
user	0m0.067s
sys	0m0.082s
172
212
Generating /cluster/projects/nn8008k/lluisa/NextSIM/seas/Fmap_10days/2008_JFM_ic0.5_dt0.0025_DT0.0100/43_W_matrix.npy

real	0m42.374s
user	0m0.062s
sys	0m0.092s
176
216
Generating /cluster/projects/nn8008k/lluisa/NextSIM/seas/Fmap_10days/2008_JFM_ic0.5_dt0.0025_DT0.0100/44_W_matrix.npy

real	0m41.931s
user	0m0.058s
sys	0m0.099s
180
220
Generating /cluster/projects/nn8008k/lluisa/NextSIM/seas/Fmap_10days/2008_JFM_ic0.5_dt0.0025_DT0.0100/45_W_matrix.npy

real	0m45.988s
user	0m0.064s
sys	0m0.093s
184
224
Generating /cluster/projects/nn8008k/lluisa/NextSIM/seas/Fmap_10days/2008_JFM_ic0.5_dt0.0025_DT0.0100/46_W_matrix.npy

real	0m42.849s
user	0m0.065s
sys	0m0.090s
188
228
Generating /cluster/projects/nn8008k/lluisa/NextSIM/seas/Fmap_10days/2008_JFM_ic0.5_dt0.0025_DT0.0100/47_W_matrix.npy

real	0m43.883s
user	0m0.073s
sys	0m0.082s
192
232
Generating /cluster/projects/nn8008k/lluisa/NextSIM/seas/Fmap_10days/2008_JFM_ic0.5_dt0.0025_DT0.0100/48_W_matrix.npy

real	0m46.808s
user	0m0.068s
sys	0m0.088s
196
236
Generating /cluster/projects/nn8008k/lluisa/NextSIM/seas/Fmap_10days/2008_JFM_ic0.5_dt0.0025_DT0.0100/49_W_matrix.npy

real	0m43.989s
user	0m0.070s
sys	0m0.086s
200
240
Generating /cluster/projects/nn8008k/lluisa/NextSIM/seas/Fmap_10days/2008_JFM_ic0.5_dt0.0025_DT0.0100/50_W_matrix.npy

real	0m43.434s
user	0m0.060s
sys	0m0.094s
204
244
Generating /cluster/projects/nn8008k/lluisa/NextSIM/seas/Fmap_10days/2008_JFM_ic0.5_dt0.0025_DT0.0100/51_W_matrix.npy

real	0m43.531s
user	0m0.070s
sys	0m0.081s
208
248
Generating /cluster/projects/nn8008k/lluisa/NextSIM/seas/Fmap_10days/2008_JFM_ic0.5_dt0.0025_DT0.0100/52_W_matrix.npy

real	0m47.216s
user	0m0.088s
sys	0m0.066s
212
252
Generating /cluster/projects/nn8008k/lluisa/NextSIM/seas/Fmap_10days/2008_JFM_ic0.5_dt0.0025_DT0.0100/53_W_matrix.npy

real	0m45.065s
user	0m0.057s
sys	0m0.100s
216
256
Generating /cluster/projects/nn8008k/lluisa/NextSIM/seas/Fmap_10days/2008_JFM_ic0.5_dt0.0025_DT0.0100/54_W_matrix.npy

real	0m43.158s
user	0m0.065s
sys	0m0.090s
220
260
Generating /cluster/projects/nn8008k/lluisa/NextSIM/seas/Fmap_10days/2008_JFM_ic0.5_dt0.0025_DT0.0100/55_W_matrix.npy

real	0m44.627s
user	0m0.082s
sys	0m0.077s
224
264
Generating /cluster/projects/nn8008k/lluisa/NextSIM/seas/Fmap_10days/2008_JFM_ic0.5_dt0.0025_DT0.0100/56_W_matrix.npy

real	0m47.847s
user	0m0.070s
sys	0m0.083s
228
268
Generating /cluster/projects/nn8008k/lluisa/NextSIM/seas/Fmap_10days/2008_JFM_ic0.5_dt0.0025_DT0.0100/57_W_matrix.npy

real	0m45.452s
user	0m0.081s
sys	0m0.080s
232
272
Generating /cluster/projects/nn8008k/lluisa/NextSIM/seas/Fmap_10days/2008_JFM_ic0.5_dt0.0025_DT0.0100/58_W_matrix.npy

real	0m44.040s
user	0m0.078s
sys	0m0.072s
236
276
Generating /cluster/projects/nn8008k/lluisa/NextSIM/seas/Fmap_10days/2008_JFM_ic0.5_dt0.0025_DT0.0100/59_W_matrix.npy

real	0m46.235s
user	0m0.070s
sys	0m0.083s
240
280
Generating /cluster/projects/nn8008k/lluisa/NextSIM/seas/Fmap_10days/2008_JFM_ic0.5_dt0.0025_DT0.0100/60_W_matrix.npy

real	0m44.959s
user	0m0.066s
sys	0m0.086s
244
284
Generating /cluster/projects/nn8008k/lluisa/NextSIM/seas/Fmap_10days/2008_JFM_ic0.5_dt0.0025_DT0.0100/61_W_matrix.npy

real	0m42.765s
user	0m0.075s
sys	0m0.081s
248
288
Generating /cluster/projects/nn8008k/lluisa/NextSIM/seas/Fmap_10days/2008_JFM_ic0.5_dt0.0025_DT0.0100/62_W_matrix.npy

real	0m45.532s
user	0m0.077s
sys	0m0.070s
252
292
Generating /cluster/projects/nn8008k/lluisa/NextSIM/seas/Fmap_10days/2008_JFM_ic0.5_dt0.0025_DT0.0100/63_W_matrix.npy

real	0m45.563s
user	0m0.065s
sys	0m0.094s
256
296
Generating /cluster/projects/nn8008k/lluisa/NextSIM/seas/Fmap_10days/2008_JFM_ic0.5_dt0.0025_DT0.0100/64_W_matrix.npy

real	0m43.125s
user	0m0.061s
sys	0m0.089s
260
300
Generating /cluster/projects/nn8008k/lluisa/NextSIM/seas/Fmap_10days/2008_JFM_ic0.5_dt0.0025_DT0.0100/65_W_matrix.npy

real	0m45.112s
user	0m0.070s
sys	0m0.084s
264
304
Generating /cluster/projects/nn8008k/lluisa/NextSIM/seas/Fmap_10days/2008_JFM_ic0.5_dt0.0025_DT0.0100/66_W_matrix.npy

real	0m42.909s
user	0m0.061s
sys	0m0.096s
268
308
Generating /cluster/projects/nn8008k/lluisa/NextSIM/seas/Fmap_10days/2008_JFM_ic0.5_dt0.0025_DT0.0100/67_W_matrix.npy

real	0m48.697s
user	0m0.068s
sys	0m0.087s
272
312
Generating /cluster/projects/nn8008k/lluisa/NextSIM/seas/Fmap_10days/2008_JFM_ic0.5_dt0.0025_DT0.0100/68_W_matrix.npy

real	0m43.808s
user	0m0.067s
sys	0m0.079s
276
316
Generating /cluster/projects/nn8008k/lluisa/NextSIM/seas/Fmap_10days/2008_JFM_ic0.5_dt0.0025_DT0.0100/69_W_matrix.npy

real	0m44.544s
user	0m0.077s
sys	0m0.087s
280
320
Generating /cluster/projects/nn8008k/lluisa/NextSIM/seas/Fmap_10days/2008_JFM_ic0.5_dt0.0025_DT0.0100/70_W_matrix.npy

real	0m42.383s
user	0m0.071s
sys	0m0.085s
284
324
Generating /cluster/projects/nn8008k/lluisa/NextSIM/seas/Fmap_10days/2008_JFM_ic0.5_dt0.0025_DT0.0100/71_W_matrix.npy

real	0m42.697s
user	0m0.075s
sys	0m0.085s
288
328
Generating /cluster/projects/nn8008k/lluisa/NextSIM/seas/Fmap_10days/2008_JFM_ic0.5_dt0.0025_DT0.0100/72_W_matrix.npy

real	0m44.888s
user	0m0.056s
sys	0m0.099s
292
332
Generating /cluster/projects/nn8008k/lluisa/NextSIM/seas/Fmap_10days/2008_JFM_ic0.5_dt0.0025_DT0.0100/73_W_matrix.npy

real	0m43.439s
user	0m0.080s
sys	0m0.076s
296
336
Generating /cluster/projects/nn8008k/lluisa/NextSIM/seas/Fmap_10days/2008_JFM_ic0.5_dt0.0025_DT0.0100/74_W_matrix.npy

real	0m45.462s
user	0m0.069s
sys	0m0.087s
300
340
Generating /cluster/projects/nn8008k/lluisa/NextSIM/seas/Fmap_10days/2008_JFM_ic0.5_dt0.0025_DT0.0100/75_W_matrix.npy

real	0m44.448s
user	0m0.077s
sys	0m0.074s
304
344
Generating /cluster/projects/nn8008k/lluisa/NextSIM/seas/Fmap_10days/2008_JFM_ic0.5_dt0.0025_DT0.0100/76_W_matrix.npy

real	0m43.387s
user	0m0.058s
sys	0m0.094s
308
348
Generating /cluster/projects/nn8008k/lluisa/NextSIM/seas/Fmap_10days/2008_JFM_ic0.5_dt0.0025_DT0.0100/77_W_matrix.npy

real	0m44.954s
user	0m0.069s
sys	0m0.082s
312
352
Generating /cluster/projects/nn8008k/lluisa/NextSIM/seas/Fmap_10days/2008_JFM_ic0.5_dt0.0025_DT0.0100/78_W_matrix.npy

real	0m44.523s
user	0m0.068s
sys	0m0.081s
316
356
Generating /cluster/projects/nn8008k/lluisa/NextSIM/seas/Fmap_10days/2008_JFM_ic0.5_dt0.0025_DT0.0100/79_W_matrix.npy

real	0m47.521s
user	0m0.065s
sys	0m0.087s
320
360
Generating /cluster/projects/nn8008k/lluisa/NextSIM/seas/Fmap_10days/2008_JFM_ic0.5_dt0.0025_DT0.0100/80_W_matrix.npy

real	0m44.438s
user	0m0.072s
sys	0m0.084s
EBVERSIONNUMACTL=2.0.16
SLURM_JOB_NUM_NODES=16
EBROOTNUMACTL=/cluster/software/numactl/2.0.16-GCCcore-13.2.0
EBDEVELNUMACTL=/cluster/software/numactl/2.0.16-GCCcore-13.2.0/easybuild/numactl-2.0.16-GCCcore-13.2.0-easybuild-devel
OMP_NUM_THREADS=1

Job 6229058 consumed 1434.2 billing hours from project nn8008k.

Submitted 2025-05-04T10:09:19; waited 1.0 seconds in the queue after becoming eligible to run.

Requested wallclock time: 16.0 hours
Elapsed wallclock time:   2.8 hours

Job exited normally.

Task and CPU statistics:
ID              CPUs  Tasks  CPU util                Start  Elapsed  Exit status
6229058          512            0.0 %  2025-05-04T10:09:20    2.8 h  0
6229058.batch     32      1     0.0 %  2025-05-04T10:09:20    2.8 h  0
6229058.python   512    512    30.1 %  2025-05-04T10:09:29    0.0 h  0
6229058.python   512    512    89.7 %  2025-05-04T10:11:45    0.0 h  0
6229058.python   512    512    91.7 %  2025-05-04T10:12:28    0.0 h  0
6229058.python   512    512    89.1 %  2025-05-04T10:13:10    0.0 h  0
6229058.python   512    512    86.8 %  2025-05-04T10:13:53    0.0 h  0
6229058.python   512    512    88.6 %  2025-05-04T10:14:37    0.0 h  0
6229058.python   512    512    79.1 %  2025-05-04T10:15:20    0.0 h  0
6229058.python   512    512    88.2 %  2025-05-04T10:16:08    0.0 h  0
6229058.python   512    512    85.8 %  2025-05-04T10:16:51    0.0 h  0
6229058.python   512    512    83.7 %  2025-05-04T10:17:35    0.0 h  0
6229058.python   512    512    87.4 %  2025-05-04T10:18:20    0.0 h  0
6229058.python   512    512    89.7 %  2025-05-04T10:19:03    0.0 h  0
6229058.python   512    512    84.0 %  2025-05-04T10:19:45    0.0 h  0
6229058.python   512    512    80.6 %  2025-05-04T10:20:30    0.0 h  0
6229058.python   512    512    90.0 %  2025-05-04T10:21:17    0.0 h  0
6229058.python   512    512    88.2 %  2025-05-04T10:21:59    0.0 h  0
6229058.python   512    512    90.5 %  2025-05-04T10:22:42    0.0 h  0
6229058.python   512    512    79.1 %  2025-05-04T10:23:24    0.0 h  0
6229058.python   512    512    87.8 %  2025-05-04T10:24:12    0.0 h  0
6229058.python   512    512    85.9 %  2025-05-04T10:24:55    0.0 h  0
6229058.python   512    512    86.1 %  2025-05-04T10:25:39    0.0 h  0
6229058.python   512    512    84.3 %  2025-05-04T10:26:23    0.0 h  0
6229058.python   512    512    88.3 %  2025-05-04T10:27:08    0.0 h  0
6229058.python   512    512    83.7 %  2025-05-04T10:27:51    0.0 h  0
6229058.python   512    512    87.1 %  2025-05-04T10:28:36    0.0 h  0
6229058.python   512    512    88.4 %  2025-05-04T10:29:19    0.0 h  0
6229058.python   512    512    86.2 %  2025-05-04T10:30:01    0.0 h  0
6229058.python   512    512    90.7 %  2025-05-04T10:30:44    0.0 h  0
6229058.python   512    512    81.4 %  2025-05-04T10:31:25    0.0 h  0
6229058.python   512    512    88.9 %  2025-05-04T10:32:11    0.0 h  0
6229058.python   512    512    85.0 %  2025-05-04T10:32:53    0.0 h  0
6229058.python   512    512    85.0 %  2025-05-04T10:33:37    0.0 h  0
6229058.python   512    512    88.5 %  2025-05-04T10:34:21    0.0 h  0
6229058.python   512    512    82.7 %  2025-05-04T10:35:03    0.0 h  0
6229058.python   512    512    90.1 %  2025-05-04T10:35:48    0.0 h  0
6229058.python   512    512    87.9 %  2025-05-04T10:36:29    0.0 h  0
6229058.python   512    512    80.1 %  2025-05-04T10:37:11    0.0 h  0
6229058.python   512    512    79.7 %  2025-05-04T10:37:57    0.0 h  0
6229058.python   512    512    89.2 %  2025-05-04T10:38:43    0.0 h  0
6229058.python   512    512    81.4 %  2025-05-04T10:39:24    0.0 h  0
6229058.python   512    512    78.9 %  2025-05-04T10:40:09    0.0 h  0
6229058.python   512    512    88.2 %  2025-05-04T10:40:55    0.0 h  0
6229058.python   512    512    79.0 %  2025-05-04T10:41:36    0.0 h  0
6229058.python   512    512    89.8 %  2025-05-04T10:42:22    0.0 h  0
6229058.python   512    512    87.5 %  2025-05-04T10:43:03    0.0 h  0
6229058.python   512    512    89.8 %  2025-05-04T10:43:44    0.0 h  0
6229058.python   512    512    85.7 %  2025-05-04T10:44:24    0.0 h  0
6229058.python   512    512    90.0 %  2025-05-04T10:45:07    0.0 h  0
6229058.python   512    512    81.5 %  2025-05-04T10:45:47    0.0 h  0
6229058.python   512    512    82.4 %  2025-05-04T10:46:31    0.0 h  0
6229058.python   512    512    78.3 %  2025-05-04T10:47:14    0.0 h  0
6229058.python   512    512    85.3 %  2025-05-04T10:47:59    0.0 h  0
6229058.python   512    512    80.6 %  2025-05-04T10:48:40    0.0 h  0
6229058.python   512    512    85.7 %  2025-05-04T10:49:23    0.0 h  0
6229058.python   512    512    86.9 %  2025-05-04T10:50:03    0.0 h  0
6229058.python   512    512    86.7 %  2025-05-04T10:50:42    0.0 h  0
6229058.python   512    512    88.5 %  2025-05-04T10:51:21    0.0 h  0
6229058.python   512    512    79.8 %  2025-05-04T10:51:59    0.0 h  0
6229058.python   512    512    89.3 %  2025-05-04T10:52:41    0.0 h  0
6229058.python   512    512    87.2 %  2025-05-04T10:53:18    0.0 h  0
6229058.python   512    512    84.8 %  2025-05-04T10:53:56    0.0 h  0
6229058.python   512    512    80.0 %  2025-05-04T10:54:35    0.0 h  0
6229058.python   512    512    85.4 %  2025-05-04T10:55:16    0.0 h  0
6229058.python   512    512    88.8 %  2025-05-04T10:55:54    0.0 h  0
6229058.python   512    512    78.3 %  2025-05-04T10:56:30    0.0 h  0
6229058.python   512    512    80.0 %  2025-05-04T10:57:11    0.0 h  0
6229058.python   512    512    85.4 %  2025-05-04T10:57:51    0.0 h  0
6229058.python   512    512    86.2 %  2025-05-04T10:58:23    0.0 h  0
6229058.python   512    512    84.2 %  2025-05-04T10:58:54    0.0 h  0
6229058.python   512    512    88.3 %  2025-05-04T10:59:25    0.0 h  0
6229058.python   512    512    86.5 %  2025-05-04T10:59:54    0.0 h  0
6229058.python   512    512    77.1 %  2025-05-04T11:00:23    0.0 h  0
6229058.python   512    512    84.8 %  2025-05-04T11:00:55    0.0 h  0
6229058.python   512    512    89.1 %  2025-05-04T11:01:24    0.0 h  0
6229058.python   512    512    78.9 %  2025-05-04T11:01:51    0.0 h  0
6229058.python   512    512    86.3 %  2025-05-04T11:02:21    0.0 h  0
6229058.python   512    512    80.8 %  2025-05-04T11:02:48    0.0 h  0
6229058.python   512    512    87.8 %  2025-05-04T11:03:17    0.0 h  0
6229058.python   512    512    86.4 %  2025-05-04T11:03:43    0.0 h  0
6229058.python   512    512    84.3 %  2025-05-04T11:04:09    0.0 h  0
6229058.python   512    512    86.5 %  2025-05-04T11:04:35    0.0 h  0
6229058.python   512    512    84.8 %  2025-05-04T11:05:00    0.0 h  0
6229058.python   512    512    83.4 %  2025-05-04T11:05:25    0.0 h  0
6229058.python   512    512    85.0 %  2025-05-04T11:05:50    0.0 h  0
6229058.python   512    512    86.8 %  2025-05-04T11:06:14    0.0 h  0
6229058.python   512    512    79.5 %  2025-05-04T11:06:37    0.0 h  0
6229058.python   512    512    84.6 %  2025-05-04T11:07:02    0.0 h  0
6229058.python   512    512    86.4 %  2025-05-04T11:07:25    0.0 h  0
6229058.python   512    512    84.2 %  2025-05-04T11:07:47    0.0 h  0
6229058.python   512    512    89.1 %  2025-05-04T11:08:09    0.0 h  0
6229058.python   512    512    83.1 %  2025-05-04T11:08:29    0.0 h  0
6229058.python   512    512    83.9 %  2025-05-04T11:08:50    0.0 h  0
6229058.python   512    512    82.5 %  2025-05-04T11:09:11    0.0 h  0
6229058.python   512    512    84.5 %  2025-05-04T11:09:32    0.0 h  0
6229058.python   512    512    86.9 %  2025-05-04T11:09:52    0.0 h  0
6229058.python   512    512    86.1 %  2025-05-04T11:10:11    0.0 h  0
6229058.python   512    512    81.7 %  2025-05-04T11:10:30    0.0 h  0
6229058.python   512    512    81.2 %  2025-05-04T11:10:50    0.0 h  0
6229058.python   512    512    80.1 %  2025-05-04T11:11:10    0.0 h  0
6229058.python   512    512    82.9 %  2025-05-04T11:11:30    0.0 h  0
6229058.python   512    512    86.4 %  2025-05-04T11:11:49    0.0 h  0
6229058.python   512    512    83.8 %  2025-05-04T11:12:07    0.0 h  0
6229058.python   512    512    83.2 %  2025-05-04T11:12:25    0.0 h  0
6229058.python   512    512    86.6 %  2025-05-04T11:12:43    0.0 h  0
6229058.python   512    512    85.2 %  2025-05-04T11:13:00    0.0 h  0
6229058.python   512    512    79.3 %  2025-05-04T11:13:17    0.0 h  0
6229058.python   512    512    88.4 %  2025-05-04T11:13:35    0.0 h  0
6229058.python   512    512    82.0 %  2025-05-04T11:13:51    0.0 h  0
6229058.python   512    512    84.9 %  2025-05-04T11:14:08    0.0 h  0
6229058.python   512    512    61.6 %  2025-05-04T11:14:24    0.0 h  0
6229058.python   512    512    83.3 %  2025-05-04T11:14:46    0.0 h  0
6229058.python   512    512    86.4 %  2025-05-04T11:15:02    0.0 h  0
6229058.python   512    512    77.4 %  2025-05-04T11:15:17    0.0 h  0
6229058.python   512    512    87.4 %  2025-05-04T11:15:33    0.0 h  0
6229058.python   512    512    81.5 %  2025-05-04T11:15:47    0.0 h  0
6229058.python   512    512    81.4 %  2025-05-04T11:16:02    0.0 h  0
6229058.python   512    512    84.2 %  2025-05-04T11:16:17    0.0 h  0
6229058.python   512    512    78.3 %  2025-05-04T11:16:31    0.0 h  0
6229058.python   512    512    82.2 %  2025-05-04T11:16:46    0.0 h  0
6229058.python   512    512    81.1 %  2025-05-04T11:17:00    0.0 h  0
6229058.python   512    512    86.6 %  2025-05-04T11:17:14    0.0 h  0
6229058.python   512    512    79.7 %  2025-05-04T11:17:27    0.0 h  0
6229058.python   512    512    83.9 %  2025-05-04T11:17:41    0.0 h  0
6229058.python   512    512    76.5 %  2025-05-04T11:17:54    0.0 h  0
6229058.python   512    512    81.6 %  2025-05-04T11:18:08    0.0 h  0
6229058.python   512    512    87.0 %  2025-05-04T11:18:21    0.0 h  0
6229058.python   512    512    79.7 %  2025-05-04T11:18:33    0.0 h  0
6229058.python   512    512    79.8 %  2025-05-04T11:18:46    0.0 h  0
6229058.python   512    512    79.3 %  2025-05-04T11:18:59    0.0 h  0
6229058.python   512    512    76.6 %  2025-05-04T11:19:12    0.0 h  0
6229058.python   512    512    76.6 %  2025-05-04T11:19:25    0.0 h  0
6229058.python   512    512    75.0 %  2025-05-04T11:19:38    0.0 h  0
6229058.python   512    512    80.6 %  2025-05-04T11:19:51    0.0 h  0
6229058.python   512    512    79.2 %  2025-05-04T11:20:03    0.0 h  0
6229058.python   512    512    74.2 %  2025-05-04T11:20:15    0.0 h  0
6229058.python   512    512    85.5 %  2025-05-04T11:20:28    0.0 h  0
6229058.python   512    512    78.8 %  2025-05-04T11:20:39    0.0 h  0
6229058.python   512    512    79.1 %  2025-05-04T11:20:51    0.0 h  0
6229058.python   512    512    78.9 %  2025-05-04T11:21:03    0.0 h  0
6229058.python   512    512    79.4 %  2025-05-04T11:21:15    0.0 h  0
6229058.python   512    512    79.2 %  2025-05-04T11:21:27    0.0 h  0
6229058.python   512    512    79.6 %  2025-05-04T11:21:39    0.0 h  0
6229058.python   512    512    78.9 %  2025-05-04T11:21:51    0.0 h  0
6229058.python   512    512    79.1 %  2025-05-04T11:22:03    0.0 h  0
6229058.python   512    512    79.8 %  2025-05-04T11:22:15    0.0 h  0
6229058.python   512    512    78.9 %  2025-05-04T11:22:27    0.0 h  0
6229058.python   512    512    78.6 %  2025-05-04T11:22:39    0.0 h  0
6229058.python   512    512    79.3 %  2025-05-04T11:22:51    0.0 h  0
6229058.python   512    512    75.6 %  2025-05-04T11:23:04    0.0 h  0
6229058.python   512    512    83.3 %  2025-05-04T11:23:18    0.0 h  0
6229058.python   512    512    79.7 %  2025-05-04T11:23:31    0.0 h  0
6229058.python   512    512    85.9 %  2025-05-04T11:23:45    0.0 h  0
6229058.python   512    512    82.5 %  2025-05-04T11:23:58    0.0 h  0
6229058.python   512    512    79.0 %  2025-05-04T11:24:14    0.0 h  0
6229058.python   512    512    80.1 %  2025-05-04T11:24:29    0.0 h  0
6229058.python   512    512    82.5 %  2025-05-04T11:24:44    0.0 h  0
6229058.python   512    512    83.7 %  2025-05-04T11:24:59    0.0 h  0
6229058.python   512    512    75.4 %  2025-05-04T11:25:14    0.0 h  0
6229058.python   512    512    76.8 %  2025-05-04T11:25:31    0.0 h  0
6229058.python   512    512    83.0 %  2025-05-04T11:25:48    0.0 h  0
6229058.python   512    512    81.5 %  2025-05-04T11:26:04    0.0 h  0
6229058.python   512    512    84.1 %  2025-05-04T11:26:21    0.0 h  0
6229058.python   512    512    81.1 %  2025-05-04T11:26:38    0.0 h  0
6229058.python   512    512    84.3 %  2025-05-04T11:26:56    0.0 h  0
6229058.python   512    512    83.3 %  2025-05-04T11:27:14    0.0 h  0
6229058.python   512    512    85.1 %  2025-05-04T11:27:33    0.0 h  0
6229058.python   512    512    83.3 %  2025-05-04T11:27:52    0.0 h  0
6229058.python   512    512    86.0 %  2025-05-04T11:28:12    0.0 h  0
6229058.python   512    512    80.4 %  2025-05-04T11:28:32    0.0 h  0
6229058.python   512    512    82.2 %  2025-05-04T11:28:54    0.0 h  0
6229058.python   512    512    87.9 %  2025-05-04T11:29:16    0.0 h  0
6229058.python   512    512    85.9 %  2025-05-04T11:29:37    0.0 h  0
6229058.python   512    512    87.6 %  2025-05-04T11:29:59    0.0 h  0
6229058.python   512    512    89.2 %  2025-05-04T11:30:21    0.0 h  0
6229058.python   512    512    86.3 %  2025-05-04T11:30:43    0.0 h  0
6229058.python   512    512    81.1 %  2025-05-04T11:31:06    0.0 h  0
6229058.python   512    512    87.4 %  2025-05-04T11:31:31    0.0 h  0
6229058.python   512    512    85.2 %  2025-05-04T11:31:55    0.0 h  0
6229058.python   512    512    89.8 %  2025-05-04T11:32:20    0.0 h  0
6229058.python   512    512    83.7 %  2025-05-04T11:32:44    0.0 h  0
6229058.python   512    512    86.6 %  2025-05-04T11:33:10    0.0 h  0
6229058.python   512    512    84.7 %  2025-05-04T11:33:35    0.0 h  0
6229058.python   512    512    80.1 %  2025-05-04T11:34:01    0.0 h  0
6229058.python   512    512    78.2 %  2025-05-04T11:34:29    0.0 h  0
6229058.python   512    512    88.1 %  2025-05-04T11:34:58    0.0 h  0
6229058.python   512    512    83.4 %  2025-05-04T11:35:24    0.0 h  0
6229058.python   512    512    78.5 %  2025-05-04T11:35:52    0.0 h  0
6229058.python   512    512    84.6 %  2025-05-04T11:36:22    0.0 h  0
6229058.python   512    512    88.6 %  2025-05-04T11:36:50    0.0 h  0
6229058.python   512    512    83.6 %  2025-05-04T11:37:17    0.0 h  0
6229058.python   512    512    84.4 %  2025-05-04T11:37:46    0.0 h  0
6229058.python   512    512    85.3 %  2025-05-04T11:38:15    0.0 h  0
6229058.python   512    512    77.7 %  2025-05-04T11:38:44    0.0 h  0
6229058.python   512    512    80.4 %  2025-05-04T11:39:16    0.0 h  0
6229058.python   512    512    86.9 %  2025-05-04T11:39:47    0.0 h  0
6229058.python   512    512    84.5 %  2025-05-04T11:40:16    0.0 h  0
6229058.python   512    512    82.7 %  2025-05-04T11:40:46    0.0 h  0
6229058.python   512    512    89.0 %  2025-05-04T11:41:17    0.0 h  0
6229058.python   512    512    83.8 %  2025-05-04T11:41:46    0.0 h  0
6229058.python   512    512    81.9 %  2025-05-04T11:42:17    0.0 h  0
6229058.python   512    512    80.1 %  2025-05-04T11:42:49    0.0 h  0
6229058.python   512    512    85.8 %  2025-05-04T11:43:22    0.0 h  0
6229058.python   512    512    89.2 %  2025-05-04T11:43:53    0.0 h  0
6229058.python   512    512    90.0 %  2025-05-04T11:44:23    0.0 h  0
6229058.python   512    512    78.5 %  2025-05-04T11:44:53    0.0 h  0
6229058.python   512    512    81.6 %  2025-05-04T11:45:28    0.0 h  0
6229058.python   512    512    83.8 %  2025-05-04T11:46:02    0.0 h  0
6229058.python   512    512    85.0 %  2025-05-04T11:46:35    0.0 h  0
6229058.python   512    512    88.2 %  2025-05-04T11:47:08    0.0 h  0
6229058.python   512    512    89.0 %  2025-05-04T11:47:40    0.0 h  0
6229058.python   512    512    82.3 %  2025-05-04T11:48:12    0.0 h  0
6229058.python   512    512    80.9 %  2025-05-04T11:48:47    0.0 h  0
6229058.python   512    512    86.1 %  2025-05-04T11:49:23    0.0 h  0
6229058.python   512    512    84.7 %  2025-05-04T11:49:57    0.0 h  0
6229058.python   512    512    91.3 %  2025-05-04T11:50:32    0.0 h  0
6229058.python   512    512    90.0 %  2025-05-04T11:51:05    0.0 h  0
6229058.python   512    512    84.1 %  2025-05-04T11:51:39    0.0 h  0
6229058.python   512    512    84.7 %  2025-05-04T11:52:16    0.0 h  0
6229058.python   512    512    91.0 %  2025-05-04T11:52:53    0.0 h  0
6229058.python   512    512    84.2 %  2025-05-04T11:53:28    0.0 h  0
6229058.python   512    512    87.0 %  2025-05-04T11:54:06    0.0 h  0
6229058.python   512    512    85.1 %  2025-05-04T11:54:43    0.0 h  0
6229058.python   512    512    87.7 %  2025-05-04T11:55:21    0.0 h  0
6229058.python   512    512    82.3 %  2025-05-04T11:55:58    0.0 h  0
6229058.python   512    512    89.7 %  2025-05-04T11:56:38    0.0 h  0
6229058.python   512    512    87.6 %  2025-05-04T11:57:15    0.0 h  0
6229058.python   512    512    87.6 %  2025-05-04T11:57:53    0.0 h  0
6229058.python   512    512    83.5 %  2025-05-04T11:58:33    0.0 h  0
6229058.python   512    512    84.1 %  2025-05-04T11:59:13    0.0 h  0
6229058.python   512    512    91.2 %  2025-05-04T11:59:54    0.0 h  0
6229058.python   512    512    86.8 %  2025-05-04T12:00:32    0.0 h  0
6229058.python   512    512    79.6 %  2025-05-04T12:01:12    0.0 h  0
6229058.python   512    512    79.6 %  2025-05-04T12:01:56    0.0 h  0
6229058.python   512    512    87.1 %  2025-05-04T12:02:40    0.0 h  0
6229058.python   512    512    85.3 %  2025-05-04T12:03:20    0.0 h  0
6229058.python   512    512    85.0 %  2025-05-04T12:04:01    0.0 h  0
6229058.python   512    512    85.1 %  2025-05-04T12:04:42    0.0 h  0
6229058.python   512    512    81.3 %  2025-05-04T12:05:23    0.0 h  0
6229058.python   512    512    88.9 %  2025-05-04T12:06:06    0.0 h  0
6229058.python   512    512    87.4 %  2025-05-04T12:06:46    0.0 h  0
6229058.python   512    512    87.6 %  2025-05-04T12:07:27    0.0 h  0
6229058.python   512    512    85.7 %  2025-05-04T12:08:07    0.0 h  0
6229058.python   512    512    85.7 %  2025-05-04T12:08:48    0.0 h  0
6229058.python   512    512    85.9 %  2025-05-04T12:09:29    0.0 h  0
6229058.python   512    512    83.6 %  2025-05-04T12:10:10    0.0 h  0
6229058.python   512    512    85.8 %  2025-05-04T12:10:52    0.0 h  0
6229058.python   512    512    86.0 %  2025-05-04T12:11:33    0.0 h  0
6229058.python   512    512    81.2 %  2025-05-04T12:12:14    0.0 h  0
6229058.python   512    512    86.7 %  2025-05-04T12:12:58    0.0 h  0
6229058.python   512    512    87.3 %  2025-05-04T12:13:39    0.0 h  0
6229058.python   512    512    85.1 %  2025-05-04T12:14:20    0.0 h  0
6229058.python   512    512    87.1 %  2025-05-04T12:15:02    0.0 h  0
6229058.python   512    512    85.4 %  2025-05-04T12:15:43    0.0 h  0
6229058.python   512    512    81.8 %  2025-05-04T12:16:25    0.0 h  0
6229058.python   512    512    87.6 %  2025-05-04T12:17:09    0.0 h  0
6229058.python   512    512    85.9 %  2025-05-04T12:17:50    0.0 h  0
6229058.python   512    512    90.2 %  2025-05-04T12:18:32    0.0 h  0
6229058.python   512    512    88.1 %  2025-05-04T12:19:12    0.0 h  0
6229058.python   512    512    82.4 %  2025-05-04T12:19:53    0.0 h  0
6229058.python   512    512    87.2 %  2025-05-04T12:20:37    0.0 h  0
6229058.python   512    512    86.8 %  2025-05-04T12:21:19    0.0 h  0
6229058.python   512    512    79.5 %  2025-05-04T12:22:01    0.0 h  0
6229058.python   512    512    87.4 %  2025-05-04T12:22:47    0.0 h  0
6229058.python   512    512    87.6 %  2025-05-04T12:23:29    0.0 h  0
6229058.python   512    512    85.3 %  2025-05-04T12:24:11    0.0 h  0
6229058.python   512    512    89.3 %  2025-05-04T12:24:54    0.0 h  0
6229058.python   512    512    87.6 %  2025-05-04T12:25:35    0.0 h  0
6229058.python   512    512    80.2 %  2025-05-04T12:26:17    0.0 h  0
6229058.python   512    512    87.7 %  2025-05-04T12:27:03    0.0 h  0
6229058.python   512    512    85.8 %  2025-05-04T12:27:45    0.0 h  0
6229058.python   512    512    88.0 %  2025-05-04T12:28:28    0.0 h  0
6229058.python   512    512    88.4 %  2025-05-04T12:29:10    0.0 h  0
6229058.python   512    512    87.7 %  2025-05-04T12:29:52    0.0 h  0
6229058.python   512    512    79.9 %  2025-05-04T12:30:34    0.0 h  0
6229058.python   512    512    86.0 %  2025-05-04T12:31:20    0.0 h  0
6229058.python   512    512    84.3 %  2025-05-04T12:32:03    0.0 h  0
6229058.python   512    512    79.4 %  2025-05-04T12:32:47    0.0 h  0
6229058.python   512    512    85.3 %  2025-05-04T12:33:34    0.0 h  0
6229058.python   512    512    87.1 %  2025-05-04T12:34:18    0.0 h  0
6229058.python   512    512    85.8 %  2025-05-04T12:35:01    0.0 h  0
6229058.python   512    512    80.8 %  2025-05-04T12:35:45    0.0 h  0
6229058.python   512    512    84.7 %  2025-05-04T12:36:32    0.0 h  0
6229058.python   512    512    88.8 %  2025-05-04T12:37:17    0.0 h  0
6229058.python   512    512    85.2 %  2025-05-04T12:38:00    0.0 h  0
6229058.python   512    512    79.6 %  2025-05-04T12:38:45    0.0 h  0
6229058.python   512    512    84.9 %  2025-05-04T12:39:33    0.0 h  0
6229058.python   512    512    86.6 %  2025-05-04T12:40:18    0.0 h  0
6229058.python   512    512    83.9 %  2025-05-04T12:41:02    0.0 h  0
6229058.python   512    512    85.4 %  2025-05-04T12:41:48    0.0 h  0
6229058.python   512    512    89.3 %  2025-05-04T12:42:33    0.0 h  0
6229058.python   512    512    83.4 %  2025-05-04T12:43:16    0.0 h  0
6229058.python   512    512    85.9 %  2025-05-04T12:44:02    0.0 h  0
6229058.python   512    512    89.5 %  2025-05-04T12:44:47    0.0 h  0
6229058.python   512    512    85.8 %  2025-05-04T12:45:30    0.0 h  0
6229058.python   512    512    89.8 %  2025-05-04T12:46:15    0.0 h  0
6229058.python   512    512    79.5 %  2025-05-04T12:46:58    0.0 h  0
6229058.python   512    512    88.3 %  2025-05-04T12:47:47    0.0 h  0
6229058.python   512    512    87.8 %  2025-05-04T12:48:31    0.0 h  0
6229058.python   512    512    89.3 %  2025-05-04T12:49:15    0.0 h  0
6229058.python   512    512    91.4 %  2025-05-04T12:49:58    0.0 h  0
6229058.python   512    512    85.6 %  2025-05-04T12:50:40    0.0 h  0
6229058.python   512    512    88.0 %  2025-05-04T12:51:25    0.0 h  0
6229058.python   512    512    86.2 %  2025-05-04T12:52:09    0.0 h  0
6229058.python   512    512    85.6 %  2025-05-04T12:52:54    0.0 h  0
6229058.python   512    512    89.6 %  2025-05-04T12:53:39    0.0 h  0
6229058.python   512    512    85.4 %  2025-05-04T12:54:22    0.0 h  0
6229058.python   512    512    85.2 %  2025-05-04T12:55:07    0.0 h  0
6229058.python   512    512    82.0 %  2025-05-04T12:55:52    0.0 h  0
6229058.python   512    512    85.0 %  2025-05-04T12:56:39    0.0 h  0

Used CPU time:   50.2 CPU days
Unused CPU time: 9.6 CPU days

Memory statistics, in GiB:
ID               Alloc   Usage
6229058          944.0        
6229058.batch     59.0     0.0
6229058.python   944.0   302.6
6229058.python   944.0   297.6
6229058.python   944.0   298.1
6229058.python   944.0   297.5
6229058.python   944.0   297.1
6229058.python   944.0   296.7
6229058.python   944.0   295.7
6229058.python   944.0   296.2
6229058.python   944.0   295.3
6229058.python   944.0   295.2
6229058.python   944.0   295.0
6229058.python   944.0   295.4
6229058.python   944.0   295.5
6229058.python   944.0   295.6
6229058.python   944.0   295.8
6229058.python   944.0   296.2
6229058.python   944.0   296.6
6229058.python   944.0   295.7
6229058.python   944.0   295.8
6229058.python   944.0   295.7
6229058.python   944.0   296.0
6229058.python   944.0   296.2
6229058.python   944.0   296.3
6229058.python   944.0   295.2
6229058.python   944.0   294.5
6229058.python   944.0   293.5
6229058.python   944.0   293.3
6229058.python   944.0   293.7
6229058.python   944.0   294.1
6229058.python   944.0   294.2
6229058.python   944.0   294.4
6229058.python   944.0   294.2
6229058.python   944.0   293.7
6229058.python   944.0   293.6
6229058.python   944.0   293.0
6229058.python   944.0   293.0
6229058.python   944.0   292.0
6229058.python   944.0   291.7
6229058.python   944.0   291.7
6229058.python   944.0   291.5
6229058.python   944.0   290.4
6229058.python   944.0   290.3
6229058.python   944.0   290.5
6229058.python   944.0   289.3
6229058.python   944.0   289.2
6229058.python   944.0   289.5
6229058.python   944.0   289.6
6229058.python   944.0   289.8
6229058.python   944.0   288.9
6229058.python   944.0   287.5
6229058.python   944.0   286.9
6229058.python   944.0   286.0
6229058.python   944.0   284.9
6229058.python   944.0   283.9
6229058.python   944.0   282.4
6229058.python   944.0   282.2
6229058.python   944.0   281.7
6229058.python   944.0   280.9
6229058.python   944.0   279.7
6229058.python   944.0   279.9
6229058.python   944.0   279.8
6229058.python   944.0   278.7
6229058.python   944.0   277.5
6229058.python   944.0   276.0
6229058.python   944.0   276.1
6229058.python   944.0   275.9
6229058.python   944.0   126.6
6229058.python   944.0   126.4
6229058.python   944.0   126.2
6229058.python   944.0    85.4
6229058.python   944.0    86.6
6229058.python   944.0   126.4
6229058.python   944.0    84.0
6229058.python   944.0    83.5
6229058.python   944.0    85.7
6229058.python   944.0    84.6
6229058.python   944.0    86.1
6229058.python   944.0    88.7
6229058.python   944.0    87.4
6229058.python   944.0    84.4
6229058.python   944.0    83.5
6229058.python   944.0    85.5
6229058.python   944.0    82.4
6229058.python   944.0    83.0
6229058.python   944.0    84.2
6229058.python   944.0    84.4
6229058.python   944.0    84.4
6229058.python   944.0    85.4
6229058.python   944.0    86.3
6229058.python   944.0    83.7
6229058.python   944.0    85.2
6229058.python   944.0    83.8
6229058.python   944.0    84.0
6229058.python   944.0    86.4
6229058.python   944.0    84.1
6229058.python   944.0    86.0
6229058.python   944.0    85.3
6229058.python   944.0    85.3
6229058.python   944.0    85.3
6229058.python   944.0    85.5
6229058.python   944.0    84.6
6229058.python   944.0    84.8
6229058.python   944.0    86.0
6229058.python   944.0    87.5
6229058.python   944.0    86.7
6229058.python   944.0    85.6
6229058.python   944.0    83.6
6229058.python   944.0    84.7
6229058.python   944.0    84.8
6229058.python   944.0    79.8
6229058.python   944.0    81.7
6229058.python   944.0    85.1
6229058.python   944.0    81.5
6229058.python   944.0    85.1
6229058.python   944.0    82.6
6229058.python   944.0    83.5
6229058.python   944.0    83.8
6229058.python   944.0    84.3
6229058.python   944.0    83.2
6229058.python   944.0    83.0
6229058.python   944.0    82.6
6229058.python   944.0    84.4
6229058.python   944.0    84.3
6229058.python   944.0    84.6
6229058.python   944.0    82.8
6229058.python   944.0    82.7
6229058.python   944.0    84.3
6229058.python   944.0    86.4
6229058.python   944.0    83.3
6229058.python   944.0    84.5
6229058.python   944.0    83.4
6229058.python   944.0    84.8
6229058.python   944.0    84.3
6229058.python   944.0    85.0
6229058.python   944.0    84.8
6229058.python   944.0    83.9
6229058.python   944.0    83.4
6229058.python   944.0    83.7
6229058.python   944.0    84.4
6229058.python   944.0    85.1
6229058.python   944.0    85.8
6229058.python   944.0    85.2
6229058.python   944.0    83.2
6229058.python   944.0    85.4
6229058.python   944.0    82.0
6229058.python   944.0    83.3
6229058.python   944.0    84.0
6229058.python   944.0    83.9
6229058.python   944.0    86.0
6229058.python   944.0    84.9
6229058.python   944.0    84.4
6229058.python   944.0    83.2
6229058.python   944.0    84.9
6229058.python   944.0    84.8
6229058.python   944.0    85.8
6229058.python   944.0    82.7
6229058.python   944.0    85.8
6229058.python   944.0    85.2
6229058.python   944.0    85.8
6229058.python   944.0    85.3
6229058.python   944.0    84.1
6229058.python   944.0    82.5
6229058.python   944.0    83.9
6229058.python   944.0    81.9
6229058.python   944.0    84.3
6229058.python   944.0    84.3
6229058.python   944.0    82.9
6229058.python   944.0    85.6
6229058.python   944.0    85.4
6229058.python   944.0    87.0
6229058.python   944.0    85.7
6229058.python   944.0    84.9
6229058.python   944.0    85.7
6229058.python   944.0    85.7
6229058.python   944.0    85.9
6229058.python   944.0    86.2
6229058.python   944.0    83.6
6229058.python   944.0    87.1
6229058.python   944.0    83.7
6229058.python   944.0    84.6
6229058.python   944.0    85.2
6229058.python   944.0    86.7
6229058.python   944.0    84.9
6229058.python   944.0    85.4
6229058.python   944.0    84.0
6229058.python   944.0    85.0
6229058.python   944.0    83.6
6229058.python   944.0    85.7
6229058.python   944.0    82.8
6229058.python   944.0    84.1
6229058.python   944.0    85.7
6229058.python   944.0    83.8
6229058.python   944.0   126.4
6229058.python   944.0   126.3
6229058.python   944.0    86.4
6229058.python   944.0    83.3
6229058.python   944.0   126.0
6229058.python   944.0    83.9
6229058.python   944.0   125.9
6229058.python   944.0   126.4
6229058.python   944.0   126.4
6229058.python   944.0   126.4
6229058.python   944.0    83.3
6229058.python   944.0    83.1
6229058.python   944.0   126.9
6229058.python   944.0   126.9
6229058.python   944.0   127.1
6229058.python   944.0   127.4
6229058.python   944.0   127.5
6229058.python   944.0   128.8
6229058.python   944.0   133.8
6229058.python   944.0   162.3
6229058.python   944.0   212.1
6229058.python   944.0   264.0
6229058.python   944.0   269.7
6229058.python   944.0   271.5
6229058.python   944.0   273.0
6229058.python   944.0   273.7
6229058.python   944.0   275.8
6229058.python   944.0   275.8
6229058.python   944.0   276.3
6229058.python   944.0   277.3
6229058.python   944.0   277.5
6229058.python   944.0   279.1
6229058.python   944.0   280.2
6229058.python   944.0   280.5
6229058.python   944.0   280.6
6229058.python   944.0   280.5
6229058.python   944.0   284.7
6229058.python   944.0   285.3
6229058.python   944.0   285.4
6229058.python   944.0   285.9
6229058.python   944.0   286.0
6229058.python   944.0   285.6
6229058.python   944.0   285.9
6229058.python   944.0   285.8
6229058.python   944.0   285.6
6229058.python   944.0   285.9
6229058.python   944.0   285.1
6229058.python   944.0   285.8
6229058.python   944.0   286.3
6229058.python   944.0   286.6
6229058.python   944.0   286.6
6229058.python   944.0   286.7
6229058.python   944.0   286.5
6229058.python   944.0   286.9
6229058.python   944.0   287.2
6229058.python   944.0   287.6
6229058.python   944.0   288.1
6229058.python   944.0   288.6
6229058.python   944.0   288.5
6229058.python   944.0   288.4
6229058.python   944.0   289.3
6229058.python   944.0   289.1
6229058.python   944.0   289.4
6229058.python   944.0   289.8
6229058.python   944.0   290.1
6229058.python   944.0   290.1
6229058.python   944.0   289.9
6229058.python   944.0   291.2
6229058.python   944.0   290.7
6229058.python   944.0   290.9
6229058.python   944.0   291.8
6229058.python   944.0   291.8
6229058.python   944.0   291.7
6229058.python   944.0   291.6
6229058.python   944.0   292.2
6229058.python   944.0   292.3
6229058.python   944.0   292.5
6229058.python   944.0   292.6
6229058.python   944.0   292.9
6229058.python   944.0   293.2
6229058.python   944.0   292.3
6229058.python   944.0   291.8
6229058.python   944.0   292.9
6229058.python   944.0   292.9
6229058.python   944.0   293.5
6229058.python   944.0   294.5
6229058.python   944.0   294.5
6229058.python   944.0   295.2
6229058.python   944.0   295.8
6229058.python   944.0   296.5
6229058.python   944.0   296.9
6229058.python   944.0   297.3
6229058.python   944.0   296.6
6229058.python   944.0   296.9
6229058.python   944.0   296.7
6229058.python   944.0   298.0
6229058.python   944.0   297.6
6229058.python   944.0   297.3
6229058.python   944.0   297.5
6229058.python   944.0   298.2
6229058.python   944.0   298.0
6229058.python   944.0   298.3
6229058.python   944.0   298.5
6229058.python   944.0   299.1
6229058.python   944.0   299.2
6229058.python   944.0   298.4
6229058.python   944.0   297.9
6229058.python   944.0   297.6
6229058.python   944.0   297.9
6229058.python   944.0   298.6
6229058.python   944.0   298.8
6229058.python   944.0   298.1
6229058.python   944.0   298.1
6229058.python   944.0   297.5
6229058.python   944.0   297.3
6229058.python   944.0   297.8
6229058.python   944.0   297.2

Job 6229058 completed at Sun May 4 12:57:24 CEST 2025
