Starting job 6075428 on c6-11 on fram at Tue Feb 4 10:54:26 CET 2025


Currently Loaded Modules:
  1) StdEnv (S)

  Where:
   S:  Module is Sticky, requires --force to unload or purge

 

Directory '/cluster/projects/nn8008k/lluisa/NextSIM/rotated_ice_velocities/seas/AMJ/Fmap/2009_AMJ_ic0.5_dt0.0010_DT0.1000/' is ready.
Reading the input data
Interpolating to a regular grid
Latitude grid shape: (507, 449)
Longitude grid shape: (507, 449)
Generate interpolators for the advection
Time taken for parallel computation to generate the velocity interpolator objects: 4.09 seconds
Advecting
7
The number of trajectories leaving the domain is: 13
The number of trajectories leaving the domain is: 6
Advecting trajectories
Ploting the advected trajectories
The number of trajectories with vanishing velocity is 314

real	32m54.280s
user	0m0.009s
sys	0m0.010s
OMP_NUM_THREADS=32

Job 6075428 consumed 17.6 billing hours from project nn8008k.

Submitted 2025-02-04T10:54:15; waited 10.0 seconds in the queue after becoming eligible to run.

Requested wallclock time: 24.0 hours
Elapsed wallclock time:   32.9 minutes

Job exited normally.

Task and CPU statistics:
ID              CPUs  Tasks  CPU util                Start   Elapsed  Exit status
6075428           32            0.0 %  2025-02-04T10:54:25  1975.0 s  0
6075428.batch     32      1     0.0 %  2025-02-04T10:54:25  1975.0 s  0
6075428.python    32      1    15.5 %  2025-02-04T10:54:26  1974.0 s  0

Used CPU time:   2.7 CPU hours
Unused CPU time: 14.8 CPU hours

Memory statistics, in GiB:
ID               Alloc   Usage
6075428           59.0        
6075428.batch     59.0     0.0
6075428.python    59.0    44.4

Job 6075428 completed at Tue Feb 4 11:27:21 CET 2025
