Starting job 6075672 on c75-10 on fram at Tue Feb 4 11:25:33 CET 2025


Currently Loaded Modules:
  1) StdEnv (S)

  Where:
   S:  Module is Sticky, requires --force to unload or purge

 

Directory '/cluster/projects/nn8008k/lluisa/NextSIM/rotated_ice_velocities/seas/JFM/Fmap/2010_JFM_ic0.5_dt0.0010_DT0.1000/' is ready.
Reading the input data
Interpolating to a regular grid
Latitude grid shape: (507, 449)
Longitude grid shape: (507, 449)
Generate interpolators for the advection
Time taken for parallel computation to generate the velocity interpolator objects: 3.93 seconds
Advecting
4
The number of trajectories leaving the domain is: 9
The number of trajectories leaving the domain is: 0
Advecting trajectories
Ploting the advected trajectories
The number of trajectories with vanishing velocity is 22

real	32m16.425s
user	0m0.013s
sys	0m0.008s
OMP_NUM_THREADS=32

Job 6075672 consumed 17.2 billing hours from project nn8008k.

Submitted 2025-02-04T11:25:12; waited 20.0 seconds in the queue after becoming eligible to run.

Requested wallclock time: 24.0 hours
Elapsed wallclock time:   32.3 minutes

Job exited normally.

Task and CPU statistics:
ID              CPUs  Tasks  CPU util                Start   Elapsed  Exit status
6075672           32            0.0 %  2025-02-04T11:25:32  1938.0 s  0
6075672.batch     32      1     0.0 %  2025-02-04T11:25:32  1938.0 s  0
6075672.python    32      1    15.2 %  2025-02-04T11:25:34  1936.0 s  0

Used CPU time:   2.6 CPU hours
Unused CPU time: 14.6 CPU hours

Memory statistics, in GiB:
ID               Alloc   Usage
6075672           59.0        
6075672.batch     59.0     0.0
6075672.python    59.0    43.9

Job 6075672 completed at Tue Feb 4 11:57:51 CET 2025
