Starting job 6075427 on c75-2 on fram at Tue Feb 4 10:53:56 CET 2025


Currently Loaded Modules:
  1) StdEnv (S)

  Where:
   S:  Module is Sticky, requires --force to unload or purge

 

Directory '/cluster/projects/nn8008k/lluisa/NextSIM/rotated_ice_velocities/seas/AMJ/Fmap/2010_AMJ_ic0.5_dt0.0010_DT0.1000/' is ready.
Reading the input data
Interpolating to a regular grid
Latitude grid shape: (507, 449)
Longitude grid shape: (507, 449)
Generate interpolators for the advection
Time taken for parallel computation to generate the velocity interpolator objects: 4.02 seconds
Advecting
18
The number of trajectories leaving the domain is: 27
The number of trajectories leaving the domain is: 0
Advecting trajectories
Ploting the advected trajectories
The number of trajectories with vanishing velocity is 255

real	34m10.322s
user	0m0.010s
sys	0m0.009s
OMP_NUM_THREADS=32

Job 6075427 consumed 18.2 billing hours from project nn8008k.

Submitted 2025-02-04T10:53:34; waited 21.0 seconds in the queue after becoming eligible to run.

Requested wallclock time: 24.0 hours
Elapsed wallclock time:   34.2 minutes

Job exited normally.

Task and CPU statistics:
ID              CPUs  Tasks  CPU util                Start   Elapsed  Exit status
6075427           32            0.0 %  2025-02-04T10:53:55  2052.0 s  0
6075427.batch     32      1     0.0 %  2025-02-04T10:53:55  2052.0 s  0
6075427.python    32      1    15.1 %  2025-02-04T10:53:57  2050.0 s  0

Used CPU time:   2.7 CPU hours
Unused CPU time: 15.5 CPU hours

Memory statistics, in GiB:
ID               Alloc   Usage
6075427           59.0        
6075427.batch     59.0     0.0
6075427.python    59.0    43.1

Job 6075427 completed at Tue Feb 4 11:28:07 CET 2025
