Starting job 6075687 on c44-4 on fram at Tue Feb 4 11:31:08 CET 2025


Currently Loaded Modules:
  1) StdEnv (S)

  Where:
   S:  Module is Sticky, requires --force to unload or purge

 

Directory '/cluster/projects/nn8008k/lluisa/NextSIM/rotated_ice_velocities/seas/OND/Fmap_tests/2010_OND_ic0.5_dt0.0010_DT0.1000/' is ready.
Reading the input data
Interpolating to a regular grid
Latitude grid shape: (507, 449)
Longitude grid shape: (507, 449)
Generate interpolators for the advection
Time taken for parallel computation to generate the velocity interpolator objects: 0.69 seconds
Advecting
0
The number of trajectories leaving the domain is: 0
The number of trajectories leaving the domain is: 0
Advecting trajectories
Ploting the advected trajectories
The number of trajectories with vanishing velocity is 1

real	0m58.638s
user	0m0.014s
sys	0m0.004s
OMP_NUM_THREADS=10

Job 6075687 consumed 0.5 billing hours from project nn8008k.

Submitted 2025-02-04T11:30:39; waited 28.0 seconds in the queue after becoming eligible to run.

Requested wallclock time: 24.0 hours
Elapsed wallclock time:   60.0 seconds

Job exited normally.

Task and CPU statistics:
ID              CPUs  Tasks  CPU util                Start  Elapsed  Exit status
6075687           32            0.0 %  2025-02-04T11:31:07   60.0 s  0
6075687.batch     32      1     0.0 %  2025-02-04T11:31:07   60.0 s  0
6075687.python    10      1    58.2 %  2025-02-04T11:31:08   59.0 s  0

Used CPU time:   5.7 CPU minutes
Unused CPU time: 26.3 CPU minutes

Memory statistics, in GiB:
ID               Alloc   Usage
6075687           59.0        
6075687.batch     59.0     0.0
6075687.python    59.0     2.9

Job 6075687 completed at Tue Feb 4 11:32:07 CET 2025
