Starting job 6075435 on c9-4 on fram at Tue Feb 4 10:55:56 CET 2025


Currently Loaded Modules:
  1) StdEnv (S)

  Where:
   S:  Module is Sticky, requires --force to unload or purge

 

Directory '/cluster/projects/nn8008k/lluisa/NextSIM/rotated_ice_velocities/seas/JAS/Fmap/2009_JAS_ic0.5_dt0.0010_DT0.1000/' is ready.
Reading the input data
Interpolating to a regular grid
Latitude grid shape: (507, 449)
Longitude grid shape: (507, 449)
Generate interpolators for the advection
Time taken for parallel computation to generate the velocity interpolator objects: 4.23 seconds
Advecting
0
The number of trajectories leaving the domain is: 0
The number of trajectories leaving the domain is: 0
Advecting trajectories
Ploting the advected trajectories
The number of trajectories with vanishing velocity is 1130

real	33m41.181s
user	0m0.011s
sys	0m0.010s
OMP_NUM_THREADS=32

Job 6075435 consumed 18.0 billing hours from project nn8008k.

Submitted 2025-02-04T10:55:49; waited 6.0 seconds in the queue after becoming eligible to run.

Requested wallclock time: 24.0 hours
Elapsed wallclock time:   33.7 minutes

Job exited normally.

Task and CPU statistics:
ID              CPUs  Tasks  CPU util                Start   Elapsed  Exit status
6075435           32            0.0 %  2025-02-04T10:55:55  2023.0 s  0
6075435.batch     32      1     0.0 %  2025-02-04T10:55:55  2023.0 s  0
6075435.python    32      1    14.6 %  2025-02-04T10:55:57  2021.0 s  0

Used CPU time:   2.6 CPU hours
Unused CPU time: 15.4 CPU hours

Memory statistics, in GiB:
ID               Alloc   Usage
6075435           59.0        
6075435.batch     59.0     0.0
6075435.python    59.0    44.6

Job 6075435 completed at Tue Feb 4 11:29:38 CET 2025
