Starting job 6233862 on c74-11 on fram at Tue May 13 12:54:17 CEST 2025


Currently Loaded Modules:
  1) StdEnv (S)

  Where:
   S:  Module is Sticky, requires --force to unload or purge

 


The following have been reloaded with a version change:
  1) FFTW/3.3.10-GCC-13.3.0 => FFTW/3.3.10-GCC-11.3.0
  2) FlexiBLAS/3.4.4-GCC-13.3.0 => FlexiBLAS/3.2.0-GCC-11.3.0
  3) GCC/13.3.0 => GCC/11.3.0
  4) GCCcore/13.3.0 => GCCcore/11.3.0
  5) OpenBLAS/0.3.27-GCC-13.3.0 => OpenBLAS/0.3.20-GCC-11.3.0
  6) OpenSSL/3 => OpenSSL/1.1
  7) Python/3.12.3-GCCcore-13.3.0 => Python/3.10.4-GCCcore-11.3.0
  8) SQLite/3.45.3-GCCcore-13.3.0 => SQLite/3.38.3-GCCcore-11.3.0
  9) SciPy-bundle/2024.05-gfbf-2024a => SciPy-bundle/2022.05-foss-2022a
 10) Tcl/8.6.14-GCCcore-13.3.0 => Tcl/8.6.12-GCCcore-11.3.0
 11) XZ/5.4.5-GCCcore-13.3.0 => XZ/5.2.5-GCCcore-11.3.0
 12) binutils/2.42-GCCcore-13.3.0 => binutils/2.38-GCCcore-11.3.0
 13) bzip2/1.0.8-GCCcore-13.3.0 => bzip2/1.0.8-GCCcore-11.3.0
 14) gzip/1.13-GCCcore-13.3.0 => gzip/1.12-GCCcore-11.3.0
 15) libffi/3.4.5-GCCcore-13.3.0 => libffi/3.4.2-GCCcore-11.3.0
 16) libreadline/8.2-GCCcore-13.3.0 => libreadline/8.1.2-GCCcore-11.3.0
 17) lz4/1.9.4-GCCcore-13.3.0 => lz4/1.9.3-GCCcore-11.3.0
 18) ncurses/6.5-GCCcore-13.3.0 => ncurses/6.3-GCCcore-11.3.0
 19) pybind11/2.12.0-GCC-13.3.0 => pybind11/2.9.2-GCCcore-11.3.0
 20) zlib/1.3.1-GCCcore-13.3.0 => zlib/1.2.12-GCCcore-11.3.0
 21) zstd/1.5.6-GCCcore-13.3.0 => zstd/1.5.2-GCCcore-11.3.0

Generating /cluster/projects/nn8008k/lluisa/NextSIM/seas//Fmap/FTLEdx0.100_dy0.100_dt1.000_grid_ratio0.010/JAS_2006_FTLE.npy

real	3m31.666s
user	0m0.023s
sys	0m0.063s
EBVERSIONNUMACTL=2.0.14
SLURM_JOB_NUM_NODES=1
EBROOTNUMACTL=/cluster/software/numactl/2.0.14-GCCcore-11.3.0
EBDEVELNUMACTL=/cluster/software/numactl/2.0.14-GCCcore-11.3.0/easybuild/numactl-2.0.14-GCCcore-11.3.0-easybuild-devel
OMP_NUM_THREADS=32

Job 6233862 consumed 1.9 billing hours from project nn8008k.

Submitted 2025-05-13T12:54:01; waited 15.0 seconds in the queue after becoming eligible to run.

Requested wallclock time: 6.3 hours
Elapsed wallclock time:   3.6 minutes

Job exited normally.

Task and CPU statistics:
ID              CPUs  Tasks  CPU util                Start  Elapsed  Exit status
6233862           32            0.0 %  2025-05-13T12:54:16  217.0 s  0
6233862.batch     32      1     0.1 %  2025-05-13T12:54:16  217.0 s  0
6233862.python    32      1    34.9 %  2025-05-13T12:54:22  211.0 s  0

Used CPU time:   39.4 CPU minutes
Unused CPU time: 1.3 CPU hours

Memory statistics, in GiB:
ID               Alloc   Usage
6233862           59.0        
6233862.batch     59.0     0.0
6233862.python    59.0    31.0

Job 6233862 completed at Tue May 13 12:57:54 CEST 2025
Starting job 6233943 on c75-2 on fram at Tue May 13 13:04:18 CEST 2025


Currently Loaded Modules:
  1) StdEnv (S)

  Where:
   S:  Module is Sticky, requires --force to unload or purge

 


The following have been reloaded with a version change:
  1) FFTW/3.3.10-GCC-13.3.0 => FFTW/3.3.10-GCC-11.3.0
  2) FlexiBLAS/3.4.4-GCC-13.3.0 => FlexiBLAS/3.2.0-GCC-11.3.0
  3) GCC/13.3.0 => GCC/11.3.0
  4) GCCcore/13.3.0 => GCCcore/11.3.0
  5) OpenBLAS/0.3.27-GCC-13.3.0 => OpenBLAS/0.3.20-GCC-11.3.0
  6) OpenSSL/3 => OpenSSL/1.1
  7) Python/3.12.3-GCCcore-13.3.0 => Python/3.10.4-GCCcore-11.3.0
  8) SQLite/3.45.3-GCCcore-13.3.0 => SQLite/3.38.3-GCCcore-11.3.0
  9) SciPy-bundle/2024.05-gfbf-2024a => SciPy-bundle/2022.05-foss-2022a
 10) Tcl/8.6.14-GCCcore-13.3.0 => Tcl/8.6.12-GCCcore-11.3.0
 11) XZ/5.4.5-GCCcore-13.3.0 => XZ/5.2.5-GCCcore-11.3.0
 12) binutils/2.42-GCCcore-13.3.0 => binutils/2.38-GCCcore-11.3.0
 13) bzip2/1.0.8-GCCcore-13.3.0 => bzip2/1.0.8-GCCcore-11.3.0
 14) gzip/1.13-GCCcore-13.3.0 => gzip/1.12-GCCcore-11.3.0
 15) libffi/3.4.5-GCCcore-13.3.0 => libffi/3.4.2-GCCcore-11.3.0
 16) libreadline/8.2-GCCcore-13.3.0 => libreadline/8.1.2-GCCcore-11.3.0
 17) lz4/1.9.4-GCCcore-13.3.0 => lz4/1.9.3-GCCcore-11.3.0
 18) ncurses/6.5-GCCcore-13.3.0 => ncurses/6.3-GCCcore-11.3.0
 19) pybind11/2.12.0-GCC-13.3.0 => pybind11/2.9.2-GCCcore-11.3.0
 20) zlib/1.3.1-GCCcore-13.3.0 => zlib/1.2.12-GCCcore-11.3.0
 21) zstd/1.5.6-GCCcore-13.3.0 => zstd/1.5.2-GCCcore-11.3.0

Generating /cluster/projects/nn8008k/lluisa/NextSIM/seas//Fmap/FTLE_dx0.100_dy0.100_dt1.000_grid_ratio0.010/JAS_2006_FTLE.npy
  File "/cluster/home/llpui9007/Programs/FTLE/FTLEIce_seasons.py", line 270
    np.save(results_directory+"/FTLE_"+str(year)+"_"+season+"_".npy", FTLE)
                                                                   ^
SyntaxError: unterminated string literal (detected at line 270)
srun: error: c75-2: task 0: Exited with exit code 1
srun: Terminating StepId=6233943.0

real	0m0.458s
user	0m0.019s
sys	0m0.057s

Job 6233943 consumed 0.1 billing hours from project nn8008k.

Submitted 2025-05-13T13:04:08; waited 10.0 seconds in the queue after becoming eligible to run.

Requested wallclock time: 6.3 hours
Elapsed wallclock time:   6.0 seconds

Job failed.

Task and CPU statistics:
ID              CPUs  Tasks  CPU util                Start  Elapsed  Exit status
6233943           32            0.0 %  2025-05-13T13:04:18    6.0 s  1
6233943.batch     32      1     2.3 %  2025-05-13T13:04:18    6.0 s  1
6233943.python    32      1     0.3 %  2025-05-13T13:04:23    1.0 s  1

Used CPU time:   4.6 CPU seconds
Unused CPU time: 3.1 CPU minutes

Memory statistics, in GiB:
ID               Alloc   Usage
6233943           59.0        
6233943.batch     59.0     0.0
6233943.python    59.0     0.0

Job 6233943 completed at Tue May 13 13:04:24 CEST 2025
Starting job 6234026 on c5-10 on fram at Tue May 13 13:35:22 CEST 2025


Currently Loaded Modules:
  1) StdEnv (S)

  Where:
   S:  Module is Sticky, requires --force to unload or purge

 


The following have been reloaded with a version change:
  1) FFTW/3.3.10-GCC-13.3.0 => FFTW/3.3.10-GCC-11.3.0
  2) FlexiBLAS/3.4.4-GCC-13.3.0 => FlexiBLAS/3.2.0-GCC-11.3.0
  3) GCC/13.3.0 => GCC/11.3.0
  4) GCCcore/13.3.0 => GCCcore/11.3.0
  5) OpenBLAS/0.3.27-GCC-13.3.0 => OpenBLAS/0.3.20-GCC-11.3.0
  6) OpenSSL/3 => OpenSSL/1.1
  7) Python/3.12.3-GCCcore-13.3.0 => Python/3.10.4-GCCcore-11.3.0
  8) SQLite/3.45.3-GCCcore-13.3.0 => SQLite/3.38.3-GCCcore-11.3.0
  9) SciPy-bundle/2024.05-gfbf-2024a => SciPy-bundle/2022.05-foss-2022a
 10) Tcl/8.6.14-GCCcore-13.3.0 => Tcl/8.6.12-GCCcore-11.3.0
 11) XZ/5.4.5-GCCcore-13.3.0 => XZ/5.2.5-GCCcore-11.3.0
 12) binutils/2.42-GCCcore-13.3.0 => binutils/2.38-GCCcore-11.3.0
 13) bzip2/1.0.8-GCCcore-13.3.0 => bzip2/1.0.8-GCCcore-11.3.0
 14) gzip/1.13-GCCcore-13.3.0 => gzip/1.12-GCCcore-11.3.0
 15) libffi/3.4.5-GCCcore-13.3.0 => libffi/3.4.2-GCCcore-11.3.0
 16) libreadline/8.2-GCCcore-13.3.0 => libreadline/8.1.2-GCCcore-11.3.0
 17) lz4/1.9.4-GCCcore-13.3.0 => lz4/1.9.3-GCCcore-11.3.0
 18) ncurses/6.5-GCCcore-13.3.0 => ncurses/6.3-GCCcore-11.3.0
 19) pybind11/2.12.0-GCC-13.3.0 => pybind11/2.9.2-GCCcore-11.3.0
 20) zlib/1.3.1-GCCcore-13.3.0 => zlib/1.2.12-GCCcore-11.3.0
 21) zstd/1.5.6-GCCcore-13.3.0 => zstd/1.5.2-GCCcore-11.3.0

Generating /cluster/projects/nn8008k/lluisa/NextSIM/seas//Fmap/FTLE_dx0.100_dy0.100_dt1.000_grid_ratio0.010/JAS_2006_FTLE.npy

real	3m33.475s
user	0m0.024s
sys	0m0.059s
EBVERSIONNUMACTL=2.0.14
SLURM_JOB_NUM_NODES=1
EBROOTNUMACTL=/cluster/software/numactl/2.0.14-GCCcore-11.3.0
EBDEVELNUMACTL=/cluster/software/numactl/2.0.14-GCCcore-11.3.0/easybuild/numactl-2.0.14-GCCcore-11.3.0-easybuild-devel
OMP_NUM_THREADS=32

Job 6234026 consumed 1.9 billing hours from project nn8008k.

Submitted 2025-05-13T13:35:15; waited 7.0 seconds in the queue after becoming eligible to run.

Requested wallclock time: 6.3 hours
Elapsed wallclock time:   3.6 minutes

Job exited normally.

Task and CPU statistics:
ID              CPUs  Tasks  CPU util                Start  Elapsed  Exit status
6234026           32            0.0 %  2025-05-13T13:35:22  219.0 s  0
6234026.batch     32      1     0.1 %  2025-05-13T13:35:22  219.0 s  0
6234026.python    32      1    34.5 %  2025-05-13T13:35:27  214.0 s  0

Used CPU time:   39.4 CPU minutes
Unused CPU time: 1.3 CPU hours

Memory statistics, in GiB:
ID               Alloc   Usage
6234026           59.0        
6234026.batch     59.0     0.0
6234026.python    59.0    33.1

Job 6234026 completed at Tue May 13 13:39:01 CEST 2025
Starting job 6236960 on c72-6 on fram at Thu May 15 15:51:25 CEST 2025


Currently Loaded Modules:
  1) StdEnv (S)

  Where:
   S:  Module is Sticky, requires --force to unload or purge

 


The following have been reloaded with a version change:
  1) FFTW/3.3.10-GCC-13.3.0 => FFTW/3.3.10-GCC-11.3.0
  2) FlexiBLAS/3.4.4-GCC-13.3.0 => FlexiBLAS/3.2.0-GCC-11.3.0
  3) GCC/13.3.0 => GCC/11.3.0
  4) GCCcore/13.3.0 => GCCcore/11.3.0
  5) OpenBLAS/0.3.27-GCC-13.3.0 => OpenBLAS/0.3.20-GCC-11.3.0
  6) OpenSSL/3 => OpenSSL/1.1
  7) Python/3.12.3-GCCcore-13.3.0 => Python/3.10.4-GCCcore-11.3.0
  8) SQLite/3.45.3-GCCcore-13.3.0 => SQLite/3.38.3-GCCcore-11.3.0
  9) SciPy-bundle/2024.05-gfbf-2024a => SciPy-bundle/2022.05-foss-2022a
 10) Tcl/8.6.14-GCCcore-13.3.0 => Tcl/8.6.12-GCCcore-11.3.0
 11) XZ/5.4.5-GCCcore-13.3.0 => XZ/5.2.5-GCCcore-11.3.0
 12) binutils/2.42-GCCcore-13.3.0 => binutils/2.38-GCCcore-11.3.0
 13) bzip2/1.0.8-GCCcore-13.3.0 => bzip2/1.0.8-GCCcore-11.3.0
 14) gzip/1.13-GCCcore-13.3.0 => gzip/1.12-GCCcore-11.3.0
 15) libffi/3.4.5-GCCcore-13.3.0 => libffi/3.4.2-GCCcore-11.3.0
 16) libreadline/8.2-GCCcore-13.3.0 => libreadline/8.1.2-GCCcore-11.3.0
 17) lz4/1.9.4-GCCcore-13.3.0 => lz4/1.9.3-GCCcore-11.3.0
 18) ncurses/6.5-GCCcore-13.3.0 => ncurses/6.3-GCCcore-11.3.0
 19) pybind11/2.12.0-GCC-13.3.0 => pybind11/2.9.2-GCCcore-11.3.0
 20) zlib/1.3.1-GCCcore-13.3.0 => zlib/1.2.12-GCCcore-11.3.0
 21) zstd/1.5.6-GCCcore-13.3.0 => zstd/1.5.2-GCCcore-11.3.0

Generating /cluster/projects/nn8008k/lluisa/NextSIM/seas//Fmap/FTLE_dx0.100_dy0.100_dt1.000_grid_ratio0.010/JAS_2006_FTLE.npy

real	7m40.487s
user	0m0.025s
sys	0m0.059s
EBVERSIONNUMACTL=2.0.14
SLURM_JOB_NUM_NODES=1
EBROOTNUMACTL=/cluster/software/numactl/2.0.14-GCCcore-11.3.0
EBDEVELNUMACTL=/cluster/software/numactl/2.0.14-GCCcore-11.3.0/easybuild/numactl-2.0.14-GCCcore-11.3.0-easybuild-devel
OMP_NUM_THREADS=32

Job 6236960 consumed 4.2 billing hours from project nn8008k.

Submitted 2025-05-15T15:51:24; waited 1.0 seconds in the queue after becoming eligible to run.

Requested wallclock time: 6.3 hours
Elapsed wallclock time:   7.8 minutes

Job exited normally.

Task and CPU statistics:
ID              CPUs  Tasks  CPU util                Start  Elapsed  Exit status
6236960           32            0.0 %  2025-05-15T15:51:25  468.0 s  0
6236960.batch     32      1     0.0 %  2025-05-15T15:51:25  468.0 s  0
6236960.python    32      1    16.0 %  2025-05-15T15:51:33  460.0 s  0

Used CPU time:   39.4 CPU minutes
Unused CPU time: 3.5 CPU hours

Memory statistics, in GiB:
ID               Alloc   Usage
6236960           59.0        
6236960.batch     59.0     0.0
6236960.python    59.0    34.0

Job 6236960 completed at Thu May 15 15:59:14 CEST 2025
