Starting job 6247517 on c85-10 on fram at Tue May 20 09:42:32 CEST 2025


Currently Loaded Modules:
  1) StdEnv (S)

  Where:
   S:  Module is Sticky, requires --force to unload or purge

 


The following have been reloaded with a version change:
  1) GCCcore/13.3.0 => GCCcore/13.2.0
  2) OpenSSL/3 => OpenSSL/1.1
  3) Python/3.12.3-GCCcore-13.3.0 => Python/3.11.5-GCCcore-13.2.0
  4) SQLite/3.45.3-GCCcore-13.3.0 => SQLite/3.43.1-GCCcore-13.2.0
  5) Tcl/8.6.14-GCCcore-13.3.0 => Tcl/8.6.13-GCCcore-13.2.0
  6) XZ/5.4.5-GCCcore-13.3.0 => XZ/5.4.4-GCCcore-13.2.0
  7) binutils/2.42-GCCcore-13.3.0 => binutils/2.40-GCCcore-13.2.0
  8) bzip2/1.0.8-GCCcore-13.3.0 => bzip2/1.0.8-GCCcore-13.2.0
  9) libffi/3.4.5-GCCcore-13.3.0 => libffi/3.4.4-GCCcore-13.2.0
 10) libreadline/8.2-GCCcore-13.3.0 => libreadline/8.2-GCCcore-13.2.0
 11) ncurses/6.5-GCCcore-13.3.0 => ncurses/6.4-GCCcore-13.2.0
 12) zlib/1.3.1-GCCcore-13.3.0 => zlib/1.2.13-GCCcore-13.2.0

  File "/cluster/work/users/llpui9007/ndaily_runs/clusters/Borders_diff.py", line 177
    print(i)
    ^
IndentationError: expected an indented block after 'for' statement on line 176

Job 6247517 consumed 0.0 billing hours from project nn8008k.

Submitted 2025-05-20T09:42:31; waited 1.0 seconds in the queue after becoming eligible to run.

Requested wallclock time: 10.0 minutes
Elapsed wallclock time:   4.0 seconds

Job failed.

Task and CPU statistics:
ID             CPUs  Tasks  CPU util                Start  Elapsed  Exit status
6247517          32            0.0 %  2025-05-20T09:42:32    4.0 s  1
6247517.batch    32      1     1.5 %  2025-05-20T09:42:32    4.0 s  1

Used CPU time:   2.0 CPU seconds
Unused CPU time: 2.1 CPU minutes

Memory statistics, in GiB:
ID              Alloc   Usage
6247517          59.0        
6247517.batch    59.0     0.0

Job 6247517 completed at Tue May 20 09:42:36 CEST 2025
Starting job 6247518 on c85-10 on fram at Tue May 20 09:44:34 CEST 2025


Currently Loaded Modules:
  1) StdEnv (S)

  Where:
   S:  Module is Sticky, requires --force to unload or purge

 


The following have been reloaded with a version change:
  1) GCCcore/13.3.0 => GCCcore/13.2.0
  2) OpenSSL/3 => OpenSSL/1.1
  3) Python/3.12.3-GCCcore-13.3.0 => Python/3.11.5-GCCcore-13.2.0
  4) SQLite/3.45.3-GCCcore-13.3.0 => SQLite/3.43.1-GCCcore-13.2.0
  5) Tcl/8.6.14-GCCcore-13.3.0 => Tcl/8.6.13-GCCcore-13.2.0
  6) XZ/5.4.5-GCCcore-13.3.0 => XZ/5.4.4-GCCcore-13.2.0
  7) binutils/2.42-GCCcore-13.3.0 => binutils/2.40-GCCcore-13.2.0
  8) bzip2/1.0.8-GCCcore-13.3.0 => bzip2/1.0.8-GCCcore-13.2.0
  9) libffi/3.4.5-GCCcore-13.3.0 => libffi/3.4.4-GCCcore-13.2.0
 10) libreadline/8.2-GCCcore-13.3.0 => libreadline/8.2-GCCcore-13.2.0
 11) ncurses/6.5-GCCcore-13.3.0 => ncurses/6.4-GCCcore-13.2.0
 12) zlib/1.3.1-GCCcore-13.3.0 => zlib/1.2.13-GCCcore-13.2.0

slurmstepd: error: *** JOB 6247518 ON c85-10 CANCELLED AT 2025-05-20T09:46:43 ***

Job 6247518 consumed 1.1 billing hours from project nn8008k.

Submitted 2025-05-20T09:44:33; waited 1.0 seconds in the queue after becoming eligible to run.

Requested wallclock time: 10.0 minutes
Elapsed wallclock time:   2.1 minutes

Job was cancelled.

Task and CPU statistics:
ID             CPUs  Tasks  CPU util                Start  Elapsed  Exit status
6247518          32            0.0 %  2025-05-20T09:44:34  129.0 s  0
6247518.batch    32      1     0.1 %  2025-05-20T09:44:34  130.0 s  Signal 15

Used CPU time:   5.9 CPU seconds
Unused CPU time: 1.1 CPU hours

Memory statistics, in GiB:
ID              Alloc   Usage
6247518          59.0        
6247518.batch    59.0     0.3

Job 6247518 completed at Tue May 20 09:46:46 CEST 2025
Starting job 6247520 on c85-10 on fram at Tue May 20 09:48:06 CEST 2025


Currently Loaded Modules:
  1) StdEnv (S)

  Where:
   S:  Module is Sticky, requires --force to unload or purge

 


The following have been reloaded with a version change:
  1) GCCcore/13.3.0 => GCCcore/13.2.0
  2) OpenSSL/3 => OpenSSL/1.1
  3) Python/3.12.3-GCCcore-13.3.0 => Python/3.11.5-GCCcore-13.2.0
  4) SQLite/3.45.3-GCCcore-13.3.0 => SQLite/3.43.1-GCCcore-13.2.0
  5) Tcl/8.6.14-GCCcore-13.3.0 => Tcl/8.6.13-GCCcore-13.2.0
  6) XZ/5.4.5-GCCcore-13.3.0 => XZ/5.4.4-GCCcore-13.2.0
  7) binutils/2.42-GCCcore-13.3.0 => binutils/2.40-GCCcore-13.2.0
  8) bzip2/1.0.8-GCCcore-13.3.0 => bzip2/1.0.8-GCCcore-13.2.0
  9) libffi/3.4.5-GCCcore-13.3.0 => libffi/3.4.4-GCCcore-13.2.0
 10) libreadline/8.2-GCCcore-13.3.0 => libreadline/8.2-GCCcore-13.2.0
 11) ncurses/6.5-GCCcore-13.3.0 => ncurses/6.4-GCCcore-13.2.0
 12) zlib/1.3.1-GCCcore-13.3.0 => zlib/1.2.13-GCCcore-13.2.0

Traceback (most recent call last):
  File "/cluster/work/users/llpui9007/ndaily_runs/clusters/Borders_diff.py", line 28, in <module>
    import cartopy.crs as ccrs 
    ^^^^^^^^^^^^^^^^^^^^^^^^^^
ModuleNotFoundError: No module named 'cartopy'

Job 6247520 consumed 0.2 billing hours from project nn8008k.

Submitted 2025-05-20T09:47:51; waited 1.0 seconds in the queue after becoming eligible to run.

Requested wallclock time: 10.0 minutes
Elapsed wallclock time:   28.0 seconds

Job failed.

Task and CPU statistics:
ID             CPUs  Tasks  CPU util                Start  Elapsed  Exit status
6247520          32            0.0 %  2025-05-20T09:47:52   28.0 s  1
6247520.batch    32      1     0.5 %  2025-05-20T09:47:52   28.0 s  1

Used CPU time:   4.5 CPU seconds
Unused CPU time: 14.9 CPU minutes

Memory statistics, in GiB:
ID              Alloc   Usage
6247520          59.0        
6247520.batch    59.0     0.2

Job 6247520 completed at Tue May 20 09:48:21 CEST 2025
Starting job 6247521 on c85-10 on fram at Tue May 20 09:49:58 CEST 2025


Currently Loaded Modules:
  1) StdEnv (S)

  Where:
   S:  Module is Sticky, requires --force to unload or purge

 


The following have been reloaded with a version change:
  1) GCCcore/13.3.0 => GCCcore/11.3.0
  2) OpenSSL/3 => OpenSSL/1.1
  3) Python/3.12.3-GCCcore-13.3.0 => Python/3.10.4-GCCcore-11.3.0
  4) SQLite/3.45.3-GCCcore-13.3.0 => SQLite/3.38.3-GCCcore-11.3.0
  5) Tcl/8.6.14-GCCcore-13.3.0 => Tcl/8.6.12-GCCcore-11.3.0
  6) XZ/5.4.5-GCCcore-13.3.0 => XZ/5.2.5-GCCcore-11.3.0
  7) binutils/2.42-GCCcore-13.3.0 => binutils/2.38-GCCcore-11.3.0
  8) bzip2/1.0.8-GCCcore-13.3.0 => bzip2/1.0.8-GCCcore-11.3.0
  9) libffi/3.4.5-GCCcore-13.3.0 => libffi/3.4.2-GCCcore-11.3.0
 10) libreadline/8.2-GCCcore-13.3.0 => libreadline/8.1.2-GCCcore-11.3.0
 11) ncurses/6.5-GCCcore-13.3.0 => ncurses/6.3-GCCcore-11.3.0
 12) zlib/1.3.1-GCCcore-13.3.0 => zlib/1.2.12-GCCcore-11.3.0


Job 6247521 consumed 1.1 billing hours from project nn8008k.

Submitted 2025-05-20T09:49:57; waited 1.0 seconds in the queue after becoming eligible to run.

Requested wallclock time: 10.0 minutes
Elapsed wallclock time:   2.1 minutes

Job exited normally.

Task and CPU statistics:
ID             CPUs  Tasks  CPU util                Start  Elapsed  Exit status
6247521          32            0.0 %  2025-05-20T09:49:58  127.0 s  0
6247521.batch    32      1     0.2 %  2025-05-20T09:49:58  127.0 s  0

Used CPU time:   8.1 CPU seconds
Unused CPU time: 1.1 CPU hours

Memory statistics, in GiB:
ID              Alloc   Usage
6247521          59.0        
6247521.batch    59.0     0.3

Job 6247521 completed at Tue May 20 09:52:05 CEST 2025
Starting job 6247523 on c85-10 on fram at Tue May 20 09:54:02 CEST 2025


Currently Loaded Modules:
  1) StdEnv (S)

  Where:
   S:  Module is Sticky, requires --force to unload or purge

 


The following have been reloaded with a version change:
  1) GCCcore/13.3.0 => GCCcore/11.3.0
  2) OpenSSL/3 => OpenSSL/1.1
  3) Python/3.12.3-GCCcore-13.3.0 => Python/3.10.4-GCCcore-11.3.0
  4) SQLite/3.45.3-GCCcore-13.3.0 => SQLite/3.38.3-GCCcore-11.3.0
  5) Tcl/8.6.14-GCCcore-13.3.0 => Tcl/8.6.12-GCCcore-11.3.0
  6) XZ/5.4.5-GCCcore-13.3.0 => XZ/5.2.5-GCCcore-11.3.0
  7) binutils/2.42-GCCcore-13.3.0 => binutils/2.38-GCCcore-11.3.0
  8) bzip2/1.0.8-GCCcore-13.3.0 => bzip2/1.0.8-GCCcore-11.3.0
  9) libffi/3.4.5-GCCcore-13.3.0 => libffi/3.4.2-GCCcore-11.3.0
 10) libreadline/8.2-GCCcore-13.3.0 => libreadline/8.1.2-GCCcore-11.3.0
 11) ncurses/6.5-GCCcore-13.3.0 => ncurses/6.3-GCCcore-11.3.0
 12) zlib/1.3.1-GCCcore-13.3.0 => zlib/1.2.12-GCCcore-11.3.0

reading
shape of land mask
(492, 499)
2
Traceback (most recent call last):
  File "/cluster/work/users/llpui9007/ndaily_runs/clusters/Borders_diff.py", line 177, in <module>
    plot_clusters_3w(Fmap, i, labels_reweighted, labels_disp, labels, cmap,clusters_file_path+str(i)+"clusters_tmin0.png")
NameError: name 'Fmap' is not defined. Did you mean: 'cmap'?

Job 6247523 consumed 0.1 billing hours from project nn8008k.

Submitted 2025-05-20T09:54:01; waited 1.0 seconds in the queue after becoming eligible to run.

Requested wallclock time: 10.0 minutes
Elapsed wallclock time:   15.0 seconds

Job failed.

Task and CPU statistics:
ID             CPUs  Tasks  CPU util                Start  Elapsed  Exit status
6247523          32            0.0 %  2025-05-20T09:54:02   15.0 s  1
6247523.batch    32      1     1.4 %  2025-05-20T09:54:02   15.0 s  1

Used CPU time:   6.9 CPU seconds
Unused CPU time: 7.9 CPU minutes

Memory statistics, in GiB:
ID              Alloc   Usage
6247523          59.0        
6247523.batch    59.0     0.2

Job 6247523 completed at Tue May 20 09:54:17 CEST 2025
Starting job 6247542 on c85-10 on fram at Tue May 20 10:07:45 CEST 2025


Currently Loaded Modules:
  1) StdEnv (S)

  Where:
   S:  Module is Sticky, requires --force to unload or purge

 


The following have been reloaded with a version change:
  1) GCCcore/13.3.0 => GCCcore/11.3.0
  2) OpenSSL/3 => OpenSSL/1.1
  3) Python/3.12.3-GCCcore-13.3.0 => Python/3.10.4-GCCcore-11.3.0
  4) SQLite/3.45.3-GCCcore-13.3.0 => SQLite/3.38.3-GCCcore-11.3.0
  5) Tcl/8.6.14-GCCcore-13.3.0 => Tcl/8.6.12-GCCcore-11.3.0
  6) XZ/5.4.5-GCCcore-13.3.0 => XZ/5.2.5-GCCcore-11.3.0
  7) binutils/2.42-GCCcore-13.3.0 => binutils/2.38-GCCcore-11.3.0
  8) bzip2/1.0.8-GCCcore-13.3.0 => bzip2/1.0.8-GCCcore-11.3.0
  9) libffi/3.4.5-GCCcore-13.3.0 => libffi/3.4.2-GCCcore-11.3.0
 10) libreadline/8.2-GCCcore-13.3.0 => libreadline/8.1.2-GCCcore-11.3.0
 11) ncurses/6.5-GCCcore-13.3.0 => ncurses/6.3-GCCcore-11.3.0
 12) zlib/1.3.1-GCCcore-13.3.0 => zlib/1.2.12-GCCcore-11.3.0

  File "/cluster/work/users/llpui9007/ndaily_runs/clusters/Borders_diff.py", line 186
    Fmap=np.load(Fmap_path)ile_path
                           ^^^^^^^^
SyntaxError: invalid syntax

Job 6247542 consumed 0.0 billing hours from project nn8008k.

Submitted 2025-05-20T10:07:44; waited 1.0 seconds in the queue after becoming eligible to run.

Requested wallclock time: 10.0 minutes
Elapsed wallclock time:   4.0 seconds

Job failed.

Task and CPU statistics:
ID             CPUs  Tasks  CPU util                Start  Elapsed  Exit status
6247542          32            0.0 %  2025-05-20T10:07:45    4.0 s  1
6247542.batch    32      1     2.9 %  2025-05-20T10:07:45    4.0 s  1

Used CPU time:   3.7 CPU seconds
Unused CPU time: 2.1 CPU minutes

Memory statistics, in GiB:
ID              Alloc   Usage
6247542          59.0        
6247542.batch    59.0     0.0

Job 6247542 completed at Tue May 20 10:07:49 CEST 2025
Starting job 6247543 on c85-10 on fram at Tue May 20 10:08:27 CEST 2025


Currently Loaded Modules:
  1) StdEnv (S)

  Where:
   S:  Module is Sticky, requires --force to unload or purge

 


The following have been reloaded with a version change:
  1) GCCcore/13.3.0 => GCCcore/11.3.0
  2) OpenSSL/3 => OpenSSL/1.1
  3) Python/3.12.3-GCCcore-13.3.0 => Python/3.10.4-GCCcore-11.3.0
  4) SQLite/3.45.3-GCCcore-13.3.0 => SQLite/3.38.3-GCCcore-11.3.0
  5) Tcl/8.6.14-GCCcore-13.3.0 => Tcl/8.6.12-GCCcore-11.3.0
  6) XZ/5.4.5-GCCcore-13.3.0 => XZ/5.2.5-GCCcore-11.3.0
  7) binutils/2.42-GCCcore-13.3.0 => binutils/2.38-GCCcore-11.3.0
  8) bzip2/1.0.8-GCCcore-13.3.0 => bzip2/1.0.8-GCCcore-11.3.0
  9) libffi/3.4.5-GCCcore-13.3.0 => libffi/3.4.2-GCCcore-11.3.0
 10) libreadline/8.2-GCCcore-13.3.0 => libreadline/8.1.2-GCCcore-11.3.0
 11) ncurses/6.5-GCCcore-13.3.0 => ncurses/6.3-GCCcore-11.3.0
 12) zlib/1.3.1-GCCcore-13.3.0 => zlib/1.2.12-GCCcore-11.3.0

reading
shape of land mask
(492, 499)
0
2
Traceback (most recent call last):
  File "/cluster/work/users/llpui9007/ndaily_runs/clusters/Borders_diff.py", line 187, in <module>
    plot_clusters_3w(Fmap, i, labels_reweighted, labels_disp, labels, cmap,clusters_file_path+str(i)+"clusters_tmin"+str(tmin)+".png")
NameError: name 'clusters_file_path' is not defined

Job 6247543 consumed 0.1 billing hours from project nn8008k.

Submitted 2025-05-20T10:08:26; waited 1.0 seconds in the queue after becoming eligible to run.

Requested wallclock time: 10.0 minutes
Elapsed wallclock time:   15.0 seconds

Job failed.

Task and CPU statistics:
ID             CPUs  Tasks  CPU util                Start  Elapsed  Exit status
6247543          32            0.0 %  2025-05-20T10:08:27   15.0 s  1
6247543.batch    32      1     1.5 %  2025-05-20T10:08:27   15.0 s  1

Used CPU time:   7.0 CPU seconds
Unused CPU time: 7.9 CPU minutes

Memory statistics, in GiB:
ID              Alloc   Usage
6247543          59.0        
6247543.batch    59.0     0.2

Job 6247543 completed at Tue May 20 10:08:43 CEST 2025
Starting job 6247544 on c85-10 on fram at Tue May 20 10:09:04 CEST 2025


Currently Loaded Modules:
  1) StdEnv (S)

  Where:
   S:  Module is Sticky, requires --force to unload or purge

 


The following have been reloaded with a version change:
  1) GCCcore/13.3.0 => GCCcore/11.3.0
  2) OpenSSL/3 => OpenSSL/1.1
  3) Python/3.12.3-GCCcore-13.3.0 => Python/3.10.4-GCCcore-11.3.0
  4) SQLite/3.45.3-GCCcore-13.3.0 => SQLite/3.38.3-GCCcore-11.3.0
  5) Tcl/8.6.14-GCCcore-13.3.0 => Tcl/8.6.12-GCCcore-11.3.0
  6) XZ/5.4.5-GCCcore-13.3.0 => XZ/5.2.5-GCCcore-11.3.0
  7) binutils/2.42-GCCcore-13.3.0 => binutils/2.38-GCCcore-11.3.0
  8) bzip2/1.0.8-GCCcore-13.3.0 => bzip2/1.0.8-GCCcore-11.3.0
  9) libffi/3.4.5-GCCcore-13.3.0 => libffi/3.4.2-GCCcore-11.3.0
 10) libreadline/8.2-GCCcore-13.3.0 => libreadline/8.1.2-GCCcore-11.3.0
 11) ncurses/6.5-GCCcore-13.3.0 => ncurses/6.3-GCCcore-11.3.0
 12) zlib/1.3.1-GCCcore-13.3.0 => zlib/1.2.12-GCCcore-11.3.0

reading
shape of land mask
(492, 499)
0
2
3
4
5
6
7
8
9
10
11
12
13
14
15
16
17
18
19
20
21
22
23
24
25
26
27
28
29
30
31
32
33
34
35
36
37
38
39
40
41
42
43
44
45
46
47
48
49
50
51
52
53
54
55
56
57
58
59
60
61
62
63
64
65
66
67
68
69
70
71
72
73
74
75
76
77
78
79
80
81
82
83
84
85
86
87
88
89
90
91
92
93
94
95
96
97
98
99
100
1
2
3
4
5
6
7
8
9
10
11
12
13
14
15
16
17
18
19
20
21
22
23
24
25
26
27
28
29
30
31
32
33
34
35
36
37
38
39
40
41
42
43
44
45
46
47
48
49
50
51
52
53
54
55
56
57
58
59
60
61
62
63
64
65
66
67
68
69
70
71
72
73
74
75
76
77
78
79
80
81
82
83
84
85
86
87
88
89
90
91
92
93
94
95
96
97
98
99
100

Job 6247544 consumed 2.0 billing hours from project nn8008k.

Submitted 2025-05-20T10:09:03; waited 1.0 seconds in the queue after becoming eligible to run.

Requested wallclock time: 10.0 minutes
Elapsed wallclock time:   3.7 minutes

Job exited normally.

Task and CPU statistics:
ID             CPUs  Tasks  CPU util                Start  Elapsed  Exit status
6247544          32            0.0 %  2025-05-20T10:09:04  220.0 s  0
6247544.batch    32      1     2.5 %  2025-05-20T10:09:04  220.0 s  0

Used CPU time:   3.0 CPU minutes
Unused CPU time: 1.9 CPU hours

Memory statistics, in GiB:
ID              Alloc   Usage
6247544          59.0        
6247544.batch    59.0     5.8

Job 6247544 completed at Tue May 20 10:12:44 CEST 2025
Starting job 6247661 on c85-8 on fram at Tue May 20 10:53:28 CEST 2025


Currently Loaded Modules:
  1) StdEnv (S)

  Where:
   S:  Module is Sticky, requires --force to unload or purge

 


The following have been reloaded with a version change:
  1) GCCcore/13.3.0 => GCCcore/11.3.0
  2) OpenSSL/3 => OpenSSL/1.1
  3) Python/3.12.3-GCCcore-13.3.0 => Python/3.10.4-GCCcore-11.3.0
  4) SQLite/3.45.3-GCCcore-13.3.0 => SQLite/3.38.3-GCCcore-11.3.0
  5) Tcl/8.6.14-GCCcore-13.3.0 => Tcl/8.6.12-GCCcore-11.3.0
  6) XZ/5.4.5-GCCcore-13.3.0 => XZ/5.2.5-GCCcore-11.3.0
  7) binutils/2.42-GCCcore-13.3.0 => binutils/2.38-GCCcore-11.3.0
  8) bzip2/1.0.8-GCCcore-13.3.0 => bzip2/1.0.8-GCCcore-11.3.0
  9) libffi/3.4.5-GCCcore-13.3.0 => libffi/3.4.2-GCCcore-11.3.0
 10) libreadline/8.2-GCCcore-13.3.0 => libreadline/8.1.2-GCCcore-11.3.0
 11) ncurses/6.5-GCCcore-13.3.0 => ncurses/6.3-GCCcore-11.3.0
 12) zlib/1.3.1-GCCcore-13.3.0 => zlib/1.2.12-GCCcore-11.3.0

reading
shape of land mask
(492, 499)
0
15
30
1
15
30
2
15
30
3
15
30
4
15
30
5
15
30
6
15
30
7
15
30
8
15
30
9
15
30
10
15
30
11
15
30
12
15
30
13
15
30
14
15
30
15
15
30
16
15
30
17
15
30
18
15
30
19
15
30
20
15
30
21
15
30
22
15
30
23
15
30
24
15
30
25
15
30
26
15
30
27
15
30
28
15
30
29
15
30
30
15
30
31
15
30
32
15
30
33
15
30
34
15
30
35
15
30
36
15
30
37
15
30
38
15
30
39
15
30
40
15
30
41
15
30
42
15
30
43
15
30
44
15
30
45
15
30
46
15
30
47
15
30
48
15
30
49
15
30
50
15
30
51
15
30
52
15
30
53
15
30
54
15
30
55
15
30
56
15
30
57
15
30
58
15
30
59
15
30
60
15
30
61
15
30
62
15
30
63
15
30
64
15
30
65
15
30
66
15
30
67
15
30
68
15
30
69
15
30
70
15
30
71
15
30
72
15
30
73
15
30
74
15
30
75
15
30
76
15
30
77
15
30
78
15
30
79
15
30
80
15
30

Job 6247661 consumed 1.7 billing hours from project nn8008k.

Submitted 2025-05-20T10:53:27; waited 1.0 seconds in the queue after becoming eligible to run.

Requested wallclock time: 10.0 minutes
Elapsed wallclock time:   3.3 minutes

Job exited normally.

Task and CPU statistics:
ID             CPUs  Tasks  CPU util                Start  Elapsed  Exit status
6247661          32            0.0 %  2025-05-20T10:53:28  196.0 s  0
6247661.batch    32      1     2.3 %  2025-05-20T10:53:28  196.0 s  0

Used CPU time:   2.5 CPU minutes
Unused CPU time: 1.7 CPU hours

Memory statistics, in GiB:
ID              Alloc   Usage
6247661          59.0        
6247661.batch    59.0     4.6

Job 6247661 completed at Tue May 20 10:56:44 CEST 2025
Starting job 6247708 on c85-8 on fram at Tue May 20 11:06:23 CEST 2025


Currently Loaded Modules:
  1) StdEnv (S)

  Where:
   S:  Module is Sticky, requires --force to unload or purge

 


The following have been reloaded with a version change:
  1) GCCcore/13.3.0 => GCCcore/11.3.0
  2) OpenSSL/3 => OpenSSL/1.1
  3) Python/3.12.3-GCCcore-13.3.0 => Python/3.10.4-GCCcore-11.3.0
  4) SQLite/3.45.3-GCCcore-13.3.0 => SQLite/3.38.3-GCCcore-11.3.0
  5) Tcl/8.6.14-GCCcore-13.3.0 => Tcl/8.6.12-GCCcore-11.3.0
  6) XZ/5.4.5-GCCcore-13.3.0 => XZ/5.2.5-GCCcore-11.3.0
  7) binutils/2.42-GCCcore-13.3.0 => binutils/2.38-GCCcore-11.3.0
  8) bzip2/1.0.8-GCCcore-13.3.0 => bzip2/1.0.8-GCCcore-11.3.0
  9) libffi/3.4.5-GCCcore-13.3.0 => libffi/3.4.2-GCCcore-11.3.0
 10) libreadline/8.2-GCCcore-13.3.0 => libreadline/8.1.2-GCCcore-11.3.0
 11) ncurses/6.5-GCCcore-13.3.0 => ncurses/6.3-GCCcore-11.3.0
 12) zlib/1.3.1-GCCcore-13.3.0 => zlib/1.2.12-GCCcore-11.3.0

reading
shape of land mask
(492, 499)
0
15
Traceback (most recent call last):
  File "/cluster/work/users/llpui9007/ndaily_runs/clusters/Borders_diff.py", line 188, in <module>
    plot_clusters_3w(Fmap, i, labels_reweighted, labels_disp, labels, cmap,clusters_dir+str(i)+"clusters_tmin"+str(tmin)+".png")
TypeError: plot_clusters_3w() missing 1 required positional argument: 'tmin'

Job 6247708 consumed 0.1 billing hours from project nn8008k.

Submitted 2025-05-20T11:06:22; waited 1.0 seconds in the queue after becoming eligible to run.

Requested wallclock time: 10.0 minutes
Elapsed wallclock time:   13.0 seconds

Job failed.

Task and CPU statistics:
ID             CPUs  Tasks  CPU util                Start  Elapsed  Exit status
6247708          32            0.0 %  2025-05-20T11:06:23   13.0 s  1
6247708.batch    32      1     1.6 %  2025-05-20T11:06:23   13.0 s  1

Used CPU time:   6.7 CPU seconds
Unused CPU time: 6.8 CPU minutes

Memory statistics, in GiB:
ID              Alloc   Usage
6247708          59.0        
6247708.batch    59.0     0.2

Job 6247708 completed at Tue May 20 11:06:36 CEST 2025
Starting job 6247710 on c85-8 on fram at Tue May 20 11:09:02 CEST 2025


Currently Loaded Modules:
  1) StdEnv (S)

  Where:
   S:  Module is Sticky, requires --force to unload or purge

 


The following have been reloaded with a version change:
  1) GCCcore/13.3.0 => GCCcore/11.3.0
  2) OpenSSL/3 => OpenSSL/1.1
  3) Python/3.12.3-GCCcore-13.3.0 => Python/3.10.4-GCCcore-11.3.0
  4) SQLite/3.45.3-GCCcore-13.3.0 => SQLite/3.38.3-GCCcore-11.3.0
  5) Tcl/8.6.14-GCCcore-13.3.0 => Tcl/8.6.12-GCCcore-11.3.0
  6) XZ/5.4.5-GCCcore-13.3.0 => XZ/5.2.5-GCCcore-11.3.0
  7) binutils/2.42-GCCcore-13.3.0 => binutils/2.38-GCCcore-11.3.0
  8) bzip2/1.0.8-GCCcore-13.3.0 => bzip2/1.0.8-GCCcore-11.3.0
  9) libffi/3.4.5-GCCcore-13.3.0 => libffi/3.4.2-GCCcore-11.3.0
 10) libreadline/8.2-GCCcore-13.3.0 => libreadline/8.1.2-GCCcore-11.3.0
 11) ncurses/6.5-GCCcore-13.3.0 => ncurses/6.3-GCCcore-11.3.0
 12) zlib/1.3.1-GCCcore-13.3.0 => zlib/1.2.12-GCCcore-11.3.0

reading
shape of land mask
(492, 499)
0
15
30
1
15
30
2
15
30
3
15
30
4
15
30
5
15
30
6
15
30
7
15
30
8
15
30
9
15
30
10
15
30
11
15
30
12
15
30
13
15
30
14
15
30
15
15
30
16
15
30
17
15
30
18
15
30
19
15
30
20
15
30
21
15
30
22
15
30
23
15
30
24
15
30
25
15
30
26
15
30
27
15
30
28
15
30
29
15
30
30
15
30
31
15
30
32
15
30
33
15
30
34
15
30
35
15
30
36
15
30
37
15
30
38
15
30
39
15
30
40
15
30
41
15
30
42
15
30
43
15
30
44
15
30
45
15
30
46
15
30
47
15
30
48
15
30
49
15
30
50
15
30
51
15
30
52
15
30
53
15
30
54
15
30
55
15
30
56
15
30
57
15
30
58
15
30
59
15
30
60
15
30
61
15
30
62
15
30
63
15
30
64
15
30
65
15
30
66
15
30
67
15
30
68
15
30
69
15
30
70
15
30
71
15
30
72
15
30
73
15
30
74
15
30
75
15
30
76
15
30
77
15
30
78
15
30
79
15
30
80
15
30

Job 6247710 consumed 1.5 billing hours from project nn8008k.

Submitted 2025-05-20T11:09:01; waited 1.0 seconds in the queue after becoming eligible to run.

Requested wallclock time: 10.0 minutes
Elapsed wallclock time:   2.8 minutes

Job exited normally.

Task and CPU statistics:
ID             CPUs  Tasks  CPU util                Start  Elapsed  Exit status
6247710          32            0.0 %  2025-05-20T11:09:02  170.0 s  0
6247710.batch    32      1     2.7 %  2025-05-20T11:09:02  170.0 s  0

Used CPU time:   2.4 CPU minutes
Unused CPU time: 1.5 CPU hours

Memory statistics, in GiB:
ID              Alloc   Usage
6247710          59.0        
6247710.batch    59.0     4.6

Job 6247710 completed at Tue May 20 11:11:52 CEST 2025
